IQ-TREE version 3.0.1 for Linux x86 64-bit built Jul  9 2025
Developed by Bui Quang Minh, Thomas Wong, Nhan Ly-Trong, Huaiyan Ren
Contributed by Lam-Tung Nguyen, Dominik Schrempf, Chris Bielow,
Olga Chernomor, Michael Woodhams, Diep Thi Hoang, Heiko Schmidt

Host:    c0710a-s29.ufhpc (AVX2, FMA3, 503 GB RAM)
Command: iqtree -s results_moss_new/06_alignment/Best/trimmed/G5949.trimmed.aln --prefix results_moss_new/07_phylogeny/Best/G5949 -m MFP -B 1000 -T AUTO
Seed:    998361 (Using SPRNG - Scalable Parallel Random Number Generator)
Time:    Thu Jun 11 22:28:02 2026
Kernel:  AVX+FMA - auto-detect threads (8 CPU cores detected)

Reading alignment file results_moss_new/06_alignment/Best/trimmed/G5949.trimmed.aln ... Fasta format detected
Reading fasta file: done in 0.000416277 secs
Alignment most likely contains DNA/RNA sequences
Constructing alignment: done in 0.00110974 secs using 85.61% CPU
Alignment has 10 sequences with 3439 columns, 1595 distinct patterns
954 parsimony-informative, 923 singleton sites, 1562 constant sites
                  Gap/Ambiguity  Composition  p-value
Analyzing sequences: done in 2.8363e-05 secs using 98.72% CPU
   1  S0015_G5949_R1_A   36.03%    passed     51.64%
   2  S0008_G5949_R1_A   37.89%    passed     32.55%
   3  S0034_G5949_R1_A   36.26%    passed      9.42%
   4  S0009_G5949_R1_A   38.35%    failed      0.39%
   5  S0010_G5949_R1_A   38.27%    failed      0.71%
   6  S0014_G5949_R1_U   36.29%    failed      0.06%
   7  S0027_G5949_R1_A   36.73%    passed     53.69%
   8  S0051_G5949_R1_A   36.81%    failed      0.33%
   9  S0039_G5949_R1_A   36.78%    failed      0.32%
  10  S0003_G5949_R1_N   40.33%    passed     18.79%
****  TOTAL              37.37%  5 sequences failed composition chi2 test (p-value<5%; df=3)
Checking for duplicate sequences: done in 3.5858e-05 secs using 100.4% CPU


Create initial parsimony tree by phylogenetic likelihood library (PLL)... 0.001 seconds
Measuring multi-threading efficiency up to 8 CPU cores
Increase to 10 rounds for branch lengths
484 trees examined
Threads: 1 / Time: 8.002 sec / Speedup: 1.000 / Efficiency: 100% / LogL: -18154
Threads: 2 / Time: 28.887 sec / Speedup: 0.277 / Efficiency: 14% / LogL: -18154
Determining AUTO threadcount: done in 36.8898 secs using 99.29% CPU
BEST NUMBER OF THREADS: 1

Perform fast likelihood tree search using GTR+I+G model...
Estimate model parameters (epsilon = 5.000)
Perform nearest neighbor interchange...
Optimizing NNI: done in 0.00748574 secs using 98.76% CPU
Estimate model parameters (epsilon = 1.000)
1. Initial log-likelihood: -15675.270
2. Current log-likelihood: -15673.567
3. Current log-likelihood: -15672.180
4. Current log-likelihood: -15671.090
Optimal log-likelihood: -15670.214
Rate parameters:  A-C: 1.30121  A-G: 2.78693  A-T: 0.94806  C-G: 1.24671  C-T: 3.54728  G-T: 1.00000
Base frequencies:  A: 0.254  C: 0.199  G: 0.240  T: 0.306
Proportion of invariable sites: 0.138
Gamma shape alpha: 2.988
Parameters optimization took 4 rounds (0.046 sec)
Time for fast ML tree search: 0.150 seconds

NOTE: ModelFinder requires 11 MB RAM!
ModelFinder will test up to 968 DNA models (sample size: 3439 epsilon: 0.100) ...
 No. Model         -LnL         df  AIC          AICc         BIC
  1  JC            16072.568    17  32179.135    32179.314    32283.565
  2  JC+I          15990.022    18  32016.044    32016.244    32126.617
  3  JC+G4         15968.304    18  31972.608    31972.808    32083.181
  4  JC+I+G4       15970.629    19  31979.258    31979.481    32095.974
  5  JC+R2         15970.743    19  31979.485    31979.708    32096.201
  6  JC+R3         15968.605    21  31979.211    31979.481    32108.212
 14  JC+I+R2       15968.611    20  31977.221    31977.467    32100.080
 15  JC+I+R3       15966.492    22  31976.984    31977.280    32112.129
 25  JC+G4         15968.304    18  31972.608    31972.808    32083.181
 47  F81+G4        15968.297    18  31972.594    31972.794    32083.167
 69  F81+F+G4      15914.860    21  31871.721    31871.991    32000.722
 91  K2P+G4        15743.067    19  31524.134    31524.356    31640.849
113  K2P+G4        15743.067    19  31524.134    31524.356    31640.849
135  HKY+G4        15743.065    19  31524.129    31524.352    31640.845
157  HKY+F+G4      15674.715    22  31393.431    31393.727    31528.575
179  TNe+G4        15738.573    20  31517.147    31517.393    31640.006
201  TNe+G4        15738.573    20  31517.147    31517.393    31640.006
223  TN+G4         15738.573    20  31517.145    31517.391    31640.004
245  TN+F+G4       15668.501    23  31383.003    31383.326    31524.290
267  K3P+G4        15742.933    20  31525.865    31526.111    31648.724
289  K3P+G4        15742.933    20  31525.865    31526.111    31648.724
311  K3Pu+G4       15742.932    20  31525.864    31526.110    31648.723
333  K3Pu+F+G4     15674.470    23  31394.939    31395.263    31536.227
355  TPM2+G4       15742.993    20  31525.986    31526.232    31648.845
377  TPM2+G4       15742.993    20  31525.986    31526.232    31648.845
399  TPM2u+G4      15742.993    20  31525.986    31526.232    31648.845
421  TPM2u+F+G4    15674.684    23  31395.367    31395.691    31536.655
443  TPM3+G4       15742.513    20  31525.025    31525.271    31647.884
465  TPM3+G4       15742.513    20  31525.025    31525.271    31647.884
487  TPM3u+G4      15742.512    20  31525.024    31525.270    31647.883
509  TPM3u+F+G4    15669.617    23  31385.234    31385.557    31526.522
531  TIMe+G4       15738.439    21  31518.879    31519.149    31647.881
553  TIMe+G4       15738.439    21  31518.879    31519.149    31647.881
575  TIM+G4        15738.438    21  31518.877    31519.147    31647.879
597  TIM+F+G4      15668.259    24  31384.517    31384.869    31531.948
619  TIM2e+G4      15738.498    21  31518.995    31519.266    31647.997
641  TIM2e+G4      15738.498    21  31518.995    31519.266    31647.997
663  TIM2+G4       15738.497    21  31518.994    31519.264    31647.995
685  TIM2+F+G4     15668.479    24  31384.958    31385.310    31532.389
707  TIM3e+G4      15738.016    21  31518.032    31518.302    31647.034
729  TIM3e+G4      15738.016    21  31518.032    31518.302    31647.034
751  TIM3+G4       15738.014    21  31518.028    31518.299    31647.030
773  TIM3+F+G4     15663.101    24  31374.202    31374.553    31521.632
795  TVMe+G4       15742.273    22  31528.546    31528.842    31663.690
817  TVMe+G4       15742.273    22  31528.546    31528.842    31663.690
839  TVM+G4        15742.272    22  31528.543    31528.840    31663.688
861  TVM+F+G4      15669.407    25  31388.815    31389.196    31542.388
883  SYM+G4        15737.768    23  31521.536    31521.859    31662.824
905  SYM+G4        15737.768    23  31521.536    31521.859    31662.824
927  GTR+G4        15737.766    23  31521.532    31521.855    31662.819
949  GTR+F+G4      15662.896    26  31377.791    31378.203    31537.508
Akaike Information Criterion:           TIM3+F+G4
Corrected Akaike Information Criterion: TIM3+F+G4
Bayesian Information Criterion:         TIM3+F+G4
Best-fit model: TIM3+F+G4 chosen according to BIC

All model information printed to results_moss_new/07_phylogeny/Best/G5949.model.gz
CPU time for ModelFinder: 37.806 seconds (0h:0m:37s)
Wall-clock time for ModelFinder: 38.087 seconds (0h:0m:38s)
Generating 1000 samples for ultrafast bootstrap (seed: 998361)...

NOTE: 8 MB RAM (0 GB) is required!
Estimate model parameters (epsilon = 0.100)
1. Initial log-likelihood: -15663.101
Optimal log-likelihood: -15663.100
Rate parameters:  A-C: 1.32346  A-G: 2.87657  A-T: 1.00000  C-G: 1.32346  C-T: 3.74171  G-T: 1.00000
Base frequencies:  A: 0.254  C: 0.199  G: 0.240  T: 0.306
Gamma shape alpha: 1.270
Parameters optimization took 1 rounds (0.007 sec)
Wrote distance file to... 
Computing ML distances based on estimated model parameters...
Calculating distance matrix: done in 0.000480407 secs using 99.5% CPU
Computing ML distances took 0.000547 sec (of wall-clock time) 0.000548 sec (of CPU time)
Setting up auxiliary I and S matrices: done in 1.8975e-05 secs using 100.1% CPU
Constructing RapidNJ tree: done in 2.62889e-05 secs using 209.2% CPU
Computing RapidNJ tree took 0.000071 sec (of wall-clock time) 0.000100 sec (of CPU time)
Log-likelihood of RapidNJ tree: -15708.003
--------------------------------------------------------------------
|             INITIALIZING CANDIDATE TREE SET                      |
--------------------------------------------------------------------
Generating 98 parsimony trees... 0.074 second
Computing log-likelihood of 87 initial trees ... 0.204 seconds
Current best score: -15663.100

Do NNI search on 20 best initial trees
Optimizing NNI: done in 0.00989799 secs using 99.24% CPU
Estimate model parameters (epsilon = 0.100)
BETTER TREE FOUND at iteration 1: -15663.100
Optimizing NNI: done in 0.0197313 secs using 99.12% CPU
Optimizing NNI: done in 0.0195158 secs using 99.23% CPU
Optimizing NNI: done in 0.0195171 secs using 98.95% CPU
Optimizing NNI: done in 0.0166331 secs using 99.1% CPU
Optimizing NNI: done in 0.0194235 secs using 98.92% CPU
Optimizing NNI: done in 0.0197973 secs using 94.02% CPU
Optimizing NNI: done in 0.0202766 secs using 96.37% CPU
Optimizing NNI: done in 0.0206351 secs using 99.09% CPU
Optimizing NNI: done in 0.0208196 secs using 99.22% CPU
Iteration 10 / LogL: -15665.697 / Time: 0h:0m:38s
Optimizing NNI: done in 0.0210089 secs using 94.37% CPU
Optimizing NNI: done in 0.0299635 secs using 99% CPU
Optimizing NNI: done in 0.0209591 secs using 99.17% CPU
Optimizing NNI: done in 0.0207938 secs using 99.3% CPU
Optimizing NNI: done in 0.0368725 secs using 99.32% CPU
Optimizing NNI: done in 0.0275106 secs using 99.17% CPU
Optimizing NNI: done in 0.0207097 secs using 99.2% CPU
Optimizing NNI: done in 0.0300162 secs using 99.34% CPU
Optimizing NNI: done in 0.0206135 secs using 99.36% CPU
Optimizing NNI: done in 0.0214281 secs using 99.15% CPU
Iteration 20 / LogL: -15667.291 / Time: 0h:0m:38s
Finish initializing candidate tree set (1)
Current best tree score: -15663.100 / CPU time: 0.736
Number of iterations: 20
--------------------------------------------------------------------
|               OPTIMIZING CANDIDATE TREE SET                      |
--------------------------------------------------------------------
Optimizing NNI: done in 0.0335186 secs using 96.09% CPU
Optimizing NNI: done in 0.0360763 secs using 98.94% CPU
Optimizing NNI: done in 0.0167252 secs using 99.06% CPU
Optimizing NNI: done in 0.0176852 secs using 98.38% CPU
Optimizing NNI: done in 0.0160187 secs using 99.1% CPU
UPDATE BEST LOG-LIKELIHOOD: -15663.100
Optimizing NNI: done in 0.0272641 secs using 94.93% CPU
Optimizing NNI: done in 0.0288133 secs using 99.02% CPU
Optimizing NNI: done in 0.0227783 secs using 99.07% CPU
Optimizing NNI: done in 0.0189888 secs using 93.77% CPU
Optimizing NNI: done in 0.0178235 secs using 99.22% CPU
Iteration 30 / LogL: -15675.144 / Time: 0h:0m:39s (0h:0m:2s left)
Optimizing NNI: done in 0.0271529 secs using 99.16% CPU
Optimizing NNI: done in 0.027601 secs using 99.19% CPU
Optimizing NNI: done in 0.0235073 secs using 99.25% CPU
Optimizing NNI: done in 0.0238204 secs using 99.22% CPU
Optimizing NNI: done in 0.0137384 secs using 99.13% CPU
UPDATE BEST LOG-LIKELIHOOD: -15663.100
Optimizing NNI: done in 0.0284378 secs using 85.03% CPU
Optimizing NNI: done in 0.0585329 secs using 55.06% CPU
Optimizing NNI: done in 0.0967159 secs using 45.82% CPU
Optimizing NNI: done in 0.0310923 secs using 57.79% CPU
Optimizing NNI: done in 0.0268402 secs using 51.26% CPU
UPDATE BEST LOG-LIKELIHOOD: -15663.100
Iteration 40 / LogL: -15663.100 / Time: 0h:0m:39s (0h:0m:2s left)
Optimizing NNI: done in 0.0305628 secs using 56.96% CPU
Optimizing NNI: done in 0.0523351 secs using 49.9% CPU
Optimizing NNI: done in 0.0739409 secs using 46.77% CPU
Optimizing NNI: done in 0.0294563 secs using 55.31% CPU
UPDATE BEST LOG-LIKELIHOOD: -15663.100
Optimizing NNI: done in 0.0297513 secs using 55.76% CPU
Optimizing NNI: done in 0.0748458 secs using 47.51% CPU
Optimizing NNI: done in 0.0171569 secs using 99.07% CPU
Optimizing NNI: done in 0.0179835 secs using 99.06% CPU
Optimizing NNI: done in 0.0160137 secs using 99.21% CPU
Optimizing NNI: done in 0.0257277 secs using 99.13% CPU
Iteration 50 / LogL: -15665.726 / Time: 0h:0m:40s (0h:0m:2s left)
Log-likelihood cutoff on original alignment: -15690.831
Optimizing NNI: done in 0.0332411 secs using 98.95% CPU
Optimizing NNI: done in 0.0253545 secs using 98.02% CPU
Optimizing NNI: done in 0.0263091 secs using 98.87% CPU
Optimizing NNI: done in 0.0175449 secs using 99.01% CPU
Optimizing NNI: done in 0.0177456 secs using 93.45% CPU
Optimizing NNI: done in 0.0172438 secs using 99.12% CPU
Optimizing NNI: done in 0.0189343 secs using 99.13% CPU
Optimizing NNI: done in 0.0264214 secs using 99.14% CPU
Optimizing NNI: done in 0.018855 secs using 99% CPU
Optimizing NNI: done in 0.0151452 secs using 99.03% CPU
Iteration 60 / LogL: -15663.100 / Time: 0h:0m:40s (0h:0m:1s left)
Optimizing NNI: done in 0.0441199 secs using 99.15% CPU
Optimizing NNI: done in 0.0375778 secs using 83.63% CPU
Optimizing NNI: done in 0.0259428 secs using 99.07% CPU
Optimizing NNI: done in 0.034655 secs using 99.16% CPU
Optimizing NNI: done in 0.0263859 secs using 99.29% CPU
Optimizing NNI: done in 0.0259614 secs using 95.38% CPU
Optimizing NNI: done in 0.0278169 secs using 98.89% CPU
Optimizing NNI: done in 0.0237982 secs using 99.04% CPU
Optimizing NNI: done in 0.027596 secs using 99.13% CPU
Optimizing NNI: done in 0.0268158 secs using 99.22% CPU
Iteration 70 / LogL: -15664.917 / Time: 0h:0m:40s (0h:0m:1s left)
Optimizing NNI: done in 0.036149 secs using 99.27% CPU
Optimizing NNI: done in 0.0258021 secs using 99.21% CPU
Optimizing NNI: done in 0.0236676 secs using 99.06% CPU
Optimizing NNI: done in 0.0324676 secs using 98.95% CPU
Optimizing NNI: done in 0.0402204 secs using 99.03% CPU
Optimizing NNI: done in 0.0407315 secs using 96.64% CPU
Optimizing NNI: done in 0.0271821 secs using 95.33% CPU
Optimizing NNI: done in 0.0339583 secs using 96.15% CPU
Optimizing NNI: done in 0.0215022 secs using 75.89% CPU
Optimizing NNI: done in 0.0489108 secs using 46.53% CPU
Iteration 80 / LogL: -15663.580 / Time: 0h:0m:40s (0h:0m:0s left)
Optimizing NNI: done in 0.0545169 secs using 52.09% CPU
Optimizing NNI: done in 0.0497475 secs using 45.32% CPU
Optimizing NNI: done in 0.0520691 secs using 49.64% CPU
Optimizing NNI: done in 0.0522693 secs using 49.87% CPU
Optimizing NNI: done in 0.0388265 secs using 65.93% CPU
Optimizing NNI: done in 0.0140004 secs using 99.35% CPU
Optimizing NNI: done in 0.025956 secs using 99.29% CPU
Optimizing NNI: done in 0.026384 secs using 99.16% CPU
Optimizing NNI: done in 0.0266947 secs using 99.29% CPU
Optimizing NNI: done in 0.0170334 secs using 99.33% CPU
Iteration 90 / LogL: -15680.270 / Time: 0h:0m:41s (0h:0m:0s left)
Optimizing NNI: done in 0.0159093 secs using 99.11% CPU
Optimizing NNI: done in 0.0430341 secs using 99.2% CPU
Optimizing NNI: done in 0.0272532 secs using 51.92% CPU
Optimizing NNI: done in 0.0306783 secs using 57.06% CPU
Optimizing NNI: done in 0.0368169 secs using 49.28% CPU
Optimizing NNI: done in 0.0525925 secs using 50.15% CPU
Optimizing NNI: done in 0.0702853 secs using 49.57% CPU
Optimizing NNI: done in 0.0309223 secs using 57.46% CPU
Optimizing NNI: done in 0.0439694 secs using 40.51% CPU
Optimizing NNI: done in 0.0289771 secs using 54.52% CPU
Iteration 100 / LogL: -15663.100 / Time: 0h:0m:41s (0h:0m:0s left)
Log-likelihood cutoff on original alignment: -15690.831
NOTE: Bootstrap correlation coefficient of split occurrence frequencies: 1.000
Optimizing NNI: done in 0.0315391 secs using 58.03% CPU
Optimizing NNI: done in 0.0209599 secs using 37.62% CPU
TREE SEARCH COMPLETED AFTER 102 ITERATIONS / Time: 0h:0m:41s

--------------------------------------------------------------------
|                    FINALIZING TREE SEARCH                        |
--------------------------------------------------------------------
Performs final model parameters optimization
Estimate model parameters (epsilon = 0.010)
1. Initial log-likelihood: -15663.100
Optimal log-likelihood: -15663.100
Rate parameters:  A-C: 1.32457  A-G: 2.87802  A-T: 1.00000  C-G: 1.32457  C-T: 3.74353  G-T: 1.00000
Base frequencies:  A: 0.254  C: 0.199  G: 0.240  T: 0.306
Gamma shape alpha: 1.270
Parameters optimization took 1 rounds (0.008 sec)
BEST SCORE FOUND : -15663.100
Creating bootstrap support values...
Split supports printed to NEXUS file results_moss_new/07_phylogeny/Best/G5949.splits.nex
Total tree length: 2.489

Total number of iterations: 102
CPU time used for tree search: 2.873 sec (0h:0m:2s)
Wall-clock time used for tree search: 3.662 sec (0h:0m:3s)
Total CPU time used: 40.776 sec (0h:0m:40s)
Total wall-clock time used: 41.886 sec (0h:0m:41s)

Computing bootstrap consensus tree...
Reading input file results_moss_new/07_phylogeny/Best/G5949.splits.nex...
10 taxa and 23 splits.
Consensus tree written to results_moss_new/07_phylogeny/Best/G5949.contree
Reading input trees file results_moss_new/07_phylogeny/Best/G5949.contree
Log-likelihood of consensus tree: -15663.100

Analysis results written to: 
  IQ-TREE report:                results_moss_new/07_phylogeny/Best/G5949.iqtree
  Maximum-likelihood tree:       results_moss_new/07_phylogeny/Best/G5949.treefile
  Likelihood distances:          results_moss_new/07_phylogeny/Best/G5949.mldist

Ultrafast bootstrap approximation results written to:
  Split support values:          results_moss_new/07_phylogeny/Best/G5949.splits.nex
  Consensus tree:                results_moss_new/07_phylogeny/Best/G5949.contree
  Screen log file:               results_moss_new/07_phylogeny/Best/G5949.log

Date and Time: Thu Jun 11 22:28:44 2026
