IQ-TREE version 3.0.1 for Linux x86 64-bit built Jul  9 2025
Developed by Bui Quang Minh, Thomas Wong, Nhan Ly-Trong, Huaiyan Ren
Contributed by Lam-Tung Nguyen, Dominik Schrempf, Chris Bielow,
Olga Chernomor, Michael Woodhams, Diep Thi Hoang, Heiko Schmidt

Host:    c0700a-s19.ufhpc (AVX2, FMA3, 1007 GB RAM)
Command: iqtree -s results/06_alignment/Not_sex_linked/trimmed/G4603.trimmed.aln --prefix results/07_phylogeny/Not_sex_linked/G4603 -m TEST -B 1000 -nt 4 -redo
Seed:    429073 (Using SPRNG - Scalable Parallel Random Number Generator)
Time:    Wed May 27 21:39:32 2026
Kernel:  AVX+FMA - 4 threads (8 CPU cores detected)

Reading alignment file results/06_alignment/Not_sex_linked/trimmed/G4603.trimmed.aln ... Fasta format detected
Reading fasta file: done in 0.00129561 secs
Alignment most likely contains DNA/RNA sequences
Constructing alignment: done in 0.00161622 secs using 379.8% CPU
Alignment has 22 sequences with 2534 columns, 1141 distinct patterns
494 parsimony-informative, 699 singleton sites, 1341 constant sites
                  Gap/Ambiguity  Composition  p-value
Analyzing sequences: done in 7.18252e-05 secs using 48.73% CPU
   1  S0012_G4603_R1_A   26.64%    failed      0.10%
   2  S0005_G4603_R1_A   28.85%    failed      0.55%
   3  S0026_G4603_R1_A   28.06%    failed      0.12%
   4  S0037_G4603_R1_A   31.10%    passed      5.18%
   5  S0022_G4603_R1_A   34.14%    passed     49.92%
   6  S0016_G4603_R1_A   28.02%    passed     70.38%
   7  S0019_G4603_R1_A    4.10%    passed     98.48%
   8  S0020_G4603_R1_A    1.78%    passed     92.61%
   9  S0036_G4603_R1_A    0.63%    passed     86.00%
  10  S0021_G4603_R1_A    0.59%    passed     87.90%
  11  S0046_G4603_R1_A    2.33%    passed     93.24%
  12  S0028_G4603_R1_A    2.88%    passed     69.06%
  13  S0030_G4603_R1_A   14.88%    passed     57.42%
  14  S0011_G4603_R1_A   13.97%    passed     13.90%
  15  S0018_G4603_R1_A   13.81%    passed     15.06%
  16  S0031_G4603_R1_A   13.69%    passed     40.76%
  17  S0017_G4603_R1_A   14.56%    passed     81.01%
  18  S0013_G4603_R1_A   15.79%    passed     40.13%
  19  S0002_G4603_R1_A    3.71%    passed     99.94%
  20  S0004_G4603_R1_A    6.95%    passed     91.89%
  21  S0048_G4603_R1_A    1.18%    passed     60.79%
  22  S0050_G4603_R1_A    0.59%    passed     76.46%
****  TOTAL              13.10%  3 sequences failed composition chi2 test (p-value<5%; df=3)
Checking for duplicate sequences: done in 0.000126577 secs using 99.54% CPU


Create initial parsimony tree by phylogenetic likelihood library (PLL)... 0.003 seconds
Perform fast likelihood tree search using GTR+I+G model...
Estimate model parameters (epsilon = 5.000)
Perform nearest neighbor interchange...
Optimizing NNI: done in 0.0380248 secs using 392.3% CPU
Estimate model parameters (epsilon = 1.000)
1. Initial log-likelihood: -14285.349
Optimal log-likelihood: -14285.087
Rate parameters:  A-C: 0.80087  A-G: 2.68051  A-T: 1.11587  C-G: 0.75051  C-T: 2.96140  G-T: 1.00000
Base frequencies:  A: 0.290  C: 0.196  G: 0.224  T: 0.290
Proportion of invariable sites: 0.245
Gamma shape alpha: 1.849
Parameters optimization took 1 rounds (0.026 sec)
Time for fast ML tree search: 0.156 seconds

NOTE: ModelFinder requires 7 MB RAM!
ModelFinder will test up to 176 DNA models (sample size: 2534 epsilon: 0.100) ...
 No. Model         -LnL         df  AIC          AICc         BIC
  1  JC            14841.939    41  29765.877    29767.259    30005.217
  2  JC+I          14668.926    42  29421.853    29423.303    29667.030
  3  JC+G4         14630.177    42  29344.354    29345.804    29589.531
  4  JC+I+G4       14632.497    43  29350.994    29352.514    29602.009
  7  JC+G4         14630.177    42  29344.354    29345.804    29589.531
 11  F81+G4        14630.177    42  29344.353    29345.803    29589.531
 15  F81+F+G4      14567.402    45  29224.803    29226.467    29487.493
 19  K2P+G4        14369.356    43  28824.712    28826.232    29075.727
 23  K2P+G4        14369.356    43  28824.712    28826.232    29075.727
 27  HKY+G4        14369.356    43  28824.712    28826.232    29075.727
 31  HKY+F+G4      14291.780    46  28675.559    28677.298    28944.087
 35  TNe+G4        14369.314    44  28826.627    28828.218    29083.480
 39  TNe+G4        14369.314    44  28826.627    28828.218    29083.479
 43  TN+G4         14369.314    44  28826.627    28828.218    29083.479
 47  TN+F+G4       14290.474    47  28674.948    28676.763    28949.313
 51  K3P+G4        14366.956    44  28821.912    28823.503    29078.764
 55  K3P+G4        14366.956    44  28821.912    28823.503    29078.764
 59  K3Pu+G4       14366.956    44  28821.912    28823.503    29078.764
 63  K3Pu+F+G4     14290.929    47  28675.858    28677.673    28950.223
 67  TPM2+G4       14362.073    44  28812.147    28813.738    29068.999
 71  TPM2+G4       14362.073    44  28812.147    28813.738    29068.999
 75  TPM2u+G4      14362.073    44  28812.146    28813.737    29068.999
 79  TPM2u+F+G4    14290.817    47  28675.633    28677.448    28949.998
 83  TPM3+G4       14340.146    44  28768.291    28769.882    29025.144
 87  TPM3+G4       14340.146    44  28768.291    28769.882    29025.143
 91  TPM3u+G4      14340.145    44  28768.291    28769.882    29025.143
 95  TPM3u+F+G4    14284.152    47  28662.303    28664.118    28936.668
 99  TIMe+G4       14366.913    45  28823.827    28825.491    29086.517
103  TIMe+G4       14366.913    45  28823.827    28825.491    29086.517
107  TIM+G4        14366.913    45  28823.827    28825.491    29086.517
111  TIM+F+G4      14289.626    48  28675.251    28677.144    28955.454
115  TIM2e+G4      14362.050    45  28814.101    28815.765    29076.791
119  TIM2e+G4      14362.050    45  28814.101    28815.765    29076.791
123  TIM2+G4       14362.050    45  28814.100    28815.764    29076.790
127  TIM2+F+G4     14289.497    48  28674.994    28676.887    28955.197
131  TIM3e+G4      14340.037    45  28770.073    28771.737    29032.763
135  TIM3e+G4      14340.037    45  28770.073    28771.737    29032.763
139  TIM3+G4       14340.036    45  28770.073    28771.737    29032.763
143  TIM3+F+G4     14282.950    48  28661.901    28663.794    28942.103
147  TVMe+G4       14332.699    46  28757.398    28759.137    29025.926
151  TVMe+G4       14332.699    46  28757.398    28759.137    29025.926
155  TVM+G4        14332.699    46  28757.398    28759.137    29025.925
159  TVM+F+G4      14283.136    49  28664.272    28666.245    28950.312
163  SYM+G4        14332.623    47  28759.246    28761.061    29033.611
167  SYM+G4        14332.623    47  28759.246    28761.061    29033.611
171  GTR+G4        14332.623    47  28759.246    28761.061    29033.611
175  GTR+F+G4      14281.920    50  28663.840    28665.893    28955.717
Akaike Information Criterion:           TIM3+F+G4
Corrected Akaike Information Criterion: TIM3+F+G4
Bayesian Information Criterion:         TPM3u+F+G4
Best-fit model: TPM3u+F+G4 chosen according to BIC

All model information printed to results/07_phylogeny/Not_sex_linked/G4603.model.gz
CPU time for ModelFinder: 4.504 seconds (0h:0m:4s)
Wall-clock time for ModelFinder: 1.143 seconds (0h:0m:1s)
Generating 1000 samples for ultrafast bootstrap (seed: 429073)...

NOTE: 7 MB RAM (0 GB) is required!
Estimate model parameters (epsilon = 0.100)
1. Initial log-likelihood: -14284.181
Optimal log-likelihood: -14284.155
Rate parameters:  A-C: 0.72923  A-G: 2.62893  A-T: 1.00000  C-G: 0.72923  C-T: 2.62893  G-T: 1.00000
Base frequencies:  A: 0.290  C: 0.196  G: 0.224  T: 0.290
Gamma shape alpha: 0.791
Parameters optimization took 1 rounds (0.015 sec)
Wrote distance file to... 
Computing ML distances based on estimated model parameters...
Calculating distance matrix: done in 0.000675775 secs using 447% CPU
Computing ML distances took 0.000803 sec (of wall-clock time) 0.003154 sec (of CPU time)
Setting up auxiliary I and S matrices: done in 0.0816487 secs using 148.5% CPU
Constructing RapidNJ tree: done in 0.817082 secs using 178.3% CPU
Computing RapidNJ tree took 0.898867 sec (of wall-clock time) 1.578549 sec (of CPU time)
Log-likelihood of RapidNJ tree: -14366.235
--------------------------------------------------------------------
|             INITIALIZING CANDIDATE TREE SET                      |
--------------------------------------------------------------------
Generating 98 parsimony trees... 0.286 second
Computing log-likelihood of 98 initial trees ... 0.548 seconds
Current best score: -14284.155

Do NNI search on 20 best initial trees
Optimizing NNI: done in 0.0251319 secs using 392.1% CPU
Estimate model parameters (epsilon = 0.100)
BETTER TREE FOUND at iteration 1: -14284.151
Optimizing NNI: done in 0.0656322 secs using 394.7% CPU
Estimate model parameters (epsilon = 0.100)
BETTER TREE FOUND at iteration 2: -14281.399
Optimizing NNI: done in 0.0592274 secs using 389.8% CPU
Optimizing NNI: done in 0.0621419 secs using 395.5% CPU
Optimizing NNI: done in 0.0600069 secs using 396% CPU
Optimizing NNI: done in 0.0627177 secs using 399% CPU
Optimizing NNI: done in 0.0792558 secs using 394.2% CPU
Optimizing NNI: done in 0.0600859 secs using 397.2% CPU
Optimizing NNI: done in 0.0506732 secs using 395.7% CPU
Optimizing NNI: done in 0.0534432 secs using 393.3% CPU
Iteration 10 / LogL: -14283.583 / Time: 0h:0m:3s
Optimizing NNI: done in 0.0820498 secs using 393.9% CPU
Optimizing NNI: done in 0.0806956 secs using 397.5% CPU
Optimizing NNI: done in 0.0510115 secs using 391.7% CPU
Optimizing NNI: done in 0.0556859 secs using 397.6% CPU
Optimizing NNI: done in 0.0803024 secs using 397.9% CPU
Optimizing NNI: done in 0.0789272 secs using 395.2% CPU
Optimizing NNI: done in 0.0846574 secs using 397.7% CPU
Optimizing NNI: done in 0.0911307 secs using 397.1% CPU
Optimizing NNI: done in 0.0834137 secs using 392.4% CPU
Optimizing NNI: done in 0.0933284 secs using 395.4% CPU
Iteration 20 / LogL: -14297.691 / Time: 0h:0m:4s
Finish initializing candidate tree set (4)
Current best tree score: -14281.399 / CPU time: 2.240
Number of iterations: 20
--------------------------------------------------------------------
|               OPTIMIZING CANDIDATE TREE SET                      |
--------------------------------------------------------------------
Optimizing NNI: done in 0.115172 secs using 392.8% CPU
Optimizing NNI: done in 0.10601 secs using 392.2% CPU
Optimizing NNI: done in 0.0791408 secs using 397.1% CPU
Optimizing NNI: done in 0.0760782 secs using 396% CPU
Optimizing NNI: done in 0.0741282 secs using 393.1% CPU
Optimizing NNI: done in 0.0800106 secs using 395.2% CPU
Optimizing NNI: done in 0.0991665 secs using 396.2% CPU
Optimizing NNI: done in 0.0816379 secs using 395.4% CPU
Optimizing NNI: done in 0.069066 secs using 393.1% CPU
Optimizing NNI: done in 0.086802 secs using 393.8% CPU
Iteration 30 / LogL: -14281.400 / Time: 0h:0m:5s (0h:0m:10s left)
Optimizing NNI: done in 0.104841 secs using 398.2% CPU
Optimizing NNI: done in 0.0791409 secs using 393.4% CPU
Optimizing NNI: done in 0.0561121 secs using 395.3% CPU
Optimizing NNI: done in 0.0737044 secs using 393.6% CPU
Optimizing NNI: done in 0.103289 secs using 394.9% CPU
Optimizing NNI: done in 0.0533648 secs using 393.9% CPU
Optimizing NNI: done in 0.0611994 secs using 396.6% CPU
Optimizing NNI: done in 0.0652472 secs using 396.5% CPU
Optimizing NNI: done in 0.0897809 secs using 397.4% CPU
Optimizing NNI: done in 0.0664188 secs using 392.8% CPU
Iteration 40 / LogL: -14282.965 / Time: 0h:0m:6s (0h:0m:7s left)
Optimizing NNI: done in 0.0579912 secs using 397.8% CPU
Optimizing NNI: done in 0.0578952 secs using 391.4% CPU
Optimizing NNI: done in 0.0929026 secs using 394.8% CPU
Optimizing NNI: done in 0.0741994 secs using 392.5% CPU
Optimizing NNI: done in 0.0659344 secs using 396.1% CPU
Optimizing NNI: done in 0.0897856 secs using 392.4% CPU
Optimizing NNI: done in 0.0692568 secs using 396.6% CPU
Optimizing NNI: done in 0.0737349 secs using 394.8% CPU
Optimizing NNI: done in 0.0985892 secs using 396.7% CPU
Optimizing NNI: done in 0.088455 secs using 396.1% CPU
Iteration 50 / LogL: -14282.110 / Time: 0h:0m:6s (0h:0m:6s left)
Log-likelihood cutoff on original alignment: -14313.512
Optimizing NNI: done in 0.106728 secs using 394.6% CPU
Optimizing NNI: done in 0.0797362 secs using 393.8% CPU
Optimizing NNI: done in 0.0984109 secs using 397.5% CPU
Optimizing NNI: done in 0.109492 secs using 396.3% CPU
Optimizing NNI: done in 0.110285 secs using 393.2% CPU
Optimizing NNI: done in 0.0662733 secs using 392.1% CPU
Optimizing NNI: done in 0.0751447 secs using 395.8% CPU
Optimizing NNI: done in 0.114693 secs using 394.1% CPU
Optimizing NNI: done in 0.0786662 secs using 394% CPU
Optimizing NNI: done in 0.0417772 secs using 399.4% CPU
Iteration 60 / LogL: -14283.450 / Time: 0h:0m:7s (0h:0m:4s left)
Optimizing NNI: done in 0.0740876 secs using 394.8% CPU
Optimizing NNI: done in 0.0609389 secs using 394.9% CPU
Optimizing NNI: done in 0.0928739 secs using 394.9% CPU
Optimizing NNI: done in 0.0695282 secs using 398.4% CPU
Optimizing NNI: done in 0.0734129 secs using 393.4% CPU
Optimizing NNI: done in 0.093658 secs using 395.7% CPU
Optimizing NNI: done in 0.0673229 secs using 393.4% CPU
Optimizing NNI: done in 0.118064 secs using 396.8% CPU
Optimizing NNI: done in 0.0776722 secs using 397.8% CPU
Optimizing NNI: done in 0.0770877 secs using 396.2% CPU
Iteration 70 / LogL: -14282.891 / Time: 0h:0m:8s (0h:0m:3s left)
Optimizing NNI: done in 0.0989069 secs using 397.1% CPU
Optimizing NNI: done in 0.0777726 secs using 393.6% CPU
Optimizing NNI: done in 0.103454 secs using 395.5% CPU
Optimizing NNI: done in 0.0726354 secs using 395.2% CPU
Optimizing NNI: done in 0.0887329 secs using 398.7% CPU
Optimizing NNI: done in 0.109091 secs using 399.4% CPU
Optimizing NNI: done in 0.0815921 secs using 393.1% CPU
Optimizing NNI: done in 0.135083 secs using 395.3% CPU
Optimizing NNI: done in 0.0883781 secs using 398.1% CPU
Optimizing NNI: done in 0.0882509 secs using 395.5% CPU
Iteration 80 / LogL: -14290.006 / Time: 0h:0m:9s (0h:0m:2s left)
Optimizing NNI: done in 0.0929195 secs using 395.9% CPU
Optimizing NNI: done in 0.0657994 secs using 395.5% CPU
Optimizing NNI: done in 0.073466 secs using 391.7% CPU
Optimizing NNI: done in 0.0696328 secs using 399.3% CPU
Optimizing NNI: done in 0.131358 secs using 398.5% CPU
Optimizing NNI: done in 0.0646262 secs using 394.9% CPU
Optimizing NNI: done in 0.075824 secs using 393.1% CPU
Optimizing NNI: done in 0.0983233 secs using 393.8% CPU
Optimizing NNI: done in 0.0819871 secs using 395.3% CPU
Optimizing NNI: done in 0.0882678 secs using 394.5% CPU
Iteration 90 / LogL: -14281.399 / Time: 0h:0m:10s (0h:0m:1s left)
Optimizing NNI: done in 0.0752787 secs using 392.4% CPU
Optimizing NNI: done in 0.079741 secs using 394.9% CPU
Optimizing NNI: done in 0.100071 secs using 394.3% CPU
Optimizing NNI: done in 0.0516772 secs using 391.9% CPU
Optimizing NNI: done in 0.0799311 secs using 395.4% CPU
Optimizing NNI: done in 0.0715827 secs using 390.9% CPU
Optimizing NNI: done in 0.073204 secs using 395.1% CPU
Optimizing NNI: done in 0.101012 secs using 392% CPU
Optimizing NNI: done in 0.0984007 secs using 396.4% CPU
Optimizing NNI: done in 0.0791857 secs using 400.7% CPU
Iteration 100 / LogL: -14282.113 / Time: 0h:0m:11s (0h:0m:0s left)
Log-likelihood cutoff on original alignment: -14312.462
NOTE: Bootstrap correlation coefficient of split occurrence frequencies: 0.997
Optimizing NNI: done in 0.0842833 secs using 397.3% CPU
Optimizing NNI: done in 0.0883168 secs using 391.1% CPU
Optimizing NNI: done in 0.0639532 secs using 395.9% CPU
TREE SEARCH COMPLETED AFTER 103 ITERATIONS / Time: 0h:0m:11s

--------------------------------------------------------------------
|                    FINALIZING TREE SEARCH                        |
--------------------------------------------------------------------
Performs final model parameters optimization
Estimate model parameters (epsilon = 0.010)
1. Initial log-likelihood: -14281.399
Optimal log-likelihood: -14281.397
Rate parameters:  A-C: 0.71782  A-G: 2.64719  A-T: 1.00000  C-G: 0.71782  C-T: 2.64719  G-T: 1.00000
Base frequencies:  A: 0.290  C: 0.196  G: 0.224  T: 0.290
Gamma shape alpha: 0.783
Parameters optimization took 1 rounds (0.010 sec)
BEST SCORE FOUND : -14281.397
Creating bootstrap support values...
Split supports printed to NEXUS file results/07_phylogeny/Not_sex_linked/G4603.splits.nex
Total tree length: 1.084

Total number of iterations: 103
CPU time used for tree search: 36.636 sec (0h:0m:36s)
Wall-clock time used for tree search: 9.529 sec (0h:0m:9s)
Total CPU time used: 43.291 sec (0h:0m:43s)
Total wall-clock time used: 11.817 sec (0h:0m:11s)

Computing bootstrap consensus tree...
Reading input file results/07_phylogeny/Not_sex_linked/G4603.splits.nex...
22 taxa and 192 splits.
Consensus tree written to results/07_phylogeny/Not_sex_linked/G4603.contree
Reading input trees file results/07_phylogeny/Not_sex_linked/G4603.contree
Log-likelihood of consensus tree: -14283.850

Analysis results written to: 
  IQ-TREE report:                results/07_phylogeny/Not_sex_linked/G4603.iqtree
  Maximum-likelihood tree:       results/07_phylogeny/Not_sex_linked/G4603.treefile
  Likelihood distances:          results/07_phylogeny/Not_sex_linked/G4603.mldist

Ultrafast bootstrap approximation results written to:
  Split support values:          results/07_phylogeny/Not_sex_linked/G4603.splits.nex
  Consensus tree:                results/07_phylogeny/Not_sex_linked/G4603.contree
  Screen log file:               results/07_phylogeny/Not_sex_linked/G4603.log

Date and Time: Wed May 27 21:39:44 2026
