IQ-TREE version 3.0.1 for Linux x86 64-bit built Jul  9 2025
Developed by Bui Quang Minh, Thomas Wong, Nhan Ly-Trong, Huaiyan Ren
Contributed by Lam-Tung Nguyen, Dominik Schrempf, Chris Bielow,
Olga Chernomor, Michael Woodhams, Diep Thi Hoang, Heiko Schmidt

Host:    c0700a-s19.ufhpc (AVX2, FMA3, 1007 GB RAM)
Command: iqtree -s results/06_alignment/Not_sex_linked/trimmed/G4806.trimmed.aln --prefix results/07_phylogeny/Not_sex_linked/G4806 -m TEST -B 1000 -nt 4 -redo
Seed:    187701 (Using SPRNG - Scalable Parallel Random Number Generator)
Time:    Wed May 27 21:31:03 2026
Kernel:  AVX+FMA - 4 threads (8 CPU cores detected)

Reading alignment file results/06_alignment/Not_sex_linked/trimmed/G4806.trimmed.aln ... Fasta format detected
Reading fasta file: done in 0.00106717 secs using 24.55% CPU
Alignment most likely contains DNA/RNA sequences
Constructing alignment: done in 0.00139213 secs using 240.7% CPU
Alignment has 23 sequences with 1604 columns, 1210 distinct patterns
692 parsimony-informative, 486 singleton sites, 426 constant sites
                  Gap/Ambiguity  Composition  p-value
Analyzing sequences: done in 5.5905e-05 secs using 89.44% CPU
   1  S0017_G4806_R1_A    3.80%    passed     65.44%
   2  S0046_G4806_R1_A    8.42%    passed     59.85%
   3  S0018_G4806_R1_A    2.06%    passed     75.08%
   4  S0021_G4806_R1_A    0.31%    passed     94.26%
   5  S0050_G4806_R1_A    5.42%    passed     39.94%
   6  S0019_G4806_R1_A    5.99%    passed     78.45%
   7  S0021_G4806_R2_A    3.43%    passed     49.32%
   8  S0005_G4806_R1_A    4.24%    passed     43.64%
   9  S0020_G4806_R1_A    3.55%    passed     67.53%
  10  S0031_G4806_R1_A    2.18%    passed     87.28%
  11  S0002_G4806_R1_A    2.00%    passed     74.04%
  12  S0037_G4806_R1_A    1.50%    passed     66.07%
  13  S0013_G4806_R1_A    2.31%    passed     65.58%
  14  S0016_G4806_R1_A    7.29%    passed     92.66%
  15  S0036_G4806_R1_A   11.66%    passed     97.74%
  16  S0048_G4806_R1_A    4.36%    passed     70.17%
  17  S0022_G4806_R1_A    5.74%    passed     92.38%
  18  S0028_G4806_R1_A   16.65%    passed     72.49%
  19  S0011_G4806_R1_A    5.92%    passed     81.11%
  20  S0030_G4806_R1_A   12.41%    passed     41.06%
  21  S0004_G4806_R1_A    4.30%    passed     88.97%
  22  S0012_G4806_R1_A    9.85%    passed     86.44%
  23  S0026_G4806_R1_A   30.11%    failed      0.20%
****  TOTAL               6.67%  1 sequences failed composition chi2 test (p-value<5%; df=3)
Checking for duplicate sequences: done in 0.000142577 secs


Create initial parsimony tree by phylogenetic likelihood library (PLL)... 0.003 seconds
Perform fast likelihood tree search using GTR+I+G model...
Estimate model parameters (epsilon = 5.000)
Perform nearest neighbor interchange...
Optimizing NNI: done in 0.0663812 secs using 396% CPU
Estimate model parameters (epsilon = 1.000)
1. Initial log-likelihood: -17800.433
2. Current log-likelihood: -17799.130
Optimal log-likelihood: -17798.164
Rate parameters:  A-C: 1.14940  A-G: 3.08195  A-T: 1.50865  C-G: 0.84617  C-T: 2.95042  G-T: 1.00000
Base frequencies:  A: 0.238  C: 0.214  G: 0.236  T: 0.312
Proportion of invariable sites: 0.075
Gamma shape alpha: 0.778
Parameters optimization took 2 rounds (0.037 sec)
Time for fast ML tree search: 0.199 seconds

NOTE: ModelFinder requires 8 MB RAM!
ModelFinder will test up to 176 DNA models (sample size: 1604 epsilon: 0.100) ...
 No. Model         -LnL         df  AIC          AICc         BIC
  1  JC            19127.056    43  38340.112    38342.538    38571.463
  2  JC+I          18667.732    44  37423.464    37426.004    37660.195
  3  JC+G4         18155.935    44  36399.870    36402.411    36636.602
  4  JC+I+G4       18157.584    45  36405.169    36407.826    36647.280
  7  JC+G4         18155.935    44  36399.870    36402.411    36636.602
 11  F81+G4        18155.931    44  36399.862    36402.402    36636.593
 15  F81+F+G4      18110.915    47  36315.829    36318.729    36568.701
 19  K2P+G4        17876.743    45  35843.487    35846.144    36085.598
 23  K2P+G4        17876.743    45  35843.487    35846.144    36085.598
 27  HKY+G4        17876.742    45  35843.485    35846.142    36085.596
 31  HKY+F+G4      17811.505    48  35719.011    35722.036    35977.263
 35  TNe+G4        17876.504    46  35845.008    35847.785    36092.500
 39  TNe+G4        17876.504    46  35845.008    35847.785    36092.500
 43  TN+G4         17876.497    46  35844.994    35847.771    36092.486
 47  TN+F+G4       17811.321    49  35720.642    35723.795    35984.275
 51  K3P+G4        17870.924    46  35833.849    35836.626    36081.341
 55  K3P+G4        17870.924    46  35833.849    35836.626    36081.341
 59  K3Pu+G4       17870.920    46  35833.841    35836.618    36081.333
 63  K3Pu+F+G4     17808.287    49  35714.574    35717.727    35978.207
 67  TPM2+G4       17860.298    46  35812.597    35815.374    36060.089
 71  TPM2+G4       17860.298    46  35812.597    35815.374    36060.089
 75  TPM2u+G4      17860.296    46  35812.592    35815.370    36060.084
 79  TPM2u+F+G4    17797.098    49  35692.196    35695.349    35955.828
 83  TPM3+G4       17834.379    46  35760.758    35763.535    36008.249
 87  TPM3+G4       17834.379    46  35760.758    35763.535    36008.249
 91  TPM3u+G4      17834.377    46  35760.755    35763.532    36008.247
 95  TPM3u+F+G4    17806.545    49  35711.090    35714.243    35974.722
 99  TIMe+G4       17870.677    47  35835.354    35838.254    36088.226
103  TIMe+G4       17870.677    47  35835.354    35838.254    36088.226
107  TIM+G4        17870.665    47  35835.330    35838.229    36088.202
111  TIM+F+G4      17808.109    50  35716.218    35719.502    35985.231
115  TIM2e+G4      17860.040    47  35814.079    35816.979    36066.951
119  TIM2e+G4      17860.040    47  35814.079    35816.979    36066.951
123  TIM2+G4       17860.036    47  35814.072    35816.972    36066.944
127  TIM2+F+G4     17796.923    50  35693.847    35697.131    35962.860
131  TIM3e+G4      17833.919    47  35761.837    35764.737    36014.709
135  TIM3e+G4      17833.919    47  35761.837    35764.737    36014.709
139  TIM3+G4       17833.916    47  35761.833    35764.732    36014.705
143  TIM3+F+G4     17806.306    50  35712.613    35715.897    35981.626
147  TVMe+G4       17816.719    48  35729.439    35732.464    35987.691
151  TVMe+G4       17816.719    48  35729.439    35732.464    35987.691
155  TVM+G4        17816.717    48  35729.435    35732.460    35987.687
159  TVM+F+G4      17791.740    51  35685.479    35688.897    35959.872
163  SYM+G4        17816.217    49  35730.434    35733.587    35994.066
167  SYM+G4        17816.217    49  35730.434    35733.587    35994.066
171  GTR+G4        17816.211    49  35730.423    35733.576    35994.055
175  GTR+F+G4      17791.524    52  35687.048    35690.601    35966.821
Akaike Information Criterion:           TVM+F+G4
Corrected Akaike Information Criterion: TVM+F+G4
Bayesian Information Criterion:         TPM2u+F+G4
Best-fit model: TPM2u+F+G4 chosen according to BIC

All model information printed to results/07_phylogeny/Not_sex_linked/G4806.model.gz
CPU time for ModelFinder: 5.323 seconds (0h:0m:5s)
Wall-clock time for ModelFinder: 1.345 seconds (0h:0m:1s)
Generating 1000 samples for ultrafast bootstrap (seed: 187701)...

NOTE: 8 MB RAM (0 GB) is required!
Estimate model parameters (epsilon = 0.100)
1. Initial log-likelihood: -17797.322
2. Current log-likelihood: -17797.111
Optimal log-likelihood: -17797.093
Rate parameters:  A-C: 1.45371  A-G: 3.23688  A-T: 1.45371  C-G: 1.00000  C-T: 3.23688  G-T: 1.00000
Base frequencies:  A: 0.238  C: 0.214  G: 0.236  T: 0.312
Gamma shape alpha: 0.637
Parameters optimization took 2 rounds (0.021 sec)
Wrote distance file to... 
Computing ML distances based on estimated model parameters...
Calculating distance matrix: done in 0.00075321 secs using 698.1% CPU
Computing ML distances took 0.000893 sec (of wall-clock time) 0.005402 sec (of CPU time)
Setting up auxiliary I and S matrices: done in 0.0513703 secs using 225.8% CPU
Constructing RapidNJ tree: done in 1.29083 secs using 194% CPU
Computing RapidNJ tree took 1.342330 sec (of wall-clock time) 2.620714 sec (of CPU time)
Log-likelihood of RapidNJ tree: -17913.131
--------------------------------------------------------------------
|             INITIALIZING CANDIDATE TREE SET                      |
--------------------------------------------------------------------
Generating 98 parsimony trees... 0.323 second
Computing log-likelihood of 98 initial trees ... 0.705 seconds
Current best score: -17797.093

Do NNI search on 20 best initial trees
Optimizing NNI: done in 0.0378032 secs using 391.3% CPU
Estimate model parameters (epsilon = 0.100)
BETTER TREE FOUND at iteration 1: -17796.878
Optimizing NNI: done in 0.0863676 secs using 393.9% CPU
Optimizing NNI: done in 0.0889607 secs using 397.8% CPU
Optimizing NNI: done in 0.107587 secs using 396.7% CPU
Optimizing NNI: done in 0.107709 secs using 396.3% CPU
Optimizing NNI: done in 0.132343 secs using 395.8% CPU
Optimizing NNI: done in 0.0998768 secs using 394.7% CPU
Optimizing NNI: done in 0.0883074 secs using 394.2% CPU
Optimizing NNI: done in 0.131516 secs using 393.2% CPU
Optimizing NNI: done in 0.0861428 secs using 395.5% CPU
Iteration 10 / LogL: -17806.784 / Time: 0h:0m:4s
Optimizing NNI: done in 0.135212 secs using 392.7% CPU
Optimizing NNI: done in 0.108352 secs using 394.5% CPU
Optimizing NNI: done in 0.120094 secs using 394.5% CPU
Optimizing NNI: done in 0.100673 secs using 395.3% CPU
Optimizing NNI: done in 0.0931419 secs using 394.8% CPU
Optimizing NNI: done in 0.105453 secs using 394.1% CPU
Optimizing NNI: done in 0.10502 secs using 396.5% CPU
Optimizing NNI: done in 0.104877 secs using 396% CPU
Optimizing NNI: done in 0.103692 secs using 398.3% CPU
Optimizing NNI: done in 0.10359 secs using 390.8% CPU
Iteration 20 / LogL: -17806.443 / Time: 0h:0m:6s
Finish initializing candidate tree set (13)
Current best tree score: -17796.878 / CPU time: 3.109
Number of iterations: 20
--------------------------------------------------------------------
|               OPTIMIZING CANDIDATE TREE SET                      |
--------------------------------------------------------------------
Optimizing NNI: done in 0.0800065 secs using 394.8% CPU
Estimate model parameters (epsilon = 0.100)
BETTER TREE FOUND at iteration 21: -17796.745
Optimizing NNI: done in 0.0761665 secs using 392.7% CPU
Optimizing NNI: done in 0.116705 secs using 390.6% CPU
Optimizing NNI: done in 0.0670732 secs using 394.1% CPU
Optimizing NNI: done in 0.131918 secs using 395.2% CPU
Optimizing NNI: done in 0.129487 secs using 393.9% CPU
Optimizing NNI: done in 0.109239 secs using 398.6% CPU
Optimizing NNI: done in 0.0761578 secs using 391.6% CPU
Estimate model parameters (epsilon = 0.100)
BETTER TREE FOUND at iteration 28: -17796.534
Optimizing NNI: done in 0.0689159 secs using 391.7% CPU
Optimizing NNI: done in 0.0802729 secs using 397.1% CPU
Iteration 30 / LogL: -17796.925 / Time: 0h:0m:7s (0h:0m:19s left)
Optimizing NNI: done in 0.099242 secs using 395.6% CPU
Optimizing NNI: done in 0.108587 secs using 393.7% CPU
Optimizing NNI: done in 0.0809334 secs using 395% CPU
Optimizing NNI: done in 0.079544 secs using 399.1% CPU
Optimizing NNI: done in 0.0908108 secs using 396.8% CPU
Optimizing NNI: done in 0.0871297 secs using 397.1% CPU
Optimizing NNI: done in 0.082747 secs using 395.1% CPU
Optimizing NNI: done in 0.102528 secs using 392.6% CPU
Optimizing NNI: done in 0.0804837 secs using 393.1% CPU
Optimizing NNI: done in 0.112431 secs using 394.2% CPU
Iteration 40 / LogL: -17796.542 / Time: 0h:0m:7s (0h:0m:14s left)
Optimizing NNI: done in 0.0863664 secs using 396.2% CPU
Optimizing NNI: done in 0.0686183 secs using 396.3% CPU
Optimizing NNI: done in 0.105953 secs using 392.7% CPU
Optimizing NNI: done in 0.0547366 secs using 396.9% CPU
Optimizing NNI: done in 0.122323 secs using 393.1% CPU
Optimizing NNI: done in 0.108703 secs using 395.6% CPU
Optimizing NNI: done in 0.124483 secs using 393.2% CPU
Optimizing NNI: done in 0.0692997 secs using 394.8% CPU
Optimizing NNI: done in 0.0872002 secs using 393.2% CPU
Optimizing NNI: done in 0.0601153 secs using 395.2% CPU
Iteration 50 / LogL: -17796.594 / Time: 0h:0m:8s (0h:0m:12s left)
Log-likelihood cutoff on original alignment: -17841.543
Optimizing NNI: done in 0.0685097 secs using 393.8% CPU
Optimizing NNI: done in 0.122946 secs using 390% CPU
Optimizing NNI: done in 0.0821275 secs using 395.2% CPU
Optimizing NNI: done in 0.116256 secs using 394.6% CPU
Optimizing NNI: done in 0.0639176 secs using 395.8% CPU
Optimizing NNI: done in 0.085432 secs using 392% CPU
Optimizing NNI: done in 0.0665877 secs using 394.6% CPU
Optimizing NNI: done in 0.0605653 secs using 396.1% CPU
Optimizing NNI: done in 0.0968595 secs using 395.4% CPU
Optimizing NNI: done in 0.0703407 secs using 394.1% CPU
Iteration 60 / LogL: -17796.535 / Time: 0h:0m:9s (0h:0m:9s left)
Optimizing NNI: done in 0.124108 secs using 394.5% CPU
Optimizing NNI: done in 0.0744781 secs using 399.2% CPU
Optimizing NNI: done in 0.0899905 secs using 386% CPU
Optimizing NNI: done in 0.107551 secs using 392.9% CPU
Optimizing NNI: done in 0.150607 secs using 394.7% CPU
Optimizing NNI: done in 0.0640543 secs using 393.6% CPU
Optimizing NNI: done in 0.11862 secs using 390% CPU
Optimizing NNI: done in 0.0910558 secs using 389.4% CPU
Optimizing NNI: done in 0.0510035 secs using 389% CPU
Optimizing NNI: done in 0.0968805 secs using 392.7% CPU
Iteration 70 / LogL: -17806.018 / Time: 0h:0m:10s (0h:0m:7s left)
Optimizing NNI: done in 0.105196 secs using 394.8% CPU
Optimizing NNI: done in 0.0691795 secs using 393.5% CPU
Optimizing NNI: done in 0.0881311 secs using 394.8% CPU
Estimate model parameters (epsilon = 0.100)
BETTER TREE FOUND at iteration 73: -17795.830
Optimizing NNI: done in 0.0750698 secs using 395.5% CPU
Estimate model parameters (epsilon = 0.100)
BETTER TREE FOUND at iteration 74: -17795.646
Optimizing NNI: done in 0.0881201 secs using 390.4% CPU
Optimizing NNI: done in 0.122576 secs using 395.2% CPU
Optimizing NNI: done in 0.102775 secs using 393.4% CPU
Optimizing NNI: done in 0.0847713 secs using 395.4% CPU
Optimizing NNI: done in 0.0678976 secs using 394.8% CPU
Optimizing NNI: done in 0.0774841 secs using 391.4% CPU
Iteration 80 / LogL: -17795.988 / Time: 0h:0m:11s (0h:0m:12s left)
Optimizing NNI: done in 0.0807418 secs using 392.1% CPU
Optimizing NNI: done in 0.0761646 secs using 393% CPU
Optimizing NNI: done in 0.141836 secs using 395.5% CPU
Optimizing NNI: done in 0.0556588 secs using 388.3% CPU
Optimizing NNI: done in 0.104229 secs using 396.4% CPU
Optimizing NNI: done in 0.0825072 secs using 394.3% CPU
Optimizing NNI: done in 0.102386 secs using 396.3% CPU
Optimizing NNI: done in 0.134451 secs using 391% CPU
Optimizing NNI: done in 0.120576 secs using 396% CPU
Optimizing NNI: done in 0.12668 secs using 393.6% CPU
Iteration 90 / LogL: -17795.678 / Time: 0h:0m:12s (0h:0m:10s left)
Optimizing NNI: done in 0.0725748 secs using 395% CPU
Optimizing NNI: done in 0.0846187 secs using 395.4% CPU
Optimizing NNI: done in 0.090462 secs using 392.8% CPU
Optimizing NNI: done in 0.0870216 secs using 392.7% CPU
Optimizing NNI: done in 0.10412 secs using 394.1% CPU
Optimizing NNI: done in 0.117245 secs using 393.4% CPU
Optimizing NNI: done in 0.103861 secs using 396.7% CPU
Optimizing NNI: done in 0.114933 secs using 393.5% CPU
Optimizing NNI: done in 0.0547552 secs using 398.7% CPU
Optimizing NNI: done in 0.132413 secs using 396.2% CPU
Iteration 100 / LogL: -17796.774 / Time: 0h:0m:13s (0h:0m:9s left)
Log-likelihood cutoff on original alignment: -17841.543
NOTE: Bootstrap correlation coefficient of split occurrence frequencies: 0.986
NOTE: UFBoot does not converge, continue at least 100 more iterations
Optimizing NNI: done in 0.0947013 secs using 392.4% CPU
Optimizing NNI: done in 0.0861502 secs using 397.7% CPU
Optimizing NNI: done in 0.0652231 secs using 393.3% CPU
Optimizing NNI: done in 0.0931233 secs using 394.5% CPU
Optimizing NNI: done in 0.101314 secs using 396.4% CPU
Optimizing NNI: done in 0.0681755 secs using 389.2% CPU
Optimizing NNI: done in 0.0708453 secs using 395.3% CPU
Optimizing NNI: done in 0.111055 secs using 393.6% CPU
Optimizing NNI: done in 0.0732445 secs using 391.3% CPU
Optimizing NNI: done in 0.0869696 secs using 391.6% CPU
Iteration 110 / LogL: -17795.852 / Time: 0h:0m:14s (0h:0m:11s left)
Optimizing NNI: done in 0.109548 secs using 391.1% CPU
Optimizing NNI: done in 0.107161 secs using 393.7% CPU
Optimizing NNI: done in 0.0662972 secs using 391.1% CPU
Optimizing NNI: done in 0.0801848 secs using 394.3% CPU
Optimizing NNI: done in 0.097394 secs using 398.2% CPU
Optimizing NNI: done in 0.0734686 secs using 391.3% CPU
Optimizing NNI: done in 0.113087 secs using 394.6% CPU
Optimizing NNI: done in 0.107757 secs using 389.1% CPU
Optimizing NNI: done in 0.0652747 secs using 397.4% CPU
Optimizing NNI: done in 0.0604585 secs using 398.3% CPU
Iteration 120 / LogL: -17796.437 / Time: 0h:0m:15s (0h:0m:9s left)
Optimizing NNI: done in 0.0804953 secs using 396.6% CPU
Optimizing NNI: done in 0.0727236 secs using 393.6% CPU
Optimizing NNI: done in 0.0725794 secs using 393.6% CPU
Optimizing NNI: done in 0.0802251 secs using 392.8% CPU
Optimizing NNI: done in 0.0970768 secs using 391.9% CPU
Optimizing NNI: done in 0.106518 secs using 395.8% CPU
Optimizing NNI: done in 0.135705 secs using 393.8% CPU
Optimizing NNI: done in 0.0944138 secs using 391.9% CPU
Optimizing NNI: done in 0.0915204 secs using 398.8% CPU
Optimizing NNI: done in 0.0693354 secs using 394.3% CPU
Iteration 130 / LogL: -17799.524 / Time: 0h:0m:16s (0h:0m:8s left)
Optimizing NNI: done in 0.113835 secs using 392.4% CPU
Optimizing NNI: done in 0.0599017 secs using 394.5% CPU
Optimizing NNI: done in 0.11494 secs using 393.9% CPU
Optimizing NNI: done in 0.085097 secs using 395.8% CPU
Optimizing NNI: done in 0.116157 secs using 395.8% CPU
Optimizing NNI: done in 0.0774048 secs using 391.9% CPU
Optimizing NNI: done in 0.107746 secs using 391.6% CPU
Optimizing NNI: done in 0.11886 secs using 390.3% CPU
Optimizing NNI: done in 0.0935651 secs using 393.9% CPU
Optimizing NNI: done in 0.134705 secs using 393.7% CPU
Iteration 140 / LogL: -17795.653 / Time: 0h:0m:17s (0h:0m:7s left)
Optimizing NNI: done in 0.0795123 secs using 396.7% CPU
Optimizing NNI: done in 0.103275 secs using 394.7% CPU
Optimizing NNI: done in 0.0675663 secs using 384.6% CPU
Optimizing NNI: done in 0.096138 secs using 394% CPU
Optimizing NNI: done in 0.0992014 secs using 394.9% CPU
Optimizing NNI: done in 0.0655001 secs using 398.3% CPU
Optimizing NNI: done in 0.0698009 secs using 394.3% CPU
Optimizing NNI: done in 0.0634199 secs using 390.7% CPU
Optimizing NNI: done in 0.103545 secs using 395% CPU
Optimizing NNI: done in 0.0801165 secs using 392.1% CPU
Iteration 150 / LogL: -17795.954 / Time: 0h:0m:18s (0h:0m:5s left)
Log-likelihood cutoff on original alignment: -17841.543
Optimizing NNI: done in 0.0621496 secs using 396.2% CPU
Optimizing NNI: done in 0.0676607 secs using 396.3% CPU
Optimizing NNI: done in 0.113975 secs using 395.1% CPU
Optimizing NNI: done in 0.0869866 secs using 390.9% CPU
Optimizing NNI: done in 0.100027 secs using 395.5% CPU
Optimizing NNI: done in 0.0930235 secs using 396% CPU
Optimizing NNI: done in 0.104534 secs using 392% CPU
Optimizing NNI: done in 0.109816 secs using 392.5% CPU
Optimizing NNI: done in 0.070457 secs using 398.3% CPU
Optimizing NNI: done in 0.144064 secs using 393% CPU
Iteration 160 / LogL: -17795.960 / Time: 0h:0m:19s (0h:0m:4s left)
Optimizing NNI: done in 0.0855415 secs using 396.6% CPU
Optimizing NNI: done in 0.112733 secs using 396.3% CPU
Optimizing NNI: done in 0.101142 secs using 395.2% CPU
Optimizing NNI: done in 0.0852506 secs using 396.7% CPU
Optimizing NNI: done in 0.0726733 secs using 390.7% CPU
Optimizing NNI: done in 0.0611762 secs using 393.2% CPU
Optimizing NNI: done in 0.0743738 secs using 394.9% CPU
Optimizing NNI: done in 0.0838068 secs using 393.3% CPU
Optimizing NNI: done in 0.138927 secs using 392.5% CPU
Optimizing NNI: done in 0.0991728 secs using 394.9% CPU
Iteration 170 / LogL: -17795.949 / Time: 0h:0m:20s (0h:0m:3s left)
Optimizing NNI: done in 0.11512 secs using 394.3% CPU
Optimizing NNI: done in 0.0652754 secs using 397.5% CPU
Optimizing NNI: done in 0.0673468 secs using 395.2% CPU
Optimizing NNI: done in 0.0647651 secs using 396.9% CPU
Optimizing NNI: done in 0.0498283 secs using 396.3% CPU
Optimizing NNI: done in 0.0617326 secs using 389.1% CPU
Optimizing NNI: done in 0.13247 secs using 396.3% CPU
Optimizing NNI: done in 0.109943 secs using 393.9% CPU
Optimizing NNI: done in 0.0820746 secs using 394.7% CPU
Optimizing NNI: done in 0.103 secs using 395.1% CPU
Iteration 180 / LogL: -17800.428 / Time: 0h:0m:21s (0h:0m:2s left)
Optimizing NNI: done in 0.0431638 secs using 398.8% CPU
Optimizing NNI: done in 0.0877558 secs using 391.3% CPU
Optimizing NNI: done in 0.0392378 secs using 400.3% CPU
Optimizing NNI: done in 0.0826881 secs using 393.6% CPU
Optimizing NNI: done in 0.0923437 secs using 395.1% CPU
Optimizing NNI: done in 0.101349 secs using 393.4% CPU
Optimizing NNI: done in 0.0798065 secs using 391.8% CPU
Optimizing NNI: done in 0.0702357 secs using 400.5% CPU
Optimizing NNI: done in 0.0637392 secs using 395.1% CPU
Optimizing NNI: done in 0.0859723 secs using 391.2% CPU
Iteration 190 / LogL: -17797.097 / Time: 0h:0m:22s (0h:0m:1s left)
Optimizing NNI: done in 0.130391 secs using 394.3% CPU
Optimizing NNI: done in 0.140421 secs using 393.1% CPU
Optimizing NNI: done in 0.108474 secs using 398% CPU
Optimizing NNI: done in 0.0983258 secs using 394.4% CPU
Optimizing NNI: done in 0.134619 secs using 395.8% CPU
Optimizing NNI: done in 0.101224 secs using 396.7% CPU
Optimizing NNI: done in 0.0762291 secs using 395% CPU
Optimizing NNI: done in 0.0887085 secs using 396.2% CPU
Optimizing NNI: done in 0.097389 secs using 392.2% CPU
Optimizing NNI: done in 0.077793 secs using 395.7% CPU
Iteration 200 / LogL: -17796.652 / Time: 0h:0m:23s (0h:0m:0s left)
Log-likelihood cutoff on original alignment: -17841.543
NOTE: Bootstrap correlation coefficient of split occurrence frequencies: 0.999
TREE SEARCH COMPLETED AFTER 200 ITERATIONS / Time: 0h:0m:23s

--------------------------------------------------------------------
|                    FINALIZING TREE SEARCH                        |
--------------------------------------------------------------------
Performs final model parameters optimization
Estimate model parameters (epsilon = 0.010)
1. Initial log-likelihood: -17795.646
Optimal log-likelihood: -17795.646
Rate parameters:  A-C: 1.44814  A-G: 3.20408  A-T: 1.44814  C-G: 1.00000  C-T: 3.20408  G-T: 1.00000
Base frequencies:  A: 0.238  C: 0.214  G: 0.236  T: 0.312
Gamma shape alpha: 0.621
Parameters optimization took 1 rounds (0.011 sec)
BEST SCORE FOUND : -17795.646
Creating bootstrap support values...
Split supports printed to NEXUS file results/07_phylogeny/Not_sex_linked/G4806.splits.nex
Total tree length: 4.322

Total number of iterations: 200
CPU time used for tree search: 79.331 sec (0h:1m:19s)
Wall-clock time used for tree search: 20.555 sec (0h:0m:20s)
Total CPU time used: 88.016 sec (0h:1m:28s)
Total wall-clock time used: 23.537 sec (0h:0m:23s)

Computing bootstrap consensus tree...
Reading input file results/07_phylogeny/Not_sex_linked/G4806.splits.nex...
23 taxa and 240 splits.
Consensus tree written to results/07_phylogeny/Not_sex_linked/G4806.contree
Reading input trees file results/07_phylogeny/Not_sex_linked/G4806.contree
Log-likelihood of consensus tree: -17795.831

Analysis results written to: 
  IQ-TREE report:                results/07_phylogeny/Not_sex_linked/G4806.iqtree
  Maximum-likelihood tree:       results/07_phylogeny/Not_sex_linked/G4806.treefile
  Likelihood distances:          results/07_phylogeny/Not_sex_linked/G4806.mldist

Ultrafast bootstrap approximation results written to:
  Split support values:          results/07_phylogeny/Not_sex_linked/G4806.splits.nex
  Consensus tree:                results/07_phylogeny/Not_sex_linked/G4806.contree
  Screen log file:               results/07_phylogeny/Not_sex_linked/G4806.log

Date and Time: Wed May 27 21:31:26 2026
