IQ-TREE version 3.0.1 for Linux x86 64-bit built Jul  9 2025
Developed by Bui Quang Minh, Thomas Wong, Nhan Ly-Trong, Huaiyan Ren
Contributed by Lam-Tung Nguyen, Dominik Schrempf, Chris Bielow,
Olga Chernomor, Michael Woodhams, Diep Thi Hoang, Heiko Schmidt

Host:    c0700a-s19.ufhpc (AVX2, FMA3, 1007 GB RAM)
Command: iqtree -s results/06_alignment/Not_sex_linked/trimmed/G4802.trimmed.aln --prefix results/07_phylogeny/Not_sex_linked/G4802 -m TEST -B 1000 -nt 4 -redo
Seed:    601636 (Using SPRNG - Scalable Parallel Random Number Generator)
Time:    Wed May 27 21:28:49 2026
Kernel:  AVX+FMA - 4 threads (8 CPU cores detected)

Reading alignment file results/06_alignment/Not_sex_linked/trimmed/G4802.trimmed.aln ... Fasta format detected
Reading fasta file: done in 0.000693158 secs using 96.51% CPU
Alignment most likely contains DNA/RNA sequences
Constructing alignment: done in 0.00134114 secs using 172.8% CPU
Alignment has 23 sequences with 1889 columns, 1002 distinct patterns
464 parsimony-informative, 599 singleton sites, 826 constant sites
                  Gap/Ambiguity  Composition  p-value
Analyzing sequences: done in 0.00653853 secs using 295.5% CPU
   1  S0020_G4802_R1_A    1.80%    passed     81.41%
   2  S0050_G4802_R1_A    0.05%    passed     99.47%
   3  S0018_G4802_R1_A    0.79%    passed     88.55%
   4  S0031_G4802_R1_A    0.11%    passed     97.06%
   5  S0017_G4802_R1_A    0.85%    passed     99.55%
   6  S0002_G4802_R1_A    0.21%    passed     99.74%
   7  S0004_G4802_R1_A    0.79%    passed     85.56%
   8  S0026_G4802_R1_A    0.26%    passed     97.53%
   9  S0011_G4802_R1_A    0.11%    passed     80.60%
  10  S0012_G4802_R1_A    3.65%    passed     88.13%
  11  S0048_G4802_R1_A    1.01%    passed     83.97%
  12  S0046_G4802_R1_A    0.42%    passed     98.66%
  13  S0030_G4802_R1_A    3.34%    passed     97.98%
  14  S0016_G4802_R1_A    0.69%    passed     94.43%
  15  S0021_G4802_R2_A    0.21%    passed     99.43%
  16  S0021_G4802_R1_A    5.66%    passed     88.04%
  17  S0028_G4802_R1_A    0.48%    passed     99.89%
  18  S0013_G4802_R1_A    1.91%    passed     98.39%
  19  S0037_G4802_R1_A    1.91%    passed     85.76%
  20  S0022_G4802_R1_A    0.90%    passed     83.00%
  21  S0036_G4802_R1_A    2.75%    passed     87.85%
  22  S0019_G4802_R1_A    4.50%    passed     99.06%
  23  S0005_G4802_R1_A   18.69%    passed     96.78%
****  TOTAL               2.22%  0 sequences failed composition chi2 test (p-value<5%; df=3)
Checking for duplicate sequences: done in 0.0124887 secs using 300.6% CPU


Create initial parsimony tree by phylogenetic likelihood library (PLL)... 0.003 seconds
Perform fast likelihood tree search using GTR+I+G model...
Estimate model parameters (epsilon = 5.000)
Perform nearest neighbor interchange...
Optimizing NNI: done in 0.0177123 secs using 402.6% CPU
Estimate model parameters (epsilon = 1.000)
1. Initial log-likelihood: -13287.091
Optimal log-likelihood: -13286.350
Rate parameters:  A-C: 1.14803  A-G: 2.69325  A-T: 1.14885  C-G: 0.87976  C-T: 3.34109  G-T: 1.00000
Base frequencies:  A: 0.254  C: 0.188  G: 0.236  T: 0.322
Proportion of invariable sites: 0.187
Gamma shape alpha: 1.480
Parameters optimization took 1 rounds (0.015 sec)
Time for fast ML tree search: 0.215 seconds

NOTE: ModelFinder requires 6 MB RAM!
ModelFinder will test up to 176 DNA models (sample size: 1889 epsilon: 0.100) ...
 No. Model         -LnL         df  AIC          AICc         BIC
  1  JC            13907.153    43  27900.306    27902.357    28138.690
  2  JC+I          13712.726    44  27513.452    27515.600    27757.380
  3  JC+G4         13617.500    44  27322.999    27325.147    27566.927
  4  JC+I+G4       13619.697    45  27329.394    27331.640    27578.865
  7  JC+G4         13617.500    44  27322.999    27325.147    27566.927
 11  F81+G4        13617.499    44  27322.999    27325.146    27566.926
 15  F81+F+G4      13546.536    47  27187.071    27189.522    27447.630
 19  K2P+G4        13377.488    45  26844.977    26847.223    27094.448
 23  K2P+G4        13377.488    45  26844.977    26847.223    27094.448
 27  HKY+G4        13377.488    45  26844.977    26847.223    27094.448
 31  HKY+F+G4      13288.013    48  26672.026    26674.583    26938.129
 35  TNe+G4        13373.279    46  26838.559    26840.906    27093.573
 39  TNe+G4        13373.279    46  26838.559    26840.906    27093.573
 43  TN+G4         13373.279    46  26838.558    26840.906    27093.573
 47  TN+F+G4       13283.127    49  26664.254    26666.919    26935.901
 51  K3P+G4        13377.355    46  26846.710    26849.058    27101.725
 55  K3P+G4        13377.355    46  26846.710    26849.058    27101.725
 59  K3Pu+G4       13377.355    46  26846.710    26849.058    27101.725
 63  K3Pu+F+G4     13288.013    49  26674.026    26676.691    26945.672
 67  TPM2+G4       13372.160    46  26836.320    26838.667    27091.335
 71  TPM2+G4       13372.160    46  26836.320    26838.667    27091.335
 75  TPM2u+G4      13372.160    46  26836.319    26838.667    27091.334
 79  TPM2u+F+G4    13285.056    49  26668.112    26670.776    26939.758
 83  TPM3+G4       13358.957    46  26809.915    26812.262    27064.930
 87  TPM3+G4       13358.957    46  26809.915    26812.262    27064.930
 91  TPM3u+G4      13358.957    46  26809.914    26812.261    27064.929
 95  TPM3u+F+G4    13287.740    49  26673.480    26676.144    26945.126
 99  TIMe+G4       13373.143    47  26840.285    26842.736    27100.844
103  TIMe+G4       13373.143    47  26840.285    26842.736    27100.844
107  TIM+G4        13373.143    47  26840.285    26842.736    27100.844
111  TIM+F+G4      13283.127    50  26666.254    26669.029    26943.445
115  TIM2e+G4      13367.977    47  26829.954    26832.405    27090.513
119  TIM2e+G4      13367.977    47  26829.954    26832.405    27090.513
123  TIM2+G4       13367.977    47  26829.954    26832.405    27090.512
127  TIM2+F+G4     13280.116    50  26660.232    26663.007    26937.423
131  TIM3e+G4      13354.046    47  26802.093    26804.544    27062.652
135  TIM3e+G4      13354.046    47  26802.093    26804.544    27062.652
139  TIM3+G4       13354.046    47  26802.091    26804.542    27062.650
143  TIM3+F+G4     13282.908    50  26665.816    26668.591    26943.006
147  TVMe+G4       13353.363    48  26802.726    26805.283    27068.829
151  TVMe+G4       13353.363    48  26802.726    26805.283    27068.829
155  TVM+G4        13353.362    48  26802.724    26805.281    27068.827
159  TVM+F+G4      13284.491    51  26670.982    26673.870    26953.716
163  SYM+G4        13348.483    49  26794.965    26797.630    27066.612
167  SYM+G4        13348.483    49  26794.965    26797.630    27066.612
171  GTR+G4        13348.483    49  26794.965    26797.630    27066.611
175  GTR+F+G4      13279.610    52  26663.221    26666.223    26951.498
Akaike Information Criterion:           TIM2+F+G4
Corrected Akaike Information Criterion: TIM2+F+G4
Bayesian Information Criterion:         TN+F+G4
Best-fit model: TN+F+G4 chosen according to BIC

All model information printed to results/07_phylogeny/Not_sex_linked/G4802.model.gz
CPU time for ModelFinder: 4.123 seconds (0h:0m:4s)
Wall-clock time for ModelFinder: 1.080 seconds (0h:0m:1s)
Generating 1000 samples for ultrafast bootstrap (seed: 601636)...

NOTE: 6 MB RAM (0 GB) is required!
Estimate model parameters (epsilon = 0.100)
1. Initial log-likelihood: -13283.162
Optimal log-likelihood: -13283.128
Rate parameters:  A-C: 1.00000  A-G: 2.53893  A-T: 1.00000  C-G: 1.00000  C-T: 3.18510  G-T: 1.00000
Base frequencies:  A: 0.254  C: 0.188  G: 0.236  T: 0.322
Gamma shape alpha: 0.828
Parameters optimization took 1 rounds (0.011 sec)
Wrote distance file to... 
Computing ML distances based on estimated model parameters...
Calculating distance matrix: done in 0.000894334 secs using 694.8% CPU
Computing ML distances took 0.001049 sec (of wall-clock time) 0.006373 sec (of CPU time)
Setting up auxiliary I and S matrices: done in 0.0486782 secs using 178% CPU
Constructing RapidNJ tree: done in 1.16137 secs using 199.1% CPU
Computing RapidNJ tree took 1.210199 sec (of wall-clock time) 2.399736 sec (of CPU time)
Log-likelihood of RapidNJ tree: -13336.991
--------------------------------------------------------------------
|             INITIALIZING CANDIDATE TREE SET                      |
--------------------------------------------------------------------
Generating 98 parsimony trees... 0.233 second
Computing log-likelihood of 98 initial trees ... 0.412 seconds
Current best score: -13253.773

Do NNI search on 20 best initial trees
Optimizing NNI: done in 0.0793506 secs using 396.5% CPU
Estimate model parameters (epsilon = 0.100)
BETTER TREE FOUND at iteration 1: -13241.395
Optimizing NNI: done in 0.0918044 secs using 395% CPU
Optimizing NNI: done in 0.0454018 secs using 399.6% CPU
Optimizing NNI: done in 0.0450118 secs using 397.6% CPU
Optimizing NNI: done in 0.0867112 secs using 390.8% CPU
Optimizing NNI: done in 0.0677352 secs using 398.9% CPU
Optimizing NNI: done in 0.0923743 secs using 386.7% CPU
Optimizing NNI: done in 0.0971711 secs using 393.4% CPU
Optimizing NNI: done in 0.0733092 secs using 393.7% CPU
Optimizing NNI: done in 0.0769598 secs using 392.8% CPU
Iteration 10 / LogL: -13241.396 / Time: 0h:0m:4s
Optimizing NNI: done in 0.0870491 secs using 394.2% CPU
Optimizing NNI: done in 0.0671727 secs using 392.3% CPU
Optimizing NNI: done in 0.0956343 secs using 392.7% CPU
Optimizing NNI: done in 0.115143 secs using 395.6% CPU
Optimizing NNI: done in 0.113108 secs using 395.8% CPU
Optimizing NNI: done in 0.0572702 secs using 394.7% CPU
Optimizing NNI: done in 0.077283 secs using 395.4% CPU
Optimizing NNI: done in 0.0643204 secs using 393.2% CPU
Optimizing NNI: done in 0.077937 secs using 395.4% CPU
Optimizing NNI: done in 0.113341 secs using 394.2% CPU
Iteration 20 / LogL: -13241.412 / Time: 0h:0m:4s
Finish initializing candidate tree set (10)
Current best tree score: -13241.395 / CPU time: 2.299
Number of iterations: 20
--------------------------------------------------------------------
|               OPTIMIZING CANDIDATE TREE SET                      |
--------------------------------------------------------------------
Optimizing NNI: done in 0.0677592 secs using 392.9% CPU
Optimizing NNI: done in 0.0746325 secs using 397.8% CPU
Optimizing NNI: done in 0.0783513 secs using 392.6% CPU
Optimizing NNI: done in 0.0464387 secs using 390.6% CPU
Optimizing NNI: done in 0.0336543 secs using 389.2% CPU
Optimizing NNI: done in 0.0635156 secs using 390.6% CPU
Optimizing NNI: done in 0.0653266 secs using 399.2% CPU
Optimizing NNI: done in 0.0603823 secs using 394% CPU
Optimizing NNI: done in 0.0824177 secs using 393.7% CPU
Optimizing NNI: done in 0.0695628 secs using 395.2% CPU
Iteration 30 / LogL: -13242.693 / Time: 0h:0m:5s (0h:0m:11s left)
Optimizing NNI: done in 0.0511637 secs using 395% CPU
Optimizing NNI: done in 0.0530389 secs using 391.9% CPU
Optimizing NNI: done in 0.0496164 secs using 393.8% CPU
Optimizing NNI: done in 0.0907722 secs using 394% CPU
Optimizing NNI: done in 0.0623631 secs using 392.7% CPU
Optimizing NNI: done in 0.0767438 secs using 390.8% CPU
Optimizing NNI: done in 0.0679712 secs using 396.5% CPU
Optimizing NNI: done in 0.0908471 secs using 392.7% CPU
Optimizing NNI: done in 0.0359521 secs using 392.3% CPU
Optimizing NNI: done in 0.0587636 secs using 395.3% CPU
Iteration 40 / LogL: -13241.442 / Time: 0h:0m:6s (0h:0m:8s left)
Optimizing NNI: done in 0.0745422 secs using 388.7% CPU
Optimizing NNI: done in 0.0900564 secs using 392.9% CPU
Optimizing NNI: done in 0.0667154 secs using 398.9% CPU
Optimizing NNI: done in 0.0425601 secs using 400.6% CPU
Optimizing NNI: done in 0.0473933 secs using 390.9% CPU
Optimizing NNI: done in 0.0714595 secs using 400% CPU
Optimizing NNI: done in 0.0573648 secs using 392.4% CPU
Optimizing NNI: done in 0.0624155 secs using 395.4% CPU
Optimizing NNI: done in 0.063051 secs using 391% CPU
Optimizing NNI: done in 0.0541648 secs using 393% CPU
Iteration 50 / LogL: -13241.441 / Time: 0h:0m:6s (0h:0m:6s left)
Log-likelihood cutoff on original alignment: -13276.981
Optimizing NNI: done in 0.0668944 secs using 394.5% CPU
Optimizing NNI: done in 0.0320555 secs using 396.9% CPU
Optimizing NNI: done in 0.034465 secs using 393.4% CPU
Optimizing NNI: done in 0.0706626 secs using 397.4% CPU
Optimizing NNI: done in 0.0426616 secs using 397.1% CPU
Optimizing NNI: done in 0.0723027 secs using 389.9% CPU
Optimizing NNI: done in 0.0914917 secs using 395.8% CPU
Optimizing NNI: done in 0.0528686 secs using 388.9% CPU
Optimizing NNI: done in 0.0578277 secs using 388.1% CPU
Optimizing NNI: done in 0.0533998 secs using 393.4% CPU
Iteration 60 / LogL: -13241.629 / Time: 0h:0m:7s (0h:0m:4s left)
Optimizing NNI: done in 0.0559305 secs using 394.4% CPU
Optimizing NNI: done in 0.0521498 secs using 389% CPU
Optimizing NNI: done in 0.0507665 secs using 398.8% CPU
Optimizing NNI: done in 0.0481968 secs using 398.3% CPU
Optimizing NNI: done in 0.0603025 secs using 392.8% CPU
Optimizing NNI: done in 0.0654966 secs using 390.8% CPU
Optimizing NNI: done in 0.0690026 secs using 396.4% CPU
Optimizing NNI: done in 0.0673769 secs using 391.7% CPU
Optimizing NNI: done in 0.0698674 secs using 397.1% CPU
Optimizing NNI: done in 0.0572748 secs using 394.6% CPU
Iteration 70 / LogL: -13241.404 / Time: 0h:0m:8s (0h:0m:3s left)
Optimizing NNI: done in 0.0604342 secs using 395.5% CPU
Optimizing NNI: done in 0.0598711 secs using 393.2% CPU
Optimizing NNI: done in 0.0875428 secs using 395.7% CPU
Optimizing NNI: done in 0.0660123 secs using 393.1% CPU
Optimizing NNI: done in 0.0605636 secs using 391.5% CPU
Optimizing NNI: done in 0.0744777 secs using 397.2% CPU
Optimizing NNI: done in 0.0523406 secs using 399.8% CPU
Optimizing NNI: done in 0.05752 secs using 395.2% CPU
Optimizing NNI: done in 0.0645879 secs using 396.6% CPU
Optimizing NNI: done in 0.0711159 secs using 395.9% CPU
Iteration 80 / LogL: -13242.037 / Time: 0h:0m:8s (0h:0m:2s left)
Optimizing NNI: done in 0.0933383 secs using 393.5% CPU
Optimizing NNI: done in 0.0538196 secs using 397.1% CPU
Optimizing NNI: done in 0.072094 secs using 394.8% CPU
Optimizing NNI: done in 0.0598243 secs using 395.5% CPU
Optimizing NNI: done in 0.0462264 secs using 396.4% CPU
Optimizing NNI: done in 0.0462304 secs using 396.5% CPU
Optimizing NNI: done in 0.0464969 secs using 388.3% CPU
Optimizing NNI: done in 0.0662025 secs using 396.7% CPU
Optimizing NNI: done in 0.0609355 secs using 394.8% CPU
Optimizing NNI: done in 0.0714508 secs using 396% CPU
Iteration 90 / LogL: -13281.579 / Time: 0h:0m:9s (0h:0m:1s left)
Optimizing NNI: done in 0.0458008 secs using 397% CPU
Optimizing NNI: done in 0.0452495 secs using 402.8% CPU
Optimizing NNI: done in 0.0464039 secs using 399.5% CPU
Optimizing NNI: done in 0.0941337 secs using 394.3% CPU
Optimizing NNI: done in 0.0541751 secs using 395.1% CPU
Optimizing NNI: done in 0.0599456 secs using 394.9% CPU
Optimizing NNI: done in 0.0615558 secs using 392.1% CPU
Optimizing NNI: done in 0.0605749 secs using 388.6% CPU
Optimizing NNI: done in 0.0526911 secs using 390.3% CPU
Optimizing NNI: done in 0.0665327 secs using 394% CPU
Iteration 100 / LogL: -13241.396 / Time: 0h:0m:10s (0h:0m:0s left)
Log-likelihood cutoff on original alignment: -13276.981
NOTE: Bootstrap correlation coefficient of split occurrence frequencies: 0.992
Optimizing NNI: done in 0.0599948 secs using 397.6% CPU
Optimizing NNI: done in 0.0600758 secs using 393.9% CPU
TREE SEARCH COMPLETED AFTER 102 ITERATIONS / Time: 0h:0m:10s

--------------------------------------------------------------------
|                    FINALIZING TREE SEARCH                        |
--------------------------------------------------------------------
Performs final model parameters optimization
Estimate model parameters (epsilon = 0.010)
1. Initial log-likelihood: -13241.395
Optimal log-likelihood: -13241.394
Rate parameters:  A-C: 1.00000  A-G: 2.54047  A-T: 1.00000  C-G: 1.00000  C-T: 3.15927  G-T: 1.00000
Base frequencies:  A: 0.254  C: 0.188  G: 0.236  T: 0.322
Gamma shape alpha: 0.828
Parameters optimization took 1 rounds (0.008 sec)
BEST SCORE FOUND : -13241.394
Creating bootstrap support values...
Split supports printed to NEXUS file results/07_phylogeny/Not_sex_linked/G4802.splits.nex
Total tree length: 1.415

Total number of iterations: 102
CPU time used for tree search: 29.594 sec (0h:0m:29s)
Wall-clock time used for tree search: 7.723 sec (0h:0m:7s)
Total CPU time used: 37.016 sec (0h:0m:37s)
Total wall-clock time used: 10.386 sec (0h:0m:10s)

Computing bootstrap consensus tree...
Reading input file results/07_phylogeny/Not_sex_linked/G4802.splits.nex...
23 taxa and 241 splits.
Consensus tree written to results/07_phylogeny/Not_sex_linked/G4802.contree
Reading input trees file results/07_phylogeny/Not_sex_linked/G4802.contree
Log-likelihood of consensus tree: -13241.410

Analysis results written to: 
  IQ-TREE report:                results/07_phylogeny/Not_sex_linked/G4802.iqtree
  Maximum-likelihood tree:       results/07_phylogeny/Not_sex_linked/G4802.treefile
  Likelihood distances:          results/07_phylogeny/Not_sex_linked/G4802.mldist

Ultrafast bootstrap approximation results written to:
  Split support values:          results/07_phylogeny/Not_sex_linked/G4802.splits.nex
  Consensus tree:                results/07_phylogeny/Not_sex_linked/G4802.contree
  Screen log file:               results/07_phylogeny/Not_sex_linked/G4802.log

Date and Time: Wed May 27 21:29:00 2026
