IQ-TREE version 3.0.1 for Linux x86 64-bit built Jul  9 2025
Developed by Bui Quang Minh, Thomas Wong, Nhan Ly-Trong, Huaiyan Ren
Contributed by Lam-Tung Nguyen, Dominik Schrempf, Chris Bielow,
Olga Chernomor, Michael Woodhams, Diep Thi Hoang, Heiko Schmidt

Host:    c0700a-s19.ufhpc (AVX2, FMA3, 1007 GB RAM)
Command: iqtree -s results/06_alignment/Not_sex_linked/trimmed/G5477.trimmed.aln --prefix results/07_phylogeny/Not_sex_linked/G5477 -m TEST -B 1000 -nt 4 -redo
Seed:    308161 (Using SPRNG - Scalable Parallel Random Number Generator)
Time:    Wed May 27 20:51:23 2026
Kernel:  AVX+FMA - 4 threads (8 CPU cores detected)

Reading alignment file results/06_alignment/Not_sex_linked/trimmed/G5477.trimmed.aln ... Fasta format detected
Reading fasta file: done in 0.000735127 secs using 50.6% CPU
Alignment most likely contains DNA/RNA sequences
Constructing alignment: done in 0.00128002 secs using 188.3% CPU
Alignment has 24 sequences with 1970 columns, 1007 distinct patterns
454 parsimony-informative, 632 singleton sites, 884 constant sites
                  Gap/Ambiguity  Composition  p-value
Analyzing sequences: done in 6.67952e-05 secs using 95.82% CPU
   1  S0016_G5477_R1_A    2.03%    passed     99.78%
   2  S0004_G5477_R1_A    0.00%    passed     91.04%
   3  S0031_G5477_R1_A    0.00%    passed     97.05%
   4  S0018_G5477_R1_A    0.36%    passed     95.41%
   5  S0028_G5477_R1_A    0.10%    passed     97.93%
   6  S0030_G5477_R1_A    1.07%    passed     97.54%
   7  S0019_G5477_R1_A    1.07%    passed     90.87%
   8  S0021_G5477_R1_A    0.05%    passed     88.94%
   9  S0021_G5477_R2_A    0.05%    passed     97.49%
  10  S0036_G5477_R1_A    1.57%    passed     87.37%
  11  S0046_G5477_R1_A    0.91%    passed     98.83%
  12  S0011_G5477_R1_A    0.66%    passed     98.50%
  13  S0048_G5477_R1_A    1.22%    passed     96.14%
  14  S0050_G5477_R1_A    0.71%    passed     86.26%
  15  S0013_G5477_R1_A    1.52%    passed     99.32%
  16  S0037_G5477_R2_A    0.51%    passed     77.35%
  17  S0022_G5477_R1_A    1.22%    passed     57.59%
  18  S0026_G5477_R1_A    2.74%    passed     95.95%
  19  S0020_G5477_R1_A    1.88%    passed     96.73%
  20  S0012_G5477_R1_A    2.84%    passed     58.43%
  21  S0017_G5477_R1_A    4.11%    passed     96.85%
  22  S0037_G5477_R1_A   12.94%    passed     92.49%
  23  S0005_G5477_R1_A    3.71%    passed     94.63%
  24  S0002_G5477_R1_A   17.82%    passed     86.38%
****  TOTAL               2.46%  0 sequences failed composition chi2 test (p-value<5%; df=3)
Checking for duplicate sequences: done in 0.000129933 secs using 99.28% CPU


Create initial parsimony tree by phylogenetic likelihood library (PLL)... 0.002 seconds
Perform fast likelihood tree search using GTR+I+G model...
Estimate model parameters (epsilon = 5.000)
Perform nearest neighbor interchange...
Optimizing NNI: done in 0.0606778 secs using 395.4% CPU
Estimate model parameters (epsilon = 1.000)
1. Initial log-likelihood: -12519.703
Optimal log-likelihood: -12519.400
Rate parameters:  A-C: 0.88020  A-G: 2.68704  A-T: 0.96095  C-G: 0.89024  C-T: 3.34236  G-T: 1.00000
Base frequencies:  A: 0.267  C: 0.179  G: 0.235  T: 0.319
Proportion of invariable sites: 0.198
Gamma shape alpha: 3.959
Parameters optimization took 1 rounds (0.017 sec)
Time for fast ML tree search: 0.160 seconds

NOTE: ModelFinder requires 7 MB RAM!
ModelFinder will test up to 176 DNA models (sample size: 1970 epsilon: 0.100) ...
 No. Model         -LnL         df  AIC          AICc         BIC
  1  JC            12967.341    45  26024.683    26026.834    26276.043
  2  JC+I          12888.040    46  25868.080    25870.329    26125.026
  3  JC+G4         12873.742    46  25839.484    25841.732    26096.430
  4  JC+I+G4       12874.981    47  25843.963    25846.311    26106.495
  7  JC+G4         12873.742    46  25839.484    25841.732    26096.430
 11  F81+G4        12873.742    46  25839.484    25841.732    26096.430
 15  F81+F+G4      12810.893    49  25719.786    25722.339    25993.490
 19  K2P+G4        12607.481    47  25308.962    25311.309    25571.494
 23  K2P+G4        12607.481    47  25308.962    25311.309    25571.494
 27  HKY+G4        12607.481    47  25308.962    25311.309    25571.494
 31  HKY+F+G4      12523.570    50  25147.139    25149.797    25426.429
 35  TNe+G4        12605.277    48  25306.555    25309.004    25574.673
 39  TNe+G4        12605.277    48  25306.555    25309.004    25574.673
 43  TN+G4         12605.277    48  25306.555    25309.004    25574.673
 47  TN+F+G4       12517.438    51  25136.876    25139.642    25421.752
 51  K3P+G4        12607.429    48  25310.859    25313.308    25578.977
 55  K3P+G4        12607.429    48  25310.859    25313.308    25578.977
 59  K3Pu+G4       12607.429    48  25310.859    25313.308    25578.977
 63  K3Pu+F+G4     12523.565    51  25149.129    25151.895    25434.004
 67  TPM2+G4       12607.085    48  25310.170    25312.619    25578.288
 71  TPM2+G4       12607.085    48  25310.170    25312.619    25578.288
 75  TPM2u+G4      12607.085    48  25310.170    25312.618    25578.288
 79  TPM2u+F+G4    12523.546    51  25149.091    25151.857    25433.967
 83  TPM3+G4       12589.471    48  25274.942    25277.390    25543.059
 87  TPM3+G4       12589.471    48  25274.942    25277.390    25543.059
 91  TPM3u+G4      12589.470    48  25274.940    25277.389    25543.058
 95  TPM3u+F+G4    12522.974    51  25147.948    25150.713    25432.823
 99  TIMe+G4       12605.226    49  25308.452    25311.004    25582.156
103  TIMe+G4       12605.226    49  25308.452    25311.004    25582.156
107  TIM+G4        12605.226    49  25308.451    25311.004    25582.155
111  TIM+F+G4      12517.434    52  25138.868    25141.743    25429.329
115  TIM2e+G4      12604.895    49  25307.790    25310.342    25581.493
119  TIM2e+G4      12604.895    49  25307.790    25310.342    25581.493
123  TIM2+G4       12604.895    49  25307.790    25310.342    25581.493
127  TIM2+F+G4     12517.420    52  25138.840    25141.715    25429.301
131  TIM3e+G4      12586.913    49  25271.826    25274.378    25545.530
135  TIM3e+G4      12586.913    49  25271.826    25274.378    25545.530
139  TIM3+G4       12586.912    49  25271.824    25274.376    25545.527
143  TIM3+F+G4     12516.928    52  25137.856    25140.731    25428.317
147  TVMe+G4       12589.061    50  25278.121    25280.779    25557.411
151  TVMe+G4       12589.061    50  25278.121    25280.779    25557.411
155  TVM+G4        12589.059    50  25278.118    25280.775    25557.407
159  TVM+F+G4      12522.944    53  25151.889    25154.876    25447.935
163  SYM+G4        12586.513    51  25275.026    25277.791    25559.901
167  SYM+G4        12586.513    51  25275.026    25277.791    25559.901
171  GTR+G4        12586.513    51  25275.026    25277.791    25559.901
175  GTR+F+G4      12516.899    54  25141.799    25144.901    25443.431
Akaike Information Criterion:           TN+F+G4
Corrected Akaike Information Criterion: TN+F+G4
Bayesian Information Criterion:         TN+F+G4
Best-fit model: TN+F+G4 chosen according to BIC

All model information printed to results/07_phylogeny/Not_sex_linked/G5477.model.gz
CPU time for ModelFinder: 4.778 seconds (0h:0m:4s)
Wall-clock time for ModelFinder: 1.211 seconds (0h:0m:1s)
Generating 1000 samples for ultrafast bootstrap (seed: 308161)...

NOTE: 7 MB RAM (0 GB) is required!
Estimate model parameters (epsilon = 0.100)
1. Initial log-likelihood: -12517.465
Optimal log-likelihood: -12517.438
Rate parameters:  A-C: 1.00000  A-G: 2.81804  A-T: 1.00000  C-G: 1.00000  C-T: 3.59039  G-T: 1.00000
Base frequencies:  A: 0.267  C: 0.179  G: 0.235  T: 0.319
Gamma shape alpha: 1.416
Parameters optimization took 1 rounds (0.012 sec)
Wrote distance file to... 
Computing ML distances based on estimated model parameters...
Calculating distance matrix: done in 0.00102578 secs using 509.7% CPU
Computing ML distances took 0.001163 sec (of wall-clock time) 0.005371 sec (of CPU time)
Setting up auxiliary I and S matrices: done in 0.0289474 secs using 148.7% CPU
Constructing RapidNJ tree: done in 0.236757 secs using 254.3% CPU
Computing RapidNJ tree took 0.265809 sec (of wall-clock time) 0.645690 sec (of CPU time)
Log-likelihood of RapidNJ tree: -12622.324
--------------------------------------------------------------------
|             INITIALIZING CANDIDATE TREE SET                      |
--------------------------------------------------------------------
Generating 98 parsimony trees... 0.272 second
Computing log-likelihood of 98 initial trees ... 0.459 seconds
Current best score: -12517.438

Do NNI search on 20 best initial trees
Optimizing NNI: done in 0.019435 secs using 390.9% CPU
Estimate model parameters (epsilon = 0.100)
BETTER TREE FOUND at iteration 1: -12517.438
Optimizing NNI: done in 0.0544684 secs using 400.4% CPU
Optimizing NNI: done in 0.05311 secs using 391.1% CPU
Optimizing NNI: done in 0.0539261 secs using 392.5% CPU
Optimizing NNI: done in 0.0757847 secs using 394.4% CPU
Optimizing NNI: done in 0.0633751 secs using 392.5% CPU
Optimizing NNI: done in 0.0995855 secs using 392.7% CPU
Optimizing NNI: done in 0.0538515 secs using 394.5% CPU
Optimizing NNI: done in 0.0539005 secs using 395.9% CPU
Optimizing NNI: done in 0.0551481 secs using 393% CPU
Iteration 10 / LogL: -12521.941 / Time: 0h:0m:2s
Optimizing NNI: done in 0.0562241 secs using 390.6% CPU
Optimizing NNI: done in 0.0502383 secs using 387.4% CPU
Optimizing NNI: done in 0.0711355 secs using 395.5% CPU
Optimizing NNI: done in 0.0480948 secs using 396.1% CPU
Optimizing NNI: done in 0.0483502 secs using 397.1% CPU
Optimizing NNI: done in 0.0524162 secs using 393.3% CPU
Optimizing NNI: done in 0.0540351 secs using 395.7% CPU
Optimizing NNI: done in 0.0620961 secs using 400.4% CPU
Optimizing NNI: done in 0.0645515 secs using 398.1% CPU
Optimizing NNI: done in 0.0662873 secs using 391.7% CPU
Estimate model parameters (epsilon = 0.100)
BETTER TREE FOUND at iteration 20: -12516.303
Iteration 20 / LogL: -12516.303 / Time: 0h:0m:3s
Finish initializing candidate tree set (11)
Current best tree score: -12516.303 / CPU time: 1.936
Number of iterations: 20
--------------------------------------------------------------------
|               OPTIMIZING CANDIDATE TREE SET                      |
--------------------------------------------------------------------
Optimizing NNI: done in 0.0565541 secs using 396.1% CPU
Optimizing NNI: done in 0.0568018 secs using 395% CPU
Optimizing NNI: done in 0.0925856 secs using 397.9% CPU
Optimizing NNI: done in 0.10163 secs using 389.8% CPU
Optimizing NNI: done in 0.0595566 secs using 394.6% CPU
Optimizing NNI: done in 0.0790044 secs using 392.6% CPU
Optimizing NNI: done in 0.0917282 secs using 396.3% CPU
Estimate model parameters (epsilon = 0.100)
BETTER TREE FOUND at iteration 27: -12512.253
Optimizing NNI: done in 0.0584239 secs using 390.3% CPU
Optimizing NNI: done in 0.0871772 secs using 394.8% CPU
Optimizing NNI: done in 0.063809 secs using 394.1% CPU
Iteration 30 / LogL: -12513.126 / Time: 0h:0m:4s (0h:0m:10s left)
Optimizing NNI: done in 0.0798745 secs using 394.4% CPU
Estimate model parameters (epsilon = 0.100)
BETTER TREE FOUND at iteration 31: -12511.878
Optimizing NNI: done in 0.0884163 secs using 392.5% CPU
Optimizing NNI: done in 0.109689 secs using 393.9% CPU
Optimizing NNI: done in 0.0900847 secs using 395% CPU
Optimizing NNI: done in 0.050661 secs using 391.7% CPU
Optimizing NNI: done in 0.0873529 secs using 394.1% CPU
Optimizing NNI: done in 0.112071 secs using 396.5% CPU
Optimizing NNI: done in 0.0646352 secs using 388.6% CPU
Optimizing NNI: done in 0.0689293 secs using 392.1% CPU
Optimizing NNI: done in 0.0826342 secs using 396.6% CPU
Iteration 40 / LogL: -12513.132 / Time: 0h:0m:5s (0h:0m:9s left)
Optimizing NNI: done in 0.08885 secs using 393.9% CPU
Optimizing NNI: done in 0.0713869 secs using 397.4% CPU
Optimizing NNI: done in 0.0611265 secs using 392.3% CPU
Optimizing NNI: done in 0.081005 secs using 395.9% CPU
Optimizing NNI: done in 0.0512706 secs using 394.1% CPU
Optimizing NNI: done in 0.0497193 secs using 388.6% CPU
Optimizing NNI: done in 0.0594162 secs using 398% CPU
Optimizing NNI: done in 0.0913009 secs using 392% CPU
Optimizing NNI: done in 0.0615788 secs using 388.9% CPU
Optimizing NNI: done in 0.179984 secs using 381.6% CPU
Iteration 50 / LogL: -12519.454 / Time: 0h:0m:5s (0h:0m:7s left)
Log-likelihood cutoff on original alignment: -12538.242
Optimizing NNI: done in 0.0833676 secs using 394.5% CPU
Optimizing NNI: done in 0.0651329 secs using 393.3% CPU
Optimizing NNI: done in 0.0787912 secs using 395.6% CPU
Optimizing NNI: done in 0.0732388 secs using 395.1% CPU
Optimizing NNI: done in 0.0874223 secs using 386.9% CPU
Optimizing NNI: done in 0.0676901 secs using 389.9% CPU
Optimizing NNI: done in 0.0724732 secs using 398% CPU
Optimizing NNI: done in 0.0828152 secs using 391.8% CPU
Optimizing NNI: done in 0.0760735 secs using 392.9% CPU
Optimizing NNI: done in 0.0827293 secs using 393.3% CPU
Iteration 60 / LogL: -12523.324 / Time: 0h:0m:6s (0h:0m:6s left)
Optimizing NNI: done in 0.0626023 secs using 395.9% CPU
Optimizing NNI: done in 0.0716417 secs using 398.4% CPU
Optimizing NNI: done in 0.0772014 secs using 391.1% CPU
Optimizing NNI: done in 0.0721205 secs using 396.8% CPU
Optimizing NNI: done in 0.0868398 secs using 390.8% CPU
Optimizing NNI: done in 0.0645915 secs using 396.3% CPU
Optimizing NNI: done in 0.0965762 secs using 391.5% CPU
Optimizing NNI: done in 0.053532 secs using 394.3% CPU
Optimizing NNI: done in 0.059442 secs using 395% CPU
Optimizing NNI: done in 0.0773268 secs using 392.3% CPU
Iteration 70 / LogL: -12512.255 / Time: 0h:0m:7s (0h:0m:5s left)
Optimizing NNI: done in 0.0735667 secs using 396.4% CPU
Optimizing NNI: done in 0.0516091 secs using 397.2% CPU
Optimizing NNI: done in 0.09018 secs using 394.4% CPU
Optimizing NNI: done in 0.0535224 secs using 392.1% CPU
Optimizing NNI: done in 0.0473619 secs using 399.6% CPU
Optimizing NNI: done in 0.0812504 secs using 394.7% CPU
Optimizing NNI: done in 0.0809951 secs using 397% CPU
Optimizing NNI: done in 0.0493537 secs using 399% CPU
Optimizing NNI: done in 0.0908246 secs using 389.8% CPU
Optimizing NNI: done in 0.106211 secs using 396.5% CPU
Iteration 80 / LogL: -12511.878 / Time: 0h:0m:8s (0h:0m:4s left)
Optimizing NNI: done in 0.0650901 secs using 396.8% CPU
Optimizing NNI: done in 0.0400923 secs using 393.9% CPU
Optimizing NNI: done in 0.0486175 secs using 393.6% CPU
UPDATE BEST LOG-LIKELIHOOD: -12511.878
Optimizing NNI: done in 0.0516932 secs using 397.2% CPU
Optimizing NNI: done in 0.0838416 secs using 394% CPU
Optimizing NNI: done in 0.0838304 secs using 397.9% CPU
Optimizing NNI: done in 0.072053 secs using 397% CPU
Optimizing NNI: done in 0.0562661 secs using 394.2% CPU
Optimizing NNI: done in 0.0665938 secs using 391.7% CPU
Optimizing NNI: done in 0.0746454 secs using 393.2% CPU
Iteration 90 / LogL: -12512.214 / Time: 0h:0m:9s (0h:0m:3s left)
Optimizing NNI: done in 0.0874884 secs using 396.9% CPU
UPDATE BEST LOG-LIKELIHOOD: -12511.877
Optimizing NNI: done in 0.072912 secs using 396.1% CPU
Optimizing NNI: done in 0.0620923 secs using 393.8% CPU
Optimizing NNI: done in 0.0802724 secs using 400% CPU
Optimizing NNI: done in 0.0454527 secs using 389.8% CPU
Optimizing NNI: done in 0.0778818 secs using 395.3% CPU
Optimizing NNI: done in 0.0828681 secs using 397.5% CPU
Optimizing NNI: done in 0.0646595 secs using 394.6% CPU
Optimizing NNI: done in 0.0878823 secs using 395.3% CPU
Optimizing NNI: done in 0.077161 secs using 391.5% CPU
Iteration 100 / LogL: -12517.153 / Time: 0h:0m:9s (0h:0m:2s left)
Log-likelihood cutoff on original alignment: -12538.242
NOTE: Bootstrap correlation coefficient of split occurrence frequencies: 1.000
Optimizing NNI: done in 0.0696396 secs using 390.3% CPU
Optimizing NNI: done in 0.0674289 secs using 395.7% CPU
Optimizing NNI: done in 0.0567312 secs using 393.4% CPU
Optimizing NNI: done in 0.0675459 secs using 387.2% CPU
Optimizing NNI: done in 0.0661414 secs using 387.8% CPU
Optimizing NNI: done in 0.0886025 secs using 395.8% CPU
Optimizing NNI: done in 0.0756475 secs using 395.3% CPU
Optimizing NNI: done in 0.0761357 secs using 393.9% CPU
Optimizing NNI: done in 0.0740266 secs using 393.1% CPU
Optimizing NNI: done in 0.0624887 secs using 398% CPU
Iteration 110 / LogL: -12513.350 / Time: 0h:0m:10s (0h:0m:7s left)
Optimizing NNI: done in 0.0917001 secs using 391.9% CPU
Optimizing NNI: done in 0.0420603 secs using 394.7% CPU
Optimizing NNI: done in 0.0672756 secs using 395.9% CPU
Optimizing NNI: done in 0.0959447 secs using 396.7% CPU
Optimizing NNI: done in 0.0691436 secs using 397% CPU
Optimizing NNI: done in 0.0448512 secs using 398.3% CPU
Optimizing NNI: done in 0.0981243 secs using 394.1% CPU
Optimizing NNI: done in 0.0940001 secs using 381.1% CPU
Optimizing NNI: done in 0.0866025 secs using 394.2% CPU
Optimizing NNI: done in 0.0984133 secs using 388.4% CPU
Iteration 120 / LogL: -12512.402 / Time: 0h:0m:11s (0h:0m:6s left)
Optimizing NNI: done in 0.0508303 secs using 394.6% CPU
Optimizing NNI: done in 0.104438 secs using 393.5% CPU
Optimizing NNI: done in 0.067776 secs using 395.6% CPU
Optimizing NNI: done in 0.0480591 secs using 397.1% CPU
Optimizing NNI: done in 0.0854499 secs using 390.2% CPU
Optimizing NNI: done in 0.0900336 secs using 395.4% CPU
Optimizing NNI: done in 0.0948801 secs using 396% CPU
Optimizing NNI: done in 0.0595292 secs using 396.9% CPU
Optimizing NNI: done in 0.0851818 secs using 392.5% CPU
Optimizing NNI: done in 0.0864702 secs using 398.4% CPU
UPDATE BEST LOG-LIKELIHOOD: -12511.877
Iteration 130 / LogL: -12511.877 / Time: 0h:0m:12s (0h:0m:5s left)
Optimizing NNI: done in 0.0901356 secs using 392.2% CPU
Optimizing NNI: done in 0.0922118 secs using 393.3% CPU
TREE SEARCH COMPLETED AFTER 132 ITERATIONS / Time: 0h:0m:12s

--------------------------------------------------------------------
|                    FINALIZING TREE SEARCH                        |
--------------------------------------------------------------------
Performs final model parameters optimization
Estimate model parameters (epsilon = 0.010)
1. Initial log-likelihood: -12511.877
Optimal log-likelihood: -12511.877
Rate parameters:  A-C: 1.00000  A-G: 2.79411  A-T: 1.00000  C-G: 1.00000  C-T: 3.58891  G-T: 1.00000
Base frequencies:  A: 0.267  C: 0.179  G: 0.235  T: 0.319
Gamma shape alpha: 1.433
Parameters optimization took 1 rounds (0.010 sec)
BEST SCORE FOUND : -12511.877
Creating bootstrap support values...
Split supports printed to NEXUS file results/07_phylogeny/Not_sex_linked/G5477.splits.nex
Total tree length: 1.085

Total number of iterations: 132
CPU time used for tree search: 41.913 sec (0h:0m:41s)
Wall-clock time used for tree search: 10.902 sec (0h:0m:10s)
Total CPU time used: 47.667 sec (0h:0m:47s)
Total wall-clock time used: 12.521 sec (0h:0m:12s)

Computing bootstrap consensus tree...
Reading input file results/07_phylogeny/Not_sex_linked/G5477.splits.nex...
24 taxa and 269 splits.
Consensus tree written to results/07_phylogeny/Not_sex_linked/G5477.contree
Reading input trees file results/07_phylogeny/Not_sex_linked/G5477.contree
Log-likelihood of consensus tree: -12512.217

Analysis results written to: 
  IQ-TREE report:                results/07_phylogeny/Not_sex_linked/G5477.iqtree
  Maximum-likelihood tree:       results/07_phylogeny/Not_sex_linked/G5477.treefile
  Likelihood distances:          results/07_phylogeny/Not_sex_linked/G5477.mldist

Ultrafast bootstrap approximation results written to:
  Split support values:          results/07_phylogeny/Not_sex_linked/G5477.splits.nex
  Consensus tree:                results/07_phylogeny/Not_sex_linked/G5477.contree
  Screen log file:               results/07_phylogeny/Not_sex_linked/G5477.log

Date and Time: Wed May 27 20:51:35 2026
