IQ-TREE version 3.0.1 for Linux x86 64-bit built Jul  9 2025
Developed by Bui Quang Minh, Thomas Wong, Nhan Ly-Trong, Huaiyan Ren
Contributed by Lam-Tung Nguyen, Dominik Schrempf, Chris Bielow,
Olga Chernomor, Michael Woodhams, Diep Thi Hoang, Heiko Schmidt

Host:    c0700a-s19.ufhpc (AVX2, FMA3, 1007 GB RAM)
Command: iqtree -s results/06_alignment/Not_sex_linked/trimmed/G5554.trimmed.aln --prefix results/07_phylogeny/Not_sex_linked/G5554 -m TEST -B 1000 -nt 4 -redo
Seed:    586944 (Using SPRNG - Scalable Parallel Random Number Generator)
Time:    Wed May 27 21:06:18 2026
Kernel:  AVX+FMA - 4 threads (8 CPU cores detected)

Reading alignment file results/06_alignment/Not_sex_linked/trimmed/G5554.trimmed.aln ... Fasta format detected
Reading fasta file: done in 0.00139453 secs using 17.35% CPU
Alignment most likely contains DNA/RNA sequences
Constructing alignment: done in 0.0017559 secs using 142.8% CPU
Alignment has 25 sequences with 2348 columns, 1537 distinct patterns
808 parsimony-informative, 694 singleton sites, 846 constant sites
                  Gap/Ambiguity  Composition  p-value
Analyzing sequences: done in 6.11639e-05 secs using 98.1% CPU
   1  S0021_G5554_R3_A   44.08%    failed      0.48%
   2  S0021_G5554_R4_A   44.08%    failed      0.39%
   3  S0011_G5554_R1_A   14.01%    passed     75.97%
   4  S0016_G5554_R1_A   11.07%    passed     88.52%
   5  S0019_G5554_R1_A   14.57%    passed     63.65%
   6  S0020_G5554_R1_A   13.67%    passed     78.87%
   7  S0036_G5554_R1_A   17.59%    passed     97.39%
   8  S0018_G5554_R1_A   15.59%    passed     96.39%
   9  S0031_G5554_R1_A   15.33%    passed     86.85%
  10  S0022_G5554_R1_A   16.06%    passed     79.83%
  11  S0004_G5554_R1_A   34.88%    passed     23.96%
  12  S0037_G5554_R1_A   26.96%    passed     89.85%
  13  S0002_G5554_R1_A   17.29%    failed      0.00%
  14  S0012_G5554_R1_A   15.80%    passed     79.11%
  15  S0017_G5554_R1_A   16.52%    passed     85.57%
  16  S0021_G5554_R1_A   14.14%    passed     22.24%
  17  S0021_G5554_R2_A   11.16%    passed     72.87%
  18  S0028_G5554_R1_A   10.35%    passed     39.65%
  19  S0030_G5554_R1_A   12.05%    passed     80.94%
  20  S0046_G5554_R1_A   11.46%    passed     67.69%
  21  S0026_G5554_R1_A   18.87%    passed     83.07%
  22  S0048_G5554_R1_A   11.03%    passed     75.43%
  23  S0050_G5554_R1_A   10.99%    passed     36.53%
  24  S0013_G5554_R1_A   14.95%    passed     82.28%
  25  S0005_G5554_R1_A   20.87%    passed     61.08%
****  TOTAL              18.13%  3 sequences failed composition chi2 test (p-value<5%; df=3)
Checking for duplicate sequences: done in 0.000191278 secs using 87.31% CPU


Create initial parsimony tree by phylogenetic likelihood library (PLL)... 0.004 seconds
Perform fast likelihood tree search using GTR+I+G model...
Estimate model parameters (epsilon = 5.000)
Perform nearest neighbor interchange...
Optimizing NNI: done in 0.0611759 secs using 391.2% CPU
Estimate model parameters (epsilon = 1.000)
1. Initial log-likelihood: -17856.596
Optimal log-likelihood: -17855.837
Rate parameters:  A-C: 0.89355  A-G: 2.42023  A-T: 0.97439  C-G: 0.97887  C-T: 3.04200  G-T: 1.00000
Base frequencies:  A: 0.302  C: 0.168  G: 0.216  T: 0.314
Proportion of invariable sites: 0.153
Gamma shape alpha: 1.715
Parameters optimization took 1 rounds (0.022 sec)
Time for fast ML tree search: 0.168 seconds

NOTE: ModelFinder requires 10 MB RAM!
ModelFinder will test up to 176 DNA models (sample size: 2348 epsilon: 0.100) ...
 No. Model         -LnL         df  AIC          AICc         BIC
  1  JC            18673.899    47  37441.798    37443.760    37712.580
  2  JC+I          18411.481    48  36918.961    36921.007    37195.505
  3  JC+G4         18318.785    48  36733.571    36735.617    37010.114
  4  JC+I+G4       18320.197    49  36738.395    36740.527    37020.699
  7  JC+G4         18318.785    48  36733.571    36735.617    37010.114
 11  F81+G4        18318.785    48  36733.571    36735.617    37010.114
 15  F81+F+G4      18207.088    51  36516.176    36518.486    36810.003
 19  K2P+G4        18021.279    49  36140.559    36142.691    36422.863
 23  K2P+G4        18021.279    49  36140.559    36142.691    36422.863
 27  HKY+G4        18021.279    49  36140.558    36142.690    36422.863
 31  HKY+F+G4      17860.744    52  35825.487    35827.889    36125.076
 35  TNe+G4        18020.401    50  36140.802    36143.023    36428.868
 39  TNe+G4        18020.401    50  36140.802    36143.023    36428.868
 43  TN+G4         18020.400    50  36140.801    36143.021    36428.867
 47  TN+F+G4       17852.672    53  35811.344    35813.839    36116.694
 51  K3P+G4        18017.006    50  36134.012    36136.232    36422.078
 55  K3P+G4        18017.006    50  36134.012    36136.232    36422.078
 59  K3Pu+G4       18017.005    50  36134.011    36136.231    36422.077
 63  K3Pu+F+G4     17860.654    53  35827.307    35829.802    36132.657
 67  TPM2+G4       18015.995    50  36131.989    36134.210    36420.055
 71  TPM2+G4       18015.995    50  36131.989    36134.210    36420.055
 75  TPM2u+G4      18015.994    50  36131.988    36134.209    36420.054
 79  TPM2u+F+G4    17860.379    53  35826.759    35829.254    36132.109
 83  TPM3+G4       17984.692    50  36069.384    36071.605    36357.450
 87  TPM3+G4       17984.692    50  36069.384    36071.605    36357.450
 91  TPM3u+G4      17984.691    50  36069.381    36071.602    36357.447
 95  TPM3u+F+G4    17860.242    53  35826.484    35828.980    36131.834
 99  TIMe+G4       18016.142    51  36134.283    36136.594    36428.111
103  TIMe+G4       18016.142    51  36134.283    36136.594    36428.111
107  TIM+G4        18016.140    51  36134.281    36136.591    36428.108
111  TIM+F+G4      17852.589    54  35813.178    35815.768    36124.289
115  TIM2e+G4      18015.219    51  36132.438    36134.748    36426.266
119  TIM2e+G4      18015.219    51  36132.438    36134.748    36426.266
123  TIM2+G4       18015.219    51  36132.438    36134.748    36426.265
127  TIM2+F+G4     17852.350    54  35812.700    35815.290    36123.811
131  TIM3e+G4      17983.192    51  36068.383    36070.693    36362.210
135  TIM3e+G4      17983.192    51  36068.383    36070.693    36362.210
139  TIM3+G4       17983.191    51  36068.382    36070.693    36362.210
143  TIM3+F+G4     17852.271    54  35812.543    35815.133    36123.654
147  TVMe+G4       17978.733    52  36061.467    36063.868    36361.055
151  TVMe+G4       17978.733    52  36061.467    36063.868    36361.055
155  TVM+G4        17978.733    52  36061.466    36063.868    36361.055
159  TVM+F+G4      17859.727    55  35829.454    35832.142    36146.327
163  SYM+G4        17977.385    53  36060.770    36063.265    36366.120
167  SYM+G4        17977.385    53  36060.770    36063.265    36366.120
171  GTR+G4        17977.382    53  36060.764    36063.259    36366.114
175  GTR+F+G4      17851.810    56  35815.621    35818.407    36138.254
Akaike Information Criterion:           TN+F+G4
Corrected Akaike Information Criterion: TN+F+G4
Bayesian Information Criterion:         TN+F+G4
Best-fit model: TN+F+G4 chosen according to BIC

All model information printed to results/07_phylogeny/Not_sex_linked/G5554.model.gz
CPU time for ModelFinder: 5.904 seconds (0h:0m:5s)
Wall-clock time for ModelFinder: 1.496 seconds (0h:0m:1s)
Generating 1000 samples for ultrafast bootstrap (seed: 586944)...

NOTE: 10 MB RAM (0 GB) is required!
Estimate model parameters (epsilon = 0.100)
1. Initial log-likelihood: -17852.688
Optimal log-likelihood: -17852.673
Rate parameters:  A-C: 1.00000  A-G: 2.49344  A-T: 1.00000  C-G: 1.00000  C-T: 3.19863  G-T: 1.00000
Base frequencies:  A: 0.302  C: 0.168  G: 0.216  T: 0.314
Gamma shape alpha: 0.966
Parameters optimization took 1 rounds (0.014 sec)
Wrote distance file to... 
Computing ML distances based on estimated model parameters...
Calculating distance matrix: done in 0.00116467 secs using 429.6% CPU
Computing ML distances took 0.001303 sec (of wall-clock time) 0.005145 sec (of CPU time)
Setting up auxiliary I and S matrices: done in 0.0208615 secs using 325.2% CPU
Constructing RapidNJ tree: done in 0.105 secs using 227.7% CPU
Computing RapidNJ tree took 0.125977 sec (of wall-clock time) 0.307420 sec (of CPU time)
Log-likelihood of RapidNJ tree: -18043.757
--------------------------------------------------------------------
|             INITIALIZING CANDIDATE TREE SET                      |
--------------------------------------------------------------------
Generating 98 parsimony trees... 0.415 second
Computing log-likelihood of 98 initial trees ... 0.694 seconds
Current best score: -17852.673

Do NNI search on 20 best initial trees
Optimizing NNI: done in 0.0294459 secs using 402.9% CPU
Estimate model parameters (epsilon = 0.100)
BETTER TREE FOUND at iteration 1: -17852.672
Optimizing NNI: done in 0.0891908 secs using 395.4% CPU
Optimizing NNI: done in 0.106169 secs using 394.8% CPU
Estimate model parameters (epsilon = 0.100)
UPDATE BEST LOG-LIKELIHOOD: -17851.355
Optimizing NNI: done in 0.0784123 secs using 392.1% CPU
Optimizing NNI: done in 0.0815746 secs using 395% CPU
Optimizing NNI: done in 0.108234 secs using 394.7% CPU
Estimate model parameters (epsilon = 0.100)
BETTER TREE FOUND at iteration 6: -17835.398
Optimizing NNI: done in 0.134892 secs using 394.5% CPU
Optimizing NNI: done in 0.152253 secs using 395.2% CPU
Optimizing NNI: done in 0.169229 secs using 396.2% CPU
Optimizing NNI: done in 0.161144 secs using 395% CPU
Iteration 10 / LogL: -17836.707 / Time: 0h:0m:4s
Optimizing NNI: done in 0.167064 secs using 395.2% CPU
Optimizing NNI: done in 0.159358 secs using 398.5% CPU
Optimizing NNI: done in 0.140321 secs using 395.2% CPU
Optimizing NNI: done in 0.138724 secs using 396.9% CPU
Optimizing NNI: done in 0.117025 secs using 394.5% CPU
Optimizing NNI: done in 0.167198 secs using 396.7% CPU
Optimizing NNI: done in 0.160573 secs using 393.6% CPU
Optimizing NNI: done in 0.129825 secs using 394.5% CPU
Optimizing NNI: done in 0.149604 secs using 392% CPU
Optimizing NNI: done in 0.103507 secs using 392.8% CPU
Iteration 20 / LogL: -17836.713 / Time: 0h:0m:5s
Finish initializing candidate tree set (8)
Current best tree score: -17835.398 / CPU time: 3.736
Number of iterations: 20
--------------------------------------------------------------------
|               OPTIMIZING CANDIDATE TREE SET                      |
--------------------------------------------------------------------
Optimizing NNI: done in 0.114774 secs using 390.9% CPU
Optimizing NNI: done in 0.114426 secs using 394.4% CPU
Optimizing NNI: done in 0.0816207 secs using 397.3% CPU
Optimizing NNI: done in 0.120887 secs using 393.3% CPU
Optimizing NNI: done in 0.115373 secs using 397.1% CPU
Optimizing NNI: done in 0.103808 secs using 395.8% CPU
Optimizing NNI: done in 0.131155 secs using 395% CPU
Optimizing NNI: done in 0.119483 secs using 394.4% CPU
Optimizing NNI: done in 0.144916 secs using 393.6% CPU
Optimizing NNI: done in 0.10538 secs using 392.6% CPU
Iteration 30 / LogL: -17842.448 / Time: 0h:0m:6s (0h:0m:13s left)
Optimizing NNI: done in 0.139005 secs using 396.1% CPU
Optimizing NNI: done in 0.12492 secs using 396.8% CPU
Optimizing NNI: done in 0.12417 secs using 394.5% CPU
Optimizing NNI: done in 0.128327 secs using 395.1% CPU
Optimizing NNI: done in 0.12229 secs using 391.8% CPU
Optimizing NNI: done in 0.14883 secs using 393.8% CPU
Optimizing NNI: done in 0.0802162 secs using 399% CPU
Optimizing NNI: done in 0.140956 secs using 394.4% CPU
Optimizing NNI: done in 0.0795119 secs using 394.2% CPU
Optimizing NNI: done in 0.143918 secs using 396.3% CPU
Iteration 40 / LogL: -17838.857 / Time: 0h:0m:7s (0h:0m:10s left)
Optimizing NNI: done in 0.119198 secs using 394.2% CPU
Optimizing NNI: done in 0.187559 secs using 393.7% CPU
Optimizing NNI: done in 0.0980263 secs using 395.5% CPU
Optimizing NNI: done in 0.117566 secs using 395.9% CPU
Optimizing NNI: done in 0.1252 secs using 393.2% CPU
Optimizing NNI: done in 0.101688 secs using 395.3% CPU
Optimizing NNI: done in 0.103578 secs using 395.7% CPU
Optimizing NNI: done in 0.11517 secs using 393.5% CPU
Optimizing NNI: done in 0.110839 secs using 393.9% CPU
Optimizing NNI: done in 0.114785 secs using 395.2% CPU
Iteration 50 / LogL: -17838.220 / Time: 0h:0m:9s (0h:0m:8s left)
Log-likelihood cutoff on original alignment: -17860.954
Optimizing NNI: done in 0.10598 secs using 392.1% CPU
Optimizing NNI: done in 0.0999782 secs using 396.5% CPU
Optimizing NNI: done in 0.125216 secs using 393.6% CPU
Optimizing NNI: done in 0.143355 secs using 393.7% CPU
Optimizing NNI: done in 0.130268 secs using 394.4% CPU
Optimizing NNI: done in 0.119103 secs using 396.3% CPU
Optimizing NNI: done in 0.108178 secs using 396% CPU
Optimizing NNI: done in 0.127844 secs using 393% CPU
Optimizing NNI: done in 0.158857 secs using 396.5% CPU
Optimizing NNI: done in 0.17918 secs using 394.3% CPU
Iteration 60 / LogL: -17835.400 / Time: 0h:0m:10s (0h:0m:7s left)
Optimizing NNI: done in 0.144898 secs using 394.1% CPU
Optimizing NNI: done in 0.146942 secs using 396.8% CPU
Optimizing NNI: done in 0.183073 secs using 392.4% CPU
Optimizing NNI: done in 0.181579 secs using 393.5% CPU
Optimizing NNI: done in 0.0922837 secs using 397.4% CPU
Optimizing NNI: done in 0.105104 secs using 395.9% CPU
Optimizing NNI: done in 0.120378 secs using 394.7% CPU
Optimizing NNI: done in 0.127975 secs using 392.7% CPU
Optimizing NNI: done in 0.107331 secs using 393.7% CPU
Optimizing NNI: done in 0.167274 secs using 393.3% CPU
Iteration 70 / LogL: -17838.212 / Time: 0h:0m:11s (0h:0m:5s left)
Optimizing NNI: done in 0.202953 secs using 391.3% CPU
Optimizing NNI: done in 0.138623 secs using 396.9% CPU
Optimizing NNI: done in 0.10634 secs using 399.1% CPU
Optimizing NNI: done in 0.10393 secs using 393.7% CPU
Optimizing NNI: done in 0.069226 secs using 396.4% CPU
Optimizing NNI: done in 0.149207 secs using 396.5% CPU
Optimizing NNI: done in 0.130778 secs using 395.6% CPU
Optimizing NNI: done in 0.135252 secs using 394.6% CPU
Optimizing NNI: done in 0.0796987 secs using 394.9% CPU
Optimizing NNI: done in 0.095175 secs using 396% CPU
Iteration 80 / LogL: -17838.668 / Time: 0h:0m:13s (0h:0m:3s left)
Optimizing NNI: done in 0.113093 secs using 393.7% CPU
Optimizing NNI: done in 0.153101 secs using 395.3% CPU
Optimizing NNI: done in 0.106594 secs using 394.8% CPU
Optimizing NNI: done in 0.123914 secs using 396.2% CPU
Optimizing NNI: done in 0.105187 secs using 395.1% CPU
Optimizing NNI: done in 0.122559 secs using 394.5% CPU
Optimizing NNI: done in 0.122821 secs using 393.1% CPU
Optimizing NNI: done in 0.14494 secs using 391.4% CPU
Optimizing NNI: done in 0.123279 secs using 395.6% CPU
Optimizing NNI: done in 0.099434 secs using 390.5% CPU
Iteration 90 / LogL: -17835.722 / Time: 0h:0m:14s (0h:0m:2s left)
Optimizing NNI: done in 0.0718993 secs using 396.3% CPU
Optimizing NNI: done in 0.135557 secs using 392.7% CPU
Optimizing NNI: done in 0.0765822 secs using 393.6% CPU
Optimizing NNI: done in 0.0785174 secs using 392.7% CPU
Optimizing NNI: done in 0.0847542 secs using 392.9% CPU
Optimizing NNI: done in 0.121395 secs using 393.2% CPU
Optimizing NNI: done in 0.130363 secs using 377.8% CPU
Optimizing NNI: done in 0.138925 secs using 395.6% CPU
Optimizing NNI: done in 0.119056 secs using 396.8% CPU
Optimizing NNI: done in 0.0738519 secs using 392.3% CPU
Iteration 100 / LogL: -17835.629 / Time: 0h:0m:15s (0h:0m:0s left)
Log-likelihood cutoff on original alignment: -17860.954
NOTE: Bootstrap correlation coefficient of split occurrence frequencies: 0.999
Optimizing NNI: done in 0.112083 secs using 394.6% CPU
Optimizing NNI: done in 0.12242 secs using 396.6% CPU
Optimizing NNI: done in 0.195611 secs using 393.4% CPU
Optimizing NNI: done in 0.157425 secs using 397.8% CPU
Optimizing NNI: done in 0.124695 secs using 396.8% CPU
Optimizing NNI: done in 0.121818 secs using 396.5% CPU
Optimizing NNI: done in 0.111498 secs using 396.4% CPU
TREE SEARCH COMPLETED AFTER 107 ITERATIONS / Time: 0h:0m:16s

--------------------------------------------------------------------
|                    FINALIZING TREE SEARCH                        |
--------------------------------------------------------------------
Performs final model parameters optimization
Estimate model parameters (epsilon = 0.010)
1. Initial log-likelihood: -17835.398
Optimal log-likelihood: -17835.397
Rate parameters:  A-C: 1.00000  A-G: 2.48163  A-T: 1.00000  C-G: 1.00000  C-T: 3.18069  G-T: 1.00000
Base frequencies:  A: 0.302  C: 0.168  G: 0.216  T: 0.314
Gamma shape alpha: 0.959
Parameters optimization took 1 rounds (0.012 sec)
BEST SCORE FOUND : -17835.397
Creating bootstrap support values...
Split supports printed to NEXUS file results/07_phylogeny/Not_sex_linked/G5554.splits.nex
Total tree length: 2.105

Total number of iterations: 107
CPU time used for tree search: 57.105 sec (0h:0m:57s)
Wall-clock time used for tree search: 14.834 sec (0h:0m:14s)
Total CPU time used: 63.771 sec (0h:1m:3s)
Total wall-clock time used: 16.639 sec (0h:0m:16s)

Computing bootstrap consensus tree...
Reading input file results/07_phylogeny/Not_sex_linked/G5554.splits.nex...
25 taxa and 144 splits.
Consensus tree written to results/07_phylogeny/Not_sex_linked/G5554.contree
Reading input trees file results/07_phylogeny/Not_sex_linked/G5554.contree
Log-likelihood of consensus tree: -17835.399

Analysis results written to: 
  IQ-TREE report:                results/07_phylogeny/Not_sex_linked/G5554.iqtree
  Maximum-likelihood tree:       results/07_phylogeny/Not_sex_linked/G5554.treefile
  Likelihood distances:          results/07_phylogeny/Not_sex_linked/G5554.mldist

Ultrafast bootstrap approximation results written to:
  Split support values:          results/07_phylogeny/Not_sex_linked/G5554.splits.nex
  Consensus tree:                results/07_phylogeny/Not_sex_linked/G5554.contree
  Screen log file:               results/07_phylogeny/Not_sex_linked/G5554.log

Date and Time: Wed May 27 21:06:35 2026
