IQ-TREE version 3.0.1 for Linux x86 64-bit built Jul  9 2025
Developed by Bui Quang Minh, Thomas Wong, Nhan Ly-Trong, Huaiyan Ren
Contributed by Lam-Tung Nguyen, Dominik Schrempf, Chris Bielow,
Olga Chernomor, Michael Woodhams, Diep Thi Hoang, Heiko Schmidt

Host:    c0700a-s19.ufhpc (AVX2, FMA3, 1007 GB RAM)
Command: iqtree -s results/06_alignment/Not_sex_linked/trimmed/G5816.trimmed.aln --prefix results/07_phylogeny/Not_sex_linked/G5816 -m TEST -B 1000 -nt 4 -redo
Seed:    722051 (Using SPRNG - Scalable Parallel Random Number Generator)
Time:    Wed May 27 21:29:33 2026
Kernel:  AVX+FMA - 4 threads (8 CPU cores detected)

Reading alignment file results/06_alignment/Not_sex_linked/trimmed/G5816.trimmed.aln ... Fasta format detected
Reading fasta file: done in 0.00129023 secs using 58.05% CPU
Alignment most likely contains DNA/RNA sequences
Constructing alignment: done in 0.00122135 secs using 339.1% CPU
Alignment has 22 sequences with 2116 columns, 844 distinct patterns
344 parsimony-informative, 635 singleton sites, 1137 constant sites
                  Gap/Ambiguity  Composition  p-value
Analyzing sequences: done in 5.4983e-05 secs using 100% CPU
   1  S0018_G5816_R1_A    0.00%    passed     98.71%
   2  S0031_G5816_R1_A    0.00%    passed     98.63%
   3  S0037_G5816_R1_A   32.94%    passed     47.18%
   4  S0020_G5816_R1_A    0.00%    passed     94.90%
   5  S0030_G5816_R1_A    0.24%    passed     96.86%
   6  S0036_G5816_R1_A    0.33%    passed     99.59%
   7  S0046_G5816_R1_A    0.57%    passed     88.44%
   8  S0002_G5816_R1_A    0.19%    passed     98.99%
   9  S0016_G5816_R1_A    0.19%    passed     97.46%
  10  S0022_G5816_R1_A    1.18%    passed     72.06%
  11  S0004_G5816_R1_A    0.24%    passed     99.80%
  12  S0048_G5816_R1_A   33.08%    passed     34.24%
  13  S0050_G5816_R1_A   33.03%    passed     47.12%
  14  S0005_G5816_R1_A    5.29%    passed     98.75%
  15  S0011_G5816_R1_A    3.07%    passed     99.85%
  16  S0013_G5816_R1_A    0.57%    passed     96.33%
  17  S0021_G5816_R1_A    0.66%    passed     97.72%
  18  S0021_G5816_R2_A    1.42%    passed     99.80%
  19  S0017_G5816_R1_A    2.74%    passed     95.73%
  20  S0019_G5816_R1_A   38.66%    passed     63.33%
  21  S0028_G5816_R1_A   39.37%    passed     29.65%
  22  S0012_G5816_R1_A    0.14%    passed     78.63%
****  TOTAL               8.81%  0 sequences failed composition chi2 test (p-value<5%; df=3)
Checking for duplicate sequences: done in 9.93959e-05 secs using 99.6% CPU


Create initial parsimony tree by phylogenetic likelihood library (PLL)... 0.002 seconds
Perform fast likelihood tree search using GTR+I+G model...
Estimate model parameters (epsilon = 5.000)
Perform nearest neighbor interchange...
Optimizing NNI: done in 0.0391496 secs using 396% CPU
Estimate model parameters (epsilon = 1.000)
1. Initial log-likelihood: -10809.312
Optimal log-likelihood: -10809.177
Rate parameters:  A-C: 0.66198  A-G: 3.33421  A-T: 1.17164  C-G: 0.77190  C-T: 2.73367  G-T: 1.00000
Base frequencies:  A: 0.247  C: 0.209  G: 0.241  T: 0.303
Proportion of invariable sites: 0.248
Gamma shape alpha: 6.278
Parameters optimization took 1 rounds (0.015 sec)
Time for fast ML tree search: 0.135 seconds

NOTE: ModelFinder requires 5 MB RAM!
ModelFinder will test up to 176 DNA models (sample size: 2116 epsilon: 0.100) ...
 No. Model         -LnL         df  AIC          AICc         BIC
  1  JC            11155.120    41  22392.240    22393.900    22624.188
  2  JC+I          11106.709    42  22297.418    22299.160    22535.024
  3  JC+G4         11100.593    42  22285.185    22286.928    22522.791
  4  JC+I+G4       11103.114    43  22292.229    22294.055    22535.492
  7  JC+G4         11100.593    42  22285.185    22286.928    22522.791
 11  F81+G4        11100.593    42  22285.185    22286.928    22522.791
 15  F81+F+G4      11058.555    45  22207.109    22209.109    22461.687
 19  K2P+G4        10869.768    43  21825.536    21827.362    22068.799
 23  K2P+G4        10869.768    43  21825.536    21827.362    22068.799
 27  HKY+G4        10869.768    43  21825.536    21827.362    22068.799
 31  HKY+F+G4      10820.852    46  21733.704    21735.794    21993.939
 35  TNe+G4        10867.365    44  21822.730    21824.642    22071.650
 39  TNe+G4        10867.365    44  21822.730    21824.642    22071.650
 43  TN+G4         10867.365    44  21822.730    21824.642    22071.650
 47  TN+F+G4       10817.728    47  21729.456    21731.638    21995.349
 51  K3P+G4        10868.334    44  21824.668    21826.580    22073.589
 55  K3P+G4        10868.334    44  21824.668    21826.580    22073.589
 59  K3Pu+G4       10868.334    44  21824.668    21826.580    22073.589
 63  K3Pu+F+G4     10819.447    47  21732.893    21735.075    21998.785
 67  TPM2+G4       10869.491    44  21826.983    21828.895    22075.903
 71  TPM2+G4       10869.491    44  21826.983    21828.895    22075.903
 75  TPM2u+G4      10869.491    44  21826.983    21828.895    22075.903
 79  TPM2u+F+G4    10820.691    47  21735.383    21737.565    22001.275
 83  TPM3+G4       10845.058    44  21778.115    21780.028    22027.036
 87  TPM3+G4       10845.058    44  21778.115    21780.028    22027.036
 91  TPM3u+G4      10845.058    44  21778.115    21780.028    22027.036
 95  TPM3u+F+G4    10811.209    47  21716.418    21718.600    21982.310
 99  TIMe+G4       10865.929    45  21821.857    21823.857    22076.435
103  TIMe+G4       10865.929    45  21821.857    21823.857    22076.435
107  TIM+G4        10865.929    45  21821.857    21823.857    22076.435
111  TIM+F+G4      10816.325    48  21728.650    21730.925    22000.199
115  TIM2e+G4      10867.093    45  21824.185    21826.185    22078.763
119  TIM2e+G4      10867.093    45  21824.185    21826.185    22078.763
123  TIM2+G4       10867.093    45  21824.185    21826.185    22078.763
127  TIM2+F+G4     10817.574    48  21731.148    21733.423    22002.697
131  TIM3e+G4      10842.839    45  21775.679    21777.679    22030.256
135  TIM3e+G4      10842.839    45  21775.679    21777.679    22030.256
139  TIM3+G4       10842.839    45  21775.678    21777.678    22030.256
143  TIM3+F+G4     10807.939    48  21711.877    21714.153    21983.427
147  TVMe+G4       10843.398    46  21778.795    21780.885    22039.030
151  TVMe+G4       10843.398    46  21778.795    21780.885    22039.030
155  TVM+G4        10843.397    46  21778.793    21780.883    22039.028
159  TVM+F+G4      10809.730    49  21717.459    21719.831    21994.666
163  SYM+G4        10841.179    47  21776.358    21778.539    22042.250
167  SYM+G4        10841.179    47  21776.358    21778.539    22042.250
171  GTR+G4        10841.179    47  21776.357    21778.539    22042.250
175  GTR+F+G4      10806.453    50  21712.906    21715.376    21995.770
Akaike Information Criterion:           TIM3+F+G4
Corrected Akaike Information Criterion: TIM3+F+G4
Bayesian Information Criterion:         TPM3u+F+G4
Best-fit model: TPM3u+F+G4 chosen according to BIC

All model information printed to results/07_phylogeny/Not_sex_linked/G5816.model.gz
CPU time for ModelFinder: 3.282 seconds (0h:0m:3s)
Wall-clock time for ModelFinder: 0.834 seconds (0h:0m:0s)
Generating 1000 samples for ultrafast bootstrap (seed: 722051)...

NOTE: 5 MB RAM (0 GB) is required!
Estimate model parameters (epsilon = 0.100)
1. Initial log-likelihood: -10811.235
Optimal log-likelihood: -10811.209
Rate parameters:  A-C: 0.66156  A-G: 2.79068  A-T: 1.00000  C-G: 0.66156  C-T: 2.79068  G-T: 1.00000
Base frequencies:  A: 0.247  C: 0.209  G: 0.241  T: 0.303
Gamma shape alpha: 1.384
Parameters optimization took 1 rounds (0.010 sec)
Wrote distance file to... 
Computing ML distances based on estimated model parameters...
Calculating distance matrix: done in 0.000663653 secs using 514.9% CPU
Computing ML distances took 0.000788 sec (of wall-clock time) 0.003548 sec (of CPU time)
Setting up auxiliary I and S matrices: done in 0.0411933 secs using 293.7% CPU
Constructing RapidNJ tree: done in 0.503743 secs using 251% CPU
Computing RapidNJ tree took 0.545077 sec (of wall-clock time) 1.385479 sec (of CPU time)
Log-likelihood of RapidNJ tree: -10826.345
--------------------------------------------------------------------
|             INITIALIZING CANDIDATE TREE SET                      |
--------------------------------------------------------------------
Generating 98 parsimony trees... 0.193 second
Computing log-likelihood of 98 initial trees ... 0.374 seconds
Current best score: -10811.209

Do NNI search on 20 best initial trees
Optimizing NNI: done in 0.0167254 secs using 384.3% CPU
Estimate model parameters (epsilon = 0.100)
BETTER TREE FOUND at iteration 1: -10811.208
Optimizing NNI: done in 0.0322127 secs using 388.9% CPU
Optimizing NNI: done in 0.0407156 secs using 387.1% CPU
Optimizing NNI: done in 0.0339887 secs using 397.5% CPU
Optimizing NNI: done in 0.0485491 secs using 390.2% CPU
Estimate model parameters (epsilon = 0.100)
BETTER TREE FOUND at iteration 5: -10810.893
Optimizing NNI: done in 0.0533 secs using 391.9% CPU
Optimizing NNI: done in 0.035065 secs using 396.7% CPU
UPDATE BEST LOG-LIKELIHOOD: -10810.893
Optimizing NNI: done in 0.041305 secs using 390.6% CPU
Optimizing NNI: done in 0.0531302 secs using 395% CPU
Optimizing NNI: done in 0.0339254 secs using 392% CPU
Iteration 10 / LogL: -10810.894 / Time: 0h:0m:2s
Optimizing NNI: done in 0.0519485 secs using 392% CPU
Optimizing NNI: done in 0.0465272 secs using 393.9% CPU
Optimizing NNI: done in 0.0395371 secs using 390.7% CPU
Optimizing NNI: done in 0.0440398 secs using 396.5% CPU
Optimizing NNI: done in 0.0439422 secs using 395.6% CPU
Optimizing NNI: done in 0.0396268 secs using 390% CPU
Optimizing NNI: done in 0.0378149 secs using 396.2% CPU
Optimizing NNI: done in 0.0419023 secs using 393.5% CPU
UPDATE BEST LOG-LIKELIHOOD: -10810.893
Optimizing NNI: done in 0.0507885 secs using 392.8% CPU
Optimizing NNI: done in 0.0472548 secs using 393.8% CPU
Iteration 20 / LogL: -10811.353 / Time: 0h:0m:2s
Finish initializing candidate tree set (4)
Current best tree score: -10810.893 / CPU time: 1.435
Number of iterations: 20
--------------------------------------------------------------------
|               OPTIMIZING CANDIDATE TREE SET                      |
--------------------------------------------------------------------
Optimizing NNI: done in 0.0660387 secs using 393.9% CPU
UPDATE BEST LOG-LIKELIHOOD: -10810.893
Optimizing NNI: done in 0.0766762 secs using 392.2% CPU
Optimizing NNI: done in 0.0532863 secs using 393.7% CPU
Optimizing NNI: done in 0.0446375 secs using 390.3% CPU
Optimizing NNI: done in 0.0638105 secs using 395.3% CPU
Estimate model parameters (epsilon = 0.100)
BETTER TREE FOUND at iteration 25: -10810.030
Optimizing NNI: done in 0.0831637 secs using 399.3% CPU
Optimizing NNI: done in 0.0627987 secs using 395% CPU
Optimizing NNI: done in 0.0704487 secs using 394% CPU
Optimizing NNI: done in 0.0702396 secs using 394.9% CPU
BETTER TREE FOUND at iteration 29: -10810.028
Optimizing NNI: done in 0.0755643 secs using 389.9% CPU
Iteration 30 / LogL: -10839.548 / Time: 0h:0m:3s (0h:0m:9s left)
Optimizing NNI: done in 0.0756647 secs using 390.8% CPU
Optimizing NNI: done in 0.0636624 secs using 397.5% CPU
Optimizing NNI: done in 0.0560272 secs using 395.3% CPU
UPDATE BEST LOG-LIKELIHOOD: -10810.027
Optimizing NNI: done in 0.04158 secs using 390.8% CPU
Optimizing NNI: done in 0.052385 secs using 389.4% CPU
Optimizing NNI: done in 0.0466368 secs using 399.6% CPU
Optimizing NNI: done in 0.0674623 secs using 393.8% CPU
Optimizing NNI: done in 0.0973199 secs using 393.4% CPU
Optimizing NNI: done in 0.0497421 secs using 391.2% CPU
Optimizing NNI: done in 0.0553249 secs using 393.7% CPU
Iteration 40 / LogL: -10811.415 / Time: 0h:0m:4s (0h:0m:7s left)
Optimizing NNI: done in 0.0565615 secs using 396.3% CPU
Optimizing NNI: done in 0.0725903 secs using 393.6% CPU
UPDATE BEST LOG-LIKELIHOOD: -10810.027
Optimizing NNI: done in 0.0566958 secs using 398.8% CPU
Optimizing NNI: done in 0.0524006 secs using 389.4% CPU
Optimizing NNI: done in 0.0759787 secs using 395% CPU
Optimizing NNI: done in 0.0971465 secs using 395.5% CPU
Optimizing NNI: done in 0.0635419 secs using 392.8% CPU
Optimizing NNI: done in 0.0871091 secs using 392.3% CPU
Optimizing NNI: done in 0.043782 secs using 387.1% CPU
Optimizing NNI: done in 0.0596256 secs using 393.8% CPU
Iteration 50 / LogL: -10811.372 / Time: 0h:0m:5s (0h:0m:6s left)
Log-likelihood cutoff on original alignment: -10845.870
Optimizing NNI: done in 0.061247 secs using 393.6% CPU
Optimizing NNI: done in 0.0685196 secs using 392.1% CPU
Optimizing NNI: done in 0.072418 secs using 398.6% CPU
Optimizing NNI: done in 0.0800034 secs using 392.7% CPU
Optimizing NNI: done in 0.0412138 secs using 396% CPU
Optimizing NNI: done in 0.053504 secs using 398.5% CPU
Optimizing NNI: done in 0.0707967 secs using 398.4% CPU
Optimizing NNI: done in 0.0570911 secs using 397.1% CPU
Optimizing NNI: done in 0.0599442 secs using 394.5% CPU
Optimizing NNI: done in 0.0701347 secs using 395.6% CPU
Iteration 60 / LogL: -10811.220 / Time: 0h:0m:5s (0h:0m:5s left)
Optimizing NNI: done in 0.0450291 secs using 397.4% CPU
Optimizing NNI: done in 0.0593382 secs using 397.6% CPU
Optimizing NNI: done in 0.061522 secs using 393.6% CPU
Optimizing NNI: done in 0.0569241 secs using 397.9% CPU
Optimizing NNI: done in 0.0761761 secs using 394.1% CPU
Optimizing NNI: done in 0.0905349 secs using 390.1% CPU
Optimizing NNI: done in 0.0837509 secs using 396.1% CPU
Optimizing NNI: done in 0.0622091 secs using 393.3% CPU
Optimizing NNI: done in 0.0965262 secs using 393% CPU
Optimizing NNI: done in 0.0597954 secs using 390% CPU
Iteration 70 / LogL: -10812.242 / Time: 0h:0m:6s (0h:0m:4s left)
Optimizing NNI: done in 0.0739328 secs using 392.6% CPU
Optimizing NNI: done in 0.0529168 secs using 394.4% CPU
UPDATE BEST LOG-LIKELIHOOD: -10810.027
Optimizing NNI: done in 0.0701444 secs using 394% CPU
Optimizing NNI: done in 0.0828455 secs using 397.1% CPU
Optimizing NNI: done in 0.0372113 secs using 396.1% CPU
Optimizing NNI: done in 0.0622362 secs using 394.8% CPU
Optimizing NNI: done in 0.0669389 secs using 396.3% CPU
Optimizing NNI: done in 0.0516118 secs using 390.1% CPU
Optimizing NNI: done in 0.0694324 secs using 394.2% CPU
Optimizing NNI: done in 0.0465522 secs using 391.7% CPU
Iteration 80 / LogL: -10811.237 / Time: 0h:0m:7s (0h:0m:3s left)
Optimizing NNI: done in 0.0722476 secs using 393.8% CPU
Optimizing NNI: done in 0.0524263 secs using 397.2% CPU
Optimizing NNI: done in 0.0468163 secs using 396.6% CPU
Optimizing NNI: done in 0.0413582 secs using 395.1% CPU
Optimizing NNI: done in 0.0555553 secs using 398.2% CPU
Optimizing NNI: done in 0.0656976 secs using 395.8% CPU
Optimizing NNI: done in 0.076268 secs using 399.1% CPU
Optimizing NNI: done in 0.0684131 secs using 397.2% CPU
Optimizing NNI: done in 0.0679508 secs using 396.2% CPU
Optimizing NNI: done in 0.0764129 secs using 392% CPU
Iteration 90 / LogL: -10810.954 / Time: 0h:0m:7s (0h:0m:3s left)
Optimizing NNI: done in 0.0687041 secs using 394.6% CPU
Optimizing NNI: done in 0.0651087 secs using 392.6% CPU
Optimizing NNI: done in 0.0459701 secs using 395.6% CPU
Optimizing NNI: done in 0.086114 secs using 395.1% CPU
Optimizing NNI: done in 0.0642455 secs using 393.5% CPU
Optimizing NNI: done in 0.0719013 secs using 394.1% CPU
Optimizing NNI: done in 0.0688874 secs using 392.4% CPU
Optimizing NNI: done in 0.0635836 secs using 398.1% CPU
Optimizing NNI: done in 0.0841435 secs using 397.1% CPU
Optimizing NNI: done in 0.0688569 secs using 394.1% CPU
Iteration 100 / LogL: -10810.901 / Time: 0h:0m:8s (0h:0m:2s left)
Log-likelihood cutoff on original alignment: -10845.870
NOTE: Bootstrap correlation coefficient of split occurrence frequencies: 0.998
Optimizing NNI: done in 0.0579984 secs using 392.5% CPU
Optimizing NNI: done in 0.039149 secs using 396.5% CPU
Optimizing NNI: done in 0.069672 secs using 391.9% CPU
Optimizing NNI: done in 0.0707459 secs using 397.4% CPU
Optimizing NNI: done in 0.0635513 secs using 398.3% CPU
Optimizing NNI: done in 0.0520881 secs using 396.2% CPU
Optimizing NNI: done in 0.0700563 secs using 393.3% CPU
Optimizing NNI: done in 0.0853165 secs using 398.9% CPU
Optimizing NNI: done in 0.0592359 secs using 399.8% CPU
Optimizing NNI: done in 0.0633258 secs using 394.6% CPU
Iteration 110 / LogL: -10810.628 / Time: 0h:0m:9s (0h:0m:6s left)
Optimizing NNI: done in 0.0398171 secs using 394.1% CPU
Optimizing NNI: done in 0.0561519 secs using 395% CPU
Optimizing NNI: done in 0.0461951 secs using 396.4% CPU
Optimizing NNI: done in 0.0504365 secs using 391.3% CPU
Optimizing NNI: done in 0.0677872 secs using 391.3% CPU
Optimizing NNI: done in 0.0645713 secs using 399.6% CPU
Optimizing NNI: done in 0.0830302 secs using 389.2% CPU
Optimizing NNI: done in 0.0575542 secs using 387.6% CPU
Optimizing NNI: done in 0.0657221 secs using 395.9% CPU
Optimizing NNI: done in 0.0903607 secs using 394.1% CPU
Iteration 120 / LogL: -10812.238 / Time: 0h:0m:9s (0h:0m:6s left)
Optimizing NNI: done in 0.0518256 secs using 388.9% CPU
Optimizing NNI: done in 0.088756 secs using 396.3% CPU
Optimizing NNI: done in 0.0642479 secs using 399.5% CPU
Optimizing NNI: done in 0.0499751 secs using 393.7% CPU
Optimizing NNI: done in 0.0999468 secs using 395.8% CPU
Optimizing NNI: done in 0.0399507 secs using 397.9% CPU
Optimizing NNI: done in 0.0545676 secs using 400% CPU
Optimizing NNI: done in 0.07194 secs using 389.5% CPU
Optimizing NNI: done in 0.0656471 secs using 394.5% CPU
Optimizing NNI: done in 0.0709267 secs using 386.8% CPU
Iteration 130 / LogL: -10810.618 / Time: 0h:0m:10s (0h:0m:5s left)
TREE SEARCH COMPLETED AFTER 130 ITERATIONS / Time: 0h:0m:10s

--------------------------------------------------------------------
|                    FINALIZING TREE SEARCH                        |
--------------------------------------------------------------------
Performs final model parameters optimization
Estimate model parameters (epsilon = 0.010)
1. Initial log-likelihood: -10810.027
Optimal log-likelihood: -10810.027
Rate parameters:  A-C: 0.65053  A-G: 2.77314  A-T: 1.00000  C-G: 0.65053  C-T: 2.77314  G-T: 1.00000
Base frequencies:  A: 0.247  C: 0.209  G: 0.241  T: 0.303
Gamma shape alpha: 1.386
Parameters optimization took 1 rounds (0.008 sec)
BEST SCORE FOUND : -10810.027
Creating bootstrap support values...
Split supports printed to NEXUS file results/07_phylogeny/Not_sex_linked/G5816.splits.nex
Total tree length: 0.817

Total number of iterations: 130
CPU time used for tree search: 34.874 sec (0h:0m:34s)
Wall-clock time used for tree search: 9.051 sec (0h:0m:9s)
Total CPU time used: 40.053 sec (0h:0m:40s)
Total wall-clock time used: 10.647 sec (0h:0m:10s)

Computing bootstrap consensus tree...
Reading input file results/07_phylogeny/Not_sex_linked/G5816.splits.nex...
22 taxa and 217 splits.
Consensus tree written to results/07_phylogeny/Not_sex_linked/G5816.contree
Reading input trees file results/07_phylogeny/Not_sex_linked/G5816.contree
Log-likelihood of consensus tree: -10810.953

Analysis results written to: 
  IQ-TREE report:                results/07_phylogeny/Not_sex_linked/G5816.iqtree
  Maximum-likelihood tree:       results/07_phylogeny/Not_sex_linked/G5816.treefile
  Likelihood distances:          results/07_phylogeny/Not_sex_linked/G5816.mldist

Ultrafast bootstrap approximation results written to:
  Split support values:          results/07_phylogeny/Not_sex_linked/G5816.splits.nex
  Consensus tree:                results/07_phylogeny/Not_sex_linked/G5816.contree
  Screen log file:               results/07_phylogeny/Not_sex_linked/G5816.log

Date and Time: Wed May 27 21:29:44 2026
