IQ-TREE version 3.0.1 for Linux x86 64-bit built Jul  9 2025
Developed by Bui Quang Minh, Thomas Wong, Nhan Ly-Trong, Huaiyan Ren
Contributed by Lam-Tung Nguyen, Dominik Schrempf, Chris Bielow,
Olga Chernomor, Michael Woodhams, Diep Thi Hoang, Heiko Schmidt

Host:    c0700a-s19.ufhpc (AVX2, FMA3, 1007 GB RAM)
Command: iqtree -s results/06_alignment/Not_sex_linked/trimmed/G5812.trimmed.aln --prefix results/07_phylogeny/Not_sex_linked/G5812 -m TEST -B 1000 -nt 4 -redo
Seed:    873551 (Using SPRNG - Scalable Parallel Random Number Generator)
Time:    Wed May 27 20:58:02 2026
Kernel:  AVX+FMA - 4 threads (8 CPU cores detected)

Reading alignment file results/06_alignment/Not_sex_linked/trimmed/G5812.trimmed.aln ... Fasta format detected
Reading fasta file: done in 0.000892571 secs using 55.01% CPU
Alignment most likely contains DNA/RNA sequences
Constructing alignment: done in 0.00139778 secs using 159.3% CPU
Alignment has 23 sequences with 2174 columns, 870 distinct patterns
364 parsimony-informative, 698 singleton sites, 1112 constant sites
                  Gap/Ambiguity  Composition  p-value
Analyzing sequences: done in 0.00689971 secs using 298.9% CPU
   1  S0037_G5812_R1_A    0.09%    passed     96.62%
   2  S0011_G5812_R1_A    1.84%    passed     99.06%
   3  S0018_G5812_R1_A    1.06%    passed     94.19%
   4  S0026_G5812_R1_A    0.55%    passed     88.58%
   5  S0019_G5812_R1_A    0.05%    passed     97.84%
   6  S0020_G5812_R1_A    0.41%    passed     97.56%
   7  S0036_G5812_R1_A    0.05%    passed     98.00%
   8  S0046_G5812_R1_A    0.05%    passed     98.70%
   9  S0016_G5812_R1_A    1.15%    passed     99.11%
  10  S0031_G5812_R1_A    0.28%    passed     99.29%
  11  S0030_G5812_R1_A    1.01%    passed     86.02%
  12  S0002_G5812_R1_A    2.62%    passed     98.93%
  13  S0017_G5812_R1_A    0.92%    passed     94.99%
  14  S0021_G5812_R1_A    1.61%    passed     88.25%
  15  S0021_G5812_R2_A    3.04%    passed     89.92%
  16  S0013_G5812_R1_A    0.28%    passed     99.01%
  17  S0022_G5812_R1_A    3.96%    passed     98.21%
  18  S0012_G5812_R1_A    0.37%    passed     95.59%
  19  S0028_G5812_R1_A    1.38%    passed     92.49%
  20  S0048_G5812_R1_A    1.84%    passed     92.87%
  21  S0050_G5812_R1_A    0.64%    passed     97.92%
  22  S0004_G5812_R1_A    1.84%    passed     97.47%
  23  S0005_G5812_R1_A    4.46%    passed     77.70%
****  TOTAL               1.28%  0 sequences failed composition chi2 test (p-value<5%; df=3)
Checking for duplicate sequences: done in 0.0137844 secs using 291.6% CPU


Create initial parsimony tree by phylogenetic likelihood library (PLL)... 0.002 seconds
Perform fast likelihood tree search using GTR+I+G model...
Estimate model parameters (epsilon = 5.000)
Perform nearest neighbor interchange...
Optimizing NNI: done in 0.0282126 secs using 395.1% CPU
Estimate model parameters (epsilon = 1.000)
1. Initial log-likelihood: -11943.191
Optimal log-likelihood: -11943.153
Rate parameters:  A-C: 0.89451  A-G: 3.05655  A-T: 0.97041  C-G: 0.94457  C-T: 2.74855  G-T: 1.00000
Base frequencies:  A: 0.239  C: 0.194  G: 0.226  T: 0.341
Proportion of invariable sites: 0.239
Gamma shape alpha: 9.841
Parameters optimization took 1 rounds (0.017 sec)
Time for fast ML tree search: 0.208 seconds

NOTE: ModelFinder requires 5 MB RAM!
ModelFinder will test up to 176 DNA models (sample size: 2174 epsilon: 0.100) ...
 No. Model         -LnL         df  AIC          AICc         BIC
  1  JC            12316.478    43  24718.956    24720.733    24963.382
  2  JC+I          12261.458    44  24610.916    24612.776    24861.026
  3  JC+G4         12261.714    44  24611.429    24613.289    24861.539
  4  JC+I+G4       12259.870    45  24609.740    24611.685    24865.534
  6  JC+I          12261.458    44  24610.916    24612.776    24861.026
  7  JC+G4         12261.714    44  24611.429    24613.289    24861.539
  8  JC+I+G4       12259.870    45  24609.740    24611.685    24865.534
 10  F81+I         12261.458    44  24610.916    24612.776    24861.026
 11  F81+G4        12261.715    44  24611.429    24613.289    24861.539
 12  F81+I+G4      12259.861    45  24609.721    24611.667    24865.516
 14  F81+F+I       12181.225    47  24456.451    24458.573    24723.614
 15  F81+F+G4      12181.825    47  24457.651    24459.773    24724.814
 16  F81+F+I+G4    12179.862    48  24455.725    24457.938    24728.572
 18  K2P+I         12040.561    45  24171.123    24173.068    24426.917
 19  K2P+G4        12040.160    45  24170.321    24172.266    24426.115
 20  K2P+I+G4      12038.508    46  24169.017    24171.050    24430.496
 22  K2P+I         12040.561    45  24171.123    24173.068    24426.917
 23  K2P+G4        12040.160    45  24170.321    24172.266    24426.115
 24  K2P+I+G4      12038.508    46  24169.017    24171.050    24430.496
 26  HKY+I         12040.561    45  24171.123    24173.068    24426.918
 27  HKY+G4        12040.160    45  24170.321    24172.266    24426.115
 28  HKY+I+G4      12038.499    46  24168.998    24171.031    24430.477
 30  HKY+F+I       11946.467    48  23988.934    23991.148    24261.782
 31  HKY+F+G4      11946.040    48  23988.080    23990.293    24260.927
 32  HKY+F+I+G4    11944.551    49  23987.102    23989.409    24265.633
 34  TNe+I         12040.483    46  24172.967    24175.000    24434.446
 35  TNe+G4        12040.109    46  24172.219    24174.252    24433.698
 36  TNe+I+G4      12038.388    47  24170.776    24172.898    24437.939
 38  TNe+I         12040.483    46  24172.967    24175.000    24434.446
 39  TNe+G4        12040.109    46  24172.219    24174.252    24433.698
 40  TNe+I+G4      12038.388    47  24170.776    24172.898    24437.939
 42  TN+I          12040.484    46  24172.967    24175.000    24434.446
 43  TN+G4         12040.109    46  24172.219    24174.252    24433.698
 44  TN+I+G4       12038.382    47  24170.765    24172.887    24437.928
 46  TN+F+I        11945.262    49  23988.524    23990.831    24267.056
 47  TN+F+G4       11944.996    49  23987.992    23990.299    24266.524
 48  TN+F+I+G4     11943.379    50  23986.759    23989.161    24270.975
 50  K3P+I         12040.558    46  24173.116    24175.149    24434.595
 51  K3P+G4        12040.151    46  24172.303    24174.336    24433.782
 52  K3P+I+G4      12038.486    47  24170.973    24173.095    24438.136
 54  K3P+I         12040.558    46  24173.116    24175.149    24434.595
 55  K3P+G4        12040.151    46  24172.303    24174.336    24433.782
 56  K3P+I+G4      12038.486    47  24170.973    24173.095    24438.136
 58  K3Pu+I        12040.558    46  24173.115    24175.148    24434.594
 59  K3Pu+G4       12040.153    46  24172.307    24174.340    24433.786
 60  K3Pu+I+G4     12038.476    47  24170.952    24173.074    24438.115
 62  K3Pu+F+I      11946.467    49  23990.934    23993.241    24269.466
 63  K3Pu+F+G4     11946.040    49  23990.080    23992.387    24268.612
 64  K3Pu+F+I+G4   11944.544    50  23989.089    23991.491    24273.305
 66  TPM2+I        12040.557    46  24173.114    24175.147    24434.593
 67  TPM2+G4       12040.160    46  24172.321    24174.354    24433.800
 68  TPM2+I+G4     12038.490    47  24170.980    24173.103    24438.144
 70  TPM2+I        12040.557    46  24173.114    24175.147    24434.593
 71  TPM2+G4       12040.160    46  24172.321    24174.354    24433.800
 72  TPM2+I+G4     12038.490    47  24170.980    24173.103    24438.144
 74  TPM2u+I       12040.556    46  24173.112    24175.145    24434.591
 75  TPM2u+G4      12040.161    46  24172.321    24174.354    24433.800
 76  TPM2u+I+G4    12038.482    47  24170.965    24173.087    24438.128
 78  TPM2u+F+I     11946.328    49  23990.655    23992.962    24269.187
 79  TPM2u+F+G4    11945.953    49  23989.906    23992.213    24268.438
 80  TPM2u+F+I+G4  11944.432    50  23988.864    23991.266    24273.080
 82  TPM3+I        12029.009    46  24150.018    24152.051    24411.497
 83  TPM3+G4       12028.105    46  24148.210    24150.243    24409.689
 84  TPM3+I+G4     12026.583    47  24147.165    24149.288    24414.328
 86  TPM3+I        12029.009    46  24150.018    24152.051    24411.497
 87  TPM3+G4       12028.105    46  24148.210    24150.243    24409.689
 88  TPM3+I+G4     12026.583    47  24147.165    24149.288    24414.328
 90  TPM3u+I       12029.009    46  24150.019    24152.052    24411.498
 91  TPM3u+G4      12028.105    46  24148.211    24150.243    24409.689
 92  TPM3u+I+G4    12026.575    47  24147.151    24149.273    24414.314
 94  TPM3u+F+I     11946.134    49  23990.268    23992.575    24268.800
 95  TPM3u+F+G4    11945.794    49  23989.589    23991.896    24268.121
 96  TPM3u+F+I+G4  11944.249    50  23988.498    23990.900    24272.714
 98  TIMe+I        12040.479    47  24174.959    24177.081    24442.122
 99  TIMe+G4       12040.102    47  24174.204    24176.326    24441.367
100  TIMe+I+G4     12038.380    48  24172.760    24174.973    24445.607
102  TIMe+I        12040.479    47  24174.959    24177.081    24442.122
103  TIMe+G4       12040.102    47  24174.204    24176.326    24441.367
104  TIMe+I+G4     12038.380    48  24172.760    24174.973    24445.607
106  TIM+I         12040.480    47  24174.959    24177.081    24442.122
107  TIM+G4        12040.101    47  24174.203    24176.325    24441.366
108  TIM+I+G4      12038.374    48  24172.748    24174.962    24445.596
110  TIM+F+I       11945.262    50  23990.524    23992.927    24274.741
111  TIM+F+G4      11944.996    50  23989.993    23992.395    24274.209
112  TIM+F+I+G4    11943.367    51  23988.733    23991.233    24278.634
114  TIM2e+I       12040.479    47  24174.958    24177.080    24442.121
115  TIM2e+G4      12040.111    47  24174.222    24176.344    24441.385
116  TIM2e+I+G4    12038.364    48  24172.729    24174.942    24445.576
118  TIM2e+I       12040.479    47  24174.958    24177.080    24442.121
119  TIM2e+G4      12040.111    47  24174.222    24176.344    24441.385
120  TIM2e+I+G4    12038.364    48  24172.729    24174.942    24445.576
122  TIM2+I        12040.479    47  24174.958    24177.080    24442.121
123  TIM2+G4       12040.110    47  24174.219    24176.342    24441.382
124  TIM2+I+G4     12038.360    48  24172.720    24174.934    24445.568
126  TIM2+F+I      11945.126    50  23990.251    23992.653    24274.467
127  TIM2+F+G4     11944.906    50  23989.812    23992.214    24274.028
128  TIM2+F+I+G4   11943.247    51  23988.494    23990.993    24278.394
130  TIM3e+I       12028.960    47  24151.921    24154.043    24419.084
131  TIM3e+G4      12028.075    47  24150.149    24152.272    24417.313
132  TIM3e+I+G4    12026.478    48  24148.957    24151.170    24421.804
134  TIM3e+I       12028.960    47  24151.921    24154.043    24419.084
135  TIM3e+G4      12028.075    47  24150.149    24152.272    24417.313
136  TIM3e+I+G4    12026.478    48  24148.957    24151.170    24421.804
138  TIM3+I        12028.960    47  24151.920    24154.042    24419.083
139  TIM3+G4       12028.074    47  24150.148    24152.271    24417.311
140  TIM3+I+G4     12026.475    48  24148.949    24151.163    24421.797
142  TIM3+F+I      11944.914    50  23989.827    23992.229    24274.043
143  TIM3+F+G4     11944.726    50  23989.451    23991.853    24273.667
144  TIM3+F+I+G4   11943.038    51  23988.076    23990.576    24277.977
146  TVMe+I        12028.991    48  24153.982    24156.196    24426.830
147  TVMe+G4       12028.089    48  24152.177    24154.391    24425.025
148  TVMe+I+G4     12026.500    49  24151.000    24153.307    24429.532
150  TVMe+I        12028.991    48  24153.982    24156.196    24426.830
151  TVMe+G4       12028.089    48  24152.177    24154.391    24425.025
152  TVMe+I+G4     12026.500    49  24151.000    24153.307    24429.532
154  TVM+I         12028.991    48  24153.982    24156.195    24426.829
155  TVM+G4        12028.089    48  24152.177    24154.391    24425.025
156  TVM+I+G4      12026.497    49  24150.994    24153.301    24429.526
158  TVM+F+I       11945.982    51  23993.964    23996.464    24283.865
159  TVM+F+G4      11945.690    51  23993.380    23995.880    24283.281
160  TVM+F+I+G4    11944.098    52  23992.195    23994.794    24287.780
162  SYM+I         12028.948    49  24155.895    24158.202    24434.427
163  SYM+G4        12028.065    49  24154.130    24156.437    24432.662
164  SYM+I+G4      12026.463    50  24152.925    24155.328    24437.142
166  SYM+I         12028.948    49  24155.895    24158.202    24434.427
167  SYM+G4        12028.065    49  24154.130    24156.437    24432.662
168  SYM+I+G4      12026.463    50  24152.925    24155.328    24437.142
170  GTR+I         12028.948    49  24155.895    24158.202    24434.427
171  GTR+G4        12028.065    49  24154.130    24156.437    24432.662
172  GTR+I+G4      12026.460    50  24152.919    24155.321    24437.135
174  GTR+F+I       11944.772    52  23993.545    23996.143    24289.129
175  GTR+F+G4      11944.626    52  23993.252    23995.851    24288.837
176  GTR+F+I+G4    11942.901    53  23991.802    23994.502    24293.071
Akaike Information Criterion:           TN+F+I+G4
Corrected Akaike Information Criterion: TN+F+I+G4
Bayesian Information Criterion:         HKY+F+G4
Best-fit model: HKY+F+G4 chosen according to BIC

All model information printed to results/07_phylogeny/Not_sex_linked/G5812.model.gz
CPU time for ModelFinder: 8.799 seconds (0h:0m:8s)
Wall-clock time for ModelFinder: 2.260 seconds (0h:0m:2s)
Generating 1000 samples for ultrafast bootstrap (seed: 873551)...

NOTE: 5 MB RAM (0 GB) is required!
Estimate model parameters (epsilon = 0.100)
1. Initial log-likelihood: -11946.093
Optimal log-likelihood: -11946.035
Rate parameters:  A-C: 1.00000  A-G: 3.01968  A-T: 1.00000  C-G: 1.00000  C-T: 3.01968  G-T: 1.00000
Base frequencies:  A: 0.239  C: 0.194  G: 0.226  T: 0.341
Gamma shape alpha: 1.602
Parameters optimization took 1 rounds (0.131 sec)
Wrote distance file to... 
Computing ML distances based on estimated model parameters...
Calculating distance matrix: done in 0.000681876 secs using 795.9% CPU
Computing ML distances took 0.000794 sec (of wall-clock time) 0.005543 sec (of CPU time)
Setting up auxiliary I and S matrices: done in 0.0529594 secs using 189.4% CPU
Constructing RapidNJ tree: done in 1.26607 secs using 171.5% CPU
Computing RapidNJ tree took 1.319156 sec (of wall-clock time) 2.271929 sec (of CPU time)
Log-likelihood of RapidNJ tree: -11997.279
--------------------------------------------------------------------
|             INITIALIZING CANDIDATE TREE SET                      |
--------------------------------------------------------------------
Generating 98 parsimony trees... 0.208 second
Computing log-likelihood of 98 initial trees ... 0.386 seconds
Current best score: -11946.035

Do NNI search on 20 best initial trees
Optimizing NNI: done in 0.0313601 secs using 393.8% CPU
Estimate model parameters (epsilon = 0.100)
BETTER TREE FOUND at iteration 1: -11945.174
Optimizing NNI: done in 0.0661087 secs using 398.2% CPU
Optimizing NNI: done in 0.0489797 secs using 389.2% CPU
Optimizing NNI: done in 0.0485076 secs using 396.4% CPU
Optimizing NNI: done in 0.0498948 secs using 397.8% CPU
Optimizing NNI: done in 0.0582996 secs using 394% CPU
Optimizing NNI: done in 0.046198 secs using 393.9% CPU
Optimizing NNI: done in 0.0504333 secs using 392.6% CPU
Optimizing NNI: done in 0.0469308 secs using 393.4% CPU
Optimizing NNI: done in 0.0518455 secs using 396.5% CPU
Iteration 10 / LogL: -11945.175 / Time: 0h:0m:6s
Optimizing NNI: done in 0.0736374 secs using 398.7% CPU
Optimizing NNI: done in 0.0702878 secs using 396% CPU
Optimizing NNI: done in 0.0495318 secs using 394.4% CPU
Optimizing NNI: done in 0.0508286 secs using 394.1% CPU
UPDATE BEST LOG-LIKELIHOOD: -11945.167
Optimizing NNI: done in 0.0515043 secs using 392.2% CPU
Optimizing NNI: done in 0.0528716 secs using 396.4% CPU
Optimizing NNI: done in 0.0567065 secs using 397.1% CPU
Optimizing NNI: done in 0.0700412 secs using 392.6% CPU
Optimizing NNI: done in 0.0490824 secs using 394.9% CPU
Optimizing NNI: done in 0.0513591 secs using 393.4% CPU
Iteration 20 / LogL: -11945.178 / Time: 0h:0m:6s
Finish initializing candidate tree set (10)
Current best tree score: -11945.167 / CPU time: 1.694
Number of iterations: 20
--------------------------------------------------------------------
|               OPTIMIZING CANDIDATE TREE SET                      |
--------------------------------------------------------------------
Optimizing NNI: done in 0.0739616 secs using 394.8% CPU
Optimizing NNI: done in 0.0719431 secs using 392.1% CPU
Optimizing NNI: done in 0.0754956 secs using 395.6% CPU
Optimizing NNI: done in 0.0519896 secs using 395.3% CPU
Optimizing NNI: done in 0.0739909 secs using 393.2% CPU
Optimizing NNI: done in 0.0586159 secs using 390.6% CPU
Optimizing NNI: done in 0.0511534 secs using 394.4% CPU
Optimizing NNI: done in 0.0632158 secs using 393.2% CPU
Optimizing NNI: done in 0.0512944 secs using 401.4% CPU
Optimizing NNI: done in 0.0641884 secs using 389.1% CPU
Iteration 30 / LogL: -11945.171 / Time: 0h:0m:7s (0h:0m:12s left)
Optimizing NNI: done in 0.0825451 secs using 394.4% CPU
Optimizing NNI: done in 0.0750113 secs using 393.4% CPU
Optimizing NNI: done in 0.0710487 secs using 391.6% CPU
Optimizing NNI: done in 0.064028 secs using 392.3% CPU
Optimizing NNI: done in 0.0921206 secs using 391.4% CPU
Optimizing NNI: done in 0.0609647 secs using 396.1% CPU
Optimizing NNI: done in 0.0620052 secs using 394% CPU
Optimizing NNI: done in 0.0667463 secs using 397% CPU
Optimizing NNI: done in 0.0721151 secs using 392.9% CPU
Optimizing NNI: done in 0.0640916 secs using 398% CPU
Iteration 40 / LogL: -11945.175 / Time: 0h:0m:8s (0h:0m:9s left)
Optimizing NNI: done in 0.08745 secs using 387.7% CPU
Optimizing NNI: done in 0.0490454 secs using 397.1% CPU
Optimizing NNI: done in 0.0567143 secs using 386.7% CPU
Optimizing NNI: done in 0.0808151 secs using 392% CPU
Optimizing NNI: done in 0.0662122 secs using 393.5% CPU
Optimizing NNI: done in 0.0516746 secs using 399.3% CPU
Optimizing NNI: done in 0.0953265 secs using 392.2% CPU
Optimizing NNI: done in 0.0643243 secs using 394.3% CPU
Optimizing NNI: done in 0.0699439 secs using 396.2% CPU
Optimizing NNI: done in 0.0640434 secs using 388% CPU
Iteration 50 / LogL: -11946.954 / Time: 0h:0m:8s (0h:0m:6s left)
Log-likelihood cutoff on original alignment: -11992.421
Optimizing NNI: done in 0.0868815 secs using 395.5% CPU
Optimizing NNI: done in 0.0642452 secs using 399.1% CPU
Optimizing NNI: done in 0.056708 secs using 393.5% CPU
Optimizing NNI: done in 0.0898666 secs using 391.1% CPU
Optimizing NNI: done in 0.0459642 secs using 395.3% CPU
Optimizing NNI: done in 0.0485144 secs using 392.1% CPU
Optimizing NNI: done in 0.0746046 secs using 390.8% CPU
Optimizing NNI: done in 0.0703112 secs using 391.8% CPU
Optimizing NNI: done in 0.0473846 secs using 393% CPU
Optimizing NNI: done in 0.0568118 secs using 396.7% CPU
Iteration 60 / LogL: -11945.171 / Time: 0h:0m:9s (0h:0m:5s left)
Optimizing NNI: done in 0.0687792 secs using 398.5% CPU
Optimizing NNI: done in 0.0421931 secs using 398.3% CPU
Optimizing NNI: done in 0.0627643 secs using 396.9% CPU
Optimizing NNI: done in 0.0785106 secs using 394.1% CPU
Optimizing NNI: done in 0.0616853 secs using 392.6% CPU
Optimizing NNI: done in 0.0735774 secs using 393.5% CPU
Optimizing NNI: done in 0.0683369 secs using 393.1% CPU
Optimizing NNI: done in 0.0956241 secs using 392.2% CPU
Optimizing NNI: done in 0.0672573 secs using 394.8% CPU
Optimizing NNI: done in 0.0688902 secs using 395.3% CPU
Iteration 70 / LogL: -11945.172 / Time: 0h:0m:10s (0h:0m:3s left)
Optimizing NNI: done in 0.0643095 secs using 395.8% CPU
Optimizing NNI: done in 0.0842406 secs using 396.2% CPU
Optimizing NNI: done in 0.0637674 secs using 395.2% CPU
Optimizing NNI: done in 0.0986005 secs using 392.4% CPU
Optimizing NNI: done in 0.0668955 secs using 397.7% CPU
Optimizing NNI: done in 0.0855846 secs using 396.5% CPU
Optimizing NNI: done in 0.0628532 secs using 396.6% CPU
Optimizing NNI: done in 0.0665159 secs using 392.1% CPU
Optimizing NNI: done in 0.0681608 secs using 390.9% CPU
Optimizing NNI: done in 0.0563929 secs using 390.1% CPU
Iteration 80 / LogL: -11945.686 / Time: 0h:0m:11s (0h:0m:2s left)
Optimizing NNI: done in 0.0659035 secs using 394.8% CPU
Optimizing NNI: done in 0.076619 secs using 393.5% CPU
Optimizing NNI: done in 0.0560059 secs using 395.7% CPU
Optimizing NNI: done in 0.0665195 secs using 387.7% CPU
Optimizing NNI: done in 0.0742789 secs using 396.2% CPU
Optimizing NNI: done in 0.0684134 secs using 394% CPU
Optimizing NNI: done in 0.0517392 secs using 398.7% CPU
Optimizing NNI: done in 0.0845239 secs using 395.4% CPU
Optimizing NNI: done in 0.071193 secs using 396.5% CPU
Optimizing NNI: done in 0.0647882 secs using 395.4% CPU
Iteration 90 / LogL: -11945.170 / Time: 0h:0m:11s (0h:0m:1s left)
Optimizing NNI: done in 0.100386 secs using 396.1% CPU
Optimizing NNI: done in 0.0545679 secs using 396% CPU
Optimizing NNI: done in 0.0725493 secs using 395.1% CPU
Optimizing NNI: done in 0.0602758 secs using 401% CPU
Optimizing NNI: done in 0.0544544 secs using 399.9% CPU
Optimizing NNI: done in 0.0496425 secs using 395.6% CPU
Optimizing NNI: done in 0.067412 secs using 398.6% CPU
Optimizing NNI: done in 0.0784446 secs using 394.3% CPU
Optimizing NNI: done in 0.0686509 secs using 398.8% CPU
Optimizing NNI: done in 0.0791125 secs using 393% CPU
Iteration 100 / LogL: -11945.170 / Time: 0h:0m:12s (0h:0m:0s left)
Log-likelihood cutoff on original alignment: -11992.421
NOTE: Bootstrap correlation coefficient of split occurrence frequencies: 0.987
NOTE: UFBoot does not converge, continue at least 100 more iterations
Optimizing NNI: done in 0.0801778 secs using 393.8% CPU
Optimizing NNI: done in 0.064217 secs using 390.1% CPU
Optimizing NNI: done in 0.0680421 secs using 394.1% CPU
Optimizing NNI: done in 0.100348 secs using 390.2% CPU
Optimizing NNI: done in 0.0683588 secs using 394% CPU
Optimizing NNI: done in 0.0714218 secs using 391.4% CPU
Optimizing NNI: done in 0.0626439 secs using 395.7% CPU
Optimizing NNI: done in 0.057981 secs using 393.9% CPU
Optimizing NNI: done in 0.0543623 secs using 396.8% CPU
Optimizing NNI: done in 0.0630853 secs using 393.8% CPU
Iteration 110 / LogL: -11945.170 / Time: 0h:0m:13s (0h:0m:9s left)
Optimizing NNI: done in 0.0776355 secs using 394.8% CPU
Optimizing NNI: done in 0.0664447 secs using 389.5% CPU
Optimizing NNI: done in 0.069222 secs using 391.9% CPU
Optimizing NNI: done in 0.101049 secs using 397.7% CPU
Optimizing NNI: done in 0.0776269 secs using 392.2% CPU
Optimizing NNI: done in 0.069672 secs using 397.1% CPU
Optimizing NNI: done in 0.0713221 secs using 393% CPU
Optimizing NNI: done in 0.0673307 secs using 392.9% CPU
Optimizing NNI: done in 0.0795511 secs using 396.5% CPU
Optimizing NNI: done in 0.0604549 secs using 390.1% CPU
Iteration 120 / LogL: -11945.170 / Time: 0h:0m:14s (0h:0m:7s left)
Optimizing NNI: done in 0.0826708 secs using 391.4% CPU
Optimizing NNI: done in 0.0956448 secs using 393% CPU
Optimizing NNI: done in 0.0629938 secs using 397.3% CPU
Optimizing NNI: done in 0.0793116 secs using 393.5% CPU
Optimizing NNI: done in 0.051359 secs using 401% CPU
Optimizing NNI: done in 0.0633471 secs using 392.4% CPU
Optimizing NNI: done in 0.0520311 secs using 391.1% CPU
Optimizing NNI: done in 0.0834057 secs using 393.4% CPU
Optimizing NNI: done in 0.0574397 secs using 398.4% CPU
Optimizing NNI: done in 0.0638845 secs using 393% CPU
UPDATE BEST LOG-LIKELIHOOD: -11945.167
Iteration 130 / LogL: -11945.167 / Time: 0h:0m:14s (0h:0m:6s left)
Optimizing NNI: done in 0.0883882 secs using 393.6% CPU
Optimizing NNI: done in 0.077586 secs using 394.6% CPU
Optimizing NNI: done in 0.0733644 secs using 400% CPU
Optimizing NNI: done in 0.0598751 secs using 389.4% CPU
Optimizing NNI: done in 0.136488 secs using 396.1% CPU
Optimizing NNI: done in 0.0871714 secs using 397.4% CPU
Optimizing NNI: done in 0.0771771 secs using 396.4% CPU
Optimizing NNI: done in 0.0694559 secs using 389.3% CPU
Optimizing NNI: done in 0.0747235 secs using 384.5% CPU
Optimizing NNI: done in 0.0961853 secs using 391.7% CPU
Iteration 140 / LogL: -11945.173 / Time: 0h:0m:15s (0h:0m:5s left)
Optimizing NNI: done in 0.0494857 secs using 388.1% CPU
Optimizing NNI: done in 0.0635738 secs using 394.5% CPU
Optimizing NNI: done in 0.0858142 secs using 393.2% CPU
Optimizing NNI: done in 0.0781099 secs using 393% CPU
Optimizing NNI: done in 0.0871387 secs using 395.5% CPU
Optimizing NNI: done in 0.0788487 secs using 395.3% CPU
Optimizing NNI: done in 0.0858128 secs using 396.6% CPU
Optimizing NNI: done in 0.0880032 secs using 396.1% CPU
Optimizing NNI: done in 0.058083 secs using 394.6% CPU
Optimizing NNI: done in 0.0667898 secs using 395.2% CPU
Iteration 150 / LogL: -11945.170 / Time: 0h:0m:16s (0h:0m:4s left)
Log-likelihood cutoff on original alignment: -11992.421
Optimizing NNI: done in 0.0609179 secs using 389.3% CPU
Optimizing NNI: done in 0.0708391 secs using 395% CPU
Optimizing NNI: done in 0.0662282 secs using 393.3% CPU
Optimizing NNI: done in 0.0670426 secs using 399.8% CPU
Optimizing NNI: done in 0.0586578 secs using 394% CPU
Optimizing NNI: done in 0.0670355 secs using 397.2% CPU
Optimizing NNI: done in 0.0608571 secs using 394.8% CPU
Optimizing NNI: done in 0.0668798 secs using 396.1% CPU
UPDATE BEST LOG-LIKELIHOOD: -11945.167
Optimizing NNI: done in 0.0677244 secs using 395.4% CPU
Optimizing NNI: done in 0.0687831 secs using 396.8% CPU
Iteration 160 / LogL: -11945.172 / Time: 0h:0m:17s (0h:0m:3s left)
Optimizing NNI: done in 0.0616597 secs using 397.3% CPU
Optimizing NNI: done in 0.0457878 secs using 394.3% CPU
Optimizing NNI: done in 0.0756724 secs using 397.1% CPU
Optimizing NNI: done in 0.0619201 secs using 397.7% CPU
Optimizing NNI: done in 0.0608205 secs using 396.5% CPU
Optimizing NNI: done in 0.0947874 secs using 394.8% CPU
Optimizing NNI: done in 0.0502208 secs using 399.8% CPU
Optimizing NNI: done in 0.0739921 secs using 391.8% CPU
Optimizing NNI: done in 0.0729599 secs using 395.9% CPU
Optimizing NNI: done in 0.0667559 secs using 387.5% CPU
Iteration 170 / LogL: -11945.171 / Time: 0h:0m:17s (0h:0m:2s left)
Optimizing NNI: done in 0.0828509 secs using 391.7% CPU
Optimizing NNI: done in 0.0540317 secs using 393.3% CPU
Optimizing NNI: done in 0.0593538 secs using 391.8% CPU
Optimizing NNI: done in 0.079748 secs using 398.2% CPU
Optimizing NNI: done in 0.0643217 secs using 393.8% CPU
Optimizing NNI: done in 0.0500907 secs using 390.3% CPU
Optimizing NNI: done in 0.0609658 secs using 396.9% CPU
Optimizing NNI: done in 0.120063 secs using 382.1% CPU
Optimizing NNI: done in 0.0637719 secs using 377.7% CPU
Optimizing NNI: done in 0.0681109 secs using 395.1% CPU
Iteration 180 / LogL: -11945.171 / Time: 0h:0m:18s (0h:0m:1s left)
Optimizing NNI: done in 0.0677253 secs using 395.3% CPU
Optimizing NNI: done in 0.0978812 secs using 359.3% CPU
Optimizing NNI: done in 0.0473545 secs using 394.8% CPU
Optimizing NNI: done in 0.0522585 secs using 389.9% CPU
Optimizing NNI: done in 0.0609654 secs using 394.1% CPU
Optimizing NNI: done in 0.0598766 secs using 392.8% CPU
Optimizing NNI: done in 0.0570838 secs using 390.6% CPU
Optimizing NNI: done in 0.0726438 secs using 394.2% CPU
Optimizing NNI: done in 0.0681721 secs using 394.4% CPU
Optimizing NNI: done in 0.0544858 secs using 394% CPU
Iteration 190 / LogL: -11945.167 / Time: 0h:0m:19s (0h:0m:0s left)
Optimizing NNI: done in 0.0409454 secs using 384.7% CPU
UPDATE BEST LOG-LIKELIHOOD: -11945.167
Optimizing NNI: done in 0.0694948 secs using 392.7% CPU
Optimizing NNI: done in 0.0549073 secs using 390.1% CPU
Optimizing NNI: done in 0.051089 secs using 389.9% CPU
Optimizing NNI: done in 0.0609964 secs using 391.6% CPU
Optimizing NNI: done in 0.0499084 secs using 393.2% CPU
Optimizing NNI: done in 0.052746 secs using 396.3% CPU
Optimizing NNI: done in 0.0478818 secs using 389% CPU
Optimizing NNI: done in 0.0449717 secs using 392.7% CPU
Optimizing NNI: done in 0.0473089 secs using 390.8% CPU
Iteration 200 / LogL: -11954.161 / Time: 0h:0m:19s (0h:0m:0s left)
Log-likelihood cutoff on original alignment: -11992.421
NOTE: Bootstrap correlation coefficient of split occurrence frequencies: 0.998
TREE SEARCH COMPLETED AFTER 200 ITERATIONS / Time: 0h:0m:20s

--------------------------------------------------------------------
|                    FINALIZING TREE SEARCH                        |
--------------------------------------------------------------------
Performs final model parameters optimization
Estimate model parameters (epsilon = 0.010)
1. Initial log-likelihood: -11945.167
Optimal log-likelihood: -11945.167
Rate parameters:  A-C: 1.00000  A-G: 3.02708  A-T: 1.00000  C-G: 1.00000  C-T: 3.02708  G-T: 1.00000
Base frequencies:  A: 0.239  C: 0.194  G: 0.226  T: 0.341
Gamma shape alpha: 1.596
Parameters optimization took 1 rounds (0.006 sec)
BEST SCORE FOUND : -11945.167
Creating bootstrap support values...
Split supports printed to NEXUS file results/07_phylogeny/Not_sex_linked/G5812.splits.nex
Total tree length: 0.847

Total number of iterations: 200
CPU time used for tree search: 57.688 sec (0h:0m:57s)
Wall-clock time used for tree search: 14.931 sec (0h:0m:14s)
Total CPU time used: 73.305 sec (0h:1m:13s)
Total wall-clock time used: 20.101 sec (0h:0m:20s)

Computing bootstrap consensus tree...
Reading input file results/07_phylogeny/Not_sex_linked/G5812.splits.nex...
23 taxa and 223 splits.
Consensus tree written to results/07_phylogeny/Not_sex_linked/G5812.contree
Reading input trees file results/07_phylogeny/Not_sex_linked/G5812.contree
Log-likelihood of consensus tree: -11945.177

Analysis results written to: 
  IQ-TREE report:                results/07_phylogeny/Not_sex_linked/G5812.iqtree
  Maximum-likelihood tree:       results/07_phylogeny/Not_sex_linked/G5812.treefile
  Likelihood distances:          results/07_phylogeny/Not_sex_linked/G5812.mldist

Ultrafast bootstrap approximation results written to:
  Split support values:          results/07_phylogeny/Not_sex_linked/G5812.splits.nex
  Consensus tree:                results/07_phylogeny/Not_sex_linked/G5812.contree
  Screen log file:               results/07_phylogeny/Not_sex_linked/G5812.log

Date and Time: Wed May 27 20:58:23 2026
