IQ-TREE version 3.0.1 for Linux x86 64-bit built Jul  9 2025
Developed by Bui Quang Minh, Thomas Wong, Nhan Ly-Trong, Huaiyan Ren
Contributed by Lam-Tung Nguyen, Dominik Schrempf, Chris Bielow,
Olga Chernomor, Michael Woodhams, Diep Thi Hoang, Heiko Schmidt

Host:    c0700a-s19.ufhpc (AVX2, FMA3, 1007 GB RAM)
Command: iqtree -s results/06_alignment/Not_sex_linked/trimmed/G5841.trimmed.aln --prefix results/07_phylogeny/Not_sex_linked/G5841 -m TEST -B 1000 -nt 4 -redo
Seed:    638905 (Using SPRNG - Scalable Parallel Random Number Generator)
Time:    Wed May 27 20:57:48 2026
Kernel:  AVX+FMA - 4 threads (8 CPU cores detected)

Reading alignment file results/06_alignment/Not_sex_linked/trimmed/G5841.trimmed.aln ... Fasta format detected
Reading fasta file: done in 0.000722432 secs using 11.63% CPU
Alignment most likely contains DNA/RNA sequences
Constructing alignment: done in 0.00138599 secs using 168.5% CPU
Alignment has 22 sequences with 2022 columns, 1277 distinct patterns
433 parsimony-informative, 774 singleton sites, 815 constant sites
                  Gap/Ambiguity  Composition  p-value
Analyzing sequences: done in 6.0373e-05 secs using 96.07% CPU
   1  S0048_G5841_R1_A    0.40%    passed     92.83%
   2  S0050_G5841_R1_A    0.05%    passed     92.77%
   3  S0012_G5841_R1_A    5.79%    passed     76.86%
   4  S0031_G5841_R1_A    1.29%    passed     96.99%
   5  S0011_G5841_R1_A    0.69%    passed     96.61%
   6  S0036_G5841_R1_A    0.45%    passed     99.27%
   7  S0004_G5841_R1_A    1.14%    passed     86.49%
   8  S0046_G5841_R1_A    0.59%    passed     99.40%
   9  S0028_G5841_R1_A    1.58%    passed     96.78%
  10  S0022_G5841_R1_A    0.94%    passed     99.77%
  11  S0016_G5841_R1_A    3.26%    passed     84.61%
  12  S0020_G5841_R1_A    6.33%    passed     95.47%
  13  S0019_G5841_R1_A    7.72%    passed     87.65%
  14  S0030_G5841_R1_A    4.70%    passed     94.68%
  15  S0021_G5841_R1_A    3.17%    passed     75.68%
  16  S0037_G5841_R1_A   12.81%    passed     95.47%
  17  S0013_G5841_R1_A    6.73%    passed     99.96%
  18  S0017_G5841_R1_A   16.02%    passed     82.61%
  19  S0026_G5841_R1_A   22.75%    passed     79.26%
  20  S0018_G5841_R1_A   25.37%    passed     94.50%
  21  S0002_G5841_R1_A   26.95%    passed     77.76%
  22  S0005_G5841_R1_A   10.98%    passed     32.13%
****  TOTAL               7.26%  0 sequences failed composition chi2 test (p-value<5%; df=3)
Checking for duplicate sequences: done in 0.000147256 secs using 99.15% CPU


Create initial parsimony tree by phylogenetic likelihood library (PLL)... 0.002 seconds
Perform fast likelihood tree search using GTR+I+G model...
Estimate model parameters (epsilon = 5.000)
Perform nearest neighbor interchange...
Optimizing NNI: done in 0.0379279 secs using 392.6% CPU
Estimate model parameters (epsilon = 1.000)
1. Initial log-likelihood: -12808.764
Optimal log-likelihood: -12808.109
Rate parameters:  A-C: 1.01680  A-G: 2.96118  A-T: 1.19368  C-G: 1.11422  C-T: 3.16613  G-T: 1.00000
Base frequencies:  A: 0.266  C: 0.177  G: 0.225  T: 0.332
Proportion of invariable sites: 0.161
Gamma shape alpha: 5.490
Parameters optimization took 1 rounds (0.025 sec)
Time for fast ML tree search: 0.163 seconds

NOTE: ModelFinder requires 8 MB RAM!
ModelFinder will test up to 176 DNA models (sample size: 2022 epsilon: 0.100) ...
 No. Model         -LnL         df  AIC          AICc         BIC
  1  JC            13183.309    41  26448.617    26450.357    26678.703
  2  JC+I          13136.874    42  26357.748    26359.573    26593.445
  3  JC+G4         13121.757    42  26327.514    26329.339    26563.211
  4  JC+I+G4       13123.775    43  26333.551    26335.464    26574.860
  7  JC+G4         13121.757    42  26327.514    26329.339    26563.211
 11  F81+G4        13121.757    42  26327.514    26329.339    26563.211
 15  F81+F+G4      13046.832    45  26183.664    26185.759    26436.197
 19  K2P+G4        12905.916    43  25897.832    25899.745    26139.141
 23  K2P+G4        12905.916    43  25897.832    25899.745    26139.141
 27  HKY+G4        12905.916    43  25897.832    25899.745    26139.141
 31  HKY+F+G4      12806.178    46  25704.356    25706.545    25962.501
 35  TNe+G4        12905.912    44  25899.823    25901.826    26146.744
 39  TNe+G4        12905.912    44  25899.823    25901.826    26146.744
 43  TN+G4         12905.912    44  25899.823    25901.826    26146.744
 47  TN+F+G4       12805.696    47  25705.392    25707.678    25969.149
 51  K3P+G4        12902.200    44  25892.401    25894.404    26139.322
 55  K3P+G4        12902.200    44  25892.401    25894.404    26139.322
 59  K3Pu+G4       12902.200    44  25892.400    25894.403    26139.321
 63  K3Pu+F+G4     12804.192    47  25702.383    25704.669    25966.140
 67  TPM2+G4       12902.152    44  25892.304    25894.307    26139.225
 71  TPM2+G4       12902.152    44  25892.304    25894.307    26139.225
 75  TPM2u+G4      12902.152    44  25892.304    25894.307    26139.225
 79  TPM2u+F+G4    12805.390    47  25704.781    25707.067    25968.537
 83  TPM3+G4       12889.079    44  25866.157    25868.160    26113.078
 87  TPM3+G4       12889.079    44  25866.157    25868.160    26113.078
 91  TPM3u+G4      12889.077    44  25866.154    25868.157    26113.075
 95  TPM3u+F+G4    12806.070    47  25706.140    25708.426    25969.897
 99  TIMe+G4       12902.197    45  25894.394    25896.489    26146.927
103  TIMe+G4       12902.197    45  25894.394    25896.489    26146.927
107  TIM+G4        12902.197    45  25894.393    25896.488    26146.926
111  TIM+F+G4      12803.711    48  25703.422    25705.806    25972.790
115  TIM2e+G4      12902.150    45  25894.299    25896.394    26146.832
119  TIM2e+G4      12902.150    45  25894.299    25896.394    26146.832
123  TIM2+G4       12902.149    45  25894.298    25896.393    26146.831
127  TIM2+F+G4     12804.901    48  25705.802    25708.186    25975.171
131  TIM3e+G4      12889.056    45  25868.112    25870.207    26120.645
135  TIM3e+G4      12889.056    45  25868.112    25870.207    26120.645
139  TIM3+G4       12889.055    45  25868.109    25870.205    26120.642
143  TIM3+F+G4     12805.598    48  25707.195    25709.580    25976.564
147  TVMe+G4       12883.591    46  25859.181    25861.371    26117.326
151  TVMe+G4       12883.591    46  25859.181    25861.371    26117.326
155  TVM+G4        12883.591    46  25859.181    25861.371    26117.326
159  TVM+F+G4      12803.913    49  25705.826    25708.311    25980.806
163  SYM+G4        12883.570    47  25861.140    25863.426    26124.897
167  SYM+G4        12883.570    47  25861.140    25863.426    26124.897
171  GTR+G4        12883.570    47  25861.140    25863.426    26124.896
175  GTR+F+G4      12803.438    50  25706.876    25709.463    25987.468
Akaike Information Criterion:           K3Pu+F+G4
Corrected Akaike Information Criterion: K3Pu+F+G4
Bayesian Information Criterion:         HKY+F+G4
Best-fit model: HKY+F+G4 chosen according to BIC

All model information printed to results/07_phylogeny/Not_sex_linked/G5841.model.gz
CPU time for ModelFinder: 4.494 seconds (0h:0m:4s)
Wall-clock time for ModelFinder: 1.139 seconds (0h:0m:1s)
Generating 1000 samples for ultrafast bootstrap (seed: 638905)...

NOTE: 8 MB RAM (0 GB) is required!
Estimate model parameters (epsilon = 0.100)
1. Initial log-likelihood: -12806.193
Optimal log-likelihood: -12806.178
Rate parameters:  A-C: 1.00000  A-G: 2.80883  A-T: 1.00000  C-G: 1.00000  C-T: 2.80883  G-T: 1.00000
Base frequencies:  A: 0.266  C: 0.177  G: 0.225  T: 0.332
Gamma shape alpha: 1.996
Parameters optimization took 1 rounds (0.012 sec)
Wrote distance file to... 
Computing ML distances based on estimated model parameters...
Calculating distance matrix: done in 0.000931473 secs using 513.4% CPU
Computing ML distances took 0.001066 sec (of wall-clock time) 0.004923 sec (of CPU time)
Setting up auxiliary I and S matrices: done in 0.0544763 secs using 156.1% CPU
Constructing RapidNJ tree: done in 1.70401 secs using 162.5% CPU
Computing RapidNJ tree took 1.758635 sec (of wall-clock time) 2.854682 sec (of CPU time)
Log-likelihood of RapidNJ tree: -12911.858
--------------------------------------------------------------------
|             INITIALIZING CANDIDATE TREE SET                      |
--------------------------------------------------------------------
Generating 98 parsimony trees... 0.250 second
Computing log-likelihood of 98 initial trees ... 0.520 seconds
Current best score: -12806.178

Do NNI search on 20 best initial trees
Optimizing NNI: done in 0.0209034 secs using 398.6% CPU
Estimate model parameters (epsilon = 0.100)
BETTER TREE FOUND at iteration 1: -12806.178
Optimizing NNI: done in 0.0315551 secs using 388.8% CPU
Estimate model parameters (epsilon = 0.100)
BETTER TREE FOUND at iteration 2: -12803.177
Optimizing NNI: done in 0.0909281 secs using 391.8% CPU
Estimate model parameters (epsilon = 0.100)
BETTER TREE FOUND at iteration 3: -12802.460
Optimizing NNI: done in 0.0901703 secs using 392.4% CPU
UPDATE BEST LOG-LIKELIHOOD: -12802.460
Optimizing NNI: done in 0.0933255 secs using 394% CPU
Estimate model parameters (epsilon = 0.100)
BETTER TREE FOUND at iteration 5: -12799.755
Optimizing NNI: done in 0.0935468 secs using 396.4% CPU
Optimizing NNI: done in 0.0825396 secs using 391.8% CPU
Optimizing NNI: done in 0.0683353 secs using 396.9% CPU
Optimizing NNI: done in 0.081712 secs using 396.9% CPU
Optimizing NNI: done in 0.0684095 secs using 395.3% CPU
Iteration 10 / LogL: -12799.756 / Time: 0h:0m:4s
Optimizing NNI: done in 0.0618122 secs using 395.1% CPU
Optimizing NNI: done in 0.0596705 secs using 399.2% CPU
Optimizing NNI: done in 0.0938685 secs using 395.5% CPU
Optimizing NNI: done in 0.0893308 secs using 396.3% CPU
Optimizing NNI: done in 0.127999 secs using 394% CPU
Optimizing NNI: done in 0.0873871 secs using 393.4% CPU
Optimizing NNI: done in 0.118262 secs using 394% CPU
Estimate model parameters (epsilon = 0.100)
BETTER TREE FOUND at iteration 17: -12799.427
Optimizing NNI: done in 0.0535324 secs using 397.3% CPU
Optimizing NNI: done in 0.065251 secs using 395.8% CPU
Optimizing NNI: done in 0.0901194 secs using 394.5% CPU
Iteration 20 / LogL: -12804.542 / Time: 0h:0m:5s
Finish initializing candidate tree set (10)
Current best tree score: -12799.427 / CPU time: 2.414
Number of iterations: 20
--------------------------------------------------------------------
|               OPTIMIZING CANDIDATE TREE SET                      |
--------------------------------------------------------------------
Optimizing NNI: done in 0.0620596 secs using 393.7% CPU
Optimizing NNI: done in 0.0483339 secs using 397.1% CPU
Optimizing NNI: done in 0.0645992 secs using 397.5% CPU
Optimizing NNI: done in 0.0936951 secs using 393% CPU
Optimizing NNI: done in 0.0587787 secs using 388.3% CPU
Optimizing NNI: done in 0.0901637 secs using 393.4% CPU
Optimizing NNI: done in 0.0735353 secs using 392.6% CPU
Optimizing NNI: done in 0.0756827 secs using 396.9% CPU
Optimizing NNI: done in 0.075891 secs using 394.6% CPU
Optimizing NNI: done in 0.110694 secs using 390.7% CPU
Iteration 30 / LogL: -12829.879 / Time: 0h:0m:6s (0h:0m:16s left)
Optimizing NNI: done in 0.0720284 secs using 395.3% CPU
Optimizing NNI: done in 0.0713094 secs using 395.9% CPU
Optimizing NNI: done in 0.0833256 secs using 393.4% CPU
UPDATE BEST LOG-LIKELIHOOD: -12799.426
Optimizing NNI: done in 0.0734128 secs using 395.4% CPU
Optimizing NNI: done in 0.118091 secs using 395% CPU
Optimizing NNI: done in 0.121475 secs using 394.1% CPU
Optimizing NNI: done in 0.0680844 secs using 398% CPU
Optimizing NNI: done in 0.128846 secs using 394.9% CPU
Optimizing NNI: done in 0.0990404 secs using 394.9% CPU
Optimizing NNI: done in 0.0610555 secs using 396.8% CPU
Iteration 40 / LogL: -13185.612 / Time: 0h:0m:7s (0h:0m:12s left)
Optimizing NNI: done in 0.085866 secs using 396.3% CPU
Optimizing NNI: done in 0.0791222 secs using 393.9% CPU
Optimizing NNI: done in 0.114689 secs using 396.1% CPU
Optimizing NNI: done in 0.0550291 secs using 393.3% CPU
Optimizing NNI: done in 0.0834824 secs using 386.7% CPU
Optimizing NNI: done in 0.155221 secs using 391.7% CPU
Optimizing NNI: done in 0.0764629 secs using 398% CPU
Optimizing NNI: done in 0.11063 secs using 396.8% CPU
Optimizing NNI: done in 0.116103 secs using 393.7% CPU
Optimizing NNI: done in 0.071285 secs using 392% CPU
Iteration 50 / LogL: -12802.190 / Time: 0h:0m:8s (0h:0m:10s left)
Log-likelihood cutoff on original alignment: -12823.482
Optimizing NNI: done in 0.101056 secs using 390.5% CPU
Optimizing NNI: done in 0.0895323 secs using 396.5% CPU
Optimizing NNI: done in 0.0899703 secs using 394.1% CPU
Optimizing NNI: done in 0.0606963 secs using 393.9% CPU
Optimizing NNI: done in 0.0862547 secs using 394.1% CPU
Optimizing NNI: done in 0.0763761 secs using 394.1% CPU
Optimizing NNI: done in 0.0745645 secs using 392.3% CPU
Optimizing NNI: done in 0.0698384 secs using 395.2% CPU
Optimizing NNI: done in 0.0627046 secs using 392.3% CPU
Optimizing NNI: done in 0.0662861 secs using 394.3% CPU
Iteration 60 / LogL: -12799.846 / Time: 0h:0m:9s (0h:0m:7s left)
Optimizing NNI: done in 0.0745402 secs using 399.1% CPU
Optimizing NNI: done in 0.0593972 secs using 395.2% CPU
Optimizing NNI: done in 0.083529 secs using 395.1% CPU
Optimizing NNI: done in 0.0860749 secs using 393.2% CPU
Optimizing NNI: done in 0.0727596 secs using 392.5% CPU
Optimizing NNI: done in 0.0850121 secs using 392.6% CPU
Optimizing NNI: done in 0.0986191 secs using 396.5% CPU
Optimizing NNI: done in 0.083332 secs using 393.8% CPU
Optimizing NNI: done in 0.0762261 secs using 392.2% CPU
Optimizing NNI: done in 0.0927664 secs using 398% CPU
Iteration 70 / LogL: -12799.777 / Time: 0h:0m:10s (0h:0m:6s left)
Optimizing NNI: done in 0.0827282 secs using 395.8% CPU
UPDATE BEST LOG-LIKELIHOOD: -12799.426
Optimizing NNI: done in 0.0994689 secs using 396.6% CPU
Optimizing NNI: done in 0.0970347 secs using 394.8% CPU
Optimizing NNI: done in 0.0960098 secs using 396.8% CPU
Optimizing NNI: done in 0.126345 secs using 389.6% CPU
Optimizing NNI: done in 0.0780807 secs using 398.9% CPU
Optimizing NNI: done in 0.0955557 secs using 393.3% CPU
Optimizing NNI: done in 0.0672365 secs using 391.7% CPU
Optimizing NNI: done in 0.0789898 secs using 397% CPU
Optimizing NNI: done in 0.113153 secs using 394% CPU
Iteration 80 / LogL: -12800.842 / Time: 0h:0m:11s (0h:0m:4s left)
Optimizing NNI: done in 0.0715595 secs using 394.8% CPU
Optimizing NNI: done in 0.0777837 secs using 395.6% CPU
Optimizing NNI: done in 0.121345 secs using 394.7% CPU
Optimizing NNI: done in 0.0993291 secs using 397.2% CPU
Optimizing NNI: done in 0.0722973 secs using 395.5% CPU
Optimizing NNI: done in 0.0866171 secs using 394.9% CPU
Optimizing NNI: done in 0.0670072 secs using 394.3% CPU
Optimizing NNI: done in 0.14151 secs using 395.2% CPU
Estimate model parameters (epsilon = 0.100)
BETTER TREE FOUND at iteration 88: -12797.326
Optimizing NNI: done in 0.0897576 secs using 396.7% CPU
Optimizing NNI: done in 0.0717474 secs using 392.6% CPU
Iteration 90 / LogL: -12801.414 / Time: 0h:0m:12s (0h:0m:12s left)
Optimizing NNI: done in 0.0772374 secs using 399.1% CPU
Optimizing NNI: done in 0.0612146 secs using 397.8% CPU
Optimizing NNI: done in 0.0903674 secs using 396.1% CPU
Optimizing NNI: done in 0.0832644 secs using 395.2% CPU
Optimizing NNI: done in 0.142611 secs using 394.5% CPU
Optimizing NNI: done in 0.0755171 secs using 397.8% CPU
Optimizing NNI: done in 0.0760723 secs using 394.2% CPU
Optimizing NNI: done in 0.0861612 secs using 390.7% CPU
Optimizing NNI: done in 0.0941735 secs using 394.3% CPU
Optimizing NNI: done in 0.124461 secs using 395.4% CPU
Iteration 100 / LogL: -12799.724 / Time: 0h:0m:13s (0h:0m:10s left)
Log-likelihood cutoff on original alignment: -12823.482
NOTE: Bootstrap correlation coefficient of split occurrence frequencies: 0.986
NOTE: UFBoot does not converge, continue at least 100 more iterations
Optimizing NNI: done in 0.112663 secs using 390.9% CPU
Optimizing NNI: done in 0.0671099 secs using 393.5% CPU
Estimate model parameters (epsilon = 0.100)
BETTER TREE FOUND at iteration 102: -12796.602
Optimizing NNI: done in 0.0700868 secs using 395.2% CPU
Optimizing NNI: done in 0.0855934 secs using 396.2% CPU
Optimizing NNI: done in 0.0546402 secs using 399.4% CPU
Optimizing NNI: done in 0.0549762 secs using 397.3% CPU
Optimizing NNI: done in 0.0670543 secs using 397.3% CPU
Optimizing NNI: done in 0.0660063 secs using 394.1% CPU
Optimizing NNI: done in 0.0759183 secs using 395.4% CPU
Optimizing NNI: done in 0.0974975 secs using 390.4% CPU
Iteration 110 / LogL: -12797.369 / Time: 0h:0m:13s (0h:0m:10s left)
Optimizing NNI: done in 0.0905336 secs using 395.3% CPU
Optimizing NNI: done in 0.0905966 secs using 391.5% CPU
Optimizing NNI: done in 0.0807327 secs using 394.2% CPU
Optimizing NNI: done in 0.0836238 secs using 393.7% CPU
Optimizing NNI: done in 0.0697887 secs using 396.6% CPU
Optimizing NNI: done in 0.0791243 secs using 394.2% CPU
Optimizing NNI: done in 0.0671957 secs using 394.6% CPU
Optimizing NNI: done in 0.0664258 secs using 392% CPU
Optimizing NNI: done in 0.0740407 secs using 395.4% CPU
Optimizing NNI: done in 0.0591526 secs using 390.5% CPU
Iteration 120 / LogL: -12796.604 / Time: 0h:0m:14s (0h:0m:9s left)
Optimizing NNI: done in 0.0836436 secs using 398.6% CPU
Optimizing NNI: done in 0.13047 secs using 395.3% CPU
Optimizing NNI: done in 0.0523465 secs using 391.3% CPU
Optimizing NNI: done in 0.0624315 secs using 400% CPU
Optimizing NNI: done in 0.101934 secs using 394.6% CPU
Optimizing NNI: done in 0.110587 secs using 395.6% CPU
Optimizing NNI: done in 0.0727856 secs using 396.6% CPU
Optimizing NNI: done in 0.0662927 secs using 392.6% CPU
Optimizing NNI: done in 0.0840921 secs using 395.7% CPU
Optimizing NNI: done in 0.0847221 secs using 396.7% CPU
Iteration 130 / LogL: -12797.601 / Time: 0h:0m:15s (0h:0m:8s left)
Optimizing NNI: done in 0.0756448 secs using 393.3% CPU
Optimizing NNI: done in 0.0560528 secs using 396.7% CPU
Optimizing NNI: done in 0.0895104 secs using 396.5% CPU
Optimizing NNI: done in 0.0638525 secs using 393.1% CPU
Optimizing NNI: done in 0.0893668 secs using 393.9% CPU
Optimizing NNI: done in 0.0735327 secs using 391% CPU
Optimizing NNI: done in 0.077965 secs using 394.8% CPU
Optimizing NNI: done in 0.0785483 secs using 391.2% CPU
Optimizing NNI: done in 0.0479689 secs using 393.3% CPU
Optimizing NNI: done in 0.0739501 secs using 393.4% CPU
Iteration 140 / LogL: -12796.602 / Time: 0h:0m:16s (0h:0m:6s left)
Optimizing NNI: done in 0.0749133 secs using 393.6% CPU
Optimizing NNI: done in 0.0811233 secs using 396.4% CPU
Optimizing NNI: done in 0.0602576 secs using 395.8% CPU
Optimizing NNI: done in 0.0503791 secs using 394.7% CPU
Optimizing NNI: done in 0.0847553 secs using 392.9% CPU
Optimizing NNI: done in 0.0705071 secs using 391.5% CPU
Optimizing NNI: done in 0.0953765 secs using 395.6% CPU
Optimizing NNI: done in 0.052625 secs using 397.3% CPU
Optimizing NNI: done in 0.0733764 secs using 394.1% CPU
Optimizing NNI: done in 0.0679832 secs using 397% CPU
Iteration 150 / LogL: -12797.601 / Time: 0h:0m:17s (0h:0m:5s left)
Log-likelihood cutoff on original alignment: -12824.458
Optimizing NNI: done in 0.0823604 secs using 394.4% CPU
Optimizing NNI: done in 0.0776677 secs using 398.4% CPU
Optimizing NNI: done in 0.0723472 secs using 398.2% CPU
Optimizing NNI: done in 0.0641476 secs using 393.1% CPU
Optimizing NNI: done in 0.0921315 secs using 396.6% CPU
Optimizing NNI: done in 0.0924564 secs using 390% CPU
Optimizing NNI: done in 0.0778634 secs using 391.1% CPU
Optimizing NNI: done in 0.0509783 secs using 394.7% CPU
Optimizing NNI: done in 0.0605479 secs using 396.2% CPU
Optimizing NNI: done in 0.0466266 secs using 394.9% CPU
Iteration 160 / LogL: -12796.602 / Time: 0h:0m:18s (0h:0m:4s left)
Optimizing NNI: done in 0.0645722 secs using 396.2% CPU
Optimizing NNI: done in 0.0998276 secs using 396.7% CPU
Optimizing NNI: done in 0.0650553 secs using 395.3% CPU
Optimizing NNI: done in 0.0701928 secs using 392.1% CPU
Optimizing NNI: done in 0.0718166 secs using 393.8% CPU
Optimizing NNI: done in 0.0653257 secs using 394.6% CPU
Optimizing NNI: done in 0.0610351 secs using 391.8% CPU
Optimizing NNI: done in 0.0941361 secs using 393.2% CPU
Optimizing NNI: done in 0.0958494 secs using 395.6% CPU
Optimizing NNI: done in 0.0774871 secs using 394.2% CPU
Iteration 170 / LogL: -12803.374 / Time: 0h:0m:18s (0h:0m:3s left)
Optimizing NNI: done in 0.115647 secs using 395.6% CPU
Optimizing NNI: done in 0.0798018 secs using 395.5% CPU
Optimizing NNI: done in 0.0497523 secs using 396.8% CPU
Optimizing NNI: done in 0.0943864 secs using 397.6% CPU
Optimizing NNI: done in 0.0553516 secs using 395.4% CPU
Optimizing NNI: done in 0.106936 secs using 394.7% CPU
Optimizing NNI: done in 0.0865135 secs using 383% CPU
Optimizing NNI: done in 0.0460688 secs using 397% CPU
Optimizing NNI: done in 0.0349235 secs using 395.4% CPU
Optimizing NNI: done in 0.099623 secs using 392.6% CPU
Iteration 180 / LogL: -12796.602 / Time: 0h:0m:19s (0h:0m:2s left)
Optimizing NNI: done in 0.0638544 secs using 396.5% CPU
Optimizing NNI: done in 0.0763906 secs using 396.1% CPU
Optimizing NNI: done in 0.0439064 secs using 398% CPU
Optimizing NNI: done in 0.0681305 secs using 398.3% CPU
UPDATE BEST LOG-LIKELIHOOD: -12796.602
Optimizing NNI: done in 0.0575505 secs using 391.1% CPU
Optimizing NNI: done in 0.0672458 secs using 399.5% CPU
UPDATE BEST LOG-LIKELIHOOD: -12796.602
Optimizing NNI: done in 0.0752252 secs using 393.9% CPU
Optimizing NNI: done in 0.0959635 secs using 395.4% CPU
Optimizing NNI: done in 0.0618659 secs using 393.3% CPU
Optimizing NNI: done in 0.0877522 secs using 392.7% CPU
Iteration 190 / LogL: -12796.736 / Time: 0h:0m:20s (0h:0m:1s left)
Optimizing NNI: done in 0.0688778 secs using 395.3% CPU
Optimizing NNI: done in 0.110718 secs using 393.8% CPU
Optimizing NNI: done in 0.111974 secs using 392.4% CPU
Optimizing NNI: done in 0.102932 secs using 393.8% CPU
Optimizing NNI: done in 0.0785549 secs using 394.1% CPU
Optimizing NNI: done in 0.0865266 secs using 397.8% CPU
Optimizing NNI: done in 0.0979047 secs using 396.9% CPU
Optimizing NNI: done in 0.0810027 secs using 396.4% CPU
Optimizing NNI: done in 0.0677932 secs using 398.5% CPU
Optimizing NNI: done in 0.0958007 secs using 393% CPU
Iteration 200 / LogL: -12797.369 / Time: 0h:0m:21s (0h:0m:0s left)
Log-likelihood cutoff on original alignment: -12826.120
NOTE: Bootstrap correlation coefficient of split occurrence frequencies: 0.990
NOTE: UFBoot does not converge, continue at least 100 more iterations
Optimizing NNI: done in 0.0859699 secs using 390.8% CPU
Optimizing NNI: done in 0.0748335 secs using 395.4% CPU
Optimizing NNI: done in 0.0610443 secs using 397.4% CPU
Optimizing NNI: done in 0.0443022 secs using 391% CPU
Optimizing NNI: done in 0.0590725 secs using 394.1% CPU
Optimizing NNI: done in 0.116332 secs using 395.3% CPU
Optimizing NNI: done in 0.0725887 secs using 398.1% CPU
Optimizing NNI: done in 0.068045 secs using 395.9% CPU
Optimizing NNI: done in 0.0552361 secs using 394.4% CPU
Optimizing NNI: done in 0.086788 secs using 394.8% CPU
Iteration 210 / LogL: -12796.735 / Time: 0h:0m:22s (0h:0m:9s left)
Optimizing NNI: done in 0.0863739 secs using 394.1% CPU
Optimizing NNI: done in 0.0718119 secs using 398.3% CPU
Optimizing NNI: done in 0.0568076 secs using 391.5% CPU
Optimizing NNI: done in 0.0983339 secs using 392.5% CPU
Optimizing NNI: done in 0.0584545 secs using 400.4% CPU
Optimizing NNI: done in 0.0509963 secs using 395.8% CPU
Optimizing NNI: done in 0.0648476 secs using 395.4% CPU
Optimizing NNI: done in 0.0703637 secs using 391.9% CPU
Optimizing NNI: done in 0.111409 secs using 398.3% CPU
Optimizing NNI: done in 0.0823676 secs using 400% CPU
Iteration 220 / LogL: -12800.303 / Time: 0h:0m:22s (0h:0m:7s left)
Optimizing NNI: done in 0.0527455 secs using 395.4% CPU
Optimizing NNI: done in 0.0708081 secs using 392.9% CPU
Optimizing NNI: done in 0.0889575 secs using 393.4% CPU
Optimizing NNI: done in 0.0787051 secs using 393.5% CPU
Optimizing NNI: done in 0.042059 secs using 396.9% CPU
Optimizing NNI: done in 0.0902383 secs using 394.4% CPU
Optimizing NNI: done in 0.116755 secs using 395.6% CPU
Optimizing NNI: done in 0.0392988 secs using 387.4% CPU
Optimizing NNI: done in 0.10518 secs using 393.1% CPU
Optimizing NNI: done in 0.0815253 secs using 392% CPU
Iteration 230 / LogL: -12796.603 / Time: 0h:0m:23s (0h:0m:6s left)
Optimizing NNI: done in 0.0725014 secs using 398.5% CPU
Optimizing NNI: done in 0.0824561 secs using 398.6% CPU
Optimizing NNI: done in 0.0623568 secs using 397.4% CPU
Optimizing NNI: done in 0.0497106 secs using 387.5% CPU
Optimizing NNI: done in 0.0855319 secs using 396.9% CPU
Optimizing NNI: done in 0.0646783 secs using 392.9% CPU
Optimizing NNI: done in 0.0582324 secs using 390.9% CPU
Optimizing NNI: done in 0.0837204 secs using 398.6% CPU
Optimizing NNI: done in 0.0540189 secs using 390.2% CPU
Optimizing NNI: done in 0.0572926 secs using 397.7% CPU
Iteration 240 / LogL: -12796.605 / Time: 0h:0m:24s (0h:0m:5s left)
Optimizing NNI: done in 0.06585 secs using 390.7% CPU
Optimizing NNI: done in 0.0716955 secs using 397.6% CPU
Optimizing NNI: done in 0.0538772 secs using 398.2% CPU
Optimizing NNI: done in 0.0799798 secs using 396.4% CPU
Optimizing NNI: done in 0.106123 secs using 398.2% CPU
Optimizing NNI: done in 0.0960117 secs using 394.3% CPU
Optimizing NNI: done in 0.0883331 secs using 394.2% CPU
Optimizing NNI: done in 0.105743 secs using 394.6% CPU
Optimizing NNI: done in 0.0683289 secs using 397.7% CPU
Optimizing NNI: done in 0.0780064 secs using 393.6% CPU
Iteration 250 / LogL: -12798.770 / Time: 0h:0m:25s (0h:0m:4s left)
Log-likelihood cutoff on original alignment: -12826.792
Optimizing NNI: done in 0.0815646 secs using 393% CPU
Optimizing NNI: done in 0.0461996 secs using 392% CPU
Optimizing NNI: done in 0.0839765 secs using 393.1% CPU
Optimizing NNI: done in 0.0492464 secs using 394.1% CPU
Optimizing NNI: done in 0.0592823 secs using 398% CPU
Optimizing NNI: done in 0.0975338 secs using 398.9% CPU
Optimizing NNI: done in 0.068096 secs using 389.9% CPU
Optimizing NNI: done in 0.0720066 secs using 393.4% CPU
Optimizing NNI: done in 0.0765787 secs using 395.3% CPU
Optimizing NNI: done in 0.105431 secs using 393.5% CPU
Iteration 260 / LogL: -12796.735 / Time: 0h:0m:26s (0h:0m:3s left)
Optimizing NNI: done in 0.0870134 secs using 391.7% CPU
Optimizing NNI: done in 0.0719057 secs using 395.1% CPU
Optimizing NNI: done in 0.0695064 secs using 392.5% CPU
Optimizing NNI: done in 0.0672306 secs using 389.4% CPU
Optimizing NNI: done in 0.0723729 secs using 393.3% CPU
Optimizing NNI: done in 0.0895683 secs using 395.6% CPU
Optimizing NNI: done in 0.102121 secs using 395.1% CPU
Optimizing NNI: done in 0.164986 secs using 395.5% CPU
Optimizing NNI: done in 0.08805 secs using 391.7% CPU
Optimizing NNI: done in 0.072338 secs using 393.4% CPU
Iteration 270 / LogL: -12796.735 / Time: 0h:0m:27s (0h:0m:2s left)
Optimizing NNI: done in 0.0546796 secs using 390% CPU
Optimizing NNI: done in 0.059582 secs using 399.5% CPU
Optimizing NNI: done in 0.0878561 secs using 394.6% CPU
Optimizing NNI: done in 0.119858 secs using 395.5% CPU
Optimizing NNI: done in 0.0634466 secs using 390.7% CPU
Optimizing NNI: done in 0.0630193 secs using 395.9% CPU
Optimizing NNI: done in 0.0892051 secs using 392.5% CPU
Optimizing NNI: done in 0.090169 secs using 397.1% CPU
Optimizing NNI: done in 0.10014 secs using 395.2% CPU
Optimizing NNI: done in 0.0746564 secs using 394.9% CPU
Iteration 280 / LogL: -12796.605 / Time: 0h:0m:28s (0h:0m:1s left)
Optimizing NNI: done in 0.0497198 secs using 394.8% CPU
Optimizing NNI: done in 0.0667753 secs using 390.2% CPU
Optimizing NNI: done in 0.144648 secs using 395.6% CPU
Optimizing NNI: done in 0.0703839 secs using 397.4% CPU
Optimizing NNI: done in 0.0536231 secs using 395.9% CPU
Optimizing NNI: done in 0.0451539 secs using 394.2% CPU
Optimizing NNI: done in 0.113146 secs using 398% CPU
Optimizing NNI: done in 0.0889487 secs using 397.7% CPU
Optimizing NNI: done in 0.0861359 secs using 392.6% CPU
Optimizing NNI: done in 0.0791736 secs using 394.3% CPU
Iteration 290 / LogL: -12796.606 / Time: 0h:0m:28s (0h:0m:0s left)
Optimizing NNI: done in 0.069849 secs using 393.9% CPU
Optimizing NNI: done in 0.153743 secs using 392.8% CPU
Optimizing NNI: done in 0.0541968 secs using 402% CPU
Optimizing NNI: done in 0.066605 secs using 390.3% CPU
Optimizing NNI: done in 0.090538 secs using 393.6% CPU
Optimizing NNI: done in 0.0706706 secs using 391.9% CPU
Optimizing NNI: done in 0.0776353 secs using 392.5% CPU
Optimizing NNI: done in 0.0610674 secs using 393.4% CPU
Optimizing NNI: done in 0.0516393 secs using 399.1% CPU
Optimizing NNI: done in 0.0569993 secs using 397.4% CPU
Iteration 300 / LogL: -12796.738 / Time: 0h:0m:29s (0h:0m:0s left)
Log-likelihood cutoff on original alignment: -12826.792
NOTE: Bootstrap correlation coefficient of split occurrence frequencies: 0.997
TREE SEARCH COMPLETED AFTER 300 ITERATIONS / Time: 0h:0m:29s

--------------------------------------------------------------------
|                    FINALIZING TREE SEARCH                        |
--------------------------------------------------------------------
Performs final model parameters optimization
Estimate model parameters (epsilon = 0.010)
1. Initial log-likelihood: -12796.602
Optimal log-likelihood: -12796.602
Rate parameters:  A-C: 1.00000  A-G: 2.81436  A-T: 1.00000  C-G: 1.00000  C-T: 2.81436  G-T: 1.00000
Base frequencies:  A: 0.266  C: 0.177  G: 0.225  T: 0.332
Gamma shape alpha: 2.026
Parameters optimization took 1 rounds (0.013 sec)
BEST SCORE FOUND : -12796.602
Creating bootstrap support values...
Split supports printed to NEXUS file results/07_phylogeny/Not_sex_linked/G5841.splits.nex
Total tree length: 1.229

Total number of iterations: 300
CPU time used for tree search: 102.837 sec (0h:1m:42s)
Wall-clock time used for tree search: 26.406 sec (0h:0m:26s)
Total CPU time used: 111.643 sec (0h:1m:51s)
Total wall-clock time used: 29.859 sec (0h:0m:29s)

Computing bootstrap consensus tree...
Reading input file results/07_phylogeny/Not_sex_linked/G5841.splits.nex...
22 taxa and 409 splits.
Consensus tree written to results/07_phylogeny/Not_sex_linked/G5841.contree
Reading input trees file results/07_phylogeny/Not_sex_linked/G5841.contree
Log-likelihood of consensus tree: -12805.215

Analysis results written to: 
  IQ-TREE report:                results/07_phylogeny/Not_sex_linked/G5841.iqtree
  Maximum-likelihood tree:       results/07_phylogeny/Not_sex_linked/G5841.treefile
  Likelihood distances:          results/07_phylogeny/Not_sex_linked/G5841.mldist

Ultrafast bootstrap approximation results written to:
  Split support values:          results/07_phylogeny/Not_sex_linked/G5841.splits.nex
  Consensus tree:                results/07_phylogeny/Not_sex_linked/G5841.contree
  Screen log file:               results/07_phylogeny/Not_sex_linked/G5841.log

Date and Time: Wed May 27 20:58:18 2026
