IQ-TREE version 3.0.1 for Linux x86 64-bit built Jul  9 2025
Developed by Bui Quang Minh, Thomas Wong, Nhan Ly-Trong, Huaiyan Ren
Contributed by Lam-Tung Nguyen, Dominik Schrempf, Chris Bielow,
Olga Chernomor, Michael Woodhams, Diep Thi Hoang, Heiko Schmidt

Host:    c0700a-s19.ufhpc (AVX2, FMA3, 1007 GB RAM)
Command: iqtree -s results/06_alignment/Not_sex_linked/trimmed/G5865.trimmed.aln --prefix results/07_phylogeny/Not_sex_linked/G5865 -m TEST -B 1000 -nt 4 -redo
Seed:    891866 (Using SPRNG - Scalable Parallel Random Number Generator)
Time:    Wed May 27 21:27:48 2026
Kernel:  AVX+FMA - 4 threads (8 CPU cores detected)

Reading alignment file results/06_alignment/Not_sex_linked/trimmed/G5865.trimmed.aln ... Fasta format detected
Reading fasta file: done in 0.00134318 secs using 13.03% CPU
Alignment most likely contains DNA/RNA sequences
Constructing alignment: done in 0.00155441 secs using 267.1% CPU
Alignment has 23 sequences with 2275 columns, 1054 distinct patterns
410 parsimony-informative, 726 singleton sites, 1139 constant sites
                  Gap/Ambiguity  Composition  p-value
Analyzing sequences: done in 5.06151e-05 secs using 98.78% CPU
   1  S0037_G5865_R1_A   11.96%    passed     87.91%
   2  S0026_G5865_R1_A    0.75%    passed     94.39%
   3  S0028_G5865_R1_A    3.12%    passed     87.66%
   4  S0030_G5865_R1_A    0.97%    passed     92.44%
   5  S0021_G5865_R1_A    1.10%    passed     99.62%
   6  S0021_G5865_R2_A    0.97%    passed     89.45%
   7  S0022_G5865_R1_A    1.23%    passed     98.38%
   8  S0017_G5865_R1_A    0.84%    passed     94.96%
   9  S0002_G5865_R1_A    1.05%    passed     83.07%
  10  S0031_G5865_R1_A    0.35%    passed     96.85%
  11  S0019_G5865_R1_A    2.81%    passed     97.19%
  12  S0020_G5865_R1_A    2.42%    passed     96.25%
  13  S0013_G5865_R1_A    0.48%    passed     98.02%
  14  S0016_G5865_R1_A    1.36%    passed     81.18%
  15  S0004_G5865_R1_A    1.45%    passed     95.97%
  16  S0036_G5865_R1_A    1.27%    passed     71.40%
  17  S0048_G5865_R1_A    0.48%    passed     98.86%
  18  S0050_G5865_R1_A    0.75%    passed     97.03%
  19  S0046_G5865_R1_A    2.29%    passed     85.35%
  20  S0018_G5865_R1_A    1.36%    passed     99.57%
  21  S0005_G5865_R1_A    5.54%    passed     79.44%
  22  S0011_G5865_R1_A   18.02%    passed     70.19%
  23  S0012_G5865_R1_A    2.42%    passed     99.33%
****  TOTAL               2.74%  0 sequences failed composition chi2 test (p-value<5%; df=3)
Checking for duplicate sequences: done in 0.000127719 secs using 99.44% CPU


Create initial parsimony tree by phylogenetic likelihood library (PLL)... 0.002 seconds
Perform fast likelihood tree search using GTR+I+G model...
Estimate model parameters (epsilon = 5.000)
Perform nearest neighbor interchange...
Optimizing NNI: done in 0.0445714 secs using 395.8% CPU
Estimate model parameters (epsilon = 1.000)
1. Initial log-likelihood: -13343.469
Optimal log-likelihood: -13343.159
Rate parameters:  A-C: 1.05448  A-G: 2.79242  A-T: 0.99545  C-G: 0.90967  C-T: 3.06748  G-T: 1.00000
Base frequencies:  A: 0.258  C: 0.192  G: 0.222  T: 0.329
Proportion of invariable sites: 0.226
Gamma shape alpha: 2.764
Parameters optimization took 1 rounds (0.022 sec)
Time for fast ML tree search: 0.154 seconds

NOTE: ModelFinder requires 7 MB RAM!
ModelFinder will test up to 176 DNA models (sample size: 2275 epsilon: 0.100) ...
 No. Model         -LnL         df  AIC          AICc         BIC
  1  JC            13789.227    43  27664.455    27666.151    27910.833
  2  JC+I          13681.760    44  27451.519    27453.295    27703.628
  3  JC+G4         13656.439    44  27400.877    27402.653    27652.985
  4  JC+I+G4       13658.731    45  27407.461    27409.318    27665.299
  7  JC+G4         13656.439    44  27400.877    27402.653    27652.985
 11  F81+G4        13656.439    44  27400.877    27402.653    27652.986
 15  F81+F+G4      13598.593    47  27291.187    27293.213    27560.484
 19  K2P+G4        13418.150    45  26926.299    26928.157    27184.138
 23  K2P+G4        13418.150    45  26926.299    26928.157    27184.138
 27  HKY+G4        13418.150    45  26926.299    26928.157    27184.138
 31  HKY+F+G4      13341.064    48  26778.129    26780.242    27053.156
 35  TNe+G4        13416.195    46  26924.389    26926.330    27187.957
 39  TNe+G4        13416.195    46  26924.389    26926.330    27187.957
 43  TN+G4         13416.195    46  26924.389    26926.330    27187.957
 47  TN+F+G4       13339.706    49  26777.413    26779.615    27058.170
 51  K3P+G4        13418.149    46  26928.299    26930.240    27191.867
 55  K3P+G4        13418.149    46  26928.299    26930.240    27191.867
 59  K3Pu+G4       13418.149    46  26928.299    26930.239    27191.867
 63  K3Pu+F+G4     13340.863    49  26779.727    26781.929    27060.484
 67  TPM2+G4       13415.863    46  26923.727    26925.668    27187.295
 71  TPM2+G4       13415.863    46  26923.727    26925.668    27187.295
 75  TPM2u+G4      13415.863    46  26923.727    26925.667    27187.294
 79  TPM2u+F+G4    13340.766    49  26779.533    26781.735    27060.290
 83  TPM3+G4       13407.497    46  26906.993    26908.934    27170.561
 87  TPM3+G4       13407.497    46  26906.993    26908.934    27170.561
 91  TPM3u+G4      13407.496    46  26906.993    26908.934    27170.561
 95  TPM3u+F+G4    13341.065    49  26780.130    26782.332    27060.887
 99  TIMe+G4       13416.194    47  26926.389    26928.415    27195.686
103  TIMe+G4       13416.194    47  26926.389    26928.415    27195.686
107  TIM+G4        13416.194    47  26926.389    26928.415    27195.686
111  TIM+F+G4      13339.505    50  26779.010    26781.303    27065.497
115  TIM2e+G4      13413.949    47  26921.897    26923.923    27191.195
119  TIM2e+G4      13413.949    47  26921.897    26923.923    27191.195
123  TIM2+G4       13413.949    47  26921.897    26923.923    27191.195
127  TIM2+F+G4     13339.411    50  26778.821    26781.114    27065.308
131  TIM3e+G4      13405.304    47  26904.608    26906.635    27173.906
135  TIM3e+G4      13405.304    47  26904.608    26906.635    27173.906
139  TIM3+G4       13405.302    47  26904.604    26906.630    27173.901
143  TIM3+F+G4     13339.706    50  26779.412    26781.706    27065.899
147  TVMe+G4       13404.875    48  26905.751    26907.864    27180.778
151  TVMe+G4       13404.875    48  26905.751    26907.864    27180.778
155  TVM+G4        13404.875    48  26905.750    26907.863    27180.777
159  TVM+F+G4      13340.375    51  26782.750    26785.136    27074.966
163  SYM+G4        13402.720    49  26903.439    26905.641    27184.196
167  SYM+G4        13402.720    49  26903.439    26905.641    27184.196
171  GTR+G4        13402.719    49  26903.439    26905.641    27184.196
175  GTR+F+G4      13339.011    52  26782.023    26784.504    27079.969
Akaike Information Criterion:           TN+F+G4
Corrected Akaike Information Criterion: TN+F+G4
Bayesian Information Criterion:         HKY+F+G4
Best-fit model: HKY+F+G4 chosen according to BIC

All model information printed to results/07_phylogeny/Not_sex_linked/G5865.model.gz
CPU time for ModelFinder: 4.240 seconds (0h:0m:4s)
Wall-clock time for ModelFinder: 1.076 seconds (0h:0m:1s)
Generating 1000 samples for ultrafast bootstrap (seed: 891866)...

NOTE: 7 MB RAM (0 GB) is required!
Estimate model parameters (epsilon = 0.100)
1. Initial log-likelihood: -13341.067
Optimal log-likelihood: -13341.064
Rate parameters:  A-C: 1.00000  A-G: 2.95804  A-T: 1.00000  C-G: 1.00000  C-T: 2.95804  G-T: 1.00000
Base frequencies:  A: 0.258  C: 0.192  G: 0.222  T: 0.329
Gamma shape alpha: 1.081
Parameters optimization took 1 rounds (0.011 sec)
Wrote distance file to... 
Computing ML distances based on estimated model parameters...
Calculating distance matrix: done in 0.000676477 secs using 456.8% CPU
Computing ML distances took 0.000790 sec (of wall-clock time) 0.003208 sec (of CPU time)
Setting up auxiliary I and S matrices: done in 0.0274402 secs using 286.8% CPU
Constructing RapidNJ tree: done in 0.249031 secs using 228.9% CPU
Computing RapidNJ tree took 0.276589 sec (of wall-clock time) 0.649064 sec (of CPU time)
Log-likelihood of RapidNJ tree: -13454.148
--------------------------------------------------------------------
|             INITIALIZING CANDIDATE TREE SET                      |
--------------------------------------------------------------------
Generating 98 parsimony trees... 0.260 second
Computing log-likelihood of 98 initial trees ... 0.495 seconds
Current best score: -13341.064

Do NNI search on 20 best initial trees
Optimizing NNI: done in 0.0216137 secs using 402.8% CPU
Estimate model parameters (epsilon = 0.100)
BETTER TREE FOUND at iteration 1: -13341.064
Optimizing NNI: done in 0.0502092 secs using 394.4% CPU
Optimizing NNI: done in 0.0546407 secs using 392.2% CPU
Optimizing NNI: done in 0.0495895 secs using 395.5% CPU
Optimizing NNI: done in 0.0374499 secs using 394% CPU
Optimizing NNI: done in 0.055494 secs using 393% CPU
Estimate model parameters (epsilon = 0.100)
BETTER TREE FOUND at iteration 6: -13340.552
Optimizing NNI: done in 0.052399 secs using 391.5% CPU
Optimizing NNI: done in 0.0563238 secs using 394.1% CPU
Optimizing NNI: done in 0.0518483 secs using 394.8% CPU
Optimizing NNI: done in 0.0564704 secs using 393.3% CPU
Iteration 10 / LogL: -13341.066 / Time: 0h:0m:2s
Optimizing NNI: done in 0.0551247 secs using 391.4% CPU
UPDATE BEST LOG-LIKELIHOOD: -13340.552
Optimizing NNI: done in 0.0676962 secs using 397.3% CPU
Optimizing NNI: done in 0.0554571 secs using 400.6% CPU
Optimizing NNI: done in 0.0514956 secs using 391% CPU
Optimizing NNI: done in 0.067903 secs using 396.3% CPU
Optimizing NNI: done in 0.0490218 secs using 395.1% CPU
Optimizing NNI: done in 0.0612743 secs using 394.5% CPU
Optimizing NNI: done in 0.0582473 secs using 394.2% CPU
Optimizing NNI: done in 0.0627992 secs using 395.3% CPU
Optimizing NNI: done in 0.0493556 secs using 393.4% CPU
Iteration 20 / LogL: -13341.066 / Time: 0h:0m:3s
Finish initializing candidate tree set (4)
Current best tree score: -13340.552 / CPU time: 1.859
Number of iterations: 20
--------------------------------------------------------------------
|               OPTIMIZING CANDIDATE TREE SET                      |
--------------------------------------------------------------------
Optimizing NNI: done in 0.0842138 secs using 395.6% CPU
Optimizing NNI: done in 0.0852354 secs using 390.7% CPU
Optimizing NNI: done in 0.0456667 secs using 390.8% CPU
Optimizing NNI: done in 0.0764315 secs using 399.5% CPU
Optimizing NNI: done in 0.0824562 secs using 395.6% CPU
Optimizing NNI: done in 0.0930071 secs using 395.2% CPU
Optimizing NNI: done in 0.108165 secs using 396% CPU
UPDATE BEST LOG-LIKELIHOOD: -13340.552
Optimizing NNI: done in 0.0632299 secs using 390% CPU
Optimizing NNI: done in 0.0850011 secs using 395% CPU
Optimizing NNI: done in 0.103986 secs using 395.2% CPU
Iteration 30 / LogL: -13343.181 / Time: 0h:0m:4s (0h:0m:8s left)
Optimizing NNI: done in 0.0869018 secs using 395.4% CPU
UPDATE BEST LOG-LIKELIHOOD: -13340.552
Optimizing NNI: done in 0.118959 secs using 396.6% CPU
Optimizing NNI: done in 0.0982773 secs using 396.4% CPU
Optimizing NNI: done in 0.0956428 secs using 393.5% CPU
UPDATE BEST LOG-LIKELIHOOD: -13340.552
Optimizing NNI: done in 0.105951 secs using 395.6% CPU
Optimizing NNI: done in 0.103437 secs using 394.9% CPU
Optimizing NNI: done in 0.0899373 secs using 390.8% CPU
UPDATE BEST LOG-LIKELIHOOD: -13340.552
Optimizing NNI: done in 0.0677553 secs using 396.8% CPU
Optimizing NNI: done in 0.109162 secs using 395.2% CPU
Optimizing NNI: done in 0.0929687 secs using 397.4% CPU
Iteration 40 / LogL: -13343.179 / Time: 0h:0m:5s (0h:0m:7s left)
Optimizing NNI: done in 0.088719 secs using 397.3% CPU
Optimizing NNI: done in 0.0741885 secs using 392.6% CPU
Optimizing NNI: done in 0.0578004 secs using 391.7% CPU
Optimizing NNI: done in 0.0866909 secs using 395.1% CPU
Optimizing NNI: done in 0.0676665 secs using 391.5% CPU
Optimizing NNI: done in 0.103538 secs using 395.9% CPU
Optimizing NNI: done in 0.0581299 secs using 391.3% CPU
Optimizing NNI: done in 0.0736379 secs using 393.5% CPU
Optimizing NNI: done in 0.0846998 secs using 396% CPU
Optimizing NNI: done in 0.0837444 secs using 395.9% CPU
Iteration 50 / LogL: -13341.065 / Time: 0h:0m:6s (0h:0m:5s left)
Log-likelihood cutoff on original alignment: -13373.877
Optimizing NNI: done in 0.119153 secs using 398.5% CPU
Optimizing NNI: done in 0.0572545 secs using 397.8% CPU
Optimizing NNI: done in 0.110135 secs using 394.1% CPU
Optimizing NNI: done in 0.061983 secs using 391% CPU
Optimizing NNI: done in 0.0553635 secs using 397.1% CPU
Optimizing NNI: done in 0.0563462 secs using 395.7% CPU
Optimizing NNI: done in 0.0547389 secs using 395.3% CPU
Optimizing NNI: done in 0.0960279 secs using 396.6% CPU
Optimizing NNI: done in 0.0754849 secs using 391.6% CPU
Optimizing NNI: done in 0.110876 secs using 395.1% CPU
Iteration 60 / LogL: -13343.180 / Time: 0h:0m:7s (0h:0m:4s left)
Optimizing NNI: done in 0.115373 secs using 390.4% CPU
Optimizing NNI: done in 0.0812638 secs using 391.7% CPU
Optimizing NNI: done in 0.0624203 secs using 390.5% CPU
Optimizing NNI: done in 0.10315 secs using 398.9% CPU
Optimizing NNI: done in 0.0860326 secs using 393.5% CPU
Optimizing NNI: done in 0.0619224 secs using 394.7% CPU
Optimizing NNI: done in 0.0765144 secs using 394.3% CPU
Optimizing NNI: done in 0.0507703 secs using 395.1% CPU
Optimizing NNI: done in 0.0963194 secs using 393.2% CPU
Optimizing NNI: done in 0.0876258 secs using 396.3% CPU
Iteration 70 / LogL: -13343.184 / Time: 0h:0m:7s (0h:0m:3s left)
Optimizing NNI: done in 0.10846 secs using 395.1% CPU
Optimizing NNI: done in 0.0801115 secs using 390.5% CPU
Optimizing NNI: done in 0.0700047 secs using 397.2% CPU
Optimizing NNI: done in 0.0693975 secs using 391.1% CPU
Optimizing NNI: done in 0.152764 secs using 389.8% CPU
Optimizing NNI: done in 0.0699131 secs using 393.3% CPU
Optimizing NNI: done in 0.094243 secs using 394.2% CPU
Optimizing NNI: done in 0.0907747 secs using 394.9% CPU
Optimizing NNI: done in 0.0859685 secs using 396.2% CPU
Optimizing NNI: done in 0.115395 secs using 394.6% CPU
Iteration 80 / LogL: -13341.065 / Time: 0h:0m:8s (0h:0m:2s left)
Optimizing NNI: done in 0.0806046 secs using 396.4% CPU
Optimizing NNI: done in 0.110103 secs using 394.3% CPU
Optimizing NNI: done in 0.100701 secs using 391.2% CPU
Optimizing NNI: done in 0.0861137 secs using 394.6% CPU
Optimizing NNI: done in 0.0920084 secs using 395.2% CPU
Optimizing NNI: done in 0.0849403 secs using 395.5% CPU
Optimizing NNI: done in 0.0652719 secs using 394.8% CPU
Optimizing NNI: done in 0.10326 secs using 393.9% CPU
Optimizing NNI: done in 0.0789704 secs using 394.9% CPU
Optimizing NNI: done in 0.0778303 secs using 390.4% CPU
Iteration 90 / LogL: -13341.065 / Time: 0h:0m:9s (0h:0m:1s left)
Optimizing NNI: done in 0.059272 secs using 392.9% CPU
Optimizing NNI: done in 0.0652264 secs using 396.4% CPU
Optimizing NNI: done in 0.0563887 secs using 393.8% CPU
Optimizing NNI: done in 0.073923 secs using 397.9% CPU
Optimizing NNI: done in 0.0645246 secs using 395.1% CPU
Optimizing NNI: done in 0.0919042 secs using 394.4% CPU
Optimizing NNI: done in 0.0762752 secs using 396% CPU
Optimizing NNI: done in 0.0986062 secs using 394% CPU
Optimizing NNI: done in 0.0919351 secs using 392% CPU
Optimizing NNI: done in 0.0915054 secs using 397.9% CPU
Iteration 100 / LogL: -13341.065 / Time: 0h:0m:10s (0h:0m:0s left)
Log-likelihood cutoff on original alignment: -13373.877
NOTE: Bootstrap correlation coefficient of split occurrence frequencies: 0.999
Optimizing NNI: done in 0.099302 secs using 396.1% CPU
Optimizing NNI: done in 0.105114 secs using 395.3% CPU
Optimizing NNI: done in 0.0763445 secs using 396.1% CPU
Optimizing NNI: done in 0.0958044 secs using 394.9% CPU
Optimizing NNI: done in 0.0725574 secs using 391% CPU
Optimizing NNI: done in 0.0673407 secs using 395.6% CPU
Optimizing NNI: done in 0.0709616 secs using 395.9% CPU
TREE SEARCH COMPLETED AFTER 107 ITERATIONS / Time: 0h:0m:11s

--------------------------------------------------------------------
|                    FINALIZING TREE SEARCH                        |
--------------------------------------------------------------------
Performs final model parameters optimization
Estimate model parameters (epsilon = 0.010)
1. Initial log-likelihood: -13340.552
Optimal log-likelihood: -13340.552
Rate parameters:  A-C: 1.00000  A-G: 2.96218  A-T: 1.00000  C-G: 1.00000  C-T: 2.96218  G-T: 1.00000
Base frequencies:  A: 0.258  C: 0.192  G: 0.222  T: 0.329
Gamma shape alpha: 1.078
Parameters optimization took 1 rounds (0.008 sec)
BEST SCORE FOUND : -13340.552
Creating bootstrap support values...
Split supports printed to NEXUS file results/07_phylogeny/Not_sex_linked/G5865.splits.nex
Total tree length: 0.967

Total number of iterations: 107
CPU time used for tree search: 37.144 sec (0h:0m:37s)
Wall-clock time used for tree search: 9.672 sec (0h:0m:9s)
Total CPU time used: 42.809 sec (0h:0m:42s)
Total wall-clock time used: 11.329 sec (0h:0m:11s)

Computing bootstrap consensus tree...
Reading input file results/07_phylogeny/Not_sex_linked/G5865.splits.nex...
23 taxa and 152 splits.
Consensus tree written to results/07_phylogeny/Not_sex_linked/G5865.contree
Reading input trees file results/07_phylogeny/Not_sex_linked/G5865.contree
Log-likelihood of consensus tree: -13341.066

Analysis results written to: 
  IQ-TREE report:                results/07_phylogeny/Not_sex_linked/G5865.iqtree
  Maximum-likelihood tree:       results/07_phylogeny/Not_sex_linked/G5865.treefile
  Likelihood distances:          results/07_phylogeny/Not_sex_linked/G5865.mldist

Ultrafast bootstrap approximation results written to:
  Split support values:          results/07_phylogeny/Not_sex_linked/G5865.splits.nex
  Consensus tree:                results/07_phylogeny/Not_sex_linked/G5865.contree
  Screen log file:               results/07_phylogeny/Not_sex_linked/G5865.log

Date and Time: Wed May 27 21:28:00 2026
