IQ-TREE version 3.0.1 for Linux x86 64-bit built Jul  9 2025
Developed by Bui Quang Minh, Thomas Wong, Nhan Ly-Trong, Huaiyan Ren
Contributed by Lam-Tung Nguyen, Dominik Schrempf, Chris Bielow,
Olga Chernomor, Michael Woodhams, Diep Thi Hoang, Heiko Schmidt

Host:    c0700a-s19.ufhpc (AVX2, FMA3, 1007 GB RAM)
Command: iqtree -s results/06_alignment/Not_sex_linked/trimmed/G5958.trimmed.aln --prefix results/07_phylogeny/Not_sex_linked/G5958 -m TEST -B 1000 -nt 4 -redo
Seed:    610297 (Using SPRNG - Scalable Parallel Random Number Generator)
Time:    Wed May 27 21:21:48 2026
Kernel:  AVX+FMA - 4 threads (8 CPU cores detected)

Reading alignment file results/06_alignment/Not_sex_linked/trimmed/G5958.trimmed.aln ... Fasta format detected
Reading fasta file: done in 0.000732622 secs using 25.12% CPU
Alignment most likely contains DNA/RNA sequences
Constructing alignment: done in 0.00154965 secs using 247.5% CPU
Alignment has 23 sequences with 2109 columns, 1075 distinct patterns
438 parsimony-informative, 701 singleton sites, 970 constant sites
                  Gap/Ambiguity  Composition  p-value
Analyzing sequences: done in 4.0706e-05 secs using 100.7% CPU
   1  S0012_G5958_R1_A   10.62%    passed     94.05%
   2  S0048_G5958_R1_A    5.83%    passed     88.54%
   3  S0050_G5958_R1_A    5.83%    passed     93.68%
   4  S0004_G5958_R1_A    4.65%    passed     84.31%
   5  S0016_G5958_R1_A    5.03%    passed     96.49%
   6  S0031_G5958_R1_A    1.61%    passed     95.64%
   7  S0018_G5958_R1_A    1.52%    passed     90.02%
   8  S0017_G5958_R1_A    5.36%    passed     97.26%
   9  S0002_G5958_R1_A    0.05%    passed     97.72%
  10  S0036_G5958_R1_A    0.33%    passed     98.61%
  11  S0011_G5958_R1_A    0.62%    passed     67.18%
  12  S0019_G5958_R1_A    1.19%    passed     99.10%
  13  S0020_G5958_R1_A    0.76%    passed     88.97%
  14  S0026_G5958_R1_A    4.98%    passed     93.05%
  15  S0028_G5958_R1_A    0.76%    passed     89.67%
  16  S0005_G5958_R1_A   28.78%    passed     68.09%
  17  S0030_G5958_R1_A    2.13%    passed     98.54%
  18  S0013_G5958_R1_A    1.33%    passed     99.60%
  19  S0021_G5958_R1_A    1.94%    passed     96.98%
  20  S0021_G5958_R2_A    1.99%    passed     91.28%
  21  S0037_G5958_R1_A    3.46%    passed     85.52%
  22  S0046_G5958_R1_A   12.23%    passed     93.81%
  23  S0022_G5958_R1_A    6.26%    passed     90.94%
****  TOTAL               4.66%  0 sequences failed composition chi2 test (p-value<5%; df=3)
Checking for duplicate sequences: done in 0.000131416 secs using 1760% CPU


Create initial parsimony tree by phylogenetic likelihood library (PLL)... 0.001 seconds
Perform fast likelihood tree search using GTR+I+G model...
Estimate model parameters (epsilon = 5.000)
Perform nearest neighbor interchange...
Optimizing NNI: done in 0.0252815 secs using 402.1% CPU
Estimate model parameters (epsilon = 1.000)
1. Initial log-likelihood: -12669.539
Optimal log-likelihood: -12669.024
Rate parameters:  A-C: 1.25847  A-G: 3.23618  A-T: 1.31564  C-G: 1.04498  C-T: 2.85806  G-T: 1.00000
Base frequencies:  A: 0.239  C: 0.208  G: 0.229  T: 0.324
Proportion of invariable sites: 0.204
Gamma shape alpha: 3.737
Parameters optimization took 1 rounds (0.019 sec)
Time for fast ML tree search: 0.090 seconds

NOTE: ModelFinder requires 7 MB RAM!
ModelFinder will test up to 176 DNA models (sample size: 2109 epsilon: 0.100) ...
 No. Model         -LnL         df  AIC          AICc         BIC
  1  JC            13020.295    43  26126.591    26128.423    26369.712
  2  JC+I          12942.951    44  25973.903    25975.821    26222.677
  3  JC+G4         12922.831    44  25933.662    25935.580    26182.436
  4  JC+I+G4       12925.022    45  25940.045    25942.051    26194.473
  7  JC+G4         12922.831    44  25933.662    25935.580    26182.436
 11  F81+G4        12922.831    44  25933.662    25935.580    26182.437
 15  F81+F+G4      12863.678    47  25821.356    25823.545    26087.092
 19  K2P+G4        12737.224    45  25564.449    25566.456    25818.877
 23  K2P+G4        12737.224    45  25564.449    25566.456    25818.877
 27  HKY+G4        12737.224    45  25564.449    25566.455    25818.877
 31  HKY+F+G4      12671.279    48  25438.557    25440.841    25709.948
 35  TNe+G4        12737.209    46  25566.417    25568.514    25826.500
 39  TNe+G4        12737.209    46  25566.417    25568.514    25826.500
 43  TN+G4         12737.209    46  25566.417    25568.514    25826.500
 47  TN+F+G4       12669.827    49  25437.654    25440.034    25714.699
 51  K3P+G4        12736.345    46  25564.690    25566.787    25824.773
 55  K3P+G4        12736.345    46  25564.690    25566.787    25824.773
 59  K3Pu+G4       12736.345    46  25564.690    25566.787    25824.773
 63  K3Pu+F+G4     12670.555    49  25439.110    25441.490    25716.155
 67  TPM2+G4       12730.878    46  25553.755    25555.852    25813.838
 71  TPM2+G4       12730.878    46  25553.755    25555.852    25813.838
 75  TPM2u+G4      12730.878    46  25553.755    25555.852    25813.838
 79  TPM2u+F+G4    12666.200    49  25430.399    25432.779    25707.444
 83  TPM3+G4       12730.180    46  25552.360    25554.457    25812.443
 87  TPM3+G4       12730.180    46  25552.360    25554.457    25812.443
 91  TPM3u+G4      12730.179    46  25552.359    25554.456    25812.441
 95  TPM3u+F+G4    12671.280    49  25440.561    25442.940    25717.605
 99  TIMe+G4       12736.329    47  25566.659    25568.848    25832.395
103  TIMe+G4       12736.329    47  25566.659    25568.848    25832.395
107  TIM+G4        12736.329    47  25566.659    25568.848    25832.395
111  TIM+F+G4      12669.104    50  25438.209    25440.687    25720.907
115  TIM2e+G4      12730.864    47  25555.729    25557.918    25821.465
119  TIM2e+G4      12730.864    47  25555.729    25557.918    25821.465
123  TIM2+G4       12730.864    47  25555.727    25557.916    25821.464
127  TIM2+F+G4     12664.761    50  25429.523    25432.001    25712.221
131  TIM3e+G4      12730.175    47  25554.349    25556.539    25820.086
135  TIM3e+G4      12730.175    47  25554.349    25556.539    25820.086
139  TIM3+G4       12730.173    47  25554.346    25556.535    25820.082
143  TIM3+F+G4     12669.826    50  25439.653    25442.131    25722.351
147  TVMe+G4       12723.677    48  25543.355    25545.638    25814.745
151  TVMe+G4       12723.677    48  25543.355    25545.638    25814.745
155  TVM+G4        12723.676    48  25543.352    25545.636    25814.743
159  TVM+F+G4      12666.045    51  25434.091    25436.669    25722.443
163  SYM+G4        12723.670    49  25545.339    25547.719    25822.384
167  SYM+G4        12723.670    49  25545.339    25547.719    25822.384
171  GTR+G4        12723.668    49  25545.336    25547.715    25822.380
175  GTR+F+G4      12664.607    52  25433.214    25435.895    25727.220
Akaike Information Criterion:           TIM2+F+G4
Corrected Akaike Information Criterion: TIM2+F+G4
Bayesian Information Criterion:         TPM2u+F+G4
Best-fit model: TPM2u+F+G4 chosen according to BIC

All model information printed to results/07_phylogeny/Not_sex_linked/G5958.model.gz
CPU time for ModelFinder: 3.075 seconds (0h:0m:3s)
Wall-clock time for ModelFinder: 0.780 seconds (0h:0m:0s)
Generating 1000 samples for ultrafast bootstrap (seed: 610297)...

NOTE: 7 MB RAM (0 GB) is required!
Estimate model parameters (epsilon = 0.100)
1. Initial log-likelihood: -12666.217
Optimal log-likelihood: -12666.199
Rate parameters:  A-C: 1.28173  A-G: 2.99014  A-T: 1.28173  C-G: 1.00000  C-T: 2.99014  G-T: 1.00000
Base frequencies:  A: 0.239  C: 0.208  G: 0.229  T: 0.324
Gamma shape alpha: 1.356
Parameters optimization took 1 rounds (0.008 sec)
Wrote distance file to... 
Computing ML distances based on estimated model parameters...
Calculating distance matrix: done in 0.000714337 secs using 457.5% CPU
Computing ML distances took 0.000791 sec (of wall-clock time) 0.003349 sec (of CPU time)
Setting up auxiliary I and S matrices: done in 0.000426558 secs using 208.6% CPU
Constructing RapidNJ tree: done in 0.0338282 secs using 246.5% CPU
Computing RapidNJ tree took 0.034320 sec (of wall-clock time) 0.084657 sec (of CPU time)
Log-likelihood of RapidNJ tree: -12728.584
--------------------------------------------------------------------
|             INITIALIZING CANDIDATE TREE SET                      |
--------------------------------------------------------------------
Generating 98 parsimony trees... 0.261 second
Computing log-likelihood of 98 initial trees ... 0.339 seconds
Current best score: -12666.199

Do NNI search on 20 best initial trees
Optimizing NNI: done in 0.0150706 secs using 389.7% CPU
Estimate model parameters (epsilon = 0.100)
BETTER TREE FOUND at iteration 1: -12666.199
Optimizing NNI: done in 0.0388517 secs using 393.7% CPU
Optimizing NNI: done in 0.036514 secs using 399% CPU
Optimizing NNI: done in 0.0402766 secs using 397.9% CPU
Optimizing NNI: done in 0.0422978 secs using 400.3% CPU
Optimizing NNI: done in 0.0423471 secs using 397.5% CPU
Optimizing NNI: done in 0.0558002 secs using 389.6% CPU
Optimizing NNI: done in 0.0428129 secs using 396.4% CPU
Optimizing NNI: done in 0.0407731 secs using 398.7% CPU
Optimizing NNI: done in 0.0434885 secs using 392.1% CPU
Iteration 10 / LogL: -12666.205 / Time: 0h:0m:1s
Optimizing NNI: done in 0.0303199 secs using 394.8% CPU
Optimizing NNI: done in 0.0363165 secs using 392.4% CPU
Optimizing NNI: done in 0.0415865 secs using 398.1% CPU
Optimizing NNI: done in 0.0629027 secs using 393.4% CPU
Optimizing NNI: done in 0.0438871 secs using 396% CPU
Optimizing NNI: done in 0.0394733 secs using 401.2% CPU
Optimizing NNI: done in 0.0354694 secs using 393.4% CPU
Optimizing NNI: done in 0.0548835 secs using 392.7% CPU
Optimizing NNI: done in 0.0446965 secs using 394.9% CPU
Optimizing NNI: done in 0.0606049 secs using 391.2% CPU
Iteration 20 / LogL: -12666.201 / Time: 0h:0m:2s
Finish initializing candidate tree set (6)
Current best tree score: -12666.199 / CPU time: 1.473
Number of iterations: 20
--------------------------------------------------------------------
|               OPTIMIZING CANDIDATE TREE SET                      |
--------------------------------------------------------------------
Optimizing NNI: done in 0.0676514 secs using 394.5% CPU
Optimizing NNI: done in 0.0610573 secs using 396.9% CPU
Optimizing NNI: done in 0.0628048 secs using 395.1% CPU
Optimizing NNI: done in 0.0562312 secs using 392.9% CPU
Optimizing NNI: done in 0.0518559 secs using 392.6% CPU
Optimizing NNI: done in 0.0452898 secs using 399.8% CPU
Optimizing NNI: done in 0.0410663 secs using 389.6% CPU
Optimizing NNI: done in 0.0634059 secs using 395.5% CPU
Optimizing NNI: done in 0.0462479 secs using 393.9% CPU
Optimizing NNI: done in 0.0650278 secs using 395.9% CPU
Iteration 30 / LogL: -12669.911 / Time: 0h:0m:3s (0h:0m:5s left)
Optimizing NNI: done in 0.0478061 secs using 394.8% CPU
Optimizing NNI: done in 0.0387465 secs using 396.8% CPU
Optimizing NNI: done in 0.0488535 secs using 392.4% CPU
Optimizing NNI: done in 0.076267 secs using 399.1% CPU
Optimizing NNI: done in 0.0366111 secs using 389.8% CPU
Optimizing NNI: done in 0.0336376 secs using 394.9% CPU
Optimizing NNI: done in 0.0438443 secs using 396.5% CPU
Optimizing NNI: done in 0.0706835 secs using 394.8% CPU
Optimizing NNI: done in 0.0337225 secs using 388.4% CPU
Optimizing NNI: done in 0.0700965 secs using 395.8% CPU
Iteration 40 / LogL: -12669.306 / Time: 0h:0m:3s (0h:0m:4s left)
Optimizing NNI: done in 0.0196176 secs using 383.2% CPU
Optimizing NNI: done in 0.026657 secs using 393.5% CPU
Optimizing NNI: done in 0.0595285 secs using 396.5% CPU
Optimizing NNI: done in 0.0606314 secs using 392.7% CPU
Optimizing NNI: done in 0.0478095 secs using 396.7% CPU
Optimizing NNI: done in 0.0519427 secs using 396% CPU
Optimizing NNI: done in 0.0526713 secs using 399.4% CPU
Optimizing NNI: done in 0.0509194 secs using 396% CPU
Optimizing NNI: done in 0.0618528 secs using 394.8% CPU
Optimizing NNI: done in 0.0481605 secs using 396.2% CPU
Iteration 50 / LogL: -12669.284 / Time: 0h:0m:4s (0h:0m:3s left)
Log-likelihood cutoff on original alignment: -12708.885
Optimizing NNI: done in 0.040703 secs using 394.7% CPU
Optimizing NNI: done in 0.0642515 secs using 393.3% CPU
Optimizing NNI: done in 0.0419686 secs using 397.9% CPU
Optimizing NNI: done in 0.0695336 secs using 395.2% CPU
Optimizing NNI: done in 0.0475644 secs using 383.5% CPU
Optimizing NNI: done in 0.0563862 secs using 399.1% CPU
Optimizing NNI: done in 0.0595021 secs using 400.1% CPU
Optimizing NNI: done in 0.0605255 secs using 391.7% CPU
Optimizing NNI: done in 0.0338428 secs using 399% CPU
Optimizing NNI: done in 0.0545749 secs using 394.5% CPU
Iteration 60 / LogL: -12669.305 / Time: 0h:0m:4s (0h:0m:2s left)
Optimizing NNI: done in 0.0487834 secs using 394.8% CPU
Optimizing NNI: done in 0.0417436 secs using 397.1% CPU
Optimizing NNI: done in 0.0498871 secs using 395.7% CPU
Optimizing NNI: done in 0.0593476 secs using 394.3% CPU
Optimizing NNI: done in 0.0557305 secs using 393.6% CPU
Optimizing NNI: done in 0.0376505 secs using 387.1% CPU
Optimizing NNI: done in 0.0595373 secs using 394.9% CPU
Optimizing NNI: done in 0.0313705 secs using 387.7% CPU
Optimizing NNI: done in 0.0501669 secs using 392.6% CPU
Optimizing NNI: done in 0.0596884 secs using 394.3% CPU
Iteration 70 / LogL: -12669.281 / Time: 0h:0m:5s (0h:0m:1s left)
Optimizing NNI: done in 0.0427672 secs using 394.7% CPU
Optimizing NNI: done in 0.0731004 secs using 398.5% CPU
Optimizing NNI: done in 0.0443602 secs using 388.6% CPU
Optimizing NNI: done in 0.0649973 secs using 395.6% CPU
Optimizing NNI: done in 0.0644021 secs using 394.1% CPU
Optimizing NNI: done in 0.058826 secs using 395.3% CPU
Optimizing NNI: done in 0.0687629 secs using 395.5% CPU
Optimizing NNI: done in 0.0396863 secs using 394.6% CPU
Optimizing NNI: done in 0.0635952 secs using 397.7% CPU
Optimizing NNI: done in 0.0672063 secs using 396.5% CPU
Iteration 80 / LogL: -12666.200 / Time: 0h:0m:5s (0h:0m:1s left)
Optimizing NNI: done in 0.0598694 secs using 393.2% CPU
Optimizing NNI: done in 0.0492415 secs using 396.3% CPU
Optimizing NNI: done in 0.0482098 secs using 398.5% CPU
Optimizing NNI: done in 0.0577074 secs using 397.1% CPU
Optimizing NNI: done in 0.0639396 secs using 396.2% CPU
Optimizing NNI: done in 0.0591945 secs using 395% CPU
Optimizing NNI: done in 0.050278 secs using 395.7% CPU
Optimizing NNI: done in 0.0726346 secs using 392.2% CPU
Optimizing NNI: done in 0.0502135 secs using 392.5% CPU
Optimizing NNI: done in 0.059203 secs using 393.2% CPU
Iteration 90 / LogL: -12671.941 / Time: 0h:0m:6s (0h:0m:0s left)
Optimizing NNI: done in 0.0442705 secs using 395.7% CPU
Optimizing NNI: done in 0.070271 secs using 389% CPU
Optimizing NNI: done in 0.0593517 secs using 397.5% CPU
Optimizing NNI: done in 0.0615882 secs using 396.2% CPU
Optimizing NNI: done in 0.063694 secs using 389.7% CPU
Optimizing NNI: done in 0.0681134 secs using 395.6% CPU
Optimizing NNI: done in 0.0489439 secs using 395.7% CPU
Optimizing NNI: done in 0.061639 secs using 391.1% CPU
Optimizing NNI: done in 0.0572313 secs using 396.4% CPU
Optimizing NNI: done in 0.0784802 secs using 396.8% CPU
Iteration 100 / LogL: -12669.910 / Time: 0h:0m:7s (0h:0m:0s left)
Log-likelihood cutoff on original alignment: -12708.885
NOTE: Bootstrap correlation coefficient of split occurrence frequencies: 0.994
Optimizing NNI: done in 0.0672478 secs using 399% CPU
Optimizing NNI: done in 0.0447472 secs using 399% CPU
TREE SEARCH COMPLETED AFTER 102 ITERATIONS / Time: 0h:0m:7s

--------------------------------------------------------------------
|                    FINALIZING TREE SEARCH                        |
--------------------------------------------------------------------
Performs final model parameters optimization
Estimate model parameters (epsilon = 0.010)
1. Initial log-likelihood: -12666.199
Optimal log-likelihood: -12666.199
Rate parameters:  A-C: 1.28061  A-G: 2.98702  A-T: 1.28061  C-G: 1.00000  C-T: 2.98702  G-T: 1.00000
Base frequencies:  A: 0.239  C: 0.208  G: 0.229  T: 0.324
Gamma shape alpha: 1.356
Parameters optimization took 1 rounds (0.007 sec)
BEST SCORE FOUND : -12666.199
Creating bootstrap support values...
Split supports printed to NEXUS file results/07_phylogeny/Not_sex_linked/G5958.splits.nex
Total tree length: 1.163

Total number of iterations: 102
CPU time used for tree search: 23.809 sec (0h:0m:23s)
Wall-clock time used for tree search: 6.278 sec (0h:0m:6s)
Total CPU time used: 27.390 sec (0h:0m:27s)
Total wall-clock time used: 7.274 sec (0h:0m:7s)

Computing bootstrap consensus tree...
Reading input file results/07_phylogeny/Not_sex_linked/G5958.splits.nex...
23 taxa and 154 splits.
Consensus tree written to results/07_phylogeny/Not_sex_linked/G5958.contree
Reading input trees file results/07_phylogeny/Not_sex_linked/G5958.contree
Log-likelihood of consensus tree: -12666.199

Analysis results written to: 
  IQ-TREE report:                results/07_phylogeny/Not_sex_linked/G5958.iqtree
  Maximum-likelihood tree:       results/07_phylogeny/Not_sex_linked/G5958.treefile
  Likelihood distances:          results/07_phylogeny/Not_sex_linked/G5958.mldist

Ultrafast bootstrap approximation results written to:
  Split support values:          results/07_phylogeny/Not_sex_linked/G5958.splits.nex
  Consensus tree:                results/07_phylogeny/Not_sex_linked/G5958.contree
  Screen log file:               results/07_phylogeny/Not_sex_linked/G5958.log

Date and Time: Wed May 27 21:21:55 2026
