IQ-TREE version 3.0.1 for Linux x86 64-bit built Jul  9 2025
Developed by Bui Quang Minh, Thomas Wong, Nhan Ly-Trong, Huaiyan Ren
Contributed by Lam-Tung Nguyen, Dominik Schrempf, Chris Bielow,
Olga Chernomor, Michael Woodhams, Diep Thi Hoang, Heiko Schmidt

Host:    c0700a-s19.ufhpc (AVX2, FMA3, 1007 GB RAM)
Command: iqtree -s results/06_alignment/Not_sex_linked/trimmed/G6056.trimmed.aln --prefix results/07_phylogeny/Not_sex_linked/G6056 -m TEST -B 1000 -nt 4 -redo
Seed:    937775 (Using SPRNG - Scalable Parallel Random Number Generator)
Time:    Wed May 27 21:36:57 2026
Kernel:  AVX+FMA - 4 threads (8 CPU cores detected)

Reading alignment file results/06_alignment/Not_sex_linked/trimmed/G6056.trimmed.aln ... Fasta format detected
Reading fasta file: done in 0.00112795 secs using 38.57% CPU
Alignment most likely contains DNA/RNA sequences
Constructing alignment: done in 0.00131764 secs using 307.7% CPU
Alignment has 26 sequences with 1675 columns, 1155 distinct patterns
461 parsimony-informative, 671 singleton sites, 543 constant sites
                  Gap/Ambiguity  Composition  p-value
Analyzing sequences: done in 5.24281e-05 secs using 72.48% CPU
   1  S0012_G6056_R1_A   46.45%    passed     89.42%
   2  S0021_G6056_R3_A   82.15%    passed     49.18%
   3  S0021_G6056_R4_A   82.33%    passed     64.18%
   4  S0037_G6056_R2_A   83.82%    passed      9.49%
   5  S0005_G6056_R1_A   10.15%    passed     66.68%
   6  S0002_G6056_R1_A    7.64%    passed     97.62%
   7  S0004_G6056_R1_A    3.76%    passed     89.38%
   8  S0013_G6056_R1_A    2.09%    passed     72.93%
   9  S0016_G6056_R1_A    2.09%    passed     99.46%
  10  S0022_G6056_R1_A    1.91%    passed     99.71%
  11  S0031_G6056_R1_A    2.09%    passed     99.80%
  12  S0046_G6056_R1_A    1.91%    passed     84.84%
  13  S0048_G6056_R1_A    2.69%    passed     95.25%
  14  S0021_G6056_R1_A    4.48%    passed     96.26%
  15  S0021_G6056_R2_A    3.34%    passed     88.01%
  16  S0017_G6056_R1_A    5.43%    passed     88.12%
  17  S0019_G6056_R1_A    3.28%    passed     96.01%
  18  S0020_G6056_R1_A    5.13%    passed     91.28%
  19  S0030_G6056_R1_A    4.00%    passed     99.15%
  20  S0011_G6056_R1_A    3.16%    passed     97.18%
  21  S0018_G6056_R1_A    2.33%    passed     88.12%
  22  S0028_G6056_R1_A   14.93%    passed     99.75%
  23  S0036_G6056_R1_A   15.34%    passed     99.89%
  24  S0026_G6056_R1_A   26.03%    passed     78.30%
  25  S0037_G6056_R1_A   27.10%    passed     32.17%
  26  S0050_G6056_R1_A   18.93%    failed      0.59%
WARNING: 3 sequences contain more than 50% gaps/ambiguity
****  TOTAL              17.79%  1 sequences failed composition chi2 test (p-value<5%; df=3)
Checking for duplicate sequences: done in 0.000158767 secs


Create initial parsimony tree by phylogenetic likelihood library (PLL)... 0.002 seconds
Perform fast likelihood tree search using GTR+I+G model...
Estimate model parameters (epsilon = 5.000)
Perform nearest neighbor interchange...
Optimizing NNI: done in 0.0700347 secs using 397.3% CPU
Estimate model parameters (epsilon = 1.000)
1. Initial log-likelihood: -12074.066
2. Current log-likelihood: -12072.352
3. Current log-likelihood: -12071.011
4. Current log-likelihood: -12069.957
Optimal log-likelihood: -12069.068
Rate parameters:  A-C: 1.06907  A-G: 2.94220  A-T: 0.96553  C-G: 0.87189  C-T: 2.86657  G-T: 1.00000
Base frequencies:  A: 0.274  C: 0.184  G: 0.222  T: 0.319
Proportion of invariable sites: 0.075
Gamma shape alpha: 3.527
Parameters optimization took 4 rounds (0.079 sec)
Time for fast ML tree search: 0.266 seconds

NOTE: ModelFinder requires 8 MB RAM!
ModelFinder will test up to 176 DNA models (sample size: 1675 epsilon: 0.100) ...
 No. Model         -LnL         df  AIC          AICc         BIC
  1  JC            12452.902    49  25003.803    25006.818    25269.558
  2  JC+I          12428.850    50  24957.699    24960.839    25228.877
  3  JC+G4         12393.723    50  24887.445    24890.586    25158.624
  4  JC+I+G4       12395.481    51  24892.963    24896.231    25169.565
  7  JC+G4         12393.723    50  24887.445    24890.586    25158.624
 11  F81+G4        12393.723    50  24887.445    24890.586    25158.624
 15  F81+F+G4      12325.670    53  24757.340    24760.871    25044.789
 19  K2P+G4        12153.049    51  24408.098    24411.366    24684.700
 23  K2P+G4        12153.049    51  24408.098    24411.366    24684.700
 27  HKY+G4        12153.049    51  24408.098    24411.366    24684.700
 31  HKY+F+G4      12063.441    54  24234.882    24238.549    24527.755
 35  TNe+G4        12152.422    52  24408.844    24412.243    24690.870
 39  TNe+G4        12152.422    52  24408.844    24412.243    24690.870
 43  TN+G4         12152.422    52  24408.844    24412.242    24690.870
 47  TN+F+G4       12063.415    55  24236.830    24240.635    24535.127
 51  K3P+G4        12152.949    52  24409.898    24413.297    24691.924
 55  K3P+G4        12152.949    52  24409.898    24413.297    24691.924
 59  K3Pu+G4       12152.949    52  24409.898    24413.297    24691.924
 63  K3Pu+F+G4     12062.692    55  24235.384    24239.188    24533.680
 67  TPM2+G4       12149.831    52  24403.662    24407.061    24685.688
 71  TPM2+G4       12149.831    52  24403.662    24407.061    24685.688
 75  TPM2u+G4      12149.830    52  24403.661    24407.059    24685.686
 79  TPM2u+F+G4    12063.230    55  24236.460    24240.264    24534.756
 83  TPM3+G4       12141.689    52  24387.378    24390.776    24669.404
 87  TPM3+G4       12141.689    52  24387.378    24390.776    24669.404
 91  TPM3u+G4      12141.689    52  24387.378    24390.776    24669.403
 95  TPM3u+F+G4    12063.441    55  24236.882    24240.687    24535.179
 99  TIMe+G4       12152.321    53  24410.642    24414.173    24698.091
103  TIMe+G4       12152.321    53  24410.642    24414.173    24698.091
107  TIM+G4        12152.321    53  24410.642    24414.173    24698.091
111  TIM+F+G4      12062.664    56  24237.329    24241.274    24541.049
115  TIM2e+G4      12149.204    53  24404.408    24407.939    24691.857
119  TIM2e+G4      12149.204    53  24404.408    24407.939    24691.857
123  TIM2+G4       12149.204    53  24404.408    24407.939    24691.857
127  TIM2+F+G4     12063.206    56  24238.411    24242.357    24542.131
131  TIM3e+G4      12141.168    53  24388.335    24391.866    24675.784
135  TIM3e+G4      12141.168    53  24388.335    24391.866    24675.784
139  TIM3+G4       12141.165    53  24388.331    24391.862    24675.780
143  TIM3+F+G4     12063.415    56  24238.830    24242.776    24542.550
147  TVMe+G4       12137.483    54  24382.967    24386.634    24675.840
151  TVMe+G4       12137.483    54  24382.967    24386.634    24675.840
155  TVM+G4        12137.482    54  24382.964    24386.631    24675.837
159  TVM+F+G4      12062.157    57  24238.314    24242.403    24547.458
163  SYM+G4        12136.951    55  24383.903    24387.707    24682.199
167  SYM+G4        12136.951    55  24383.903    24387.707    24682.199
171  GTR+G4        12136.951    55  24383.902    24387.707    24682.199
175  GTR+F+G4      12062.132    58  24240.265    24244.500    24554.832
Akaike Information Criterion:           HKY+F+G4
Corrected Akaike Information Criterion: HKY+F+G4
Bayesian Information Criterion:         HKY+F+G4
Best-fit model: HKY+F+G4 chosen according to BIC

All model information printed to results/07_phylogeny/Not_sex_linked/G6056.model.gz
CPU time for ModelFinder: 5.517 seconds (0h:0m:5s)
Wall-clock time for ModelFinder: 1.395 seconds (0h:0m:1s)
Generating 1000 samples for ultrafast bootstrap (seed: 937775)...

NOTE: 8 MB RAM (0 GB) is required!
Estimate model parameters (epsilon = 0.100)
1. Initial log-likelihood: -12063.448
Optimal log-likelihood: -12063.441
Rate parameters:  A-C: 1.00000  A-G: 2.96541  A-T: 1.00000  C-G: 1.00000  C-T: 2.96541  G-T: 1.00000
Base frequencies:  A: 0.274  C: 0.184  G: 0.222  T: 0.319
Gamma shape alpha: 2.367
Parameters optimization took 1 rounds (0.012 sec)
Wrote distance file to... 
Computing ML distances based on estimated model parameters...
Calculating distance matrix: done in 0.00150375 secs using 459.6% CPU
Computing ML distances took 0.001627 sec (of wall-clock time) 0.007039 sec (of CPU time)
Setting up auxiliary I and S matrices: done in 0.0446787 secs using 209% CPU
Constructing RapidNJ tree: done in 0.320726 secs using 221.5% CPU
Computing RapidNJ tree took 0.365555 sec (of wall-clock time) 0.803800 sec (of CPU time)
Log-likelihood of RapidNJ tree: -12091.772
--------------------------------------------------------------------
|             INITIALIZING CANDIDATE TREE SET                      |
--------------------------------------------------------------------
Generating 98 parsimony trees... 0.316 second
Computing log-likelihood of 98 initial trees ... 0.546 seconds
Current best score: -12061.947

Do NNI search on 20 best initial trees
Optimizing NNI: done in 0.0802548 secs using 394.1% CPU
Estimate model parameters (epsilon = 0.100)
BETTER TREE FOUND at iteration 1: -12048.441
Optimizing NNI: done in 0.0889722 secs using 394.8% CPU
Estimate model parameters (epsilon = 0.100)
BETTER TREE FOUND at iteration 2: -12046.518
Optimizing NNI: done in 0.0250711 secs using 396.3% CPU
Optimizing NNI: done in 0.09155 secs using 393.7% CPU
Optimizing NNI: done in 0.0565256 secs using 395% CPU
Optimizing NNI: done in 0.0791235 secs using 396.1% CPU
Optimizing NNI: done in 0.079027 secs using 393.5% CPU
Optimizing NNI: done in 0.0456445 secs using 395.5% CPU
Optimizing NNI: done in 0.0763198 secs using 391.1% CPU
Optimizing NNI: done in 0.0693467 secs using 397.6% CPU
Iteration 10 / LogL: -12052.397 / Time: 0h:0m:3s
Optimizing NNI: done in 0.0711902 secs using 391.3% CPU
Optimizing NNI: done in 0.108229 secs using 393.2% CPU
Optimizing NNI: done in 0.117291 secs using 393.5% CPU
Optimizing NNI: done in 0.0791313 secs using 398.4% CPU
Optimizing NNI: done in 0.101097 secs using 394.3% CPU
Optimizing NNI: done in 0.0770388 secs using 394.9% CPU
Optimizing NNI: done in 0.086856 secs using 398.2% CPU
Optimizing NNI: done in 0.0778355 secs using 389.2% CPU
Estimate model parameters (epsilon = 0.100)
BETTER TREE FOUND at iteration 18: -12046.488
Optimizing NNI: done in 0.112293 secs using 394.2% CPU
Optimizing NNI: done in 0.109431 secs using 397.3% CPU
Iteration 20 / LogL: -12051.207 / Time: 0h:0m:4s
Finish initializing candidate tree set (13)
Current best tree score: -12046.488 / CPU time: 2.554
Number of iterations: 20
--------------------------------------------------------------------
|               OPTIMIZING CANDIDATE TREE SET                      |
--------------------------------------------------------------------
Optimizing NNI: done in 0.143904 secs using 395% CPU
Optimizing NNI: done in 0.10614 secs using 395.4% CPU
Optimizing NNI: done in 0.108884 secs using 394.3% CPU
Optimizing NNI: done in 0.11042 secs using 395.4% CPU
UPDATE BEST LOG-LIKELIHOOD: -12046.487
Optimizing NNI: done in 0.0860138 secs using 393% CPU
Optimizing NNI: done in 0.0692933 secs using 394.5% CPU
Optimizing NNI: done in 0.0845186 secs using 392.2% CPU
Estimate model parameters (epsilon = 0.100)
BETTER TREE FOUND at iteration 27: -12044.462
Optimizing NNI: done in 0.0795225 secs using 398.1% CPU
Optimizing NNI: done in 0.0687581 secs using 398.7% CPU
Optimizing NNI: done in 0.0885337 secs using 393.5% CPU
Iteration 30 / LogL: -12048.558 / Time: 0h:0m:5s (0h:0m:13s left)
Optimizing NNI: done in 0.0791343 secs using 394.5% CPU
Optimizing NNI: done in 0.0909199 secs using 395.7% CPU
Optimizing NNI: done in 0.0868318 secs using 391.3% CPU
Optimizing NNI: done in 0.0986773 secs using 392.6% CPU
Optimizing NNI: done in 0.064492 secs using 398.3% CPU
Optimizing NNI: done in 0.073601 secs using 393.6% CPU
Optimizing NNI: done in 0.145018 secs using 394.1% CPU
Optimizing NNI: done in 0.110555 secs using 394.3% CPU
Optimizing NNI: done in 0.086029 secs using 395.1% CPU
Optimizing NNI: done in 0.109913 secs using 395.1% CPU
Iteration 40 / LogL: -12046.990 / Time: 0h:0m:6s (0h:0m:11s left)
Optimizing NNI: done in 0.0923005 secs using 393.2% CPU
Optimizing NNI: done in 0.0615394 secs using 391.6% CPU
Optimizing NNI: done in 0.0816345 secs using 391.6% CPU
Optimizing NNI: done in 0.0824087 secs using 394.9% CPU
Optimizing NNI: done in 0.0817242 secs using 398.5% CPU
Optimizing NNI: done in 0.104826 secs using 396.1% CPU
Optimizing NNI: done in 0.0886862 secs using 398.4% CPU
Optimizing NNI: done in 0.115693 secs using 391.5% CPU
Optimizing NNI: done in 0.0818789 secs using 393.2% CPU
Optimizing NNI: done in 0.108236 secs using 394% CPU
Iteration 50 / LogL: -12047.214 / Time: 0h:0m:7s (0h:0m:9s left)
Log-likelihood cutoff on original alignment: -12077.977
Optimizing NNI: done in 0.10799 secs using 393.8% CPU
Optimizing NNI: done in 0.119352 secs using 394.2% CPU
Optimizing NNI: done in 0.107839 secs using 390.6% CPU
Optimizing NNI: done in 0.0872363 secs using 394.7% CPU
Optimizing NNI: done in 0.133105 secs using 394.4% CPU
Optimizing NNI: done in 0.0883223 secs using 396.5% CPU
Optimizing NNI: done in 0.0814793 secs using 395.8% CPU
Optimizing NNI: done in 0.0592242 secs using 396.5% CPU
Optimizing NNI: done in 0.103158 secs using 394.2% CPU
Optimizing NNI: done in 0.129516 secs using 397.1% CPU
Iteration 60 / LogL: -12046.312 / Time: 0h:0m:8s (0h:0m:8s left)
Optimizing NNI: done in 0.189188 secs using 393.6% CPU
Optimizing NNI: done in 0.0614883 secs using 392% CPU
Optimizing NNI: done in 0.0888087 secs using 395.9% CPU
Optimizing NNI: done in 0.130456 secs using 393.3% CPU
Optimizing NNI: done in 0.0908201 secs using 391.6% CPU
Optimizing NNI: done in 0.112109 secs using 391.9% CPU
Optimizing NNI: done in 0.0744244 secs using 398.1% CPU
Optimizing NNI: done in 0.0851004 secs using 393.7% CPU
Optimizing NNI: done in 0.0945696 secs using 393.5% CPU
Optimizing NNI: done in 0.0787395 secs using 395.7% CPU
Iteration 70 / LogL: -12046.539 / Time: 0h:0m:9s (0h:0m:6s left)
Optimizing NNI: done in 0.123844 secs using 384.1% CPU
Optimizing NNI: done in 0.139615 secs using 394.1% CPU
Estimate model parameters (epsilon = 0.100)
BETTER TREE FOUND at iteration 72: -12044.252
Optimizing NNI: done in 0.105907 secs using 390.3% CPU
Optimizing NNI: done in 0.137537 secs using 395.7% CPU
Optimizing NNI: done in 0.0878311 secs using 395.8% CPU
Optimizing NNI: done in 0.0886737 secs using 398.8% CPU
Optimizing NNI: done in 0.106369 secs using 393.9% CPU
Optimizing NNI: done in 0.111725 secs using 392.9% CPU
Optimizing NNI: done in 0.0930591 secs using 395.2% CPU
Optimizing NNI: done in 0.0755094 secs using 393% CPU
Iteration 80 / LogL: -12044.292 / Time: 0h:0m:10s (0h:0m:10s left)
Optimizing NNI: done in 0.100577 secs using 394% CPU
Optimizing NNI: done in 0.116169 secs using 396.2% CPU
Optimizing NNI: done in 0.134044 secs using 393.8% CPU
Optimizing NNI: done in 0.135093 secs using 394.5% CPU
Optimizing NNI: done in 0.0798272 secs using 395.7% CPU
Optimizing NNI: done in 0.118738 secs using 394.9% CPU
Optimizing NNI: done in 0.0686108 secs using 397.8% CPU
Optimizing NNI: done in 0.0740653 secs using 392.9% CPU
Optimizing NNI: done in 0.107959 secs using 392.5% CPU
Optimizing NNI: done in 0.151842 secs using 394.2% CPU
Iteration 90 / LogL: -12045.088 / Time: 0h:0m:11s (0h:0m:9s left)
Optimizing NNI: done in 0.0943369 secs using 391.8% CPU
Optimizing NNI: done in 0.113316 secs using 396.4% CPU
Optimizing NNI: done in 0.0963454 secs using 394.9% CPU
Optimizing NNI: done in 0.110056 secs using 395.1% CPU
Optimizing NNI: done in 0.0967939 secs using 393.5% CPU
Optimizing NNI: done in 0.105684 secs using 395.3% CPU
Optimizing NNI: done in 0.0897908 secs using 393.4% CPU
Optimizing NNI: done in 0.0966448 secs using 396.3% CPU
Optimizing NNI: done in 0.115447 secs using 398.1% CPU
Optimizing NNI: done in 0.133882 secs using 396.3% CPU
Iteration 100 / LogL: -12045.055 / Time: 0h:0m:12s (0h:0m:8s left)
Log-likelihood cutoff on original alignment: -12077.977
NOTE: Bootstrap correlation coefficient of split occurrence frequencies: 0.996
Optimizing NNI: done in 0.105975 secs using 392.8% CPU
Optimizing NNI: done in 0.106552 secs using 396% CPU
Optimizing NNI: done in 0.132988 secs using 394.6% CPU
Optimizing NNI: done in 0.117878 secs using 396.1% CPU
UPDATE BEST LOG-LIKELIHOOD: -12044.251
Optimizing NNI: done in 0.157945 secs using 393.3% CPU
Optimizing NNI: done in 0.102932 secs using 394.9% CPU
Optimizing NNI: done in 0.143522 secs using 393.8% CPU
Optimizing NNI: done in 0.112713 secs using 393% CPU
Optimizing NNI: done in 0.0671128 secs using 395.6% CPU
Optimizing NNI: done in 0.148732 secs using 392.7% CPU
Iteration 110 / LogL: -12044.549 / Time: 0h:0m:14s (0h:0m:10s left)
Optimizing NNI: done in 0.120048 secs using 395.8% CPU
Optimizing NNI: done in 0.0714226 secs using 390.3% CPU
Optimizing NNI: done in 0.0970269 secs using 393.4% CPU
Optimizing NNI: done in 0.111798 secs using 392.8% CPU
Optimizing NNI: done in 0.126039 secs using 396.7% CPU
Optimizing NNI: done in 0.104071 secs using 394.5% CPU
Optimizing NNI: done in 0.158602 secs using 395.8% CPU
Optimizing NNI: done in 0.130512 secs using 395.7% CPU
Optimizing NNI: done in 0.100287 secs using 394.7% CPU
Optimizing NNI: done in 0.158087 secs using 396.2% CPU
Iteration 120 / LogL: -12045.637 / Time: 0h:0m:15s (0h:0m:9s left)
Optimizing NNI: done in 0.0866479 secs using 397.7% CPU
Optimizing NNI: done in 0.093 secs using 395.6% CPU
Optimizing NNI: done in 0.105522 secs using 394.3% CPU
Optimizing NNI: done in 0.111433 secs using 395.7% CPU
Optimizing NNI: done in 0.106765 secs using 396.4% CPU
Optimizing NNI: done in 0.0822968 secs using 395.1% CPU
Optimizing NNI: done in 0.112011 secs using 397.5% CPU
Optimizing NNI: done in 0.10343 secs using 396.3% CPU
Optimizing NNI: done in 0.128227 secs using 398.7% CPU
Optimizing NNI: done in 0.104433 secs using 395.2% CPU
Iteration 130 / LogL: -12047.710 / Time: 0h:0m:16s (0h:0m:8s left)
Optimizing NNI: done in 0.0884183 secs using 399.4% CPU
Optimizing NNI: done in 0.0858211 secs using 393.6% CPU
Optimizing NNI: done in 0.088639 secs using 398.7% CPU
Optimizing NNI: done in 0.103421 secs using 393.5% CPU
Optimizing NNI: done in 0.0992611 secs using 395.8% CPU
Optimizing NNI: done in 0.0960285 secs using 395.5% CPU
Optimizing NNI: done in 0.102247 secs using 395.9% CPU
Optimizing NNI: done in 0.113062 secs using 396.7% CPU
Optimizing NNI: done in 0.131456 secs using 394.4% CPU
UPDATE BEST LOG-LIKELIHOOD: -12044.250
Optimizing NNI: done in 0.155625 secs using 398.5% CPU
Iteration 140 / LogL: -12051.968 / Time: 0h:0m:17s (0h:0m:7s left)
Optimizing NNI: done in 0.095931 secs using 397.8% CPU
Optimizing NNI: done in 0.11452 secs using 399% CPU
Optimizing NNI: done in 0.104355 secs using 391% CPU
Optimizing NNI: done in 0.110052 secs using 393.1% CPU
Optimizing NNI: done in 0.121953 secs using 396.1% CPU
Optimizing NNI: done in 0.107801 secs using 394.3% CPU
Optimizing NNI: done in 0.0886968 secs using 393.2% CPU
Optimizing NNI: done in 0.0971463 secs using 397.2% CPU
Optimizing NNI: done in 0.0819096 secs using 390.7% CPU
Optimizing NNI: done in 0.110566 secs using 393.3% CPU
Iteration 150 / LogL: -12051.680 / Time: 0h:0m:18s (0h:0m:5s left)
Log-likelihood cutoff on original alignment: -12077.977
Optimizing NNI: done in 0.136381 secs using 393.4% CPU
Optimizing NNI: done in 0.119884 secs using 394.6% CPU
Optimizing NNI: done in 0.0863583 secs using 389.4% CPU
Optimizing NNI: done in 0.133168 secs using 392.6% CPU
Optimizing NNI: done in 0.115641 secs using 393.4% CPU
Optimizing NNI: done in 0.1175 secs using 392.9% CPU
Optimizing NNI: done in 0.135046 secs using 395.1% CPU
Optimizing NNI: done in 0.0973678 secs using 392.1% CPU
Optimizing NNI: done in 0.100399 secs using 388.4% CPU
Optimizing NNI: done in 0.107058 secs using 394.6% CPU
Iteration 160 / LogL: -12048.018 / Time: 0h:0m:20s (0h:0m:4s left)
Optimizing NNI: done in 0.137553 secs using 395% CPU
Optimizing NNI: done in 0.141812 secs using 390.3% CPU
Optimizing NNI: done in 0.0886583 secs using 391.9% CPU
Optimizing NNI: done in 0.0883355 secs using 397.6% CPU
Optimizing NNI: done in 0.0819519 secs using 394.1% CPU
Optimizing NNI: done in 0.0780306 secs using 392.3% CPU
Optimizing NNI: done in 0.0878667 secs using 398.1% CPU
Optimizing NNI: done in 0.0978249 secs using 394.1% CPU
Optimizing NNI: done in 0.0782318 secs using 396.5% CPU
Optimizing NNI: done in 0.12878 secs using 396.4% CPU
Iteration 170 / LogL: -12053.033 / Time: 0h:0m:21s (0h:0m:3s left)
Optimizing NNI: done in 0.0795915 secs using 396.6% CPU
Optimizing NNI: done in 0.147705 secs using 396.2% CPU
Optimizing NNI: done in 0.0986456 secs using 395.8% CPU
TREE SEARCH COMPLETED AFTER 173 ITERATIONS / Time: 0h:0m:21s

--------------------------------------------------------------------
|                    FINALIZING TREE SEARCH                        |
--------------------------------------------------------------------
Performs final model parameters optimization
Estimate model parameters (epsilon = 0.010)
1. Initial log-likelihood: -12044.250
Optimal log-likelihood: -12044.250
Rate parameters:  A-C: 1.00000  A-G: 3.01292  A-T: 1.00000  C-G: 1.00000  C-T: 3.01292  G-T: 1.00000
Base frequencies:  A: 0.274  C: 0.184  G: 0.222  T: 0.319
Gamma shape alpha: 2.334
Parameters optimization took 1 rounds (0.011 sec)
BEST SCORE FOUND : -12044.250
Creating bootstrap support values...
Split supports printed to NEXUS file results/07_phylogeny/Not_sex_linked/G6056.splits.nex
Total tree length: 2.061

Total number of iterations: 173
CPU time used for tree search: 75.536 sec (0h:1m:15s)
Wall-clock time used for tree search: 19.507 sec (0h:0m:19s)
Total CPU time used: 82.339 sec (0h:1m:22s)
Total wall-clock time used: 21.477 sec (0h:0m:21s)

Computing bootstrap consensus tree...
Reading input file results/07_phylogeny/Not_sex_linked/G6056.splits.nex...
26 taxa and 364 splits.
Consensus tree written to results/07_phylogeny/Not_sex_linked/G6056.contree
Reading input trees file results/07_phylogeny/Not_sex_linked/G6056.contree
Log-likelihood of consensus tree: -12044.250

Analysis results written to: 
  IQ-TREE report:                results/07_phylogeny/Not_sex_linked/G6056.iqtree
  Maximum-likelihood tree:       results/07_phylogeny/Not_sex_linked/G6056.treefile
  Likelihood distances:          results/07_phylogeny/Not_sex_linked/G6056.mldist

Ultrafast bootstrap approximation results written to:
  Split support values:          results/07_phylogeny/Not_sex_linked/G6056.splits.nex
  Consensus tree:                results/07_phylogeny/Not_sex_linked/G6056.contree
  Screen log file:               results/07_phylogeny/Not_sex_linked/G6056.log

Date and Time: Wed May 27 21:37:19 2026
