IQ-TREE version 3.0.1 for Linux x86 64-bit built Jul  9 2025
Developed by Bui Quang Minh, Thomas Wong, Nhan Ly-Trong, Huaiyan Ren
Contributed by Lam-Tung Nguyen, Dominik Schrempf, Chris Bielow,
Olga Chernomor, Michael Woodhams, Diep Thi Hoang, Heiko Schmidt

Host:    c0700a-s19.ufhpc (AVX2, FMA3, 1007 GB RAM)
Command: iqtree -s results/06_alignment/Not_sex_linked/trimmed/G6139.trimmed.aln --prefix results/07_phylogeny/Not_sex_linked/G6139 -m TEST -B 1000 -nt 4 -redo
Seed:    392600 (Using SPRNG - Scalable Parallel Random Number Generator)
Time:    Wed May 27 21:18:20 2026
Kernel:  AVX+FMA - 4 threads (8 CPU cores detected)

Reading alignment file results/06_alignment/Not_sex_linked/trimmed/G6139.trimmed.aln ... Fasta format detected
Reading fasta file: done in 0.000936484 secs using 91.19% CPU
Alignment most likely contains DNA/RNA sequences
Constructing alignment: done in 0.00147127 secs using 340% CPU
Alignment has 25 sequences with 2343 columns, 1184 distinct patterns
530 parsimony-informative, 730 singleton sites, 1083 constant sites
                  Gap/Ambiguity  Composition  p-value
Analyzing sequences: done in 4.95929e-05 secs using 98.8% CPU
   1  S0017_G6139_R1_A    1.24%    passed     47.88%
   2  S0030_G6139_R1_A    3.59%    passed     96.74%
   3  S0005_G6139_R1_A    2.26%    passed     61.10%
   4  S0028_G6139_R1_A    6.15%    passed     92.25%
   5  S0018_G6139_R1_A    1.07%    passed     99.09%
   6  S0031_G6139_R1_A    1.20%    passed     97.08%
   7  S0037_G6139_R1_A    3.46%    passed     85.36%
   8  S0016_G6139_R1_A    1.66%    passed     87.43%
   9  S0004_G6139_R1_A   11.05%    passed     89.77%
  10  S0021_G6139_R1_A    2.26%    passed     96.16%
  11  S0021_G6139_R2_A    2.52%    passed     91.61%
  12  S0002_G6139_R1_A    2.09%    passed     98.52%
  13  S0036_G6139_R1_A    1.45%    passed     93.16%
  14  S0019_G6139_R1_A    1.84%    passed     98.77%
  15  S0019_G6139_R2_A    0.47%    passed     97.23%
  16  S0020_G6139_R1_A    1.07%    passed     97.23%
  17  S0026_G6139_R1_A    1.32%    passed     97.97%
  18  S0011_G6139_R1_A    0.81%    passed     89.25%
  19  S0022_G6139_R1_A    1.28%    passed     99.69%
  20  S0022_G6139_R2_A    1.92%    passed     89.02%
  21  S0013_G6139_R1_A    9.09%    passed     79.00%
  22  S0048_G6139_R1_A    5.21%    passed     99.07%
  23  S0050_G6139_R1_A    5.21%    passed     92.28%
  24  S0012_G6139_R1_A    7.26%    passed     99.99%
  25  S0046_G6139_R1_A    3.03%    passed     34.41%
****  TOTAL               3.14%  0 sequences failed composition chi2 test (p-value<5%; df=3)
Checking for duplicate sequences: done in 0.000143769 secs using 82.08% CPU


Create initial parsimony tree by phylogenetic likelihood library (PLL)... 0.003 seconds
Perform fast likelihood tree search using GTR+I+G model...
Estimate model parameters (epsilon = 5.000)
Perform nearest neighbor interchange...
Optimizing NNI: done in 0.026287 secs using 390.4% CPU
Estimate model parameters (epsilon = 1.000)
1. Initial log-likelihood: -14527.893
Optimal log-likelihood: -14527.568
Rate parameters:  A-C: 0.79530  A-G: 2.54953  A-T: 0.96604  C-G: 0.88929  C-T: 2.79818  G-T: 1.00000
Base frequencies:  A: 0.254  C: 0.198  G: 0.235  T: 0.313
Proportion of invariable sites: 0.204
Gamma shape alpha: 4.373
Parameters optimization took 1 rounds (0.015 sec)
Time for fast ML tree search: 0.117 seconds

NOTE: ModelFinder requires 8 MB RAM!
ModelFinder will test up to 176 DNA models (sample size: 2343 epsilon: 0.100) ...
 No. Model         -LnL         df  AIC          AICc         BIC
  1  JC            14963.710    47  30021.420    30023.386    30292.102
  2  JC+I          14882.838    48  29861.675    29863.726    30138.116
  3  JC+G4         14867.326    48  29830.652    29832.702    30107.093
  4  JC+I+G4       14869.152    49  29836.304    29838.441    30118.504
  7  JC+G4         14867.326    48  29830.652    29832.702    30107.093
 11  F81+G4        14867.326    48  29830.651    29832.702    30107.092
 15  F81+F+G4      14805.263    51  29712.527    29714.842    30006.245
 19  K2P+G4        14602.535    49  29303.070    29305.207    29585.270
 23  K2P+G4        14602.535    49  29303.070    29305.207    29585.270
 27  HKY+G4        14602.535    49  29303.070    29305.207    29585.270
 31  HKY+F+G4      14527.772    52  29159.544    29161.951    29459.022
 35  TNe+G4        14600.966    50  29301.932    29304.157    29589.891
 39  TNe+G4        14600.966    50  29301.932    29304.157    29589.891
 43  TN+G4         14600.966    50  29301.932    29304.157    29589.891
 47  TN+F+G4       14526.258    53  29158.516    29161.017    29463.753
 51  K3P+G4        14602.337    50  29304.675    29306.900    29592.634
 55  K3P+G4        14602.337    50  29304.675    29306.900    29592.634
 59  K3Pu+G4       14602.337    50  29304.675    29306.900    29592.634
 63  K3Pu+F+G4     14527.715    53  29161.431    29163.932    29466.668
 67  TPM2+G4       14602.523    50  29305.046    29307.271    29593.005
 71  TPM2+G4       14602.523    50  29305.046    29307.271    29593.005
 75  TPM2u+G4      14602.523    50  29305.046    29307.271    29593.005
 79  TPM2u+F+G4    14527.391    53  29160.781    29163.282    29466.018
 83  TPM3+G4       14584.107    50  29268.214    29270.439    29556.173
 87  TPM3+G4       14584.107    50  29268.214    29270.439    29556.173
 91  TPM3u+G4      14584.106    50  29268.212    29270.437    29556.171
 95  TPM3u+F+G4    14525.768    53  29157.537    29160.038    29462.774
 99  TIMe+G4       14600.768    51  29303.536    29305.851    29597.255
103  TIMe+G4       14600.768    51  29303.536    29305.851    29597.255
107  TIM+G4        14600.768    51  29303.536    29305.851    29597.255
111  TIM+F+G4      14526.213    54  29160.426    29163.022    29471.422
115  TIM2e+G4      14600.955    51  29303.909    29306.224    29597.628
119  TIM2e+G4      14600.955    51  29303.909    29306.224    29597.628
123  TIM2+G4       14600.953    51  29303.906    29306.221    29597.625
127  TIM2+F+G4     14525.878    54  29159.756    29162.352    29470.752
131  TIM3e+G4      14582.352    51  29266.703    29269.018    29560.422
135  TIM3e+G4      14582.352    51  29266.703    29269.018    29560.422
139  TIM3+G4       14582.350    51  29266.701    29269.016    29560.419
143  TIM3+F+G4     14524.319    54  29156.638    29159.234    29467.634
147  TVMe+G4       14583.944    52  29271.888    29274.295    29571.366
151  TVMe+G4       14583.944    52  29271.888    29274.295    29571.366
155  TVM+G4        14583.944    52  29271.888    29274.295    29571.365
159  TVM+F+G4      14525.256    55  29160.512    29163.206    29477.268
163  SYM+G4        14582.193    53  29270.387    29272.888    29575.624
167  SYM+G4        14582.193    53  29270.387    29272.888    29575.624
171  GTR+G4        14582.192    53  29270.384    29272.885    29575.621
175  GTR+F+G4      14523.808    56  29159.616    29162.409    29482.131
Akaike Information Criterion:           TIM3+F+G4
Corrected Akaike Information Criterion: TIM3+F+G4
Bayesian Information Criterion:         HKY+F+G4
Best-fit model: HKY+F+G4 chosen according to BIC

All model information printed to results/07_phylogeny/Not_sex_linked/G6139.model.gz
CPU time for ModelFinder: 3.451 seconds (0h:0m:3s)
Wall-clock time for ModelFinder: 0.879 seconds (0h:0m:0s)
Generating 1000 samples for ultrafast bootstrap (seed: 392600)...

NOTE: 8 MB RAM (0 GB) is required!
Estimate model parameters (epsilon = 0.100)
1. Initial log-likelihood: -14527.813
Optimal log-likelihood: -14527.773
Rate parameters:  A-C: 1.00000  A-G: 2.90002  A-T: 1.00000  C-G: 1.00000  C-T: 2.90002  G-T: 1.00000
Base frequencies:  A: 0.254  C: 0.198  G: 0.235  T: 0.313
Gamma shape alpha: 1.481
Parameters optimization took 1 rounds (0.012 sec)
Wrote distance file to... 
Computing ML distances based on estimated model parameters...
Calculating distance matrix: done in 0.000817 secs using 550.2% CPU
Computing ML distances took 0.000914 sec (of wall-clock time) 0.004595 sec (of CPU time)
Setting up auxiliary I and S matrices: done in 0.000446355 secs using 8.065% CPU
Constructing RapidNJ tree: done in 0.0192241 secs using 182.5% CPU
Computing RapidNJ tree took 0.019889 sec (of wall-clock time) 0.035263 sec (of CPU time)
Log-likelihood of RapidNJ tree: -14561.829
--------------------------------------------------------------------
|             INITIALIZING CANDIDATE TREE SET                      |
--------------------------------------------------------------------
Generating 98 parsimony trees... 0.313 second
Computing log-likelihood of 98 initial trees ... 0.502 seconds
Current best score: -14507.654

Do NNI search on 20 best initial trees
Optimizing NNI: done in 0.0423925 secs using 392.3% CPU
Estimate model parameters (epsilon = 0.100)
BETTER TREE FOUND at iteration 1: -14507.170
Optimizing NNI: done in 0.0397835 secs using 399% CPU
Optimizing NNI: done in 0.0442737 secs using 395.9% CPU
Optimizing NNI: done in 0.0374143 secs using 402.3% CPU
UPDATE BEST LOG-LIKELIHOOD: -14507.170
Optimizing NNI: done in 0.0408005 secs using 389.5% CPU
Optimizing NNI: done in 0.0362379 secs using 390.3% CPU
Optimizing NNI: done in 0.0190952 secs using 391.1% CPU
Optimizing NNI: done in 0.0544923 secs using 391.5% CPU
Optimizing NNI: done in 0.0772294 secs using 395.6% CPU
Estimate model parameters (epsilon = 0.100)
BETTER TREE FOUND at iteration 9: -14507.122
Optimizing NNI: done in 0.0783547 secs using 393.8% CPU
Iteration 10 / LogL: -14507.131 / Time: 0h:0m:2s
Optimizing NNI: done in 0.0587975 secs using 393.8% CPU
Optimizing NNI: done in 0.0831174 secs using 398.4% CPU
Optimizing NNI: done in 0.0844417 secs using 397% CPU
Optimizing NNI: done in 0.0480582 secs using 395.1% CPU
Optimizing NNI: done in 0.0715793 secs using 397.2% CPU
Optimizing NNI: done in 0.080836 secs using 394.5% CPU
Optimizing NNI: done in 0.0753922 secs using 397.6% CPU
Optimizing NNI: done in 0.112779 secs using 388.7% CPU
Optimizing NNI: done in 0.0607023 secs using 392.6% CPU
Optimizing NNI: done in 0.0513568 secs using 395.6% CPU
Iteration 20 / LogL: -14507.563 / Time: 0h:0m:3s
Finish initializing candidate tree set (7)
Current best tree score: -14507.122 / CPU time: 2.053
Number of iterations: 20
--------------------------------------------------------------------
|               OPTIMIZING CANDIDATE TREE SET                      |
--------------------------------------------------------------------
Optimizing NNI: done in 0.0744625 secs using 392.6% CPU
Optimizing NNI: done in 0.0563359 secs using 395.4% CPU
Optimizing NNI: done in 0.112676 secs using 393.3% CPU
Optimizing NNI: done in 0.0778333 secs using 394.5% CPU
Optimizing NNI: done in 0.0846632 secs using 398.9% CPU
Optimizing NNI: done in 0.0701159 secs using 394% CPU
Optimizing NNI: done in 0.0683145 secs using 391.7% CPU
Optimizing NNI: done in 0.0704364 secs using 395.6% CPU
Optimizing NNI: done in 0.0930305 secs using 397.1% CPU
Optimizing NNI: done in 0.0740667 secs using 394.6% CPU
Iteration 30 / LogL: -14507.557 / Time: 0h:0m:3s (0h:0m:8s left)
Optimizing NNI: done in 0.0678113 secs using 393.6% CPU
Optimizing NNI: done in 0.0707043 secs using 395.9% CPU
Optimizing NNI: done in 0.0634861 secs using 399.7% CPU
Optimizing NNI: done in 0.0873723 secs using 395.9% CPU
Optimizing NNI: done in 0.0829213 secs using 396.5% CPU
Optimizing NNI: done in 0.0605929 secs using 396.3% CPU
UPDATE BEST LOG-LIKELIHOOD: -14507.122
Optimizing NNI: done in 0.0744822 secs using 398.1% CPU
Optimizing NNI: done in 0.0851459 secs using 395.9% CPU
Optimizing NNI: done in 0.0725971 secs using 397.9% CPU
Optimizing NNI: done in 0.0897403 secs using 395% CPU
Iteration 40 / LogL: -14507.170 / Time: 0h:0m:4s (0h:0m:6s left)
Optimizing NNI: done in 0.10381 secs using 395.2% CPU
Optimizing NNI: done in 0.0848634 secs using 394.5% CPU
Optimizing NNI: done in 0.0870756 secs using 391.6% CPU
Optimizing NNI: done in 0.0663133 secs using 396.1% CPU
Optimizing NNI: done in 0.0864577 secs using 389.1% CPU
Optimizing NNI: done in 0.0632028 secs using 390.5% CPU
Optimizing NNI: done in 0.0863672 secs using 394.1% CPU
Optimizing NNI: done in 0.0606034 secs using 396.3% CPU
Optimizing NNI: done in 0.0737119 secs using 394.5% CPU
Optimizing NNI: done in 0.0589799 secs using 396.1% CPU
Iteration 50 / LogL: -14507.557 / Time: 0h:0m:5s (0h:0m:5s left)
Log-likelihood cutoff on original alignment: -14543.077
Optimizing NNI: done in 0.0719436 secs using 396.5% CPU
Optimizing NNI: done in 0.0849473 secs using 395.7% CPU
Optimizing NNI: done in 0.116488 secs using 394.5% CPU
Optimizing NNI: done in 0.0612788 secs using 389.9% CPU
Optimizing NNI: done in 0.0935648 secs using 395.9% CPU
Optimizing NNI: done in 0.0942186 secs using 395.6% CPU
Optimizing NNI: done in 0.0642045 secs using 390.5% CPU
Optimizing NNI: done in 0.067094 secs using 395.6% CPU
Optimizing NNI: done in 0.0642221 secs using 393.5% CPU
Optimizing NNI: done in 0.0681187 secs using 394.3% CPU
Iteration 60 / LogL: -14507.122 / Time: 0h:0m:6s (0h:0m:4s left)
Optimizing NNI: done in 0.0698663 secs using 395.2% CPU
Optimizing NNI: done in 0.0629483 secs using 393.1% CPU
Optimizing NNI: done in 0.0729804 secs using 396.4% CPU
Optimizing NNI: done in 0.094064 secs using 395.4% CPU
Optimizing NNI: done in 0.0676665 secs using 397.7% CPU
Optimizing NNI: done in 0.0611013 secs using 392.1% CPU
Optimizing NNI: done in 0.0920801 secs using 393% CPU
Optimizing NNI: done in 0.078283 secs using 395.3% CPU
Optimizing NNI: done in 0.0774616 secs using 389.2% CPU
Optimizing NNI: done in 0.0558935 secs using 390.9% CPU
Iteration 70 / LogL: -14507.170 / Time: 0h:0m:7s (0h:0m:3s left)
Optimizing NNI: done in 0.0754512 secs using 399.4% CPU
UPDATE BEST LOG-LIKELIHOOD: -14507.122
Optimizing NNI: done in 0.0874447 secs using 397.1% CPU
UPDATE BEST LOG-LIKELIHOOD: -14507.122
Optimizing NNI: done in 0.0606949 secs using 392.4% CPU
Optimizing NNI: done in 0.0848381 secs using 395.1% CPU
Optimizing NNI: done in 0.0579272 secs using 393.1% CPU
Optimizing NNI: done in 0.0939776 secs using 393.3% CPU
Optimizing NNI: done in 0.0645252 secs using 392% CPU
Optimizing NNI: done in 0.0737199 secs using 397.3% CPU
Optimizing NNI: done in 0.0900301 secs using 397.4% CPU
Optimizing NNI: done in 0.0732276 secs using 396.7% CPU
Iteration 80 / LogL: -14507.122 / Time: 0h:0m:7s (0h:0m:2s left)
Optimizing NNI: done in 0.0634586 secs using 392.3% CPU
Optimizing NNI: done in 0.0774794 secs using 391.9% CPU
Optimizing NNI: done in 0.0638384 secs using 396.6% CPU
Optimizing NNI: done in 0.0479948 secs using 389.4% CPU
Optimizing NNI: done in 0.0976266 secs using 394.7% CPU
Optimizing NNI: done in 0.0973305 secs using 391.4% CPU
Optimizing NNI: done in 0.0621714 secs using 398.1% CPU
Optimizing NNI: done in 0.108417 secs using 395.6% CPU
Optimizing NNI: done in 0.101967 secs using 396.3% CPU
Optimizing NNI: done in 0.0559045 secs using 397.9% CPU
Iteration 90 / LogL: -14507.171 / Time: 0h:0m:8s (0h:0m:1s left)
Optimizing NNI: done in 0.0675549 secs using 397.4% CPU
Optimizing NNI: done in 0.0700254 secs using 392.4% CPU
Optimizing NNI: done in 0.0706826 secs using 398.1% CPU
Optimizing NNI: done in 0.0610926 secs using 396.4% CPU
Optimizing NNI: done in 0.0862451 secs using 393.1% CPU
Optimizing NNI: done in 0.0956688 secs using 372.8% CPU
Optimizing NNI: done in 0.0947921 secs using 397.1% CPU
Optimizing NNI: done in 0.0690969 secs using 394.2% CPU
Optimizing NNI: done in 0.0891673 secs using 395.7% CPU
Optimizing NNI: done in 0.0860093 secs using 395.1% CPU
Iteration 100 / LogL: -14507.170 / Time: 0h:0m:9s (0h:0m:0s left)
Log-likelihood cutoff on original alignment: -14543.426
NOTE: Bootstrap correlation coefficient of split occurrence frequencies: 0.999
Optimizing NNI: done in 0.106703 secs using 395.5% CPU
Optimizing NNI: done in 0.0856532 secs using 390.4% CPU
Optimizing NNI: done in 0.0559431 secs using 390.6% CPU
Optimizing NNI: done in 0.098671 secs using 392.6% CPU
Optimizing NNI: done in 0.0844902 secs using 397.1% CPU
Optimizing NNI: done in 0.0842178 secs using 397.8% CPU
Optimizing NNI: done in 0.128069 secs using 395.9% CPU
Optimizing NNI: done in 0.0984121 secs using 396.3% CPU
Optimizing NNI: done in 0.0831441 secs using 396% CPU
Optimizing NNI: done in 0.0888662 secs using 392.2% CPU
Iteration 110 / LogL: -14507.170 / Time: 0h:0m:10s (0h:0m:8s left)
TREE SEARCH COMPLETED AFTER 110 ITERATIONS / Time: 0h:0m:10s

--------------------------------------------------------------------
|                    FINALIZING TREE SEARCH                        |
--------------------------------------------------------------------
Performs final model parameters optimization
Estimate model parameters (epsilon = 0.010)
1. Initial log-likelihood: -14507.122
Optimal log-likelihood: -14507.122
Rate parameters:  A-C: 1.00000  A-G: 2.91790  A-T: 1.00000  C-G: 1.00000  C-T: 2.91790  G-T: 1.00000
Base frequencies:  A: 0.254  C: 0.198  G: 0.235  T: 0.313
Gamma shape alpha: 1.495
Parameters optimization took 1 rounds (0.008 sec)
BEST SCORE FOUND : -14507.122
Creating bootstrap support values...
Split supports printed to NEXUS file results/07_phylogeny/Not_sex_linked/G6139.splits.nex
Total tree length: 1.020

Total number of iterations: 110
CPU time used for tree search: 36.471 sec (0h:0m:36s)
Wall-clock time used for tree search: 9.534 sec (0h:0m:9s)
Total CPU time used: 40.411 sec (0h:0m:40s)
Total wall-clock time used: 10.655 sec (0h:0m:10s)

Computing bootstrap consensus tree...
Reading input file results/07_phylogeny/Not_sex_linked/G6139.splits.nex...
25 taxa and 156 splits.
Consensus tree written to results/07_phylogeny/Not_sex_linked/G6139.contree
Reading input trees file results/07_phylogeny/Not_sex_linked/G6139.contree
Log-likelihood of consensus tree: -14507.735

Analysis results written to: 
  IQ-TREE report:                results/07_phylogeny/Not_sex_linked/G6139.iqtree
  Maximum-likelihood tree:       results/07_phylogeny/Not_sex_linked/G6139.treefile
  Likelihood distances:          results/07_phylogeny/Not_sex_linked/G6139.mldist

Ultrafast bootstrap approximation results written to:
  Split support values:          results/07_phylogeny/Not_sex_linked/G6139.splits.nex
  Consensus tree:                results/07_phylogeny/Not_sex_linked/G6139.contree
  Screen log file:               results/07_phylogeny/Not_sex_linked/G6139.log

Date and Time: Wed May 27 21:18:31 2026
