IQ-TREE version 3.0.1 for Linux x86 64-bit built Jul  9 2025
Developed by Bui Quang Minh, Thomas Wong, Nhan Ly-Trong, Huaiyan Ren
Contributed by Lam-Tung Nguyen, Dominik Schrempf, Chris Bielow,
Olga Chernomor, Michael Woodhams, Diep Thi Hoang, Heiko Schmidt

Host:    c0700a-s19.ufhpc (AVX2, FMA3, 1007 GB RAM)
Command: iqtree -s results/06_alignment/Not_sex_linked/trimmed/G6175.trimmed.aln --prefix results/07_phylogeny/Not_sex_linked/G6175 -m TEST -B 1000 -nt 4 -redo
Seed:    467861 (Using SPRNG - Scalable Parallel Random Number Generator)
Time:    Wed May 27 21:34:47 2026
Kernel:  AVX+FMA - 4 threads (8 CPU cores detected)

Reading alignment file results/06_alignment/Not_sex_linked/trimmed/G6175.trimmed.aln ... Fasta format detected
Reading fasta file: done in 0.00128218 secs using 16.85% CPU
Alignment most likely contains DNA/RNA sequences
Constructing alignment: done in 0.00158899 secs using 238.9% CPU
Alignment has 24 sequences with 2222 columns, 1258 distinct patterns
441 parsimony-informative, 866 singleton sites, 915 constant sites
                  Gap/Ambiguity  Composition  p-value
Analyzing sequences: done in 5.4081e-05 secs using 99.85% CPU
   1  S0002_G6175_R1_A   10.40%    passed     95.07%
   2  S0004_G6175_R1_A    1.58%    passed     98.12%
   3  S0016_G6175_R1_A    1.04%    passed     89.80%
   4  S0028_G6175_R1_A    0.77%    passed     96.81%
   5  S0026_G6175_R1_A    0.41%    passed     92.92%
   6  S0031_G6175_R1_A    1.35%    passed     94.23%
   7  S0046_G6175_R1_A    0.86%    passed     99.94%
   8  S0030_G6175_R1_A    1.08%    passed     96.69%
   9  S0017_G6175_R1_A    0.68%    passed     95.74%
  10  S0013_G6175_R1_A    1.31%    passed     96.59%
  11  S0021_G6175_R1_A    2.70%    passed     86.49%
  12  S0011_G6175_R1_A    1.44%    passed     97.30%
  13  S0011_G6175_R2_A    1.85%    passed     99.04%
  14  S0036_G6175_R1_A    1.98%    passed     71.03%
  15  S0037_G6175_R1_A    2.79%    passed     99.43%
  16  S0019_G6175_R1_A    8.37%    passed     99.21%
  17  S0022_G6175_R1_A    4.91%    passed     84.91%
  18  S0012_G6175_R1_A   12.06%    passed     40.30%
  19  S0018_G6175_R1_A   19.04%    passed     65.88%
  20  S0020_G6175_R1_A   27.63%    passed     77.57%
  21  S0048_G6175_R1_A   16.38%    passed     76.89%
  22  S0050_G6175_R1_A   16.52%    passed     85.16%
  23  S0005_G6175_R1_A   13.91%    passed     30.61%
  24  S0026_G6175_R2_A    6.75%    failed      3.87%
****  TOTAL               6.49%  1 sequences failed composition chi2 test (p-value<5%; df=3)
Checking for duplicate sequences: done in 0.000150111 secs using 99.26% CPU


Create initial parsimony tree by phylogenetic likelihood library (PLL)... 0.003 seconds
Perform fast likelihood tree search using GTR+I+G model...
Estimate model parameters (epsilon = 5.000)
Perform nearest neighbor interchange...
Optimizing NNI: done in 0.0523537 secs using 391.1% CPU
Estimate model parameters (epsilon = 1.000)
1. Initial log-likelihood: -13648.521
2. Current log-likelihood: -13647.281
3. Current log-likelihood: -13646.254
Optimal log-likelihood: -13645.350
Rate parameters:  A-C: 0.80410  A-G: 2.57566  A-T: 0.99481  C-G: 0.95647  C-T: 2.90950  G-T: 1.00000
Base frequencies:  A: 0.298  C: 0.181  G: 0.213  T: 0.307
Proportion of invariable sites: 0.150
Gamma shape alpha: 6.380
Parameters optimization took 3 rounds (0.048 sec)
Time for fast ML tree search: 0.187 seconds

NOTE: ModelFinder requires 8 MB RAM!
ModelFinder will test up to 176 DNA models (sample size: 2222 epsilon: 0.100) ...
 No. Model         -LnL         df  AIC          AICc         BIC
  1  JC            14052.805    45  28195.609    28197.512    28452.386
  2  JC+I          14022.766    46  28137.533    28139.521    28400.016
  3  JC+G4         14003.027    46  28098.053    28100.042    28360.537
  4  JC+I+G4       14005.900    47  28105.799    28107.875    28373.989
  7  JC+G4         14003.027    46  28098.053    28100.042    28360.537
 11  F81+G4        14003.027    46  28098.053    28100.041    28360.537
 15  F81+F+G4      13906.679    49  27911.358    27913.614    28190.960
 19  K2P+G4        13759.873    47  27613.747    27615.822    27881.937
 23  K2P+G4        13759.873    47  27613.747    27615.822    27881.937
 27  HKY+G4        13759.873    47  27613.747    27615.822    27881.937
 31  HKY+F+G4      13641.395    50  27382.791    27385.140    27668.099
 35  TNe+G4        13759.641    48  27615.283    27617.447    27889.178
 39  TNe+G4        13759.641    48  27615.283    27617.447    27889.178
 43  TN+G4         13759.641    48  27615.283    27617.447    27889.178
 47  TN+F+G4       13639.335    51  27380.670    27383.114    27671.684
 51  K3P+G4        13757.057    48  27610.115    27612.279    27884.011
 55  K3P+G4        13757.057    48  27610.115    27612.279    27884.011
 59  K3Pu+G4       13757.057    48  27610.114    27612.279    27884.010
 63  K3Pu+F+G4     13640.826    51  27383.653    27386.097    27674.667
 67  TPM2+G4       13757.989    48  27611.977    27614.142    27885.873
 71  TPM2+G4       13757.989    48  27611.977    27614.142    27885.873
 75  TPM2u+G4      13757.989    48  27611.977    27614.142    27885.873
 79  TPM2u+F+G4    13641.029    51  27384.058    27386.503    27675.073
 83  TPM3+G4       13739.090    48  27574.181    27576.345    27848.076
 87  TPM3+G4       13739.090    48  27574.181    27576.345    27848.076
 91  TPM3u+G4      13739.090    48  27574.180    27576.345    27848.076
 95  TPM3u+F+G4    13639.692    51  27381.384    27383.828    27672.398
 99  TIMe+G4       13756.824    49  27611.648    27613.904    27891.250
103  TIMe+G4       13756.824    49  27611.648    27613.904    27891.250
107  TIM+G4        13756.824    49  27611.648    27613.904    27891.250
111  TIM+F+G4      13638.768    52  27381.537    27384.078    27678.257
115  TIM2e+G4      13757.766    49  27613.532    27615.788    27893.134
119  TIM2e+G4      13757.766    49  27613.532    27615.788    27893.134
123  TIM2+G4       13757.766    49  27613.532    27615.788    27893.134
127  TIM2+F+G4     13638.990    52  27381.980    27384.521    27678.700
131  TIM3e+G4      13738.772    49  27575.544    27577.800    27855.146
135  TIM3e+G4      13738.772    49  27575.544    27577.800    27855.146
139  TIM3+G4       13738.771    49  27575.542    27577.798    27855.144
143  TIM3+F+G4     13637.685    52  27379.371    27381.912    27676.091
147  TVMe+G4       13736.201    50  27572.401    27574.750    27857.709
151  TVMe+G4       13736.201    50  27572.401    27574.750    27857.709
155  TVM+G4        13736.198    50  27572.395    27574.744    27857.703
159  TVM+F+G4      13638.732    53  27383.464    27386.104    27685.891
163  SYM+G4        13735.890    51  27573.779    27576.224    27864.794
167  SYM+G4        13735.890    51  27573.779    27576.224    27864.794
171  GTR+G4        13735.888    51  27573.775    27576.219    27864.789
175  GTR+F+G4      13636.742    54  27381.485    27384.226    27689.618
Akaike Information Criterion:           TIM3+F+G4
Corrected Akaike Information Criterion: TIM3+F+G4
Bayesian Information Criterion:         HKY+F+G4
Best-fit model: HKY+F+G4 chosen according to BIC

All model information printed to results/07_phylogeny/Not_sex_linked/G6175.model.gz
CPU time for ModelFinder: 4.896 seconds (0h:0m:4s)
Wall-clock time for ModelFinder: 1.244 seconds (0h:0m:1s)
Generating 1000 samples for ultrafast bootstrap (seed: 467861)...

NOTE: 8 MB RAM (0 GB) is required!
Estimate model parameters (epsilon = 0.100)
1. Initial log-likelihood: -13641.454
Optimal log-likelihood: -13641.396
Rate parameters:  A-C: 1.00000  A-G: 2.87305  A-T: 1.00000  C-G: 1.00000  C-T: 2.87305  G-T: 1.00000
Base frequencies:  A: 0.298  C: 0.181  G: 0.213  T: 0.307
Gamma shape alpha: 2.363
Parameters optimization took 1 rounds (0.011 sec)
Wrote distance file to... 
Computing ML distances based on estimated model parameters...
Calculating distance matrix: done in 0.00100855 secs using 492.9% CPU
Computing ML distances took 0.001120 sec (of wall-clock time) 0.005087 sec (of CPU time)
Setting up auxiliary I and S matrices: done in 0.0390904 secs using 288.9% CPU
Constructing RapidNJ tree: done in 1.03041 secs using 293.5% CPU
Computing RapidNJ tree took 1.069819 sec (of wall-clock time) 3.137910 sec (of CPU time)
Log-likelihood of RapidNJ tree: -13738.464
--------------------------------------------------------------------
|             INITIALIZING CANDIDATE TREE SET                      |
--------------------------------------------------------------------
Generating 98 parsimony trees... 0.320 second
Computing log-likelihood of 98 initial trees ... 0.494 seconds
Current best score: -13641.396

Do NNI search on 20 best initial trees
Optimizing NNI: done in 0.0219615 secs using 393.3% CPU
Estimate model parameters (epsilon = 0.100)
BETTER TREE FOUND at iteration 1: -13641.395
Optimizing NNI: done in 0.0689945 secs using 394.2% CPU
BETTER TREE FOUND at iteration 2: -13641.395
Optimizing NNI: done in 0.0629214 secs using 395.9% CPU
Optimizing NNI: done in 0.0647322 secs using 396.9% CPU
UPDATE BEST LOG-LIKELIHOOD: -13641.395
Optimizing NNI: done in 0.0558468 secs using 390.8% CPU
Optimizing NNI: done in 0.0727623 secs using 388.3% CPU
Optimizing NNI: done in 0.0688865 secs using 396.4% CPU
Optimizing NNI: done in 0.0717084 secs using 387.7% CPU
UPDATE BEST LOG-LIKELIHOOD: -13641.395
Optimizing NNI: done in 0.0628954 secs using 388.3% CPU
Optimizing NNI: done in 0.0839188 secs using 389.5% CPU
Iteration 10 / LogL: -13641.396 / Time: 0h:0m:4s
Optimizing NNI: done in 0.0767046 secs using 398% CPU
Optimizing NNI: done in 0.0673273 secs using 390.5% CPU
Optimizing NNI: done in 0.0830216 secs using 395.5% CPU
Optimizing NNI: done in 0.0573878 secs using 397.5% CPU
Optimizing NNI: done in 0.0569906 secs using 397.3% CPU
Optimizing NNI: done in 0.0801804 secs using 393.5% CPU
Optimizing NNI: done in 0.0711336 secs using 391.8% CPU
Optimizing NNI: done in 0.0657598 secs using 396.3% CPU
Optimizing NNI: done in 0.0547411 secs using 397.5% CPU
Optimizing NNI: done in 0.0687297 secs using 393.3% CPU
Iteration 20 / LogL: -13649.145 / Time: 0h:0m:4s
Finish initializing candidate tree set (7)
Current best tree score: -13641.395 / CPU time: 2.163
Number of iterations: 20
--------------------------------------------------------------------
|               OPTIMIZING CANDIDATE TREE SET                      |
--------------------------------------------------------------------
Optimizing NNI: done in 0.0680224 secs using 396.1% CPU
Optimizing NNI: done in 0.139782 secs using 396.1% CPU
Optimizing NNI: done in 0.0918117 secs using 398.5% CPU
Optimizing NNI: done in 0.0796802 secs using 394.2% CPU
Optimizing NNI: done in 0.101092 secs using 399.6% CPU
Optimizing NNI: done in 0.139194 secs using 357.6% CPU
Optimizing NNI: done in 0.0775681 secs using 395.3% CPU
Optimizing NNI: done in 0.0997196 secs using 396.7% CPU
Optimizing NNI: done in 0.0987755 secs using 395.4% CPU
Optimizing NNI: done in 0.0859597 secs using 393.3% CPU
Iteration 30 / LogL: -13643.220 / Time: 0h:0m:5s (0h:0m:11s left)
Optimizing NNI: done in 0.069846 secs using 397% CPU
Optimizing NNI: done in 0.0955072 secs using 393.2% CPU
Optimizing NNI: done in 0.0975381 secs using 393% CPU
Optimizing NNI: done in 0.0939724 secs using 392.7% CPU
Optimizing NNI: done in 0.0867831 secs using 390.3% CPU
Optimizing NNI: done in 0.0923738 secs using 394.4% CPU
Optimizing NNI: done in 0.0790818 secs using 391% CPU
Optimizing NNI: done in 0.10738 secs using 393% CPU
Optimizing NNI: done in 0.126916 secs using 395% CPU
Optimizing NNI: done in 0.0722698 secs using 393.4% CPU
Iteration 40 / LogL: -13643.853 / Time: 0h:0m:6s (0h:0m:8s left)
Optimizing NNI: done in 0.103152 secs using 394.6% CPU
Optimizing NNI: done in 0.0883866 secs using 394.6% CPU
UPDATE BEST LOG-LIKELIHOOD: -13641.395
Optimizing NNI: done in 0.107602 secs using 393.3% CPU
Optimizing NNI: done in 0.0764629 secs using 386.9% CPU
Optimizing NNI: done in 0.0717206 secs using 394% CPU
Optimizing NNI: done in 0.0819759 secs using 392.5% CPU
Optimizing NNI: done in 0.0829399 secs using 395.4% CPU
Optimizing NNI: done in 0.104497 secs using 393.5% CPU
UPDATE BEST LOG-LIKELIHOOD: -13641.395
Optimizing NNI: done in 0.101316 secs using 395.7% CPU
Optimizing NNI: done in 0.105625 secs using 391.3% CPU
Iteration 50 / LogL: -13641.395 / Time: 0h:0m:7s (0h:0m:6s left)
Log-likelihood cutoff on original alignment: -13663.081
Optimizing NNI: done in 0.136389 secs using 395.4% CPU
Optimizing NNI: done in 0.101907 secs using 397.1% CPU
Optimizing NNI: done in 0.093626 secs using 396.9% CPU
Optimizing NNI: done in 0.0792817 secs using 396.8% CPU
Optimizing NNI: done in 0.0716821 secs using 395% CPU
Optimizing NNI: done in 0.0650927 secs using 396% CPU
Optimizing NNI: done in 0.0905753 secs using 396% CPU
Optimizing NNI: done in 0.0651837 secs using 397.1% CPU
Optimizing NNI: done in 0.105011 secs using 394% CPU
Optimizing NNI: done in 0.0983489 secs using 399.9% CPU
Iteration 60 / LogL: -13641.597 / Time: 0h:0m:8s (0h:0m:5s left)
Optimizing NNI: done in 0.147133 secs using 397.9% CPU
Optimizing NNI: done in 0.0932728 secs using 395.9% CPU
Optimizing NNI: done in 0.0973718 secs using 395.7% CPU
Optimizing NNI: done in 0.0779579 secs using 398.1% CPU
UPDATE BEST LOG-LIKELIHOOD: -13641.395
Optimizing NNI: done in 0.092037 secs using 395.6% CPU
Optimizing NNI: done in 0.10278 secs using 393.6% CPU
Optimizing NNI: done in 0.0784845 secs using 393.4% CPU
Optimizing NNI: done in 0.109102 secs using 395.6% CPU
Optimizing NNI: done in 0.118236 secs using 397.1% CPU
Optimizing NNI: done in 0.0931505 secs using 394.2% CPU
Iteration 70 / LogL: -13641.598 / Time: 0h:0m:9s (0h:0m:3s left)
Optimizing NNI: done in 0.113783 secs using 396.6% CPU
Optimizing NNI: done in 0.0996026 secs using 394% CPU
Optimizing NNI: done in 0.0977908 secs using 394.4% CPU
Optimizing NNI: done in 0.104169 secs using 393.6% CPU
Optimizing NNI: done in 0.10968 secs using 392.4% CPU
Optimizing NNI: done in 0.0825969 secs using 393.2% CPU
Optimizing NNI: done in 0.0894437 secs using 395.3% CPU
Optimizing NNI: done in 0.112664 secs using 395.2% CPU
Optimizing NNI: done in 0.0943928 secs using 395.6% CPU
Optimizing NNI: done in 0.0846034 secs using 395.6% CPU
UPDATE BEST LOG-LIKELIHOOD: -13641.395
Iteration 80 / LogL: -13641.395 / Time: 0h:0m:10s (0h:0m:2s left)
Optimizing NNI: done in 0.0542683 secs using 394.7% CPU
Optimizing NNI: done in 0.0895148 secs using 396.2% CPU
Optimizing NNI: done in 0.0815734 secs using 393.4% CPU
Optimizing NNI: done in 0.0908017 secs using 398.2% CPU
Optimizing NNI: done in 0.0776429 secs using 396.6% CPU
Optimizing NNI: done in 0.0938904 secs using 395.8% CPU
Optimizing NNI: done in 0.0908389 secs using 396.7% CPU
Optimizing NNI: done in 0.0658513 secs using 396.5% CPU
Optimizing NNI: done in 0.104983 secs using 396.4% CPU
UPDATE BEST LOG-LIKELIHOOD: -13641.395
Optimizing NNI: done in 0.072207 secs using 393.9% CPU
Iteration 90 / LogL: -13643.849 / Time: 0h:0m:11s (0h:0m:1s left)
Optimizing NNI: done in 0.0801901 secs using 395.7% CPU
Optimizing NNI: done in 0.0894838 secs using 393.8% CPU
Optimizing NNI: done in 0.0860593 secs using 395.1% CPU
Optimizing NNI: done in 0.0779283 secs using 394% CPU
Optimizing NNI: done in 0.0837391 secs using 395% CPU
Optimizing NNI: done in 0.104054 secs using 394.6% CPU
Optimizing NNI: done in 0.0762677 secs using 394% CPU
Optimizing NNI: done in 0.106101 secs using 400.4% CPU
Optimizing NNI: done in 0.0767216 secs using 394.1% CPU
Optimizing NNI: done in 0.0768001 secs using 391.5% CPU
Iteration 100 / LogL: -13641.396 / Time: 0h:0m:12s (0h:0m:0s left)
Log-likelihood cutoff on original alignment: -13664.409
NOTE: Bootstrap correlation coefficient of split occurrence frequencies: 0.997
Optimizing NNI: done in 0.0933147 secs using 394.1% CPU
Optimizing NNI: done in 0.0995764 secs using 394% CPU
Optimizing NNI: done in 0.1231 secs using 392% CPU
TREE SEARCH COMPLETED AFTER 103 ITERATIONS / Time: 0h:0m:12s

--------------------------------------------------------------------
|                    FINALIZING TREE SEARCH                        |
--------------------------------------------------------------------
Performs final model parameters optimization
Estimate model parameters (epsilon = 0.010)
1. Initial log-likelihood: -13641.395
Optimal log-likelihood: -13641.395
Rate parameters:  A-C: 1.00000  A-G: 2.87874  A-T: 1.00000  C-G: 1.00000  C-T: 2.87874  G-T: 1.00000
Base frequencies:  A: 0.298  C: 0.181  G: 0.213  T: 0.307
Gamma shape alpha: 2.363
Parameters optimization took 1 rounds (0.010 sec)
BEST SCORE FOUND : -13641.395
Creating bootstrap support values...
Split supports printed to NEXUS file results/07_phylogeny/Not_sex_linked/G6175.splits.nex
Total tree length: 1.137

Total number of iterations: 103
CPU time used for tree search: 39.483 sec (0h:0m:39s)
Wall-clock time used for tree search: 10.317 sec (0h:0m:10s)
Total CPU time used: 48.257 sec (0h:0m:48s)
Total wall-clock time used: 12.916 sec (0h:0m:12s)

Computing bootstrap consensus tree...
Reading input file results/07_phylogeny/Not_sex_linked/G6175.splits.nex...
24 taxa and 160 splits.
Consensus tree written to results/07_phylogeny/Not_sex_linked/G6175.contree
Reading input trees file results/07_phylogeny/Not_sex_linked/G6175.contree
Log-likelihood of consensus tree: -13641.414

Analysis results written to: 
  IQ-TREE report:                results/07_phylogeny/Not_sex_linked/G6175.iqtree
  Maximum-likelihood tree:       results/07_phylogeny/Not_sex_linked/G6175.treefile
  Likelihood distances:          results/07_phylogeny/Not_sex_linked/G6175.mldist

Ultrafast bootstrap approximation results written to:
  Split support values:          results/07_phylogeny/Not_sex_linked/G6175.splits.nex
  Consensus tree:                results/07_phylogeny/Not_sex_linked/G6175.contree
  Screen log file:               results/07_phylogeny/Not_sex_linked/G6175.log

Date and Time: Wed May 27 21:35:00 2026
