IQ-TREE version 3.0.1 for Linux x86 64-bit built Jul  9 2025
Developed by Bui Quang Minh, Thomas Wong, Nhan Ly-Trong, Huaiyan Ren
Contributed by Lam-Tung Nguyen, Dominik Schrempf, Chris Bielow,
Olga Chernomor, Michael Woodhams, Diep Thi Hoang, Heiko Schmidt

Host:    c0700a-s19.ufhpc (AVX2, FMA3, 1007 GB RAM)
Command: iqtree -s results/06_alignment/Not_sex_linked/trimmed/G6320.trimmed.aln --prefix results/07_phylogeny/Not_sex_linked/G6320 -m TEST -B 1000 -nt 4 -redo
Seed:    839540 (Using SPRNG - Scalable Parallel Random Number Generator)
Time:    Wed May 27 21:26:40 2026
Kernel:  AVX+FMA - 4 threads (8 CPU cores detected)

Reading alignment file results/06_alignment/Not_sex_linked/trimmed/G6320.trimmed.aln ... Fasta format detected
Reading fasta file: done in 0.000436487 secs using 74.92% CPU
Alignment most likely contains DNA/RNA sequences
Constructing alignment: done in 0.000764611 secs using 99.53% CPU
Alignment has 24 sequences with 1108 columns, 675 distinct patterns
331 parsimony-informative, 374 singleton sites, 403 constant sites
                  Gap/Ambiguity  Composition  p-value
Analyzing sequences: done in 0.00177764 secs using 308.2% CPU
   1  S0030_G6320_R1_A   68.50%    failed      0.89%
   2  S0022_G6320_R1_A   69.22%    failed      1.27%
   3  S0048_G6320_R1_A   64.53%    failed      1.07%
   4  S0050_G6320_R1_A   64.53%    failed      1.08%
   5  S0002_G6320_R1_A    1.53%    passed     91.14%
   6  S0028_G6320_R1_A    4.15%    passed     95.70%
   7  S0021_G6320_R1_A    5.42%    passed     97.89%
   8  S0016_G6320_R1_A    1.35%    passed     70.01%
   9  S0036_G6320_R1_A    1.71%    passed     88.50%
  10  S0031_G6320_R1_A    1.35%    passed     89.63%
  11  S0004_G6320_R1_A    2.17%    passed     97.47%
  12  S0018_G6320_R1_A    1.81%    passed     93.13%
  13  S0021_G6320_R2_A    2.35%    passed     96.90%
  14  S0037_G6320_R1_A    5.05%    passed     98.29%
  15  S0019_G6320_R1_A    2.35%    passed     87.25%
  16  S0046_G6320_R1_A    3.34%    passed     85.22%
  17  S0018_G6320_R2_A    2.71%    passed     74.54%
  18  S0011_G6320_R1_A    1.35%    passed     72.23%
  19  S0020_G6320_R1_A    1.90%    passed     91.03%
  20  S0017_G6320_R1_A    1.99%    passed     81.56%
  21  S0026_G6320_R1_A    1.44%    passed     85.13%
  22  S0012_G6320_R1_A    1.81%    passed     70.89%
  23  S0013_G6320_R1_A    8.48%    passed     84.25%
  24  S0005_G6320_R1_A    4.69%    passed     37.14%
WARNING: 4 sequences contain more than 50% gaps/ambiguity
****  TOTAL              13.49%  4 sequences failed composition chi2 test (p-value<5%; df=3)
Checking for duplicate sequences: done in 9.31341e-05 secs using 99.86% CPU


Create initial parsimony tree by phylogenetic likelihood library (PLL)... 0.002 seconds
Perform fast likelihood tree search using GTR+I+G model...
Estimate model parameters (epsilon = 5.000)
Perform nearest neighbor interchange...
Optimizing NNI: done in 0.021854 secs using 386.2% CPU
Estimate model parameters (epsilon = 1.000)
1. Initial log-likelihood: -7618.748
Optimal log-likelihood: -7617.762
Rate parameters:  A-C: 0.98254  A-G: 2.41476  A-T: 1.07849  C-G: 0.85802  C-T: 2.85632  G-T: 1.00000
Base frequencies:  A: 0.247  C: 0.199  G: 0.278  T: 0.277
Proportion of invariable sites: 0.120
Gamma shape alpha: 3.387
Parameters optimization took 1 rounds (0.013 sec)
Time for fast ML tree search: 0.088 seconds

NOTE: ModelFinder requires 4 MB RAM!
ModelFinder will test up to 176 DNA models (sample size: 1108 epsilon: 0.100) ...
 No. Model         -LnL         df  AIC          AICc         BIC
  1  JC            7813.480     45  15716.961    15720.859    15942.425
  2  JC+I          7792.193     46  15676.387    15680.462    15906.861
  3  JC+G4         7768.264     46  15628.528    15632.604    15859.003
  4  JC+I+G4       7769.974     47  15633.949    15638.205    15869.433
  7  JC+G4         7768.264     46  15628.528    15632.604    15859.003
 11  F81+G4        7768.262     46  15628.524    15632.600    15858.998
 15  F81+F+G4      7741.048     49  15580.095    15584.726    15825.600
 19  K2P+G4        7643.619     47  15381.238    15385.495    15616.723
 23  K2P+G4        7643.619     47  15381.238    15385.495    15616.723
 27  HKY+G4        7643.618     47  15381.237    15385.493    15616.721
 31  HKY+F+G4      7614.314     50  15328.628    15333.453    15579.144
 35  TNe+G4        7643.590     48  15383.181    15387.622    15623.676
 39  TNe+G4        7643.590     48  15383.181    15387.622    15623.676
 43  TN+G4         7643.588     48  15383.177    15387.619    15623.672
 47  TN+F+G4       7612.734     51  15327.467    15332.490    15582.993
 51  K3P+G4        7643.535     48  15383.070    15387.512    15623.565
 55  K3P+G4        7643.535     48  15383.070    15387.512    15623.565
 59  K3Pu+G4       7643.535     48  15383.069    15387.511    15623.564
 63  K3Pu+F+G4     7614.308     51  15330.616    15335.639    15586.142
 67  TPM2+G4       7643.573     48  15383.146    15387.588    15623.641
 71  TPM2+G4       7643.573     48  15383.146    15387.588    15623.641
 75  TPM2u+G4      7643.572     48  15383.144    15387.586    15623.639
 79  TPM2u+F+G4    7613.735     51  15329.470    15334.493    15584.996
 83  TPM3+G4       7637.056     48  15370.112    15374.553    15610.606
 87  TPM3+G4       7637.056     48  15370.112    15374.553    15610.606
 91  TPM3u+G4      7637.055     48  15370.111    15374.553    15610.606
 95  TPM3u+F+G4    7613.644     51  15329.288    15334.311    15584.814
 99  TIMe+G4       7643.505     49  15385.010    15389.642    15630.516
103  TIMe+G4       7643.505     49  15385.010    15389.642    15630.516
107  TIM+G4        7643.505     49  15385.009    15389.641    15630.515
111  TIM+F+G4      7612.733     52  15329.466    15334.691    15590.003
115  TIM2e+G4      7643.542     49  15385.084    15389.715    15630.589
119  TIM2e+G4      7643.542     49  15385.084    15389.715    15630.589
123  TIM2+G4       7643.541     49  15385.083    15389.714    15630.588
127  TIM2+F+G4     7612.160     52  15328.321    15333.545    15588.857
131  TIM3e+G4      7637.009     49  15372.019    15376.650    15617.524
135  TIM3e+G4      7637.009     49  15372.019    15376.650    15617.524
139  TIM3+G4       7637.008     49  15372.017    15376.648    15617.522
143  TIM3+F+G4     7612.079     52  15328.158    15333.383    15588.695
147  TVMe+G4       7636.967     50  15373.935    15378.760    15624.450
151  TVMe+G4       7636.967     50  15373.935    15378.760    15624.450
155  TVM+G4        7636.967     50  15373.933    15378.758    15624.449
159  TVM+F+G4      7613.029     53  15332.058    15337.489    15597.605
163  SYM+G4        7636.919     51  15375.839    15380.862    15631.365
167  SYM+G4        7636.919     51  15375.839    15380.862    15631.365
171  GTR+G4        7636.919     51  15375.837    15380.860    15631.363
175  GTR+F+G4      7611.468     54  15330.937    15336.578    15601.494
Akaike Information Criterion:           TN+F+G4
Corrected Akaike Information Criterion: TN+F+G4
Bayesian Information Criterion:         HKY+F+G4
Best-fit model: HKY+F+G4 chosen according to BIC

All model information printed to results/07_phylogeny/Not_sex_linked/G6320.model.gz
CPU time for ModelFinder: 2.513 seconds (0h:0m:2s)
Wall-clock time for ModelFinder: 0.639 seconds (0h:0m:0s)
Generating 1000 samples for ultrafast bootstrap (seed: 839540)...

NOTE: 4 MB RAM (0 GB) is required!
Estimate model parameters (epsilon = 0.100)
1. Initial log-likelihood: -7614.347
Optimal log-likelihood: -7614.314
Rate parameters:  A-C: 1.00000  A-G: 2.66161  A-T: 1.00000  C-G: 1.00000  C-T: 2.66161  G-T: 1.00000
Base frequencies:  A: 0.247  C: 0.199  G: 0.278  T: 0.277
Gamma shape alpha: 1.862
Parameters optimization took 1 rounds (0.007 sec)
Wrote distance file to... 
Computing ML distances based on estimated model parameters...
Calculating distance matrix: done in 0.000812401 secs using 605% CPU
Computing ML distances took 0.000874 sec (of wall-clock time) 0.004981 sec (of CPU time)
Setting up auxiliary I and S matrices: done in 0.000398817 secs using 221.2% CPU
Constructing RapidNJ tree: done in 0.50835 secs using 213.3% CPU
Computing RapidNJ tree took 0.508854 sec (of wall-clock time) 1.085753 sec (of CPU time)
Log-likelihood of RapidNJ tree: -7633.178
--------------------------------------------------------------------
|             INITIALIZING CANDIDATE TREE SET                      |
--------------------------------------------------------------------
Generating 98 parsimony trees... 0.176 second
Computing log-likelihood of 98 initial trees ... 0.381 seconds
Current best score: -7614.314

Do NNI search on 20 best initial trees
Optimizing NNI: done in 0.0154587 secs using 395.2% CPU
Estimate model parameters (epsilon = 0.100)
BETTER TREE FOUND at iteration 1: -7614.313
Optimizing NNI: done in 0.0479799 secs using 393.5% CPU
Optimizing NNI: done in 0.039515 secs using 388.7% CPU
Estimate model parameters (epsilon = 0.100)
BETTER TREE FOUND at iteration 3: -7612.517
Optimizing NNI: done in 0.0427245 secs using 397% CPU
Optimizing NNI: done in 0.0475997 secs using 393.7% CPU
Optimizing NNI: done in 0.0498129 secs using 396.7% CPU
Optimizing NNI: done in 0.0695921 secs using 397.7% CPU
Optimizing NNI: done in 0.0606089 secs using 392.9% CPU
Optimizing NNI: done in 0.0632583 secs using 393% CPU
Optimizing NNI: done in 0.0427538 secs using 396.9% CPU
Iteration 10 / LogL: -7616.268 / Time: 0h:0m:2s
Optimizing NNI: done in 0.0429431 secs using 397.8% CPU
Optimizing NNI: done in 0.0402367 secs using 393.3% CPU
Optimizing NNI: done in 0.0701212 secs using 392.7% CPU
Optimizing NNI: done in 0.045953 secs using 395.6% CPU
Optimizing NNI: done in 0.0556164 secs using 397.7% CPU
Optimizing NNI: done in 0.0393152 secs using 392.6% CPU
Optimizing NNI: done in 0.0405161 secs using 388.8% CPU
Optimizing NNI: done in 0.0453612 secs using 392.7% CPU
Optimizing NNI: done in 0.0425451 secs using 391.5% CPU
Optimizing NNI: done in 0.0710269 secs using 390.4% CPU
Iteration 20 / LogL: -7614.804 / Time: 0h:0m:2s
Finish initializing candidate tree set (12)
Current best tree score: -7612.517 / CPU time: 1.566
Number of iterations: 20
--------------------------------------------------------------------
|               OPTIMIZING CANDIDATE TREE SET                      |
--------------------------------------------------------------------
Optimizing NNI: done in 0.0396949 secs using 394.8% CPU
Optimizing NNI: done in 0.0836746 secs using 391.5% CPU
Optimizing NNI: done in 0.0939088 secs using 392.5% CPU
Estimate model parameters (epsilon = 0.100)
BETTER TREE FOUND at iteration 23: -7610.335
Optimizing NNI: done in 0.0691761 secs using 396.7% CPU
Optimizing NNI: done in 0.0616594 secs using 396.1% CPU
Optimizing NNI: done in 0.069882 secs using 390.7% CPU
Optimizing NNI: done in 0.0550718 secs using 397.1% CPU
Optimizing NNI: done in 0.0435464 secs using 400.5% CPU
Optimizing NNI: done in 0.0562636 secs using 396.1% CPU
Optimizing NNI: done in 0.0627028 secs using 397.2% CPU
Iteration 30 / LogL: -7614.751 / Time: 0h:0m:3s (0h:0m:9s left)
Optimizing NNI: done in 0.0593296 secs using 396.1% CPU
Optimizing NNI: done in 0.0556832 secs using 388.4% CPU
Optimizing NNI: done in 0.0612633 secs using 391.3% CPU
Optimizing NNI: done in 0.0661346 secs using 392.4% CPU
Optimizing NNI: done in 0.0831053 secs using 393.5% CPU
Optimizing NNI: done in 0.0687869 secs using 391.2% CPU
Optimizing NNI: done in 0.0679454 secs using 390.4% CPU
Optimizing NNI: done in 0.0788 secs using 392% CPU
Estimate model parameters (epsilon = 0.100)
BETTER TREE FOUND at iteration 38: -7610.033
Optimizing NNI: done in 0.0810019 secs using 393.9% CPU
Optimizing NNI: done in 0.0519903 secs using 395.7% CPU
Iteration 40 / LogL: -7612.561 / Time: 0h:0m:4s (0h:0m:9s left)
Optimizing NNI: done in 0.0600034 secs using 390.9% CPU
Optimizing NNI: done in 0.0998582 secs using 397% CPU
Optimizing NNI: done in 0.0448944 secs using 393.9% CPU
Optimizing NNI: done in 0.0487273 secs using 395.2% CPU
Optimizing NNI: done in 0.0548202 secs using 391.2% CPU
Optimizing NNI: done in 0.0605493 secs using 388.5% CPU
Optimizing NNI: done in 0.0503293 secs using 397.7% CPU
Optimizing NNI: done in 0.0474834 secs using 392.5% CPU
Optimizing NNI: done in 0.0602006 secs using 393.4% CPU
Optimizing NNI: done in 0.0819233 secs using 396.7% CPU
Iteration 50 / LogL: -7615.098 / Time: 0h:0m:4s (0h:0m:7s left)
Log-likelihood cutoff on original alignment: -7643.992
Optimizing NNI: done in 0.0563187 secs using 387.2% CPU
Optimizing NNI: done in 0.0717883 secs using 397% CPU
Optimizing NNI: done in 0.0347763 secs using 382% CPU
Optimizing NNI: done in 0.067059 secs using 392.8% CPU
Optimizing NNI: done in 0.0615932 secs using 391.4% CPU
Optimizing NNI: done in 0.0516775 secs using 396.6% CPU
Optimizing NNI: done in 0.0871243 secs using 394.9% CPU
Optimizing NNI: done in 0.0778337 secs using 394.4% CPU
Optimizing NNI: done in 0.0791878 secs using 395.5% CPU
Optimizing NNI: done in 0.0760208 secs using 393.6% CPU
Iteration 60 / LogL: -7623.636 / Time: 0h:0m:5s (0h:0m:6s left)
Optimizing NNI: done in 0.0940069 secs using 389.1% CPU
Optimizing NNI: done in 0.0761737 secs using 393.2% CPU
Optimizing NNI: done in 0.0679736 secs using 393.3% CPU
Optimizing NNI: done in 0.080469 secs using 397% CPU
Optimizing NNI: done in 0.0759902 secs using 397.6% CPU
Optimizing NNI: done in 0.0520181 secs using 397.5% CPU
Optimizing NNI: done in 0.0491041 secs using 394.9% CPU
Optimizing NNI: done in 0.0688551 secs using 389.5% CPU
Optimizing NNI: done in 0.114816 secs using 388.4% CPU
Optimizing NNI: done in 0.0703782 secs using 400.3% CPU
Iteration 70 / LogL: -7610.042 / Time: 0h:0m:6s (0h:0m:5s left)
Optimizing NNI: done in 0.0806741 secs using 392.6% CPU
Optimizing NNI: done in 0.0831589 secs using 395.8% CPU
Optimizing NNI: done in 0.0703012 secs using 390.7% CPU
Optimizing NNI: done in 0.0790895 secs using 388.4% CPU
Optimizing NNI: done in 0.0561964 secs using 391.2% CPU
Optimizing NNI: done in 0.0741258 secs using 391.7% CPU
Optimizing NNI: done in 0.0943888 secs using 394.1% CPU
Optimizing NNI: done in 0.0671009 secs using 394% CPU
Optimizing NNI: done in 0.0573893 secs using 397.5% CPU
Optimizing NNI: done in 0.0576663 secs using 392.4% CPU
Iteration 80 / LogL: -7610.376 / Time: 0h:0m:7s (0h:0m:4s left)
Optimizing NNI: done in 0.0472659 secs using 393.6% CPU
Optimizing NNI: done in 0.0737232 secs using 393.3% CPU
Optimizing NNI: done in 0.0608344 secs using 390.3% CPU
Optimizing NNI: done in 0.0545154 secs using 397.7% CPU
Optimizing NNI: done in 0.0738351 secs using 394.2% CPU
Optimizing NNI: done in 0.0695711 secs using 392.2% CPU
Optimizing NNI: done in 0.0463534 secs using 393.2% CPU
Optimizing NNI: done in 0.0778272 secs using 396.9% CPU
Optimizing NNI: done in 0.0919713 secs using 387% CPU
Optimizing NNI: done in 0.0646806 secs using 394.5% CPU
Iteration 90 / LogL: -7610.224 / Time: 0h:0m:7s (0h:0m:3s left)
Optimizing NNI: done in 0.0532963 secs using 390% CPU
Optimizing NNI: done in 0.0608707 secs using 394.9% CPU
Optimizing NNI: done in 0.0893451 secs using 397.5% CPU
Optimizing NNI: done in 0.0588596 secs using 395% CPU
Optimizing NNI: done in 0.0711283 secs using 397.1% CPU
Optimizing NNI: done in 0.0532941 secs using 395.9% CPU
Optimizing NNI: done in 0.0571177 secs using 397% CPU
Optimizing NNI: done in 0.0662756 secs using 393.2% CPU
Optimizing NNI: done in 0.0879622 secs using 391.5% CPU
Optimizing NNI: done in 0.0677267 secs using 398.8% CPU
Iteration 100 / LogL: -7610.615 / Time: 0h:0m:8s (0h:0m:3s left)
Log-likelihood cutoff on original alignment: -7643.992
NOTE: Bootstrap correlation coefficient of split occurrence frequencies: 0.992
Optimizing NNI: done in 0.0587709 secs using 395.6% CPU
Optimizing NNI: done in 0.0688623 secs using 396.8% CPU
Optimizing NNI: done in 0.0612198 secs using 399.8% CPU
Optimizing NNI: done in 0.0527057 secs using 397.6% CPU
Optimizing NNI: done in 0.0593966 secs using 393.9% CPU
Optimizing NNI: done in 0.0559857 secs using 392.7% CPU
Optimizing NNI: done in 0.0612164 secs using 396.5% CPU
Optimizing NNI: done in 0.0568834 secs using 394.6% CPU
Optimizing NNI: done in 0.10722 secs using 394.2% CPU
Optimizing NNI: done in 0.0802157 secs using 396.6% CPU
Iteration 110 / LogL: -7610.621 / Time: 0h:0m:9s (0h:0m:7s left)
Optimizing NNI: done in 0.0572776 secs using 399.6% CPU
Optimizing NNI: done in 0.072387 secs using 393.4% CPU
Optimizing NNI: done in 0.0708936 secs using 386.8% CPU
Optimizing NNI: done in 0.0650329 secs using 395.8% CPU
Optimizing NNI: done in 0.102554 secs using 395.9% CPU
Optimizing NNI: done in 0.0626176 secs using 393.2% CPU
Optimizing NNI: done in 0.075433 secs using 393.4% CPU
Optimizing NNI: done in 0.0612558 secs using 390.1% CPU
Optimizing NNI: done in 0.0545092 secs using 400.4% CPU
Optimizing NNI: done in 0.0686033 secs using 392% CPU
Iteration 120 / LogL: -7610.375 / Time: 0h:0m:10s (0h:0m:6s left)
Optimizing NNI: done in 0.0753167 secs using 399.5% CPU
Optimizing NNI: done in 0.0726439 secs using 393.6% CPU
Optimizing NNI: done in 0.0887203 secs using 397.5% CPU
Optimizing NNI: done in 0.113687 secs using 395.9% CPU
Optimizing NNI: done in 0.0534007 secs using 395.3% CPU
Optimizing NNI: done in 0.0650013 secs using 393.1% CPU
Estimate model parameters (epsilon = 0.100)
BETTER TREE FOUND at iteration 126: -7609.764
Optimizing NNI: done in 0.0546275 secs using 392% CPU
Optimizing NNI: done in 0.088809 secs using 387.1% CPU
Optimizing NNI: done in 0.0428329 secs using 396.4% CPU
Optimizing NNI: done in 0.0797149 secs using 396.1% CPU
Iteration 130 / LogL: -7613.879 / Time: 0h:0m:10s (0h:0m:7s left)
Optimizing NNI: done in 0.0698997 secs using 393.1% CPU
Optimizing NNI: done in 0.0532529 secs using 392.9% CPU
Optimizing NNI: done in 0.0691278 secs using 391.8% CPU
Optimizing NNI: done in 0.0702224 secs using 392.8% CPU
Optimizing NNI: done in 0.0614979 secs using 392.3% CPU
Optimizing NNI: done in 0.0519141 secs using 390.2% CPU
Optimizing NNI: done in 0.088554 secs using 396.2% CPU
Optimizing NNI: done in 0.0539142 secs using 398.1% CPU
Optimizing NNI: done in 0.0524676 secs using 392.9% CPU
Optimizing NNI: done in 0.0722177 secs using 395.6% CPU
Iteration 140 / LogL: -7610.203 / Time: 0h:0m:11s (0h:0m:6s left)
Optimizing NNI: done in 0.0590966 secs using 397.4% CPU
Optimizing NNI: done in 0.0665219 secs using 392.2% CPU
Optimizing NNI: done in 0.0740029 secs using 395% CPU
Optimizing NNI: done in 0.0691419 secs using 398.5% CPU
Optimizing NNI: done in 0.0624306 secs using 390.9% CPU
Optimizing NNI: done in 0.0316516 secs using 397.9% CPU
Optimizing NNI: done in 0.192091 secs using 325.7% CPU
Optimizing NNI: done in 0.0633288 secs using 394.3% CPU
Optimizing NNI: done in 0.127222 secs using 393.2% CPU
Optimizing NNI: done in 0.0470621 secs using 392.8% CPU
Iteration 150 / LogL: -7610.348 / Time: 0h:0m:12s (0h:0m:6s left)
Log-likelihood cutoff on original alignment: -7643.992
Optimizing NNI: done in 0.0508275 secs using 391.1% CPU
Optimizing NNI: done in 0.106755 secs using 390.1% CPU
Optimizing NNI: done in 0.0679824 secs using 392.7% CPU
Optimizing NNI: done in 0.0723616 secs using 387.5% CPU
Optimizing NNI: done in 0.064646 secs using 398.7% CPU
Optimizing NNI: done in 0.0818599 secs using 393.1% CPU
Optimizing NNI: done in 0.0531577 secs using 392.6% CPU
UPDATE BEST LOG-LIKELIHOOD: -7609.762
Optimizing NNI: done in 0.0697004 secs using 393.3% CPU
Optimizing NNI: done in 0.0658206 secs using 395.4% CPU
Optimizing NNI: done in 0.0515195 secs using 393% CPU
Iteration 160 / LogL: -7625.787 / Time: 0h:0m:13s (0h:0m:5s left)
Optimizing NNI: done in 0.0709097 secs using 393.6% CPU
Optimizing NNI: done in 0.107279 secs using 394.1% CPU
Optimizing NNI: done in 0.0619611 secs using 394.5% CPU
UPDATE BEST LOG-LIKELIHOOD: -7609.761
Optimizing NNI: done in 0.057505 secs using 391.6% CPU
Optimizing NNI: done in 0.0697907 secs using 395.8% CPU
Optimizing NNI: done in 0.0380392 secs using 392.2% CPU
Optimizing NNI: done in 0.0607249 secs using 390.6% CPU
Optimizing NNI: done in 0.0323351 secs using 391.5% CPU
Optimizing NNI: done in 0.0859456 secs using 396.7% CPU
Optimizing NNI: done in 0.0727931 secs using 388.9% CPU
Iteration 170 / LogL: -7613.873 / Time: 0h:0m:13s (0h:0m:4s left)
Optimizing NNI: done in 0.0607912 secs using 393.5% CPU
UPDATE BEST LOG-LIKELIHOOD: -7609.761
Optimizing NNI: done in 0.0779053 secs using 396.7% CPU
Optimizing NNI: done in 0.0717234 secs using 396.1% CPU
Optimizing NNI: done in 0.0755753 secs using 394.1% CPU
Optimizing NNI: done in 0.0855408 secs using 396.9% CPU
Optimizing NNI: done in 0.0510684 secs using 395.2% CPU
Optimizing NNI: done in 0.0653618 secs using 398.9% CPU
Optimizing NNI: done in 0.070295 secs using 393.6% CPU
Optimizing NNI: done in 0.0859288 secs using 394.3% CPU
Optimizing NNI: done in 0.0580212 secs using 400.8% CPU
Iteration 180 / LogL: -7609.878 / Time: 0h:0m:14s (0h:0m:3s left)
Optimizing NNI: done in 0.0850264 secs using 392.9% CPU
Optimizing NNI: done in 0.0593932 secs using 399.1% CPU
Optimizing NNI: done in 0.0432015 secs using 398.6% CPU
Optimizing NNI: done in 0.0660288 secs using 393.2% CPU
Optimizing NNI: done in 0.063482 secs using 398.7% CPU
Optimizing NNI: done in 0.0496063 secs using 394% CPU
Optimizing NNI: done in 0.0771376 secs using 394.5% CPU
Optimizing NNI: done in 0.0695734 secs using 399.4% CPU
Optimizing NNI: done in 0.0660217 secs using 394.5% CPU
Optimizing NNI: done in 0.0528578 secs using 397.1% CPU
Iteration 190 / LogL: -7610.354 / Time: 0h:0m:15s (0h:0m:2s left)
Optimizing NNI: done in 0.0679652 secs using 396.4% CPU
Optimizing NNI: done in 0.0690933 secs using 400.6% CPU
Optimizing NNI: done in 0.0482978 secs using 393.5% CPU
Optimizing NNI: done in 0.0430937 secs using 394.6% CPU
Optimizing NNI: done in 0.0627697 secs using 392.6% CPU
Optimizing NNI: done in 0.0696533 secs using 390.7% CPU
Optimizing NNI: done in 0.0909532 secs using 392.3% CPU
Optimizing NNI: done in 0.0710595 secs using 391.8% CPU
Optimizing NNI: done in 0.0497882 secs using 398.9% CPU
Optimizing NNI: done in 0.0606767 secs using 394.3% CPU
Iteration 200 / LogL: -7638.810 / Time: 0h:0m:16s (0h:0m:2s left)
Log-likelihood cutoff on original alignment: -7643.992
NOTE: Bootstrap correlation coefficient of split occurrence frequencies: 0.998
Optimizing NNI: done in 0.0604013 secs using 395.3% CPU
Optimizing NNI: done in 0.0549039 secs using 394.4% CPU
Optimizing NNI: done in 0.083283 secs using 396.7% CPU
Optimizing NNI: done in 0.0577273 secs using 395.2% CPU
Optimizing NNI: done in 0.0869334 secs using 394.9% CPU
Optimizing NNI: done in 0.0789903 secs using 393.5% CPU
Optimizing NNI: done in 0.0624766 secs using 396.5% CPU
Optimizing NNI: done in 0.0458538 secs using 383% CPU
Optimizing NNI: done in 0.0681711 secs using 395.1% CPU
Optimizing NNI: done in 0.068783 secs using 393% CPU
Iteration 210 / LogL: -7610.623 / Time: 0h:0m:16s (0h:0m:6s left)
Optimizing NNI: done in 0.0777562 secs using 392.6% CPU
Optimizing NNI: done in 0.063353 secs using 389.7% CPU
Optimizing NNI: done in 0.049915 secs using 395.7% CPU
Optimizing NNI: done in 0.084737 secs using 377.7% CPU
Optimizing NNI: done in 0.0920003 secs using 397.4% CPU
Optimizing NNI: done in 0.0751478 secs using 397% CPU
Optimizing NNI: done in 0.0577288 secs using 390.2% CPU
Optimizing NNI: done in 0.0730949 secs using 393.1% CPU
Optimizing NNI: done in 0.0790931 secs using 395.8% CPU
Optimizing NNI: done in 0.0767657 secs using 397.2% CPU
Iteration 220 / LogL: -7610.203 / Time: 0h:0m:17s (0h:0m:6s left)
Optimizing NNI: done in 0.0877341 secs using 392.8% CPU
Optimizing NNI: done in 0.0468565 secs using 396.3% CPU
Optimizing NNI: done in 0.0682431 secs using 393.5% CPU
Optimizing NNI: done in 0.0591021 secs using 391.8% CPU
Optimizing NNI: done in 0.08318 secs using 394.6% CPU
Optimizing NNI: done in 0.0526185 secs using 392.3% CPU
Optimizing NNI: done in 0.0748763 secs using 394% CPU
TREE SEARCH COMPLETED AFTER 227 ITERATIONS / Time: 0h:0m:18s

--------------------------------------------------------------------
|                    FINALIZING TREE SEARCH                        |
--------------------------------------------------------------------
Performs final model parameters optimization
Estimate model parameters (epsilon = 0.010)
1. Initial log-likelihood: -7609.761
Optimal log-likelihood: -7609.760
Rate parameters:  A-C: 1.00000  A-G: 2.68425  A-T: 1.00000  C-G: 1.00000  C-T: 2.68425  G-T: 1.00000
Base frequencies:  A: 0.247  C: 0.199  G: 0.278  T: 0.277
Gamma shape alpha: 1.819
Parameters optimization took 1 rounds (0.008 sec)
BEST SCORE FOUND : -7609.760
Creating bootstrap support values...
Split supports printed to NEXUS file results/07_phylogeny/Not_sex_linked/G6320.splits.nex
Total tree length: 2.118

Total number of iterations: 227
CPU time used for tree search: 64.999 sec (0h:1m:4s)
Wall-clock time used for tree search: 16.780 sec (0h:0m:16s)
Total CPU time used: 69.223 sec (0h:1m:9s)
Total wall-clock time used: 18.165 sec (0h:0m:18s)

Computing bootstrap consensus tree...
Reading input file results/07_phylogeny/Not_sex_linked/G6320.splits.nex...
24 taxa and 423 splits.
Consensus tree written to results/07_phylogeny/Not_sex_linked/G6320.contree
Reading input trees file results/07_phylogeny/Not_sex_linked/G6320.contree
Log-likelihood of consensus tree: -7610.048

Analysis results written to: 
  IQ-TREE report:                results/07_phylogeny/Not_sex_linked/G6320.iqtree
  Maximum-likelihood tree:       results/07_phylogeny/Not_sex_linked/G6320.treefile
  Likelihood distances:          results/07_phylogeny/Not_sex_linked/G6320.mldist

Ultrafast bootstrap approximation results written to:
  Split support values:          results/07_phylogeny/Not_sex_linked/G6320.splits.nex
  Consensus tree:                results/07_phylogeny/Not_sex_linked/G6320.contree
  Screen log file:               results/07_phylogeny/Not_sex_linked/G6320.log

Date and Time: Wed May 27 21:26:59 2026
