IQ-TREE version 3.0.1 for Linux x86 64-bit built Jul  9 2025
Developed by Bui Quang Minh, Thomas Wong, Nhan Ly-Trong, Huaiyan Ren
Contributed by Lam-Tung Nguyen, Dominik Schrempf, Chris Bielow,
Olga Chernomor, Michael Woodhams, Diep Thi Hoang, Heiko Schmidt

Host:    c0700a-s19.ufhpc (AVX2, FMA3, 1007 GB RAM)
Command: iqtree -s results/06_alignment/Not_sex_linked/trimmed/G6432.trimmed.aln --prefix results/07_phylogeny/Not_sex_linked/G6432 -m TEST -B 1000 -nt 4 -redo
Seed:    262037 (Using SPRNG - Scalable Parallel Random Number Generator)
Time:    Wed May 27 21:26:22 2026
Kernel:  AVX+FMA - 4 threads (8 CPU cores detected)

Reading alignment file results/06_alignment/Not_sex_linked/trimmed/G6432.trimmed.aln ... Fasta format detected
Reading fasta file: done in 0.00128699 secs using 3.263% CPU
Alignment most likely contains DNA/RNA sequences
Constructing alignment: done in 0.00160951 secs using 158.1% CPU
Alignment has 22 sequences with 2468 columns, 1041 distinct patterns
466 parsimony-informative, 820 singleton sites, 1182 constant sites
                  Gap/Ambiguity  Composition  p-value
Analyzing sequences: done in 3.30922e-05 secs using 87.63% CPU
   1  S0020_G6432_R1_A   10.66%    passed     94.83%
   2  S0004_G6432_R1_A    0.24%    passed     75.62%
   3  S0046_G6432_R1_A    1.05%    passed     97.37%
   4  S0018_G6432_R1_A   10.53%    passed     91.04%
   5  S0031_G6432_R1_A   10.62%    passed     99.81%
   6  S0022_G6432_R1_A    1.01%    passed     99.07%
   7  S0016_G6432_R1_A    2.31%    passed     94.42%
   8  S0026_G6432_R1_A    0.65%    passed     96.39%
   9  S0036_G6432_R1_A   10.78%    passed     88.84%
  10  S0002_G6432_R1_A   10.66%    passed     87.87%
  11  S0028_G6432_R1_A   10.49%    passed     97.36%
  12  S0011_G6432_R1_A   10.90%    passed     92.92%
  13  S0005_G6432_R1_A   16.86%    passed     79.35%
  14  S0030_G6432_R1_A   11.47%    passed     95.98%
  15  S0019_G6432_R1_A   12.24%    passed     98.82%
  16  S0013_G6432_R1_A   10.70%    passed     99.26%
  17  S0048_G6432_R1_A    1.05%    passed     92.27%
  18  S0050_G6432_R1_A    0.93%    passed     94.42%
  19  S0017_G6432_R1_A   11.39%    passed     95.60%
  20  S0021_G6432_R1_A    4.50%    passed     97.95%
  21  S0037_G6432_R1_A   11.43%    passed     99.51%
  22  S0012_G6432_R1_A   12.64%    passed     47.18%
****  TOTAL               7.87%  0 sequences failed composition chi2 test (p-value<5%; df=3)
Checking for duplicate sequences: done in 0.000120747 secs using 86.96% CPU


Create initial parsimony tree by phylogenetic likelihood library (PLL)... 0.002 seconds
Perform fast likelihood tree search using GTR+I+G model...
Estimate model parameters (epsilon = 5.000)
Perform nearest neighbor interchange...
Optimizing NNI: done in 0.0427422 secs using 395.9% CPU
Estimate model parameters (epsilon = 1.000)
1. Initial log-likelihood: -14321.883
Optimal log-likelihood: -14321.366
Rate parameters:  A-C: 0.75960  A-G: 2.41885  A-T: 0.90817  C-G: 0.67601  C-T: 2.42022  G-T: 1.00000
Base frequencies:  A: 0.224  C: 0.209  G: 0.254  T: 0.313
Proportion of invariable sites: 0.211
Gamma shape alpha: 3.395
Parameters optimization took 1 rounds (0.014 sec)
Time for fast ML tree search: 0.113 seconds

NOTE: ModelFinder requires 6 MB RAM!
ModelFinder will test up to 176 DNA models (sample size: 2468 epsilon: 0.100) ...
 No. Model         -LnL         df  AIC          AICc         BIC
  1  JC            14772.122    41  29626.243    29627.663    29864.501
  2  JC+I          14675.261    42  29434.522    29436.011    29678.590
  3  JC+G4         14649.026    42  29382.051    29383.541    29626.120
  4  JC+I+G4       14651.945    43  29389.891    29391.452    29639.771
  7  JC+G4         14649.026    42  29382.051    29383.541    29626.120
 11  F81+G4        14649.026    42  29382.051    29383.541    29626.120
 15  F81+F+G4      14579.882    45  29249.764    29251.474    29511.267
 19  K2P+G4        14403.311    43  28892.622    28894.183    29142.502
 23  K2P+G4        14403.311    43  28892.622    28894.183    29142.502
 27  HKY+G4        14403.311    43  28892.622    28894.183    29142.502
 31  HKY+F+G4      14324.245    46  28740.491    28742.277    29007.804
 35  TNe+G4        14402.491    44  28892.983    28894.617    29148.674
 39  TNe+G4        14402.491    44  28892.983    28894.617    29148.674
 43  TN+G4         14402.491    44  28892.983    28894.617    29148.674
 47  TN+F+G4       14324.235    47  28742.469    28744.334    29015.594
 51  K3P+G4        14400.605    44  28889.210    28890.844    29144.901
 55  K3P+G4        14400.605    44  28889.210    28890.844    29144.901
 59  K3Pu+G4       14400.605    44  28889.210    28890.844    29144.901
 63  K3Pu+F+G4     14322.683    47  28739.367    28741.231    29012.491
 67  TPM2+G4       14402.141    44  28892.282    28893.916    29147.973
 71  TPM2+G4       14402.141    44  28892.282    28893.916    29147.973
 75  TPM2u+G4      14402.140    44  28892.281    28893.915    29147.972
 79  TPM2u+F+G4    14324.194    47  28742.389    28744.253    29015.514
 83  TPM3+G4       14374.507    44  28837.013    28838.648    29092.704
 87  TPM3+G4       14374.507    44  28837.013    28838.648    29092.704
 91  TPM3u+G4      14374.506    44  28837.012    28838.647    29092.704
 95  TPM3u+F+G4    14316.461    47  28726.922    28728.786    29000.047
 99  TIMe+G4       14399.786    45  28889.573    28891.282    29151.075
103  TIMe+G4       14399.786    45  28889.573    28891.282    29151.075
107  TIM+G4        14399.786    45  28889.572    28891.282    29151.075
111  TIM+F+G4      14322.673    48  28741.345    28743.290    29020.281
115  TIM2e+G4      14401.336    45  28892.673    28894.382    29154.175
119  TIM2e+G4      14401.336    45  28892.673    28894.382    29154.175
123  TIM2+G4       14401.336    45  28892.672    28894.382    29154.175
127  TIM2+F+G4     14324.185    48  28744.370    28746.314    29023.305
131  TIM3e+G4      14373.457    45  28836.915    28838.624    29098.417
135  TIM3e+G4      14373.457    45  28836.915    28838.624    29098.417
139  TIM3+G4       14373.456    45  28836.912    28838.622    29098.415
143  TIM3+F+G4     14316.456    48  28728.912    28730.857    29007.848
147  TVMe+G4       14372.174    46  28836.347    28838.133    29103.661
151  TVMe+G4       14372.174    46  28836.347    28838.133    29103.661
155  TVM+G4        14372.173    46  28836.347    28838.133    29103.661
159  TVM+F+G4      14315.455    49  28728.911    28730.937    29013.658
163  SYM+G4        14371.148    47  28836.297    28838.161    29109.421
167  SYM+G4        14371.148    47  28836.297    28838.161    29109.421
171  GTR+G4        14371.148    47  28836.297    28838.161    29109.421
175  GTR+F+G4      14315.451    50  28730.902    28733.012    29021.460
Akaike Information Criterion:           TPM3u+F+G4
Corrected Akaike Information Criterion: TPM3u+F+G4
Bayesian Information Criterion:         TPM3u+F+G4
Best-fit model: TPM3u+F+G4 chosen according to BIC

All model information printed to results/07_phylogeny/Not_sex_linked/G6432.model.gz
CPU time for ModelFinder: 3.461 seconds (0h:0m:3s)
Wall-clock time for ModelFinder: 0.885 seconds (0h:0m:0s)
Generating 1000 samples for ultrafast bootstrap (seed: 262037)...

NOTE: 6 MB RAM (0 GB) is required!
Estimate model parameters (epsilon = 0.100)
1. Initial log-likelihood: -14316.471
Optimal log-likelihood: -14316.461
Rate parameters:  A-C: 0.73775  A-G: 2.50808  A-T: 1.00000  C-G: 0.73775  C-T: 2.50808  G-T: 1.00000
Base frequencies:  A: 0.224  C: 0.209  G: 0.254  T: 0.313
Gamma shape alpha: 1.250
Parameters optimization took 1 rounds (0.013 sec)
Wrote distance file to... 
Computing ML distances based on estimated model parameters...
Calculating distance matrix: done in 0.000760213 secs using 555.1% CPU
Computing ML distances took 0.000862 sec (of wall-clock time) 0.004326 sec (of CPU time)
Setting up auxiliary I and S matrices: done in 0.0400791 secs using 293.1% CPU
Constructing RapidNJ tree: done in 0.969405 secs using 268.8% CPU
Computing RapidNJ tree took 1.009639 sec (of wall-clock time) 2.722843 sec (of CPU time)
Log-likelihood of RapidNJ tree: -14404.137
--------------------------------------------------------------------
|             INITIALIZING CANDIDATE TREE SET                      |
--------------------------------------------------------------------
Generating 98 parsimony trees... 0.281 second
Computing log-likelihood of 98 initial trees ... 0.433 seconds
Current best score: -14306.971

Do NNI search on 20 best initial trees
Optimizing NNI: done in 0.0484354 secs using 400.9% CPU
Estimate model parameters (epsilon = 0.100)
BETTER TREE FOUND at iteration 1: -14302.628
Optimizing NNI: done in 0.0502935 secs using 395.6% CPU
Optimizing NNI: done in 0.0328356 secs using 399.1% CPU
Estimate model parameters (epsilon = 0.100)
BETTER TREE FOUND at iteration 3: -14302.410
Optimizing NNI: done in 0.0621188 secs using 395.2% CPU
Estimate model parameters (epsilon = 0.100)
BETTER TREE FOUND at iteration 4: -14298.467
Optimizing NNI: done in 0.047199 secs using 392.1% CPU
Optimizing NNI: done in 0.0600753 secs using 392.1% CPU
Optimizing NNI: done in 0.0187657 secs using 385.2% CPU
Optimizing NNI: done in 0.0710331 secs using 397.4% CPU
Optimizing NNI: done in 0.0747616 secs using 394.3% CPU
Optimizing NNI: done in 0.0673698 secs using 391.3% CPU
Iteration 10 / LogL: -14316.480 / Time: 0h:0m:3s
Optimizing NNI: done in 0.0453262 secs using 401.7% CPU
Optimizing NNI: done in 0.0720991 secs using 398.1% CPU
Optimizing NNI: done in 0.0410749 secs using 394.2% CPU
Optimizing NNI: done in 0.0818702 secs using 393.1% CPU
Optimizing NNI: done in 0.0471462 secs using 394.5% CPU
Optimizing NNI: done in 0.0676265 secs using 398.8% CPU
Optimizing NNI: done in 0.053204 secs using 390.4% CPU
Optimizing NNI: done in 0.0442402 secs using 393.3% CPU
Optimizing NNI: done in 0.0758377 secs using 395.3% CPU
Optimizing NNI: done in 0.0850479 secs using 393.5% CPU
Iteration 20 / LogL: -14316.481 / Time: 0h:0m:3s
Finish initializing candidate tree set (15)
Current best tree score: -14298.467 / CPU time: 1.917
Number of iterations: 20
--------------------------------------------------------------------
|               OPTIMIZING CANDIDATE TREE SET                      |
--------------------------------------------------------------------
Optimizing NNI: done in 0.0853043 secs using 395.2% CPU
Optimizing NNI: done in 0.107607 secs using 391.9% CPU
Optimizing NNI: done in 0.0478285 secs using 394.4% CPU
Optimizing NNI: done in 0.0800341 secs using 394.8% CPU
Optimizing NNI: done in 0.0650527 secs using 392.6% CPU
Optimizing NNI: done in 0.0785071 secs using 398% CPU
Optimizing NNI: done in 0.0623888 secs using 398.8% CPU
Optimizing NNI: done in 0.0645734 secs using 397.8% CPU
Optimizing NNI: done in 0.0573279 secs using 395.7% CPU
Optimizing NNI: done in 0.070193 secs using 398.3% CPU
Iteration 30 / LogL: -14298.810 / Time: 0h:0m:4s (0h:0m:9s left)
Optimizing NNI: done in 0.0483154 secs using 391.6% CPU
Optimizing NNI: done in 0.0608641 secs using 390.5% CPU
Optimizing NNI: done in 0.0618203 secs using 396.7% CPU
Optimizing NNI: done in 0.0695802 secs using 399.3% CPU
Optimizing NNI: done in 0.0703341 secs using 397.4% CPU
Optimizing NNI: done in 0.0519085 secs using 392.4% CPU
Optimizing NNI: done in 0.0859322 secs using 395.3% CPU
Optimizing NNI: done in 0.0923111 secs using 395.4% CPU
Optimizing NNI: done in 0.0778673 secs using 392.9% CPU
Optimizing NNI: done in 0.086862 secs using 394.4% CPU
Iteration 40 / LogL: -14298.711 / Time: 0h:0m:5s (0h:0m:7s left)
Optimizing NNI: done in 0.0529976 secs using 390% CPU
Optimizing NNI: done in 0.0611187 secs using 395.3% CPU
Optimizing NNI: done in 0.086896 secs using 395.5% CPU
UPDATE BEST LOG-LIKELIHOOD: -14298.467
Optimizing NNI: done in 0.0677546 secs using 397.1% CPU
Optimizing NNI: done in 0.0907006 secs using 392% CPU
UPDATE BEST LOG-LIKELIHOOD: -14298.467
Optimizing NNI: done in 0.0792462 secs using 393.8% CPU
Optimizing NNI: done in 0.0909229 secs using 394.2% CPU
Optimizing NNI: done in 0.0979857 secs using 396.5% CPU
Optimizing NNI: done in 0.100097 secs using 392.1% CPU
Optimizing NNI: done in 0.0717487 secs using 390.2% CPU
Iteration 50 / LogL: -14306.194 / Time: 0h:0m:6s (0h:0m:5s left)
Log-likelihood cutoff on original alignment: -14337.746
Optimizing NNI: done in 0.0387102 secs using 396.1% CPU
Optimizing NNI: done in 0.0509476 secs using 391.8% CPU
Optimizing NNI: done in 0.0842309 secs using 394.2% CPU
Optimizing NNI: done in 0.0565847 secs using 394% CPU
Optimizing NNI: done in 0.0622699 secs using 399.2% CPU
Optimizing NNI: done in 0.0608402 secs using 396.5% CPU
Optimizing NNI: done in 0.0499757 secs using 389.5% CPU
Optimizing NNI: done in 0.0488689 secs using 393.9% CPU
Optimizing NNI: done in 0.0635907 secs using 388.3% CPU
Optimizing NNI: done in 0.100318 secs using 392.3% CPU
Iteration 60 / LogL: -14298.467 / Time: 0h:0m:7s (0h:0m:4s left)
Optimizing NNI: done in 0.062329 secs using 397.4% CPU
Optimizing NNI: done in 0.0601328 secs using 390.1% CPU
Optimizing NNI: done in 0.0575189 secs using 396.3% CPU
UPDATE BEST LOG-LIKELIHOOD: -14298.467
Optimizing NNI: done in 0.0435899 secs using 393.8% CPU
Optimizing NNI: done in 0.0700475 secs using 389.9% CPU
Optimizing NNI: done in 0.0728403 secs using 396.6% CPU
Optimizing NNI: done in 0.0658441 secs using 387.3% CPU
Optimizing NNI: done in 0.0638806 secs using 392.4% CPU
Optimizing NNI: done in 0.0683518 secs using 392.5% CPU
Optimizing NNI: done in 0.0800593 secs using 390.7% CPU
Iteration 70 / LogL: -14298.467 / Time: 0h:0m:7s (0h:0m:3s left)
Optimizing NNI: done in 0.0730222 secs using 397% CPU
Optimizing NNI: done in 0.0541142 secs using 391.1% CPU
Optimizing NNI: done in 0.0696394 secs using 396.7% CPU
Optimizing NNI: done in 0.0873509 secs using 394.5% CPU
Optimizing NNI: done in 0.123247 secs using 389.5% CPU
Optimizing NNI: done in 0.0497506 secs using 393.4% CPU
Optimizing NNI: done in 0.0893268 secs using 396% CPU
Optimizing NNI: done in 0.0714272 secs using 396.7% CPU
Optimizing NNI: done in 0.0641089 secs using 391.8% CPU
Optimizing NNI: done in 0.0607063 secs using 396.9% CPU
Iteration 80 / LogL: -14298.862 / Time: 0h:0m:8s (0h:0m:2s left)
Optimizing NNI: done in 0.115387 secs using 388.5% CPU
Optimizing NNI: done in 0.0687992 secs using 393.7% CPU
Optimizing NNI: done in 0.0609696 secs using 395.8% CPU
Optimizing NNI: done in 0.0666029 secs using 392.8% CPU
Optimizing NNI: done in 0.0682705 secs using 393.1% CPU
Optimizing NNI: done in 0.0603175 secs using 394% CPU
Optimizing NNI: done in 0.0555926 secs using 395.8% CPU
Optimizing NNI: done in 0.0711945 secs using 392.3% CPU
Optimizing NNI: done in 0.050251 secs using 393.8% CPU
Optimizing NNI: done in 0.0459693 secs using 396% CPU
Iteration 90 / LogL: -14298.469 / Time: 0h:0m:9s (0h:0m:1s left)
Optimizing NNI: done in 0.0516287 secs using 399.5% CPU
Optimizing NNI: done in 0.0776686 secs using 392% CPU
Optimizing NNI: done in 0.0622447 secs using 389.8% CPU
Optimizing NNI: done in 0.065818 secs using 396.7% CPU
Optimizing NNI: done in 0.0829309 secs using 395.3% CPU
Optimizing NNI: done in 0.035793 secs using 390.8% CPU
Optimizing NNI: done in 0.0995087 secs using 395.7% CPU
Optimizing NNI: done in 0.0887826 secs using 395.7% CPU
Optimizing NNI: done in 0.0715125 secs using 390.7% CPU
Optimizing NNI: done in 0.0534745 secs using 392.8% CPU
Iteration 100 / LogL: -14298.472 / Time: 0h:0m:9s (0h:0m:0s left)
Log-likelihood cutoff on original alignment: -14337.193
NOTE: Bootstrap correlation coefficient of split occurrence frequencies: 0.989
NOTE: UFBoot does not converge, continue at least 100 more iterations
Optimizing NNI: done in 0.0857436 secs using 386.3% CPU
Optimizing NNI: done in 0.0987028 secs using 394.1% CPU
Optimizing NNI: done in 0.0873069 secs using 395.2% CPU
Optimizing NNI: done in 0.0792128 secs using 394.4% CPU
Optimizing NNI: done in 0.0953079 secs using 397.6% CPU
Optimizing NNI: done in 0.100784 secs using 394.3% CPU
Optimizing NNI: done in 0.07406 secs using 397.4% CPU
Optimizing NNI: done in 0.0843274 secs using 394.3% CPU
Optimizing NNI: done in 0.0713969 secs using 394.6% CPU
Optimizing NNI: done in 0.107041 secs using 396.5% CPU
Iteration 110 / LogL: -14298.467 / Time: 0h:0m:10s (0h:0m:8s left)
Optimizing NNI: done in 0.0906825 secs using 395.3% CPU
Optimizing NNI: done in 0.0967766 secs using 394.2% CPU
Optimizing NNI: done in 0.0658563 secs using 396.8% CPU
Optimizing NNI: done in 0.122727 secs using 397.5% CPU
Optimizing NNI: done in 0.088972 secs using 393.2% CPU
Optimizing NNI: done in 0.056097 secs using 395.3% CPU
Optimizing NNI: done in 0.0574585 secs using 393.5% CPU
Optimizing NNI: done in 0.0627001 secs using 398.8% CPU
Optimizing NNI: done in 0.0814687 secs using 393.5% CPU
Optimizing NNI: done in 0.0833608 secs using 396.2% CPU
Iteration 120 / LogL: -14298.573 / Time: 0h:0m:11s (0h:0m:7s left)
Optimizing NNI: done in 0.0712848 secs using 395.2% CPU
Optimizing NNI: done in 0.0741468 secs using 395.8% CPU
Optimizing NNI: done in 0.0979547 secs using 396.7% CPU
Optimizing NNI: done in 0.0775917 secs using 398% CPU
Optimizing NNI: done in 0.0791891 secs using 396.8% CPU
Optimizing NNI: done in 0.0674377 secs using 400.2% CPU
Optimizing NNI: done in 0.0961427 secs using 396.2% CPU
Optimizing NNI: done in 0.0553609 secs using 392% CPU
Optimizing NNI: done in 0.0851053 secs using 391.5% CPU
Optimizing NNI: done in 0.0666113 secs using 399.2% CPU
Iteration 130 / LogL: -14298.828 / Time: 0h:0m:12s (0h:0m:6s left)
Optimizing NNI: done in 0.069538 secs using 398.1% CPU
Optimizing NNI: done in 0.0541962 secs using 394.7% CPU
Optimizing NNI: done in 0.0857722 secs using 393.7% CPU
Optimizing NNI: done in 0.0549339 secs using 396.1% CPU
Optimizing NNI: done in 0.0782944 secs using 394.1% CPU
Optimizing NNI: done in 0.084005 secs using 391.5% CPU
Optimizing NNI: done in 0.0837876 secs using 395.3% CPU
Optimizing NNI: done in 0.100861 secs using 391.6% CPU
Optimizing NNI: done in 0.0775181 secs using 397.4% CPU
Optimizing NNI: done in 0.133526 secs using 392.2% CPU
Iteration 140 / LogL: -14298.467 / Time: 0h:0m:13s (0h:0m:5s left)
Optimizing NNI: done in 0.0929219 secs using 395.6% CPU
Optimizing NNI: done in 0.0795296 secs using 399.4% CPU
Optimizing NNI: done in 0.0566316 secs using 395.8% CPU
Optimizing NNI: done in 0.0767675 secs using 395.9% CPU
Optimizing NNI: done in 0.0664944 secs using 395.4% CPU
Optimizing NNI: done in 0.0777955 secs using 397.2% CPU
Optimizing NNI: done in 0.0703835 secs using 394.5% CPU
Optimizing NNI: done in 0.059941 secs using 394.4% CPU
Optimizing NNI: done in 0.0758677 secs using 395.5% CPU
Optimizing NNI: done in 0.062616 secs using 399.5% CPU
Iteration 150 / LogL: -14298.819 / Time: 0h:0m:14s (0h:0m:4s left)
Log-likelihood cutoff on original alignment: -14337.193
Optimizing NNI: done in 0.0604976 secs using 391.4% CPU
Optimizing NNI: done in 0.121954 secs using 395.8% CPU
Optimizing NNI: done in 0.0647851 secs using 398.6% CPU
Optimizing NNI: done in 0.0768173 secs using 397% CPU
Optimizing NNI: done in 0.0990658 secs using 394.3% CPU
Optimizing NNI: done in 0.0660698 secs using 394.4% CPU
Optimizing NNI: done in 0.0681655 secs using 395.4% CPU
Optimizing NNI: done in 0.0578276 secs using 395% CPU
Optimizing NNI: done in 0.0763864 secs using 397% CPU
Optimizing NNI: done in 0.0607908 secs using 396.8% CPU
Iteration 160 / LogL: -14298.712 / Time: 0h:0m:15s (0h:0m:3s left)
Optimizing NNI: done in 0.0933939 secs using 393.1% CPU
Optimizing NNI: done in 0.0613472 secs using 397.7% CPU
Optimizing NNI: done in 0.0709965 secs using 396.2% CPU
Optimizing NNI: done in 0.0581643 secs using 395.2% CPU
Optimizing NNI: done in 0.0518478 secs using 396.7% CPU
Optimizing NNI: done in 0.0639366 secs using 396.3% CPU
Optimizing NNI: done in 0.0585453 secs using 398.2% CPU
Optimizing NNI: done in 0.0981461 secs using 395% CPU
Optimizing NNI: done in 0.0600196 secs using 394.2% CPU
Optimizing NNI: done in 0.0655978 secs using 398% CPU
Iteration 170 / LogL: -14298.471 / Time: 0h:0m:15s (0h:0m:2s left)
Optimizing NNI: done in 0.0671592 secs using 395.4% CPU
Optimizing NNI: done in 0.0728089 secs using 395.5% CPU
Optimizing NNI: done in 0.0683379 secs using 392.8% CPU
Optimizing NNI: done in 0.0598855 secs using 391.1% CPU
Optimizing NNI: done in 0.0883304 secs using 390.7% CPU
Optimizing NNI: done in 0.116041 secs using 393.2% CPU
Optimizing NNI: done in 0.0746533 secs using 397.7% CPU
Optimizing NNI: done in 0.0794535 secs using 394.6% CPU
Optimizing NNI: done in 0.0766146 secs using 396.6% CPU
Optimizing NNI: done in 0.0491528 secs using 401.3% CPU
Iteration 180 / LogL: -14298.712 / Time: 0h:0m:16s (0h:0m:1s left)
Optimizing NNI: done in 0.102486 secs using 396.5% CPU
Optimizing NNI: done in 0.0708309 secs using 397% CPU
Optimizing NNI: done in 0.0868798 secs using 396.9% CPU
Optimizing NNI: done in 0.0527172 secs using 388% CPU
Optimizing NNI: done in 0.0713865 secs using 394.6% CPU
Optimizing NNI: done in 0.0704988 secs using 394.2% CPU
Optimizing NNI: done in 0.0665568 secs using 390.7% CPU
Optimizing NNI: done in 0.10864 secs using 396.8% CPU
Optimizing NNI: done in 0.0669935 secs using 396.3% CPU
Optimizing NNI: done in 0.0816482 secs using 395.3% CPU
Iteration 190 / LogL: -14298.470 / Time: 0h:0m:17s (0h:0m:0s left)
Optimizing NNI: done in 0.0801119 secs using 394.7% CPU
Optimizing NNI: done in 0.0814538 secs using 398.2% CPU
Optimizing NNI: done in 0.0851473 secs using 390.9% CPU
Optimizing NNI: done in 0.102676 secs using 394.5% CPU
Optimizing NNI: done in 0.0621116 secs using 392.3% CPU
Optimizing NNI: done in 0.109963 secs using 368.8% CPU
Optimizing NNI: done in 0.0502683 secs using 393.7% CPU
Optimizing NNI: done in 0.195435 secs using 337% CPU
Optimizing NNI: done in 0.0846472 secs using 390.3% CPU
Optimizing NNI: done in 0.063019 secs using 394.4% CPU
Iteration 200 / LogL: -14298.574 / Time: 0h:0m:18s (0h:0m:0s left)
Log-likelihood cutoff on original alignment: -14337.193
NOTE: Bootstrap correlation coefficient of split occurrence frequencies: 0.998
TREE SEARCH COMPLETED AFTER 200 ITERATIONS / Time: 0h:0m:18s

--------------------------------------------------------------------
|                    FINALIZING TREE SEARCH                        |
--------------------------------------------------------------------
Performs final model parameters optimization
Estimate model parameters (epsilon = 0.010)
1. Initial log-likelihood: -14298.467
Optimal log-likelihood: -14298.465
Rate parameters:  A-C: 0.73603  A-G: 2.49584  A-T: 1.00000  C-G: 0.73603  C-T: 2.49584  G-T: 1.00000
Base frequencies:  A: 0.224  C: 0.209  G: 0.254  T: 0.313
Gamma shape alpha: 1.280
Parameters optimization took 1 rounds (0.011 sec)
BEST SCORE FOUND : -14298.465
Creating bootstrap support values...
Split supports printed to NEXUS file results/07_phylogeny/Not_sex_linked/G6432.splits.nex
Total tree length: 1.117

Total number of iterations: 200
CPU time used for tree search: 62.935 sec (0h:1m:2s)
Wall-clock time used for tree search: 16.333 sec (0h:0m:16s)
Total CPU time used: 69.623 sec (0h:1m:9s)
Total wall-clock time used: 18.453 sec (0h:0m:18s)

Computing bootstrap consensus tree...
Reading input file results/07_phylogeny/Not_sex_linked/G6432.splits.nex...
22 taxa and 208 splits.
Consensus tree written to results/07_phylogeny/Not_sex_linked/G6432.contree
Reading input trees file results/07_phylogeny/Not_sex_linked/G6432.contree
Log-likelihood of consensus tree: -14299.415

Analysis results written to: 
  IQ-TREE report:                results/07_phylogeny/Not_sex_linked/G6432.iqtree
  Maximum-likelihood tree:       results/07_phylogeny/Not_sex_linked/G6432.treefile
  Likelihood distances:          results/07_phylogeny/Not_sex_linked/G6432.mldist

Ultrafast bootstrap approximation results written to:
  Split support values:          results/07_phylogeny/Not_sex_linked/G6432.splits.nex
  Consensus tree:                results/07_phylogeny/Not_sex_linked/G6432.contree
  Screen log file:               results/07_phylogeny/Not_sex_linked/G6432.log

Date and Time: Wed May 27 21:26:40 2026
