IQ-TREE version 3.0.1 for Linux x86 64-bit built Jul  9 2025
Developed by Bui Quang Minh, Thomas Wong, Nhan Ly-Trong, Huaiyan Ren
Contributed by Lam-Tung Nguyen, Dominik Schrempf, Chris Bielow,
Olga Chernomor, Michael Woodhams, Diep Thi Hoang, Heiko Schmidt

Host:    c0700a-s19.ufhpc (AVX2, FMA3, 1007 GB RAM)
Command: iqtree -s results/06_alignment/Not_sex_linked/trimmed/G6457.trimmed.aln --prefix results/07_phylogeny/Not_sex_linked/G6457 -m TEST -B 1000 -nt 4 -redo
Seed:    996695 (Using SPRNG - Scalable Parallel Random Number Generator)
Time:    Wed May 27 21:16:24 2026
Kernel:  AVX+FMA - 4 threads (8 CPU cores detected)

Reading alignment file results/06_alignment/Not_sex_linked/trimmed/G6457.trimmed.aln ... Fasta format detected
Reading fasta file: done in 0.00108564 secs using 42.37% CPU
Alignment most likely contains DNA/RNA sequences
Constructing alignment: done in 0.00146605 secs using 167.1% CPU
Alignment has 22 sequences with 2111 columns, 982 distinct patterns
410 parsimony-informative, 734 singleton sites, 967 constant sites
                  Gap/Ambiguity  Composition  p-value
Analyzing sequences: done in 6.8137e-05 secs using 99.8% CPU
   1  S0005_G6457_R1_A    3.22%    passed     88.70%
   2  S0028_G6457_R1_A    1.52%    passed     96.85%
   3  S0016_G6457_R1_A    0.57%    passed     97.16%
   4  S0018_G6457_R1_A    4.36%    passed     92.03%
   5  S0012_G6457_R1_A    0.90%    passed     98.08%
   6  S0021_G6457_R1_A    1.52%    passed     97.18%
   7  S0022_G6457_R1_A    1.42%    passed     99.50%
   8  S0030_G6457_R1_A    1.33%    passed     99.97%
   9  S0011_G6457_R1_A    0.90%    passed     99.36%
  10  S0019_G6457_R1_A    1.52%    passed     97.51%
  11  S0020_G6457_R1_A    2.23%    passed     88.07%
  12  S0036_G6457_R1_A    2.04%    passed     97.09%
  13  S0026_G6457_R1_A    0.33%    passed     94.77%
  14  S0017_G6457_R1_A    0.28%    passed     98.11%
  15  S0002_G6457_R1_A    2.51%    passed     77.49%
  16  S0046_G6457_R1_A    2.04%    passed     86.53%
  17  S0048_G6457_R1_A    1.80%    passed     94.45%
  18  S0050_G6457_R1_A    1.14%    passed     96.32%
  19  S0013_G6457_R1_A    0.24%    passed     81.19%
  20  S0004_G6457_R1_A    4.26%    passed     96.65%
  21  S0031_G6457_R1_A    6.87%    passed     97.93%
  22  S0037_G6457_R1_A    7.11%    passed     99.85%
****  TOTAL               2.19%  0 sequences failed composition chi2 test (p-value<5%; df=3)
Checking for duplicate sequences: done in 0.000111489 secs using 99.56% CPU


Create initial parsimony tree by phylogenetic likelihood library (PLL)... 0.002 seconds
Perform fast likelihood tree search using GTR+I+G model...
Estimate model parameters (epsilon = 5.000)
Perform nearest neighbor interchange...
Optimizing NNI: done in 0.0583781 secs using 390.2% CPU
Estimate model parameters (epsilon = 1.000)
1. Initial log-likelihood: -12457.613
Optimal log-likelihood: -12457.115
Rate parameters:  A-C: 0.86159  A-G: 2.96605  A-T: 1.13831  C-G: 0.97808  C-T: 3.00555  G-T: 1.00000
Base frequencies:  A: 0.243  C: 0.183  G: 0.229  T: 0.345
Proportion of invariable sites: 0.198
Gamma shape alpha: 8.265
Parameters optimization took 1 rounds (0.015 sec)
Time for fast ML tree search: 0.152 seconds

NOTE: ModelFinder requires 6 MB RAM!
ModelFinder will test up to 176 DNA models (sample size: 2111 epsilon: 0.100) ...
 No. Model         -LnL         df  AIC          AICc         BIC
  1  JC            12858.960    41  25799.920    25801.584    26031.771
  2  JC+I          12815.444    42  25714.888    25716.634    25952.394
  3  JC+G4         12804.787    42  25693.573    25695.320    25931.080
  4  JC+I+G4       12807.125    43  25700.250    25702.081    25943.412
  7  JC+G4         12804.787    42  25693.573    25695.320    25931.080
 11  F81+G4        12804.787    42  25693.573    25695.320    25931.080
 15  F81+F+G4      12699.789    45  25489.577    25491.582    25744.048
 19  K2P+G4        12579.479    43  25244.959    25246.789    25488.120
 23  K2P+G4        12579.479    43  25244.959    25246.789    25488.120
 27  HKY+G4        12579.479    43  25244.959    25246.789    25488.120
 31  HKY+F+G4      12454.781    46  25001.562    25003.657    25261.688
 35  TNe+G4        12579.076    44  25246.152    25248.069    25494.968
 39  TNe+G4        12579.076    44  25246.152    25248.069    25494.968
 43  TN+G4         12579.076    44  25246.152    25248.069    25494.968
 47  TN+F+G4       12454.686    47  25003.371    25005.558    25269.152
 51  K3P+G4        12577.900    44  25243.800    25245.717    25492.617
 55  K3P+G4        12577.900    44  25243.800    25245.717    25492.617
 59  K3Pu+G4       12577.900    44  25243.800    25245.717    25492.617
 63  K3Pu+F+G4     12453.501    47  25001.002    25003.189    25266.783
 67  TPM2+G4       12579.055    44  25246.110    25248.027    25494.926
 71  TPM2+G4       12579.055    44  25246.110    25248.027    25494.926
 75  TPM2u+G4      12579.055    44  25246.110    25248.027    25494.926
 79  TPM2u+F+G4    12454.683    47  25003.367    25005.554    25269.148
 83  TPM3+G4       12557.884    44  25203.769    25205.686    25452.585
 87  TPM3+G4       12557.884    44  25203.769    25205.686    25452.585
 91  TPM3u+G4      12557.883    44  25203.766    25205.683    25452.583
 95  TPM3u+F+G4    12453.327    47  25000.653    25002.840    25266.434
 99  TIMe+G4       12577.498    45  25244.996    25247.001    25499.467
103  TIMe+G4       12577.498    45  25244.996    25247.001    25499.467
107  TIM+G4        12577.498    45  25244.996    25247.001    25499.467
111  TIM+F+G4      12453.406    48  25002.812    25005.093    25274.248
115  TIM2e+G4      12578.653    45  25247.305    25249.310    25501.777
119  TIM2e+G4      12578.653    45  25247.305    25249.310    25501.777
123  TIM2+G4       12578.652    45  25247.303    25249.308    25501.774
127  TIM2+F+G4     12454.587    48  25005.175    25007.456    25276.611
131  TIM3e+G4      12557.358    45  25204.716    25206.721    25459.188
135  TIM3e+G4      12557.358    45  25204.716    25206.721    25459.188
139  TIM3+G4       12557.358    45  25204.715    25206.720    25459.187
143  TIM3+F+G4     12453.246    48  25002.491    25004.772    25273.927
147  TVMe+G4       12556.245    46  25204.490    25206.585    25464.617
151  TVMe+G4       12556.245    46  25204.490    25206.585    25464.617
155  TVM+G4        12556.244    46  25204.489    25206.584    25464.615
159  TVM+F+G4      12452.079    49  25002.158    25004.535    25279.248
163  SYM+G4        12555.718    47  25205.436    25207.623    25471.217
167  SYM+G4        12555.718    47  25205.436    25207.623    25471.217
171  GTR+G4        12555.716    47  25205.433    25207.620    25471.214
175  GTR+F+G4      12451.997    50  25003.994    25006.470    25286.740
Akaike Information Criterion:           TPM3u+F+G4
Corrected Akaike Information Criterion: TPM3u+F+G4
Bayesian Information Criterion:         HKY+F+G4
Best-fit model: HKY+F+G4 chosen according to BIC

All model information printed to results/07_phylogeny/Not_sex_linked/G6457.model.gz
CPU time for ModelFinder: 3.703 seconds (0h:0m:3s)
Wall-clock time for ModelFinder: 0.940 seconds (0h:0m:0s)
Generating 1000 samples for ultrafast bootstrap (seed: 996695)...

NOTE: 6 MB RAM (0 GB) is required!
Estimate model parameters (epsilon = 0.100)
1. Initial log-likelihood: -12454.851
Optimal log-likelihood: -12454.781
Rate parameters:  A-C: 1.00000  A-G: 2.94370  A-T: 1.00000  C-G: 1.00000  C-T: 2.94370  G-T: 1.00000
Base frequencies:  A: 0.243  C: 0.183  G: 0.229  T: 0.345
Gamma shape alpha: 2.000
Parameters optimization took 1 rounds (0.011 sec)
Wrote distance file to... 
Computing ML distances based on estimated model parameters...
Calculating distance matrix: done in 0.000623177 secs using 450% CPU
Computing ML distances took 0.000716 sec (of wall-clock time) 0.002902 sec (of CPU time)
Setting up auxiliary I and S matrices: done in 0.0315585 secs using 267% CPU
Constructing RapidNJ tree: done in 0.921803 secs using 267.5% CPU
Computing RapidNJ tree took 0.953523 sec (of wall-clock time) 2.550354 sec (of CPU time)
Log-likelihood of RapidNJ tree: -12634.907
--------------------------------------------------------------------
|             INITIALIZING CANDIDATE TREE SET                      |
--------------------------------------------------------------------
Generating 98 parsimony trees... 0.234 second
Computing log-likelihood of 98 initial trees ... 0.354 seconds
Current best score: -12454.781

Do NNI search on 20 best initial trees
Optimizing NNI: done in 0.0148162 secs using 401.4% CPU
Estimate model parameters (epsilon = 0.100)
BETTER TREE FOUND at iteration 1: -12454.781
Optimizing NNI: done in 0.0190335 secs using 392.1% CPU
Optimizing NNI: done in 0.0235898 secs using 403.1% CPU
Optimizing NNI: done in 0.0252385 secs using 391.1% CPU
Optimizing NNI: done in 0.0588438 secs using 396.8% CPU
Optimizing NNI: done in 0.0618138 secs using 395.4% CPU
Optimizing NNI: done in 0.0635977 secs using 396.5% CPU
Optimizing NNI: done in 0.0655965 secs using 391.9% CPU
Optimizing NNI: done in 0.0400718 secs using 397.1% CPU
Optimizing NNI: done in 0.0583006 secs using 394.6% CPU
Iteration 10 / LogL: -12454.781 / Time: 0h:0m:3s
Optimizing NNI: done in 0.0750303 secs using 392.3% CPU
Optimizing NNI: done in 0.03723 secs using 390.3% CPU
Optimizing NNI: done in 0.0573575 secs using 395.8% CPU
Optimizing NNI: done in 0.0728727 secs using 396.5% CPU
Optimizing NNI: done in 0.0487115 secs using 399.3% CPU
Optimizing NNI: done in 0.0717694 secs using 389% CPU
Optimizing NNI: done in 0.0464686 secs using 398.8% CPU
Optimizing NNI: done in 0.0648256 secs using 393.6% CPU
Optimizing NNI: done in 0.0913992 secs using 393.8% CPU
Optimizing NNI: done in 0.0721122 secs using 395.1% CPU
Iteration 20 / LogL: -12454.781 / Time: 0h:0m:3s
Finish initializing candidate tree set (1)
Current best tree score: -12454.781 / CPU time: 1.680
Number of iterations: 20
--------------------------------------------------------------------
|               OPTIMIZING CANDIDATE TREE SET                      |
--------------------------------------------------------------------
Optimizing NNI: done in 0.058593 secs using 395.7% CPU
Optimizing NNI: done in 0.0339609 secs using 395% CPU
Optimizing NNI: done in 0.0349298 secs using 392.6% CPU
Optimizing NNI: done in 0.0548446 secs using 393% CPU
UPDATE BEST LOG-LIKELIHOOD: -12454.781
Optimizing NNI: done in 0.0487928 secs using 396.8% CPU
Optimizing NNI: done in 0.0413019 secs using 390.9% CPU
Optimizing NNI: done in 0.0338197 secs using 399.3% CPU
Optimizing NNI: done in 0.0528151 secs using 394.7% CPU
Optimizing NNI: done in 0.0539422 secs using 396% CPU
Optimizing NNI: done in 0.0486743 secs using 393.1% CPU
Iteration 30 / LogL: -12454.781 / Time: 0h:0m:4s (0h:0m:7s left)
Optimizing NNI: done in 0.0628589 secs using 395% CPU
Optimizing NNI: done in 0.057321 secs using 394.2% CPU
Optimizing NNI: done in 0.0500063 secs using 395.6% CPU
Optimizing NNI: done in 0.0453733 secs using 388.4% CPU
Optimizing NNI: done in 0.0499786 secs using 397.6% CPU
Optimizing NNI: done in 0.0561763 secs using 400.2% CPU
Optimizing NNI: done in 0.0684883 secs using 394% CPU
Optimizing NNI: done in 0.0464249 secs using 396.9% CPU
Optimizing NNI: done in 0.053614 secs using 394.1% CPU
Optimizing NNI: done in 0.0579196 secs using 394.4% CPU
Iteration 40 / LogL: -12454.786 / Time: 0h:0m:4s (0h:0m:6s left)
Optimizing NNI: done in 0.0489857 secs using 397.5% CPU
Optimizing NNI: done in 0.0509444 secs using 392.1% CPU
Optimizing NNI: done in 0.0571878 secs using 396.6% CPU
Optimizing NNI: done in 0.0592979 secs using 399.5% CPU
Optimizing NNI: done in 0.0285034 secs using 403% CPU
Optimizing NNI: done in 0.0562184 secs using 392.9% CPU
Optimizing NNI: done in 0.0407865 secs using 389.4% CPU
Optimizing NNI: done in 0.0374166 secs using 402.2% CPU
Optimizing NNI: done in 0.0454271 secs using 390.1% CPU
Optimizing NNI: done in 0.0358681 secs using 390.5% CPU
Iteration 50 / LogL: -12454.792 / Time: 0h:0m:5s (0h:0m:4s left)
Log-likelihood cutoff on original alignment: -12487.172
Optimizing NNI: done in 0.0397677 secs using 395.3% CPU
Optimizing NNI: done in 0.0555442 secs using 391% CPU
Optimizing NNI: done in 0.0761026 secs using 399.7% CPU
Optimizing NNI: done in 0.0478074 secs using 394.7% CPU
Optimizing NNI: done in 0.0465737 secs using 394% CPU
Optimizing NNI: done in 0.0522166 secs using 398.2% CPU
Optimizing NNI: done in 0.066707 secs using 388.6% CPU
Optimizing NNI: done in 0.0446417 secs using 386.6% CPU
Optimizing NNI: done in 0.0484646 secs using 395.3% CPU
Optimizing NNI: done in 0.0320448 secs using 393.6% CPU
Iteration 60 / LogL: -12454.781 / Time: 0h:0m:5s (0h:0m:3s left)
Optimizing NNI: done in 0.0306289 secs using 397.7% CPU
Optimizing NNI: done in 0.0304291 secs using 382.7% CPU
Optimizing NNI: done in 0.0519183 secs using 398.2% CPU
Optimizing NNI: done in 0.0532709 secs using 396.2% CPU
Optimizing NNI: done in 0.0601174 secs using 398.9% CPU
Optimizing NNI: done in 0.0553744 secs using 390.4% CPU
Optimizing NNI: done in 0.0730971 secs using 389% CPU
Optimizing NNI: done in 0.0412464 secs using 393.2% CPU
Optimizing NNI: done in 0.0294721 secs using 392.7% CPU
Optimizing NNI: done in 0.0284469 secs using 403.4% CPU
Iteration 70 / LogL: -12456.648 / Time: 0h:0m:6s (0h:0m:2s left)
Optimizing NNI: done in 0.0494056 secs using 390.9% CPU
Optimizing NNI: done in 0.0515919 secs using 394.2% CPU
Optimizing NNI: done in 0.0540612 secs using 393.7% CPU
Optimizing NNI: done in 0.0436437 secs using 393.3% CPU
Optimizing NNI: done in 0.0599909 secs using 396.1% CPU
Optimizing NNI: done in 0.0577728 secs using 386.7% CPU
Optimizing NNI: done in 0.0479126 secs using 396.2% CPU
Optimizing NNI: done in 0.0561682 secs using 398.6% CPU
Optimizing NNI: done in 0.0631919 secs using 396.8% CPU
Optimizing NNI: done in 0.048374 secs using 397.5% CPU
Iteration 80 / LogL: -12454.783 / Time: 0h:0m:6s (0h:0m:1s left)
Optimizing NNI: done in 0.04392 secs using 395.7% CPU
Optimizing NNI: done in 0.0623695 secs using 397.5% CPU
Optimizing NNI: done in 0.0702458 secs using 395.3% CPU
Optimizing NNI: done in 0.0452459 secs using 389.4% CPU
Optimizing NNI: done in 0.0350287 secs using 397.6% CPU
Optimizing NNI: done in 0.0506401 secs using 399.8% CPU
Optimizing NNI: done in 0.0412143 secs using 393.8% CPU
Optimizing NNI: done in 0.0280734 secs using 397.1% CPU
Optimizing NNI: done in 0.0423114 secs using 395.4% CPU
Optimizing NNI: done in 0.0551303 secs using 393.3% CPU
Iteration 90 / LogL: -12454.784 / Time: 0h:0m:7s (0h:0m:0s left)
Optimizing NNI: done in 0.0514386 secs using 393.2% CPU
Optimizing NNI: done in 0.056118 secs using 396.5% CPU
Optimizing NNI: done in 0.0548593 secs using 394.9% CPU
Optimizing NNI: done in 0.0654521 secs using 390.8% CPU
Optimizing NNI: done in 0.0405788 secs using 395.7% CPU
Optimizing NNI: done in 0.0329083 secs using 392.4% CPU
Optimizing NNI: done in 0.0471342 secs using 394.6% CPU
Optimizing NNI: done in 0.053096 secs using 395.1% CPU
Optimizing NNI: done in 0.05504 secs using 397.4% CPU
Optimizing NNI: done in 0.0587559 secs using 395.7% CPU
Iteration 100 / LogL: -12454.788 / Time: 0h:0m:7s (0h:0m:0s left)
Log-likelihood cutoff on original alignment: -12488.130
NOTE: Bootstrap correlation coefficient of split occurrence frequencies: 0.999
Optimizing NNI: done in 0.0314981 secs using 398.3% CPU
Optimizing NNI: done in 0.0394565 secs using 391.8% CPU
TREE SEARCH COMPLETED AFTER 102 ITERATIONS / Time: 0h:0m:8s

--------------------------------------------------------------------
|                    FINALIZING TREE SEARCH                        |
--------------------------------------------------------------------
Performs final model parameters optimization
Estimate model parameters (epsilon = 0.010)
1. Initial log-likelihood: -12454.781
Optimal log-likelihood: -12454.781
Rate parameters:  A-C: 1.00000  A-G: 2.94316  A-T: 1.00000  C-G: 1.00000  C-T: 2.94316  G-T: 1.00000
Base frequencies:  A: 0.243  C: 0.183  G: 0.229  T: 0.345
Gamma shape alpha: 2.000
Parameters optimization took 1 rounds (0.009 sec)
BEST SCORE FOUND : -12454.781
Creating bootstrap support values...
Split supports printed to NEXUS file results/07_phylogeny/Not_sex_linked/G6457.splits.nex
Total tree length: 0.975

Total number of iterations: 102
CPU time used for tree search: 22.964 sec (0h:0m:22s)
Wall-clock time used for tree search: 6.042 sec (0h:0m:6s)
Total CPU time used: 29.603 sec (0h:0m:29s)
Total wall-clock time used: 8.129 sec (0h:0m:8s)

Computing bootstrap consensus tree...
Reading input file results/07_phylogeny/Not_sex_linked/G6457.splits.nex...
22 taxa and 106 splits.
Consensus tree written to results/07_phylogeny/Not_sex_linked/G6457.contree
Reading input trees file results/07_phylogeny/Not_sex_linked/G6457.contree
Log-likelihood of consensus tree: -12454.781

Analysis results written to: 
  IQ-TREE report:                results/07_phylogeny/Not_sex_linked/G6457.iqtree
  Maximum-likelihood tree:       results/07_phylogeny/Not_sex_linked/G6457.treefile
  Likelihood distances:          results/07_phylogeny/Not_sex_linked/G6457.mldist

Ultrafast bootstrap approximation results written to:
  Split support values:          results/07_phylogeny/Not_sex_linked/G6457.splits.nex
  Consensus tree:                results/07_phylogeny/Not_sex_linked/G6457.contree
  Screen log file:               results/07_phylogeny/Not_sex_linked/G6457.log

Date and Time: Wed May 27 21:16:33 2026
