IQ-TREE version 3.0.1 for Linux x86 64-bit built Jul  9 2025
Developed by Bui Quang Minh, Thomas Wong, Nhan Ly-Trong, Huaiyan Ren
Contributed by Lam-Tung Nguyen, Dominik Schrempf, Chris Bielow,
Olga Chernomor, Michael Woodhams, Diep Thi Hoang, Heiko Schmidt

Host:    c0700a-s19.ufhpc (AVX2, FMA3, 1007 GB RAM)
Command: iqtree -s results/06_alignment/Not_sex_linked/trimmed/G6460.trimmed.aln --prefix results/07_phylogeny/Not_sex_linked/G6460 -m TEST -B 1000 -nt 4 -redo
Seed:    412207 (Using SPRNG - Scalable Parallel Random Number Generator)
Time:    Wed May 27 20:47:03 2026
Kernel:  AVX+FMA - 4 threads (8 CPU cores detected)

Reading alignment file results/06_alignment/Not_sex_linked/trimmed/G6460.trimmed.aln ... Fasta format detected
Reading fasta file: done in 0.00100279 secs using 47.57% CPU
Alignment most likely contains DNA/RNA sequences
Constructing alignment: done in 0.00144655 secs using 174.3% CPU
Alignment has 21 sequences with 2139 columns, 1023 distinct patterns
492 parsimony-informative, 726 singleton sites, 921 constant sites
                  Gap/Ambiguity  Composition  p-value
Analyzing sequences: done in 0.0140937 secs using 196.5% CPU
   1  S0005_G6460_R1_A    5.52%    passed     99.52%
   2  S0019_G6460_R1_A    2.76%    passed     98.51%
   3  S0020_G6460_R1_A    0.94%    passed     98.45%
   4  S0022_G6460_R1_A    0.42%    passed     93.82%
   5  S0018_G6460_R1_A    0.33%    passed     93.77%
   6  S0031_G6460_R1_A    0.56%    passed     98.61%
   7  S0037_G6460_R1_A    0.79%    passed     86.93%
   8  S0026_G6460_R1_A    1.40%    passed     78.34%
   9  S0017_G6460_R1_A    1.31%    passed     91.88%
  10  S0030_G6460_R1_A    2.81%    passed     98.71%
  11  S0028_G6460_R1_A    1.64%    passed     98.63%
  12  S0013_G6460_R1_A    1.45%    passed     81.53%
  13  S0046_G6460_R1_A    2.57%    passed     96.93%
  14  S0002_G6460_R1_A    4.21%    passed     99.55%
  15  S0021_G6460_R1_A    2.66%    passed     61.36%
  16  S0021_G6460_R2_A    3.41%    passed     71.83%
  17  S0016_G6460_R1_A    1.96%    passed     99.21%
  18  S0011_G6460_R1_A    5.28%    passed     96.46%
  19  S0004_G6460_R1_A    3.83%    passed     86.51%
  20  S0036_G6460_R1_A    5.42%    passed     94.33%
  21  S0012_G6460_R1_A    4.07%    passed     57.23%
****  TOTAL               2.54%  0 sequences failed composition chi2 test (p-value<5%; df=3)
Checking for duplicate sequences: done in 0.0199404 secs using 164.7% CPU


Create initial parsimony tree by phylogenetic likelihood library (PLL)... 0.003 seconds
Perform fast likelihood tree search using GTR+I+G model...
Estimate model parameters (epsilon = 5.000)
Perform nearest neighbor interchange...
Optimizing NNI: done in 0.013202 secs using 392.5% CPU
Estimate model parameters (epsilon = 1.000)
1. Initial log-likelihood: -13883.760
Optimal log-likelihood: -13882.891
Rate parameters:  A-C: 1.36851  A-G: 3.10909  A-T: 1.35159  C-G: 0.96399  C-T: 3.04796  G-T: 1.00000
Base frequencies:  A: 0.219  C: 0.195  G: 0.245  T: 0.341
Proportion of invariable sites: 0.182
Gamma shape alpha: 2.254
Parameters optimization took 1 rounds (0.015 sec)
Time for fast ML tree search: 1.586 seconds

NOTE: ModelFinder requires 6 MB RAM!
ModelFinder will test up to 176 DNA models (sample size: 2139 epsilon: 0.100) ...
 No. Model         -LnL         df  AIC          AICc         BIC
  1  JC            14344.798    39  28767.597    28769.083    28988.652
  2  JC+I          14227.191    40  28534.382    28535.945    28761.105
  3  JC+G4         14175.363    40  28430.727    28432.290    28657.451
  4  JC+I+G4       14177.834    41  28437.668    28439.310    28670.060
  7  JC+G4         14175.363    40  28430.727    28432.290    28657.451
 11  F81+G4        14175.364    40  28430.727    28432.291    28657.451
 15  F81+F+G4      14113.980    43  28313.961    28315.767    28557.689
 19  K2P+G4        13964.629    41  28011.258    28012.900    28243.649
 23  K2P+G4        13964.629    41  28011.257    28012.900    28243.649
 27  HKY+G4        13964.629    41  28011.257    28012.900    28243.649
 31  HKY+F+G4      13885.277    44  27858.555    27860.446    28107.951
 35  TNe+G4        13963.943    42  28011.886    28013.609    28249.946
 39  TNe+G4        13963.943    42  28011.886    28013.609    28249.946
 43  TN+G4         13963.943    42  28011.886    28013.609    28249.946
 47  TN+F+G4       13885.261    45  27860.523    27862.501    28115.587
 51  K3P+G4        13964.505    42  28013.011    28014.734    28251.071
 55  K3P+G4        13964.505    42  28013.011    28014.734    28251.071
 59  K3Pu+G4       13964.505    42  28013.011    28014.734    28251.071
 63  K3Pu+F+G4     13884.808    45  27859.617    27861.595    28114.681
 67  TPM2+G4       13959.217    42  28002.434    28004.157    28240.494
 71  TPM2+G4       13959.217    42  28002.434    28004.157    28240.494
 75  TPM2u+G4      13959.217    42  28002.434    28004.157    28240.493
 79  TPM2u+F+G4    13875.278    45  27840.556    27842.534    28095.620
 83  TPM3+G4       13949.859    42  27983.718    27985.442    28221.778
 87  TPM3+G4       13949.859    42  27983.718    27985.442    28221.778
 91  TPM3u+G4      13949.858    42  27983.715    27985.439    28221.775
 95  TPM3u+F+G4    13885.275    45  27860.550    27862.528    28115.614
 99  TIMe+G4       13963.819    43  28013.639    28015.445    28257.367
103  TIMe+G4       13963.819    43  28013.639    28015.445    28257.367
107  TIM+G4        13963.819    43  28013.638    28015.445    28257.366
111  TIM+F+G4      13884.793    46  27861.586    27863.653    28122.318
115  TIM2e+G4      13958.521    43  28003.042    28004.849    28246.770
119  TIM2e+G4      13958.521    43  28003.042    28004.849    28246.770
123  TIM2+G4       13958.521    43  28003.041    28004.848    28246.770
127  TIM2+F+G4     13875.255    46  27842.510    27844.577    28103.242
131  TIM3e+G4      13948.945    43  27983.890    27985.696    28227.618
135  TIM3e+G4      13948.945    43  27983.890    27985.696    28227.618
139  TIM3+G4       13948.944    43  27983.887    27985.694    28227.615
143  TIM3+F+G4     13885.259    46  27862.517    27864.584    28123.250
147  TVMe+G4       13944.422    44  27976.844    27978.736    28226.241
151  TVMe+G4       13944.422    44  27976.844    27978.736    28226.241
155  TVM+G4        13944.421    44  27976.842    27978.733    28226.238
159  TVM+F+G4      13875.224    47  27844.449    27846.606    28110.849
163  SYM+G4        13943.496    45  27976.992    27978.970    28232.056
167  SYM+G4        13943.496    45  27976.992    27978.970    28232.056
171  GTR+G4        13943.496    45  27976.992    27978.970    28232.056
175  GTR+F+G4      13875.199    48  27846.399    27848.650    28118.467
Akaike Information Criterion:           TPM2u+F+G4
Corrected Akaike Information Criterion: TPM2u+F+G4
Bayesian Information Criterion:         TPM2u+F+G4
Best-fit model: TPM2u+F+G4 chosen according to BIC

All model information printed to results/07_phylogeny/Not_sex_linked/G6460.model.gz
CPU time for ModelFinder: 6.297 seconds (0h:0m:6s)
Wall-clock time for ModelFinder: 2.335 seconds (0h:0m:2s)
Generating 1000 samples for ultrafast bootstrap (seed: 412207)...

NOTE: 6 MB RAM (0 GB) is required!
Estimate model parameters (epsilon = 0.100)
1. Initial log-likelihood: -13875.285
Optimal log-likelihood: -13875.278
Rate parameters:  A-C: 1.37943  A-G: 3.12308  A-T: 1.37943  C-G: 1.00000  C-T: 3.12308  G-T: 1.00000
Base frequencies:  A: 0.219  C: 0.195  G: 0.245  T: 0.341
Gamma shape alpha: 1.128
Parameters optimization took 1 rounds (0.011 sec)
Wrote distance file to... 
Computing ML distances based on estimated model parameters...
Calculating distance matrix: done in 0.00110685 secs using 429.2% CPU
Computing ML distances took 0.001282 sec (of wall-clock time) 0.007899 sec (of CPU time)
Setting up auxiliary I and S matrices: done in 0.00285643 secs using 144.2% CPU
Constructing RapidNJ tree: done in 0.602994 secs using 207.3% CPU
Computing RapidNJ tree took 0.605951 sec (of wall-clock time) 1.255069 sec (of CPU time)
Log-likelihood of RapidNJ tree: -13898.364
--------------------------------------------------------------------
|             INITIALIZING CANDIDATE TREE SET                      |
--------------------------------------------------------------------
Generating 98 parsimony trees... 0.255 second
Computing log-likelihood of 98 initial trees ... 0.395 seconds
Current best score: -13866.372

Do NNI search on 20 best initial trees
Optimizing NNI: done in 0.0420019 secs using 391.7% CPU
Estimate model parameters (epsilon = 0.100)
BETTER TREE FOUND at iteration 1: -13861.714
Optimizing NNI: done in 0.0485992 secs using 387.3% CPU
Optimizing NNI: done in 0.0492727 secs using 395.6% CPU
Optimizing NNI: done in 0.0601576 secs using 393.4% CPU
Optimizing NNI: done in 0.0441907 secs using 394% CPU
Optimizing NNI: done in 0.0702354 secs using 391% CPU
Optimizing NNI: done in 0.0704605 secs using 385.8% CPU
Optimizing NNI: done in 0.0752071 secs using 395.1% CPU
Optimizing NNI: done in 0.0515759 secs using 394% CPU
Optimizing NNI: done in 0.0452275 secs using 395.9% CPU
Iteration 10 / LogL: -13861.715 / Time: 0h:0m:4s
Optimizing NNI: done in 0.0683127 secs using 392% CPU
Optimizing NNI: done in 0.0936919 secs using 394.4% CPU
Optimizing NNI: done in 0.0533269 secs using 390.2% CPU
Optimizing NNI: done in 0.0472172 secs using 389.9% CPU
Optimizing NNI: done in 0.0494135 secs using 390.2% CPU
Optimizing NNI: done in 0.0472716 secs using 395.9% CPU
Optimizing NNI: done in 0.0551172 secs using 388.2% CPU
Optimizing NNI: done in 0.0649948 secs using 389.9% CPU
Optimizing NNI: done in 0.0714067 secs using 388.8% CPU
Optimizing NNI: done in 0.0512969 secs using 390.2% CPU
Iteration 20 / LogL: -13868.769 / Time: 0h:0m:4s
Finish initializing candidate tree set (9)
Current best tree score: -13861.714 / CPU time: 1.842
Number of iterations: 20
--------------------------------------------------------------------
|               OPTIMIZING CANDIDATE TREE SET                      |
--------------------------------------------------------------------
Optimizing NNI: done in 0.0484096 secs using 395.2% CPU
UPDATE BEST LOG-LIKELIHOOD: -13861.714
Optimizing NNI: done in 0.0513304 secs using 393.3% CPU
Optimizing NNI: done in 0.0553447 secs using 392.2% CPU
Optimizing NNI: done in 0.0433364 secs using 388.3% CPU
Optimizing NNI: done in 0.0684598 secs using 388.3% CPU
Optimizing NNI: done in 0.0661329 secs using 396.8% CPU
Optimizing NNI: done in 0.0598245 secs using 395.2% CPU
Optimizing NNI: done in 0.074745 secs using 392% CPU
Optimizing NNI: done in 0.0757507 secs using 392.2% CPU
Optimizing NNI: done in 0.0435333 secs using 391.8% CPU
Iteration 30 / LogL: -13861.891 / Time: 0h:0m:5s (0h:0m:7s left)
Optimizing NNI: done in 0.074955 secs using 388.4% CPU
Optimizing NNI: done in 0.0794245 secs using 391.1% CPU
Optimizing NNI: done in 0.0662202 secs using 396.9% CPU
Optimizing NNI: done in 0.106109 secs using 393.5% CPU
Optimizing NNI: done in 0.061627 secs using 391.4% CPU
Optimizing NNI: done in 0.0317388 secs using 387.6% CPU
Optimizing NNI: done in 0.0705507 secs using 388.1% CPU
Optimizing NNI: done in 0.0453566 secs using 399.8% CPU
Optimizing NNI: done in 0.0675147 secs using 391% CPU
Optimizing NNI: done in 0.0759829 secs using 393.6% CPU
Iteration 40 / LogL: -13861.717 / Time: 0h:0m:6s (0h:0m:6s left)
Optimizing NNI: done in 0.0549397 secs using 396% CPU
Optimizing NNI: done in 0.0664097 secs using 391.2% CPU
Optimizing NNI: done in 0.0649669 secs using 394.7% CPU
Optimizing NNI: done in 0.107845 secs using 396.1% CPU
Optimizing NNI: done in 0.094421 secs using 396.1% CPU
Optimizing NNI: done in 0.0617867 secs using 392% CPU
Optimizing NNI: done in 0.0583997 secs using 395.5% CPU
Optimizing NNI: done in 0.0626447 secs using 394.5% CPU
Optimizing NNI: done in 0.0926693 secs using 396.3% CPU
Optimizing NNI: done in 0.048883 secs using 397.9% CPU
Iteration 50 / LogL: -13861.730 / Time: 0h:0m:6s (0h:0m:4s left)
Log-likelihood cutoff on original alignment: -13889.722
Optimizing NNI: done in 0.0849547 secs using 392.1% CPU
Optimizing NNI: done in 0.0407105 secs using 392.1% CPU
Optimizing NNI: done in 0.0557743 secs using 396.8% CPU
Optimizing NNI: done in 0.0567407 secs using 393.3% CPU
Optimizing NNI: done in 0.0518469 secs using 394.4% CPU
Optimizing NNI: done in 0.0714414 secs using 394.2% CPU
Optimizing NNI: done in 0.0560211 secs using 392.2% CPU
Optimizing NNI: done in 0.0779446 secs using 391.2% CPU
Optimizing NNI: done in 0.0546177 secs using 390.5% CPU
UPDATE BEST LOG-LIKELIHOOD: -13861.714
Optimizing NNI: done in 0.142978 secs using 394% CPU
Iteration 60 / LogL: -13868.297 / Time: 0h:0m:7s (0h:0m:3s left)
Optimizing NNI: done in 0.0447465 secs using 392.8% CPU
Optimizing NNI: done in 0.0870286 secs using 395.4% CPU
Optimizing NNI: done in 0.0650699 secs using 389.6% CPU
Optimizing NNI: done in 0.0525196 secs using 396.6% CPU
Optimizing NNI: done in 0.059657 secs using 399.5% CPU
Optimizing NNI: done in 0.0472212 secs using 400.5% CPU
Optimizing NNI: done in 0.0804082 secs using 398.2% CPU
Optimizing NNI: done in 0.0992298 secs using 393.9% CPU
Optimizing NNI: done in 0.0642319 secs using 393.3% CPU
Optimizing NNI: done in 0.0542837 secs using 394.1% CPU
Iteration 70 / LogL: -13861.871 / Time: 0h:0m:8s (0h:0m:2s left)
Optimizing NNI: done in 0.0744779 secs using 390.3% CPU
Optimizing NNI: done in 0.031151 secs using 392.2% CPU
Optimizing NNI: done in 0.0853382 secs using 381.1% CPU
Optimizing NNI: done in 0.0541068 secs using 395.3% CPU
Optimizing NNI: done in 0.0675698 secs using 393.6% CPU
Optimizing NNI: done in 0.126377 secs using 391.7% CPU
Optimizing NNI: done in 0.0919489 secs using 393.1% CPU
Optimizing NNI: done in 0.0759931 secs using 395.5% CPU
Optimizing NNI: done in 0.0611765 secs using 392.4% CPU
Optimizing NNI: done in 0.0917646 secs using 397% CPU
Iteration 80 / LogL: -13861.715 / Time: 0h:0m:9s (0h:0m:1s left)
Optimizing NNI: done in 0.0649684 secs using 390% CPU
Optimizing NNI: done in 0.0870905 secs using 396.3% CPU
Optimizing NNI: done in 0.0679457 secs using 395% CPU
Optimizing NNI: done in 0.0848163 secs using 396% CPU
Optimizing NNI: done in 0.0910921 secs using 395.4% CPU
Optimizing NNI: done in 0.0746802 secs using 393.9% CPU
Optimizing NNI: done in 0.0889526 secs using 396.8% CPU
Optimizing NNI: done in 0.0874347 secs using 395.2% CPU
Optimizing NNI: done in 0.0891981 secs using 394.9% CPU
Optimizing NNI: done in 0.0933058 secs using 393.7% CPU
Iteration 90 / LogL: -13868.527 / Time: 0h:0m:10s (0h:0m:0s left)
Optimizing NNI: done in 0.0608279 secs using 395.3% CPU
Optimizing NNI: done in 0.0986222 secs using 394.8% CPU
Optimizing NNI: done in 0.0905986 secs using 394.7% CPU
Optimizing NNI: done in 0.0847366 secs using 398.7% CPU
Optimizing NNI: done in 0.137275 secs using 296.6% CPU
Optimizing NNI: done in 0.0923022 secs using 393.2% CPU
Optimizing NNI: done in 0.0933877 secs using 392.1% CPU
Optimizing NNI: done in 0.0581138 secs using 394.9% CPU
Estimate model parameters (epsilon = 0.100)
BETTER TREE FOUND at iteration 98: -13855.628
Optimizing NNI: done in 0.0794261 secs using 389.7% CPU
Optimizing NNI: done in 0.0990458 secs using 392.6% CPU
Iteration 100 / LogL: -13855.693 / Time: 0h:0m:11s (0h:0m:8s left)
Log-likelihood cutoff on original alignment: -13889.722
NOTE: Bootstrap correlation coefficient of split occurrence frequencies: 0.933
NOTE: UFBoot does not converge, continue at least 100 more iterations
Optimizing NNI: done in 0.0554618 secs using 393.1% CPU
Optimizing NNI: done in 0.0740706 secs using 388.9% CPU
Optimizing NNI: done in 0.0797755 secs using 391.9% CPU
Estimate model parameters (epsilon = 0.100)
BETTER TREE FOUND at iteration 103: -13855.154
Optimizing NNI: done in 0.0946291 secs using 394.3% CPU
Optimizing NNI: done in 0.0496906 secs using 397.2% CPU
Optimizing NNI: done in 0.100077 secs using 398.1% CPU
Estimate model parameters (epsilon = 0.100)
BETTER TREE FOUND at iteration 106: -13854.688
Optimizing NNI: done in 0.0790869 secs using 394.5% CPU
Optimizing NNI: done in 0.0575345 secs using 394.4% CPU
Optimizing NNI: done in 0.0791349 secs using 385.8% CPU
Optimizing NNI: done in 0.0632968 secs using 396% CPU
Iteration 110 / LogL: -13855.512 / Time: 0h:0m:11s (0h:0m:8s left)
Optimizing NNI: done in 0.0735819 secs using 392.5% CPU
Optimizing NNI: done in 0.058012 secs using 392.2% CPU
Optimizing NNI: done in 0.0776693 secs using 392.2% CPU
Optimizing NNI: done in 0.0848793 secs using 393.5% CPU
Optimizing NNI: done in 0.0560866 secs using 395.3% CPU
Optimizing NNI: done in 0.0534669 secs using 388.9% CPU
Optimizing NNI: done in 0.0687761 secs using 395.5% CPU
Optimizing NNI: done in 0.0729105 secs using 396.3% CPU
Optimizing NNI: done in 0.0800487 secs using 392.1% CPU
Optimizing NNI: done in 0.0928668 secs using 394.5% CPU
Iteration 120 / LogL: -13855.492 / Time: 0h:0m:12s (0h:0m:7s left)
Optimizing NNI: done in 0.0917418 secs using 393.7% CPU
Optimizing NNI: done in 0.113454 secs using 392% CPU
Optimizing NNI: done in 0.0723777 secs using 394.3% CPU
Optimizing NNI: done in 0.0557416 secs using 395.3% CPU
Optimizing NNI: done in 0.107139 secs using 396% CPU
Optimizing NNI: done in 0.0475338 secs using 391.7% CPU
Optimizing NNI: done in 0.076968 secs using 393.9% CPU
Optimizing NNI: done in 0.0749154 secs using 392.6% CPU
Optimizing NNI: done in 0.0535824 secs using 386.4% CPU
Optimizing NNI: done in 0.10514 secs using 394% CPU
Iteration 130 / LogL: -13855.304 / Time: 0h:0m:13s (0h:0m:6s left)
Optimizing NNI: done in 0.10361 secs using 394.5% CPU
Optimizing NNI: done in 0.0710031 secs using 397.1% CPU
Optimizing NNI: done in 0.0548699 secs using 392.4% CPU
Optimizing NNI: done in 0.0489898 secs using 394.6% CPU
Optimizing NNI: done in 0.081054 secs using 388.6% CPU
Optimizing NNI: done in 0.0682722 secs using 389.9% CPU
Optimizing NNI: done in 0.0754954 secs using 392.6% CPU
Optimizing NNI: done in 0.0879132 secs using 388.5% CPU
Optimizing NNI: done in 0.0645901 secs using 386.7% CPU
Optimizing NNI: done in 0.0614117 secs using 390.4% CPU
Iteration 140 / LogL: -13855.742 / Time: 0h:0m:14s (0h:0m:5s left)
Optimizing NNI: done in 0.0963003 secs using 393.2% CPU
Optimizing NNI: done in 0.125913 secs using 395% CPU
Optimizing NNI: done in 0.0986944 secs using 391.1% CPU
Optimizing NNI: done in 0.0469208 secs using 393.2% CPU
Optimizing NNI: done in 0.0662034 secs using 393.1% CPU
Optimizing NNI: done in 0.0720572 secs using 392.6% CPU
Optimizing NNI: done in 0.0547878 secs using 387.5% CPU
Optimizing NNI: done in 0.0815314 secs using 389.7% CPU
Optimizing NNI: done in 0.0604623 secs using 397.9% CPU
Optimizing NNI: done in 0.0966687 secs using 396.1% CPU
Iteration 150 / LogL: -13855.339 / Time: 0h:0m:15s (0h:0m:4s left)
Log-likelihood cutoff on original alignment: -13884.503
Optimizing NNI: done in 0.0659966 secs using 391.9% CPU
Optimizing NNI: done in 0.0951276 secs using 395.8% CPU
Optimizing NNI: done in 0.0641911 secs using 390.2% CPU
Estimate model parameters (epsilon = 0.100)
BETTER TREE FOUND at iteration 153: -13850.572
Optimizing NNI: done in 0.0730689 secs using 394.1% CPU
Optimizing NNI: done in 0.0549409 secs using 394% CPU
Optimizing NNI: done in 0.0738312 secs using 388.7% CPU
Optimizing NNI: done in 0.0613552 secs using 392.4% CPU
Optimizing NNI: done in 0.0541716 secs using 394.7% CPU
Optimizing NNI: done in 0.0714839 secs using 391.1% CPU
Optimizing NNI: done in 0.0576152 secs using 390.5% CPU
Iteration 160 / LogL: -13854.824 / Time: 0h:0m:15s (0h:0m:7s left)
Optimizing NNI: done in 0.0660019 secs using 395.8% CPU
Optimizing NNI: done in 0.0637819 secs using 393.8% CPU
Optimizing NNI: done in 0.083277 secs using 391.6% CPU
Optimizing NNI: done in 0.0472137 secs using 393.8% CPU
Optimizing NNI: done in 0.066465 secs using 392.3% CPU
Optimizing NNI: done in 0.0807958 secs using 395.7% CPU
Estimate model parameters (epsilon = 0.100)
BETTER TREE FOUND at iteration 166: -13849.942
Optimizing NNI: done in 0.0686663 secs using 398.9% CPU
Optimizing NNI: done in 0.0291096 secs using 396.4% CPU
Optimizing NNI: done in 0.0575953 secs using 398.6% CPU
Optimizing NNI: done in 0.0711491 secs using 395.2% CPU
Iteration 170 / LogL: -13854.533 / Time: 0h:0m:16s (0h:0m:8s left)
Optimizing NNI: done in 0.0634396 secs using 392.1% CPU
Optimizing NNI: done in 0.0896372 secs using 391.9% CPU
Optimizing NNI: done in 0.0870536 secs using 391.6% CPU
Optimizing NNI: done in 0.051218 secs using 391.7% CPU
Optimizing NNI: done in 0.0593832 secs using 397.2% CPU
Optimizing NNI: done in 0.0493254 secs using 391.2% CPU
UPDATE BEST LOG-LIKELIHOOD: -13849.941
Optimizing NNI: done in 0.0559845 secs using 391.7% CPU
Optimizing NNI: done in 0.0583066 secs using 394.2% CPU
Optimizing NNI: done in 0.0509485 secs using 395.7% CPU
Optimizing NNI: done in 0.0983926 secs using 389.9% CPU
Estimate model parameters (epsilon = 0.100)
BETTER TREE FOUND at iteration 180: -13849.518
Iteration 180 / LogL: -13849.518 / Time: 0h:0m:17s (0h:0m:8s left)
Optimizing NNI: done in 0.0778389 secs using 395.2% CPU
Optimizing NNI: done in 0.0640163 secs using 395.3% CPU
Optimizing NNI: done in 0.0623066 secs using 389.3% CPU
Optimizing NNI: done in 0.0482218 secs using 391.6% CPU
Optimizing NNI: done in 0.0559616 secs using 397.3% CPU
Optimizing NNI: done in 0.0453223 secs using 399.6% CPU
Optimizing NNI: done in 0.101277 secs using 396.6% CPU
Optimizing NNI: done in 0.0406699 secs using 387.5% CPU
Optimizing NNI: done in 0.0872233 secs using 394.2% CPU
Optimizing NNI: done in 0.0672046 secs using 390.4% CPU
Iteration 190 / LogL: -13856.502 / Time: 0h:0m:18s (0h:0m:7s left)
Optimizing NNI: done in 0.076987 secs using 396.3% CPU
Optimizing NNI: done in 0.0735454 secs using 392.2% CPU
Optimizing NNI: done in 0.0587313 secs using 384.8% CPU
Optimizing NNI: done in 0.0606711 secs using 392.6% CPU
Optimizing NNI: done in 0.0855145 secs using 395.4% CPU
Optimizing NNI: done in 0.0711362 secs using 391.1% CPU
Optimizing NNI: done in 0.0771545 secs using 393.9% CPU
Optimizing NNI: done in 0.0503757 secs using 393.2% CPU
Optimizing NNI: done in 0.0706676 secs using 395.8% CPU
Optimizing NNI: done in 0.0894478 secs using 396.9% CPU
Iteration 200 / LogL: -13849.518 / Time: 0h:0m:18s (0h:0m:6s left)
Log-likelihood cutoff on original alignment: -13884.508
NOTE: Bootstrap correlation coefficient of split occurrence frequencies: 0.865
NOTE: UFBoot does not converge, continue at least 100 more iterations
Optimizing NNI: done in 0.0786966 secs using 392% CPU
Optimizing NNI: done in 0.143335 secs using 393.8% CPU
Optimizing NNI: done in 0.0686748 secs using 391.6% CPU
Optimizing NNI: done in 0.0805658 secs using 399% CPU
Optimizing NNI: done in 0.0412369 secs using 400.3% CPU
Optimizing NNI: done in 0.0810695 secs using 393.2% CPU
Optimizing NNI: done in 0.0648636 secs using 394.4% CPU
Optimizing NNI: done in 0.0657691 secs using 393.4% CPU
Optimizing NNI: done in 0.0510206 secs using 393.1% CPU
Optimizing NNI: done in 0.045108 secs using 394.6% CPU
Iteration 210 / LogL: -13849.949 / Time: 0h:0m:19s (0h:0m:7s left)
Optimizing NNI: done in 0.0477969 secs using 396.2% CPU
Optimizing NNI: done in 0.0520356 secs using 393% CPU
Optimizing NNI: done in 0.0530106 secs using 387.6% CPU
Optimizing NNI: done in 0.0572507 secs using 392.5% CPU
Optimizing NNI: done in 0.0602109 secs using 396.2% CPU
Optimizing NNI: done in 0.0666957 secs using 389.5% CPU
Optimizing NNI: done in 0.0701044 secs using 396.9% CPU
Optimizing NNI: done in 0.0575567 secs using 399.4% CPU
Optimizing NNI: done in 0.0401981 secs using 398.5% CPU
Optimizing NNI: done in 0.0707578 secs using 392.7% CPU
Iteration 220 / LogL: -13849.975 / Time: 0h:0m:20s (0h:0m:6s left)
Optimizing NNI: done in 0.0619178 secs using 392.9% CPU
Optimizing NNI: done in 0.0522231 secs using 399.6% CPU
Optimizing NNI: done in 0.025913 secs using 398.3% CPU
Optimizing NNI: done in 0.0720336 secs using 395.7% CPU
UPDATE BEST LOG-LIKELIHOOD: -13849.518
Optimizing NNI: done in 0.0697784 secs using 396.6% CPU
Optimizing NNI: done in 0.0642821 secs using 394.3% CPU
Optimizing NNI: done in 0.0695079 secs using 389.3% CPU
Optimizing NNI: done in 0.0713499 secs using 393.1% CPU
Optimizing NNI: done in 0.0822902 secs using 395.1% CPU
Optimizing NNI: done in 0.0599194 secs using 394.5% CPU
Iteration 230 / LogL: -13849.518 / Time: 0h:0m:20s (0h:0m:5s left)
Optimizing NNI: done in 0.0869977 secs using 394.9% CPU
Optimizing NNI: done in 0.0825561 secs using 391.9% CPU
Optimizing NNI: done in 0.0558394 secs using 390.9% CPU
Optimizing NNI: done in 0.077078 secs using 395.7% CPU
Optimizing NNI: done in 0.0519526 secs using 395.6% CPU
Optimizing NNI: done in 0.0625572 secs using 391.5% CPU
Optimizing NNI: done in 0.0807392 secs using 398% CPU
Optimizing NNI: done in 0.0751528 secs using 392.7% CPU
Optimizing NNI: done in 0.0631375 secs using 395.3% CPU
Optimizing NNI: done in 0.0503385 secs using 389.4% CPU
Iteration 240 / LogL: -13849.961 / Time: 0h:0m:21s (0h:0m:4s left)
Optimizing NNI: done in 0.0485833 secs using 393.6% CPU
Optimizing NNI: done in 0.0565392 secs using 394.2% CPU
Optimizing NNI: done in 0.0458363 secs using 396.1% CPU
Optimizing NNI: done in 0.0496525 secs using 395.8% CPU
Optimizing NNI: done in 0.0537099 secs using 391.7% CPU
Optimizing NNI: done in 0.0958859 secs using 395.5% CPU
Optimizing NNI: done in 0.0764625 secs using 394.2% CPU
Optimizing NNI: done in 0.0727196 secs using 391.8% CPU
Optimizing NNI: done in 0.0840506 secs using 396.9% CPU
Optimizing NNI: done in 0.0683499 secs using 388.8% CPU
Iteration 250 / LogL: -13849.528 / Time: 0h:0m:22s (0h:0m:4s left)
Log-likelihood cutoff on original alignment: -13884.508
Optimizing NNI: done in 0.0947933 secs using 391.4% CPU
Optimizing NNI: done in 0.0688413 secs using 393.1% CPU
Optimizing NNI: done in 0.0493312 secs using 394.7% CPU
Optimizing NNI: done in 0.0844141 secs using 333.3% CPU
Optimizing NNI: done in 0.0490377 secs using 393.1% CPU
Optimizing NNI: done in 0.063688 secs using 397.5% CPU
Optimizing NNI: done in 0.0760047 secs using 392.3% CPU
Optimizing NNI: done in 0.0677542 secs using 392.8% CPU
Optimizing NNI: done in 0.0659813 secs using 396.1% CPU
Optimizing NNI: done in 0.047713 secs using 397.1% CPU
Iteration 260 / LogL: -13849.592 / Time: 0h:0m:23s (0h:0m:3s left)
Optimizing NNI: done in 0.0658407 secs using 390.7% CPU
Optimizing NNI: done in 0.0683668 secs using 392.9% CPU
Optimizing NNI: done in 0.0625229 secs using 395.2% CPU
Optimizing NNI: done in 0.0880015 secs using 391.6% CPU
Optimizing NNI: done in 0.0636905 secs using 390.7% CPU
Optimizing NNI: done in 0.0923439 secs using 395% CPU
UPDATE BEST LOG-LIKELIHOOD: -13849.518
Optimizing NNI: done in 0.0611024 secs using 392.1% CPU
Optimizing NNI: done in 0.0532177 secs using 390.6% CPU
Optimizing NNI: done in 0.0331849 secs using 395.8% CPU
Optimizing NNI: done in 0.054918 secs using 394.4% CPU
Iteration 270 / LogL: -13851.028 / Time: 0h:0m:23s (0h:0m:2s left)
Optimizing NNI: done in 0.0439031 secs using 391.4% CPU
Optimizing NNI: done in 0.0486653 secs using 391.4% CPU
Optimizing NNI: done in 0.0750587 secs using 390.5% CPU
Optimizing NNI: done in 0.080603 secs using 387.8% CPU
Optimizing NNI: done in 0.0818855 secs using 394.3% CPU
UPDATE BEST LOG-LIKELIHOOD: -13849.517
Optimizing NNI: done in 0.0868964 secs using 396.8% CPU
Optimizing NNI: done in 0.0666071 secs using 391.8% CPU
Optimizing NNI: done in 0.0586148 secs using 397.8% CPU
Optimizing NNI: done in 0.0880621 secs using 396.2% CPU
Optimizing NNI: done in 0.0899694 secs using 395.5% CPU
Iteration 280 / LogL: -13849.646 / Time: 0h:0m:24s (0h:0m:1s left)
Optimizing NNI: done in 0.0882269 secs using 394.4% CPU
Optimizing NNI: done in 0.0649724 secs using 396% CPU
Optimizing NNI: done in 0.0520298 secs using 397.5% CPU
Optimizing NNI: done in 0.0842891 secs using 392.9% CPU
Optimizing NNI: done in 0.0772755 secs using 393% CPU
Optimizing NNI: done in 0.0790185 secs using 396.1% CPU
Optimizing NNI: done in 0.0542133 secs using 393.9% CPU
Optimizing NNI: done in 0.0330393 secs using 387.9% CPU
Optimizing NNI: done in 0.0745824 secs using 392.4% CPU
Optimizing NNI: done in 0.0952241 secs using 394.7% CPU
Iteration 290 / LogL: -13849.524 / Time: 0h:0m:25s (0h:0m:0s left)
Optimizing NNI: done in 0.077949 secs using 396.3% CPU
Optimizing NNI: done in 0.0945821 secs using 397.6% CPU
Optimizing NNI: done in 0.175122 secs using 324.8% CPU
Optimizing NNI: done in 0.0838267 secs using 394.4% CPU
Optimizing NNI: done in 0.593665 secs using 305.7% CPU
Optimizing NNI: done in 0.0903018 secs using 356.1% CPU
Optimizing NNI: done in 0.0730426 secs using 397.4% CPU
Optimizing NNI: done in 0.0678168 secs using 391% CPU
Optimizing NNI: done in 0.0697585 secs using 395.7% CPU
Optimizing NNI: done in 0.0527289 secs using 387.9% CPU
Iteration 300 / LogL: -13849.957 / Time: 0h:0m:26s (0h:0m:0s left)
Log-likelihood cutoff on original alignment: -13884.508
NOTE: Bootstrap correlation coefficient of split occurrence frequencies: 0.933
NOTE: UFBoot does not converge, continue at least 100 more iterations
Optimizing NNI: done in 0.0389575 secs using 391.8% CPU
Optimizing NNI: done in 0.0649757 secs using 396.4% CPU
Optimizing NNI: done in 0.0723316 secs using 394.8% CPU
Optimizing NNI: done in 0.0933413 secs using 398.7% CPU
Optimizing NNI: done in 0.09357 secs using 398.2% CPU
Optimizing NNI: done in 0.0785372 secs using 392% CPU
Optimizing NNI: done in 0.0787153 secs using 398.4% CPU
Optimizing NNI: done in 0.0669382 secs using 397.8% CPU
Optimizing NNI: done in 0.0752143 secs using 395.1% CPU
Optimizing NNI: done in 0.0692082 secs using 396.7% CPU
Iteration 310 / LogL: -13849.519 / Time: 0h:0m:27s (0h:0m:7s left)
Optimizing NNI: done in 0.0492566 secs using 393.9% CPU
Optimizing NNI: done in 0.0674274 secs using 399.7% CPU
Optimizing NNI: done in 0.101706 secs using 393.4% CPU
Optimizing NNI: done in 0.0832154 secs using 394.5% CPU
Optimizing NNI: done in 0.0696328 secs using 397.8% CPU
Optimizing NNI: done in 0.0365218 secs using 387.9% CPU
Optimizing NNI: done in 0.0750336 secs using 394.7% CPU
Optimizing NNI: done in 0.0739011 secs using 395.4% CPU
Optimizing NNI: done in 0.0519467 secs using 392.2% CPU
Optimizing NNI: done in 0.0785282 secs using 393.2% CPU
Iteration 320 / LogL: -13850.599 / Time: 0h:0m:28s (0h:0m:6s left)
Optimizing NNI: done in 0.0604165 secs using 392.5% CPU
Optimizing NNI: done in 0.0589311 secs using 398.2% CPU
Optimizing NNI: done in 0.0568546 secs using 398.6% CPU
Optimizing NNI: done in 0.0860663 secs using 396.1% CPU
Optimizing NNI: done in 0.0738507 secs using 395.4% CPU
Optimizing NNI: done in 0.0978871 secs using 394.9% CPU
UPDATE BEST LOG-LIKELIHOOD: -13849.517
Optimizing NNI: done in 0.0841805 secs using 395.8% CPU
Optimizing NNI: done in 0.0881587 secs using 396% CPU
Optimizing NNI: done in 0.0680225 secs using 393.2% CPU
Optimizing NNI: done in 0.12062 secs using 393.6% CPU
Iteration 330 / LogL: -13850.600 / Time: 0h:0m:29s (0h:0m:5s left)
Optimizing NNI: done in 0.0506549 secs using 399.6% CPU
Optimizing NNI: done in 0.0669337 secs using 394.9% CPU
Optimizing NNI: done in 0.0883202 secs using 395.3% CPU
Optimizing NNI: done in 0.098329 secs using 396.5% CPU
Optimizing NNI: done in 0.0518417 secs using 394.7% CPU
Optimizing NNI: done in 0.0735387 secs using 395.6% CPU
Optimizing NNI: done in 0.0813904 secs using 398.7% CPU
Optimizing NNI: done in 0.0483897 secs using 388.9% CPU
Optimizing NNI: done in 0.0661683 secs using 393.6% CPU
Optimizing NNI: done in 0.0665136 secs using 393.9% CPU
Iteration 340 / LogL: -13849.518 / Time: 0h:0m:30s (0h:0m:4s left)
Optimizing NNI: done in 0.0551595 secs using 394.8% CPU
Optimizing NNI: done in 0.056393 secs using 398.9% CPU
Optimizing NNI: done in 0.0655857 secs using 391.8% CPU
Optimizing NNI: done in 0.0857249 secs using 393.9% CPU
Optimizing NNI: done in 0.0711877 secs using 394.1% CPU
Optimizing NNI: done in 0.0791525 secs using 394.3% CPU
Optimizing NNI: done in 0.0540784 secs using 395.3% CPU
Optimizing NNI: done in 0.0856846 secs using 396.4% CPU
Optimizing NNI: done in 0.0593944 secs using 395.8% CPU
Optimizing NNI: done in 0.0677706 secs using 387% CPU
Iteration 350 / LogL: -13849.950 / Time: 0h:0m:30s (0h:0m:4s left)
Log-likelihood cutoff on original alignment: -13884.508
Optimizing NNI: done in 0.0854708 secs using 394.7% CPU
Optimizing NNI: done in 0.0818599 secs using 394.4% CPU
Optimizing NNI: done in 0.0552255 secs using 394.8% CPU
Optimizing NNI: done in 0.079485 secs using 398.4% CPU
Optimizing NNI: done in 0.0595817 secs using 399.7% CPU
Optimizing NNI: done in 0.0816229 secs using 399% CPU
Optimizing NNI: done in 0.092571 secs using 396.9% CPU
Optimizing NNI: done in 0.0802012 secs using 395.7% CPU
Optimizing NNI: done in 0.0591291 secs using 393.6% CPU
Optimizing NNI: done in 0.0678668 secs using 393.9% CPU
Iteration 360 / LogL: -13849.523 / Time: 0h:0m:31s (0h:0m:3s left)
Optimizing NNI: done in 0.0687622 secs using 391.5% CPU
Optimizing NNI: done in 0.0777528 secs using 397.5% CPU
Optimizing NNI: done in 0.107773 secs using 397.5% CPU
Optimizing NNI: done in 0.0744252 secs using 398.7% CPU
Optimizing NNI: done in 0.087463 secs using 398.6% CPU
Optimizing NNI: done in 0.0476455 secs using 399.5% CPU
Optimizing NNI: done in 0.0918597 secs using 391.6% CPU
Optimizing NNI: done in 0.0688203 secs using 393.2% CPU
Optimizing NNI: done in 0.0701771 secs using 395.9% CPU
Optimizing NNI: done in 0.0770427 secs using 394.2% CPU
Iteration 370 / LogL: -13849.951 / Time: 0h:0m:32s (0h:0m:2s left)
Optimizing NNI: done in 0.0951104 secs using 385.5% CPU
Optimizing NNI: done in 0.0822684 secs using 394.4% CPU
Optimizing NNI: done in 0.0834811 secs using 398.4% CPU
Optimizing NNI: done in 0.121069 secs using 397.7% CPU
Optimizing NNI: done in 0.0880952 secs using 394.1% CPU
Optimizing NNI: done in 0.0825437 secs using 396.8% CPU
Optimizing NNI: done in 0.0662733 secs using 393.4% CPU
Optimizing NNI: done in 0.0652992 secs using 394.8% CPU
Optimizing NNI: done in 0.0639649 secs using 393.2% CPU
Optimizing NNI: done in 0.0770986 secs using 393.5% CPU
Iteration 380 / LogL: -13849.518 / Time: 0h:0m:33s (0h:0m:1s left)
Optimizing NNI: done in 0.071488 secs using 395.7% CPU
Optimizing NNI: done in 0.0707493 secs using 395.9% CPU
Optimizing NNI: done in 0.0618439 secs using 396.7% CPU
Optimizing NNI: done in 0.0748481 secs using 395.8% CPU
Optimizing NNI: done in 0.0886968 secs using 396.5% CPU
Optimizing NNI: done in 0.0713462 secs using 396.4% CPU
Optimizing NNI: done in 0.0494429 secs using 395% CPU
Optimizing NNI: done in 0.0676664 secs using 391.8% CPU
Optimizing NNI: done in 0.0525236 secs using 392.7% CPU
Optimizing NNI: done in 0.0916419 secs using 397.4% CPU
Iteration 390 / LogL: -13850.601 / Time: 0h:0m:34s (0h:0m:0s left)
Optimizing NNI: done in 0.103131 secs using 355.6% CPU
Optimizing NNI: done in 0.0738953 secs using 392.5% CPU
Optimizing NNI: done in 0.0684136 secs using 394.5% CPU
Optimizing NNI: done in 0.085815 secs using 394% CPU
Optimizing NNI: done in 0.101053 secs using 396.5% CPU
Optimizing NNI: done in 0.0686032 secs using 395.3% CPU
Optimizing NNI: done in 0.0698408 secs using 396.8% CPU
Optimizing NNI: done in 0.140559 secs using 393.7% CPU
Optimizing NNI: done in 0.133514 secs using 395.9% CPU
Optimizing NNI: done in 0.0608023 secs using 398.6% CPU
Iteration 400 / LogL: -13849.521 / Time: 0h:0m:35s (0h:0m:0s left)
Log-likelihood cutoff on original alignment: -13884.503
NOTE: Bootstrap correlation coefficient of split occurrence frequencies: 0.999
TREE SEARCH COMPLETED AFTER 400 ITERATIONS / Time: 0h:0m:35s

--------------------------------------------------------------------
|                    FINALIZING TREE SEARCH                        |
--------------------------------------------------------------------
Performs final model parameters optimization
Estimate model parameters (epsilon = 0.010)
1. Initial log-likelihood: -13849.517
Optimal log-likelihood: -13849.517
Rate parameters:  A-C: 1.41965  A-G: 3.21444  A-T: 1.41965  C-G: 1.00000  C-T: 3.21444  G-T: 1.00000
Base frequencies:  A: 0.219  C: 0.195  G: 0.245  T: 0.341
Gamma shape alpha: 1.090
Parameters optimization took 1 rounds (0.012 sec)
BEST SCORE FOUND : -13849.517
Creating bootstrap support values...
Split supports printed to NEXUS file results/07_phylogeny/Not_sex_linked/G6460.splits.nex
Total tree length: 1.271

Total number of iterations: 400
CPU time used for tree search: 124.005 sec (0h:2m:4s)
Wall-clock time used for tree search: 32.171 sec (0h:0m:32s)
Total CPU time used: 131.993 sec (0h:2m:11s)
Total wall-clock time used: 35.303 sec (0h:0m:35s)

Computing bootstrap consensus tree...
Reading input file results/07_phylogeny/Not_sex_linked/G6460.splits.nex...
21 taxa and 311 splits.
Consensus tree written to results/07_phylogeny/Not_sex_linked/G6460.contree
Reading input trees file results/07_phylogeny/Not_sex_linked/G6460.contree
Log-likelihood of consensus tree: -13850.757

Analysis results written to: 
  IQ-TREE report:                results/07_phylogeny/Not_sex_linked/G6460.iqtree
  Maximum-likelihood tree:       results/07_phylogeny/Not_sex_linked/G6460.treefile
  Likelihood distances:          results/07_phylogeny/Not_sex_linked/G6460.mldist

Ultrafast bootstrap approximation results written to:
  Split support values:          results/07_phylogeny/Not_sex_linked/G6460.splits.nex
  Consensus tree:                results/07_phylogeny/Not_sex_linked/G6460.contree
  Screen log file:               results/07_phylogeny/Not_sex_linked/G6460.log

Date and Time: Wed May 27 20:47:38 2026
