IQ-TREE version 3.0.1 for Linux x86 64-bit built Jul  9 2025
Developed by Bui Quang Minh, Thomas Wong, Nhan Ly-Trong, Huaiyan Ren
Contributed by Lam-Tung Nguyen, Dominik Schrempf, Chris Bielow,
Olga Chernomor, Michael Woodhams, Diep Thi Hoang, Heiko Schmidt

Host:    c0700a-s19.ufhpc (AVX2, FMA3, 1007 GB RAM)
Command: iqtree -s results/06_alignment/Not_sex_linked/trimmed/G6499.trimmed.aln --prefix results/07_phylogeny/Not_sex_linked/G6499 -m TEST -B 1000 -nt 4 -redo
Seed:    687891 (Using SPRNG - Scalable Parallel Random Number Generator)
Time:    Wed May 27 21:30:20 2026
Kernel:  AVX+FMA - 4 threads (8 CPU cores detected)

Reading alignment file results/06_alignment/Not_sex_linked/trimmed/G6499.trimmed.aln ... Fasta format detected
Reading fasta file: done in 0.00120617 secs using 16.66% CPU
Alignment most likely contains DNA/RNA sequences
Constructing alignment: done in 0.00163985 secs using 152.3% CPU
Alignment has 23 sequences with 2150 columns, 1138 distinct patterns
539 parsimony-informative, 744 singleton sites, 867 constant sites
                  Gap/Ambiguity  Composition  p-value
Analyzing sequences: done in 0.0135411 secs using 198.6% CPU
   1  S0030_G6499_R2_A    1.44%    passed     80.67%
   2  S0021_G6499_R1_A    1.58%    passed     99.97%
   3  S0031_G6499_R1_A    0.09%    passed     96.25%
   4  S0046_G6499_R1_A    0.19%    passed     93.53%
   5  S0012_G6499_R1_A    4.70%    passed     97.66%
   6  S0037_G6499_R1_A    1.81%    passed     94.20%
   7  S0002_G6499_R1_A    2.88%    passed     92.30%
   8  S0019_G6499_R1_A    0.70%    passed     97.79%
   9  S0020_G6499_R1_A    1.81%    passed     95.58%
  10  S0011_G6499_R1_A    1.16%    passed     92.85%
  11  S0017_G6499_R1_A    2.56%    passed     72.24%
  12  S0026_G6499_R1_A    0.79%    passed     97.61%
  13  S0005_G6499_R1_A   11.44%    passed     66.97%
  14  S0004_G6499_R1_A    0.56%    passed     47.83%
  15  S0018_G6499_R1_A    1.67%    passed     89.53%
  16  S0028_G6499_R1_A    0.47%    passed     97.96%
  17  S0036_G6499_R1_A    0.51%    passed     73.12%
  18  S0022_G6499_R1_A    1.30%    passed     87.03%
  19  S0013_G6499_R1_A    1.26%    passed     90.78%
  20  S0048_G6499_R1_A    4.47%    passed     84.28%
  21  S0050_G6499_R1_A    1.12%    passed     93.70%
  22  S0030_G6499_R3_A    2.51%    passed     97.18%
  23  S0016_G6499_R1_A    1.81%    passed     86.32%
****  TOTAL               2.04%  0 sequences failed composition chi2 test (p-value<5%; df=3)
Checking for duplicate sequences: done in 0.0135046 secs using 199.7% CPU


Create initial parsimony tree by phylogenetic likelihood library (PLL)... 0.003 seconds
Perform fast likelihood tree search using GTR+I+G model...
Estimate model parameters (epsilon = 5.000)
Perform nearest neighbor interchange...
Optimizing NNI: done in 0.0909047 secs using 393.5% CPU
Estimate model parameters (epsilon = 1.000)
1. Initial log-likelihood: -15503.792
Optimal log-likelihood: -15502.800
Rate parameters:  A-C: 1.11934  A-G: 2.63259  A-T: 1.19527  C-G: 0.88556  C-T: 3.29426  G-T: 1.00000
Base frequencies:  A: 0.239  C: 0.217  G: 0.268  T: 0.277
Proportion of invariable sites: 0.167
Gamma shape alpha: 1.893
Parameters optimization took 1 rounds (0.021 sec)
Time for fast ML tree search: 0.208 seconds

NOTE: ModelFinder requires 7 MB RAM!
ModelFinder will test up to 176 DNA models (sample size: 2150 epsilon: 0.100) ...
 No. Model         -LnL         df  AIC          AICc         BIC
  1  JC            16064.546    43  32215.093    32216.889    32459.041
  2  JC+I          15900.501    44  31889.001    31890.883    32138.623
  3  JC+G4         15822.471    44  31732.943    31734.824    31982.564
  4  JC+I+G4       15825.050    45  31740.100    31742.068    31995.395
  7  JC+G4         15822.471    44  31732.943    31734.824    31982.564
 11  F81+G4        15822.471    44  31732.943    31734.824    31982.565
 15  F81+F+G4      15805.599    47  31705.198    31707.345    31971.840
 19  K2P+G4        15527.058    45  31144.116    31146.084    31399.411
 23  K2P+G4        15527.058    45  31144.116    31146.084    31399.411
 27  HKY+G4        15527.058    45  31144.116    31146.084    31399.411
 31  HKY+F+G4      15506.735    48  31109.470    31111.709    31381.785
 35  TNe+G4        15521.712    46  31135.424    31137.480    31396.392
 39  TNe+G4        15521.712    46  31135.424    31137.480    31396.392
 43  TN+G4         15521.712    46  31135.424    31137.480    31396.392
 47  TN+F+G4       15499.272    49  31096.544    31098.877    31374.532
 51  K3P+G4        15527.013    46  31146.027    31148.083    31406.995
 55  K3P+G4        15527.013    46  31146.027    31148.083    31406.995
 59  K3Pu+G4       15527.013    46  31146.027    31148.083    31406.995
 63  K3Pu+F+G4     15506.732    49  31111.464    31113.798    31389.452
 67  TPM2+G4       15525.253    46  31142.507    31144.563    31403.475
 71  TPM2+G4       15525.253    46  31142.507    31144.563    31403.475
 75  TPM2u+G4      15525.253    46  31142.507    31144.563    31403.475
 79  TPM2u+F+G4    15501.877    49  31101.753    31104.086    31379.741
 83  TPM3+G4       15519.728    46  31131.455    31133.511    31392.423
 87  TPM3+G4       15519.728    46  31131.455    31133.511    31392.423
 91  TPM3u+G4      15519.727    46  31131.454    31133.510    31392.422
 95  TPM3u+F+G4    15505.977    49  31109.955    31112.288    31387.943
 99  TIMe+G4       15521.666    47  31137.333    31139.479    31403.974
103  TIMe+G4       15521.666    47  31137.333    31139.479    31403.974
107  TIM+G4        15521.666    47  31137.333    31139.479    31403.974
111  TIM+F+G4      15499.270    50  31098.541    31100.970    31382.202
115  TIM2e+G4      15519.866    47  31133.732    31135.879    31400.374
119  TIM2e+G4      15519.866    47  31133.732    31135.879    31400.374
123  TIM2+G4       15519.866    47  31133.732    31135.879    31400.374
127  TIM2+F+G4     15494.481    50  31088.961    31091.391    31372.622
131  TIM3e+G4      15514.315    47  31122.629    31124.776    31389.271
135  TIM3e+G4      15514.315    47  31122.629    31124.776    31389.271
139  TIM3+G4       15514.314    47  31122.628    31124.774    31389.269
143  TIM3+F+G4     15498.609    50  31097.219    31099.649    31380.880
147  TVMe+G4       15517.818    48  31131.636    31133.875    31403.951
151  TVMe+G4       15517.818    48  31131.636    31133.875    31403.951
155  TVM+G4        15517.818    48  31131.636    31133.875    31403.950
159  TVM+F+G4      15501.034    51  31104.068    31106.596    31393.402
163  SYM+G4        15512.360    49  31122.720    31125.053    31400.708
167  SYM+G4        15512.360    49  31122.720    31125.053    31400.708
171  GTR+G4        15512.360    49  31122.720    31125.053    31400.708
175  GTR+F+G4      15493.734    52  31091.467    31094.096    31386.475
Akaike Information Criterion:           TIM2+F+G4
Corrected Akaike Information Criterion: TIM2+F+G4
Bayesian Information Criterion:         TIM2+F+G4
Best-fit model: TIM2+F+G4 chosen according to BIC

All model information printed to results/07_phylogeny/Not_sex_linked/G6499.model.gz
CPU time for ModelFinder: 4.605 seconds (0h:0m:4s)
Wall-clock time for ModelFinder: 1.175 seconds (0h:0m:1s)
Generating 1000 samples for ultrafast bootstrap (seed: 687891)...

NOTE: 7 MB RAM (0 GB) is required!
Estimate model parameters (epsilon = 0.100)
1. Initial log-likelihood: -15494.486
Optimal log-likelihood: -15494.483
Rate parameters:  A-C: 1.24456  A-G: 2.77285  A-T: 1.24456  C-G: 1.00000  C-T: 3.55086  G-T: 1.00000
Base frequencies:  A: 0.239  C: 0.217  G: 0.268  T: 0.277
Gamma shape alpha: 1.050
Parameters optimization took 1 rounds (0.012 sec)
Wrote distance file to... 
Computing ML distances based on estimated model parameters...
Calculating distance matrix: done in 0.000982089 secs using 427.8% CPU
Computing ML distances took 0.001096 sec (of wall-clock time) 0.004318 sec (of CPU time)
Setting up auxiliary I and S matrices: done in 0.0292359 secs using 296.4% CPU
Constructing RapidNJ tree: done in 0.886038 secs using 291.8% CPU
Computing RapidNJ tree took 0.918836 sec (of wall-clock time) 2.674320 sec (of CPU time)
Log-likelihood of RapidNJ tree: -15548.954
--------------------------------------------------------------------
|             INITIALIZING CANDIDATE TREE SET                      |
--------------------------------------------------------------------
Generating 98 parsimony trees... 0.309 second
Computing log-likelihood of 98 initial trees ... 0.478 seconds
Current best score: -15483.153

Do NNI search on 20 best initial trees
Optimizing NNI: done in 0.0474106 secs using 400.9% CPU
Estimate model parameters (epsilon = 0.100)
BETTER TREE FOUND at iteration 1: -15481.670
Optimizing NNI: done in 0.041771 secs using 392.1% CPU
Optimizing NNI: done in 0.0486133 secs using 389.7% CPU
Estimate model parameters (epsilon = 0.100)
BETTER TREE FOUND at iteration 3: -15478.296
Optimizing NNI: done in 0.0492764 secs using 385.5% CPU
Optimizing NNI: done in 0.0705565 secs using 397.9% CPU
Estimate model parameters (epsilon = 0.100)
BETTER TREE FOUND at iteration 5: -15474.528
Optimizing NNI: done in 0.0723524 secs using 391.8% CPU
Optimizing NNI: done in 0.070782 secs using 393.9% CPU
Optimizing NNI: done in 0.060761 secs using 398.8% CPU
Optimizing NNI: done in 0.0847378 secs using 392.4% CPU
Optimizing NNI: done in 0.0466177 secs using 389.4% CPU
Iteration 10 / LogL: -15488.782 / Time: 0h:0m:3s
Optimizing NNI: done in 0.102503 secs using 398.9% CPU
Optimizing NNI: done in 0.0451354 secs using 396.6% CPU
Optimizing NNI: done in 0.0673122 secs using 393% CPU
Optimizing NNI: done in 0.039696 secs using 399.9% CPU
Optimizing NNI: done in 0.0533487 secs using 395.5% CPU
Optimizing NNI: done in 0.0200433 secs using 392.1% CPU
Optimizing NNI: done in 0.0477329 secs using 393% CPU
Optimizing NNI: done in 0.0672069 secs using 396.6% CPU
Optimizing NNI: done in 0.0629428 secs using 393.2% CPU
Optimizing NNI: done in 0.077762 secs using 394.5% CPU
Iteration 20 / LogL: -15490.125 / Time: 0h:0m:4s
Finish initializing candidate tree set (14)
Current best tree score: -15474.528 / CPU time: 2.026
Number of iterations: 20
--------------------------------------------------------------------
|               OPTIMIZING CANDIDATE TREE SET                      |
--------------------------------------------------------------------
Optimizing NNI: done in 0.0799288 secs using 394.1% CPU
Optimizing NNI: done in 0.109452 secs using 391.7% CPU
Optimizing NNI: done in 0.0559227 secs using 390.7% CPU
Optimizing NNI: done in 0.0824035 secs using 394.6% CPU
Optimizing NNI: done in 0.0670118 secs using 394.3% CPU
Optimizing NNI: done in 0.0817761 secs using 389.7% CPU
Estimate model parameters (epsilon = 0.100)
BETTER TREE FOUND at iteration 26: -15474.232
Optimizing NNI: done in 0.054807 secs using 395% CPU
Optimizing NNI: done in 0.059949 secs using 397.8% CPU
Optimizing NNI: done in 0.0566224 secs using 397.8% CPU
Optimizing NNI: done in 0.0979467 secs using 393.5% CPU
Iteration 30 / LogL: -15474.533 / Time: 0h:0m:5s (0h:0m:12s left)
Optimizing NNI: done in 0.0942869 secs using 391.3% CPU
Optimizing NNI: done in 0.0899249 secs using 390.1% CPU
Optimizing NNI: done in 0.0719287 secs using 394.8% CPU
Optimizing NNI: done in 0.081241 secs using 396.6% CPU
Optimizing NNI: done in 0.0699399 secs using 396.1% CPU
Optimizing NNI: done in 0.0687094 secs using 395.6% CPU
Optimizing NNI: done in 0.0783541 secs using 394.7% CPU
Optimizing NNI: done in 0.0872119 secs using 393.1% CPU
Optimizing NNI: done in 0.0662189 secs using 394.9% CPU
Optimizing NNI: done in 0.0801756 secs using 395.5% CPU
Iteration 40 / LogL: -15475.282 / Time: 0h:0m:5s (0h:0m:10s left)
Optimizing NNI: done in 0.0556616 secs using 392.1% CPU
Optimizing NNI: done in 0.0956296 secs using 392.2% CPU
Optimizing NNI: done in 0.0855186 secs using 395.5% CPU
Optimizing NNI: done in 0.0756919 secs using 393.3% CPU
Optimizing NNI: done in 0.092498 secs using 399.1% CPU
Optimizing NNI: done in 0.0952579 secs using 392.7% CPU
Optimizing NNI: done in 0.0736572 secs using 397.7% CPU
Optimizing NNI: done in 0.0850296 secs using 395.1% CPU
Optimizing NNI: done in 0.0659508 secs using 394.6% CPU
Optimizing NNI: done in 0.104819 secs using 395.3% CPU
Iteration 50 / LogL: -15490.167 / Time: 0h:0m:6s (0h:0m:8s left)
Log-likelihood cutoff on original alignment: -15511.803
Optimizing NNI: done in 0.0723357 secs using 392.9% CPU
Optimizing NNI: done in 0.0779136 secs using 394% CPU
Optimizing NNI: done in 0.101398 secs using 393.3% CPU
Optimizing NNI: done in 0.0860104 secs using 396.2% CPU
Optimizing NNI: done in 0.106645 secs using 392.8% CPU
Optimizing NNI: done in 0.0818354 secs using 392% CPU
Optimizing NNI: done in 0.0589124 secs using 392.8% CPU
Optimizing NNI: done in 0.0996015 secs using 392.5% CPU
Estimate model parameters (epsilon = 0.100)
BETTER TREE FOUND at iteration 58: -15465.967
Optimizing NNI: done in 0.0740501 secs using 395.6% CPU
Optimizing NNI: done in 0.101794 secs using 391.2% CPU
Iteration 60 / LogL: -15465.971 / Time: 0h:0m:7s (0h:0m:10s left)
Optimizing NNI: done in 0.127785 secs using 394.9% CPU
Optimizing NNI: done in 0.0635915 secs using 396.3% CPU
Optimizing NNI: done in 0.0567052 secs using 399.2% CPU
Optimizing NNI: done in 0.0725153 secs using 395% CPU
Optimizing NNI: done in 0.0703803 secs using 395.9% CPU
Optimizing NNI: done in 0.0688487 secs using 392.3% CPU
Optimizing NNI: done in 0.0418475 secs using 391.4% CPU
Optimizing NNI: done in 0.0677885 secs using 391.1% CPU
Optimizing NNI: done in 0.105298 secs using 395.7% CPU
Optimizing NNI: done in 0.0568583 secs using 393.1% CPU
Iteration 70 / LogL: -15466.946 / Time: 0h:0m:8s (0h:0m:9s left)
Optimizing NNI: done in 0.0740586 secs using 393.4% CPU
Optimizing NNI: done in 0.0667279 secs using 388.2% CPU
Optimizing NNI: done in 0.0720864 secs using 393% CPU
Optimizing NNI: done in 0.0654716 secs using 398.5% CPU
Optimizing NNI: done in 0.0724077 secs using 391.9% CPU
Optimizing NNI: done in 0.0782528 secs using 392.7% CPU
Optimizing NNI: done in 0.0967467 secs using 398.1% CPU
Optimizing NNI: done in 0.0677588 secs using 398.5% CPU
Optimizing NNI: done in 0.0826046 secs using 394.2% CPU
Optimizing NNI: done in 0.079801 secs using 397.1% CPU
Iteration 80 / LogL: -15485.989 / Time: 0h:0m:9s (0h:0m:7s left)
Optimizing NNI: done in 0.0594326 secs using 398.7% CPU
Optimizing NNI: done in 0.0841284 secs using 393.6% CPU
Optimizing NNI: done in 0.0827285 secs using 392.5% CPU
Optimizing NNI: done in 0.0663898 secs using 398.7% CPU
Optimizing NNI: done in 0.0866368 secs using 391.9% CPU
Optimizing NNI: done in 0.0681823 secs using 396.7% CPU
Optimizing NNI: done in 0.141069 secs using 394.5% CPU
Optimizing NNI: done in 0.0736957 secs using 397.3% CPU
Optimizing NNI: done in 0.086181 secs using 394.5% CPU
Optimizing NNI: done in 0.0584683 secs using 393.4% CPU
Iteration 90 / LogL: -15468.821 / Time: 0h:0m:10s (0h:0m:6s left)
Optimizing NNI: done in 0.0738715 secs using 392.5% CPU
Optimizing NNI: done in 0.0959023 secs using 393.7% CPU
Optimizing NNI: done in 0.0779601 secs using 389.9% CPU
Optimizing NNI: done in 0.0566664 secs using 397.5% CPU
Optimizing NNI: done in 0.101088 secs using 395.4% CPU
Optimizing NNI: done in 0.0771231 secs using 394.4% CPU
Optimizing NNI: done in 0.07353 secs using 396.8% CPU
Optimizing NNI: done in 0.0675375 secs using 390.9% CPU
Optimizing NNI: done in 0.0685334 secs using 398.2% CPU
Optimizing NNI: done in 0.0492055 secs using 394.2% CPU
Iteration 100 / LogL: -15480.858 / Time: 0h:0m:10s (0h:0m:5s left)
Log-likelihood cutoff on original alignment: -15506.086
NOTE: Bootstrap correlation coefficient of split occurrence frequencies: 0.962
NOTE: UFBoot does not converge, continue at least 100 more iterations
Optimizing NNI: done in 0.0714349 secs using 396.1% CPU
Optimizing NNI: done in 0.0556865 secs using 399.1% CPU
Optimizing NNI: done in 0.0747869 secs using 393.1% CPU
Optimizing NNI: done in 0.0645364 secs using 390.3% CPU
Optimizing NNI: done in 0.081853 secs using 394.5% CPU
Optimizing NNI: done in 0.049802 secs using 394.6% CPU
Optimizing NNI: done in 0.0671935 secs using 393.6% CPU
Optimizing NNI: done in 0.0731888 secs using 392.8% CPU
Optimizing NNI: done in 0.0744787 secs using 395.6% CPU
Optimizing NNI: done in 0.0707737 secs using 394.4% CPU
Iteration 110 / LogL: -15474.303 / Time: 0h:0m:11s (0h:0m:8s left)
Optimizing NNI: done in 0.0768923 secs using 395.4% CPU
Optimizing NNI: done in 0.0712919 secs using 393.5% CPU
Optimizing NNI: done in 0.0636787 secs using 396.1% CPU
Optimizing NNI: done in 0.0743289 secs using 397.7% CPU
Optimizing NNI: done in 0.0614769 secs using 400% CPU
Optimizing NNI: done in 0.0637925 secs using 393.8% CPU
Optimizing NNI: done in 0.0998225 secs using 395.2% CPU
Optimizing NNI: done in 0.113148 secs using 396.2% CPU
Optimizing NNI: done in 0.0574809 secs using 393.1% CPU
Optimizing NNI: done in 0.102492 secs using 392.3% CPU
Iteration 120 / LogL: -15465.969 / Time: 0h:0m:12s (0h:0m:7s left)
Optimizing NNI: done in 0.079728 secs using 393.7% CPU
Optimizing NNI: done in 0.0640835 secs using 392.3% CPU
Optimizing NNI: done in 0.0649027 secs using 396.4% CPU
Optimizing NNI: done in 0.0967494 secs using 395.3% CPU
Optimizing NNI: done in 0.0755506 secs using 394.1% CPU
Optimizing NNI: done in 0.0845072 secs using 396.9% CPU
Optimizing NNI: done in 0.0724674 secs using 397.1% CPU
Optimizing NNI: done in 0.0888945 secs using 398.1% CPU
Optimizing NNI: done in 0.0913205 secs using 395.5% CPU
Optimizing NNI: done in 0.08036 secs using 398.9% CPU
Iteration 130 / LogL: -15474.653 / Time: 0h:0m:13s (0h:0m:6s left)
Optimizing NNI: done in 0.0754023 secs using 398.6% CPU
Optimizing NNI: done in 0.0789928 secs using 387.4% CPU
Optimizing NNI: done in 0.074679 secs using 390.9% CPU
Optimizing NNI: done in 0.0703078 secs using 392% CPU
Optimizing NNI: done in 0.0897463 secs using 396.3% CPU
Optimizing NNI: done in 0.0776492 secs using 392.6% CPU
Optimizing NNI: done in 0.0587687 secs using 395.5% CPU
Optimizing NNI: done in 0.0634129 secs using 394.1% CPU
Optimizing NNI: done in 0.0738802 secs using 395.4% CPU
Optimizing NNI: done in 0.0732334 secs using 396.7% CPU
Iteration 140 / LogL: -15465.969 / Time: 0h:0m:14s (0h:0m:5s left)
Optimizing NNI: done in 0.0554357 secs using 395.2% CPU
Optimizing NNI: done in 0.149646 secs using 392.3% CPU
Optimizing NNI: done in 0.0534782 secs using 400.6% CPU
Optimizing NNI: done in 0.0680423 secs using 392.4% CPU
Optimizing NNI: done in 0.0658699 secs using 387.6% CPU
Optimizing NNI: done in 0.0886359 secs using 387.6% CPU
Optimizing NNI: done in 0.0740808 secs using 395.9% CPU
Optimizing NNI: done in 0.0732961 secs using 399.1% CPU
Optimizing NNI: done in 0.0817999 secs using 394.7% CPU
Optimizing NNI: done in 0.1176 secs using 396% CPU
Iteration 150 / LogL: -15472.686 / Time: 0h:0m:15s (0h:0m:4s left)
Log-likelihood cutoff on original alignment: -15506.086
Optimizing NNI: done in 0.0547087 secs using 393% CPU
Optimizing NNI: done in 0.0822265 secs using 394.3% CPU
Optimizing NNI: done in 0.0867045 secs using 395.1% CPU
Optimizing NNI: done in 0.0705632 secs using 399.4% CPU
Optimizing NNI: done in 0.0804982 secs using 390.8% CPU
Optimizing NNI: done in 0.0536259 secs using 394% CPU
Optimizing NNI: done in 0.0970972 secs using 394.1% CPU
Optimizing NNI: done in 0.0549328 secs using 394.2% CPU
Optimizing NNI: done in 0.0633798 secs using 394.1% CPU
Optimizing NNI: done in 0.100324 secs using 393.6% CPU
Iteration 160 / LogL: -15468.821 / Time: 0h:0m:15s (0h:0m:3s left)
Optimizing NNI: done in 0.0855772 secs using 396.7% CPU
Optimizing NNI: done in 0.0598323 secs using 390.1% CPU
Optimizing NNI: done in 0.066246 secs using 390.4% CPU
Optimizing NNI: done in 0.0795595 secs using 397.9% CPU
Optimizing NNI: done in 0.0753627 secs using 394.7% CPU
Optimizing NNI: done in 0.104933 secs using 393.9% CPU
Optimizing NNI: done in 0.0764583 secs using 395.7% CPU
Optimizing NNI: done in 0.0921141 secs using 400.5% CPU
Optimizing NNI: done in 0.0527042 secs using 395.4% CPU
Optimizing NNI: done in 0.0761257 secs using 390.6% CPU
Iteration 170 / LogL: -15473.931 / Time: 0h:0m:16s (0h:0m:2s left)
Optimizing NNI: done in 0.0694239 secs using 397.2% CPU
Optimizing NNI: done in 0.0832826 secs using 397.7% CPU
Optimizing NNI: done in 0.0785979 secs using 386.5% CPU
Optimizing NNI: done in 0.0651814 secs using 395.2% CPU
Optimizing NNI: done in 0.112603 secs using 396.8% CPU
Optimizing NNI: done in 0.0780856 secs using 393.4% CPU
Optimizing NNI: done in 0.0460889 secs using 394.9% CPU
Optimizing NNI: done in 0.0558356 secs using 394.9% CPU
Optimizing NNI: done in 0.0686045 secs using 394.7% CPU
Optimizing NNI: done in 0.0658253 secs using 392% CPU
Iteration 180 / LogL: -15467.012 / Time: 0h:0m:17s (0h:0m:1s left)
Optimizing NNI: done in 0.060988 secs using 392.8% CPU
Optimizing NNI: done in 0.054858 secs using 394.7% CPU
Optimizing NNI: done in 0.0604482 secs using 395.3% CPU
Optimizing NNI: done in 0.0682937 secs using 397.7% CPU
Optimizing NNI: done in 0.124655 secs using 392.8% CPU
Optimizing NNI: done in 0.0626211 secs using 396.2% CPU
Optimizing NNI: done in 0.0696453 secs using 396.2% CPU
Optimizing NNI: done in 0.0736476 secs using 392% CPU
Optimizing NNI: done in 0.0666972 secs using 391.4% CPU
Optimizing NNI: done in 0.0583973 secs using 400.7% CPU
Iteration 190 / LogL: -15472.704 / Time: 0h:0m:18s (0h:0m:0s left)
Optimizing NNI: done in 0.0677529 secs using 397.2% CPU
Optimizing NNI: done in 0.0738113 secs using 395.7% CPU
Optimizing NNI: done in 0.0636877 secs using 399% CPU
Optimizing NNI: done in 0.0655126 secs using 387.6% CPU
Optimizing NNI: done in 0.0787971 secs using 394.4% CPU
Optimizing NNI: done in 0.0536395 secs using 393.8% CPU
Optimizing NNI: done in 0.0894337 secs using 399.4% CPU
Optimizing NNI: done in 0.0861853 secs using 394.6% CPU
Optimizing NNI: done in 0.0776131 secs using 395.2% CPU
Optimizing NNI: done in 0.0683296 secs using 394.7% CPU
Iteration 200 / LogL: -15472.691 / Time: 0h:0m:18s (0h:0m:0s left)
Log-likelihood cutoff on original alignment: -15506.086
NOTE: Bootstrap correlation coefficient of split occurrence frequencies: 0.998
TREE SEARCH COMPLETED AFTER 200 ITERATIONS / Time: 0h:0m:19s

--------------------------------------------------------------------
|                    FINALIZING TREE SEARCH                        |
--------------------------------------------------------------------
Performs final model parameters optimization
Estimate model parameters (epsilon = 0.010)
1. Initial log-likelihood: -15465.967
Optimal log-likelihood: -15465.965
Rate parameters:  A-C: 1.22571  A-G: 2.77826  A-T: 1.22571  C-G: 1.00000  C-T: 3.54746  G-T: 1.00000
Base frequencies:  A: 0.239  C: 0.217  G: 0.268  T: 0.277
Gamma shape alpha: 1.066
Parameters optimization took 1 rounds (0.012 sec)
BEST SCORE FOUND : -15465.965
Creating bootstrap support values...
Split supports printed to NEXUS file results/07_phylogeny/Not_sex_linked/G6499.splits.nex
Total tree length: 1.426

Total number of iterations: 200
CPU time used for tree search: 64.862 sec (0h:1m:4s)
Wall-clock time used for tree search: 16.823 sec (0h:0m:16s)
Total CPU time used: 72.625 sec (0h:1m:12s)
Total wall-clock time used: 19.119 sec (0h:0m:19s)

Computing bootstrap consensus tree...
Reading input file results/07_phylogeny/Not_sex_linked/G6499.splits.nex...
23 taxa and 286 splits.
Consensus tree written to results/07_phylogeny/Not_sex_linked/G6499.contree
Reading input trees file results/07_phylogeny/Not_sex_linked/G6499.contree
Log-likelihood of consensus tree: -15465.965

Analysis results written to: 
  IQ-TREE report:                results/07_phylogeny/Not_sex_linked/G6499.iqtree
  Maximum-likelihood tree:       results/07_phylogeny/Not_sex_linked/G6499.treefile
  Likelihood distances:          results/07_phylogeny/Not_sex_linked/G6499.mldist

Ultrafast bootstrap approximation results written to:
  Split support values:          results/07_phylogeny/Not_sex_linked/G6499.splits.nex
  Consensus tree:                results/07_phylogeny/Not_sex_linked/G6499.contree
  Screen log file:               results/07_phylogeny/Not_sex_linked/G6499.log

Date and Time: Wed May 27 21:30:39 2026
