IQ-TREE version 3.0.1 for Linux x86 64-bit built Jul  9 2025
Developed by Bui Quang Minh, Thomas Wong, Nhan Ly-Trong, Huaiyan Ren
Contributed by Lam-Tung Nguyen, Dominik Schrempf, Chris Bielow,
Olga Chernomor, Michael Woodhams, Diep Thi Hoang, Heiko Schmidt

Host:    c0700a-s19.ufhpc (AVX2, FMA3, 1007 GB RAM)
Command: iqtree -s results/06_alignment/Not_sex_linked/trimmed/G6548.trimmed.aln --prefix results/07_phylogeny/Not_sex_linked/G6548 -m TEST -B 1000 -nt 4 -redo
Seed:    517254 (Using SPRNG - Scalable Parallel Random Number Generator)
Time:    Wed May 27 21:08:07 2026
Kernel:  AVX+FMA - 4 threads (8 CPU cores detected)

Reading alignment file results/06_alignment/Not_sex_linked/trimmed/G6548.trimmed.aln ... Fasta format detected
Reading fasta file: done in 0.00173264 secs using 28.11% CPU
Alignment most likely contains DNA/RNA sequences
Constructing alignment: done in 0.00180034 secs using 164.3% CPU
Alignment has 37 sequences with 2121 columns, 1480 distinct patterns
1156 parsimony-informative, 468 singleton sites, 497 constant sites
                   Gap/Ambiguity  Composition  p-value
Analyzing sequences: done in 0.013471 secs using 300.6% CPU
   1  S0005_G6548_R1_A     1.74%    passed     83.85%
   2  S0020_G6548_R2_A     4.01%    failed      1.13%
   3  S0020_G6548_R5_A     3.77%    failed      0.76%
   4  S0020_G6548_R6_A     3.77%    failed      0.12%
   5  S0020_G6548_R3_A     4.05%    failed      1.00%
   6  S0020_G6548_R4_A     4.05%    failed      0.26%
   7  S0013_G6548_R1_A     0.47%    passed     51.66%
   8  S0036_G6548_R1_A     2.31%    passed     70.58%
   9  S0022_G6548_R1_A     1.27%    passed     76.99%
  10  S0026_G6548_R1_A     0.57%    passed     90.46%
  11  S0028_G6548_R1_A     0.14%    passed     82.59%
  12  S0030_G6548_R1_A     1.04%    passed     69.43%
  13  S0018_G6548_R1_A     1.23%    passed     88.24%
  14  S0031_G6548_R1_A     0.99%    passed     92.01%
  15  S0037_G6548_R1_A     0.14%    passed     50.11%
  16  S0048_G6548_R1_A     0.14%    passed     56.48%
  17  S0050_G6548_R1_A     0.52%    passed     70.16%
  18  S0021_G6548_R1_A     1.46%    passed     71.07%
  19  S0021_G6548_R2_A     1.08%    passed     79.75%
  20  S0017_G6548_R1_A     0.52%    passed     29.38%
  21  S0011_G6548_R1_A     3.16%    passed     37.85%
  22  S0046_G6548_R1_A     1.08%    passed     70.78%
  23  S0016_G6548_R1_A     2.45%    passed     60.57%
  24  S0004_G6548_R1_A     2.07%    passed     86.58%
  25  S0012_G6548_R1_A     0.90%    passed     36.89%
  26  S0036_G6548_R2_A     5.37%    passed     70.67%
  27  S0019_G6548_R1_A     9.57%    passed     99.95%
  28  S0019_G6548_R8_A     4.20%    passed     11.59%
  29  S0019_G6548_R9_A     4.20%    passed     10.93%
  30  S0019_G6548_R10_A    4.20%    passed     11.98%
  31  S0002_G6548_R1_A    26.92%    passed     76.93%
  32  S0019_G6548_R6_A    14.00%    passed     38.52%
  33  S0019_G6548_R7_A    13.34%    passed     99.16%
  34  S0019_G6548_R2_A    20.41%    passed     21.73%
  35  S0019_G6548_R3_A    19.05%    passed      7.92%
  36  S0019_G6548_R4_A    19.05%    passed      6.52%
  37  S0019_G6548_R5_A    19.05%    passed      7.74%
****  TOTAL                5.47%  5 sequences failed composition chi2 test (p-value<5%; df=3)
Checking for duplicate sequences: done in 0.00640336 secs using 297.1% CPU


Create initial parsimony tree by phylogenetic likelihood library (PLL)... 0.006 seconds
Perform fast likelihood tree search using GTR+I+G model...
Estimate model parameters (epsilon = 5.000)
Perform nearest neighbor interchange...
Optimizing NNI: done in 0.0826323 secs using 396.4% CPU
Estimate model parameters (epsilon = 1.000)
1. Initial log-likelihood: -19946.314
2. Current log-likelihood: -19945.176
Optimal log-likelihood: -19944.296
Rate parameters:  A-C: 1.08622  A-G: 3.11674  A-T: 1.14942  C-G: 1.08219  C-T: 3.29693  G-T: 1.00000
Base frequencies:  A: 0.265  C: 0.191  G: 0.220  T: 0.324
Proportion of invariable sites: 0.067
Gamma shape alpha: 4.611
Parameters optimization took 2 rounds (0.074 sec)
Time for fast ML tree search: 0.335 seconds

NOTE: ModelFinder requires 12 MB RAM!
ModelFinder will test up to 176 DNA models (sample size: 2121 epsilon: 0.100) ...
 No. Model         -LnL         df  AIC          AICc         BIC
  1  JC            20587.365    71  41316.729    41321.719    41718.564
  2  JC+I          20536.661    72  41217.323    41222.456    41624.817
  3  JC+G4         20498.072    72  41140.143    41145.276    41547.637
  4  JC+I+G4       20499.757    73  41145.514    41150.792    41558.668
  7  JC+G4         20498.072    72  41140.143    41145.276    41547.637
 11  F81+G4        20498.072    72  41140.144    41145.277    41547.638
 15  F81+F+G4      20395.942    75  40941.884    40947.459    41366.358
 19  K2P+G4        20072.408    73  40290.817    40296.095    40703.971
 23  K2P+G4        20072.408    73  40290.817    40296.095    40703.971
 27  HKY+G4        20072.408    73  40290.817    40296.095    40703.971
 31  HKY+F+G4      19941.427    76  40034.853    40040.579    40464.986
 35  TNe+G4        20071.356    74  40290.712    40296.138    40709.526
 39  TNe+G4        20071.356    74  40290.712    40296.138    40709.526
 43  TN+G4         20071.356    74  40290.712    40296.138    40709.526
 47  TN+F+G4       19940.648    77  40035.295    40041.175    40471.088
 51  K3P+G4        20069.969    74  40287.938    40293.363    40706.751
 55  K3P+G4        20069.969    74  40287.938    40293.363    40706.751
 59  K3Pu+G4       20069.969    74  40287.938    40293.363    40706.751
 63  K3Pu+F+G4     19940.448    77  40034.896    40040.776    40470.689
 67  TPM2+G4       20065.686    74  40279.373    40284.798    40698.187
 71  TPM2+G4       20065.686    74  40279.373    40284.798    40698.187
 75  TPM2u+G4      20065.686    74  40279.373    40284.798    40698.186
 79  TPM2u+F+G4    19940.255    77  40034.509    40040.389    40470.302
 83  TPM3+G4       20055.843    74  40259.685    40265.110    40678.499
 87  TPM3+G4       20055.843    74  40259.685    40265.110    40678.499
 91  TPM3u+G4      20055.842    74  40259.684    40265.109    40678.498
 95  TPM3u+F+G4    19941.424    77  40036.849    40042.728    40472.641
 99  TIMe+G4       20068.918    75  40287.837    40293.412    40712.310
103  TIMe+G4       20068.918    75  40287.837    40293.412    40712.310
107  TIM+G4        20068.918    75  40287.836    40293.411    40712.310
111  TIM+F+G4      19939.669    78  40035.337    40041.373    40476.790
115  TIM2e+G4      20064.664    75  40279.329    40284.903    40703.802
119  TIM2e+G4      20064.664    75  40279.329    40284.903    40703.802
123  TIM2+G4       20064.664    75  40279.328    40284.903    40703.801
127  TIM2+F+G4     19939.465    78  40034.930    40040.965    40476.382
131  TIM3e+G4      20054.578    75  40259.156    40264.731    40683.629
135  TIM3e+G4      20054.578    75  40259.156    40264.731    40683.629
139  TIM3+G4       20054.577    75  40259.154    40264.729    40683.627
143  TIM3+F+G4     19940.644    78  40037.288    40043.323    40478.740
147  TVMe+G4       20048.391    76  40248.782    40254.508    40678.915
151  TVMe+G4       20048.391    76  40248.782    40254.508    40678.915
155  TVM+G4        20048.391    76  40248.782    40254.508    40678.914
159  TVM+F+G4      19939.690    79  40037.381    40043.574    40484.493
163  SYM+G4        20047.159    77  40248.319    40254.198    40684.111
167  SYM+G4        20047.159    77  40248.319    40254.198    40684.111
171  GTR+G4        20047.159    77  40248.319    40254.198    40684.111
175  GTR+F+G4      19938.899    80  40037.799    40044.152    40490.570
Akaike Information Criterion:           TPM2u+F+G4
Corrected Akaike Information Criterion: TPM2u+F+G4
Bayesian Information Criterion:         HKY+F+G4
Best-fit model: HKY+F+G4 chosen according to BIC

All model information printed to results/07_phylogeny/Not_sex_linked/G6548.model.gz
CPU time for ModelFinder: 7.378 seconds (0h:0m:7s)
Wall-clock time for ModelFinder: 1.869 seconds (0h:0m:1s)
Generating 1000 samples for ultrafast bootstrap (seed: 517254)...

NOTE: 12 MB RAM (0 GB) is required!
Estimate model parameters (epsilon = 0.100)
1. Initial log-likelihood: -19941.433
Optimal log-likelihood: -19941.427
Rate parameters:  A-C: 1.00000  A-G: 2.96331  A-T: 1.00000  C-G: 1.00000  C-T: 2.96331  G-T: 1.00000
Base frequencies:  A: 0.265  C: 0.191  G: 0.220  T: 0.324
Gamma shape alpha: 2.912
Parameters optimization took 1 rounds (0.017 sec)
Wrote distance file to... 
Computing ML distances based on estimated model parameters...
Calculating distance matrix: done in 0.00206446 secs using 440% CPU
Computing ML distances took 0.002219 sec (of wall-clock time) 0.009243 sec (of CPU time)
Setting up auxiliary I and S matrices: done in 0.0403292 secs using 296.5% CPU
Constructing RapidNJ tree: done in 0.958684 secs using 265.3% CPU
Computing RapidNJ tree took 1.002509 sec (of wall-clock time) 2.665320 sec (of CPU time)
Log-likelihood of RapidNJ tree: -20139.646
--------------------------------------------------------------------
|             INITIALIZING CANDIDATE TREE SET                      |
--------------------------------------------------------------------
Generating 98 parsimony trees... 0.650 second
Computing log-likelihood of 98 initial trees ... 0.843 seconds
Current best score: -19941.427

Do NNI search on 20 best initial trees
Optimizing NNI: done in 0.0415722 secs using 388.6% CPU
Estimate model parameters (epsilon = 0.100)
BETTER TREE FOUND at iteration 1: -19941.427
Optimizing NNI: done in 0.110436 secs using 394.3% CPU
Estimate model parameters (epsilon = 0.100)
BETTER TREE FOUND at iteration 2: -19934.460
Optimizing NNI: done in 0.150329 secs using 394.2% CPU
Optimizing NNI: done in 0.143977 secs using 394.8% CPU
Optimizing NNI: done in 0.124214 secs using 392.2% CPU
Optimizing NNI: done in 0.149347 secs using 393.5% CPU
Optimizing NNI: done in 0.188409 secs using 394.1% CPU
Optimizing NNI: done in 0.158643 secs using 395% CPU
Optimizing NNI: done in 0.106325 secs using 399.3% CPU
Optimizing NNI: done in 0.14395 secs using 395.5% CPU
Iteration 10 / LogL: -19938.077 / Time: 0h:0m:5s
Optimizing NNI: done in 0.137945 secs using 393.4% CPU
Optimizing NNI: done in 0.109726 secs using 394.6% CPU
Optimizing NNI: done in 0.11277 secs using 394.5% CPU
Optimizing NNI: done in 0.138364 secs using 393.9% CPU
Optimizing NNI: done in 0.126373 secs using 394.2% CPU
UPDATE BEST LOG-LIKELIHOOD: -19934.458
Optimizing NNI: done in 0.156108 secs using 396% CPU
Optimizing NNI: done in 0.128283 secs using 395.9% CPU
Optimizing NNI: done in 0.143549 secs using 396.4% CPU
Optimizing NNI: done in 0.16039 secs using 395% CPU
Optimizing NNI: done in 0.182189 secs using 394.8% CPU
Iteration 20 / LogL: -19938.080 / Time: 0h:0m:7s
Finish initializing candidate tree set (5)
Current best tree score: -19934.458 / CPU time: 4.272
Number of iterations: 20
--------------------------------------------------------------------
|               OPTIMIZING CANDIDATE TREE SET                      |
--------------------------------------------------------------------
Optimizing NNI: done in 0.175766 secs using 390.5% CPU
Optimizing NNI: done in 0.138899 secs using 397.1% CPU
Optimizing NNI: done in 0.161896 secs using 397.2% CPU
Optimizing NNI: done in 0.196028 secs using 396.2% CPU
Optimizing NNI: done in 0.203423 secs using 394.2% CPU
Optimizing NNI: done in 0.21437 secs using 395.3% CPU
Optimizing NNI: done in 0.179643 secs using 393.2% CPU
Optimizing NNI: done in 0.195006 secs using 397.6% CPU
Optimizing NNI: done in 0.144685 secs using 395.6% CPU
Optimizing NNI: done in 0.21787 secs using 395.2% CPU
Iteration 30 / LogL: -19934.459 / Time: 0h:0m:9s (0h:0m:18s left)
Optimizing NNI: done in 0.184327 secs using 393.8% CPU
Optimizing NNI: done in 0.163977 secs using 392.2% CPU
Optimizing NNI: done in 0.159396 secs using 389.8% CPU
Optimizing NNI: done in 0.187878 secs using 393.6% CPU
UPDATE BEST LOG-LIKELIHOOD: -19934.458
Optimizing NNI: done in 0.140188 secs using 395.8% CPU
Optimizing NNI: done in 0.215724 secs using 395.1% CPU
Optimizing NNI: done in 0.154378 secs using 395.5% CPU
Optimizing NNI: done in 0.184662 secs using 395.4% CPU
Optimizing NNI: done in 0.173681 secs using 394.7% CPU
Optimizing NNI: done in 0.125029 secs using 391.8% CPU
Iteration 40 / LogL: -19967.707 / Time: 0h:0m:10s (0h:0m:14s left)
Optimizing NNI: done in 0.234122 secs using 395.3% CPU
Optimizing NNI: done in 0.184253 secs using 392.8% CPU
Optimizing NNI: done in 0.175801 secs using 396.1% CPU
Optimizing NNI: done in 0.174786 secs using 395% CPU
Optimizing NNI: done in 0.185418 secs using 393.7% CPU
Optimizing NNI: done in 0.158368 secs using 393.7% CPU
Optimizing NNI: done in 0.195948 secs using 395.6% CPU
Optimizing NNI: done in 0.203192 secs using 393.3% CPU
Optimizing NNI: done in 0.16191 secs using 396.6% CPU
Optimizing NNI: done in 0.203895 secs using 396.3% CPU
Iteration 50 / LogL: -19934.462 / Time: 0h:0m:12s (0h:0m:11s left)
Log-likelihood cutoff on original alignment: -19974.791
Optimizing NNI: done in 0.136005 secs using 395.1% CPU
Optimizing NNI: done in 0.0941338 secs using 397% CPU
Optimizing NNI: done in 0.149505 secs using 393.8% CPU
Optimizing NNI: done in 0.125025 secs using 393.4% CPU
Optimizing NNI: done in 0.134058 secs using 395.7% CPU
Optimizing NNI: done in 0.160597 secs using 395% CPU
Optimizing NNI: done in 0.188332 secs using 392.3% CPU
Optimizing NNI: done in 0.128948 secs using 393% CPU
Optimizing NNI: done in 0.157027 secs using 391.2% CPU
Optimizing NNI: done in 0.16075 secs using 395.6% CPU
Iteration 60 / LogL: -19935.313 / Time: 0h:0m:14s (0h:0m:8s left)
Optimizing NNI: done in 0.170783 secs using 395.6% CPU
Optimizing NNI: done in 0.157355 secs using 393.8% CPU
Optimizing NNI: done in 0.151459 secs using 397.3% CPU
Optimizing NNI: done in 0.178329 secs using 393.2% CPU
Optimizing NNI: done in 0.107313 secs using 396.7% CPU
Optimizing NNI: done in 0.207154 secs using 393.9% CPU
Optimizing NNI: done in 0.19342 secs using 394.2% CPU
Optimizing NNI: done in 0.174504 secs using 394.5% CPU
Optimizing NNI: done in 0.175756 secs using 394.6% CPU
Optimizing NNI: done in 0.181741 secs using 396.3% CPU
Iteration 70 / LogL: -19934.461 / Time: 0h:0m:16s (0h:0m:6s left)
Optimizing NNI: done in 0.141895 secs using 395.8% CPU
Optimizing NNI: done in 0.228025 secs using 394.5% CPU
Optimizing NNI: done in 0.228551 secs using 395.9% CPU
Optimizing NNI: done in 0.173813 secs using 396.7% CPU
Optimizing NNI: done in 0.239754 secs using 395% CPU
Optimizing NNI: done in 0.18423 secs using 394.5% CPU
Optimizing NNI: done in 0.158273 secs using 396.6% CPU
Optimizing NNI: done in 0.156645 secs using 395.3% CPU
Optimizing NNI: done in 0.171606 secs using 394.3% CPU
Optimizing NNI: done in 0.234478 secs using 393.6% CPU
Iteration 80 / LogL: -19934.458 / Time: 0h:0m:18s (0h:0m:4s left)
Optimizing NNI: done in 0.198556 secs using 395.3% CPU
Optimizing NNI: done in 0.139946 secs using 393.6% CPU
Optimizing NNI: done in 0.192033 secs using 394.5% CPU
Optimizing NNI: done in 0.177346 secs using 395.3% CPU
Optimizing NNI: done in 0.151961 secs using 392.4% CPU
Optimizing NNI: done in 0.16125 secs using 396.4% CPU
Optimizing NNI: done in 0.129577 secs using 394.7% CPU
Optimizing NNI: done in 0.235489 secs using 393.6% CPU
UPDATE BEST LOG-LIKELIHOOD: -19934.458
Optimizing NNI: done in 0.17366 secs using 396.4% CPU
Optimizing NNI: done in 0.155053 secs using 396.2% CPU
Iteration 90 / LogL: -19934.932 / Time: 0h:0m:19s (0h:0m:2s left)
Optimizing NNI: done in 0.168934 secs using 395.3% CPU
Optimizing NNI: done in 0.154138 secs using 391.4% CPU
Optimizing NNI: done in 0.136102 secs using 394.4% CPU
Optimizing NNI: done in 0.113976 secs using 394.3% CPU
Optimizing NNI: done in 0.187021 secs using 391.1% CPU
Optimizing NNI: done in 0.158403 secs using 395.6% CPU
Optimizing NNI: done in 0.165033 secs using 396.3% CPU
Optimizing NNI: done in 0.151109 secs using 395.5% CPU
Optimizing NNI: done in 0.177661 secs using 393.1% CPU
Optimizing NNI: done in 0.220645 secs using 392.3% CPU
Iteration 100 / LogL: -19934.459 / Time: 0h:0m:21s (0h:0m:0s left)
Log-likelihood cutoff on original alignment: -19974.791
NOTE: Bootstrap correlation coefficient of split occurrence frequencies: 0.996
Optimizing NNI: done in 0.160244 secs using 395.1% CPU
Optimizing NNI: done in 0.128429 secs using 395.7% CPU
Optimizing NNI: done in 0.17442 secs using 392.7% CPU
TREE SEARCH COMPLETED AFTER 103 ITERATIONS / Time: 0h:0m:22s

--------------------------------------------------------------------
|                    FINALIZING TREE SEARCH                        |
--------------------------------------------------------------------
Performs final model parameters optimization
Estimate model parameters (epsilon = 0.010)
1. Initial log-likelihood: -19934.458
Optimal log-likelihood: -19934.458
Rate parameters:  A-C: 1.00000  A-G: 2.95990  A-T: 1.00000  C-G: 1.00000  C-T: 2.95990  G-T: 1.00000
Base frequencies:  A: 0.265  C: 0.191  G: 0.220  T: 0.324
Gamma shape alpha: 2.888
Parameters optimization took 1 rounds (0.015 sec)
BEST SCORE FOUND : -19934.458
Creating bootstrap support values...
Split supports printed to NEXUS file results/07_phylogeny/Not_sex_linked/G6548.splits.nex
Total tree length: 1.983

Total number of iterations: 103
CPU time used for tree search: 72.834 sec (0h:1m:12s)
Wall-clock time used for tree search: 19.045 sec (0h:0m:19s)
Total CPU time used: 83.676 sec (0h:1m:23s)
Total wall-clock time used: 22.236 sec (0h:0m:22s)

Computing bootstrap consensus tree...
Reading input file results/07_phylogeny/Not_sex_linked/G6548.splits.nex...
37 taxa and 202 splits.
Consensus tree written to results/07_phylogeny/Not_sex_linked/G6548.contree
Reading input trees file results/07_phylogeny/Not_sex_linked/G6548.contree
Log-likelihood of consensus tree: -19934.466

Analysis results written to: 
  IQ-TREE report:                results/07_phylogeny/Not_sex_linked/G6548.iqtree
  Maximum-likelihood tree:       results/07_phylogeny/Not_sex_linked/G6548.treefile
  Likelihood distances:          results/07_phylogeny/Not_sex_linked/G6548.mldist

Ultrafast bootstrap approximation results written to:
  Split support values:          results/07_phylogeny/Not_sex_linked/G6548.splits.nex
  Consensus tree:                results/07_phylogeny/Not_sex_linked/G6548.contree
  Screen log file:               results/07_phylogeny/Not_sex_linked/G6548.log

Date and Time: Wed May 27 21:08:29 2026
