IQ-TREE version 3.0.1 for Linux x86 64-bit built Jul  9 2025
Developed by Bui Quang Minh, Thomas Wong, Nhan Ly-Trong, Huaiyan Ren
Contributed by Lam-Tung Nguyen, Dominik Schrempf, Chris Bielow,
Olga Chernomor, Michael Woodhams, Diep Thi Hoang, Heiko Schmidt

Host:    c0700a-s19.ufhpc (AVX2, FMA3, 1007 GB RAM)
Command: iqtree -s results/06_alignment/Not_sex_linked/trimmed/G6717.trimmed.aln --prefix results/07_phylogeny/Not_sex_linked/G6717 -m TEST -B 1000 -nt 4 -redo
Seed:    717937 (Using SPRNG - Scalable Parallel Random Number Generator)
Time:    Wed May 27 21:02:01 2026
Kernel:  AVX+FMA - 4 threads (8 CPU cores detected)

Reading alignment file results/06_alignment/Not_sex_linked/trimmed/G6717.trimmed.aln ... Fasta format detected
Reading fasta file: done in 0.000376645 secs using 68.23% CPU
Alignment most likely contains DNA/RNA sequences
Constructing alignment: done in 0.000702816 secs using 99.6% CPU
Alignment has 25 sequences with 883 columns, 397 distinct patterns
136 parsimony-informative, 234 singleton sites, 513 constant sites
                  Gap/Ambiguity  Composition  p-value
Analyzing sequences: done in 2.85429e-05 secs using 98.1% CPU
   1  S0004_G6717_R1_A    5.78%    passed     98.89%
   2  S0017_G6717_R1_A    2.38%    passed     98.60%
   3  S0011_G6717_R1_A    0.57%    passed     97.45%
   4  S0036_G6717_R1_A    1.36%    passed     98.76%
   5  S0030_G6717_R1_A    0.91%    passed     99.78%
   6  S0022_G6717_R1_A    0.68%    passed     98.26%
   7  S0019_G6717_R1_A    1.25%    passed     95.35%
   8  S0046_G6717_R1_A    3.96%    passed     98.92%
   9  S0028_G6717_R1_A    0.79%    passed     98.52%
  10  S0021_G6717_R2_A    0.79%    passed     98.75%
  11  S0002_G6717_R1_A    1.25%    passed     98.02%
  12  S0020_G6717_R1_A    1.02%    passed     97.89%
  13  S0026_G6717_R1_A    1.70%    passed     99.02%
  14  S0048_G6717_R1_A   38.39%    passed     93.62%
  15  S0050_G6717_R1_A   38.39%    passed     90.41%
  16  S0013_G6717_R1_A    1.25%    passed     99.32%
  17  S0016_G6717_R1_A    0.79%    passed     99.53%
  18  S0021_G6717_R1_A    0.79%    passed     91.64%
  19  S0012_G6717_R1_A    2.04%    passed     65.06%
  20  S0018_G6717_R2_A    4.87%    passed     48.52%
  21  S0031_G6717_R2_A    4.30%    passed     34.77%
  22  S0005_G6717_R1_A   16.76%    passed     77.09%
  23  S0018_G6717_R1_A    2.60%    passed     99.77%
  24  S0031_G6717_R1_A    2.27%    passed     99.52%
  25  S0037_G6717_R1_A    3.28%    passed     99.81%
****  TOTAL               5.53%  0 sequences failed composition chi2 test (p-value<5%; df=3)
Checking for duplicate sequences: done in 7.12329e-05 secs using 99.67% CPU


Create initial parsimony tree by phylogenetic likelihood library (PLL)... 0.001 seconds
WARNING: Number of threads seems too high for short alignments. Use -T AUTO to determine best number of threads.
Perform fast likelihood tree search using GTR+I+G model...
Estimate model parameters (epsilon = 5.000)
Perform nearest neighbor interchange...
Optimizing NNI: done in 0.0213587 secs using 402% CPU
Estimate model parameters (epsilon = 1.000)
1. Initial log-likelihood: -4330.520
Optimal log-likelihood: -4330.461
Rate parameters:  A-C: 0.91410  A-G: 2.52194  A-T: 0.97650  C-G: 1.17202  C-T: 3.72034  G-T: 1.00000
Base frequencies:  A: 0.258  C: 0.178  G: 0.289  T: 0.275
Proportion of invariable sites: 0.271
Gamma shape alpha: 3.996
Parameters optimization took 1 rounds (0.008 sec)
Time for fast ML tree search: 0.075 seconds

NOTE: ModelFinder requires 2 MB RAM!
ModelFinder will test up to 176 DNA models (sample size: 883 epsilon: 0.100) ...
 No. Model         -LnL         df  AIC          AICc         BIC
WARNING: Number of threads seems too high for short alignments. Use -T AUTO to determine best number of threads.
  1  JC            4456.607     47  9007.214     9012.618     9232.030
WARNING: Number of threads seems too high for short alignments. Use -T AUTO to determine best number of threads.
  2  JC+I          4431.262     48  8958.524     8964.164     9188.124
WARNING: Number of threads seems too high for short alignments. Use -T AUTO to determine best number of threads.
  3  JC+G4         4427.780     48  8951.559     8957.199     9181.159
WARNING: Number of threads seems too high for short alignments. Use -T AUTO to determine best number of threads.
  4  JC+I+G4       4428.871     49  8955.741     8961.624     9190.124
  6  JC+I          4431.262     48  8958.524     8964.164     9188.124
  7  JC+G4         4427.780     48  8951.559     8957.199     9181.159
  8  JC+I+G4       4428.871     49  8955.741     8961.624     9190.124
WARNING: Number of threads seems too high for short alignments. Use -T AUTO to determine best number of threads.
 10  F81+I         4431.262     48  8958.524     8964.164     9188.124
WARNING: Number of threads seems too high for short alignments. Use -T AUTO to determine best number of threads.
 11  F81+G4        4427.780     48  8951.559     8957.199     9181.159
WARNING: Number of threads seems too high for short alignments. Use -T AUTO to determine best number of threads.
 12  F81+I+G4      4428.840     49  8955.680     8961.563     9190.063
WARNING: Number of threads seems too high for short alignments. Use -T AUTO to determine best number of threads.
 14  F81+F+I       4415.047     51  8932.094     8938.477     9176.044
WARNING: Number of threads seems too high for short alignments. Use -T AUTO to determine best number of threads.
 15  F81+F+G4      4411.505     51  8925.010     8931.393     9168.960
WARNING: Number of threads seems too high for short alignments. Use -T AUTO to determine best number of threads.
 16  F81+F+I+G4    4412.649     52  8929.299     8935.940     9178.032
WARNING: Number of threads seems too high for short alignments. Use -T AUTO to determine best number of threads.
 18  K2P+I         4355.215     49  8808.431     8814.313     9042.814
WARNING: Number of threads seems too high for short alignments. Use -T AUTO to determine best number of threads.
 19  K2P+G4        4351.450     49  8800.899     8806.782     9035.282
WARNING: Number of threads seems too high for short alignments. Use -T AUTO to determine best number of threads.
 20  K2P+I+G4      4352.420     50  8804.839     8810.969     9044.005
 22  K2P+I         4355.215     49  8808.431     8814.313     9042.814
 23  K2P+G4        4351.450     49  8800.899     8806.782     9035.282
 24  K2P+I+G4      4352.420     50  8804.839     8810.969     9044.005
WARNING: Number of threads seems too high for short alignments. Use -T AUTO to determine best number of threads.
 26  HKY+I         4355.215     49  8808.431     8814.313     9042.814
WARNING: Number of threads seems too high for short alignments. Use -T AUTO to determine best number of threads.
 27  HKY+G4        4351.450     49  8800.899     8806.782     9035.282
WARNING: Number of threads seems too high for short alignments. Use -T AUTO to determine best number of threads.
 28  HKY+I+G4      4352.397     50  8804.794     8810.924     9043.961
WARNING: Number of threads seems too high for short alignments. Use -T AUTO to determine best number of threads.
 30  HKY+F+I       4338.375     52  8780.749     8787.390     9029.482
WARNING: Number of threads seems too high for short alignments. Use -T AUTO to determine best number of threads.
 31  HKY+F+G4      4334.752     52  8773.505     8780.146     9022.238
WARNING: Number of threads seems too high for short alignments. Use -T AUTO to determine best number of threads.
 32  HKY+F+I+G4    4335.714     53  8777.428     8784.333     9030.944
WARNING: Number of threads seems too high for short alignments. Use -T AUTO to determine best number of threads.
 34  TNe+I         4354.705     50  8809.411     8815.541     9048.577
WARNING: Number of threads seems too high for short alignments. Use -T AUTO to determine best number of threads.
 35  TNe+G4        4350.775     50  8801.550     8807.680     9040.717
WARNING: Number of threads seems too high for short alignments. Use -T AUTO to determine best number of threads.
 36  TNe+I+G4      4351.795     51  8805.590     8811.972     9049.539
 38  TNe+I         4354.705     50  8809.411     8815.541     9048.577
 39  TNe+G4        4350.775     50  8801.550     8807.680     9040.717
 40  TNe+I+G4      4351.795     51  8805.590     8811.972     9049.539
WARNING: Number of threads seems too high for short alignments. Use -T AUTO to determine best number of threads.
 42  TN+I          4354.705     50  8809.411     8815.541     9048.577
WARNING: Number of threads seems too high for short alignments. Use -T AUTO to determine best number of threads.
 43  TN+G4         4350.775     50  8801.550     8807.680     9040.716
WARNING: Number of threads seems too high for short alignments. Use -T AUTO to determine best number of threads.
 44  TN+I+G4       4351.772     51  8805.543     8811.926     9049.493
WARNING: Number of threads seems too high for short alignments. Use -T AUTO to determine best number of threads.
 46  TN+F+I        4333.806     53  8773.612     8780.517     9027.128
WARNING: Number of threads seems too high for short alignments. Use -T AUTO to determine best number of threads.
 47  TN+F+G4       4329.572     53  8765.144     8772.049     9018.660
WARNING: Number of threads seems too high for short alignments. Use -T AUTO to determine best number of threads.
 48  TN+F+I+G4     4330.823     54  8769.647     8776.821     9027.946
WARNING: Number of threads seems too high for short alignments. Use -T AUTO to determine best number of threads.
 50  K3P+I         4355.107     50  8810.213     8816.343     9049.379
WARNING: Number of threads seems too high for short alignments. Use -T AUTO to determine best number of threads.
 51  K3P+G4        4351.351     50  8802.701     8808.831     9041.867
WARNING: Number of threads seems too high for short alignments. Use -T AUTO to determine best number of threads.
 52  K3P+I+G4      4352.255     51  8806.511     8812.893     9050.460
 54  K3P+I         4355.107     50  8810.213     8816.343     9049.379
 55  K3P+G4        4351.351     50  8802.701     8808.831     9041.867
 56  K3P+I+G4      4352.255     51  8806.511     8812.893     9050.460
WARNING: Number of threads seems too high for short alignments. Use -T AUTO to determine best number of threads.
 58  K3Pu+I        4355.107     50  8810.214     8816.343     9049.380
WARNING: Number of threads seems too high for short alignments. Use -T AUTO to determine best number of threads.
 59  K3Pu+G4       4351.351     50  8802.701     8808.831     9041.868
WARNING: Number of threads seems too high for short alignments. Use -T AUTO to determine best number of threads.
 60  K3Pu+I+G4     4352.236     51  8806.472     8812.855     9050.422
WARNING: Number of threads seems too high for short alignments. Use -T AUTO to determine best number of threads.
 62  K3Pu+F+I      4338.152     53  8782.303     8789.208     9035.820
WARNING: Number of threads seems too high for short alignments. Use -T AUTO to determine best number of threads.
 63  K3Pu+F+G4     4334.544     53  8775.088     8781.993     9028.604
WARNING: Number of threads seems too high for short alignments. Use -T AUTO to determine best number of threads.
 64  K3Pu+F+I+G4   4335.424     54  8778.849     8786.023     9037.148
WARNING: Number of threads seems too high for short alignments. Use -T AUTO to determine best number of threads.
 66  TPM2+I        4354.443     50  8808.887     8815.017     9048.053
WARNING: Number of threads seems too high for short alignments. Use -T AUTO to determine best number of threads.
 67  TPM2+G4       4350.672     50  8801.343     8807.473     9040.509
WARNING: Number of threads seems too high for short alignments. Use -T AUTO to determine best number of threads.
 68  TPM2+I+G4     4351.589     51  8805.179     8811.561     9049.128
 70  TPM2+I        4354.443     50  8808.887     8815.017     9048.053
 71  TPM2+G4       4350.672     50  8801.343     8807.473     9040.509
 72  TPM2+I+G4     4351.589     51  8805.179     8811.561     9049.128
WARNING: Number of threads seems too high for short alignments. Use -T AUTO to determine best number of threads.
 74  TPM2u+I       4354.444     50  8808.887     8815.017     9048.054
WARNING: Number of threads seems too high for short alignments. Use -T AUTO to determine best number of threads.
 75  TPM2u+G4      4350.672     50  8801.343     8807.473     9040.510
WARNING: Number of threads seems too high for short alignments. Use -T AUTO to determine best number of threads.
 76  TPM2u+I+G4    4351.570     51  8805.140     8811.522     9049.089
WARNING: Number of threads seems too high for short alignments. Use -T AUTO to determine best number of threads.
 78  TPM2u+F+I     4338.059     53  8782.118     8789.022     9035.634
WARNING: Number of threads seems too high for short alignments. Use -T AUTO to determine best number of threads.
 79  TPM2u+F+G4    4334.447     53  8774.894     8781.799     9028.410
WARNING: Number of threads seems too high for short alignments. Use -T AUTO to determine best number of threads.
 80  TPM2u+F+I+G4  4335.337     54  8778.673     8785.847     9036.973
WARNING: Number of threads seems too high for short alignments. Use -T AUTO to determine best number of threads.
 82  TPM3+I        4354.108     50  8808.216     8814.346     9047.382
WARNING: Number of threads seems too high for short alignments. Use -T AUTO to determine best number of threads.
 83  TPM3+G4       4350.175     50  8800.350     8806.480     9039.516
WARNING: Number of threads seems too high for short alignments. Use -T AUTO to determine best number of threads.
 84  TPM3+I+G4     4351.081     51  8804.161     8810.544     9048.111
 86  TPM3+I        4354.108     50  8808.216     8814.346     9047.382
 87  TPM3+G4       4350.175     50  8800.350     8806.480     9039.516
 88  TPM3+I+G4     4351.081     51  8804.161     8810.544     9048.111
WARNING: Number of threads seems too high for short alignments. Use -T AUTO to determine best number of threads.
 90  TPM3u+I       4354.109     50  8808.217     8814.347     9047.383
WARNING: Number of threads seems too high for short alignments. Use -T AUTO to determine best number of threads.
 91  TPM3u+G4      4350.175     50  8800.351     8806.481     9039.517
WARNING: Number of threads seems too high for short alignments. Use -T AUTO to determine best number of threads.
 92  TPM3u+I+G4    4351.061     51  8804.122     8810.505     9048.071
WARNING: Number of threads seems too high for short alignments. Use -T AUTO to determine best number of threads.
 94  TPM3u+F+I     4338.267     53  8782.534     8789.438     9036.050
WARNING: Number of threads seems too high for short alignments. Use -T AUTO to determine best number of threads.
 95  TPM3u+F+G4    4334.649     53  8775.299     8782.204     9028.815
WARNING: Number of threads seems too high for short alignments. Use -T AUTO to determine best number of threads.
 96  TPM3u+F+I+G4  4335.545     54  8779.090     8786.264     9037.390
WARNING: Number of threads seems too high for short alignments. Use -T AUTO to determine best number of threads.
 98  TIMe+I        4354.597     51  8811.193     8817.576     9055.143
WARNING: Number of threads seems too high for short alignments. Use -T AUTO to determine best number of threads.
 99  TIMe+G4       4350.676     51  8803.352     8809.735     9047.302
WARNING: Number of threads seems too high for short alignments. Use -T AUTO to determine best number of threads.
100  TIMe+I+G4     4351.618     52  8807.236     8813.877     9055.969
102  TIMe+I        4354.597     51  8811.193     8817.576     9055.143
103  TIMe+G4       4350.676     51  8803.352     8809.735     9047.302
104  TIMe+I+G4     4351.618     52  8807.236     8813.877     9055.969
WARNING: Number of threads seems too high for short alignments. Use -T AUTO to determine best number of threads.
106  TIM+I         4354.597     51  8811.193     8817.576     9055.143
WARNING: Number of threads seems too high for short alignments. Use -T AUTO to determine best number of threads.
107  TIM+G4        4350.676     51  8803.352     8809.734     9047.301
WARNING: Number of threads seems too high for short alignments. Use -T AUTO to determine best number of threads.
108  TIM+I+G4      4351.598     52  8807.196     8813.837     9055.929
WARNING: Number of threads seems too high for short alignments. Use -T AUTO to determine best number of threads.
110  TIM+F+I       4333.588     54  8775.177     8782.351     9033.476
WARNING: Number of threads seems too high for short alignments. Use -T AUTO to determine best number of threads.
111  TIM+F+G4      4329.365     54  8766.730     8773.904     9025.030
WARNING: Number of threads seems too high for short alignments. Use -T AUTO to determine best number of threads.
112  TIM+F+I+G4    4330.556     55  8771.113     8778.561     9034.196
WARNING: Number of threads seems too high for short alignments. Use -T AUTO to determine best number of threads.
114  TIM2e+I       4353.937     51  8809.873     8816.256     9053.823
WARNING: Number of threads seems too high for short alignments. Use -T AUTO to determine best number of threads.
115  TIM2e+G4      4350.004     51  8802.007     8808.390     9045.957
WARNING: Number of threads seems too high for short alignments. Use -T AUTO to determine best number of threads.
116  TIM2e+I+G4    4350.935     52  8805.869     8812.510     9054.602
118  TIM2e+I       4353.937     51  8809.873     8816.256     9053.823
119  TIM2e+G4      4350.004     51  8802.007     8808.390     9045.957
120  TIM2e+I+G4    4350.935     52  8805.869     8812.510     9054.602
WARNING: Number of threads seems too high for short alignments. Use -T AUTO to determine best number of threads.
122  TIM2+I        4353.936     51  8809.873     8816.255     9053.822
WARNING: Number of threads seems too high for short alignments. Use -T AUTO to determine best number of threads.
123  TIM2+G4       4350.003     51  8802.007     8808.390     9045.957
WARNING: Number of threads seems too high for short alignments. Use -T AUTO to determine best number of threads.
124  TIM2+I+G4     4350.915     52  8805.831     8812.472     9054.564
WARNING: Number of threads seems too high for short alignments. Use -T AUTO to determine best number of threads.
126  TIM2+F+I      4333.480     54  8774.960     8782.134     9033.260
WARNING: Number of threads seems too high for short alignments. Use -T AUTO to determine best number of threads.
127  TIM2+F+G4     4329.258     54  8766.516     8773.689     9024.815
WARNING: Number of threads seems too high for short alignments. Use -T AUTO to determine best number of threads.
128  TIM2+F+I+G4   4330.456     55  8770.913     8778.361     9033.995
WARNING: Number of threads seems too high for short alignments. Use -T AUTO to determine best number of threads.
130  TIM3e+I       4353.570     51  8809.141     8815.523     9053.090
WARNING: Number of threads seems too high for short alignments. Use -T AUTO to determine best number of threads.
131  TIM3e+G4      4349.464     51  8800.928     8807.310     9044.877
WARNING: Number of threads seems too high for short alignments. Use -T AUTO to determine best number of threads.
132  TIM3e+I+G4    4350.385     52  8804.770     8811.411     9053.503
134  TIM3e+I       4353.570     51  8809.141     8815.523     9053.090
135  TIM3e+G4      4349.464     51  8800.928     8807.310     9044.877
136  TIM3e+I+G4    4350.385     52  8804.770     8811.411     9053.503
WARNING: Number of threads seems too high for short alignments. Use -T AUTO to determine best number of threads.
138  TIM3+I        4353.570     51  8809.140     8815.523     9053.090
WARNING: Number of threads seems too high for short alignments. Use -T AUTO to determine best number of threads.
139  TIM3+G4       4349.464     51  8800.927     8807.310     9044.877
WARNING: Number of threads seems too high for short alignments. Use -T AUTO to determine best number of threads.
140  TIM3+I+G4     4350.364     52  8804.728     8811.369     9053.461
WARNING: Number of threads seems too high for short alignments. Use -T AUTO to determine best number of threads.
142  TIM3+F+I      4333.692     54  8775.385     8782.559     9033.684
WARNING: Number of threads seems too high for short alignments. Use -T AUTO to determine best number of threads.
143  TIM3+F+G4     4329.450     54  8766.900     8774.074     9025.200
WARNING: Number of threads seems too high for short alignments. Use -T AUTO to determine best number of threads.
144  TIM3+F+I+G4   4330.660     55  8771.319     8778.768     9034.402
WARNING: Number of threads seems too high for short alignments. Use -T AUTO to determine best number of threads.
146  TVMe+I        4353.035     52  8810.071     8816.712     9058.804
WARNING: Number of threads seems too high for short alignments. Use -T AUTO to determine best number of threads.
147  TVMe+G4       4349.109     52  8802.218     8808.859     9050.951
WARNING: Number of threads seems too high for short alignments. Use -T AUTO to determine best number of threads.
148  TVMe+I+G4     4349.947     53  8805.894     8812.798     9059.410
150  TVMe+I        4353.035     52  8810.071     8816.712     9058.804
151  TVMe+G4       4349.109     52  8802.218     8808.859     9050.951
152  TVMe+I+G4     4349.947     53  8805.894     8812.798     9059.410
WARNING: Number of threads seems too high for short alignments. Use -T AUTO to determine best number of threads.
154  TVM+I         4353.035     52  8810.069     8816.710     9058.802
WARNING: Number of threads seems too high for short alignments. Use -T AUTO to determine best number of threads.
155  TVM+G4        4349.108     52  8802.216     8808.857     9050.949
WARNING: Number of threads seems too high for short alignments. Use -T AUTO to determine best number of threads.
156  TVM+I+G4      4349.930     53  8805.859     8812.764     9059.375
WARNING: Number of threads seems too high for short alignments. Use -T AUTO to determine best number of threads.
158  TVM+F+I       4337.634     55  8785.268     8792.717     9048.351
WARNING: Number of threads seems too high for short alignments. Use -T AUTO to determine best number of threads.
159  TVM+F+G4      4334.044     55  8778.089     8785.537     9041.172
WARNING: Number of threads seems too high for short alignments. Use -T AUTO to determine best number of threads.
160  TVM+F+I+G4    4334.906     56  8781.812     8789.541     9049.679
WARNING: Number of threads seems too high for short alignments. Use -T AUTO to determine best number of threads.
162  SYM+I         4352.498     53  8810.996     8817.900     9064.512
WARNING: Number of threads seems too high for short alignments. Use -T AUTO to determine best number of threads.
163  SYM+G4        4348.400     53  8802.799     8809.704     9056.316
WARNING: Number of threads seems too high for short alignments. Use -T AUTO to determine best number of threads.
164  SYM+I+G4      4349.272     54  8806.543     8813.717     9064.843
166  SYM+I         4352.498     53  8810.996     8817.900     9064.512
167  SYM+G4        4348.400     53  8802.799     8809.704     9056.316
168  SYM+I+G4      4349.272     54  8806.543     8813.717     9064.843
WARNING: Number of threads seems too high for short alignments. Use -T AUTO to determine best number of threads.
170  GTR+I         4352.498     53  8810.996     8817.900     9064.512
WARNING: Number of threads seems too high for short alignments. Use -T AUTO to determine best number of threads.
171  GTR+G4        4348.400     53  8802.799     8809.704     9056.316
WARNING: Number of threads seems too high for short alignments. Use -T AUTO to determine best number of threads.
172  GTR+I+G4      4349.255     54  8806.511     8813.685     9064.810
WARNING: Number of threads seems too high for short alignments. Use -T AUTO to determine best number of threads.
174  GTR+F+I       4333.048     56  8778.096     8785.825     9045.963
WARNING: Number of threads seems too high for short alignments. Use -T AUTO to determine best number of threads.
175  GTR+F+G4      4328.834     56  8769.669     8777.397     9037.535
WARNING: Number of threads seems too high for short alignments. Use -T AUTO to determine best number of threads.
176  GTR+F+I+G4    4329.994     57  8773.987     8782.002     9046.637
Akaike Information Criterion:           TN+F+G4
Corrected Akaike Information Criterion: TN+F+G4
Bayesian Information Criterion:         TN+F+G4
Best-fit model: TN+F+G4 chosen according to BIC

All model information printed to results/07_phylogeny/Not_sex_linked/G6717.model.gz
CPU time for ModelFinder: 5.355 seconds (0h:0m:5s)
Wall-clock time for ModelFinder: 1.372 seconds (0h:0m:1s)
Generating 1000 samples for ultrafast bootstrap (seed: 717937)...

NOTE: 2 MB RAM (0 GB) is required!
WARNING: Number of threads seems too high for short alignments. Use -T AUTO to determine best number of threads.
Estimate model parameters (epsilon = 0.100)
1. Initial log-likelihood: -4329.586
Optimal log-likelihood: -4329.573
Rate parameters:  A-C: 1.00000  A-G: 2.47630  A-T: 1.00000  C-G: 1.00000  C-T: 3.71950  G-T: 1.00000
Base frequencies:  A: 0.258  C: 0.178  G: 0.289  T: 0.275
Gamma shape alpha: 1.084
Parameters optimization took 1 rounds (0.007 sec)
Wrote distance file to... 
Computing ML distances based on estimated model parameters...
Calculating distance matrix: done in 0.000794017 secs using 454.5% CPU
Computing ML distances took 0.000858 sec (of wall-clock time) 0.003679 sec (of CPU time)
Setting up auxiliary I and S matrices: done in 0.045213 secs using 178.9% CPU
Constructing RapidNJ tree: done in 0.552968 secs using 209.5% CPU
Computing RapidNJ tree took 0.601054 sec (of wall-clock time) 1.241695 sec (of CPU time)
Log-likelihood of RapidNJ tree: -4341.289
--------------------------------------------------------------------
|             INITIALIZING CANDIDATE TREE SET                      |
--------------------------------------------------------------------
Generating 98 parsimony trees... 0.130 second
Computing log-likelihood of 98 initial trees ... 0.420 seconds
Current best score: -4326.732

Do NNI search on 20 best initial trees
Optimizing NNI: done in 0.0486974 secs using 393.1% CPU
Estimate model parameters (epsilon = 0.100)
BETTER TREE FOUND at iteration 1: -4326.102
Optimizing NNI: done in 0.0380369 secs using 394.6% CPU
Optimizing NNI: done in 0.0368255 secs using 396.2% CPU
Optimizing NNI: done in 0.0428963 secs using 395.8% CPU
Optimizing NNI: done in 0.0404656 secs using 391.6% CPU
Optimizing NNI: done in 0.038069 secs using 389.2% CPU
Optimizing NNI: done in 0.0378852 secs using 395.7% CPU
Optimizing NNI: done in 0.037784 secs using 394% CPU
Optimizing NNI: done in 0.0367219 secs using 389% CPU
Optimizing NNI: done in 0.0355592 secs using 398.6% CPU
Iteration 10 / LogL: -4327.100 / Time: 0h:0m:3s
Optimizing NNI: done in 0.0342905 secs using 400.7% CPU
Optimizing NNI: done in 0.037648 secs using 397.7% CPU
Optimizing NNI: done in 0.0351899 secs using 393% CPU
Optimizing NNI: done in 0.0326061 secs using 401% CPU
Optimizing NNI: done in 0.0334237 secs using 387.6% CPU
Optimizing NNI: done in 0.0479662 secs using 393.4% CPU
Optimizing NNI: done in 0.0443258 secs using 401.9% CPU
Optimizing NNI: done in 0.0515849 secs using 388.1% CPU
Optimizing NNI: done in 0.0452268 secs using 402.2% CPU
Optimizing NNI: done in 0.033127 secs using 390% CPU
Iteration 20 / LogL: -4326.900 / Time: 0h:0m:3s
Finish initializing candidate tree set (13)
Current best tree score: -4326.102 / CPU time: 1.362
Number of iterations: 20
--------------------------------------------------------------------
|               OPTIMIZING CANDIDATE TREE SET                      |
--------------------------------------------------------------------
Optimizing NNI: done in 0.058002 secs using 388.6% CPU
Optimizing NNI: done in 0.111585 secs using 349.3% CPU
Optimizing NNI: done in 0.101045 secs using 330.9% CPU
Optimizing NNI: done in 0.0657438 secs using 374.5% CPU
Optimizing NNI: done in 0.0855202 secs using 395.2% CPU
Optimizing NNI: done in 0.0497517 secs using 390.4% CPU
Optimizing NNI: done in 0.0615931 secs using 397.6% CPU
Optimizing NNI: done in 0.060257 secs using 389.4% CPU
Optimizing NNI: done in 0.0365962 secs using 392.3% CPU
Optimizing NNI: done in 0.0476316 secs using 389.5% CPU
Iteration 30 / LogL: -4352.352 / Time: 0h:0m:4s (0h:0m:6s left)
Optimizing NNI: done in 0.0487257 secs using 396.5% CPU
Optimizing NNI: done in 0.0477066 secs using 396.5% CPU
Optimizing NNI: done in 0.0640307 secs using 390.6% CPU
Optimizing NNI: done in 0.0493046 secs using 392.6% CPU
Optimizing NNI: done in 0.0610131 secs using 394.8% CPU
Optimizing NNI: done in 0.0535682 secs using 391.4% CPU
Optimizing NNI: done in 0.044309 secs using 385.3% CPU
Optimizing NNI: done in 0.0465761 secs using 381.6% CPU
Optimizing NNI: done in 0.0456413 secs using 390.7% CPU
Optimizing NNI: done in 0.0499573 secs using 391.2% CPU
Iteration 40 / LogL: -4327.408 / Time: 0h:0m:4s (0h:0m:5s left)
Optimizing NNI: done in 0.0442948 secs using 384.9% CPU
Optimizing NNI: done in 0.0475947 secs using 387.1% CPU
Optimizing NNI: done in 0.0434533 secs using 387.1% CPU
Optimizing NNI: done in 0.0512288 secs using 389.1% CPU
Optimizing NNI: done in 0.0299995 secs using 397.5% CPU
Optimizing NNI: done in 0.0436276 secs using 383.6% CPU
Optimizing NNI: done in 0.0495808 secs using 395.7% CPU
Optimizing NNI: done in 0.0418315 secs using 393.4% CPU
Optimizing NNI: done in 0.0359452 secs using 380.9% CPU
Optimizing NNI: done in 0.0408832 secs using 393% CPU
Iteration 50 / LogL: -4326.102 / Time: 0h:0m:5s (0h:0m:3s left)
Log-likelihood cutoff on original alignment: -4351.473
Optimizing NNI: done in 0.0428078 secs using 384% CPU
Optimizing NNI: done in 0.0481148 secs using 392.3% CPU
Optimizing NNI: done in 0.0434702 secs using 398.5% CPU
UPDATE BEST LOG-LIKELIHOOD: -4326.102
Optimizing NNI: done in 0.0467507 secs using 390.3% CPU
Optimizing NNI: done in 0.0456774 secs using 392.7% CPU
Optimizing NNI: done in 0.053827 secs using 392.2% CPU
Optimizing NNI: done in 0.0538019 secs using 389.1% CPU
Optimizing NNI: done in 0.0585515 secs using 392.5% CPU
Optimizing NNI: done in 0.0628498 secs using 385.1% CPU
Optimizing NNI: done in 0.0462169 secs using 395.9% CPU
Iteration 60 / LogL: -4326.103 / Time: 0h:0m:5s (0h:0m:3s left)
Optimizing NNI: done in 0.0417606 secs using 386.8% CPU
UPDATE BEST LOG-LIKELIHOOD: -4326.101
Optimizing NNI: done in 0.065413 secs using 394.9% CPU
Optimizing NNI: done in 0.0420504 secs using 386.8% CPU
Optimizing NNI: done in 0.0329094 secs using 385.8% CPU
Optimizing NNI: done in 0.0454477 secs using 396.1% CPU
Optimizing NNI: done in 0.0453216 secs using 388.2% CPU
Optimizing NNI: done in 0.0556728 secs using 396.5% CPU
Optimizing NNI: done in 0.0381252 secs using 385.6% CPU
Optimizing NNI: done in 0.0514174 secs using 396.8% CPU
Optimizing NNI: done in 0.0560954 secs using 392.7% CPU
Iteration 70 / LogL: -4326.104 / Time: 0h:0m:6s (0h:0m:2s left)
Optimizing NNI: done in 0.0364236 secs using 388% CPU
Optimizing NNI: done in 0.0449985 secs using 396.6% CPU
Optimizing NNI: done in 0.0474504 secs using 389.9% CPU
Optimizing NNI: done in 0.0467614 secs using 392.4% CPU
Optimizing NNI: done in 0.0528686 secs using 392.2% CPU
Optimizing NNI: done in 0.0527883 secs using 390.6% CPU
Optimizing NNI: done in 0.0304775 secs using 392.5% CPU
Optimizing NNI: done in 0.0449263 secs using 390.9% CPU
Optimizing NNI: done in 0.0592935 secs using 390.1% CPU
Optimizing NNI: done in 0.0423554 secs using 393.5% CPU
Iteration 80 / LogL: -4326.592 / Time: 0h:0m:6s (0h:0m:1s left)
Optimizing NNI: done in 0.0489857 secs using 391% CPU
Optimizing NNI: done in 0.0488167 secs using 389.9% CPU
Optimizing NNI: done in 0.0345301 secs using 398.1% CPU
Optimizing NNI: done in 0.0830415 secs using 395.5% CPU
Optimizing NNI: done in 0.0679547 secs using 388.5% CPU
Optimizing NNI: done in 0.0350983 secs using 384.7% CPU
Optimizing NNI: done in 0.0321078 secs using 392.8% CPU
Optimizing NNI: done in 0.0354429 secs using 384.8% CPU
Optimizing NNI: done in 0.043713 secs using 394.4% CPU
Optimizing NNI: done in 0.033112 secs using 388.2% CPU
Iteration 90 / LogL: -4327.570 / Time: 0h:0m:7s (0h:0m:0s left)
Optimizing NNI: done in 0.0529923 secs using 389.8% CPU
Optimizing NNI: done in 0.0412479 secs using 390.2% CPU
Optimizing NNI: done in 0.0382691 secs using 392.2% CPU
Optimizing NNI: done in 0.036698 secs using 393.9% CPU
Optimizing NNI: done in 0.0490927 secs using 394.2% CPU
Optimizing NNI: done in 0.0487944 secs using 392.3% CPU
Optimizing NNI: done in 0.0436786 secs using 384.9% CPU
Optimizing NNI: done in 0.0366727 secs using 396.8% CPU
Optimizing NNI: done in 0.0774371 secs using 391.5% CPU
Optimizing NNI: done in 0.041099 secs using 388.9% CPU
Iteration 100 / LogL: -4332.871 / Time: 0h:0m:7s (0h:0m:0s left)
Log-likelihood cutoff on original alignment: -4351.473
NOTE: Bootstrap correlation coefficient of split occurrence frequencies: 0.987
NOTE: UFBoot does not converge, continue at least 100 more iterations
Optimizing NNI: done in 0.0581032 secs using 389.7% CPU
Optimizing NNI: done in 0.0499558 secs using 385.3% CPU
Optimizing NNI: done in 0.0442848 secs using 394.4% CPU
Optimizing NNI: done in 0.0536605 secs using 398.9% CPU
Optimizing NNI: done in 0.0481298 secs using 383.7% CPU
Optimizing NNI: done in 0.0532634 secs using 393.6% CPU
Optimizing NNI: done in 0.0622344 secs using 392.8% CPU
Optimizing NNI: done in 0.0462565 secs using 388.7% CPU
Optimizing NNI: done in 0.0409003 secs using 395.5% CPU
Optimizing NNI: done in 0.0775296 secs using 392.5% CPU
Iteration 110 / LogL: -4328.400 / Time: 0h:0m:8s (0h:0m:5s left)
Optimizing NNI: done in 0.0451061 secs using 387.6% CPU
Optimizing NNI: done in 0.048788 secs using 383.9% CPU
Optimizing NNI: done in 0.0470881 secs using 390.2% CPU
Optimizing NNI: done in 0.0350017 secs using 391.3% CPU
Optimizing NNI: done in 0.0553347 secs using 393.2% CPU
Optimizing NNI: done in 0.0464126 secs using 398.8% CPU
Optimizing NNI: done in 0.0449879 secs using 391.9% CPU
Optimizing NNI: done in 0.0528103 secs using 386.9% CPU
Optimizing NNI: done in 0.0633021 secs using 391% CPU
Optimizing NNI: done in 0.0412717 secs using 402.3% CPU
Iteration 120 / LogL: -4326.102 / Time: 0h:0m:8s (0h:0m:5s left)
Optimizing NNI: done in 0.0468604 secs using 391.7% CPU
Optimizing NNI: done in 0.0540905 secs using 383.7% CPU
Optimizing NNI: done in 0.0769398 secs using 392.3% CPU
Optimizing NNI: done in 0.0406477 secs using 387.6% CPU
Optimizing NNI: done in 0.0415753 secs using 389.6% CPU
Optimizing NNI: done in 0.0493814 secs using 382.8% CPU
Optimizing NNI: done in 0.0318162 secs using 392.4% CPU
Optimizing NNI: done in 0.0373015 secs using 392.4% CPU
Optimizing NNI: done in 0.0407699 secs using 398.8% CPU
Optimizing NNI: done in 0.0628134 secs using 393.3% CPU
Iteration 130 / LogL: -4326.102 / Time: 0h:0m:9s (0h:0m:4s left)
Optimizing NNI: done in 0.0387901 secs using 395.8% CPU
Optimizing NNI: done in 0.0423188 secs using 399.5% CPU
Optimizing NNI: done in 0.0450941 secs using 394.2% CPU
Optimizing NNI: done in 0.0616518 secs using 388.9% CPU
Optimizing NNI: done in 0.0608576 secs using 385.9% CPU
Optimizing NNI: done in 0.0479102 secs using 393.5% CPU
Optimizing NNI: done in 0.0427767 secs using 396.3% CPU
Optimizing NNI: done in 0.05337 secs using 395% CPU
Optimizing NNI: done in 0.0421859 secs using 400.5% CPU
Optimizing NNI: done in 0.0283102 secs using 393.9% CPU
Iteration 140 / LogL: -4340.567 / Time: 0h:0m:9s (0h:0m:3s left)
Optimizing NNI: done in 0.0532545 secs using 391.8% CPU
Optimizing NNI: done in 0.051276 secs using 384% CPU
Optimizing NNI: done in 0.0354852 secs using 384.3% CPU
Optimizing NNI: done in 0.0505902 secs using 389.4% CPU
Optimizing NNI: done in 0.0373373 secs using 397.2% CPU
Optimizing NNI: done in 0.03235 secs using 396.6% CPU
Optimizing NNI: done in 0.0633484 secs using 387.5% CPU
Optimizing NNI: done in 0.0577791 secs using 391.3% CPU
Optimizing NNI: done in 0.0406588 secs using 387.3% CPU
Optimizing NNI: done in 0.0606882 secs using 393.1% CPU
Iteration 150 / LogL: -4328.120 / Time: 0h:0m:10s (0h:0m:3s left)
Log-likelihood cutoff on original alignment: -4351.473
Optimizing NNI: done in 0.0472557 secs using 380.9% CPU
Optimizing NNI: done in 0.048495 secs using 393.5% CPU
Optimizing NNI: done in 0.045643 secs using 388.5% CPU
Optimizing NNI: done in 0.0456992 secs using 394.7% CPU
Optimizing NNI: done in 0.0431997 secs using 391.1% CPU
Optimizing NNI: done in 0.0558687 secs using 392.4% CPU
Optimizing NNI: done in 0.0531451 secs using 397.7% CPU
Optimizing NNI: done in 0.0306535 secs using 381% CPU
Optimizing NNI: done in 0.0407222 secs using 394.3% CPU
Optimizing NNI: done in 0.0487065 secs using 388.1% CPU
Iteration 160 / LogL: -4326.103 / Time: 0h:0m:11s (0h:0m:2s left)
Optimizing NNI: done in 0.0624891 secs using 397.1% CPU
Optimizing NNI: done in 0.0397891 secs using 390.9% CPU
Optimizing NNI: done in 0.0495505 secs using 385.7% CPU
Optimizing NNI: done in 0.044126 secs using 386.9% CPU
Optimizing NNI: done in 0.0239044 secs using 393.8% CPU
Optimizing NNI: done in 0.0469467 secs using 392.7% CPU
Optimizing NNI: done in 0.0715442 secs using 386.4% CPU
Optimizing NNI: done in 0.0456379 secs using 394.6% CPU
Optimizing NNI: done in 0.051835 secs using 388.9% CPU
Optimizing NNI: done in 0.0424283 secs using 391.8% CPU
Iteration 170 / LogL: -4326.101 / Time: 0h:0m:11s (0h:0m:1s left)
Optimizing NNI: done in 0.0414226 secs using 393.7% CPU
Estimate model parameters (epsilon = 0.100)
BETTER TREE FOUND at iteration 171: -4325.873
Optimizing NNI: done in 0.0480245 secs using 394.3% CPU
Optimizing NNI: done in 0.0499318 secs using 391.4% CPU
Optimizing NNI: done in 0.0679059 secs using 397.5% CPU
Optimizing NNI: done in 0.058678 secs using 391.4% CPU
Optimizing NNI: done in 0.0393042 secs using 394.8% CPU
Optimizing NNI: done in 0.0579389 secs using 393.8% CPU
Optimizing NNI: done in 0.0416664 secs using 397% CPU
Optimizing NNI: done in 0.054543 secs using 384.9% CPU
Optimizing NNI: done in 0.0509351 secs using 385.7% CPU
Iteration 180 / LogL: -4328.830 / Time: 0h:0m:12s (0h:0m:5s left)
Optimizing NNI: done in 0.0545534 secs using 383% CPU
Optimizing NNI: done in 0.0578693 secs using 395.9% CPU
Optimizing NNI: done in 0.0419991 secs using 390% CPU
Optimizing NNI: done in 0.0407537 secs using 391% CPU
Optimizing NNI: done in 0.0494944 secs using 396.3% CPU
Optimizing NNI: done in 0.0607973 secs using 398.2% CPU
Optimizing NNI: done in 0.0482275 secs using 393.9% CPU
Optimizing NNI: done in 0.0428122 secs using 391.6% CPU
Optimizing NNI: done in 0.0543547 secs using 390% CPU
Optimizing NNI: done in 0.0460383 secs using 385.6% CPU
Iteration 190 / LogL: -4326.109 / Time: 0h:0m:12s (0h:0m:4s left)
Optimizing NNI: done in 0.0456522 secs using 395.2% CPU
Optimizing NNI: done in 0.0501592 secs using 394.3% CPU
Optimizing NNI: done in 0.0631121 secs using 385.2% CPU
Optimizing NNI: done in 0.0380751 secs using 396.4% CPU
Optimizing NNI: done in 0.0676843 secs using 390.4% CPU
Optimizing NNI: done in 0.0377328 secs using 384.4% CPU
Optimizing NNI: done in 0.0456531 secs using 385.4% CPU
Optimizing NNI: done in 0.0569863 secs using 390% CPU
Optimizing NNI: done in 0.0586856 secs using 385.5% CPU
Optimizing NNI: done in 0.0643401 secs using 390.5% CPU
Iteration 200 / LogL: -4325.874 / Time: 0h:0m:13s (0h:0m:4s left)
Log-likelihood cutoff on original alignment: -4351.473
NOTE: Bootstrap correlation coefficient of split occurrence frequencies: 0.989
NOTE: UFBoot does not converge, continue at least 100 more iterations
Optimizing NNI: done in 0.0443725 secs using 392.3% CPU
Optimizing NNI: done in 0.0344461 secs using 387.6% CPU
Optimizing NNI: done in 0.0644543 secs using 365.1% CPU
Optimizing NNI: done in 0.0621353 secs using 390.2% CPU
Optimizing NNI: done in 0.0899217 secs using 371.3% CPU
Optimizing NNI: done in 0.067181 secs using 336.5% CPU
Optimizing NNI: done in 0.070899 secs using 373.1% CPU
Optimizing NNI: done in 0.0850055 secs using 394.8% CPU
Optimizing NNI: done in 0.0341992 secs using 392.7% CPU
Optimizing NNI: done in 0.0408589 secs using 387.8% CPU
Iteration 210 / LogL: -4328.892 / Time: 0h:0m:14s (0h:0m:5s left)
Optimizing NNI: done in 0.0518929 secs using 395.6% CPU
Optimizing NNI: done in 0.0384898 secs using 388.2% CPU
Optimizing NNI: done in 0.0395089 secs using 398.6% CPU
Optimizing NNI: done in 0.053603 secs using 389.8% CPU
Optimizing NNI: done in 0.0756792 secs using 364.7% CPU
Optimizing NNI: done in 0.0636714 secs using 387.9% CPU
Optimizing NNI: done in 0.0478122 secs using 392.6% CPU
Optimizing NNI: done in 0.0704247 secs using 385.8% CPU
Optimizing NNI: done in 0.0673875 secs using 392.8% CPU
Optimizing NNI: done in 0.0660795 secs using 347.5% CPU
Iteration 220 / LogL: -4325.875 / Time: 0h:0m:14s (0h:0m:4s left)
Optimizing NNI: done in 0.0564191 secs using 400% CPU
Optimizing NNI: done in 0.0565931 secs using 392.8% CPU
Optimizing NNI: done in 0.0582849 secs using 390.7% CPU
Optimizing NNI: done in 0.0699058 secs using 395% CPU
Optimizing NNI: done in 0.0617204 secs using 392.4% CPU
Optimizing NNI: done in 0.0536746 secs using 390.1% CPU
Optimizing NNI: done in 0.0664409 secs using 398.4% CPU
Optimizing NNI: done in 0.0363332 secs using 393.9% CPU
Optimizing NNI: done in 0.0531472 secs using 390.8% CPU
Optimizing NNI: done in 0.0506604 secs using 397.4% CPU
Iteration 230 / LogL: -4325.874 / Time: 0h:0m:15s (0h:0m:4s left)
Optimizing NNI: done in 0.0471612 secs using 396.1% CPU
Optimizing NNI: done in 0.0644101 secs using 392.4% CPU
Optimizing NNI: done in 0.063747 secs using 392.2% CPU
Optimizing NNI: done in 0.0459872 secs using 390.8% CPU
Optimizing NNI: done in 0.0754356 secs using 386.3% CPU
Optimizing NNI: done in 0.062595 secs using 394.3% CPU
Optimizing NNI: done in 0.0429052 secs using 386.3% CPU
Optimizing NNI: done in 0.0473865 secs using 399.1% CPU
Optimizing NNI: done in 0.0493019 secs using 389.6% CPU
Optimizing NNI: done in 0.0553979 secs using 398.8% CPU
Iteration 240 / LogL: -4341.787 / Time: 0h:0m:15s (0h:0m:3s left)
Optimizing NNI: done in 0.0477881 secs using 392.5% CPU
Optimizing NNI: done in 0.0718267 secs using 392.8% CPU
Optimizing NNI: done in 0.0538892 secs using 392.5% CPU
Optimizing NNI: done in 0.0501765 secs using 396.3% CPU
Optimizing NNI: done in 0.0555731 secs using 389% CPU
UPDATE BEST LOG-LIKELIHOOD: -4325.873
Optimizing NNI: done in 0.0504435 secs using 392.8% CPU
UPDATE BEST LOG-LIKELIHOOD: -4325.873
Optimizing NNI: done in 0.0604613 secs using 388.5% CPU
Optimizing NNI: done in 0.0551979 secs using 392.7% CPU
Optimizing NNI: done in 0.0505755 secs using 397.7% CPU
Optimizing NNI: done in 0.0599715 secs using 395.8% CPU
Iteration 250 / LogL: -4325.874 / Time: 0h:0m:16s (0h:0m:3s left)
Log-likelihood cutoff on original alignment: -4351.302
Optimizing NNI: done in 0.0714348 secs using 393.8% CPU
Optimizing NNI: done in 0.0642448 secs using 392.9% CPU
Optimizing NNI: done in 0.0526748 secs using 393.6% CPU
Optimizing NNI: done in 0.0705248 secs using 393.9% CPU
Optimizing NNI: done in 0.0384396 secs using 394% CPU
Optimizing NNI: done in 0.0568602 secs using 386% CPU
Optimizing NNI: done in 0.0509302 secs using 394% CPU
Optimizing NNI: done in 0.0502956 secs using 391.8% CPU
Optimizing NNI: done in 0.0510383 secs using 391.1% CPU
Optimizing NNI: done in 0.0506577 secs using 395.6% CPU
Iteration 260 / LogL: -4325.875 / Time: 0h:0m:17s (0h:0m:2s left)
Optimizing NNI: done in 0.0579313 secs using 383.9% CPU
Optimizing NNI: done in 0.0878765 secs using 393.3% CPU
Optimizing NNI: done in 0.0518414 secs using 396.4% CPU
Optimizing NNI: done in 0.0393245 secs using 390% CPU
Optimizing NNI: done in 0.0488408 secs using 396.3% CPU
Optimizing NNI: done in 0.0559762 secs using 392.1% CPU
Optimizing NNI: done in 0.0437505 secs using 385.5% CPU
Optimizing NNI: done in 0.0504984 secs using 396.7% CPU
Optimizing NNI: done in 0.0380973 secs using 396.5% CPU
Optimizing NNI: done in 0.0481953 secs using 392.2% CPU
Iteration 270 / LogL: -4325.874 / Time: 0h:0m:17s (0h:0m:1s left)
Optimizing NNI: done in 0.0636022 secs using 385.3% CPU
Optimizing NNI: done in 0.0598102 secs using 393.5% CPU
Optimizing NNI: done in 0.0584675 secs using 398.4% CPU
Optimizing NNI: done in 0.0577649 secs using 393.5% CPU
Optimizing NNI: done in 0.0479451 secs using 395.8% CPU
Optimizing NNI: done in 0.0485328 secs using 392% CPU
Optimizing NNI: done in 0.0644651 secs using 390.7% CPU
Optimizing NNI: done in 0.0642051 secs using 396.5% CPU
Optimizing NNI: done in 0.0622131 secs using 391.6% CPU
Optimizing NNI: done in 0.0486336 secs using 389.2% CPU
Iteration 280 / LogL: -4327.966 / Time: 0h:0m:18s (0h:0m:1s left)
Optimizing NNI: done in 0.0673493 secs using 382.5% CPU
Optimizing NNI: done in 0.0684159 secs using 389.5% CPU
Optimizing NNI: done in 0.0828578 secs using 389.4% CPU
Optimizing NNI: done in 0.068826 secs using 394.8% CPU
Optimizing NNI: done in 0.069886 secs using 393.3% CPU
Optimizing NNI: done in 0.050485 secs using 382.7% CPU
Optimizing NNI: done in 0.0555894 secs using 390.4% CPU
Optimizing NNI: done in 0.046182 secs using 391.7% CPU
Optimizing NNI: done in 0.0608577 secs using 390.9% CPU
Optimizing NNI: done in 0.0577869 secs using 387.9% CPU
Iteration 290 / LogL: -4325.874 / Time: 0h:0m:19s (0h:0m:0s left)
Optimizing NNI: done in 0.0785683 secs using 393.6% CPU
Optimizing NNI: done in 0.0346082 secs using 392% CPU
Optimizing NNI: done in 0.0488403 secs using 386% CPU
Optimizing NNI: done in 0.0768476 secs using 396.7% CPU
Optimizing NNI: done in 0.0618861 secs using 389.7% CPU
Optimizing NNI: done in 0.0476916 secs using 386.7% CPU
Optimizing NNI: done in 0.0481054 secs using 394.2% CPU
Optimizing NNI: done in 0.0612385 secs using 391.2% CPU
Optimizing NNI: done in 0.0627702 secs using 392.1% CPU
Optimizing NNI: done in 0.0529144 secs using 392.1% CPU
Iteration 300 / LogL: -4339.227 / Time: 0h:0m:19s (0h:0m:0s left)
Log-likelihood cutoff on original alignment: -4351.302
NOTE: Bootstrap correlation coefficient of split occurrence frequencies: 0.986
NOTE: UFBoot does not converge, continue at least 100 more iterations
Optimizing NNI: done in 0.0740346 secs using 390.2% CPU
Optimizing NNI: done in 0.0480406 secs using 390.7% CPU
UPDATE BEST LOG-LIKELIHOOD: -4325.873
Optimizing NNI: done in 0.0493722 secs using 396.8% CPU
Optimizing NNI: done in 0.066706 secs using 394.2% CPU
Optimizing NNI: done in 0.070019 secs using 394% CPU
Optimizing NNI: done in 0.0282992 secs using 401.1% CPU
Optimizing NNI: done in 0.0475063 secs using 397.2% CPU
Optimizing NNI: done in 0.075217 secs using 392.5% CPU
Optimizing NNI: done in 0.0478747 secs using 394% CPU
Optimizing NNI: done in 0.0567243 secs using 397% CPU
Iteration 310 / LogL: -4326.081 / Time: 0h:0m:20s (0h:0m:5s left)
Optimizing NNI: done in 0.0624682 secs using 395% CPU
Optimizing NNI: done in 0.0395041 secs using 388.5% CPU
Optimizing NNI: done in 0.0412593 secs using 388.4% CPU
Optimizing NNI: done in 0.0592596 secs using 397.8% CPU
Optimizing NNI: done in 0.0759974 secs using 390.6% CPU
Optimizing NNI: done in 0.0489147 secs using 395.8% CPU
Optimizing NNI: done in 0.0627039 secs using 389.3% CPU
Optimizing NNI: done in 0.0601802 secs using 391.5% CPU
Optimizing NNI: done in 0.0465157 secs using 398.3% CPU
Optimizing NNI: done in 0.0544454 secs using 396.4% CPU
Iteration 320 / LogL: -4326.005 / Time: 0h:0m:21s (0h:0m:4s left)
Optimizing NNI: done in 0.0529884 secs using 393.7% CPU
Optimizing NNI: done in 0.0507402 secs using 396.3% CPU
Optimizing NNI: done in 0.0478171 secs using 396.2% CPU
Optimizing NNI: done in 0.0654125 secs using 395.4% CPU
Optimizing NNI: done in 0.0574136 secs using 391.8% CPU
Optimizing NNI: done in 0.0454851 secs using 398.3% CPU
UPDATE BEST LOG-LIKELIHOOD: -4325.873
Optimizing NNI: done in 0.0409967 secs using 397.2% CPU
Optimizing NNI: done in 0.0521198 secs using 394.5% CPU
Optimizing NNI: done in 0.0449235 secs using 384.5% CPU
Optimizing NNI: done in 0.0852787 secs using 390.4% CPU
Iteration 330 / LogL: -4325.873 / Time: 0h:0m:21s (0h:0m:4s left)
Optimizing NNI: done in 0.0414425 secs using 384.5% CPU
Optimizing NNI: done in 0.0590061 secs using 388.8% CPU
Optimizing NNI: done in 0.0622036 secs using 396.4% CPU
Optimizing NNI: done in 0.0583648 secs using 392.1% CPU
Optimizing NNI: done in 0.054574 secs using 394.3% CPU
Optimizing NNI: done in 0.0770725 secs using 395.7% CPU
Optimizing NNI: done in 0.0495412 secs using 398.2% CPU
Optimizing NNI: done in 0.0533519 secs using 395.3% CPU
Optimizing NNI: done in 0.0702345 secs using 389.6% CPU
Optimizing NNI: done in 0.0491459 secs using 396.7% CPU
Iteration 340 / LogL: -4326.081 / Time: 0h:0m:22s (0h:0m:3s left)
Optimizing NNI: done in 0.0488479 secs using 396.4% CPU
Optimizing NNI: done in 0.0663741 secs using 395.8% CPU
Optimizing NNI: done in 0.0876338 secs using 394% CPU
Optimizing NNI: done in 0.0510543 secs using 395.4% CPU
Optimizing NNI: done in 0.0524145 secs using 398.8% CPU
Optimizing NNI: done in 0.0648101 secs using 393.8% CPU
Optimizing NNI: done in 0.0591522 secs using 393.8% CPU
Optimizing NNI: done in 0.0467206 secs using 392.9% CPU
Optimizing NNI: done in 0.0473877 secs using 384.6% CPU
Optimizing NNI: done in 0.0499158 secs using 392.3% CPU
Iteration 350 / LogL: -4325.874 / Time: 0h:0m:22s (0h:0m:3s left)
Log-likelihood cutoff on original alignment: -4351.302
Optimizing NNI: done in 0.0444676 secs using 396.3% CPU
Optimizing NNI: done in 0.058569 secs using 395.6% CPU
UPDATE BEST LOG-LIKELIHOOD: -4325.873
Optimizing NNI: done in 0.0737685 secs using 393.6% CPU
Optimizing NNI: done in 0.0580144 secs using 388.8% CPU
Optimizing NNI: done in 0.0365191 secs using 398.7% CPU
Optimizing NNI: done in 0.0613176 secs using 391% CPU
Optimizing NNI: done in 0.0637279 secs using 394.1% CPU
Optimizing NNI: done in 0.0526434 secs using 397.7% CPU
Optimizing NNI: done in 0.053312 secs using 391.9% CPU
Optimizing NNI: done in 0.0631329 secs using 392.2% CPU
Iteration 360 / LogL: -4325.874 / Time: 0h:0m:23s (0h:0m:2s left)
Optimizing NNI: done in 0.065047 secs using 394.1% CPU
Optimizing NNI: done in 0.0517314 secs using 395% CPU
Optimizing NNI: done in 0.0476719 secs using 397.3% CPU
Optimizing NNI: done in 0.0470784 secs using 391.4% CPU
Optimizing NNI: done in 0.0452151 secs using 393.6% CPU
Optimizing NNI: done in 0.0513658 secs using 396.5% CPU
Optimizing NNI: done in 0.0403779 secs using 391.5% CPU
Optimizing NNI: done in 0.0521711 secs using 392.7% CPU
Optimizing NNI: done in 0.0519429 secs using 397.5% CPU
Optimizing NNI: done in 0.0599098 secs using 390.3% CPU
Iteration 370 / LogL: -4327.546 / Time: 0h:0m:24s (0h:0m:1s left)
Optimizing NNI: done in 0.0704286 secs using 396.6% CPU
Optimizing NNI: done in 0.073881 secs using 394.9% CPU
Optimizing NNI: done in 0.0463832 secs using 393.8% CPU
Optimizing NNI: done in 0.122767 secs using 339.7% CPU
Optimizing NNI: done in 0.0568503 secs using 390.8% CPU
Optimizing NNI: done in 0.0488404 secs using 393.6% CPU
Optimizing NNI: done in 0.0561342 secs using 392.2% CPU
Optimizing NNI: done in 0.0462201 secs using 391.6% CPU
Optimizing NNI: done in 0.0562201 secs using 393.3% CPU
Optimizing NNI: done in 0.0717063 secs using 388.6% CPU
Iteration 380 / LogL: -4325.873 / Time: 0h:0m:24s (0h:0m:1s left)
Optimizing NNI: done in 0.0483348 secs using 390.7% CPU
Optimizing NNI: done in 0.0623542 secs using 392.6% CPU
Optimizing NNI: done in 0.0587451 secs using 390.3% CPU
Optimizing NNI: done in 0.0563555 secs using 391.8% CPU
Optimizing NNI: done in 0.0755818 secs using 388.5% CPU
Optimizing NNI: done in 0.0491145 secs using 390.6% CPU
Optimizing NNI: done in 0.0602792 secs using 392.4% CPU
Optimizing NNI: done in 0.0481723 secs using 388.1% CPU
UPDATE BEST LOG-LIKELIHOOD: -4325.873
Optimizing NNI: done in 0.0525607 secs using 394.1% CPU
Optimizing NNI: done in 0.0799363 secs using 391.4% CPU
Iteration 390 / LogL: -4341.990 / Time: 0h:0m:25s (0h:0m:0s left)
Optimizing NNI: done in 0.0560001 secs using 393.7% CPU
Optimizing NNI: done in 0.064512 secs using 394.2% CPU
Optimizing NNI: done in 0.0522322 secs using 388% CPU
Optimizing NNI: done in 0.0657255 secs using 388.1% CPU
Optimizing NNI: done in 0.048067 secs using 390.8% CPU
Optimizing NNI: done in 0.0691173 secs using 391% CPU
Optimizing NNI: done in 0.0391688 secs using 402.3% CPU
Optimizing NNI: done in 0.0487754 secs using 396.5% CPU
Optimizing NNI: done in 0.0454157 secs using 385.9% CPU
Optimizing NNI: done in 0.0814575 secs using 390.9% CPU
Iteration 400 / LogL: -4327.547 / Time: 0h:0m:26s (0h:0m:0s left)
Log-likelihood cutoff on original alignment: -4351.302
NOTE: Bootstrap correlation coefficient of split occurrence frequencies: 0.994
TREE SEARCH COMPLETED AFTER 400 ITERATIONS / Time: 0h:0m:26s

--------------------------------------------------------------------
|                    FINALIZING TREE SEARCH                        |
--------------------------------------------------------------------
Performs final model parameters optimization
Estimate model parameters (epsilon = 0.010)
1. Initial log-likelihood: -4325.873
Optimal log-likelihood: -4325.872
Rate parameters:  A-C: 1.00000  A-G: 2.51905  A-T: 1.00000  C-G: 1.00000  C-T: 3.83711  G-T: 1.00000
Base frequencies:  A: 0.258  C: 0.178  G: 0.289  T: 0.275
Gamma shape alpha: 1.067
Parameters optimization took 1 rounds (0.006 sec)
BEST SCORE FOUND : -4325.872
Creating bootstrap support values...
Split supports printed to NEXUS file results/07_phylogeny/Not_sex_linked/G6717.splits.nex
Total tree length: 0.727

Total number of iterations: 400
CPU time used for tree search: 92.888 sec (0h:1m:32s)
Wall-clock time used for tree search: 24.232 sec (0h:0m:24s)
Total CPU time used: 99.835 sec (0h:1m:39s)
Total wall-clock time used: 26.360 sec (0h:0m:26s)

Computing bootstrap consensus tree...
Reading input file results/07_phylogeny/Not_sex_linked/G6717.splits.nex...
25 taxa and 411 splits.
Consensus tree written to results/07_phylogeny/Not_sex_linked/G6717.contree
Reading input trees file results/07_phylogeny/Not_sex_linked/G6717.contree
Log-likelihood of consensus tree: -4325.874

Analysis results written to: 
  IQ-TREE report:                results/07_phylogeny/Not_sex_linked/G6717.iqtree
  Maximum-likelihood tree:       results/07_phylogeny/Not_sex_linked/G6717.treefile
  Likelihood distances:          results/07_phylogeny/Not_sex_linked/G6717.mldist

Ultrafast bootstrap approximation results written to:
  Split support values:          results/07_phylogeny/Not_sex_linked/G6717.splits.nex
  Consensus tree:                results/07_phylogeny/Not_sex_linked/G6717.contree
  Screen log file:               results/07_phylogeny/Not_sex_linked/G6717.log

Date and Time: Wed May 27 21:02:28 2026
