IQ-TREE version 3.0.1 for Linux x86 64-bit built Jul  9 2025
Developed by Bui Quang Minh, Thomas Wong, Nhan Ly-Trong, Huaiyan Ren
Contributed by Lam-Tung Nguyen, Dominik Schrempf, Chris Bielow,
Olga Chernomor, Michael Woodhams, Diep Thi Hoang, Heiko Schmidt

Host:    c0700a-s19.ufhpc (AVX2, FMA3, 1007 GB RAM)
Command: iqtree -s results/06_alignment/Not_sex_linked/trimmed/G6780.trimmed.aln --prefix results/07_phylogeny/Not_sex_linked/G6780 -m TEST -B 1000 -nt 4 -redo
Seed:    872183 (Using SPRNG - Scalable Parallel Random Number Generator)
Time:    Wed May 27 21:33:43 2026
Kernel:  AVX+FMA - 4 threads (8 CPU cores detected)

Reading alignment file results/06_alignment/Not_sex_linked/trimmed/G6780.trimmed.aln ... Fasta format detected
Reading fasta file: done in 0.000716291 secs using 62.54% CPU
Alignment most likely contains DNA/RNA sequences
Constructing alignment: done in 0.00143017 secs using 224.2% CPU
Alignment has 23 sequences with 1889 columns, 1125 distinct patterns
525 parsimony-informative, 647 singleton sites, 717 constant sites
                  Gap/Ambiguity  Composition  p-value
Analyzing sequences: done in 6.00321e-05 secs using 2790% CPU
   1  S0026_G6780_R1_A    2.06%    passed     95.69%
   2  S0013_G6780_R1_A    4.92%    passed     96.33%
   3  S0028_G6780_R1_A    0.16%    passed     82.48%
   4  S0030_G6780_R1_A    3.49%    passed     99.56%
   5  S0016_G6780_R1_A    0.26%    passed     99.07%
   6  S0011_G6780_R1_A    2.06%    passed     84.11%
   7  S0036_G6780_R1_A    3.02%    passed     95.30%
   8  S0004_G6780_R1_A    1.59%    passed     94.47%
   9  S0037_G6780_R1_A    1.96%    passed     91.91%
  10  S0048_G6780_R1_A    0.05%    passed     87.67%
  11  S0050_G6780_R1_A    1.32%    passed     96.20%
  12  S0019_G6780_R1_A    4.66%    passed     99.35%
  13  S0021_G6780_R1_A    1.27%    passed     91.20%
  14  S0002_G6780_R1_A    3.55%    passed     97.84%
  15  S0031_G6780_R1_A    2.65%    passed     96.05%
  16  S0016_G6780_R2_A    0.21%    failed      0.54%
  17  S0046_G6780_R1_A    4.13%    passed     95.91%
  18  S0020_G6780_R1_A    9.37%    passed     81.44%
  19  S0012_G6780_R1_A    1.38%    passed     95.55%
  20  S0022_G6780_R1_A    2.22%    passed     80.74%
  21  S0017_G6780_R1_A    3.44%    passed     86.48%
  22  S0005_G6780_R1_A    4.50%    passed     71.46%
  23  S0018_G6780_R1_A   20.06%    passed     73.46%
****  TOTAL               3.41%  1 sequences failed composition chi2 test (p-value<5%; df=3)
Checking for duplicate sequences: done in 0.000134622 secs using 99.54% CPU


Create initial parsimony tree by phylogenetic likelihood library (PLL)... 0.003 seconds
Perform fast likelihood tree search using GTR+I+G model...
Estimate model parameters (epsilon = 5.000)
Perform nearest neighbor interchange...
Optimizing NNI: done in 0.0875991 secs using 388.9% CPU
Estimate model parameters (epsilon = 1.000)
1. Initial log-likelihood: -14353.618
2. Current log-likelihood: -14352.475
Optimal log-likelihood: -14351.523
Rate parameters:  A-C: 0.99685  A-G: 2.59690  A-T: 0.85178  C-G: 0.89272  C-T: 3.06134  G-T: 1.00000
Base frequencies:  A: 0.267  C: 0.176  G: 0.233  T: 0.324
Proportion of invariable sites: 0.143
Gamma shape alpha: 1.759
Parameters optimization took 2 rounds (0.044 sec)
Time for fast ML tree search: 0.230 seconds

NOTE: ModelFinder requires 7 MB RAM!
ModelFinder will test up to 176 DNA models (sample size: 1889 epsilon: 0.100) ...
 No. Model         -LnL         df  AIC          AICc         BIC
  1  JC            15038.745    43  30163.491    30165.542    30401.874
  2  JC+I          14872.975    44  29833.951    29836.098    30077.878
  3  JC+G4         14775.037    44  29638.074    29640.222    29882.002
  4  JC+I+G4       14777.259    45  29644.518    29646.765    29893.989
  7  JC+G4         14775.037    44  29638.074    29640.222    29882.002
 11  F81+G4        14775.036    44  29638.072    29640.219    29881.999
 15  F81+F+G4      14678.767    47  29451.534    29453.985    29712.093
 19  K2P+G4        14467.330    45  29024.659    29026.906    29274.130
 23  K2P+G4        14467.330    45  29024.659    29026.906    29274.130
 27  HKY+G4        14467.330    45  29024.659    29026.905    29274.130
 31  HKY+F+G4      14349.613    48  28795.227    28797.783    29061.329
 35  TNe+G4        14465.905    46  29023.811    29026.158    29278.825
 39  TNe+G4        14465.905    46  29023.811    29026.158    29278.825
 43  TN+G4         14465.905    46  29023.810    29026.157    29278.825
 47  TN+F+G4       14345.626    49  28789.252    28791.916    29060.898
 51  K3P+G4        14466.328    46  29024.656    29027.004    29279.671
 55  K3P+G4        14466.328    46  29024.656    29027.004    29279.671
 59  K3Pu+G4       14466.328    46  29024.656    29027.004    29279.671
 63  K3Pu+F+G4     14347.878    49  28793.755    28796.420    29065.402
 67  TPM2+G4       14466.993    46  29025.986    29028.333    29281.001
 71  TPM2+G4       14466.993    46  29025.986    29028.333    29281.001
 75  TPM2u+G4      14466.993    46  29025.986    29028.333    29281.000
 79  TPM2u+F+G4    14349.399    49  28796.798    28799.463    29068.445
 83  TPM3+G4       14448.579    46  28989.158    28991.505    29244.173
 87  TPM3+G4       14448.579    46  28989.158    28991.505    29244.173
 91  TPM3u+G4      14448.578    46  28989.157    28991.504    29244.172
 95  TPM3u+F+G4    14349.520    49  28797.040    28799.705    29068.686
 99  TIMe+G4       14464.906    47  29023.813    29026.264    29284.372
103  TIMe+G4       14464.906    47  29023.813    29026.264    29284.372
107  TIM+G4        14464.906    47  29023.812    29026.263    29284.371
111  TIM+F+G4      14343.896    50  28787.791    28790.566    29064.981
115  TIM2e+G4      14465.572    47  29025.144    29027.595    29285.703
119  TIM2e+G4      14465.572    47  29025.144    29027.595    29285.703
123  TIM2+G4       14465.572    47  29025.144    29027.594    29285.702
127  TIM2+F+G4     14345.436    50  28790.872    28793.647    29068.062
131  TIM3e+G4      14446.733    47  28987.465    28989.916    29248.024
135  TIM3e+G4      14446.733    47  28987.465    28989.916    29248.024
139  TIM3+G4       14446.733    47  28987.465    28989.916    29248.024
143  TIM3+F+G4     14345.482    50  28790.963    28793.738    29068.153
147  TVMe+G4       14446.695    48  28989.390    28991.947    29255.493
151  TVMe+G4       14446.695    48  28989.390    28991.947    29255.493
155  TVM+G4        14446.695    48  28989.390    28991.946    29255.492
159  TVM+F+G4      14347.804    51  28797.607    28800.495    29080.341
163  SYM+G4        14444.854    49  28987.709    28990.373    29259.355
167  SYM+G4        14444.854    49  28987.709    28990.373    29259.355
171  GTR+G4        14444.854    49  28987.709    28990.373    29259.355
175  GTR+F+G4      14343.783    52  28791.567    28794.569    29079.845
Akaike Information Criterion:           TIM+F+G4
Corrected Akaike Information Criterion: TIM+F+G4
Bayesian Information Criterion:         TN+F+G4
Best-fit model: TN+F+G4 chosen according to BIC

All model information printed to results/07_phylogeny/Not_sex_linked/G6780.model.gz
CPU time for ModelFinder: 5.512 seconds (0h:0m:5s)
Wall-clock time for ModelFinder: 1.397 seconds (0h:0m:1s)
Generating 1000 samples for ultrafast bootstrap (seed: 872183)...

NOTE: 7 MB RAM (0 GB) is required!
Estimate model parameters (epsilon = 0.100)
1. Initial log-likelihood: -14345.635
Optimal log-likelihood: -14345.626
Rate parameters:  A-C: 1.00000  A-G: 2.77082  A-T: 1.00000  C-G: 1.00000  C-T: 3.33175  G-T: 1.00000
Base frequencies:  A: 0.267  C: 0.176  G: 0.233  T: 0.324
Gamma shape alpha: 1.080
Parameters optimization took 1 rounds (0.012 sec)
Wrote distance file to... 
Computing ML distances based on estimated model parameters...
Calculating distance matrix: done in 0.000949357 secs using 690.9% CPU
Computing ML distances took 0.001078 sec (of wall-clock time) 0.006694 sec (of CPU time)
Setting up auxiliary I and S matrices: done in 0.0401446 secs using 247.3% CPU
Constructing RapidNJ tree: done in 1.10275 secs using 246% CPU
Computing RapidNJ tree took 1.143052 sec (of wall-clock time) 2.812436 sec (of CPU time)
Log-likelihood of RapidNJ tree: -14428.898
--------------------------------------------------------------------
|             INITIALIZING CANDIDATE TREE SET                      |
--------------------------------------------------------------------
Generating 98 parsimony trees... 0.293 second
Computing log-likelihood of 98 initial trees ... 0.488 seconds
Current best score: -14345.626

Do NNI search on 20 best initial trees
Optimizing NNI: done in 0.0200315 secs using 397.1% CPU
Estimate model parameters (epsilon = 0.100)
BETTER TREE FOUND at iteration 1: -14345.626
Optimizing NNI: done in 0.0553011 secs using 393.7% CPU
Estimate model parameters (epsilon = 0.100)
BETTER TREE FOUND at iteration 2: -14344.748
Optimizing NNI: done in 0.0644394 secs using 393.8% CPU
Optimizing NNI: done in 0.0403346 secs using 392.5% CPU
Optimizing NNI: done in 0.0561053 secs using 395.1% CPU
Optimizing NNI: done in 0.116707 secs using 397.3% CPU
Optimizing NNI: done in 0.0427213 secs using 399.4% CPU
Optimizing NNI: done in 0.0496874 secs using 393.3% CPU
Optimizing NNI: done in 0.0925215 secs using 396.7% CPU
Optimizing NNI: done in 0.072427 secs using 392.9% CPU
Iteration 10 / LogL: -14351.317 / Time: 0h:0m:4s
Optimizing NNI: done in 0.111681 secs using 397.1% CPU
UPDATE BEST LOG-LIKELIHOOD: -14344.748
Optimizing NNI: done in 0.0934253 secs using 394.2% CPU
Optimizing NNI: done in 0.0905455 secs using 395.5% CPU
Optimizing NNI: done in 0.113526 secs using 396% CPU
Optimizing NNI: done in 0.0914193 secs using 391.7% CPU
Optimizing NNI: done in 0.108417 secs using 392.3% CPU
Optimizing NNI: done in 0.0665857 secs using 394.7% CPU
Optimizing NNI: done in 0.0855568 secs using 393.2% CPU
Estimate model parameters (epsilon = 0.100)
BETTER TREE FOUND at iteration 18: -14344.683
Optimizing NNI: done in 0.1012 secs using 393.8% CPU
Optimizing NNI: done in 0.106898 secs using 395.7% CPU
Iteration 20 / LogL: -14348.905 / Time: 0h:0m:5s
Finish initializing candidate tree set (9)
Current best tree score: -14344.683 / CPU time: 2.413
Number of iterations: 20
--------------------------------------------------------------------
|               OPTIMIZING CANDIDATE TREE SET                      |
--------------------------------------------------------------------
Optimizing NNI: done in 0.089436 secs using 393.6% CPU
Optimizing NNI: done in 0.0685058 secs using 390.8% CPU
Optimizing NNI: done in 0.123236 secs using 393.5% CPU
Optimizing NNI: done in 0.0798651 secs using 392.9% CPU
Optimizing NNI: done in 0.147046 secs using 395.2% CPU
Optimizing NNI: done in 0.0642872 secs using 394.5% CPU
Optimizing NNI: done in 0.0625142 secs using 398.2% CPU
Optimizing NNI: done in 0.120271 secs using 392.5% CPU
Optimizing NNI: done in 0.0939269 secs using 396.7% CPU
Optimizing NNI: done in 0.0408254 secs using 388.7% CPU
Iteration 30 / LogL: -14345.638 / Time: 0h:0m:6s (0h:0m:14s left)
Optimizing NNI: done in 0.102672 secs using 393.6% CPU
Optimizing NNI: done in 0.0947158 secs using 394.2% CPU
Optimizing NNI: done in 0.10676 secs using 394.2% CPU
Optimizing NNI: done in 0.0745978 secs using 397.4% CPU
Optimizing NNI: done in 0.0729034 secs using 396.5% CPU
Optimizing NNI: done in 0.0587904 secs using 397% CPU
Optimizing NNI: done in 0.0843199 secs using 390% CPU
Optimizing NNI: done in 0.0581455 secs using 397% CPU
Optimizing NNI: done in 0.0761941 secs using 394.3% CPU
Optimizing NNI: done in 0.0817922 secs using 392.8% CPU
Iteration 40 / LogL: -14344.684 / Time: 0h:0m:7s (0h:0m:11s left)
Optimizing NNI: done in 0.0983085 secs using 394.5% CPU
Optimizing NNI: done in 0.0902675 secs using 396.4% CPU
Optimizing NNI: done in 0.115346 secs using 395.6% CPU
Optimizing NNI: done in 0.0831201 secs using 397.1% CPU
Optimizing NNI: done in 0.0894434 secs using 394.9% CPU
Optimizing NNI: done in 0.0619094 secs using 396.3% CPU
Optimizing NNI: done in 0.0672727 secs using 392.1% CPU
Optimizing NNI: done in 0.153626 secs using 394.8% CPU
Optimizing NNI: done in 0.0761273 secs using 395.8% CPU
Optimizing NNI: done in 0.139434 secs using 397.9% CPU
Iteration 50 / LogL: -14346.867 / Time: 0h:0m:8s (0h:0m:9s left)
Log-likelihood cutoff on original alignment: -14373.416
Optimizing NNI: done in 0.181155 secs using 281% CPU
Optimizing NNI: done in 0.0840612 secs using 394.8% CPU
Optimizing NNI: done in 0.0625592 secs using 391.7% CPU
Optimizing NNI: done in 0.0619861 secs using 394.3% CPU
Optimizing NNI: done in 0.106447 secs using 393.5% CPU
Optimizing NNI: done in 0.0439824 secs using 391.1% CPU
Optimizing NNI: done in 0.0677057 secs using 398.8% CPU
Optimizing NNI: done in 0.0709344 secs using 395% CPU
Optimizing NNI: done in 0.077584 secs using 395.5% CPU
Optimizing NNI: done in 0.0913765 secs using 394.3% CPU
Iteration 60 / LogL: -14344.753 / Time: 0h:0m:9s (0h:0m:7s left)
Optimizing NNI: done in 0.0622397 secs using 391.7% CPU
Optimizing NNI: done in 0.0860508 secs using 390.6% CPU
Optimizing NNI: done in 0.0983948 secs using 392.2% CPU
Optimizing NNI: done in 0.0431758 secs using 400.7% CPU
Optimizing NNI: done in 0.10559 secs using 394% CPU
Optimizing NNI: done in 0.0807547 secs using 394.7% CPU
Optimizing NNI: done in 0.0701133 secs using 396.9% CPU
Optimizing NNI: done in 0.0815902 secs using 397.9% CPU
Optimizing NNI: done in 0.0698757 secs using 395.3% CPU
Optimizing NNI: done in 0.0748963 secs using 395.3% CPU
Iteration 70 / LogL: -14357.458 / Time: 0h:0m:9s (0h:0m:5s left)
Optimizing NNI: done in 0.129169 secs using 394.1% CPU
Optimizing NNI: done in 0.107085 secs using 392.6% CPU
Optimizing NNI: done in 0.108194 secs using 395.2% CPU
Optimizing NNI: done in 0.081359 secs using 391.5% CPU
Optimizing NNI: done in 0.0758317 secs using 396.6% CPU
Optimizing NNI: done in 0.0634367 secs using 391% CPU
Optimizing NNI: done in 0.0939132 secs using 395.6% CPU
Optimizing NNI: done in 0.091736 secs using 389.9% CPU
Optimizing NNI: done in 0.069041 secs using 393.2% CPU
Optimizing NNI: done in 0.0609288 secs using 393.1% CPU
Iteration 80 / LogL: -14344.683 / Time: 0h:0m:10s (0h:0m:4s left)
Optimizing NNI: done in 0.0779373 secs using 395.2% CPU
Optimizing NNI: done in 0.0651149 secs using 392.5% CPU
Optimizing NNI: done in 0.0689088 secs using 393.6% CPU
Optimizing NNI: done in 0.0886905 secs using 396.4% CPU
Optimizing NNI: done in 0.0820424 secs using 396.2% CPU
Optimizing NNI: done in 0.0709241 secs using 396.4% CPU
Optimizing NNI: done in 0.0633528 secs using 389.8% CPU
Optimizing NNI: done in 0.0622908 secs using 392.7% CPU
Optimizing NNI: done in 0.0844297 secs using 396.3% CPU
Optimizing NNI: done in 0.0793931 secs using 393.3% CPU
Iteration 90 / LogL: -14345.632 / Time: 0h:0m:11s (0h:0m:3s left)
Optimizing NNI: done in 0.0841005 secs using 395% CPU
Optimizing NNI: done in 0.0723549 secs using 394.7% CPU
Optimizing NNI: done in 0.0663823 secs using 397.3% CPU
Optimizing NNI: done in 0.0747154 secs using 388% CPU
Optimizing NNI: done in 0.0686154 secs using 397.9% CPU
Optimizing NNI: done in 0.0806918 secs using 388.8% CPU
Optimizing NNI: done in 0.0758729 secs using 391.5% CPU
Optimizing NNI: done in 0.0550938 secs using 395.2% CPU
Optimizing NNI: done in 0.0733693 secs using 393.3% CPU
Optimizing NNI: done in 0.079442 secs using 393.3% CPU
Iteration 100 / LogL: -14344.751 / Time: 0h:0m:12s (0h:0m:1s left)
Log-likelihood cutoff on original alignment: -14373.416
NOTE: Bootstrap correlation coefficient of split occurrence frequencies: 0.999
Optimizing NNI: done in 0.100294 secs using 395% CPU
Optimizing NNI: done in 0.0804714 secs using 392% CPU
Optimizing NNI: done in 0.0750918 secs using 394.6% CPU
Optimizing NNI: done in 0.0962207 secs using 389.7% CPU
Optimizing NNI: done in 0.0694863 secs using 394.1% CPU
Optimizing NNI: done in 0.0516198 secs using 390.4% CPU
Optimizing NNI: done in 0.0756246 secs using 388.7% CPU
Optimizing NNI: done in 0.0965627 secs using 399% CPU
Optimizing NNI: done in 0.0609357 secs using 391.5% CPU
Optimizing NNI: done in 0.0607448 secs using 395.4% CPU
Iteration 110 / LogL: -14344.751 / Time: 0h:0m:13s (0h:0m:9s left)
Optimizing NNI: done in 0.0498936 secs using 396.4% CPU
Optimizing NNI: done in 0.0816196 secs using 392.8% CPU
Optimizing NNI: done in 0.0584738 secs using 394.7% CPU
Optimizing NNI: done in 0.0460761 secs using 394.8% CPU
Optimizing NNI: done in 0.0725689 secs using 396.6% CPU
UPDATE BEST LOG-LIKELIHOOD: -14344.683
Optimizing NNI: done in 0.0832048 secs using 389.6% CPU
Optimizing NNI: done in 0.0640252 secs using 391.3% CPU
Optimizing NNI: done in 0.0567769 secs using 386.4% CPU
Optimizing NNI: done in 0.0740164 secs using 394.9% CPU
TREE SEARCH COMPLETED AFTER 119 ITERATIONS / Time: 0h:0m:13s

--------------------------------------------------------------------
|                    FINALIZING TREE SEARCH                        |
--------------------------------------------------------------------
Performs final model parameters optimization
Estimate model parameters (epsilon = 0.010)
1. Initial log-likelihood: -14344.683
Optimal log-likelihood: -14344.683
Rate parameters:  A-C: 1.00000  A-G: 2.77042  A-T: 1.00000  C-G: 1.00000  C-T: 3.34331  G-T: 1.00000
Base frequencies:  A: 0.267  C: 0.176  G: 0.233  T: 0.324
Gamma shape alpha: 1.076
Parameters optimization took 1 rounds (0.009 sec)
BEST SCORE FOUND : -14344.683
Creating bootstrap support values...
Split supports printed to NEXUS file results/07_phylogeny/Not_sex_linked/G6780.splits.nex
Total tree length: 1.589

Total number of iterations: 119
CPU time used for tree search: 41.656 sec (0h:0m:41s)
Wall-clock time used for tree search: 10.887 sec (0h:0m:10s)
Total CPU time used: 51.085 sec (0h:0m:51s)
Total wall-clock time used: 13.844 sec (0h:0m:13s)

Computing bootstrap consensus tree...
Reading input file results/07_phylogeny/Not_sex_linked/G6780.splits.nex...
23 taxa and 265 splits.
Consensus tree written to results/07_phylogeny/Not_sex_linked/G6780.contree
Reading input trees file results/07_phylogeny/Not_sex_linked/G6780.contree
Log-likelihood of consensus tree: -14346.870

Analysis results written to: 
  IQ-TREE report:                results/07_phylogeny/Not_sex_linked/G6780.iqtree
  Maximum-likelihood tree:       results/07_phylogeny/Not_sex_linked/G6780.treefile
  Likelihood distances:          results/07_phylogeny/Not_sex_linked/G6780.mldist

Ultrafast bootstrap approximation results written to:
  Split support values:          results/07_phylogeny/Not_sex_linked/G6780.splits.nex
  Consensus tree:                results/07_phylogeny/Not_sex_linked/G6780.contree
  Screen log file:               results/07_phylogeny/Not_sex_linked/G6780.log

Date and Time: Wed May 27 21:33:57 2026
