IQ-TREE version 3.0.1 for Linux x86 64-bit built Jul  9 2025
Developed by Bui Quang Minh, Thomas Wong, Nhan Ly-Trong, Huaiyan Ren
Contributed by Lam-Tung Nguyen, Dominik Schrempf, Chris Bielow,
Olga Chernomor, Michael Woodhams, Diep Thi Hoang, Heiko Schmidt

Host:    c0700a-s19.ufhpc (AVX2, FMA3, 1007 GB RAM)
Command: iqtree -s results/06_alignment/Not_sex_linked/trimmed/G7067.trimmed.aln --prefix results/07_phylogeny/Not_sex_linked/G7067 -m TEST -B 1000 -nt 4 -redo
Seed:    305615 (Using SPRNG - Scalable Parallel Random Number Generator)
Time:    Wed May 27 20:54:30 2026
Kernel:  AVX+FMA - 4 threads (8 CPU cores detected)

Reading alignment file results/06_alignment/Not_sex_linked/trimmed/G7067.trimmed.aln ... Fasta format detected
Reading fasta file: done in 0.000741348 secs using 96.99% CPU
Alignment most likely contains DNA/RNA sequences
Constructing alignment: done in 0.00125281 secs using 332% CPU
Alignment has 24 sequences with 2034 columns, 1017 distinct patterns
453 parsimony-informative, 653 singleton sites, 928 constant sites
                  Gap/Ambiguity  Composition  p-value
Analyzing sequences: done in 5.28288e-05 secs using 4045% CPU
   1  S0004_G7067_R1_A    0.25%    passed     88.55%
   2  S0022_G7067_R1_A    0.98%    passed     97.77%
   3  S0046_G7067_R1_A    0.93%    passed     99.85%
   4  S0013_G7067_R1_A    0.59%    passed     99.57%
   5  S0036_G7067_R1_A    0.54%    passed     95.14%
   6  S0019_G7067_R1_A    0.49%    passed     98.21%
   7  S0016_G7067_R1_A    0.93%    passed     96.75%
   8  S0026_G7067_R1_A    1.87%    passed     98.23%
   9  S0020_G7067_R1_A    1.67%    passed     98.83%
  10  S0002_G7067_R1_A    1.33%    passed     49.60%
  11  S0030_G7067_R1_A    1.62%    passed     95.53%
  12  S0028_G7067_R1_A    2.26%    passed     95.21%
  13  S0011_G7067_R1_A    0.69%    passed     93.27%
  14  S0011_G7067_R2_A    1.18%    passed     83.24%
  15  S0013_G7067_R2_A    3.44%    passed     94.22%
  16  S0018_G7067_R1_A    0.39%    passed     96.22%
  17  S0031_G7067_R1_A    2.80%    passed     98.12%
  18  S0021_G7067_R1_A    0.84%    passed     95.75%
  19  S0037_G7067_R1_A    2.65%    passed     92.96%
  20  S0012_G7067_R1_A    1.82%    passed     93.30%
  21  S0048_G7067_R1_A    0.29%    passed     83.70%
  22  S0050_G7067_R1_A    0.74%    passed     76.78%
  23  S0017_G7067_R1_A    9.83%    passed     83.73%
  24  S0005_G7067_R1_A    2.02%    passed     98.99%
****  TOTAL               1.67%  0 sequences failed composition chi2 test (p-value<5%; df=3)
Checking for duplicate sequences: done in 0.00012279 secs using 99.36% CPU


Create initial parsimony tree by phylogenetic likelihood library (PLL)... 0.002 seconds
Perform fast likelihood tree search using GTR+I+G model...
Estimate model parameters (epsilon = 5.000)
Perform nearest neighbor interchange...
Optimizing NNI: done in 0.0797756 secs using 397.8% CPU
Estimate model parameters (epsilon = 1.000)
1. Initial log-likelihood: -12893.019
Optimal log-likelihood: -12892.701
Rate parameters:  A-C: 0.89386  A-G: 2.79941  A-T: 0.93887  C-G: 0.80866  C-T: 2.85030  G-T: 1.00000
Base frequencies:  A: 0.248  C: 0.195  G: 0.227  T: 0.330
Proportion of invariable sites: 0.202
Gamma shape alpha: 3.872
Parameters optimization took 1 rounds (0.032 sec)
Time for fast ML tree search: 0.206 seconds

NOTE: ModelFinder requires 7 MB RAM!
ModelFinder will test up to 176 DNA models (sample size: 2034 epsilon: 0.100) ...
 No. Model         -LnL         df  AIC          AICc         BIC
  1  JC            13345.200    45  26780.400    26782.483    27033.200
  2  JC+I          13262.196    46  26616.391    26618.567    26874.808
  3  JC+G4         13244.602    46  26581.204    26583.380    26839.621
  4  JC+I+G4       13246.598    47  26587.196    26589.468    26851.230
  7  JC+G4         13244.602    46  26581.204    26583.380    26839.621
 11  F81+G4        13244.602    46  26581.204    26583.380    26839.621
 15  F81+F+G4      13168.112    49  26434.223    26436.693    26709.493
 19  K2P+G4        12983.580    47  26061.161    26063.433    26325.195
 23  K2P+G4        12983.580    47  26061.161    26063.433    26325.195
 27  HKY+G4        12983.580    47  26061.161    26063.433    26325.195
 31  HKY+F+G4      12892.357    50  25884.714    25887.286    26165.602
 35  TNe+G4        12982.765    48  26061.530    26063.900    26331.183
 39  TNe+G4        12982.765    48  26061.530    26063.900    26331.183
 43  TN+G4         12982.765    48  26061.530    26063.900    26331.182
 47  TN+F+G4       12892.267    51  25886.534    25889.210    26173.039
 51  K3P+G4        12983.393    48  26062.786    26065.155    26332.438
 55  K3P+G4        12983.393    48  26062.786    26065.155    26332.438
 59  K3Pu+G4       12983.392    48  26062.785    26065.155    26332.437
 63  K3Pu+F+G4     12891.955    51  25885.910    25888.586    26172.416
 67  TPM2+G4       12983.236    48  26062.472    26064.842    26332.124
 71  TPM2+G4       12983.236    48  26062.472    26064.842    26332.124
 75  TPM2u+G4      12983.236    48  26062.472    26064.842    26332.124
 79  TPM2u+F+G4    12892.357    51  25886.713    25889.389    26173.219
 83  TPM3+G4       12964.866    48  26025.731    26028.101    26295.384
 87  TPM3+G4       12964.866    48  26025.731    26028.101    26295.384
 91  TPM3u+G4      12964.865    48  26025.731    26028.101    26295.383
 95  TPM3u+F+G4    12890.946    51  25883.892    25886.568    26170.398
 99  TIMe+G4       12982.578    49  26063.157    26065.627    26338.427
103  TIMe+G4       12982.578    49  26063.157    26065.627    26338.427
107  TIM+G4        12982.577    49  26063.155    26065.624    26338.425
111  TIM+F+G4      12891.865    52  25887.730    25890.513    26179.854
115  TIM2e+G4      12982.426    49  26062.852    26065.322    26338.122
119  TIM2e+G4      12982.426    49  26062.852    26065.322    26338.122
123  TIM2+G4       12982.426    49  26062.852    26065.322    26338.122
127  TIM2+F+G4     12892.267    52  25888.533    25891.316    26180.657
131  TIM3e+G4      12963.845    49  26025.690    26028.160    26300.960
135  TIM3e+G4      12963.845    49  26025.690    26028.160    26300.960
139  TIM3+G4       12963.843    49  26025.686    26028.156    26300.957
143  TIM3+F+G4     12890.870    52  25885.739    25888.522    26177.863
147  TVMe+G4       12964.007    50  26028.014    26030.586    26308.902
151  TVMe+G4       12964.007    50  26028.014    26030.586    26308.902
155  TVM+G4        12964.006    50  26028.012    26030.583    26308.900
159  TVM+F+G4      12890.427    53  25886.853    25889.744    26184.594
163  SYM+G4        12962.989    51  26027.977    26030.654    26314.483
167  SYM+G4        12962.989    51  26027.977    26030.654    26314.483
171  GTR+G4        12962.988    51  26027.976    26030.652    26314.482
175  GTR+F+G4      12890.350    54  25888.700    25891.702    26192.059
Akaike Information Criterion:           TPM3u+F+G4
Corrected Akaike Information Criterion: TPM3u+F+G4
Bayesian Information Criterion:         HKY+F+G4
Best-fit model: HKY+F+G4 chosen according to BIC

All model information printed to results/07_phylogeny/Not_sex_linked/G7067.model.gz
CPU time for ModelFinder: 4.631 seconds (0h:0m:4s)
Wall-clock time for ModelFinder: 1.172 seconds (0h:0m:1s)
Generating 1000 samples for ultrafast bootstrap (seed: 305615)...

NOTE: 7 MB RAM (0 GB) is required!
Estimate model parameters (epsilon = 0.100)
1. Initial log-likelihood: -12892.410
Optimal log-likelihood: -12892.357
Rate parameters:  A-C: 1.00000  A-G: 3.05003  A-T: 1.00000  C-G: 1.00000  C-T: 3.05003  G-T: 1.00000
Base frequencies:  A: 0.248  C: 0.195  G: 0.227  T: 0.330
Gamma shape alpha: 1.402
Parameters optimization took 1 rounds (0.010 sec)
Wrote distance file to... 
Computing ML distances based on estimated model parameters...
Calculating distance matrix: done in 0.000915975 secs using 635% CPU
Computing ML distances took 0.001033 sec (of wall-clock time) 0.005937 sec (of CPU time)
Setting up auxiliary I and S matrices: done in 0.000432339 secs using 352.3% CPU
Constructing RapidNJ tree: done in 0.0162538 secs using 228.9% CPU
Computing RapidNJ tree took 0.016802 sec (of wall-clock time) 0.039127 sec (of CPU time)
Log-likelihood of RapidNJ tree: -12998.921
--------------------------------------------------------------------
|             INITIALIZING CANDIDATE TREE SET                      |
--------------------------------------------------------------------
Generating 98 parsimony trees... 0.259 second
Computing log-likelihood of 98 initial trees ... 0.510 seconds
Current best score: -12870.759

Do NNI search on 20 best initial trees
Optimizing NNI: done in 0.0440784 secs using 391.7% CPU
Estimate model parameters (epsilon = 0.100)
BETTER TREE FOUND at iteration 1: -12868.228
Optimizing NNI: done in 0.0618414 secs using 396.5% CPU
UPDATE BEST LOG-LIKELIHOOD: -12868.228
Optimizing NNI: done in 0.0614276 secs using 398.6% CPU
Estimate model parameters (epsilon = 0.100)
BETTER TREE FOUND at iteration 3: -12866.158
Optimizing NNI: done in 0.0511846 secs using 396.1% CPU
Optimizing NNI: done in 0.0560899 secs using 396.9% CPU
Optimizing NNI: done in 0.0708024 secs using 398.3% CPU
Estimate model parameters (epsilon = 0.100)
BETTER TREE FOUND at iteration 6: -12863.657
Optimizing NNI: done in 0.0524079 secs using 395.4% CPU
Optimizing NNI: done in 0.0700563 secs using 396% CPU
Optimizing NNI: done in 0.11433 secs using 395% CPU
Optimizing NNI: done in 0.0608483 secs using 398.4% CPU
Iteration 10 / LogL: -12868.230 / Time: 0h:0m:2s
Optimizing NNI: done in 0.0498527 secs using 398.5% CPU
Optimizing NNI: done in 0.0502913 secs using 393.7% CPU
Optimizing NNI: done in 0.0743646 secs using 392.2% CPU
Optimizing NNI: done in 0.125883 secs using 395.5% CPU
Optimizing NNI: done in 0.0675192 secs using 389.5% CPU
Optimizing NNI: done in 0.0342469 secs using 404.1% CPU
Optimizing NNI: done in 0.0740187 secs using 393.3% CPU
Optimizing NNI: done in 0.0856905 secs using 394% CPU
Optimizing NNI: done in 0.0521902 secs using 390.8% CPU
Optimizing NNI: done in 0.0748948 secs using 395.4% CPU
Iteration 20 / LogL: -12866.160 / Time: 0h:0m:3s
Finish initializing candidate tree set (8)
Current best tree score: -12863.657 / CPU time: 2.163
Number of iterations: 20
--------------------------------------------------------------------
|               OPTIMIZING CANDIDATE TREE SET                      |
--------------------------------------------------------------------
Optimizing NNI: done in 0.0832112 secs using 393.2% CPU
Optimizing NNI: done in 0.0998343 secs using 394.2% CPU
Optimizing NNI: done in 0.0683093 secs using 391.9% CPU
Optimizing NNI: done in 0.0607223 secs using 395.8% CPU
Optimizing NNI: done in 0.0793072 secs using 392.6% CPU
Optimizing NNI: done in 0.0807821 secs using 393.4% CPU
Optimizing NNI: done in 0.0945596 secs using 392.4% CPU
Optimizing NNI: done in 0.121613 secs using 390.9% CPU
Optimizing NNI: done in 0.0845611 secs using 394.5% CPU
Optimizing NNI: done in 0.0880221 secs using 394.1% CPU
Iteration 30 / LogL: -12863.666 / Time: 0h:0m:4s (0h:0m:8s left)
Optimizing NNI: done in 0.095552 secs using 392.6% CPU
Optimizing NNI: done in 0.103328 secs using 396.4% CPU
Optimizing NNI: done in 0.0736963 secs using 398.5% CPU
Optimizing NNI: done in 0.0718894 secs using 396.4% CPU
Optimizing NNI: done in 0.0793264 secs using 394.9% CPU
Optimizing NNI: done in 0.0804138 secs using 393.5% CPU
Optimizing NNI: done in 0.0915234 secs using 392.3% CPU
Optimizing NNI: done in 0.0766265 secs using 391% CPU
Optimizing NNI: done in 0.0830809 secs using 391.1% CPU
Optimizing NNI: done in 0.109438 secs using 395.4% CPU
Iteration 40 / LogL: -12863.661 / Time: 0h:0m:5s (0h:0m:6s left)
Optimizing NNI: done in 0.0929058 secs using 392.5% CPU
Optimizing NNI: done in 0.060071 secs using 396.6% CPU
Optimizing NNI: done in 0.0693901 secs using 395.8% CPU
Optimizing NNI: done in 0.0619718 secs using 396% CPU
Optimizing NNI: done in 0.0732771 secs using 393.6% CPU
Optimizing NNI: done in 0.0835128 secs using 396.9% CPU
Optimizing NNI: done in 0.0539561 secs using 397.9% CPU
Optimizing NNI: done in 0.0579544 secs using 394.1% CPU
Optimizing NNI: done in 0.0866521 secs using 393.8% CPU
Optimizing NNI: done in 0.0854167 secs using 384.9% CPU
Iteration 50 / LogL: -12863.658 / Time: 0h:0m:5s (0h:0m:5s left)
Log-likelihood cutoff on original alignment: -12899.740
Optimizing NNI: done in 0.0882557 secs using 390.2% CPU
Optimizing NNI: done in 0.0639371 secs using 394.7% CPU
Optimizing NNI: done in 0.0492839 secs using 385.8% CPU
Optimizing NNI: done in 0.0883359 secs using 385.1% CPU
Optimizing NNI: done in 0.0478416 secs using 398.4% CPU
Optimizing NNI: done in 0.0551308 secs using 391.3% CPU
Optimizing NNI: done in 0.04437 secs using 401.5% CPU
Optimizing NNI: done in 0.0732205 secs using 393.7% CPU
Optimizing NNI: done in 0.06412 secs using 393.4% CPU
Optimizing NNI: done in 0.0622338 secs using 400.7% CPU
Iteration 60 / LogL: -12865.560 / Time: 0h:0m:6s (0h:0m:4s left)
Optimizing NNI: done in 0.0866974 secs using 394.6% CPU
Optimizing NNI: done in 0.0604699 secs using 395.1% CPU
Optimizing NNI: done in 0.0769236 secs using 392.2% CPU
Optimizing NNI: done in 0.0677803 secs using 396.4% CPU
Optimizing NNI: done in 0.0879526 secs using 391.6% CPU
Optimizing NNI: done in 0.075409 secs using 387.6% CPU
Optimizing NNI: done in 0.0675205 secs using 395.1% CPU
Optimizing NNI: done in 0.0742535 secs using 390.9% CPU
Optimizing NNI: done in 0.0748582 secs using 395.4% CPU
Optimizing NNI: done in 0.070576 secs using 396.4% CPU
Iteration 70 / LogL: -12863.661 / Time: 0h:0m:7s (0h:0m:3s left)
Optimizing NNI: done in 0.0770983 secs using 389.4% CPU
Optimizing NNI: done in 0.0374029 secs using 399.5% CPU
Optimizing NNI: done in 0.0937883 secs using 398.1% CPU
Optimizing NNI: done in 0.0477998 secs using 390.3% CPU
Optimizing NNI: done in 0.0627876 secs using 390.4% CPU
Optimizing NNI: done in 0.0695993 secs using 396% CPU
Optimizing NNI: done in 0.0711223 secs using 392.6% CPU
Optimizing NNI: done in 0.0477033 secs using 397.2% CPU
Optimizing NNI: done in 0.0508157 secs using 398.3% CPU
Optimizing NNI: done in 0.0578528 secs using 394.7% CPU
Iteration 80 / LogL: -12863.657 / Time: 0h:0m:8s (0h:0m:2s left)
Optimizing NNI: done in 0.0582031 secs using 394.6% CPU
Optimizing NNI: done in 0.0578186 secs using 395% CPU
Optimizing NNI: done in 0.0619304 secs using 396.1% CPU
Optimizing NNI: done in 0.0715283 secs using 391.2% CPU
Optimizing NNI: done in 0.0620023 secs using 395.9% CPU
Optimizing NNI: done in 0.0605775 secs using 399.2% CPU
Optimizing NNI: done in 0.0830087 secs using 395.9% CPU
Optimizing NNI: done in 0.0602863 secs using 398.9% CPU
Optimizing NNI: done in 0.0877014 secs using 393.6% CPU
Optimizing NNI: done in 0.0691947 secs using 393.5% CPU
Iteration 90 / LogL: -12866.160 / Time: 0h:0m:8s (0h:0m:1s left)
Optimizing NNI: done in 0.0704376 secs using 392.6% CPU
Optimizing NNI: done in 0.107431 secs using 395.8% CPU
Optimizing NNI: done in 0.0665897 secs using 388.8% CPU
Optimizing NNI: done in 0.0882477 secs using 396.3% CPU
Optimizing NNI: done in 0.0639033 secs using 396.4% CPU
Optimizing NNI: done in 0.0758813 secs using 396.5% CPU
Optimizing NNI: done in 0.0943268 secs using 396.2% CPU
Optimizing NNI: done in 0.0592629 secs using 392.5% CPU
Optimizing NNI: done in 0.0782478 secs using 391.4% CPU
Optimizing NNI: done in 0.0676882 secs using 390.1% CPU
Iteration 100 / LogL: -12866.162 / Time: 0h:0m:9s (0h:0m:0s left)
Log-likelihood cutoff on original alignment: -12899.925
NOTE: Bootstrap correlation coefficient of split occurrence frequencies: 1.000
Optimizing NNI: done in 0.0489948 secs using 397.1% CPU
Optimizing NNI: done in 0.075967 secs using 395.7% CPU
Optimizing NNI: done in 0.0625173 secs using 394.6% CPU
Optimizing NNI: done in 0.070051 secs using 396.8% CPU
Optimizing NNI: done in 0.0567756 secs using 394.6% CPU
Optimizing NNI: done in 0.0527388 secs using 393.2% CPU
Optimizing NNI: done in 0.0478375 secs using 398.4% CPU
TREE SEARCH COMPLETED AFTER 107 ITERATIONS / Time: 0h:0m:10s

--------------------------------------------------------------------
|                    FINALIZING TREE SEARCH                        |
--------------------------------------------------------------------
Performs final model parameters optimization
Estimate model parameters (epsilon = 0.010)
1. Initial log-likelihood: -12863.657
Optimal log-likelihood: -12863.657
Rate parameters:  A-C: 1.00000  A-G: 3.03959  A-T: 1.00000  C-G: 1.00000  C-T: 3.03959  G-T: 1.00000
Base frequencies:  A: 0.248  C: 0.195  G: 0.227  T: 0.330
Gamma shape alpha: 1.441
Parameters optimization took 1 rounds (0.009 sec)
BEST SCORE FOUND : -12863.657
Creating bootstrap support values...
Split supports printed to NEXUS file results/07_phylogeny/Not_sex_linked/G7067.splits.nex
Total tree length: 1.048

Total number of iterations: 107
CPU time used for tree search: 34.217 sec (0h:0m:34s)
Wall-clock time used for tree search: 8.953 sec (0h:0m:8s)
Total CPU time used: 39.230 sec (0h:0m:39s)
Total wall-clock time used: 10.299 sec (0h:0m:10s)

Computing bootstrap consensus tree...
Reading input file results/07_phylogeny/Not_sex_linked/G7067.splits.nex...
24 taxa and 180 splits.
Consensus tree written to results/07_phylogeny/Not_sex_linked/G7067.contree
Reading input trees file results/07_phylogeny/Not_sex_linked/G7067.contree
Log-likelihood of consensus tree: -12863.657

Analysis results written to: 
  IQ-TREE report:                results/07_phylogeny/Not_sex_linked/G7067.iqtree
  Maximum-likelihood tree:       results/07_phylogeny/Not_sex_linked/G7067.treefile
  Likelihood distances:          results/07_phylogeny/Not_sex_linked/G7067.mldist

Ultrafast bootstrap approximation results written to:
  Split support values:          results/07_phylogeny/Not_sex_linked/G7067.splits.nex
  Consensus tree:                results/07_phylogeny/Not_sex_linked/G7067.contree
  Screen log file:               results/07_phylogeny/Not_sex_linked/G7067.log

Date and Time: Wed May 27 20:54:40 2026
