IQ-TREE version 3.0.1 for Linux x86 64-bit built Jul  9 2025
Developed by Bui Quang Minh, Thomas Wong, Nhan Ly-Trong, Huaiyan Ren
Contributed by Lam-Tung Nguyen, Dominik Schrempf, Chris Bielow,
Olga Chernomor, Michael Woodhams, Diep Thi Hoang, Heiko Schmidt

Host:    c0700a-s19.ufhpc (AVX2, FMA3, 1007 GB RAM)
Command: iqtree -s results/06_alignment/Not_sex_linked/trimmed/G7120.trimmed.aln --prefix results/07_phylogeny/Not_sex_linked/G7120 -m TEST -B 1000 -nt 4 -redo
Seed:    778041 (Using SPRNG - Scalable Parallel Random Number Generator)
Time:    Wed May 27 20:53:09 2026
Kernel:  AVX+FMA - 4 threads (8 CPU cores detected)

Reading alignment file results/06_alignment/Not_sex_linked/trimmed/G7120.trimmed.aln ... Fasta format detected
Reading fasta file: done in 0.000758941 secs using 59.42% CPU
Alignment most likely contains DNA/RNA sequences
Constructing alignment: done in 0.00151292 secs using 22.14% CPU
Alignment has 24 sequences with 2078 columns, 1385 distinct patterns
759 parsimony-informative, 681 singleton sites, 638 constant sites
                  Gap/Ambiguity  Composition  p-value
Analyzing sequences: done in 5.17359e-05 secs using 94.71% CPU
   1  S0030_G7120_R1_A    9.05%    failed      0.01%
   2  S0013_G7120_R1_A    3.18%    passed     93.34%
   3  S0028_G7120_R1_A    0.63%    passed     74.91%
   4  S0022_G7120_R1_A    1.20%    passed     87.88%
   5  S0021_G7120_R1_A    0.29%    passed     82.84%
   6  S0004_G7120_R1_A    0.67%    passed     87.27%
   7  S0026_G7120_R1_A    1.35%    passed     94.42%
   8  S0011_G7120_R1_A    1.06%    passed     99.15%
   9  S0016_G7120_R1_A    3.42%    passed     92.38%
  10  S0036_G7120_R1_A    0.91%    passed     89.53%
  11  S0046_G7120_R1_A    2.79%    passed     89.60%
  12  S0031_G7120_R1_A    1.92%    passed     92.44%
  13  S0019_G7120_R1_A    3.46%    passed     98.81%
  14  S0020_G7120_R1_A    4.19%    passed     99.92%
  15  S0048_G7120_R1_A    3.85%    passed     68.34%
  16  S0050_G7120_R1_A    2.21%    passed     70.83%
  17  S0005_G7120_R1_A   10.97%    passed     31.60%
  18  S0018_G7120_R1_A    8.04%    passed     17.48%
  19  S0037_G7120_R1_A    3.71%    passed     72.12%
  20  S0002_G7120_R1_A    9.82%    passed     97.48%
  21  S0012_G7120_R1_A   11.93%    passed     77.99%
  22  S0017_G7120_R1_A   12.56%    passed     34.34%
  23  S0036_G7120_R2_A    8.28%    failed      3.19%
  24  S0036_G7120_R3_A   11.69%    failed      0.01%
****  TOTAL               4.88%  3 sequences failed composition chi2 test (p-value<5%; df=3)
Checking for duplicate sequences: done in 0.000167774 secs using 95.37% CPU


Create initial parsimony tree by phylogenetic likelihood library (PLL)... 0.003 seconds
Perform fast likelihood tree search using GTR+I+G model...
Estimate model parameters (epsilon = 5.000)
Perform nearest neighbor interchange...
Optimizing NNI: done in 0.116515 secs using 394.4% CPU
Estimate model parameters (epsilon = 1.000)
1. Initial log-likelihood: -15875.456
Optimal log-likelihood: -15874.463
Rate parameters:  A-C: 0.87191  A-G: 2.46764  A-T: 0.98716  C-G: 0.77695  C-T: 2.78234  G-T: 1.00000
Base frequencies:  A: 0.269  C: 0.201  G: 0.219  T: 0.311
Proportion of invariable sites: 0.108
Gamma shape alpha: 2.895
Parameters optimization took 1 rounds (0.020 sec)
Time for fast ML tree search: 0.247 seconds

NOTE: ModelFinder requires 9 MB RAM!
ModelFinder will test up to 176 DNA models (sample size: 2078 epsilon: 0.100) ...
 No. Model         -LnL         df  AIC          AICc         BIC
  1  JC            16399.284    45  32888.569    32890.606    33142.331
  2  JC+I          16321.723    46  32735.446    32737.575    32994.848
  3  JC+G4         16272.334    46  32636.668    32638.797    32896.069
  4  JC+I+G4       16274.516    47  32643.032    32645.255    32908.073
  7  JC+G4         16272.334    46  32636.668    32638.797    32896.069
 11  F81+G4        16272.334    46  32636.668    32638.797    32896.069
 15  F81+F+G4      16194.084    49  32486.169    32488.585    32762.488
 19  K2P+G4        15971.566    47  32037.131    32039.354    32302.172
 23  K2P+G4        15971.566    47  32037.131    32039.354    32302.172
 27  HKY+G4        15971.565    47  32037.131    32039.354    32302.172
 31  HKY+F+G4      15872.602    50  31845.203    31847.719    32127.161
 35  TNe+G4        15969.044    48  32034.089    32036.407    32304.769
 39  TNe+G4        15969.044    48  32034.089    32036.407    32304.769
 43  TN+G4         15969.044    48  32034.088    32036.407    32304.768
 47  TN+F+G4       15870.418    51  31842.836    31845.454    32130.433
 51  K3P+G4        15971.475    48  32038.949    32041.268    32309.629
 55  K3P+G4        15971.475    48  32038.949    32041.268    32309.629
 59  K3Pu+G4       15971.475    48  32038.949    32041.268    32309.629
 63  K3Pu+F+G4     15872.497    51  31846.993    31849.611    32134.591
 67  TPM2+G4       15967.561    48  32031.122    32033.440    32301.801
 71  TPM2+G4       15967.561    48  32031.122    32033.440    32301.801
 75  TPM2u+G4      15967.561    48  32031.121    32033.440    32301.801
 79  TPM2u+F+G4    15872.439    51  31846.879    31849.497    32134.476
 83  TPM3+G4       15947.320    48  31990.639    31992.958    32261.319
 87  TPM3+G4       15947.320    48  31990.639    31992.958    32261.319
 91  TPM3u+G4      15947.319    48  31990.637    31992.956    32261.317
 95  TPM3u+F+G4    15869.605    51  31841.211    31843.829    32128.808
 99  TIMe+G4       15968.954    49  32035.908    32038.324    32312.227
103  TIMe+G4       15968.954    49  32035.908    32038.324    32312.227
107  TIM+G4        15968.954    49  32035.907    32038.323    32312.226
111  TIM+F+G4      15870.314    52  31844.628    31847.350    32137.864
115  TIM2e+G4      15965.069    49  32028.138    32030.554    32304.457
119  TIM2e+G4      15965.069    49  32028.138    32030.554    32304.457
123  TIM2+G4       15965.069    49  32028.138    32030.554    32304.457
127  TIM2+F+G4     15870.239    52  31844.478    31847.200    32137.714
131  TIM3e+G4      15944.429    49  31986.859    31989.275    32263.178
135  TIM3e+G4      15944.429    49  31986.859    31989.275    32263.178
139  TIM3+G4       15944.428    49  31986.856    31989.272    32263.175
143  TIM3+F+G4     15867.500    52  31839.000    31841.722    32132.237
147  TVMe+G4       15942.925    50  31985.850    31988.366    32267.808
151  TVMe+G4       15942.925    50  31985.850    31988.366    32267.808
155  TVM+G4        15942.924    50  31985.848    31988.364    32267.806
159  TVM+F+G4      15869.031    53  31844.063    31846.891    32142.938
163  SYM+G4        15940.062    51  31982.124    31984.742    32269.721
167  SYM+G4        15940.062    51  31982.124    31984.742    32269.721
171  GTR+G4        15940.062    51  31982.124    31984.742    32269.721
175  GTR+F+G4      15866.906    54  31841.812    31844.748    32146.326
Akaike Information Criterion:           TIM3+F+G4
Corrected Akaike Information Criterion: TIM3+F+G4
Bayesian Information Criterion:         HKY+F+G4
Best-fit model: HKY+F+G4 chosen according to BIC

All model information printed to results/07_phylogeny/Not_sex_linked/G7120.model.gz
CPU time for ModelFinder: 5.548 seconds (0h:0m:5s)
Wall-clock time for ModelFinder: 1.406 seconds (0h:0m:1s)
Generating 1000 samples for ultrafast bootstrap (seed: 778041)...

NOTE: 9 MB RAM (0 GB) is required!
Estimate model parameters (epsilon = 0.100)
1. Initial log-likelihood: -15872.734
2. Current log-likelihood: -15872.603
Optimal log-likelihood: -15872.602
Rate parameters:  A-C: 1.00000  A-G: 2.84225  A-T: 1.00000  C-G: 1.00000  C-T: 2.84225  G-T: 1.00000
Base frequencies:  A: 0.269  C: 0.201  G: 0.219  T: 0.311
Gamma shape alpha: 1.699
Parameters optimization took 2 rounds (0.020 sec)
Wrote distance file to... 
Computing ML distances based on estimated model parameters...
Calculating distance matrix: done in 0.000954938 secs using 502.3% CPU
Computing ML distances took 0.001159 sec (of wall-clock time) 0.005004 sec (of CPU time)
Setting up auxiliary I and S matrices: done in 0.0370057 secs using 271.1% CPU
Constructing RapidNJ tree: done in 0.982186 secs using 253.8% CPU
Computing RapidNJ tree took 1.022206 sec (of wall-clock time) 2.596146 sec (of CPU time)
Log-likelihood of RapidNJ tree: -15892.704
--------------------------------------------------------------------
|             INITIALIZING CANDIDATE TREE SET                      |
--------------------------------------------------------------------
Generating 98 parsimony trees... 0.310 second
Computing log-likelihood of 98 initial trees ... 0.468 seconds
Current best score: -15865.243

Do NNI search on 20 best initial trees
Optimizing NNI: done in 0.0622428 secs using 394.9% CPU
Estimate model parameters (epsilon = 0.100)
BETTER TREE FOUND at iteration 1: -15848.423
Optimizing NNI: done in 0.0744234 secs using 394.6% CPU
Estimate model parameters (epsilon = 0.100)
BETTER TREE FOUND at iteration 2: -15847.140
Optimizing NNI: done in 0.0729921 secs using 393.5% CPU
Optimizing NNI: done in 0.0672233 secs using 396% CPU
Optimizing NNI: done in 0.104927 secs using 393% CPU
Optimizing NNI: done in 0.0202181 secs using 394.5% CPU
Optimizing NNI: done in 0.096227 secs using 391.7% CPU
Optimizing NNI: done in 0.0808269 secs using 395.7% CPU
Optimizing NNI: done in 0.0738031 secs using 398.2% CPU
Optimizing NNI: done in 0.0771378 secs using 392.9% CPU
Iteration 10 / LogL: -15860.821 / Time: 0h:0m:4s
Optimizing NNI: done in 0.0775374 secs using 388.9% CPU
Optimizing NNI: done in 0.0870918 secs using 396.2% CPU
Optimizing NNI: done in 0.0902778 secs using 395.7% CPU
Optimizing NNI: done in 0.186363 secs using 396.4% CPU
Estimate model parameters (epsilon = 0.100)
BETTER TREE FOUND at iteration 14: -15843.095
Optimizing NNI: done in 0.173476 secs using 396.1% CPU
Optimizing NNI: done in 0.109345 secs using 396.6% CPU
Optimizing NNI: done in 0.0741994 secs using 392.7% CPU
Optimizing NNI: done in 0.0881637 secs using 393.4% CPU
Optimizing NNI: done in 0.0988877 secs using 396.7% CPU
Optimizing NNI: done in 0.0659135 secs using 396.3% CPU
Iteration 20 / LogL: -15862.017 / Time: 0h:0m:5s
Finish initializing candidate tree set (9)
Current best tree score: -15843.095 / CPU time: 2.613
Number of iterations: 20
--------------------------------------------------------------------
|               OPTIMIZING CANDIDATE TREE SET                      |
--------------------------------------------------------------------
Optimizing NNI: done in 0.0628524 secs using 390.4% CPU
Optimizing NNI: done in 0.0711511 secs using 389.7% CPU
Optimizing NNI: done in 0.0633571 secs using 396.9% CPU
Optimizing NNI: done in 0.108693 secs using 393.4% CPU
Optimizing NNI: done in 0.108578 secs using 392.8% CPU
Optimizing NNI: done in 0.108177 secs using 389.9% CPU
Optimizing NNI: done in 0.109445 secs using 391.4% CPU
Optimizing NNI: done in 0.0958549 secs using 392.2% CPU
Optimizing NNI: done in 0.250945 secs using 335.7% CPU
Optimizing NNI: done in 0.0704366 secs using 396.9% CPU
Iteration 30 / LogL: -15846.535 / Time: 0h:0m:6s (0h:0m:14s left)
Optimizing NNI: done in 0.0746163 secs using 396.2% CPU
Optimizing NNI: done in 0.0905768 secs using 398.6% CPU
Optimizing NNI: done in 0.0897897 secs using 397% CPU
Optimizing NNI: done in 0.13112 secs using 391.8% CPU
Optimizing NNI: done in 0.108049 secs using 392.8% CPU
Estimate model parameters (epsilon = 0.100)
BETTER TREE FOUND at iteration 35: -15842.177
Optimizing NNI: done in 0.105317 secs using 395.3% CPU
Optimizing NNI: done in 0.14799 secs using 395.8% CPU
Optimizing NNI: done in 0.0890499 secs using 394.9% CPU
Optimizing NNI: done in 0.0616796 secs using 392.6% CPU
Optimizing NNI: done in 0.0493763 secs using 399.3% CPU
Iteration 40 / LogL: -15844.084 / Time: 0h:0m:7s (0h:0m:14s left)
Optimizing NNI: done in 0.111957 secs using 395.1% CPU
Optimizing NNI: done in 0.101763 secs using 391.2% CPU
Optimizing NNI: done in 0.128992 secs using 394.8% CPU
Optimizing NNI: done in 0.12475 secs using 390.1% CPU
Optimizing NNI: done in 0.128926 secs using 395% CPU
Optimizing NNI: done in 0.033536 secs using 392.9% CPU
Optimizing NNI: done in 0.0922105 secs using 397.9% CPU
Optimizing NNI: done in 0.0816569 secs using 397% CPU
Optimizing NNI: done in 0.102295 secs using 390.9% CPU
Optimizing NNI: done in 0.0907013 secs using 393.9% CPU
Iteration 50 / LogL: -15843.584 / Time: 0h:0m:8s (0h:0m:11s left)
Log-likelihood cutoff on original alignment: -15883.768
Optimizing NNI: done in 0.100358 secs using 389.1% CPU
Optimizing NNI: done in 0.0798527 secs using 394.3% CPU
Optimizing NNI: done in 0.11072 secs using 394.4% CPU
Optimizing NNI: done in 0.0863949 secs using 395.9% CPU
Optimizing NNI: done in 0.108775 secs using 394% CPU
Optimizing NNI: done in 0.0779941 secs using 393.6% CPU
Optimizing NNI: done in 0.10295 secs using 394.5% CPU
Optimizing NNI: done in 0.0996193 secs using 393.4% CPU
Optimizing NNI: done in 0.0992278 secs using 392.1% CPU
Optimizing NNI: done in 0.0679145 secs using 391.9% CPU
Iteration 60 / LogL: -15843.623 / Time: 0h:0m:9s (0h:0m:10s left)
Optimizing NNI: done in 0.0900306 secs using 394% CPU
Optimizing NNI: done in 0.0794308 secs using 395.5% CPU
Optimizing NNI: done in 0.121099 secs using 395.3% CPU
Optimizing NNI: done in 0.0887639 secs using 396.8% CPU
Optimizing NNI: done in 0.0809938 secs using 395% CPU
Optimizing NNI: done in 0.0985135 secs using 393.8% CPU
Optimizing NNI: done in 0.0569315 secs using 394.6% CPU
Optimizing NNI: done in 0.104526 secs using 391.8% CPU
Optimizing NNI: done in 0.121877 secs using 396.9% CPU
Optimizing NNI: done in 0.0959485 secs using 395.5% CPU
Iteration 70 / LogL: -15843.585 / Time: 0h:0m:10s (0h:0m:8s left)
Optimizing NNI: done in 0.123094 secs using 396.1% CPU
Optimizing NNI: done in 0.0807141 secs using 397% CPU
Optimizing NNI: done in 0.0871222 secs using 397.5% CPU
Optimizing NNI: done in 0.0893103 secs using 394.2% CPU
Optimizing NNI: done in 0.0686736 secs using 394.5% CPU
Optimizing NNI: done in 0.101814 secs using 394.9% CPU
Optimizing NNI: done in 0.0568126 secs using 396.1% CPU
Optimizing NNI: done in 0.117246 secs using 395.5% CPU
Optimizing NNI: done in 0.101121 secs using 393.9% CPU
Optimizing NNI: done in 0.112794 secs using 388.6% CPU
Iteration 80 / LogL: -15843.579 / Time: 0h:0m:11s (0h:0m:6s left)
Optimizing NNI: done in 0.115122 secs using 393.9% CPU
Optimizing NNI: done in 0.120872 secs using 396.7% CPU
Optimizing NNI: done in 0.135173 secs using 395% CPU
Optimizing NNI: done in 0.0880905 secs using 390.9% CPU
Optimizing NNI: done in 0.0961816 secs using 394.1% CPU
Optimizing NNI: done in 0.104926 secs using 395.3% CPU
Optimizing NNI: done in 0.0955573 secs using 395.2% CPU
Optimizing NNI: done in 0.0962671 secs using 392.3% CPU
Optimizing NNI: done in 0.0902777 secs using 394.5% CPU
Optimizing NNI: done in 0.0950741 secs using 395.2% CPU
Iteration 90 / LogL: -15842.178 / Time: 0h:0m:12s (0h:0m:5s left)
Optimizing NNI: done in 0.105901 secs using 396.4% CPU
Optimizing NNI: done in 0.0671812 secs using 395% CPU
Optimizing NNI: done in 0.0882646 secs using 398.7% CPU
Optimizing NNI: done in 0.121125 secs using 396.2% CPU
Optimizing NNI: done in 0.0609333 secs using 394.7% CPU
Optimizing NNI: done in 0.0735584 secs using 392.3% CPU
Optimizing NNI: done in 0.0860786 secs using 396.1% CPU
Optimizing NNI: done in 0.149295 secs using 392.1% CPU
Optimizing NNI: done in 0.0743253 secs using 398.6% CPU
Optimizing NNI: done in 0.095528 secs using 392.4% CPU
Iteration 100 / LogL: -15843.100 / Time: 0h:0m:13s (0h:0m:4s left)
Log-likelihood cutoff on original alignment: -15883.768
NOTE: Bootstrap correlation coefficient of split occurrence frequencies: 0.997
Optimizing NNI: done in 0.0847981 secs using 394.9% CPU
Optimizing NNI: done in 0.0595945 secs using 392.6% CPU
Optimizing NNI: done in 0.0921054 secs using 393.7% CPU
Optimizing NNI: done in 0.081193 secs using 396.5% CPU
Optimizing NNI: done in 0.119244 secs using 392.7% CPU
Optimizing NNI: done in 0.116284 secs using 393.5% CPU
Optimizing NNI: done in 0.0776193 secs using 396.5% CPU
Optimizing NNI: done in 0.0772337 secs using 394.4% CPU
Optimizing NNI: done in 0.0961241 secs using 396.7% CPU
Optimizing NNI: done in 0.0910394 secs using 394.9% CPU
Iteration 110 / LogL: -15845.371 / Time: 0h:0m:14s (0h:0m:10s left)
Optimizing NNI: done in 0.12693 secs using 394.3% CPU
Optimizing NNI: done in 0.113491 secs using 395.8% CPU
Optimizing NNI: done in 0.0588045 secs using 398.2% CPU
Optimizing NNI: done in 0.0763043 secs using 392% CPU
Optimizing NNI: done in 0.0814018 secs using 393.4% CPU
Optimizing NNI: done in 0.132267 secs using 392.9% CPU
Optimizing NNI: done in 0.216927 secs using 339.7% CPU
Optimizing NNI: done in 0.095081 secs using 398.8% CPU
Optimizing NNI: done in 0.103534 secs using 391.6% CPU
Optimizing NNI: done in 0.0938935 secs using 392.2% CPU
Iteration 120 / LogL: -15842.178 / Time: 0h:0m:15s (0h:0m:9s left)
Optimizing NNI: done in 0.100908 secs using 393.2% CPU
Optimizing NNI: done in 0.140853 secs using 394% CPU
Optimizing NNI: done in 0.0711774 secs using 400.6% CPU
Optimizing NNI: done in 0.0908992 secs using 392.1% CPU
Optimizing NNI: done in 0.0888762 secs using 393.9% CPU
Optimizing NNI: done in 0.125387 secs using 394.5% CPU
Optimizing NNI: done in 0.0967037 secs using 395% CPU
Optimizing NNI: done in 0.115233 secs using 393% CPU
Optimizing NNI: done in 0.0961667 secs using 393.5% CPU
Optimizing NNI: done in 0.0992733 secs using 398.4% CPU
Iteration 130 / LogL: -15846.550 / Time: 0h:0m:16s (0h:0m:8s left)
Optimizing NNI: done in 0.153732 secs using 397% CPU
Optimizing NNI: done in 0.106613 secs using 396.4% CPU
Optimizing NNI: done in 0.0923123 secs using 391.7% CPU
Optimizing NNI: done in 0.143363 secs using 395.1% CPU
Optimizing NNI: done in 0.110047 secs using 393% CPU
Optimizing NNI: done in 0.106172 secs using 393% CPU
TREE SEARCH COMPLETED AFTER 136 ITERATIONS / Time: 0h:0m:17s

--------------------------------------------------------------------
|                    FINALIZING TREE SEARCH                        |
--------------------------------------------------------------------
Performs final model parameters optimization
Estimate model parameters (epsilon = 0.010)
1. Initial log-likelihood: -15842.177
Optimal log-likelihood: -15842.177
Rate parameters:  A-C: 1.00000  A-G: 2.86072  A-T: 1.00000  C-G: 1.00000  C-T: 2.86072  G-T: 1.00000
Base frequencies:  A: 0.269  C: 0.201  G: 0.219  T: 0.311
Gamma shape alpha: 1.737
Parameters optimization took 1 rounds (0.011 sec)
BEST SCORE FOUND : -15842.177
Creating bootstrap support values...
Split supports printed to NEXUS file results/07_phylogeny/Not_sex_linked/G7120.splits.nex
Total tree length: 1.781

Total number of iterations: 136
CPU time used for tree search: 56.785 sec (0h:0m:56s)
Wall-clock time used for tree search: 14.785 sec (0h:0m:14s)
Total CPU time used: 65.425 sec (0h:1m:5s)
Total wall-clock time used: 17.438 sec (0h:0m:17s)

Computing bootstrap consensus tree...
Reading input file results/07_phylogeny/Not_sex_linked/G7120.splits.nex...
24 taxa and 293 splits.
Consensus tree written to results/07_phylogeny/Not_sex_linked/G7120.contree
Reading input trees file results/07_phylogeny/Not_sex_linked/G7120.contree
Log-likelihood of consensus tree: -15843.103

Analysis results written to: 
  IQ-TREE report:                results/07_phylogeny/Not_sex_linked/G7120.iqtree
  Maximum-likelihood tree:       results/07_phylogeny/Not_sex_linked/G7120.treefile
  Likelihood distances:          results/07_phylogeny/Not_sex_linked/G7120.mldist

Ultrafast bootstrap approximation results written to:
  Split support values:          results/07_phylogeny/Not_sex_linked/G7120.splits.nex
  Consensus tree:                results/07_phylogeny/Not_sex_linked/G7120.contree
  Screen log file:               results/07_phylogeny/Not_sex_linked/G7120.log

Date and Time: Wed May 27 20:53:27 2026
