IQ-TREE version 3.0.1 for Linux x86 64-bit built Jul  9 2025
Developed by Bui Quang Minh, Thomas Wong, Nhan Ly-Trong, Huaiyan Ren
Contributed by Lam-Tung Nguyen, Dominik Schrempf, Chris Bielow,
Olga Chernomor, Michael Woodhams, Diep Thi Hoang, Heiko Schmidt

Host:    c0700a-s19.ufhpc (AVX2, FMA3, 1007 GB RAM)
Command: iqtree -s results/06_alignment/Best/trimmed/G5177.trimmed.aln --prefix results/07_phylogeny/Best/G5177 -m TEST -B 1000 -nt 4 -redo
Seed:    251817 (Using SPRNG - Scalable Parallel Random Number Generator)
Time:    Wed May 27 21:34:28 2026
Kernel:  AVX+FMA - 4 threads (8 CPU cores detected)

Reading alignment file results/06_alignment/Best/trimmed/G5177.trimmed.aln ... Fasta format detected
Reading fasta file: done in 0.00133715 secs using 25.88% CPU
Alignment most likely contains DNA/RNA sequences
Constructing alignment: done in 0.00183253 secs using 149.4% CPU
Alignment has 22 sequences with 2210 columns, 1198 distinct patterns
453 parsimony-informative, 746 singleton sites, 1011 constant sites
                  Gap/Ambiguity  Composition  p-value
Analyzing sequences: done in 0.00742694 secs using 304.6% CPU
   1  S0019_G5177_R1_A    2.40%    passed     95.18%
   2  S0020_G5177_R1_U    2.58%    passed     97.60%
   3  S0026_G5177_R1_A    0.90%    passed     99.69%
   4  S0013_G5177_R1_A    1.27%    passed     81.95%
   5  S0004_G5177_R1_A    1.90%    passed     88.68%
   6  S0011_G5177_R1_A    2.44%    passed     94.79%
   7  S0002_G5177_R1_A    1.99%    passed     98.35%
   8  S0048_G5177_R1_A    1.90%    passed     81.37%
   9  S0050_G5177_R1_A    2.71%    passed     92.76%
  10  S0046_G5177_R1_A    1.95%    passed     96.42%
  11  S0017_G5177_R1_U    1.54%    passed     93.93%
  12  S0016_G5177_R1_A    1.99%    passed     90.83%
  13  S0005_G5177_R1_A    9.46%    passed     91.18%
  14  S0036_G5177_R1_A    5.57%    passed     91.48%
  15  S0028_G5177_R1_A    4.84%    passed     93.28%
  16  S0031_G5177_R1_A    3.48%    passed     97.84%
  17  S0030_G5177_R1_A    4.71%    passed     99.76%
  18  S0012_G5177_R1_A    1.67%    passed     94.83%
  19  S0021_G5177_R1_A    3.30%    passed     80.78%
  20  S0022_G5177_R1_A    8.10%    passed     96.14%
  21  S0018_G5177_R1_U   18.91%    passed     76.52%
  22  S0037_G5177_R1_A   24.57%    passed     80.10%
****  TOTAL               4.92%  0 sequences failed composition chi2 test (p-value<5%; df=3)
Checking for duplicate sequences: done in 0.000137607 secs using 99.56% CPU


Create initial parsimony tree by phylogenetic likelihood library (PLL)... 0.002 seconds
Perform fast likelihood tree search using GTR+I+G model...
Estimate model parameters (epsilon = 5.000)
Perform nearest neighbor interchange...
Optimizing NNI: done in 0.0332865 secs using 398% CPU
Estimate model parameters (epsilon = 1.000)
1. Initial log-likelihood: -13694.955
Optimal log-likelihood: -13694.682
Rate parameters:  A-C: 1.12208  A-G: 2.98603  A-T: 1.08484  C-G: 1.11633  C-T: 3.42969  G-T: 1.00000
Base frequencies:  A: 0.249  C: 0.214  G: 0.224  T: 0.314
Proportion of invariable sites: 0.206
Gamma shape alpha: 2.893
Parameters optimization took 1 rounds (0.025 sec)
Time for fast ML tree search: 0.131 seconds

NOTE: ModelFinder requires 8 MB RAM!
ModelFinder will test up to 176 DNA models (sample size: 2210 epsilon: 0.100) ...
 No. Model         -LnL         df  AIC          AICc         BIC
  1  JC            14178.735    41  28439.470    28441.058    28673.200
  2  JC+I          14058.135    42  28200.269    28201.936    28439.700
  3  JC+G4         14034.557    42  28153.114    28154.781    28392.545
  4  JC+I+G4       14036.714    43  28159.427    28161.174    28404.559
  7  JC+G4         14034.557    42  28153.114    28154.781    28392.545
 11  F81+G4        14034.557    42  28153.114    28154.781    28392.545
 15  F81+F+G4      13979.246    45  28048.491    28050.404    28305.025
 19  K2P+G4        13756.327    43  27598.655    27600.402    27843.787
 23  K2P+G4        13756.327    43  27598.655    27600.402    27843.787
 27  HKY+G4        13756.327    43  27598.655    27600.402    27843.787
 31  HKY+F+G4      13695.053    46  27482.105    27484.104    27744.339
 35  TNe+G4        13749.107    44  27586.215    27588.044    27837.048
 39  TNe+G4        13749.107    44  27586.215    27588.044    27837.048
 43  TN+G4         13749.107    44  27586.215    27588.044    27837.048
 47  TN+F+G4       13692.464    47  27478.929    27481.016    27746.864
 51  K3P+G4        13756.031    44  27600.062    27601.891    27850.895
 55  K3P+G4        13756.031    44  27600.062    27601.891    27850.895
 59  K3Pu+G4       13756.031    44  27600.062    27601.891    27850.895
 63  K3Pu+F+G4     13694.890    47  27483.780    27485.867    27751.715
 67  TPM2+G4       13754.902    44  27597.804    27599.633    27848.637
 71  TPM2+G4       13754.902    44  27597.804    27599.633    27848.637
 75  TPM2u+G4      13754.902    44  27597.804    27599.633    27848.637
 79  TPM2u+F+G4    13694.808    47  27483.617    27485.704    27751.552
 83  TPM3+G4       13753.009    44  27594.019    27595.848    27844.852
 87  TPM3+G4       13753.009    44  27594.019    27595.848    27844.852
 91  TPM3u+G4      13753.009    44  27594.018    27595.847    27844.851
 95  TPM3u+F+G4    13694.680    47  27483.361    27485.448    27751.296
 99  TIMe+G4       13748.811    45  27587.621    27589.534    27844.155
103  TIMe+G4       13748.811    45  27587.621    27589.534    27844.155
107  TIM+G4        13748.810    45  27587.621    27589.534    27844.154
111  TIM+F+G4      13692.300    48  27480.600    27482.777    27754.236
115  TIM2e+G4      13747.714    45  27585.429    27587.342    27841.962
119  TIM2e+G4      13747.714    45  27585.429    27587.342    27841.962
123  TIM2+G4       13747.714    45  27585.429    27587.342    27841.962
127  TIM2+F+G4     13692.213    48  27480.427    27482.603    27754.063
131  TIM3e+G4      13745.615    45  27581.230    27583.143    27837.764
135  TIM3e+G4      13745.615    45  27581.230    27583.143    27837.764
139  TIM3+G4       13745.615    45  27581.229    27583.142    27837.763
143  TIM3+F+G4     13692.056    48  27480.112    27482.288    27753.748
147  TVMe+G4       13751.453    46  27594.906    27596.905    27857.140
151  TVMe+G4       13751.453    46  27594.906    27596.905    27857.140
155  TVM+G4        13751.449    46  27594.899    27596.898    27857.133
159  TVM+F+G4      13694.308    49  27486.615    27488.884    27765.952
163  SYM+G4        13744.085    47  27582.170    27584.257    27850.105
167  SYM+G4        13744.085    47  27582.170    27584.257    27850.105
171  GTR+G4        13744.084    47  27582.169    27584.256    27850.104
175  GTR+F+G4      13691.679    50  27483.358    27485.720    27768.395
Akaike Information Criterion:           TN+F+G4
Corrected Akaike Information Criterion: TN+F+G4
Bayesian Information Criterion:         HKY+F+G4
Best-fit model: HKY+F+G4 chosen according to BIC

All model information printed to results/07_phylogeny/Best/G5177.model.gz
CPU time for ModelFinder: 4.354 seconds (0h:0m:4s)
Wall-clock time for ModelFinder: 1.102 seconds (0h:0m:1s)
Generating 1000 samples for ultrafast bootstrap (seed: 251817)...

NOTE: 8 MB RAM (0 GB) is required!
Estimate model parameters (epsilon = 0.100)
1. Initial log-likelihood: -13695.071
Optimal log-likelihood: -13695.052
Rate parameters:  A-C: 1.00000  A-G: 2.99496  A-T: 1.00000  C-G: 1.00000  C-T: 2.99496  G-T: 1.00000
Base frequencies:  A: 0.249  C: 0.214  G: 0.224  T: 0.314
Gamma shape alpha: 1.153
Parameters optimization took 1 rounds (0.011 sec)
Wrote distance file to... 
Computing ML distances based on estimated model parameters...
Calculating distance matrix: done in 0.000697165 secs using 674.6% CPU
Computing ML distances took 0.000830 sec (of wall-clock time) 0.004840 sec (of CPU time)
Setting up auxiliary I and S matrices: done in 0.0640305 secs using 159.8% CPU
Constructing RapidNJ tree: done in 0.925594 secs using 168.6% CPU
Computing RapidNJ tree took 0.989722 sec (of wall-clock time) 1.662472 sec (of CPU time)
Log-likelihood of RapidNJ tree: -13760.293
--------------------------------------------------------------------
|             INITIALIZING CANDIDATE TREE SET                      |
--------------------------------------------------------------------
Generating 98 parsimony trees... 0.258 second
Computing log-likelihood of 98 initial trees ... 0.468 seconds
Current best score: -13695.052

Do NNI search on 20 best initial trees
Optimizing NNI: done in 0.0193527 secs using 391.4% CPU
Estimate model parameters (epsilon = 0.100)
BETTER TREE FOUND at iteration 1: -13695.052
Optimizing NNI: done in 0.0281893 secs using 394.7% CPU
Estimate model parameters (epsilon = 0.100)
BETTER TREE FOUND at iteration 2: -13693.806
Optimizing NNI: done in 0.0368491 secs using 397.9% CPU
Optimizing NNI: done in 0.028909 secs using 391.1% CPU
Optimizing NNI: done in 0.0339909 secs using 394.4% CPU
Optimizing NNI: done in 0.0558369 secs using 378.4% CPU
Optimizing NNI: done in 0.0305519 secs using 391.7% CPU
Estimate model parameters (epsilon = 0.100)
BETTER TREE FOUND at iteration 7: -13693.461
Optimizing NNI: done in 0.0353747 secs using 399.6% CPU
Optimizing NNI: done in 0.100533 secs using 356.1% CPU
Optimizing NNI: done in 0.0383924 secs using 389.1% CPU
Iteration 10 / LogL: -13694.494 / Time: 0h:0m:3s
Optimizing NNI: done in 0.0374437 secs using 391.1% CPU
Optimizing NNI: done in 0.0338585 secs using 398.7% CPU
Optimizing NNI: done in 0.0544606 secs using 400.3% CPU
Optimizing NNI: done in 0.0439585 secs using 393.2% CPU
Optimizing NNI: done in 0.0570106 secs using 392% CPU
Optimizing NNI: done in 0.0716905 secs using 395.3% CPU
Optimizing NNI: done in 0.0618709 secs using 394.9% CPU
Optimizing NNI: done in 0.075539 secs using 399.2% CPU
Optimizing NNI: done in 0.0329211 secs using 397.9% CPU
Optimizing NNI: done in 0.0337239 secs using 385.4% CPU
Iteration 20 / LogL: -13700.058 / Time: 0h:0m:3s
Finish initializing candidate tree set (8)
Current best tree score: -13693.461 / CPU time: 1.682
Number of iterations: 20
--------------------------------------------------------------------
|               OPTIMIZING CANDIDATE TREE SET                      |
--------------------------------------------------------------------
Optimizing NNI: done in 0.063867 secs using 388.8% CPU
Optimizing NNI: done in 0.0540785 secs using 395.3% CPU
Optimizing NNI: done in 0.0647821 secs using 395.5% CPU
Optimizing NNI: done in 0.0522753 secs using 397.7% CPU
Optimizing NNI: done in 0.0696843 secs using 395.6% CPU
UPDATE BEST LOG-LIKELIHOOD: -13693.461
Optimizing NNI: done in 0.071252 secs using 395.1% CPU
Optimizing NNI: done in 0.0643413 secs using 392.8% CPU
Optimizing NNI: done in 0.0708303 secs using 396.6% CPU
Optimizing NNI: done in 0.084669 secs using 392.7% CPU
Optimizing NNI: done in 0.0558306 secs using 396.7% CPU
Iteration 30 / LogL: -13695.054 / Time: 0h:0m:4s (0h:0m:9s left)
Optimizing NNI: done in 0.0442664 secs using 391% CPU
Optimizing NNI: done in 0.0936411 secs using 393.4% CPU
Optimizing NNI: done in 0.0500624 secs using 391.2% CPU
Optimizing NNI: done in 0.0662439 secs using 393.5% CPU
Optimizing NNI: done in 0.0646814 secs using 397.4% CPU
Optimizing NNI: done in 0.0376303 secs using 394.9% CPU
Optimizing NNI: done in 0.0653066 secs using 397.5% CPU
Optimizing NNI: done in 0.0669648 secs using 394.8% CPU
Optimizing NNI: done in 0.0728687 secs using 389.7% CPU
Optimizing NNI: done in 0.083873 secs using 395.8% CPU
Iteration 40 / LogL: -13694.478 / Time: 0h:0m:5s (0h:0m:7s left)
Optimizing NNI: done in 0.0693368 secs using 394.6% CPU
Optimizing NNI: done in 0.0549606 secs using 396.3% CPU
Optimizing NNI: done in 0.0541786 secs using 396.6% CPU
Optimizing NNI: done in 0.0535699 secs using 394.4% CPU
Optimizing NNI: done in 0.0395601 secs using 393.4% CPU
Optimizing NNI: done in 0.0521384 secs using 393% CPU
Optimizing NNI: done in 0.0819828 secs using 396.5% CPU
Optimizing NNI: done in 0.0542418 secs using 394.5% CPU
Optimizing NNI: done in 0.047359 secs using 399.4% CPU
Optimizing NNI: done in 0.0830778 secs using 397.2% CPU
Iteration 50 / LogL: -13695.053 / Time: 0h:0m:5s (0h:0m:5s left)
Log-likelihood cutoff on original alignment: -13719.587
Optimizing NNI: done in 0.0838108 secs using 395.8% CPU
Optimizing NNI: done in 0.0870077 secs using 395% CPU
Optimizing NNI: done in 0.071556 secs using 391% CPU
Optimizing NNI: done in 0.0568842 secs using 391.2% CPU
Optimizing NNI: done in 0.0457609 secs using 392.6% CPU
Optimizing NNI: done in 0.0638889 secs using 394.9% CPU
Optimizing NNI: done in 0.0440702 secs using 390.4% CPU
Optimizing NNI: done in 0.0732472 secs using 396.5% CPU
Optimizing NNI: done in 0.105813 secs using 395% CPU
Optimizing NNI: done in 0.0757659 secs using 395.8% CPU
Iteration 60 / LogL: -13693.463 / Time: 0h:0m:6s (0h:0m:4s left)
Optimizing NNI: done in 0.0375419 secs using 390.6% CPU
Optimizing NNI: done in 0.0638344 secs using 391.9% CPU
Optimizing NNI: done in 0.0743288 secs using 393.6% CPU
Optimizing NNI: done in 0.0487853 secs using 394.8% CPU
Optimizing NNI: done in 0.0716149 secs using 390.6% CPU
Optimizing NNI: done in 0.062084 secs using 393.9% CPU
Optimizing NNI: done in 0.0516128 secs using 395.8% CPU
Optimizing NNI: done in 0.0514167 secs using 389.4% CPU
Optimizing NNI: done in 0.0501267 secs using 392.7% CPU
Optimizing NNI: done in 0.0689126 secs using 397.9% CPU
Iteration 70 / LogL: -13694.458 / Time: 0h:0m:7s (0h:0m:3s left)
Optimizing NNI: done in 0.0542269 secs using 387.2% CPU
Optimizing NNI: done in 0.0421833 secs using 403.4% CPU
Optimizing NNI: done in 0.0580889 secs using 396.9% CPU
Optimizing NNI: done in 0.0629482 secs using 396.3% CPU
Optimizing NNI: done in 0.0488713 secs using 394.3% CPU
Optimizing NNI: done in 0.0666262 secs using 394.8% CPU
Optimizing NNI: done in 0.0711157 secs using 395.7% CPU
Optimizing NNI: done in 0.0552598 secs using 389.2% CPU
Optimizing NNI: done in 0.047999 secs using 395.5% CPU
Optimizing NNI: done in 0.053672 secs using 397.7% CPU
Iteration 80 / LogL: -13695.043 / Time: 0h:0m:7s (0h:0m:2s left)
Optimizing NNI: done in 0.0532965 secs using 394% CPU
Optimizing NNI: done in 0.0757402 secs using 390.6% CPU
Optimizing NNI: done in 0.0761057 secs using 395.9% CPU
Optimizing NNI: done in 0.0806174 secs using 396.5% CPU
Optimizing NNI: done in 0.0637651 secs using 392.5% CPU
Optimizing NNI: done in 0.0636248 secs using 392.9% CPU
Optimizing NNI: done in 0.0760382 secs using 396.1% CPU
Optimizing NNI: done in 0.07916 secs using 391.8% CPU
Optimizing NNI: done in 0.0635099 secs using 389.2% CPU
Optimizing NNI: done in 0.0907037 secs using 393.1% CPU
Iteration 90 / LogL: -13706.244 / Time: 0h:0m:8s (0h:0m:1s left)
Optimizing NNI: done in 0.0573978 secs using 392.1% CPU
Optimizing NNI: done in 0.0561487 secs using 393.3% CPU
Optimizing NNI: done in 0.0626213 secs using 394.7% CPU
Optimizing NNI: done in 0.101629 secs using 396.7% CPU
Optimizing NNI: done in 0.0462051 secs using 389.8% CPU
Optimizing NNI: done in 0.0813237 secs using 398.9% CPU
Optimizing NNI: done in 0.0826175 secs using 392.9% CPU
Optimizing NNI: done in 0.072075 secs using 395.8% CPU
Optimizing NNI: done in 0.0764679 secs using 393.2% CPU
Optimizing NNI: done in 0.0649396 secs using 394.7% CPU
Iteration 100 / LogL: -13704.066 / Time: 0h:0m:9s (0h:0m:0s left)
Log-likelihood cutoff on original alignment: -13720.413
NOTE: Bootstrap correlation coefficient of split occurrence frequencies: 0.996
Optimizing NNI: done in 0.0763027 secs using 393.6% CPU
Optimizing NNI: done in 0.0612674 secs using 392.9% CPU
Optimizing NNI: done in 0.0583537 secs using 394.1% CPU
Optimizing NNI: done in 0.0788193 secs using 390.7% CPU
Optimizing NNI: done in 0.0485387 secs using 386.1% CPU
Optimizing NNI: done in 0.0795189 secs using 392.9% CPU
Optimizing NNI: done in 0.079286 secs using 391.5% CPU
Optimizing NNI: done in 0.0476367 secs using 391.4% CPU
TREE SEARCH COMPLETED AFTER 108 ITERATIONS / Time: 0h:0m:10s

--------------------------------------------------------------------
|                    FINALIZING TREE SEARCH                        |
--------------------------------------------------------------------
Performs final model parameters optimization
Estimate model parameters (epsilon = 0.010)
1. Initial log-likelihood: -13693.461
Optimal log-likelihood: -13693.461
Rate parameters:  A-C: 1.00000  A-G: 2.99345  A-T: 1.00000  C-G: 1.00000  C-T: 2.99345  G-T: 1.00000
Base frequencies:  A: 0.249  C: 0.214  G: 0.224  T: 0.314
Gamma shape alpha: 1.152
Parameters optimization took 1 rounds (0.010 sec)
BEST SCORE FOUND : -13693.461
Creating bootstrap support values...
Split supports printed to NEXUS file results/07_phylogeny/Best/G5177.splits.nex
Total tree length: 1.149

Total number of iterations: 108
CPU time used for tree search: 29.751 sec (0h:0m:29s)
Wall-clock time used for tree search: 7.818 sec (0h:0m:7s)
Total CPU time used: 36.229 sec (0h:0m:36s)
Total wall-clock time used: 10.148 sec (0h:0m:10s)

Computing bootstrap consensus tree...
Reading input file results/07_phylogeny/Best/G5177.splits.nex...
22 taxa and 243 splits.
Consensus tree written to results/07_phylogeny/Best/G5177.contree
Reading input trees file results/07_phylogeny/Best/G5177.contree
Log-likelihood of consensus tree: -13694.959

Analysis results written to: 
  IQ-TREE report:                results/07_phylogeny/Best/G5177.iqtree
  Maximum-likelihood tree:       results/07_phylogeny/Best/G5177.treefile
  Likelihood distances:          results/07_phylogeny/Best/G5177.mldist

Ultrafast bootstrap approximation results written to:
  Split support values:          results/07_phylogeny/Best/G5177.splits.nex
  Consensus tree:                results/07_phylogeny/Best/G5177.contree
  Screen log file:               results/07_phylogeny/Best/G5177.log

Date and Time: Wed May 27 21:34:38 2026
