IQ-TREE version 3.0.1 for Linux x86 64-bit built Jul  9 2025
Developed by Bui Quang Minh, Thomas Wong, Nhan Ly-Trong, Huaiyan Ren
Contributed by Lam-Tung Nguyen, Dominik Schrempf, Chris Bielow,
Olga Chernomor, Michael Woodhams, Diep Thi Hoang, Heiko Schmidt

Host:    c0700a-s19.ufhpc (AVX2, FMA3, 1007 GB RAM)
Command: iqtree -s results/06_alignment/Best/trimmed/G5357.trimmed.aln --prefix results/07_phylogeny/Best/G5357 -m TEST -B 1000 -nt 4 -redo
Seed:    110836 (Using SPRNG - Scalable Parallel Random Number Generator)
Time:    Wed May 27 20:49:42 2026
Kernel:  AVX+FMA - 4 threads (8 CPU cores detected)

Reading alignment file results/06_alignment/Best/trimmed/G5357.trimmed.aln ... Fasta format detected
Reading fasta file: done in 0.000778317 secs
Alignment most likely contains DNA/RNA sequences
Constructing alignment: done in 0.00145614 secs using 210.2% CPU
Alignment has 22 sequences with 2160 columns, 1155 distinct patterns
445 parsimony-informative, 783 singleton sites, 932 constant sites
                  Gap/Ambiguity  Composition  p-value
Analyzing sequences: done in 5.90109e-05 secs using 2972% CPU
   1  S0013_G5357_R1_A    4.49%    passed     98.54%
   2  S0020_G5357_R1_U    0.28%    passed     86.43%
   3  S0030_G5357_R1_A    2.78%    passed     99.39%
   4  S0026_G5357_R1_A    0.97%    passed     98.83%
   5  S0016_G5357_R1_A    0.93%    passed     90.98%
   6  S0046_G5357_R1_A    0.79%    passed     79.89%
   7  S0002_G5357_R1_A    0.83%    passed     87.61%
   8  S0004_G5357_R1_A    1.99%    passed     94.77%
   9  S0022_G5357_R1_A    1.90%    passed     98.98%
  10  S0028_G5357_R1_A    1.11%    passed     98.34%
  11  S0037_G5357_R1_A    1.11%    passed     99.46%
  12  S0036_G5357_R1_U    1.62%    passed     94.27%
  13  S0017_G5357_R1_U    1.62%    passed     77.23%
  14  S0048_G5357_R1_A    1.76%    passed     97.42%
  15  S0050_G5357_R1_A    1.62%    passed     84.81%
  16  S0011_G5357_R1_A    2.96%    passed     88.03%
  17  S0021_G5357_R1_A    2.59%    passed     90.67%
  18  S0019_G5357_R1_A    8.70%    passed     92.68%
  19  S0018_G5357_R1_U   10.69%    passed     93.44%
  20  S0031_G5357_R1_A   11.48%    passed     83.68%
  21  S0012_G5357_R1_A    5.93%    passed     13.99%
  22  S0005_G5357_R1_A   18.56%    passed     36.29%
****  TOTAL               3.85%  0 sequences failed composition chi2 test (p-value<5%; df=3)
Checking for duplicate sequences: done in 0.000130825 secs using 100.1% CPU


Create initial parsimony tree by phylogenetic likelihood library (PLL)... 0.003 seconds
Perform fast likelihood tree search using GTR+I+G model...
Estimate model parameters (epsilon = 5.000)
Perform nearest neighbor interchange...
Optimizing NNI: done in 0.0457457 secs using 395% CPU
Estimate model parameters (epsilon = 1.000)
1. Initial log-likelihood: -13348.111
Optimal log-likelihood: -13347.691
Rate parameters:  A-C: 0.72888  A-G: 2.41910  A-T: 0.90266  C-G: 0.83942  C-T: 2.74055  G-T: 1.00000
Base frequencies:  A: 0.252  C: 0.190  G: 0.232  T: 0.326
Proportion of invariable sites: 0.186
Gamma shape alpha: 5.977
Parameters optimization took 1 rounds (0.019 sec)
Time for fast ML tree search: 0.154 seconds

NOTE: ModelFinder requires 7 MB RAM!
ModelFinder will test up to 176 DNA models (sample size: 2160 epsilon: 0.100) ...
 No. Model         -LnL         df  AIC          AICc         BIC
  1  JC            13773.134    41  27628.268    27629.894    27861.060
  2  JC+I          13716.978    42  27517.956    27519.662    27756.426
  3  JC+G4         13703.431    42  27490.862    27492.569    27729.333
  4  JC+I+G4       13705.643    43  27497.286    27499.074    27741.434
  7  JC+G4         13703.431    42  27490.862    27492.569    27729.333
 11  F81+G4        13703.431    42  27490.862    27492.569    27729.333
 15  F81+F+G4      13617.140    45  27324.280    27326.238    27579.783
 19  K2P+G4        13453.301    43  26992.603    26994.391    27236.751
 23  K2P+G4        13453.301    43  26992.603    26994.391    27236.751
 27  HKY+G4        13453.301    43  26992.603    26994.391    27236.751
 31  HKY+F+G4      13350.193    46  26792.387    26794.433    27053.569
 35  TNe+G4        13451.288    44  26990.576    26992.448    27240.402
 39  TNe+G4        13451.288    44  26990.576    26992.448    27240.402
 43  TN+G4         13451.288    44  26990.576    26992.448    27240.402
 47  TN+F+G4       13348.240    47  26790.480    26792.616    27057.339
 51  K3P+G4        13453.291    44  26994.581    26996.454    27244.407
 55  K3P+G4        13453.291    44  26994.581    26996.454    27244.407
 59  K3Pu+G4       13453.291    44  26994.581    26996.454    27244.407
 63  K3Pu+F+G4     13350.177    47  26794.354    26796.490    27061.214
 67  TPM2+G4       13453.031    44  26994.063    26995.935    27243.889
 71  TPM2+G4       13453.031    44  26994.062    26995.935    27243.888
 75  TPM2u+G4      13453.031    44  26994.062    26995.935    27243.888
 79  TPM2u+F+G4    13349.081    47  26792.163    26794.299    27059.022
 83  TPM3+G4       13427.871    44  26943.741    26945.613    27193.567
 87  TPM3+G4       13427.871    44  26943.741    26945.613    27193.567
 91  TPM3u+G4      13427.870    44  26943.740    26945.613    27193.566
 95  TPM3u+F+G4    13346.806    47  26787.611    26789.748    27054.471
 99  TIMe+G4       13451.280    45  26992.560    26994.518    27248.063
103  TIMe+G4       13451.280    45  26992.560    26994.518    27248.063
107  TIM+G4        13451.279    45  26992.557    26994.515    27248.061
111  TIM+F+G4      13348.231    48  26792.461    26794.690    27064.999
115  TIM2e+G4      13451.015    45  26992.030    26993.989    27247.534
119  TIM2e+G4      13451.015    45  26992.030    26993.989    27247.534
123  TIM2+G4       13451.015    45  26992.030    26993.989    27247.534
127  TIM2+F+G4     13347.141    48  26790.281    26792.510    27062.819
131  TIM3e+G4      13425.584    45  26941.168    26943.127    27196.672
135  TIM3e+G4      13425.584    45  26941.168    26943.127    27196.672
139  TIM3+G4       13425.582    45  26941.164    26943.123    27196.668
143  TIM3+F+G4     13344.941    48  26785.883    26788.111    27058.420
147  TVMe+G4       13427.577    46  26947.153    26949.200    27208.335
151  TVMe+G4       13427.577    46  26947.153    26949.200    27208.335
155  TVM+G4        13427.577    46  26947.153    26949.199    27208.335
159  TVM+F+G4      13345.673    49  26789.347    26791.669    27067.562
163  SYM+G4        13425.287    47  26944.573    26946.709    27211.433
167  SYM+G4        13425.287    47  26944.573    26946.709    27211.433
171  GTR+G4        13425.286    47  26944.572    26946.708    27211.432
175  GTR+F+G4      13343.828    50  26787.656    26790.074    27071.549
Akaike Information Criterion:           TIM3+F+G4
Corrected Akaike Information Criterion: TIM3+F+G4
Bayesian Information Criterion:         HKY+F+G4
Best-fit model: HKY+F+G4 chosen according to BIC

All model information printed to results/07_phylogeny/Best/G5357.model.gz
CPU time for ModelFinder: 4.151 seconds (0h:0m:4s)
Wall-clock time for ModelFinder: 1.054 seconds (0h:0m:1s)
Generating 1000 samples for ultrafast bootstrap (seed: 110836)...

NOTE: 7 MB RAM (0 GB) is required!
Estimate model parameters (epsilon = 0.100)
1. Initial log-likelihood: -13350.268
Optimal log-likelihood: -13350.193
Rate parameters:  A-C: 1.00000  A-G: 2.92066  A-T: 1.00000  C-G: 1.00000  C-T: 2.92066  G-T: 1.00000
Base frequencies:  A: 0.252  C: 0.190  G: 0.232  T: 0.326
Gamma shape alpha: 1.797
Parameters optimization took 1 rounds (0.010 sec)
Wrote distance file to... 
Computing ML distances based on estimated model parameters...
Calculating distance matrix: done in 0.000959226 secs using 528.9% CPU
Computing ML distances took 0.001068 sec (of wall-clock time) 0.005187 sec (of CPU time)
Setting up auxiliary I and S matrices: done in 0.070902 secs using 151.5% CPU
Constructing RapidNJ tree: done in 1.26942 secs using 168.9% CPU
Computing RapidNJ tree took 1.343416 sec (of wall-clock time) 2.253370 sec (of CPU time)
Log-likelihood of RapidNJ tree: -13443.727
--------------------------------------------------------------------
|             INITIALIZING CANDIDATE TREE SET                      |
--------------------------------------------------------------------
Generating 98 parsimony trees... 0.273 second
Computing log-likelihood of 98 initial trees ... 0.546 seconds
Current best score: -13350.193

Do NNI search on 20 best initial trees
Optimizing NNI: done in 0.0307893 secs using 396.2% CPU
Estimate model parameters (epsilon = 0.100)
BETTER TREE FOUND at iteration 1: -13349.936
Optimizing NNI: done in 0.046704 secs using 392.5% CPU
Estimate model parameters (epsilon = 0.100)
BETTER TREE FOUND at iteration 2: -13349.783
Optimizing NNI: done in 0.050098 secs using 396.9% CPU
Optimizing NNI: done in 0.0533968 secs using 397% CPU
Optimizing NNI: done in 0.0922492 secs using 392.4% CPU
Estimate model parameters (epsilon = 0.100)
BETTER TREE FOUND at iteration 5: -13346.786
Optimizing NNI: done in 0.062337 secs using 389.5% CPU
Optimizing NNI: done in 0.0530684 secs using 391.4% CPU
Optimizing NNI: done in 0.0617271 secs using 397.3% CPU
Optimizing NNI: done in 0.0549403 secs using 396.3% CPU
Optimizing NNI: done in 0.0584098 secs using 398.3% CPU
Iteration 10 / LogL: -13350.911 / Time: 0h:0m:4s
Optimizing NNI: done in 0.0679456 secs using 396.3% CPU
Optimizing NNI: done in 0.0662036 secs using 395.2% CPU
Optimizing NNI: done in 0.050872 secs using 390.4% CPU
Optimizing NNI: done in 0.0375506 secs using 401.1% CPU
Optimizing NNI: done in 0.0576698 secs using 397.6% CPU
Optimizing NNI: done in 0.0541084 secs using 393% CPU
Optimizing NNI: done in 0.0553083 secs using 394.1% CPU
Optimizing NNI: done in 0.05983 secs using 398.4% CPU
Optimizing NNI: done in 0.0727665 secs using 390.8% CPU
Optimizing NNI: done in 0.0494668 secs using 392.3% CPU
Iteration 20 / LogL: -13355.658 / Time: 0h:0m:4s
Finish initializing candidate tree set (13)
Current best tree score: -13346.786 / CPU time: 2.004
Number of iterations: 20
--------------------------------------------------------------------
|               OPTIMIZING CANDIDATE TREE SET                      |
--------------------------------------------------------------------
Optimizing NNI: done in 0.0523137 secs using 395.1% CPU
Optimizing NNI: done in 0.0586153 secs using 392.5% CPU
Optimizing NNI: done in 0.0803412 secs using 393.7% CPU
Optimizing NNI: done in 0.079461 secs using 393.2% CPU
UPDATE BEST LOG-LIKELIHOOD: -13346.786
Optimizing NNI: done in 0.0902364 secs using 393.3% CPU
Optimizing NNI: done in 0.121581 secs using 392.6% CPU
Optimizing NNI: done in 0.0879836 secs using 393.7% CPU
Optimizing NNI: done in 0.091182 secs using 395.8% CPU
Estimate model parameters (epsilon = 0.100)
BETTER TREE FOUND at iteration 28: -13345.455
Optimizing NNI: done in 0.0801026 secs using 394.7% CPU
Optimizing NNI: done in 0.0733556 secs using 390.7% CPU
Iteration 30 / LogL: -13346.790 / Time: 0h:0m:5s (0h:0m:15s left)
Optimizing NNI: done in 0.0639249 secs using 393.1% CPU
Optimizing NNI: done in 0.0857723 secs using 396.1% CPU
Optimizing NNI: done in 0.0600105 secs using 394% CPU
Optimizing NNI: done in 0.0647029 secs using 391.2% CPU
Optimizing NNI: done in 0.085674 secs using 396.4% CPU
Optimizing NNI: done in 0.063184 secs using 393.7% CPU
Optimizing NNI: done in 0.0400239 secs using 397.3% CPU
Optimizing NNI: done in 0.0673558 secs using 397.5% CPU
Optimizing NNI: done in 0.0956404 secs using 396.7% CPU
Optimizing NNI: done in 0.0894608 secs using 393.8% CPU
Iteration 40 / LogL: -13348.363 / Time: 0h:0m:6s (0h:0m:11s left)
Optimizing NNI: done in 0.0751138 secs using 391.8% CPU
Optimizing NNI: done in 0.0572329 secs using 392.8% CPU
Optimizing NNI: done in 0.0956875 secs using 393.5% CPU
Optimizing NNI: done in 0.0906223 secs using 389% CPU
Optimizing NNI: done in 0.0712549 secs using 393.7% CPU
Optimizing NNI: done in 0.0599592 secs using 392.7% CPU
Optimizing NNI: done in 0.0727216 secs using 396% CPU
Optimizing NNI: done in 0.0870814 secs using 396.8% CPU
Optimizing NNI: done in 0.0589295 secs using 396.1% CPU
Optimizing NNI: done in 0.0593243 secs using 392.3% CPU
Iteration 50 / LogL: -13348.354 / Time: 0h:0m:7s (0h:0m:9s left)
Log-likelihood cutoff on original alignment: -13375.854
Optimizing NNI: done in 0.0689992 secs using 395.8% CPU
Optimizing NNI: done in 0.0491325 secs using 394.6% CPU
Optimizing NNI: done in 0.0758114 secs using 394.1% CPU
Optimizing NNI: done in 0.0709427 secs using 390.6% CPU
Optimizing NNI: done in 0.058382 secs using 398.8% CPU
Optimizing NNI: done in 0.0941461 secs using 394.8% CPU
Optimizing NNI: done in 0.0551268 secs using 391.2% CPU
Optimizing NNI: done in 0.0676714 secs using 391.6% CPU
Optimizing NNI: done in 0.0616516 secs using 396.2% CPU
Optimizing NNI: done in 0.0836161 secs using 391.9% CPU
Iteration 60 / LogL: -13345.457 / Time: 0h:0m:7s (0h:0m:7s left)
Optimizing NNI: done in 0.0705546 secs using 399.6% CPU
Optimizing NNI: done in 0.0742506 secs using 392.6% CPU
Optimizing NNI: done in 0.0928342 secs using 391.6% CPU
Optimizing NNI: done in 0.0614726 secs using 392% CPU
Optimizing NNI: done in 0.0779523 secs using 397.8% CPU
Optimizing NNI: done in 0.0861606 secs using 394.8% CPU
Optimizing NNI: done in 0.0748398 secs using 397% CPU
Optimizing NNI: done in 0.0691745 secs using 391.3% CPU
Optimizing NNI: done in 0.0942524 secs using 392.7% CPU
Optimizing NNI: done in 0.0615078 secs using 398.2% CPU
Iteration 70 / LogL: -13347.643 / Time: 0h:0m:8s (0h:0m:6s left)
Optimizing NNI: done in 0.0872498 secs using 395.7% CPU
Optimizing NNI: done in 0.0946017 secs using 391.7% CPU
Optimizing NNI: done in 0.0873773 secs using 398.7% CPU
Optimizing NNI: done in 0.0998719 secs using 394.2% CPU
Optimizing NNI: done in 0.0735583 secs using 387.2% CPU
Optimizing NNI: done in 0.0646308 secs using 396.2% CPU
Optimizing NNI: done in 0.0763914 secs using 395.1% CPU
Optimizing NNI: done in 0.0550355 secs using 384.7% CPU
Optimizing NNI: done in 0.0788019 secs using 388.4% CPU
Optimizing NNI: done in 0.0772248 secs using 394.2% CPU
Iteration 80 / LogL: -13349.355 / Time: 0h:0m:9s (0h:0m:5s left)
Optimizing NNI: done in 0.0630593 secs using 394.4% CPU
Optimizing NNI: done in 0.0848879 secs using 396.8% CPU
Optimizing NNI: done in 0.0846577 secs using 394.9% CPU
Optimizing NNI: done in 0.0922049 secs using 394.9% CPU
Optimizing NNI: done in 0.0740623 secs using 394.7% CPU
Optimizing NNI: done in 0.0515497 secs using 390.5% CPU
Optimizing NNI: done in 0.0513924 secs using 395% CPU
Optimizing NNI: done in 0.0687923 secs using 395.3% CPU
Optimizing NNI: done in 0.0899082 secs using 395.3% CPU
Optimizing NNI: done in 0.0952833 secs using 388.4% CPU
Iteration 90 / LogL: -13347.644 / Time: 0h:0m:10s (0h:0m:3s left)
Optimizing NNI: done in 0.073197 secs using 395.3% CPU
Optimizing NNI: done in 0.0717897 secs using 397.1% CPU
Optimizing NNI: done in 0.0304099 secs using 390.3% CPU
Optimizing NNI: done in 0.111607 secs using 392.1% CPU
Optimizing NNI: done in 0.100895 secs using 395.6% CPU
Optimizing NNI: done in 0.119504 secs using 393.7% CPU
Optimizing NNI: done in 0.0856601 secs using 397.6% CPU
Optimizing NNI: done in 0.0677917 secs using 386.6% CPU
Optimizing NNI: done in 0.0718778 secs using 391% CPU
Optimizing NNI: done in 0.106372 secs using 394.5% CPU
Iteration 100 / LogL: -13347.642 / Time: 0h:0m:11s (0h:0m:2s left)
Log-likelihood cutoff on original alignment: -13375.358
NOTE: Bootstrap correlation coefficient of split occurrence frequencies: 0.997
Optimizing NNI: done in 0.0827835 secs using 394.6% CPU
Optimizing NNI: done in 0.0627086 secs using 392.4% CPU
Optimizing NNI: done in 0.0519258 secs using 392.3% CPU
Optimizing NNI: done in 0.0716633 secs using 394.9% CPU
Optimizing NNI: done in 0.0803146 secs using 390.4% CPU
Optimizing NNI: done in 0.0570317 secs using 392.3% CPU
Optimizing NNI: done in 0.0849629 secs using 395.3% CPU
Optimizing NNI: done in 0.0741709 secs using 395.6% CPU
Optimizing NNI: done in 0.0829496 secs using 396.5% CPU
Optimizing NNI: done in 0.0754921 secs using 394.3% CPU
Iteration 110 / LogL: -13350.086 / Time: 0h:0m:11s (0h:0m:8s left)
Optimizing NNI: done in 0.0913175 secs using 392.3% CPU
Optimizing NNI: done in 0.0784469 secs using 395.9% CPU
Optimizing NNI: done in 0.0636408 secs using 391.4% CPU
Optimizing NNI: done in 0.0918236 secs using 398% CPU
Optimizing NNI: done in 0.0476597 secs using 389.3% CPU
Optimizing NNI: done in 0.0452148 secs using 391.7% CPU
Optimizing NNI: done in 0.078491 secs using 390.6% CPU
Optimizing NNI: done in 0.104108 secs using 395.5% CPU
Optimizing NNI: done in 0.0670488 secs using 394.4% CPU
Optimizing NNI: done in 0.0741653 secs using 393% CPU
Iteration 120 / LogL: -13350.086 / Time: 0h:0m:12s (0h:0m:7s left)
Optimizing NNI: done in 0.0536421 secs using 394.1% CPU
Optimizing NNI: done in 0.0718814 secs using 391.2% CPU
Optimizing NNI: done in 0.124465 secs using 394.9% CPU
Optimizing NNI: done in 0.0594814 secs using 398.4% CPU
Optimizing NNI: done in 0.101252 secs using 358.5% CPU
Optimizing NNI: done in 0.0699884 secs using 381.2% CPU
Optimizing NNI: done in 0.0508009 secs using 398.4% CPU
Optimizing NNI: done in 0.0858613 secs using 391.8% CPU
Optimizing NNI: done in 0.0466112 secs using 395.2% CPU
TREE SEARCH COMPLETED AFTER 129 ITERATIONS / Time: 0h:0m:13s

--------------------------------------------------------------------
|                    FINALIZING TREE SEARCH                        |
--------------------------------------------------------------------
Performs final model parameters optimization
Estimate model parameters (epsilon = 0.010)
1. Initial log-likelihood: -13345.455
Optimal log-likelihood: -13345.455
Rate parameters:  A-C: 1.00000  A-G: 2.91902  A-T: 1.00000  C-G: 1.00000  C-T: 2.91902  G-T: 1.00000
Base frequencies:  A: 0.252  C: 0.190  G: 0.232  T: 0.326
Gamma shape alpha: 1.766
Parameters optimization took 1 rounds (0.008 sec)
BEST SCORE FOUND : -13345.455
Creating bootstrap support values...
Split supports printed to NEXUS file results/07_phylogeny/Best/G5357.splits.nex
Total tree length: 1.134

Total number of iterations: 129
CPU time used for tree search: 41.245 sec (0h:0m:41s)
Wall-clock time used for tree search: 10.750 sec (0h:0m:10s)
Total CPU time used: 48.442 sec (0h:0m:48s)
Total wall-clock time used: 13.481 sec (0h:0m:13s)

Computing bootstrap consensus tree...
Reading input file results/07_phylogeny/Best/G5357.splits.nex...
22 taxa and 277 splits.
Consensus tree written to results/07_phylogeny/Best/G5357.contree
Reading input trees file results/07_phylogeny/Best/G5357.contree
Log-likelihood of consensus tree: -13349.996

Analysis results written to: 
  IQ-TREE report:                results/07_phylogeny/Best/G5357.iqtree
  Maximum-likelihood tree:       results/07_phylogeny/Best/G5357.treefile
  Likelihood distances:          results/07_phylogeny/Best/G5357.mldist

Ultrafast bootstrap approximation results written to:
  Split support values:          results/07_phylogeny/Best/G5357.splits.nex
  Consensus tree:                results/07_phylogeny/Best/G5357.contree
  Screen log file:               results/07_phylogeny/Best/G5357.log

Date and Time: Wed May 27 20:49:55 2026
