IQ-TREE version 3.0.1 for Linux x86 64-bit built Jul  9 2025
Developed by Bui Quang Minh, Thomas Wong, Nhan Ly-Trong, Huaiyan Ren
Contributed by Lam-Tung Nguyen, Dominik Schrempf, Chris Bielow,
Olga Chernomor, Michael Woodhams, Diep Thi Hoang, Heiko Schmidt

Host:    c0700a-s19.ufhpc (AVX2, FMA3, 1007 GB RAM)
Command: iqtree -s results/06_alignment/Best/trimmed/G5981.trimmed.aln --prefix results/07_phylogeny/Best/G5981 -m TEST -B 1000 -nt 4 -redo
Seed:    763753 (Using SPRNG - Scalable Parallel Random Number Generator)
Time:    Wed May 27 21:28:29 2026
Kernel:  AVX+FMA - 4 threads (8 CPU cores detected)

Reading alignment file results/06_alignment/Best/trimmed/G5981.trimmed.aln ... Fasta format detected
Reading fasta file: done in 0.00115249 secs using 50.15% CPU
Alignment most likely contains DNA/RNA sequences
Constructing alignment: done in 0.00137191 secs using 129.9% CPU
Alignment has 22 sequences with 2041 columns, 1029 distinct patterns
374 parsimony-informative, 696 singleton sites, 971 constant sites
                  Gap/Ambiguity  Composition  p-value
Analyzing sequences: done in 0.0130394 secs using 298% CPU
   1  S0018_G5981_R1_U    3.92%    passed     99.01%
   2  S0031_G5981_R1_A    3.09%    passed     99.90%
   3  S0036_G5981_R1_U    1.22%    passed     99.53%
   4  S0028_G5981_R1_A    0.54%    passed     98.60%
   5  S0026_G5981_R1_A    0.54%    passed     99.05%
   6  S0002_G5981_R1_A    0.15%    passed     93.71%
   7  S0019_G5981_R1_A    1.52%    passed     97.70%
   8  S0020_G5981_R1_U    0.88%    passed     97.55%
   9  S0004_G5981_R1_A    0.59%    passed     97.74%
  10  S0016_G5981_R1_A    0.00%    passed     93.84%
  11  S0030_G5981_R1_A    0.49%    passed     94.80%
  12  S0022_G5981_R1_A    2.06%    passed     98.44%
  13  S0021_G5981_R1_A    0.69%    passed     93.17%
  14  S0011_G5981_R1_A    2.69%    passed     93.69%
  15  S0048_G5981_R1_A    0.49%    passed     86.29%
  16  S0013_G5981_R1_A    2.25%    passed     79.19%
  17  S0050_G5981_R1_A    8.77%    passed     97.67%
  18  S0037_G5981_R1_A    1.76%    passed     99.88%
  19  S0046_G5981_R1_A   11.81%    passed     88.63%
  20  S0017_G5981_R1_U   14.01%    passed     97.96%
  21  S0005_G5981_R1_A   15.24%    passed     25.47%
  22  S0012_G5981_R1_A   28.12%    passed     13.52%
****  TOTAL               4.58%  0 sequences failed composition chi2 test (p-value<5%; df=3)
Checking for duplicate sequences: done in 0.000119113 secs using 99.91% CPU


Create initial parsimony tree by phylogenetic likelihood library (PLL)... 0.002 seconds
Perform fast likelihood tree search using GTR+I+G model...
Estimate model parameters (epsilon = 5.000)
Perform nearest neighbor interchange...
Optimizing NNI: done in 0.0736648 secs using 395% CPU
Estimate model parameters (epsilon = 1.000)
1. Initial log-likelihood: -11840.616
Optimal log-likelihood: -11840.008
Rate parameters:  A-C: 1.04817  A-G: 2.58548  A-T: 0.93067  C-G: 0.92453  C-T: 2.80622  G-T: 1.00000
Base frequencies:  A: 0.269  C: 0.191  G: 0.219  T: 0.322
Proportion of invariable sites: 0.210
Gamma shape alpha: 4.083
Parameters optimization took 1 rounds (0.026 sec)
Time for fast ML tree search: 0.172 seconds

NOTE: ModelFinder requires 6 MB RAM!
ModelFinder will test up to 176 DNA models (sample size: 2041 epsilon: 0.100) ...
 No. Model         -LnL         df  AIC          AICc         BIC
  1  JC            12189.654    41  24461.308    24463.031    24691.777
  2  JC+I          12124.355    42  24332.709    24334.517    24568.800
  3  JC+G4         12107.111    42  24298.222    24300.030    24534.312
  4  JC+I+G4       12109.935    43  24305.869    24307.764    24547.581
  7  JC+G4         12107.111    42  24298.222    24300.030    24534.312
 11  F81+G4        12107.111    42  24298.222    24300.029    24534.312
 15  F81+F+G4      12044.163    45  24178.325    24180.400    24431.279
 19  K2P+G4        11914.380    43  23914.760    23916.655    24156.472
 23  K2P+G4        11914.380    43  23914.760    23916.655    24156.472
 27  HKY+G4        11914.380    43  23914.760    23916.655    24156.472
 31  HKY+F+G4      11836.416    46  23764.832    23767.000    24023.407
 35  TNe+G4        11913.324    44  23914.649    23916.633    24161.981
 39  TNe+G4        11913.324    44  23914.649    23916.633    24161.981
 43  TN+G4         11913.324    44  23914.649    23916.633    24161.981
 47  TN+F+G4       11835.588    47  23765.176    23767.440    24029.372
 51  K3P+G4        11914.352    44  23916.704    23918.688    24164.037
 55  K3P+G4        11914.352    44  23916.704    23918.688    24164.037
 59  K3Pu+G4       11914.352    44  23916.704    23918.688    24164.036
 63  K3Pu+F+G4     11835.837    47  23765.674    23767.938    24029.870
 67  TPM2+G4       11912.503    44  23913.006    23914.990    24160.338
 71  TPM2+G4       11912.503    44  23913.006    23914.990    24160.338
 75  TPM2u+G4      11912.503    44  23913.006    23914.989    24160.338
 79  TPM2u+F+G4    11836.401    47  23766.803    23769.067    24030.999
 83  TPM3+G4       11907.220    44  23902.441    23904.425    24149.773
 87  TPM3+G4       11907.220    44  23902.441    23904.425    24149.773
 91  TPM3u+G4      11907.220    44  23902.440    23904.424    24149.772
 95  TPM3u+F+G4    11836.318    47  23766.637    23768.901    24030.833
 99  TIMe+G4       11913.297    45  23916.594    23918.669    24169.548
103  TIMe+G4       11913.297    45  23916.594    23918.669    24169.548
107  TIM+G4        11913.297    45  23916.593    23918.668    24169.547
111  TIM+F+G4      11835.011    48  23766.022    23768.384    24035.839
115  TIM2e+G4      11911.467    45  23912.934    23915.009    24165.887
119  TIM2e+G4      11911.467    45  23912.934    23915.009    24165.887
123  TIM2+G4       11911.467    45  23912.933    23915.009    24165.887
127  TIM2+F+G4     11835.579    48  23767.157    23769.519    24036.975
131  TIM3e+G4      11906.041    45  23902.082    23904.157    24155.036
135  TIM3e+G4      11906.041    45  23902.082    23904.157    24155.036
139  TIM3+G4       11906.041    45  23902.082    23904.157    24155.036
143  TIM3+F+G4     11835.479    48  23766.958    23769.319    24036.775
147  TVMe+G4       11904.886    46  23901.773    23903.941    24160.348
151  TVMe+G4       11904.886    46  23901.773    23903.941    24160.348
155  TVM+G4        11904.886    46  23901.772    23903.940    24160.347
159  TVM+F+G4      11835.700    49  23769.400    23771.861    24044.839
163  SYM+G4        11903.727    47  23901.455    23903.719    24165.651
167  SYM+G4        11903.727    47  23901.455    23903.719    24165.651
171  GTR+G4        11903.727    47  23901.455    23903.719    24165.651
175  GTR+F+G4      11834.865    50  23769.730    23772.293    24050.790
Akaike Information Criterion:           HKY+F+G4
Corrected Akaike Information Criterion: HKY+F+G4
Bayesian Information Criterion:         HKY+F+G4
Best-fit model: HKY+F+G4 chosen according to BIC

All model information printed to results/07_phylogeny/Best/G5981.model.gz
CPU time for ModelFinder: 3.477 seconds (0h:0m:3s)
Wall-clock time for ModelFinder: 0.882 seconds (0h:0m:0s)
Generating 1000 samples for ultrafast bootstrap (seed: 763753)...

NOTE: 6 MB RAM (0 GB) is required!
Estimate model parameters (epsilon = 0.100)
1. Initial log-likelihood: -11836.418
Optimal log-likelihood: -11836.416
Rate parameters:  A-C: 1.00000  A-G: 2.78695  A-T: 1.00000  C-G: 1.00000  C-T: 2.78695  G-T: 1.00000
Base frequencies:  A: 0.269  C: 0.191  G: 0.219  T: 0.322
Gamma shape alpha: 1.381
Parameters optimization took 1 rounds (0.009 sec)
Wrote distance file to... 
Computing ML distances based on estimated model parameters...
Calculating distance matrix: done in 0.000620953 secs using 802.8% CPU
Computing ML distances took 0.000706 sec (of wall-clock time) 0.005074 sec (of CPU time)
Setting up auxiliary I and S matrices: done in 0.0395186 secs using 290.8% CPU
Constructing RapidNJ tree: done in 1.13181 secs using 203.7% CPU
Computing RapidNJ tree took 1.171449 sec (of wall-clock time) 2.421145 sec (of CPU time)
Log-likelihood of RapidNJ tree: -11926.673
--------------------------------------------------------------------
|             INITIALIZING CANDIDATE TREE SET                      |
--------------------------------------------------------------------
Generating 98 parsimony trees... 0.237 second
Computing log-likelihood of 98 initial trees ... 0.488 seconds
Current best score: -11836.416

Do NNI search on 20 best initial trees
Optimizing NNI: done in 0.021571 secs using 403.6% CPU
Estimate model parameters (epsilon = 0.100)
BETTER TREE FOUND at iteration 1: -11836.416
Optimizing NNI: done in 0.0363865 secs using 394.6% CPU
Estimate model parameters (epsilon = 0.100)
BETTER TREE FOUND at iteration 2: -11835.184
Optimizing NNI: done in 0.0900309 secs using 396.5% CPU
Estimate model parameters (epsilon = 0.100)
BETTER TREE FOUND at iteration 3: -11833.978
Optimizing NNI: done in 0.0646404 secs using 398.1% CPU
Optimizing NNI: done in 0.0700994 secs using 396% CPU
Optimizing NNI: done in 0.082454 secs using 394.8% CPU
Optimizing NNI: done in 0.0568188 secs using 398.3% CPU
Optimizing NNI: done in 0.087132 secs using 398.1% CPU
Optimizing NNI: done in 0.0522948 secs using 399.5% CPU
Optimizing NNI: done in 0.0943924 secs using 395.9% CPU
Iteration 10 / LogL: -11835.213 / Time: 0h:0m:3s
Optimizing NNI: done in 0.0945499 secs using 392.7% CPU
Optimizing NNI: done in 0.0974718 secs using 390% CPU
Optimizing NNI: done in 0.0969542 secs using 396.5% CPU
Optimizing NNI: done in 0.11948 secs using 394.5% CPU
Optimizing NNI: done in 0.098361 secs using 395.5% CPU
Optimizing NNI: done in 0.0908988 secs using 393.6% CPU
Optimizing NNI: done in 0.0532438 secs using 390.7% CPU
Optimizing NNI: done in 0.0932179 secs using 393.5% CPU
Optimizing NNI: done in 0.0936409 secs using 397.7% CPU
Optimizing NNI: done in 0.0746585 secs using 389.7% CPU
Iteration 20 / LogL: -11841.894 / Time: 0h:0m:4s
Finish initializing candidate tree set (13)
Current best tree score: -11833.978 / CPU time: 2.338
Number of iterations: 20
--------------------------------------------------------------------
|               OPTIMIZING CANDIDATE TREE SET                      |
--------------------------------------------------------------------
Optimizing NNI: done in 0.0840078 secs using 393.9% CPU
Optimizing NNI: done in 0.0568836 secs using 389.5% CPU
Optimizing NNI: done in 0.0519703 secs using 397.8% CPU
Optimizing NNI: done in 0.105718 secs using 391.9% CPU
Optimizing NNI: done in 0.0844649 secs using 394.8% CPU
Optimizing NNI: done in 0.0448982 secs using 398% CPU
Optimizing NNI: done in 0.0789109 secs using 389.9% CPU
Optimizing NNI: done in 0.0620594 secs using 393.1% CPU
Optimizing NNI: done in 0.0568302 secs using 395.8% CPU
Optimizing NNI: done in 0.0674482 secs using 391.8% CPU
Iteration 30 / LogL: -11835.173 / Time: 0h:0m:5s (0h:0m:11s left)
Optimizing NNI: done in 0.0732123 secs using 391.7% CPU
Optimizing NNI: done in 0.0547628 secs using 394.7% CPU
Optimizing NNI: done in 0.0879377 secs using 390.8% CPU
Optimizing NNI: done in 0.0669815 secs using 394.5% CPU
Optimizing NNI: done in 0.0637805 secs using 392.3% CPU
Optimizing NNI: done in 0.0587719 secs using 399% CPU
Optimizing NNI: done in 0.0926636 secs using 392.4% CPU
Optimizing NNI: done in 0.0631097 secs using 396.9% CPU
Optimizing NNI: done in 0.0678642 secs using 394.7% CPU
Optimizing NNI: done in 0.0807637 secs using 392.3% CPU
Iteration 40 / LogL: -11836.872 / Time: 0h:0m:6s (0h:0m:8s left)
Optimizing NNI: done in 0.0861776 secs using 394.5% CPU
Optimizing NNI: done in 0.0561048 secs using 391.6% CPU
Optimizing NNI: done in 0.0773721 secs using 395% CPU
Optimizing NNI: done in 0.0819227 secs using 395.5% CPU
Optimizing NNI: done in 0.0569352 secs using 396.2% CPU
Optimizing NNI: done in 0.0744319 secs using 394.6% CPU
Optimizing NNI: done in 0.0734089 secs using 398.4% CPU
Optimizing NNI: done in 0.0749057 secs using 395.1% CPU
Optimizing NNI: done in 0.0912381 secs using 394.3% CPU
Optimizing NNI: done in 0.0675339 secs using 393.7% CPU
UPDATE BEST LOG-LIKELIHOOD: -11833.978
Iteration 50 / LogL: -11833.978 / Time: 0h:0m:6s (0h:0m:6s left)
Log-likelihood cutoff on original alignment: -11867.138
Optimizing NNI: done in 0.0638719 secs using 396.8% CPU
Optimizing NNI: done in 0.04517 secs using 390.4% CPU
Optimizing NNI: done in 0.0568286 secs using 396.4% CPU
Optimizing NNI: done in 0.0621572 secs using 388.8% CPU
Optimizing NNI: done in 0.0606868 secs using 389.2% CPU
Optimizing NNI: done in 0.0492645 secs using 394.2% CPU
Optimizing NNI: done in 0.0738228 secs using 393.2% CPU
Optimizing NNI: done in 0.0639062 secs using 396.6% CPU
Optimizing NNI: done in 0.0915127 secs using 393.9% CPU
Optimizing NNI: done in 0.0480705 secs using 389.1% CPU
Iteration 60 / LogL: -11835.526 / Time: 0h:0m:7s (0h:0m:4s left)
Optimizing NNI: done in 0.0385561 secs using 398.7% CPU
Optimizing NNI: done in 0.066004 secs using 393.1% CPU
Optimizing NNI: done in 0.076377 secs using 346.3% CPU
Optimizing NNI: done in 0.0840013 secs using 396.3% CPU
Optimizing NNI: done in 0.124643 secs using 351.1% CPU
Optimizing NNI: done in 0.0750302 secs using 394.9% CPU
Optimizing NNI: done in 0.0588176 secs using 396.8% CPU
Optimizing NNI: done in 0.0652355 secs using 393.4% CPU
Optimizing NNI: done in 0.0889523 secs using 394.4% CPU
Optimizing NNI: done in 0.0844959 secs using 395.8% CPU
Iteration 70 / LogL: -11836.872 / Time: 0h:0m:8s (0h:0m:3s left)
Optimizing NNI: done in 0.0770018 secs using 397.4% CPU
Optimizing NNI: done in 0.0724378 secs using 391.8% CPU
Optimizing NNI: done in 0.0729438 secs using 395.1% CPU
Optimizing NNI: done in 0.100407 secs using 391.5% CPU
Optimizing NNI: done in 0.0642852 secs using 391.8% CPU
Optimizing NNI: done in 0.090508 secs using 395.9% CPU
Optimizing NNI: done in 0.103507 secs using 395.8% CPU
Optimizing NNI: done in 0.0522405 secs using 402.1% CPU
Optimizing NNI: done in 0.0412457 secs using 381.5% CPU
Optimizing NNI: done in 0.0676548 secs using 390.5% CPU
Iteration 80 / LogL: -11835.173 / Time: 0h:0m:9s (0h:0m:2s left)
Optimizing NNI: done in 0.0604604 secs using 393.7% CPU
Optimizing NNI: done in 0.0832359 secs using 395.5% CPU
Optimizing NNI: done in 0.0751221 secs using 399.8% CPU
Optimizing NNI: done in 0.0579754 secs using 390.9% CPU
Optimizing NNI: done in 0.0321533 secs using 393% CPU
Optimizing NNI: done in 0.0754123 secs using 394.7% CPU
Optimizing NNI: done in 0.0742331 secs using 392.6% CPU
Optimizing NNI: done in 0.0800108 secs using 392.6% CPU
Optimizing NNI: done in 0.0619261 secs using 394.5% CPU
Optimizing NNI: done in 0.0742319 secs using 395.2% CPU
Iteration 90 / LogL: -11838.097 / Time: 0h:0m:9s (0h:0m:1s left)
Optimizing NNI: done in 0.0720731 secs using 394.5% CPU
Optimizing NNI: done in 0.0547827 secs using 393.3% CPU
Optimizing NNI: done in 0.0775761 secs using 394.2% CPU
Optimizing NNI: done in 0.04956 secs using 396.2% CPU
Optimizing NNI: done in 0.103932 secs using 391.1% CPU
Optimizing NNI: done in 0.0624567 secs using 400.2% CPU
UPDATE BEST LOG-LIKELIHOOD: -11833.978
Optimizing NNI: done in 0.042321 secs using 399.8% CPU
Optimizing NNI: done in 0.0829843 secs using 397.8% CPU
Optimizing NNI: done in 0.0738726 secs using 396.9% CPU
Optimizing NNI: done in 0.0961631 secs using 392.9% CPU
Iteration 100 / LogL: -11833.978 / Time: 0h:0m:10s (0h:0m:0s left)
Log-likelihood cutoff on original alignment: -11867.629
NOTE: Bootstrap correlation coefficient of split occurrence frequencies: 0.998
Optimizing NNI: done in 0.058033 secs using 392.4% CPU
Optimizing NNI: done in 0.0685816 secs using 395% CPU
Optimizing NNI: done in 0.077021 secs using 394.9% CPU
Optimizing NNI: done in 0.0494692 secs using 398.7% CPU
TREE SEARCH COMPLETED AFTER 104 ITERATIONS / Time: 0h:0m:10s

--------------------------------------------------------------------
|                    FINALIZING TREE SEARCH                        |
--------------------------------------------------------------------
Performs final model parameters optimization
Estimate model parameters (epsilon = 0.010)
1. Initial log-likelihood: -11833.978
Optimal log-likelihood: -11833.978
Rate parameters:  A-C: 1.00000  A-G: 2.79814  A-T: 1.00000  C-G: 1.00000  C-T: 2.79814  G-T: 1.00000
Base frequencies:  A: 0.269  C: 0.191  G: 0.219  T: 0.322
Gamma shape alpha: 1.381
Parameters optimization took 1 rounds (0.008 sec)
BEST SCORE FOUND : -11833.978
Creating bootstrap support values...
Split supports printed to NEXUS file results/07_phylogeny/Best/G5981.splits.nex
Total tree length: 1.033

Total number of iterations: 104
CPU time used for tree search: 33.052 sec (0h:0m:33s)
Wall-clock time used for tree search: 8.647 sec (0h:0m:8s)
Total CPU time used: 39.415 sec (0h:0m:39s)
Total wall-clock time used: 10.903 sec (0h:0m:10s)

Computing bootstrap consensus tree...
Reading input file results/07_phylogeny/Best/G5981.splits.nex...
22 taxa and 202 splits.
Consensus tree written to results/07_phylogeny/Best/G5981.contree
Reading input trees file results/07_phylogeny/Best/G5981.contree
Log-likelihood of consensus tree: -11834.781

Analysis results written to: 
  IQ-TREE report:                results/07_phylogeny/Best/G5981.iqtree
  Maximum-likelihood tree:       results/07_phylogeny/Best/G5981.treefile
  Likelihood distances:          results/07_phylogeny/Best/G5981.mldist

Ultrafast bootstrap approximation results written to:
  Split support values:          results/07_phylogeny/Best/G5981.splits.nex
  Consensus tree:                results/07_phylogeny/Best/G5981.contree
  Screen log file:               results/07_phylogeny/Best/G5981.log

Date and Time: Wed May 27 21:28:40 2026
