IQ-TREE version 3.0.1 for Linux x86 64-bit built Jul  9 2025
Developed by Bui Quang Minh, Thomas Wong, Nhan Ly-Trong, Huaiyan Ren
Contributed by Lam-Tung Nguyen, Dominik Schrempf, Chris Bielow,
Olga Chernomor, Michael Woodhams, Diep Thi Hoang, Heiko Schmidt

Host:    c0700a-s19.ufhpc (AVX2, FMA3, 1007 GB RAM)
Command: iqtree -s results/06_alignment/Best/trimmed/G6226.trimmed.aln --prefix results/07_phylogeny/Best/G6226 -m TEST -B 1000 -nt 4 -redo
Seed:    960308 (Using SPRNG - Scalable Parallel Random Number Generator)
Time:    Wed May 27 21:42:07 2026
Kernel:  AVX+FMA - 4 threads (8 CPU cores detected)

Reading alignment file results/06_alignment/Best/trimmed/G6226.trimmed.aln ... Fasta format detected
Reading fasta file: done in 0.000709549 secs using 97.67% CPU
Alignment most likely contains DNA/RNA sequences
Constructing alignment: done in 0.00116275 secs using 398.6% CPU
Alignment has 22 sequences with 2086 columns, 714 distinct patterns
285 parsimony-informative, 585 singleton sites, 1216 constant sites
                  Gap/Ambiguity  Composition  p-value
Analyzing sequences: done in 2.89539e-05 secs using 100.2% CPU
   1  S0004_G6226_R1_A    1.05%    passed     93.36%
   2  S0016_G6226_R1_A    0.19%    passed     99.52%
   3  S0022_G6226_R1_A    0.00%    passed     99.11%
   4  S0018_G6226_R1_A    0.10%    passed     99.20%
   5  S0031_G6226_R1_A    0.05%    passed     96.78%
   6  S0002_G6226_R1_A    1.01%    passed     89.37%
   7  S0036_G6226_R1_U    0.62%    passed     98.74%
   8  S0019_G6226_R1_A    0.10%    passed     98.09%
   9  S0020_G6226_R1_A    0.38%    passed     99.99%
  10  S0017_G6226_R1_A    0.00%    passed     99.88%
  11  S0011_G6226_R1_A    0.14%    passed     99.06%
  12  S0028_G6226_R1_A    1.01%    passed     93.87%
  13  S0026_G6226_R1_A    0.91%    passed     99.24%
  14  S0013_G6226_R1_A    0.62%    passed     98.05%
  15  S0021_G6226_R1_A    0.38%    passed     99.62%
  16  S0046_G6226_R1_A    0.86%    passed     90.85%
  17  S0037_G6226_R1_A    1.34%    passed     92.14%
  18  S0005_G6226_R1_A   11.74%    passed     32.16%
  19  S0012_G6226_R1_A    0.48%    passed     99.24%
  20  S0048_G6226_R1_A    0.05%    passed     97.89%
  21  S0050_G6226_R1_A    0.05%    passed     94.95%
  22  S0030_G6226_R1_A   15.00%    passed     72.56%
****  TOTAL               1.64%  0 sequences failed composition chi2 test (p-value<5%; df=3)
Checking for duplicate sequences: done in 9.20021e-05 secs using 100% CPU


Create initial parsimony tree by phylogenetic likelihood library (PLL)... 0.002 seconds
Perform fast likelihood tree search using GTR+I+G model...
Estimate model parameters (epsilon = 5.000)
Perform nearest neighbor interchange...
Optimizing NNI: done in 0.0210671 secs using 382.5% CPU
Estimate model parameters (epsilon = 1.000)
1. Initial log-likelihood: -9981.789
Optimal log-likelihood: -9981.625
Rate parameters:  A-C: 0.72682  A-G: 3.20690  A-T: 0.98294  C-G: 0.75124  C-T: 3.39630  G-T: 1.00000
Base frequencies:  A: 0.239  C: 0.206  G: 0.256  T: 0.299
Proportion of invariable sites: 0.273
Gamma shape alpha: 4.206
Parameters optimization took 1 rounds (0.013 sec)
Time for fast ML tree search: 0.105 seconds

NOTE: ModelFinder requires 4 MB RAM!
ModelFinder will test up to 176 DNA models (sample size: 2086 epsilon: 0.100) ...
 No. Model         -LnL         df  AIC          AICc         BIC
  1  JC            10336.365    41  20754.730    20756.415    20986.093
  2  JC+I          10282.217    42  20648.435    20650.203    20885.441
  3  JC+G4         10274.081    42  20632.162    20633.930    20869.168
  4  JC+I+G4       10276.582    43  20639.165    20641.018    20881.814
  7  JC+G4         10274.081    42  20632.162    20633.930    20869.168
 11  F81+G4        10274.081    42  20632.162    20633.930    20869.168
 15  F81+F+G4      10239.655    45  20569.310    20571.339    20823.245
 19  K2P+G4        10023.519    43  20133.038    20134.891    20375.687
 23  K2P+G4        10023.519    43  20133.038    20134.891    20375.687
 27  HKY+G4        10023.519    43  20133.038    20134.891    20375.687
 31  HKY+F+G4      9982.844     46  20057.689    20059.809    20317.267
 35  TNe+G4        10023.120    44  20134.241    20136.181    20382.533
 39  TNe+G4        10023.120    44  20134.241    20136.181    20382.533
 43  TN+G4         10023.120    44  20134.241    20136.181    20382.533
 47  TN+F+G4       9982.341     47  20058.682    20060.896    20323.903
 51  K3P+G4        10023.493    44  20134.986    20136.926    20383.278
 55  K3P+G4        10023.493    44  20134.986    20136.926    20383.278
 59  K3Pu+G4       10023.493    44  20134.986    20136.926    20383.278
 63  K3Pu+F+G4     9982.836     47  20059.673    20061.886    20324.894
 67  TPM2+G4       10023.270    44  20134.539    20136.479    20382.831
 71  TPM2+G4       10023.270    44  20134.539    20136.479    20382.831
 75  TPM2u+G4      10023.270    44  20134.539    20136.479    20382.831
 79  TPM2u+F+G4    9982.813     47  20059.626    20061.840    20324.847
 83  TPM3+G4       10010.336    44  20108.671    20110.612    20356.964
 87  TPM3+G4       10010.336    44  20108.671    20110.612    20356.964
 91  TPM3u+G4      10010.336    44  20108.671    20110.612    20356.964
 95  TPM3u+F+G4    9978.988     47  20051.976    20054.190    20317.197
 99  TIMe+G4       10023.095    45  20136.189    20138.219    20390.124
103  TIMe+G4       10023.095    45  20136.189    20138.219    20390.124
107  TIM+G4        10023.094    45  20136.189    20138.218    20390.124
111  TIM+F+G4      9982.339     48  20060.678    20062.987    20331.542
115  TIM2e+G4      10022.872    45  20135.744    20137.774    20389.680
119  TIM2e+G4      10022.872    45  20135.744    20137.774    20389.680
123  TIM2+G4       10022.872    45  20135.744    20137.774    20389.680
127  TIM2+F+G4     9982.309     48  20060.618    20062.927    20331.482
131  TIM3e+G4      10009.887    45  20109.775    20111.804    20363.710
135  TIM3e+G4      10009.887    45  20109.775    20111.804    20363.710
139  TIM3+G4       10009.887    45  20109.774    20111.804    20363.710
143  TIM3+F+G4     9978.522     48  20053.044    20055.353    20323.908
147  TVMe+G4       10010.087    46  20112.174    20114.294    20371.752
151  TVMe+G4       10010.087    46  20112.174    20114.294    20371.752
155  TVM+G4        10010.087    46  20112.174    20114.294    20371.752
159  TVM+F+G4      9978.959     49  20055.918    20058.325    20332.425
163  SYM+G4        10009.641    47  20113.283    20115.497    20378.504
167  SYM+G4        10009.641    47  20113.283    20115.497    20378.504
171  GTR+G4        10009.640    47  20113.280    20115.494    20378.502
175  GTR+F+G4      9978.499     50  20056.998    20059.504    20339.148
Akaike Information Criterion:           TPM3u+F+G4
Corrected Akaike Information Criterion: TPM3u+F+G4
Bayesian Information Criterion:         TPM3u+F+G4
Best-fit model: TPM3u+F+G4 chosen according to BIC

All model information printed to results/07_phylogeny/Best/G6226.model.gz
CPU time for ModelFinder: 2.517 seconds (0h:0m:2s)
Wall-clock time for ModelFinder: 0.639 seconds (0h:0m:0s)
Generating 1000 samples for ultrafast bootstrap (seed: 960308)...

NOTE: 4 MB RAM (0 GB) is required!
Estimate model parameters (epsilon = 0.100)
1. Initial log-likelihood: -9978.996
Optimal log-likelihood: -9978.988
Rate parameters:  A-C: 0.75076  A-G: 3.32937  A-T: 1.00000  C-G: 0.75076  C-T: 3.32937  G-T: 1.00000
Base frequencies:  A: 0.239  C: 0.206  G: 0.256  T: 0.299
Gamma shape alpha: 1.122
Parameters optimization took 1 rounds (0.011 sec)
Wrote distance file to... 
Computing ML distances based on estimated model parameters...
Calculating distance matrix: done in 0.000682979 secs using 766.1% CPU
Computing ML distances took 0.000815 sec (of wall-clock time) 0.005368 sec (of CPU time)
Setting up auxiliary I and S matrices: done in 0.0274102 secs using 295.2% CPU
Constructing RapidNJ tree: done in 0.382864 secs using 240.1% CPU
Computing RapidNJ tree took 0.410696 sec (of wall-clock time) 1.000154 sec (of CPU time)
Log-likelihood of RapidNJ tree: -10018.331
--------------------------------------------------------------------
|             INITIALIZING CANDIDATE TREE SET                      |
--------------------------------------------------------------------
Generating 98 parsimony trees... 0.183 second
Computing log-likelihood of 98 initial trees ... 0.332 seconds
Current best score: -9978.988

Do NNI search on 20 best initial trees
Optimizing NNI: done in 0.014215 secs using 393.1% CPU
Estimate model parameters (epsilon = 0.100)
BETTER TREE FOUND at iteration 1: -9978.988
Optimizing NNI: done in 0.0302775 secs using 384.7% CPU
Optimizing NNI: done in 0.0304543 secs using 396.1% CPU
Optimizing NNI: done in 0.0366975 secs using 394.6% CPU
Optimizing NNI: done in 0.0374899 secs using 377.8% CPU
Optimizing NNI: done in 0.0442602 secs using 393.3% CPU
Optimizing NNI: done in 0.0472974 secs using 393.4% CPU
Optimizing NNI: done in 0.0512407 secs using 401.8% CPU
Optimizing NNI: done in 0.0533716 secs using 400.9% CPU
Optimizing NNI: done in 0.0375443 secs using 398.4% CPU
Iteration 10 / LogL: -9978.988 / Time: 0h:0m:2s
Optimizing NNI: done in 0.0440205 secs using 385.7% CPU
Optimizing NNI: done in 0.0396714 secs using 397% CPU
Optimizing NNI: done in 0.0500274 secs using 391.2% CPU
Optimizing NNI: done in 0.0440396 secs using 397.1% CPU
Optimizing NNI: done in 0.0398309 secs using 396.3% CPU
Optimizing NNI: done in 0.0394063 secs using 389.5% CPU
Optimizing NNI: done in 0.045628 secs using 391.4% CPU
Optimizing NNI: done in 0.0506757 secs using 393.6% CPU
Optimizing NNI: done in 0.0440313 secs using 397.2% CPU
Optimizing NNI: done in 0.051422 secs using 394.9% CPU
Iteration 20 / LogL: -9978.988 / Time: 0h:0m:2s
Finish initializing candidate tree set (2)
Current best tree score: -9978.988 / CPU time: 1.372
Number of iterations: 20
--------------------------------------------------------------------
|               OPTIMIZING CANDIDATE TREE SET                      |
--------------------------------------------------------------------
Optimizing NNI: done in 0.0598668 secs using 391.3% CPU
Optimizing NNI: done in 0.0439277 secs using 398% CPU
Optimizing NNI: done in 0.0650839 secs using 395.7% CPU
Optimizing NNI: done in 0.0244229 secs using 404.6% CPU
Optimizing NNI: done in 0.0538451 secs using 392.8% CPU
Optimizing NNI: done in 0.0625267 secs using 390.2% CPU
Optimizing NNI: done in 0.0627631 secs using 397.1% CPU
Optimizing NNI: done in 0.045666 secs using 397.6% CPU
Optimizing NNI: done in 0.0686154 secs using 394.9% CPU
Optimizing NNI: done in 0.0523382 secs using 386% CPU
Iteration 30 / LogL: -9978.989 / Time: 0h:0m:3s (0h:0m:6s left)
Optimizing NNI: done in 0.0581777 secs using 394.8% CPU
Optimizing NNI: done in 0.0531335 secs using 394.8% CPU
Optimizing NNI: done in 0.0717923 secs using 395.5% CPU
Optimizing NNI: done in 0.0377093 secs using 397.1% CPU
Optimizing NNI: done in 0.0456902 secs using 388.5% CPU
Optimizing NNI: done in 0.0568046 secs using 396.9% CPU
Optimizing NNI: done in 0.0497028 secs using 395.5% CPU
Optimizing NNI: done in 0.0550582 secs using 395.4% CPU
Optimizing NNI: done in 0.0535307 secs using 392.7% CPU
Optimizing NNI: done in 0.0539347 secs using 393.8% CPU
Iteration 40 / LogL: -9979.030 / Time: 0h:0m:3s (0h:0m:4s left)
Optimizing NNI: done in 0.0419719 secs using 395.4% CPU
Optimizing NNI: done in 0.0619679 secs using 395.9% CPU
Optimizing NNI: done in 0.0610871 secs using 392.2% CPU
Optimizing NNI: done in 0.0473084 secs using 389.3% CPU
Optimizing NNI: done in 0.0557144 secs using 395.5% CPU
Optimizing NNI: done in 0.0525671 secs using 390.6% CPU
Optimizing NNI: done in 0.0709405 secs using 395% CPU
Optimizing NNI: done in 0.0504571 secs using 397.1% CPU
Optimizing NNI: done in 0.0384088 secs using 391.8% CPU
Optimizing NNI: done in 0.0420226 secs using 394.8% CPU
Iteration 50 / LogL: -9978.988 / Time: 0h:0m:4s (0h:0m:3s left)
Log-likelihood cutoff on original alignment: -10017.838
Optimizing NNI: done in 0.0473056 secs using 389.2% CPU
Optimizing NNI: done in 0.0429686 secs using 395.5% CPU
Optimizing NNI: done in 0.0594743 secs using 393.5% CPU
Optimizing NNI: done in 0.0414651 secs using 384.5% CPU
Optimizing NNI: done in 0.0414188 secs using 396.8% CPU
Optimizing NNI: done in 0.0514523 secs using 389% CPU
Optimizing NNI: done in 0.0446132 secs using 399.9% CPU
Optimizing NNI: done in 0.0691081 secs using 394.2% CPU
Optimizing NNI: done in 0.0386557 secs using 387.3% CPU
Optimizing NNI: done in 0.0440925 secs using 396.9% CPU
Iteration 60 / LogL: -9978.988 / Time: 0h:0m:4s (0h:0m:2s left)
Optimizing NNI: done in 0.051444 secs using 391.1% CPU
Optimizing NNI: done in 0.0536286 secs using 388.5% CPU
Optimizing NNI: done in 0.0491904 secs using 390.3% CPU
Optimizing NNI: done in 0.0748657 secs using 385.9% CPU
Optimizing NNI: done in 0.0482551 secs using 400% CPU
Optimizing NNI: done in 0.0456723 secs using 391% CPU
Optimizing NNI: done in 0.0579887 secs using 393.9% CPU
Optimizing NNI: done in 0.0680696 secs using 397.3% CPU
Optimizing NNI: done in 0.0576202 secs using 389.2% CPU
Optimizing NNI: done in 0.0600575 secs using 392.1% CPU
Iteration 70 / LogL: -9992.795 / Time: 0h:0m:5s (0h:0m:2s left)
Optimizing NNI: done in 0.0487518 secs using 394.9% CPU
Optimizing NNI: done in 0.0409606 secs using 395.2% CPU
Optimizing NNI: done in 0.0581487 secs using 395% CPU
Optimizing NNI: done in 0.0458384 secs using 396.3% CPU
Optimizing NNI: done in 0.0643383 secs using 399% CPU
Optimizing NNI: done in 0.0501468 secs using 394.6% CPU
Optimizing NNI: done in 0.0375302 secs using 398.5% CPU
Optimizing NNI: done in 0.0743202 secs using 389.5% CPU
Optimizing NNI: done in 0.0589176 secs using 392.7% CPU
Optimizing NNI: done in 0.0379785 secs using 397.4% CPU
Iteration 80 / LogL: -9992.800 / Time: 0h:0m:5s (0h:0m:1s left)
Optimizing NNI: done in 0.0374399 secs using 388.3% CPU
Optimizing NNI: done in 0.0397601 secs using 389.2% CPU
Optimizing NNI: done in 0.0515489 secs using 386.1% CPU
Optimizing NNI: done in 0.0653804 secs using 397.1% CPU
Optimizing NNI: done in 0.0434609 secs using 392% CPU
Optimizing NNI: done in 0.0334359 secs using 381.5% CPU
Optimizing NNI: done in 0.037631 secs using 397.7% CPU
Optimizing NNI: done in 0.028215 secs using 391.7% CPU
Optimizing NNI: done in 0.0363998 secs using 399.4% CPU
Optimizing NNI: done in 0.0365368 secs using 401.2% CPU
Iteration 90 / LogL: -9978.990 / Time: 0h:0m:6s (0h:0m:0s left)
Optimizing NNI: done in 0.0459199 secs using 393.7% CPU
Optimizing NNI: done in 0.0498058 secs using 398.6% CPU
Optimizing NNI: done in 0.0603354 secs using 395.7% CPU
Optimizing NNI: done in 0.0364769 secs using 399% CPU
Optimizing NNI: done in 0.0430432 secs using 394.8% CPU
Optimizing NNI: done in 0.0521305 secs using 396.7% CPU
Optimizing NNI: done in 0.0559654 secs using 395.8% CPU
Optimizing NNI: done in 0.0557254 secs using 388.3% CPU
Optimizing NNI: done in 0.042261 secs using 391.1% CPU
Optimizing NNI: done in 0.0567419 secs using 395.4% CPU
Iteration 100 / LogL: -9979.044 / Time: 0h:0m:6s (0h:0m:0s left)
Log-likelihood cutoff on original alignment: -10016.628
NOTE: Bootstrap correlation coefficient of split occurrence frequencies: 0.999
Optimizing NNI: done in 0.0342673 secs using 392.1% CPU
Optimizing NNI: done in 0.040456 secs using 391.5% CPU
TREE SEARCH COMPLETED AFTER 102 ITERATIONS / Time: 0h:0m:7s

--------------------------------------------------------------------
|                    FINALIZING TREE SEARCH                        |
--------------------------------------------------------------------
Performs final model parameters optimization
Estimate model parameters (epsilon = 0.010)
1. Initial log-likelihood: -9978.988
Optimal log-likelihood: -9978.988
Rate parameters:  A-C: 0.75085  A-G: 3.32964  A-T: 1.00000  C-G: 0.75085  C-T: 3.32964  G-T: 1.00000
Base frequencies:  A: 0.239  C: 0.206  G: 0.256  T: 0.299
Gamma shape alpha: 1.122
Parameters optimization took 1 rounds (0.009 sec)
BEST SCORE FOUND : -9978.988
Creating bootstrap support values...
Split supports printed to NEXUS file results/07_phylogeny/Best/G6226.splits.nex
Total tree length: 0.695

Total number of iterations: 102
CPU time used for tree search: 22.360 sec (0h:0m:22s)
Wall-clock time used for tree search: 5.858 sec (0h:0m:5s)
Total CPU time used: 26.327 sec (0h:0m:26s)
Total wall-clock time used: 7.100 sec (0h:0m:7s)

Computing bootstrap consensus tree...
Reading input file results/07_phylogeny/Best/G6226.splits.nex...
22 taxa and 136 splits.
Consensus tree written to results/07_phylogeny/Best/G6226.contree
Reading input trees file results/07_phylogeny/Best/G6226.contree
Log-likelihood of consensus tree: -9978.988

Analysis results written to: 
  IQ-TREE report:                results/07_phylogeny/Best/G6226.iqtree
  Maximum-likelihood tree:       results/07_phylogeny/Best/G6226.treefile
  Likelihood distances:          results/07_phylogeny/Best/G6226.mldist

Ultrafast bootstrap approximation results written to:
  Split support values:          results/07_phylogeny/Best/G6226.splits.nex
  Consensus tree:                results/07_phylogeny/Best/G6226.contree
  Screen log file:               results/07_phylogeny/Best/G6226.log

Date and Time: Wed May 27 21:42:15 2026
