IQ-TREE version 3.0.1 for Linux x86 64-bit built Jul  9 2025
Developed by Bui Quang Minh, Thomas Wong, Nhan Ly-Trong, Huaiyan Ren
Contributed by Lam-Tung Nguyen, Dominik Schrempf, Chris Bielow,
Olga Chernomor, Michael Woodhams, Diep Thi Hoang, Heiko Schmidt

Host:    c0700a-s19.ufhpc (AVX2, FMA3, 1007 GB RAM)
Command: iqtree -s results/06_alignment/Best/trimmed/G6451.trimmed.aln --prefix results/07_phylogeny/Best/G6451 -m TEST -B 1000 -nt 4 -redo
Seed:    580540 (Using SPRNG - Scalable Parallel Random Number Generator)
Time:    Wed May 27 21:38:45 2026
Kernel:  AVX+FMA - 4 threads (8 CPU cores detected)

Reading alignment file results/06_alignment/Best/trimmed/G6451.trimmed.aln ... Fasta format detected
Reading fasta file: done in 0.000796642 secs using 98.92% CPU
Alignment most likely contains DNA/RNA sequences
Constructing alignment: done in 0.00130197 secs using 99.46% CPU
Alignment has 22 sequences with 2261 columns, 791 distinct patterns
307 parsimony-informative, 678 singleton sites, 1276 constant sites
                  Gap/Ambiguity  Composition  p-value
Analyzing sequences: done in 0.0105614 secs using 303.4% CPU
   1  S0037_G6451_R1_A   13.31%    passed     71.06%
   2  S0017_G6451_R1_A    2.34%    passed     67.05%
   3  S0016_G6451_R1_A    0.13%    passed     91.10%
   4  S0046_G6451_R1_A    0.27%    passed     98.88%
   5  S0002_G6451_R1_A    2.03%    passed     98.11%
   6  S0048_G6451_R1_A    1.06%    passed     98.57%
   7  S0050_G6451_R1_A    0.40%    passed     97.95%
   8  S0031_G6451_R1_A    5.62%    passed     96.60%
   9  S0026_G6451_R1_A    0.27%    passed     89.79%
  10  S0012_G6451_R1_A    0.44%    passed     98.68%
  11  S0019_G6451_R1_A    0.80%    passed     93.29%
  12  S0011_G6451_R1_A    0.18%    passed     98.63%
  13  S0028_G6451_R1_A    0.04%    passed     98.34%
  14  S0020_G6451_R1_A    0.66%    passed     99.50%
  15  S0013_G6451_R1_A    0.22%    passed     99.78%
  16  S0030_G6451_R1_A    0.40%    passed     99.18%
  17  S0022_G6451_R1_A    1.81%    passed     99.00%
  18  S0021_G6451_R1_U    0.31%    passed     95.46%
  19  S0004_G6451_R1_A    2.61%    passed     96.90%
  20  S0018_G6451_R1_A    2.92%    passed     90.62%
  21  S0036_G6451_R1_U   10.22%    passed     67.17%
  22  S0005_G6451_R1_A    1.77%    passed     86.28%
****  TOTAL               2.17%  0 sequences failed composition chi2 test (p-value<5%; df=3)
Checking for duplicate sequences: done in 0.0130888 secs using 293.9% CPU


Create initial parsimony tree by phylogenetic likelihood library (PLL)... 0.002 seconds
Perform fast likelihood tree search using GTR+I+G model...
Estimate model parameters (epsilon = 5.000)
Perform nearest neighbor interchange...
Optimizing NNI: done in 0.0197524 secs using 400.6% CPU
Estimate model parameters (epsilon = 1.000)
1. Initial log-likelihood: -11295.645
Optimal log-likelihood: -11295.504
Rate parameters:  A-C: 0.97181  A-G: 3.39195  A-T: 1.11567  C-G: 0.85482  C-T: 3.27666  G-T: 1.00000
Base frequencies:  A: 0.225  C: 0.209  G: 0.245  T: 0.321
Proportion of invariable sites: 0.264
Gamma shape alpha: 4.086
Parameters optimization took 1 rounds (0.010 sec)
Time for fast ML tree search: 0.203 seconds

NOTE: ModelFinder requires 5 MB RAM!
ModelFinder will test up to 176 DNA models (sample size: 2261 epsilon: 0.100) ...
 No. Model         -LnL         df  AIC          AICc         BIC
  1  JC            11677.459    41  23436.919    23438.471    23671.585
  2  JC+I          11611.223    42  23306.447    23308.075    23546.836
  3  JC+G4         11599.783    42  23283.566    23285.194    23523.955
  4  JC+I+G4       11602.478    43  23290.957    23292.664    23537.070
  7  JC+G4         11599.783    42  23283.566    23285.194    23523.955
 11  F81+G4        11599.783    42  23283.566    23285.194    23523.956
 15  F81+F+G4      11546.721    45  23183.441    23185.311    23441.002
 19  K2P+G4        11356.193    43  22798.386    22800.092    23044.499
 23  K2P+G4        11356.193    43  22798.386    22800.092    23044.499
 27  HKY+G4        11356.193    43  22798.386    22800.092    23044.499
 31  HKY+F+G4      11294.893    46  22681.786    22683.739    22945.070
 35  TNe+G4        11355.788    44  22799.575    22801.362    23051.412
 39  TNe+G4        11355.788    44  22799.575    22801.362    23051.412
 43  TN+G4         11355.788    44  22799.575    22801.362    23051.412
 47  TN+F+G4       11294.822    47  22683.644    22685.683    22952.651
 51  K3P+G4        11356.188    44  22800.377    22802.164    23052.213
 55  K3P+G4        11356.188    44  22800.376    22802.164    23052.213
 59  K3Pu+G4       11356.186    44  22800.373    22802.160    23052.210
 63  K3Pu+F+G4     11294.886    47  22683.771    22685.810    22952.779
 67  TPM2+G4       11355.998    44  22799.996    22801.783    23051.833
 71  TPM2+G4       11355.998    44  22799.996    22801.783    23051.833
 75  TPM2u+G4      11355.998    44  22799.996    22801.783    23051.833
 79  TPM2u+F+G4    11294.119    47  22682.239    22684.278    22951.246
 83  TPM3+G4       11345.180    44  22778.361    22780.148    23030.197
 87  TPM3+G4       11345.180    44  22778.361    22780.148    23030.197
 91  TPM3u+G4      11345.180    44  22778.360    22780.147    23030.197
 95  TPM3u+F+G4    11293.497    47  22680.994    22683.033    22950.002
 99  TIMe+G4       11355.780    45  22801.560    22803.429    23059.120
103  TIMe+G4       11355.780    45  22801.560    22803.429    23059.120
107  TIM+G4        11355.780    45  22801.560    22803.429    23059.120
111  TIM+F+G4      11294.817    48  22685.635    22687.762    22960.366
115  TIM2e+G4      11355.590    45  22801.181    22803.050    23058.741
119  TIM2e+G4      11355.590    45  22801.181    22803.050    23058.741
123  TIM2+G4       11355.590    45  22801.181    22803.050    23058.741
127  TIM2+F+G4     11294.048    48  22684.095    22686.222    22958.826
131  TIM3e+G4      11344.697    45  22779.393    22781.262    23036.954
135  TIM3e+G4      11344.697    45  22779.393    22781.262    23036.954
139  TIM3+G4       11344.695    45  22779.390    22781.259    23036.950
143  TIM3+F+G4     11293.417    48  22682.834    22684.960    22957.565
147  TVMe+G4       11344.972    46  22781.945    22783.898    23045.229
151  TVMe+G4       11344.972    46  22781.945    22783.898    23045.229
155  TVM+G4        11344.972    46  22781.945    22783.898    23045.229
159  TVM+F+G4      11292.712    49  22683.424    22685.640    22963.878
163  SYM+G4        11344.483    47  22782.966    22785.005    23051.973
167  SYM+G4        11344.483    47  22782.966    22785.005    23051.973
171  GTR+G4        11344.483    47  22782.965    22785.004    23051.973
175  GTR+F+G4      11292.631    50  22685.261    22687.569    22971.439
Akaike Information Criterion:           TPM3u+F+G4
Corrected Akaike Information Criterion: TPM3u+F+G4
Bayesian Information Criterion:         HKY+F+G4
Best-fit model: HKY+F+G4 chosen according to BIC

All model information printed to results/07_phylogeny/Best/G6451.model.gz
CPU time for ModelFinder: 2.851 seconds (0h:0m:2s)
Wall-clock time for ModelFinder: 0.766 seconds (0h:0m:0s)
Generating 1000 samples for ultrafast bootstrap (seed: 580540)...

NOTE: 5 MB RAM (0 GB) is required!
Estimate model parameters (epsilon = 0.100)
1. Initial log-likelihood: -11294.922
Optimal log-likelihood: -11294.893
Rate parameters:  A-C: 1.00000  A-G: 3.33320  A-T: 1.00000  C-G: 1.00000  C-T: 3.33320  G-T: 1.00000
Base frequencies:  A: 0.225  C: 0.209  G: 0.245  T: 0.321
Gamma shape alpha: 1.143
Parameters optimization took 1 rounds (0.008 sec)
Wrote distance file to... 
Computing ML distances based on estimated model parameters...
Calculating distance matrix: done in 0.000613439 secs using 616% CPU
Computing ML distances took 0.000707 sec (of wall-clock time) 0.003877 sec (of CPU time)
Setting up auxiliary I and S matrices: done in 0.0336178 secs using 293.2% CPU
Constructing RapidNJ tree: done in 0.734667 secs using 280.5% CPU
Computing RapidNJ tree took 0.768469 sec (of wall-clock time) 2.160119 sec (of CPU time)
Log-likelihood of RapidNJ tree: -11372.231
--------------------------------------------------------------------
|             INITIALIZING CANDIDATE TREE SET                      |
--------------------------------------------------------------------
Generating 98 parsimony trees... 0.207 second
Computing log-likelihood of 98 initial trees ... 0.330 seconds
Current best score: -11294.893

Do NNI search on 20 best initial trees
Optimizing NNI: done in 0.0148501 secs using 400.3% CPU
Estimate model parameters (epsilon = 0.100)
BETTER TREE FOUND at iteration 1: -11294.893
Optimizing NNI: done in 0.0318083 secs using 399% CPU
UPDATE BEST LOG-LIKELIHOOD: -11294.893
Optimizing NNI: done in 0.0263921 secs using 389.2% CPU
Optimizing NNI: done in 0.0354991 secs using 390.2% CPU
UPDATE BEST LOG-LIKELIHOOD: -11294.893
Optimizing NNI: done in 0.0335714 secs using 400.8% CPU
Optimizing NNI: done in 0.0323223 secs using 397.5% CPU
Optimizing NNI: done in 0.0364087 secs using 394.2% CPU
Optimizing NNI: done in 0.0482476 secs using 389.5% CPU
UPDATE BEST LOG-LIKELIHOOD: -11294.893
Optimizing NNI: done in 0.0474624 secs using 388.2% CPU
Optimizing NNI: done in 0.0501097 secs using 392.5% CPU
Iteration 10 / LogL: -11294.893 / Time: 0h:0m:2s
Optimizing NNI: done in 0.0557783 secs using 394.4% CPU
Optimizing NNI: done in 0.0539584 secs using 392.2% CPU
Optimizing NNI: done in 0.042068 secs using 394.3% CPU
Optimizing NNI: done in 0.0607912 secs using 392% CPU
Optimizing NNI: done in 0.0462776 secs using 389.2% CPU
Optimizing NNI: done in 0.0509087 secs using 384% CPU
Optimizing NNI: done in 0.0360369 secs using 391.4% CPU
Optimizing NNI: done in 0.0504749 secs using 400.4% CPU
Optimizing NNI: done in 0.0531849 secs using 390.5% CPU
Optimizing NNI: done in 0.0378397 secs using 393.1% CPU
Iteration 20 / LogL: -11294.893 / Time: 0h:0m:3s
Finish initializing candidate tree set (1)
Current best tree score: -11294.893 / CPU time: 1.404
Number of iterations: 20
--------------------------------------------------------------------
|               OPTIMIZING CANDIDATE TREE SET                      |
--------------------------------------------------------------------
Optimizing NNI: done in 0.0547415 secs using 389.7% CPU
Optimizing NNI: done in 0.0801505 secs using 390.6% CPU
Optimizing NNI: done in 0.0346122 secs using 388.3% CPU
Optimizing NNI: done in 0.0633039 secs using 392.6% CPU
Optimizing NNI: done in 0.0514296 secs using 396.5% CPU
Optimizing NNI: done in 0.0521229 secs using 392.9% CPU
Optimizing NNI: done in 0.0698194 secs using 388% CPU
Optimizing NNI: done in 0.0591862 secs using 397.2% CPU
Optimizing NNI: done in 0.033387 secs using 381.7% CPU
Optimizing NNI: done in 0.0493777 secs using 392.6% CPU
Iteration 30 / LogL: -11294.893 / Time: 0h:0m:3s (0h:0m:7s left)
Optimizing NNI: done in 0.0532464 secs using 390% CPU
Optimizing NNI: done in 0.0584162 secs using 391.7% CPU
Optimizing NNI: done in 0.048004 secs using 390.9% CPU
Optimizing NNI: done in 0.0604793 secs using 396.5% CPU
Optimizing NNI: done in 0.0579388 secs using 392% CPU
Optimizing NNI: done in 0.0735802 secs using 397.6% CPU
Optimizing NNI: done in 0.0412483 secs using 392.9% CPU
Optimizing NNI: done in 0.0577204 secs using 393.6% CPU
Optimizing NNI: done in 0.0702783 secs using 396.2% CPU
Optimizing NNI: done in 0.079987 secs using 396% CPU
Iteration 40 / LogL: -11294.893 / Time: 0h:0m:4s (0h:0m:5s left)
Optimizing NNI: done in 0.0522038 secs using 390.5% CPU
Optimizing NNI: done in 0.0594983 secs using 389.4% CPU
Optimizing NNI: done in 0.0460225 secs using 392.2% CPU
Optimizing NNI: done in 0.0377052 secs using 391.3% CPU
Optimizing NNI: done in 0.0453171 secs using 388.6% CPU
Optimizing NNI: done in 0.0559702 secs using 395.3% CPU
Optimizing NNI: done in 0.0685494 secs using 391.9% CPU
Optimizing NNI: done in 0.0200839 secs using 396.1% CPU
Optimizing NNI: done in 0.0890942 secs using 392.5% CPU
Optimizing NNI: done in 0.0465386 secs using 391.3% CPU
Iteration 50 / LogL: -11297.686 / Time: 0h:0m:4s (0h:0m:4s left)
Log-likelihood cutoff on original alignment: -11328.972
Optimizing NNI: done in 0.083146 secs using 388.5% CPU
Optimizing NNI: done in 0.168204 secs using 315.7% CPU
Optimizing NNI: done in 0.0723107 secs using 388.1% CPU
Optimizing NNI: done in 0.0763988 secs using 397.2% CPU
Optimizing NNI: done in 0.0449733 secs using 395.5% CPU
Optimizing NNI: done in 0.0796188 secs using 398.8% CPU
UPDATE BEST LOG-LIKELIHOOD: -11294.893
Optimizing NNI: done in 0.0513521 secs using 395.1% CPU
Optimizing NNI: done in 0.0717438 secs using 398.3% CPU
Optimizing NNI: done in 0.0733121 secs using 394.7% CPU
Optimizing NNI: done in 0.0475184 secs using 394.2% CPU
Iteration 60 / LogL: -11294.893 / Time: 0h:0m:5s (0h:0m:3s left)
Optimizing NNI: done in 0.0758668 secs using 395.4% CPU
Optimizing NNI: done in 0.0573939 secs using 393.9% CPU
Optimizing NNI: done in 0.0517795 secs using 396.9% CPU
Optimizing NNI: done in 0.0413322 secs using 402.4% CPU
Optimizing NNI: done in 0.058304 secs using 390.7% CPU
Optimizing NNI: done in 0.0770061 secs using 394.8% CPU
Optimizing NNI: done in 0.0629815 secs using 391.2% CPU
Optimizing NNI: done in 0.0379724 secs using 397.8% CPU
Optimizing NNI: done in 0.0624071 secs using 390.9% CPU
Optimizing NNI: done in 0.0740549 secs using 390.8% CPU
Iteration 70 / LogL: -11294.893 / Time: 0h:0m:6s (0h:0m:2s left)
Optimizing NNI: done in 0.0441522 secs using 394.5% CPU
Optimizing NNI: done in 0.0375233 secs using 399% CPU
Optimizing NNI: done in 0.0707616 secs using 393.1% CPU
Optimizing NNI: done in 0.0504024 secs using 391.3% CPU
Optimizing NNI: done in 0.0632773 secs using 401.1% CPU
Optimizing NNI: done in 0.0633134 secs using 394.6% CPU
Optimizing NNI: done in 0.0476975 secs using 395.4% CPU
Optimizing NNI: done in 0.0617953 secs using 395.8% CPU
Optimizing NNI: done in 0.0767608 secs using 394.4% CPU
Optimizing NNI: done in 0.0440564 secs using 392.4% CPU
Iteration 80 / LogL: -11297.690 / Time: 0h:0m:7s (0h:0m:1s left)
Optimizing NNI: done in 0.0441768 secs using 395.8% CPU
Optimizing NNI: done in 0.0624607 secs using 388.6% CPU
Optimizing NNI: done in 0.052712 secs using 398.6% CPU
Optimizing NNI: done in 0.0821856 secs using 397.1% CPU
Optimizing NNI: done in 0.0721156 secs using 395.1% CPU
Optimizing NNI: done in 0.0597287 secs using 392.9% CPU
Optimizing NNI: done in 0.0337596 secs using 392.1% CPU
Optimizing NNI: done in 0.0879423 secs using 388.5% CPU
Optimizing NNI: done in 0.0551317 secs using 389.3% CPU
Optimizing NNI: done in 0.0438249 secs using 396.2% CPU
Iteration 90 / LogL: -11294.893 / Time: 0h:0m:7s (0h:0m:0s left)
Optimizing NNI: done in 0.0576568 secs using 392% CPU
Optimizing NNI: done in 0.040953 secs using 397.6% CPU
Optimizing NNI: done in 0.059159 secs using 398.3% CPU
Optimizing NNI: done in 0.0551712 secs using 394.7% CPU
Optimizing NNI: done in 0.0486583 secs using 396.9% CPU
Optimizing NNI: done in 0.0756017 secs using 396.3% CPU
Optimizing NNI: done in 0.0632885 secs using 389.6% CPU
Optimizing NNI: done in 0.088821 secs using 396.8% CPU
Optimizing NNI: done in 0.0581548 secs using 392.8% CPU
Optimizing NNI: done in 0.0950482 secs using 395.3% CPU
Iteration 100 / LogL: -11294.896 / Time: 0h:0m:8s (0h:0m:0s left)
Log-likelihood cutoff on original alignment: -11328.972
NOTE: Bootstrap correlation coefficient of split occurrence frequencies: 0.999
Optimizing NNI: done in 0.0836901 secs using 394.6% CPU
Optimizing NNI: done in 0.0564891 secs using 398.2% CPU
TREE SEARCH COMPLETED AFTER 102 ITERATIONS / Time: 0h:0m:8s

--------------------------------------------------------------------
|                    FINALIZING TREE SEARCH                        |
--------------------------------------------------------------------
Performs final model parameters optimization
Estimate model parameters (epsilon = 0.010)
1. Initial log-likelihood: -11294.893
Optimal log-likelihood: -11294.893
Rate parameters:  A-C: 1.00000  A-G: 3.33338  A-T: 1.00000  C-G: 1.00000  C-T: 3.33338  G-T: 1.00000
Base frequencies:  A: 0.225  C: 0.209  G: 0.245  T: 0.321
Gamma shape alpha: 1.143
Parameters optimization took 1 rounds (0.008 sec)
BEST SCORE FOUND : -11294.893
Creating bootstrap support values...
Split supports printed to NEXUS file results/07_phylogeny/Best/G6451.splits.nex
Total tree length: 0.739

Total number of iterations: 102
CPU time used for tree search: 25.569 sec (0h:0m:25s)
Wall-clock time used for tree search: 6.743 sec (0h:0m:6s)
Total CPU time used: 31.311 sec (0h:0m:31s)
Total wall-clock time used: 8.571 sec (0h:0m:8s)

Computing bootstrap consensus tree...
Reading input file results/07_phylogeny/Best/G6451.splits.nex...
22 taxa and 114 splits.
Consensus tree written to results/07_phylogeny/Best/G6451.contree
Reading input trees file results/07_phylogeny/Best/G6451.contree
Log-likelihood of consensus tree: -11294.893

Analysis results written to: 
  IQ-TREE report:                results/07_phylogeny/Best/G6451.iqtree
  Maximum-likelihood tree:       results/07_phylogeny/Best/G6451.treefile
  Likelihood distances:          results/07_phylogeny/Best/G6451.mldist

Ultrafast bootstrap approximation results written to:
  Split support values:          results/07_phylogeny/Best/G6451.splits.nex
  Consensus tree:                results/07_phylogeny/Best/G6451.contree
  Screen log file:               results/07_phylogeny/Best/G6451.log

Date and Time: Wed May 27 21:38:54 2026
