IQ-TREE version 3.0.1 for Linux x86 64-bit built Jul  9 2025
Developed by Bui Quang Minh, Thomas Wong, Nhan Ly-Trong, Huaiyan Ren
Contributed by Lam-Tung Nguyen, Dominik Schrempf, Chris Bielow,
Olga Chernomor, Michael Woodhams, Diep Thi Hoang, Heiko Schmidt

Host:    c0700a-s19.ufhpc (AVX2, FMA3, 1007 GB RAM)
Command: iqtree -s results/06_alignment/Best/trimmed/G6947.trimmed.aln --prefix results/07_phylogeny/Best/G6947 -m TEST -B 1000 -nt 4 -redo
Seed:    425264 (Using SPRNG - Scalable Parallel Random Number Generator)
Time:    Wed May 27 21:37:41 2026
Kernel:  AVX+FMA - 4 threads (8 CPU cores detected)

Reading alignment file results/06_alignment/Best/trimmed/G6947.trimmed.aln ... Fasta format detected
Reading fasta file: done in 0.00126074 secs using 12.14% CPU
Alignment most likely contains DNA/RNA sequences
Constructing alignment: done in 0.0012903 secs using 282% CPU
Alignment has 22 sequences with 2181 columns, 866 distinct patterns
337 parsimony-informative, 810 singleton sites, 1034 constant sites
                  Gap/Ambiguity  Composition  p-value
Analyzing sequences: done in 0.0132338 secs using 297.8% CPU
   1  S0028_G6947_R1_A    3.81%    passed     79.99%
   2  S0050_G6947_R1_A    0.87%    passed     99.94%
   3  S0013_G6947_R1_A    0.96%    passed     99.71%
   4  S0011_G6947_R1_A    0.50%    passed     97.63%
   5  S0030_G6947_R1_A    0.28%    passed     99.09%
   6  S0019_G6947_R1_A    0.60%    passed     93.88%
   7  S0020_G6947_R1_A    1.05%    passed     93.66%
   8  S0026_G6947_R1_A    1.38%    passed     98.77%
   9  S0004_G6947_R1_A    0.32%    passed     88.82%
  10  S0046_G6947_R1_A    1.01%    passed     94.55%
  11  S0018_G6947_R1_A    0.92%    passed     98.43%
  12  S0031_G6947_R1_A    1.24%    passed     99.41%
  13  S0022_G6947_R1_A    0.28%    passed    100.00%
  14  S0002_G6947_R1_A    0.00%    passed     99.11%
  15  S0012_G6947_R1_A    1.93%    passed     98.80%
  16  S0016_G6947_R1_A    0.28%    passed     99.88%
  17  S0036_G6947_R1_A    1.88%    passed     97.01%
  18  S0005_G6947_R1_A    2.48%    passed     92.64%
  19  S0021_G6947_R1_A    1.24%    passed     96.06%
  20  S0017_G6947_R1_A    1.24%    passed     99.12%
  21  S0037_G6947_R1_A    1.28%    passed     97.15%
  22  S0048_G6947_R1_A    0.18%    passed     99.09%
****  TOTAL               1.08%  0 sequences failed composition chi2 test (p-value<5%; df=3)
Checking for duplicate sequences: done in 0.000107391 secs using 99.64% CPU


Create initial parsimony tree by phylogenetic likelihood library (PLL)... 0.002 seconds
Perform fast likelihood tree search using GTR+I+G model...
Estimate model parameters (epsilon = 5.000)
Perform nearest neighbor interchange...
Optimizing NNI: done in 0.0227639 secs using 396.3% CPU
Estimate model parameters (epsilon = 1.000)
1. Initial log-likelihood: -12587.977
Optimal log-likelihood: -12587.489
Rate parameters:  A-C: 0.79305  A-G: 2.79773  A-T: 1.03744  C-G: 0.89025  C-T: 2.86442  G-T: 1.00000
Base frequencies:  A: 0.248  C: 0.209  G: 0.229  T: 0.314
Proportion of invariable sites: 0.200
Gamma shape alpha: 4.953
Parameters optimization took 1 rounds (0.014 sec)
Time for fast ML tree search: 0.118 seconds

NOTE: ModelFinder requires 5 MB RAM!
ModelFinder will test up to 176 DNA models (sample size: 2181 epsilon: 0.100) ...
 No. Model         -LnL         df  AIC          AICc         BIC
  1  JC            12962.925    41  26007.849    26009.460    26241.038
  2  JC+I          12914.170    42  25912.340    25914.029    26151.216
  3  JC+G4         12895.669    42  25875.338    25877.028    26114.215
  4  JC+I+G4       12898.793    43  25883.587    25885.358    26128.151
  7  JC+G4         12895.669    42  25875.338    25877.028    26114.215
 11  F81+G4        12895.669    42  25875.338    25877.028    26114.215
 15  F81+F+G4      12838.457    45  25766.914    25768.853    26022.853
 19  K2P+G4        12650.062    43  25386.124    25387.895    25630.688
 23  K2P+G4        12650.062    43  25386.124    25387.895    25630.688
 27  HKY+G4        12650.062    43  25386.124    25387.895    25630.688
 31  HKY+F+G4      12584.595    46  25261.190    25263.216    25522.817
 35  TNe+G4        12649.143    44  25386.285    25388.139    25636.537
 39  TNe+G4        12649.143    44  25386.286    25388.139    25636.537
 43  TN+G4         12649.143    44  25386.285    25388.139    25636.537
 47  TN+F+G4       12584.514    47  25263.028    25265.143    25530.342
 51  K3P+G4        12649.542    44  25387.083    25388.937    25637.335
 55  K3P+G4        12649.542    44  25387.083    25388.937    25637.335
 59  K3Pu+G4       12649.542    44  25387.083    25388.937    25637.335
 63  K3Pu+F+G4     12584.242    47  25262.484    25264.600    25529.799
 67  TPM2+G4       12649.947    44  25387.893    25389.747    25638.145
 71  TPM2+G4       12649.947    44  25387.893    25389.747    25638.145
 75  TPM2u+G4      12649.947    44  25387.893    25389.747    25638.145
 79  TPM2u+F+G4    12584.574    47  25263.148    25265.263    25530.462
 83  TPM3+G4       12633.836    44  25355.672    25357.526    25605.924
 87  TPM3+G4       12633.836    44  25355.672    25357.526    25605.924
 91  TPM3u+G4      12633.836    44  25355.671    25357.525    25605.923
 95  TPM3u+F+G4    12581.382    47  25256.763    25258.879    25524.078
 99  TIMe+G4       12648.623    45  25387.246    25389.185    25643.185
103  TIMe+G4       12648.623    45  25387.246    25389.185    25643.185
107  TIM+G4        12648.621    45  25387.242    25389.181    25643.182
111  TIM+F+G4      12584.161    48  25264.322    25266.529    25537.324
115  TIM2e+G4      12649.031    45  25388.061    25390.000    25644.001
119  TIM2e+G4      12649.031    45  25388.061    25390.000    25644.001
123  TIM2+G4       12649.030    45  25388.060    25389.999    25644.000
127  TIM2+F+G4     12584.496    48  25264.991    25267.198    25537.993
131  TIM3e+G4      12632.772    45  25355.544    25357.484    25611.484
135  TIM3e+G4      12632.772    45  25355.544    25357.484    25611.484
139  TIM3+G4       12632.772    45  25355.543    25357.482    25611.483
143  TIM3+F+G4     12581.309    48  25258.618    25260.825    25531.620
147  TVMe+G4       12633.337    46  25358.674    25360.700    25620.301
151  TVMe+G4       12633.337    46  25358.674    25360.700    25620.301
155  TVM+G4        12633.335    46  25358.670    25360.696    25620.297
159  TVM+F+G4      12580.991    49  25259.982    25262.282    25538.672
163  SYM+G4        12632.269    47  25358.538    25360.653    25625.852
167  SYM+G4        12632.269    47  25358.538    25360.653    25625.852
171  GTR+G4        12632.269    47  25358.538    25360.653    25625.852
175  GTR+F+G4      12580.919    50  25261.839    25264.233    25546.216
Akaike Information Criterion:           TPM3u+F+G4
Corrected Akaike Information Criterion: TPM3u+F+G4
Bayesian Information Criterion:         HKY+F+G4
Best-fit model: HKY+F+G4 chosen according to BIC

All model information printed to results/07_phylogeny/Best/G6947.model.gz
CPU time for ModelFinder: 3.372 seconds (0h:0m:3s)
Wall-clock time for ModelFinder: 0.854 seconds (0h:0m:0s)
Generating 1000 samples for ultrafast bootstrap (seed: 425264)...

NOTE: 5 MB RAM (0 GB) is required!
Estimate model parameters (epsilon = 0.100)
1. Initial log-likelihood: -12584.658
Optimal log-likelihood: -12584.596
Rate parameters:  A-C: 1.00000  A-G: 2.98192  A-T: 1.00000  C-G: 1.00000  C-T: 2.98192  G-T: 1.00000
Base frequencies:  A: 0.248  C: 0.209  G: 0.229  T: 0.314
Gamma shape alpha: 1.640
Parameters optimization took 1 rounds (0.008 sec)
Wrote distance file to... 
Computing ML distances based on estimated model parameters...
Calculating distance matrix: done in 0.000566791 secs using 687% CPU
Computing ML distances took 0.000660 sec (of wall-clock time) 0.003994 sec (of CPU time)
Setting up auxiliary I and S matrices: done in 0.0404115 secs using 198.2% CPU
Constructing RapidNJ tree: done in 0.927366 secs using 271.8% CPU
Computing RapidNJ tree took 0.968023 sec (of wall-clock time) 2.601224 sec (of CPU time)
Log-likelihood of RapidNJ tree: -12626.828
--------------------------------------------------------------------
|             INITIALIZING CANDIDATE TREE SET                      |
--------------------------------------------------------------------
Generating 98 parsimony trees... 0.225 second
Computing log-likelihood of 98 initial trees ... 0.500 seconds
Current best score: -12584.596

Do NNI search on 20 best initial trees
Optimizing NNI: done in 0.016159 secs using 394.4% CPU
Estimate model parameters (epsilon = 0.100)
BETTER TREE FOUND at iteration 1: -12584.595
Optimizing NNI: done in 0.0241749 secs using 391.3% CPU
Optimizing NNI: done in 0.0267879 secs using 377.8% CPU
Optimizing NNI: done in 0.0246651 secs using 397.6% CPU
Optimizing NNI: done in 0.0264795 secs using 388.4% CPU
Optimizing NNI: done in 0.0357055 secs using 397.4% CPU
Optimizing NNI: done in 0.0338322 secs using 396.1% CPU
Optimizing NNI: done in 0.0415331 secs using 393.8% CPU
Optimizing NNI: done in 0.0420405 secs using 396.8% CPU
Optimizing NNI: done in 0.0340548 secs using 391.2% CPU
Iteration 10 / LogL: -12584.601 / Time: 0h:0m:3s
Optimizing NNI: done in 0.0473641 secs using 391.1% CPU
Optimizing NNI: done in 0.0426457 secs using 397.5% CPU
Optimizing NNI: done in 0.0426468 secs using 395% CPU
Optimizing NNI: done in 0.0342121 secs using 387.1% CPU
Optimizing NNI: done in 0.0351342 secs using 393.4% CPU
Optimizing NNI: done in 0.0445351 secs using 385% CPU
Optimizing NNI: done in 0.0361524 secs using 393.4% CPU
Optimizing NNI: done in 0.0337019 secs using 385.3% CPU
Optimizing NNI: done in 0.0447514 secs using 399.2% CPU
Optimizing NNI: done in 0.0408213 secs using 386.9% CPU
Iteration 20 / LogL: -12588.150 / Time: 0h:0m:4s
Finish initializing candidate tree set (4)
Current best tree score: -12584.595 / CPU time: 1.459
Number of iterations: 20
--------------------------------------------------------------------
|               OPTIMIZING CANDIDATE TREE SET                      |
--------------------------------------------------------------------
Optimizing NNI: done in 0.0816153 secs using 394% CPU
Optimizing NNI: done in 0.0277263 secs using 393.2% CPU
Optimizing NNI: done in 0.037626 secs using 397.9% CPU
Optimizing NNI: done in 0.0537963 secs using 395% CPU
Optimizing NNI: done in 0.0839384 secs using 395.3% CPU
Optimizing NNI: done in 0.104641 secs using 393.6% CPU
Optimizing NNI: done in 0.0746236 secs using 393.4% CPU
Optimizing NNI: done in 0.0424187 secs using 384.9% CPU
Optimizing NNI: done in 0.0398638 secs using 393.7% CPU
Optimizing NNI: done in 0.0862794 secs using 390.8% CPU
Iteration 30 / LogL: -12584.602 / Time: 0h:0m:4s (0h:0m:9s left)
Optimizing NNI: done in 0.0533698 secs using 393.4% CPU
Optimizing NNI: done in 0.058959 secs using 394.3% CPU
Optimizing NNI: done in 0.0855553 secs using 392% CPU
Optimizing NNI: done in 0.0742143 secs using 396.7% CPU
Optimizing NNI: done in 0.0439892 secs using 390.7% CPU
Optimizing NNI: done in 0.0295957 secs using 398.2% CPU
Optimizing NNI: done in 0.060698 secs using 395.7% CPU
Optimizing NNI: done in 0.0597267 secs using 397.7% CPU
Optimizing NNI: done in 0.059264 secs using 391.3% CPU
Optimizing NNI: done in 0.0482078 secs using 396.3% CPU
Iteration 40 / LogL: -12584.595 / Time: 0h:0m:5s (0h:0m:7s left)
Optimizing NNI: done in 0.060108 secs using 398.5% CPU
Optimizing NNI: done in 0.0566583 secs using 394% CPU
Optimizing NNI: done in 0.0757116 secs using 397.3% CPU
Optimizing NNI: done in 0.087194 secs using 392.1% CPU
Optimizing NNI: done in 0.0977175 secs using 390.2% CPU
Optimizing NNI: done in 0.0822873 secs using 392.7% CPU
Optimizing NNI: done in 0.0645824 secs using 391.7% CPU
Optimizing NNI: done in 0.0769982 secs using 396.1% CPU
Optimizing NNI: done in 0.0504291 secs using 389% CPU
Optimizing NNI: done in 0.0766037 secs using 391.1% CPU
Iteration 50 / LogL: -12584.595 / Time: 0h:0m:6s (0h:0m:5s left)
Log-likelihood cutoff on original alignment: -12619.822
Optimizing NNI: done in 0.0564498 secs using 394.1% CPU
Optimizing NNI: done in 0.0523693 secs using 397.1% CPU
Optimizing NNI: done in 0.0534264 secs using 385.7% CPU
Optimizing NNI: done in 0.0567659 secs using 389.9% CPU
Optimizing NNI: done in 0.0564129 secs using 400.7% CPU
Optimizing NNI: done in 0.0421494 secs using 394.2% CPU
Optimizing NNI: done in 0.0743833 secs using 397.5% CPU
Optimizing NNI: done in 0.0772948 secs using 391.3% CPU
Optimizing NNI: done in 0.0547139 secs using 399.2% CPU
Optimizing NNI: done in 0.0556377 secs using 399.4% CPU
Iteration 60 / LogL: -12589.046 / Time: 0h:0m:6s (0h:0m:4s left)
Optimizing NNI: done in 0.0671303 secs using 393.7% CPU
Optimizing NNI: done in 0.0530367 secs using 397.3% CPU
Optimizing NNI: done in 0.060456 secs using 383.9% CPU
Optimizing NNI: done in 0.0557826 secs using 396.8% CPU
Optimizing NNI: done in 0.0645826 secs using 394.8% CPU
Optimizing NNI: done in 0.0413327 secs using 384.4% CPU
Optimizing NNI: done in 0.0419812 secs using 395.4% CPU
Optimizing NNI: done in 0.0495751 secs using 388% CPU
Optimizing NNI: done in 0.0529498 secs using 394.1% CPU
Optimizing NNI: done in 0.0599121 secs using 394.9% CPU
Iteration 70 / LogL: -12588.150 / Time: 0h:0m:7s (0h:0m:2s left)
Optimizing NNI: done in 0.0831172 secs using 393.7% CPU
Optimizing NNI: done in 0.0809264 secs using 394.2% CPU
Optimizing NNI: done in 0.0364246 secs using 382.9% CPU
Optimizing NNI: done in 0.0585246 secs using 399.5% CPU
Optimizing NNI: done in 0.0603643 secs using 389.1% CPU
Optimizing NNI: done in 0.0609187 secs using 389.9% CPU
Optimizing NNI: done in 0.04361 secs using 395.9% CPU
Optimizing NNI: done in 0.0793305 secs using 395.3% CPU
Optimizing NNI: done in 0.0775854 secs using 390.3% CPU
Optimizing NNI: done in 0.0838387 secs using 393.3% CPU
Iteration 80 / LogL: -12588.161 / Time: 0h:0m:8s (0h:0m:1s left)
Optimizing NNI: done in 0.0768948 secs using 392.7% CPU
Optimizing NNI: done in 0.117944 secs using 391.7% CPU
Optimizing NNI: done in 0.0451833 secs using 395.8% CPU
Optimizing NNI: done in 0.0454376 secs using 383.5% CPU
Optimizing NNI: done in 0.0495376 secs using 398.2% CPU
Optimizing NNI: done in 0.0521736 secs using 391.9% CPU
Optimizing NNI: done in 0.064836 secs using 393.4% CPU
Optimizing NNI: done in 0.0549546 secs using 390.8% CPU
Optimizing NNI: done in 0.0796577 secs using 389.3% CPU
Optimizing NNI: done in 0.070189 secs using 392.9% CPU
Iteration 90 / LogL: -12584.599 / Time: 0h:0m:8s (0h:0m:0s left)
Optimizing NNI: done in 0.0912819 secs using 319.8% CPU
Optimizing NNI: done in 0.0839322 secs using 394.1% CPU
Optimizing NNI: done in 0.0520558 secs using 395% CPU
Optimizing NNI: done in 0.0524306 secs using 400.8% CPU
Optimizing NNI: done in 0.0878468 secs using 392.4% CPU
Optimizing NNI: done in 0.0671334 secs using 395.4% CPU
Optimizing NNI: done in 0.0649031 secs using 392% CPU
Optimizing NNI: done in 0.0506439 secs using 397.5% CPU
Optimizing NNI: done in 0.0583044 secs using 395.6% CPU
Optimizing NNI: done in 0.0755191 secs using 394.1% CPU
Iteration 100 / LogL: -12584.595 / Time: 0h:0m:9s (0h:0m:0s left)
Log-likelihood cutoff on original alignment: -12618.434
NOTE: Bootstrap correlation coefficient of split occurrence frequencies: 0.997
Optimizing NNI: done in 0.0765051 secs using 393.9% CPU
Optimizing NNI: done in 0.0443199 secs using 393.1% CPU
TREE SEARCH COMPLETED AFTER 102 ITERATIONS / Time: 0h:0m:9s

--------------------------------------------------------------------
|                    FINALIZING TREE SEARCH                        |
--------------------------------------------------------------------
Performs final model parameters optimization
Estimate model parameters (epsilon = 0.010)
1. Initial log-likelihood: -12584.595
Optimal log-likelihood: -12584.595
Rate parameters:  A-C: 1.00000  A-G: 2.98829  A-T: 1.00000  C-G: 1.00000  C-T: 2.98829  G-T: 1.00000
Base frequencies:  A: 0.248  C: 0.209  G: 0.229  T: 0.314
Gamma shape alpha: 1.640
Parameters optimization took 1 rounds (0.011 sec)
BEST SCORE FOUND : -12584.595
Creating bootstrap support values...
Split supports printed to NEXUS file results/07_phylogeny/Best/G6947.splits.nex
Total tree length: 0.938

Total number of iterations: 102
CPU time used for tree search: 26.589 sec (0h:0m:26s)
Wall-clock time used for tree search: 7.032 sec (0h:0m:7s)
Total CPU time used: 35.248 sec (0h:0m:35s)
Total wall-clock time used: 9.808 sec (0h:0m:9s)

Computing bootstrap consensus tree...
Reading input file results/07_phylogeny/Best/G6947.splits.nex...
22 taxa and 180 splits.
Consensus tree written to results/07_phylogeny/Best/G6947.contree
Reading input trees file results/07_phylogeny/Best/G6947.contree
Log-likelihood of consensus tree: -12584.595

Analysis results written to: 
  IQ-TREE report:                results/07_phylogeny/Best/G6947.iqtree
  Maximum-likelihood tree:       results/07_phylogeny/Best/G6947.treefile
  Likelihood distances:          results/07_phylogeny/Best/G6947.mldist

Ultrafast bootstrap approximation results written to:
  Split support values:          results/07_phylogeny/Best/G6947.splits.nex
  Consensus tree:                results/07_phylogeny/Best/G6947.contree
  Screen log file:               results/07_phylogeny/Best/G6947.log

Date and Time: Wed May 27 21:37:51 2026
