IQ-TREE version 3.0.1 for Linux x86 64-bit built Jul  9 2025
Developed by Bui Quang Minh, Thomas Wong, Nhan Ly-Trong, Huaiyan Ren
Contributed by Lam-Tung Nguyen, Dominik Schrempf, Chris Bielow,
Olga Chernomor, Michael Woodhams, Diep Thi Hoang, Heiko Schmidt

Host:    c0700a-s19.ufhpc (AVX2, FMA3, 1007 GB RAM)
Command: iqtree -s results/06_alignment/Best/trimmed/G7577.trimmed.aln --prefix results/07_phylogeny/Best/G7577 -m TEST -B 1000 -nt 4 -redo
Seed:    960590 (Using SPRNG - Scalable Parallel Random Number Generator)
Time:    Wed May 27 21:07:01 2026
Kernel:  AVX+FMA - 4 threads (8 CPU cores detected)

Reading alignment file results/06_alignment/Best/trimmed/G7577.trimmed.aln ... Fasta format detected
Reading fasta file: done in 0.00112774 secs using 28.38% CPU
Alignment most likely contains DNA/RNA sequences
Constructing alignment: done in 0.00142815 secs using 163.2% CPU
Alignment has 22 sequences with 2074 columns, 1001 distinct patterns
385 parsimony-informative, 717 singleton sites, 972 constant sites
                  Gap/Ambiguity  Composition  p-value
Analyzing sequences: done in 0.0147202 secs using 273.9% CPU
   1  S0017_G7577_R1_A    0.77%    passed     99.08%
   2  S0030_G7577_R1_A    0.77%    passed     89.98%
   3  S0004_G7577_R1_A    0.53%    passed     99.82%
   4  S0016_G7577_R1_A    0.48%    passed     99.70%
   5  S0021_G7577_R1_A    0.58%    passed     99.56%
   6  S0046_G7577_R1_A    1.45%    passed     97.75%
   7  S0022_G7577_R1_A    1.78%    passed     96.01%
   8  S0013_G7577_R1_A    1.01%    passed     96.05%
   9  S0048_G7577_R1_A    0.34%    passed     95.22%
  10  S0050_G7577_R1_A    3.81%    passed     86.59%
  11  S0018_G7577_R1_A    0.19%    passed     98.69%
  12  S0031_G7577_R1_A    3.28%    passed     99.17%
  13  S0037_G7577_R1_U    0.77%    passed     97.53%
  14  S0012_G7577_R1_A    0.29%    passed     83.62%
  15  S0002_G7577_R1_A    0.53%    passed     97.26%
  16  S0028_G7577_R1_A    2.89%    passed     95.74%
  17  S0011_G7577_R1_A    5.88%    passed     96.24%
  18  S0020_G7577_R1_A    4.00%    passed     91.52%
  19  S0036_G7577_R1_A    3.91%    passed     89.17%
  20  S0026_G7577_R1_A    5.88%    passed      7.99%
  21  S0019_G7577_R1_A   19.82%    passed     79.06%
  22  S0005_G7577_R1_A   21.70%    passed     55.35%
****  TOTAL               3.67%  0 sequences failed composition chi2 test (p-value<5%; df=3)
Checking for duplicate sequences: done in 0.0132359 secs using 295% CPU


Create initial parsimony tree by phylogenetic likelihood library (PLL)... 0.002 seconds
Perform fast likelihood tree search using GTR+I+G model...
Estimate model parameters (epsilon = 5.000)
Perform nearest neighbor interchange...
Optimizing NNI: done in 0.0514312 secs using 396.9% CPU
Estimate model parameters (epsilon = 1.000)
1. Initial log-likelihood: -12072.620
Optimal log-likelihood: -12072.206
Rate parameters:  A-C: 0.75105  A-G: 2.64751  A-T: 0.97069  C-G: 0.77162  C-T: 2.71976  G-T: 1.00000
Base frequencies:  A: 0.260  C: 0.217  G: 0.228  T: 0.296
Proportion of invariable sites: 0.206
Gamma shape alpha: 5.588
Parameters optimization took 1 rounds (0.021 sec)
Time for fast ML tree search: 0.529 seconds

NOTE: ModelFinder requires 6 MB RAM!
ModelFinder will test up to 176 DNA models (sample size: 2074 epsilon: 0.100) ...
 No. Model         -LnL         df  AIC          AICc         BIC
  1  JC            12416.818    41  24915.635    24917.330    25146.762
  2  JC+I          12367.249    42  24818.498    24820.277    25055.262
  3  JC+G4         12354.793    42  24793.585    24795.364    25030.349
  4  JC+I+G4       12357.606    43  24801.212    24803.076    25043.613
  7  JC+G4         12354.793    42  24793.585    24795.364    25030.349
 11  F81+G4        12354.793    42  24793.585    24795.364    25030.349
 15  F81+F+G4      12318.980    45  24727.960    24730.001    24981.636
 19  K2P+G4        12114.458    43  24314.916    24316.780    24557.317
 23  K2P+G4        12114.458    43  24314.916    24316.780    24557.317
 27  HKY+G4        12114.458    43  24314.916    24316.780    24557.317
 31  HKY+F+G4      12072.337    46  24236.674    24238.808    24495.987
 35  TNe+G4        12114.089    44  24316.177    24318.129    24564.216
 39  TNe+G4        12114.089    44  24316.177    24318.129    24564.216
 43  TN+G4         12114.089    44  24316.177    24318.129    24564.216
 47  TN+F+G4       12072.272    47  24238.543    24240.770    24503.493
 51  K3P+G4        12114.418    44  24316.836    24318.787    24564.874
 55  K3P+G4        12114.418    44  24316.836    24318.787    24564.874
 59  K3Pu+G4       12114.418    44  24316.836    24318.787    24564.874
 63  K3Pu+F+G4     12072.337    47  24238.673    24240.900    24503.623
 67  TPM2+G4       12114.272    44  24316.543    24318.495    24564.582
 71  TPM2+G4       12114.272    44  24316.543    24318.495    24564.582
 75  TPM2u+G4      12114.272    44  24316.543    24318.495    24564.582
 79  TPM2u+F+G4    12072.243    47  24238.486    24240.713    24503.436
 83  TPM3+G4       12098.312    44  24284.624    24286.576    24532.663
 87  TPM3+G4       12098.312    44  24284.624    24286.576    24532.663
 91  TPM3u+G4      12098.312    44  24284.624    24286.576    24532.662
 95  TPM3u+F+G4    12067.071    47  24228.143    24230.370    24493.093
 99  TIMe+G4       12114.049    45  24318.097    24320.139    24571.773
103  TIMe+G4       12114.049    45  24318.097    24320.139    24571.773
107  TIM+G4        12114.049    45  24318.097    24320.139    24571.773
111  TIM+F+G4      12072.271    48  24240.542    24242.865    24511.129
115  TIM2e+G4      12113.903    45  24317.806    24319.848    24571.482
119  TIM2e+G4      12113.903    45  24317.806    24319.848    24571.482
123  TIM2+G4       12113.903    45  24317.806    24319.848    24571.482
127  TIM2+F+G4     12072.178    48  24240.357    24242.680    24510.944
131  TIM3e+G4      12097.863    45  24285.725    24287.767    24539.401
135  TIM3e+G4      12097.863    45  24285.725    24287.767    24539.401
139  TIM3+G4       12097.863    45  24285.725    24287.767    24539.401
143  TIM3+F+G4     12067.014    48  24230.028    24232.351    24500.615
147  TVMe+G4       12098.118    46  24288.236    24290.369    24547.548
151  TVMe+G4       12098.118    46  24288.236    24290.369    24547.548
155  TVM+G4        12098.118    46  24288.236    24290.369    24547.548
159  TVM+F+G4      12066.975    49  24231.949    24234.370    24508.174
163  SYM+G4        12097.670    47  24289.340    24291.567    24554.290
167  SYM+G4        12097.670    47  24289.340    24291.567    24554.290
171  GTR+G4        12097.670    47  24289.340    24291.567    24554.290
175  GTR+F+G4      12066.919    50  24233.837    24236.358    24515.699
Akaike Information Criterion:           TPM3u+F+G4
Corrected Akaike Information Criterion: TPM3u+F+G4
Bayesian Information Criterion:         TPM3u+F+G4
Best-fit model: TPM3u+F+G4 chosen according to BIC

All model information printed to results/07_phylogeny/Best/G7577.model.gz
CPU time for ModelFinder: 5.135 seconds (0h:0m:5s)
Wall-clock time for ModelFinder: 1.399 seconds (0h:0m:1s)
Generating 1000 samples for ultrafast bootstrap (seed: 960590)...

NOTE: 6 MB RAM (0 GB) is required!
Estimate model parameters (epsilon = 0.100)
1. Initial log-likelihood: -12067.071
Optimal log-likelihood: -12067.070
Rate parameters:  A-C: 0.76326  A-G: 2.70287  A-T: 1.00000  C-G: 0.76326  C-T: 2.70287  G-T: 1.00000
Base frequencies:  A: 0.260  C: 0.217  G: 0.228  T: 0.296
Gamma shape alpha: 1.626
Parameters optimization took 1 rounds (0.010 sec)
Wrote distance file to... 
Computing ML distances based on estimated model parameters...
Calculating distance matrix: done in 0.000604732 secs using 454.7% CPU
Computing ML distances took 0.000722 sec (of wall-clock time) 0.002871 sec (of CPU time)
Setting up auxiliary I and S matrices: done in 0.0410887 secs using 218.5% CPU
Constructing RapidNJ tree: done in 0.862926 secs using 257.4% CPU
Computing RapidNJ tree took 0.904108 sec (of wall-clock time) 2.311758 sec (of CPU time)
Log-likelihood of RapidNJ tree: -12098.536
--------------------------------------------------------------------
|             INITIALIZING CANDIDATE TREE SET                      |
--------------------------------------------------------------------
Generating 98 parsimony trees... 0.232 second
Computing log-likelihood of 98 initial trees ... 0.428 seconds
Current best score: -12067.070

Do NNI search on 20 best initial trees
Optimizing NNI: done in 0.0194158 secs using 406% CPU
Estimate model parameters (epsilon = 0.100)
BETTER TREE FOUND at iteration 1: -12067.070
Optimizing NNI: done in 0.038104 secs using 402% CPU
Optimizing NNI: done in 0.0539203 secs using 394.2% CPU
Estimate model parameters (epsilon = 0.100)
BETTER TREE FOUND at iteration 3: -12066.382
Optimizing NNI: done in 0.0509514 secs using 395.8% CPU
Optimizing NNI: done in 0.0706935 secs using 394.5% CPU
Optimizing NNI: done in 0.0546017 secs using 399.7% CPU
Optimizing NNI: done in 0.0435676 secs using 395.9% CPU
UPDATE BEST LOG-LIKELIHOOD: -12066.382
Optimizing NNI: done in 0.0655056 secs using 392.1% CPU
Optimizing NNI: done in 0.044919 secs using 397.9% CPU
Optimizing NNI: done in 0.0411998 secs using 393.4% CPU
Iteration 10 / LogL: -12067.077 / Time: 0h:0m:3s
Optimizing NNI: done in 0.0530085 secs using 389.8% CPU
Optimizing NNI: done in 0.0468257 secs using 392.2% CPU
Optimizing NNI: done in 0.0571414 secs using 396.6% CPU
Optimizing NNI: done in 0.0581329 secs using 400% CPU
Optimizing NNI: done in 0.07307 secs using 393.7% CPU
Optimizing NNI: done in 0.105169 secs using 393.3% CPU
Optimizing NNI: done in 0.0513972 secs using 395.1% CPU
Optimizing NNI: done in 0.04631 secs using 395.5% CPU
Optimizing NNI: done in 0.047557 secs using 396.4% CPU
Optimizing NNI: done in 0.0703665 secs using 391.4% CPU
Iteration 20 / LogL: -12071.480 / Time: 0h:0m:4s
Finish initializing candidate tree set (10)
Current best tree score: -12066.382 / CPU time: 1.790
Number of iterations: 20
--------------------------------------------------------------------
|               OPTIMIZING CANDIDATE TREE SET                      |
--------------------------------------------------------------------
Optimizing NNI: done in 0.0652619 secs using 394.3% CPU
Optimizing NNI: done in 0.0976384 secs using 395.4% CPU
Optimizing NNI: done in 0.0827399 secs using 394.9% CPU
Optimizing NNI: done in 0.0987467 secs using 395% CPU
Optimizing NNI: done in 0.0941129 secs using 395% CPU
Optimizing NNI: done in 0.0566335 secs using 394% CPU
Optimizing NNI: done in 0.0648896 secs using 394.9% CPU
Optimizing NNI: done in 0.0709224 secs using 396.5% CPU
Optimizing NNI: done in 0.0466031 secs using 398% CPU
Optimizing NNI: done in 0.110624 secs using 396.7% CPU
Iteration 30 / LogL: -12066.384 / Time: 0h:0m:5s (0h:0m:9s left)
Optimizing NNI: done in 0.0771285 secs using 391.7% CPU
Optimizing NNI: done in 0.0718422 secs using 395.5% CPU
Optimizing NNI: done in 0.0423991 secs using 401.4% CPU
Optimizing NNI: done in 0.0320157 secs using 394.2% CPU
Optimizing NNI: done in 0.074887 secs using 392.8% CPU
Optimizing NNI: done in 0.0718704 secs using 393.8% CPU
Optimizing NNI: done in 0.0848992 secs using 392% CPU
Optimizing NNI: done in 0.0517283 secs using 393.2% CPU
Optimizing NNI: done in 0.0854513 secs using 393.7% CPU
Optimizing NNI: done in 0.0613748 secs using 395.5% CPU
Iteration 40 / LogL: -12066.383 / Time: 0h:0m:5s (0h:0m:7s left)
Optimizing NNI: done in 0.0441253 secs using 392.1% CPU
UPDATE BEST LOG-LIKELIHOOD: -12066.382
Optimizing NNI: done in 0.0750593 secs using 397.2% CPU
Optimizing NNI: done in 0.077577 secs using 392.9% CPU
Optimizing NNI: done in 0.0905288 secs using 392.5% CPU
Optimizing NNI: done in 0.0694132 secs using 397.2% CPU
Optimizing NNI: done in 0.0485653 secs using 387.9% CPU
Optimizing NNI: done in 0.0744276 secs using 393.3% CPU
Optimizing NNI: done in 0.0611751 secs using 398.2% CPU
Optimizing NNI: done in 0.104521 secs using 395.1% CPU
Optimizing NNI: done in 0.0595838 secs using 391.6% CPU
Iteration 50 / LogL: -12066.383 / Time: 0h:0m:6s (0h:0m:5s left)
Log-likelihood cutoff on original alignment: -12098.934
Optimizing NNI: done in 0.0494161 secs using 394.1% CPU
Optimizing NNI: done in 0.0538498 secs using 396.3% CPU
Optimizing NNI: done in 0.0706469 secs using 396% CPU
Optimizing NNI: done in 0.063809 secs using 393.5% CPU
Optimizing NNI: done in 0.0724002 secs using 392.1% CPU
Optimizing NNI: done in 0.0524398 secs using 390.9% CPU
Optimizing NNI: done in 0.108868 secs using 394.1% CPU
Optimizing NNI: done in 0.0642593 secs using 397.5% CPU
Optimizing NNI: done in 0.0725889 secs using 396.3% CPU
Optimizing NNI: done in 0.0756226 secs using 397.6% CPU
Iteration 60 / LogL: -12066.382 / Time: 0h:0m:7s (0h:0m:4s left)
Optimizing NNI: done in 0.0881887 secs using 395.6% CPU
Optimizing NNI: done in 0.0638104 secs using 390.8% CPU
Optimizing NNI: done in 0.0458544 secs using 396.2% CPU
Optimizing NNI: done in 0.0772068 secs using 400.7% CPU
Optimizing NNI: done in 0.0385432 secs using 393.6% CPU
Optimizing NNI: done in 0.0460224 secs using 397.4% CPU
Optimizing NNI: done in 0.0681734 secs using 393.8% CPU
Optimizing NNI: done in 0.0688382 secs using 398.3% CPU
Optimizing NNI: done in 0.0783758 secs using 392.4% CPU
Optimizing NNI: done in 0.0608091 secs using 386.9% CPU
Iteration 70 / LogL: -12068.640 / Time: 0h:0m:8s (0h:0m:3s left)
Optimizing NNI: done in 0.105653 secs using 396.6% CPU
Optimizing NNI: done in 0.0931403 secs using 392.2% CPU
Optimizing NNI: done in 0.0753451 secs using 398.8% CPU
UPDATE BEST LOG-LIKELIHOOD: -12066.382
Optimizing NNI: done in 0.070162 secs using 385.4% CPU
Optimizing NNI: done in 0.0796603 secs using 396.1% CPU
Optimizing NNI: done in 0.115561 secs using 392.6% CPU
Optimizing NNI: done in 0.0568517 secs using 394.7% CPU
Optimizing NNI: done in 0.0638793 secs using 392.8% CPU
Optimizing NNI: done in 0.0617026 secs using 395.4% CPU
Optimizing NNI: done in 0.0702879 secs using 396.3% CPU
Iteration 80 / LogL: -12071.869 / Time: 0h:0m:8s (0h:0m:2s left)
Optimizing NNI: done in 0.0627812 secs using 394.7% CPU
Optimizing NNI: done in 0.0678121 secs using 398.4% CPU
Optimizing NNI: done in 0.0922 secs using 397.9% CPU
Optimizing NNI: done in 0.112416 secs using 395.1% CPU
Optimizing NNI: done in 0.0435264 secs using 398.3% CPU
Optimizing NNI: done in 0.0479557 secs using 397.7% CPU
Optimizing NNI: done in 0.0632762 secs using 395.9% CPU
Optimizing NNI: done in 0.0877938 secs using 398.2% CPU
Optimizing NNI: done in 0.0423732 secs using 401.8% CPU
Optimizing NNI: done in 0.0873793 secs using 397.5% CPU
Iteration 90 / LogL: -12066.385 / Time: 0h:0m:9s (0h:0m:1s left)
Optimizing NNI: done in 0.0776688 secs using 397.4% CPU
Optimizing NNI: done in 0.0547851 secs using 389.6% CPU
Optimizing NNI: done in 0.0667562 secs using 398.2% CPU
Optimizing NNI: done in 0.0816811 secs using 395% CPU
Optimizing NNI: done in 0.0700434 secs using 394.5% CPU
Optimizing NNI: done in 0.045999 secs using 395.2% CPU
Optimizing NNI: done in 0.0712538 secs using 399.2% CPU
Optimizing NNI: done in 0.0824048 secs using 395.8% CPU
Optimizing NNI: done in 0.085066 secs using 391.6% CPU
Optimizing NNI: done in 0.0568143 secs using 391% CPU
Iteration 100 / LogL: -12068.641 / Time: 0h:0m:10s (0h:0m:0s left)
Log-likelihood cutoff on original alignment: -12092.587
NOTE: Bootstrap correlation coefficient of split occurrence frequencies: 0.998
Optimizing NNI: done in 0.0940845 secs using 392.8% CPU
Optimizing NNI: done in 0.086143 secs using 393.6% CPU
Optimizing NNI: done in 0.0562956 secs using 397.9% CPU
Optimizing NNI: done in 0.0890511 secs using 393% CPU
TREE SEARCH COMPLETED AFTER 104 ITERATIONS / Time: 0h:0m:10s

--------------------------------------------------------------------
|                    FINALIZING TREE SEARCH                        |
--------------------------------------------------------------------
Performs final model parameters optimization
Estimate model parameters (epsilon = 0.010)
1. Initial log-likelihood: -12066.382
Optimal log-likelihood: -12066.382
Rate parameters:  A-C: 0.76319  A-G: 2.70793  A-T: 1.00000  C-G: 0.76319  C-T: 2.70793  G-T: 1.00000
Base frequencies:  A: 0.260  C: 0.217  G: 0.228  T: 0.296
Gamma shape alpha: 1.645
Parameters optimization took 1 rounds (0.008 sec)
BEST SCORE FOUND : -12066.382
Creating bootstrap support values...
Split supports printed to NEXUS file results/07_phylogeny/Best/G7577.splits.nex
Total tree length: 0.993

Total number of iterations: 104
CPU time used for tree search: 31.324 sec (0h:0m:31s)
Wall-clock time used for tree search: 8.166 sec (0h:0m:8s)
Total CPU time used: 39.523 sec (0h:0m:39s)
Total wall-clock time used: 10.771 sec (0h:0m:10s)

Computing bootstrap consensus tree...
Reading input file results/07_phylogeny/Best/G7577.splits.nex...
22 taxa and 242 splits.
Consensus tree written to results/07_phylogeny/Best/G7577.contree
Reading input trees file results/07_phylogeny/Best/G7577.contree
Log-likelihood of consensus tree: -12066.898

Analysis results written to: 
  IQ-TREE report:                results/07_phylogeny/Best/G7577.iqtree
  Maximum-likelihood tree:       results/07_phylogeny/Best/G7577.treefile
  Likelihood distances:          results/07_phylogeny/Best/G7577.mldist

Ultrafast bootstrap approximation results written to:
  Split support values:          results/07_phylogeny/Best/G7577.splits.nex
  Consensus tree:                results/07_phylogeny/Best/G7577.contree
  Screen log file:               results/07_phylogeny/Best/G7577.log

Date and Time: Wed May 27 21:07:12 2026
