IQ-TREE version 3.0.1 for Linux x86 64-bit built Jul  9 2025
Developed by Bui Quang Minh, Thomas Wong, Nhan Ly-Trong, Huaiyan Ren
Contributed by Lam-Tung Nguyen, Dominik Schrempf, Chris Bielow,
Olga Chernomor, Michael Woodhams, Diep Thi Hoang, Heiko Schmidt

Host:    c0711a-s19.ufhpc (AVX2, FMA3, 503 GB RAM)
Command: iqtree -s results_moss_new/06_alignment/All/trimmed/G4471.trimmed.aln --prefix results_moss_new/07_phylogeny/All/G4471 -m MFP -B 1000 -T AUTO
Seed:    713556 (Using SPRNG - Scalable Parallel Random Number Generator)
Time:    Fri Jun 12 06:34:23 2026
Kernel:  AVX+FMA - auto-detect threads (8 CPU cores detected)

Reading alignment file results_moss_new/06_alignment/All/trimmed/G4471.trimmed.aln ... Fasta format detected
Reading fasta file: done in 0.00106026 secs using 71.49% CPU
Alignment most likely contains DNA/RNA sequences
Constructing alignment: done in 0.00111597 secs using 32.89% CPU
Alignment has 53 sequences with 1695 columns, 1535 distinct patterns
1342 parsimony-informative, 145 singleton sites, 208 constant sites
                  Gap/Ambiguity  Composition  p-value
Analyzing sequences: done in 0.000161134 secs using 99.3% CPU
   1  S0018_G4471_R1_A    1.71%    passed     91.64%
   2  S0031_G4471_R1_A    2.54%    passed     81.33%
   3  S0026_G4471_R1_A    1.53%    passed     82.73%
   4  S0020_G4471_R1_A    3.95%    passed     95.06%
   5  S0036_G4471_R1_A    2.12%    passed     87.99%
   6  S0030_G4471_R1_A    1.47%    passed     85.85%
   7  S0046_G4471_R1_A    2.01%    passed     96.82%
   8  S0023_G4471_R1_A    2.42%    passed     95.61%
   9  S0002_G4471_R1_A    8.79%    passed     96.18%
  10  S0013_G4471_R1_A   13.10%    passed     24.15%
  11  S0016_G4471_R1_A    2.36%    passed     96.77%
  12  S0022_G4471_R1_A    2.12%    passed     81.59%
  13  S0004_G4471_R1_A    2.18%    passed     98.60%
  14  S0021_G4471_R1_A    2.12%    passed     94.82%
  15  S0021_G4471_R2_A    2.89%    passed     96.19%
  16  S0011_G4471_R1_A    2.71%    passed     92.63%
  17  S0019_G4471_R1_A    3.13%    passed     88.37%
  18  S0017_G4471_R1_A    1.65%    passed     97.92%
  19  S0037_G4471_R1_U    4.78%    passed     94.38%
  20  S0012_G4471_R1_A    6.73%    passed     63.90%
  21  S0050_G4471_R1_A    5.84%    passed     84.52%
  22  S0048_G4471_R1_A    5.19%    passed     38.34%
  23  S0028_G4471_R1_A    2.71%    passed     94.86%
  24  S0035_G4471_R1_A    3.66%    passed     66.88%
  25  S0039_G4471_R1_A   11.62%    passed     74.23%
  26  S0051_G4471_R1_A   11.68%    passed     84.40%
  27  S0010_G4471_R1_A    7.67%    passed     84.91%
  28  S0009_G4471_R1_A    8.02%    passed     65.61%
  29  S0006_G4471_R1_A   16.70%    passed     65.47%
  30  S0033_G4471_R1_A    3.78%    passed     69.10%
  31  S0005_G4471_R1_A   10.62%    passed     54.40%
  32  S0015_G4471_R1_A    8.61%    passed     68.89%
  33  S0008_G4471_R1_A    4.25%    passed     85.42%
  34  S0014_G4471_R1_A    5.31%    passed     25.57%
  35  S0027_G4471_R1_A    5.84%    passed     71.51%
  36  S0034_G4471_R1_A    4.13%    passed     72.09%
  37  S0003_G4471_R1_N   24.90%    passed      6.92%
  38  S0049_G4471_R1_A   20.71%    passed     40.37%
  39  S0049_G4471_R2_A   26.31%    failed      3.92%
  40  S0025_G4471_R1_A   22.71%    passed     37.63%
  41  S0029_G4471_R1_A   22.06%    passed     44.93%
  42  S0024_G4471_R1_A   25.01%    passed     57.17%
  43  S0032_G4471_R1_N   25.66%    passed     39.20%
  44  S0001_G4471_R1_A   25.19%    passed     85.15%
  45  S0041_G4471_R1_N   22.36%    passed     47.72%
  46  S0043_G4471_R1_N   22.65%    passed     37.08%
  47  S0047_G4471_R1_N   22.42%    passed     34.60%
  48  S0040_G4471_R1_N   26.31%    passed      5.26%
  49  S0042_G4471_R1_N   22.48%    passed     15.54%
  50  S0044_G4471_R1_N   22.77%    passed     30.48%
  51  S0045_G4471_R1_A   22.65%    passed     24.78%
  52  S0038_G4471_R1_A   22.48%    passed     35.20%
  53  S0045_G4471_R2_A   22.65%    passed     20.90%
****  TOTAL              11.04%  1 sequences failed composition chi2 test (p-value<5%; df=3)
Checking for duplicate sequences: done in 0.000177926 secs using 99.48% CPU


Create initial parsimony tree by phylogenetic likelihood library (PLL)... 0.006 seconds
Measuring multi-threading efficiency up to 8 CPU cores
Increase to 10 rounds for branch lengths
79 trees examined
Threads: 1 / Time: 8.070 sec / Speedup: 1.000 / Efficiency: 100% / LogL: -44284
Threads: 2 / Time: 21.671 sec / Speedup: 0.372 / Efficiency: 19% / LogL: -44284
Determining AUTO threadcount: done in 29.7421 secs using 107.5% CPU
BEST NUMBER OF THREADS: 1

Perform fast likelihood tree search using GTR+I+G model...
Estimate model parameters (epsilon = 5.000)
Perform nearest neighbor interchange...
Optimizing NNI: done in 0.112563 secs using 99.5% CPU
Estimate model parameters (epsilon = 1.000)
1. Initial log-likelihood: -26532.329
Optimal log-likelihood: -26531.719
Rate parameters:  A-C: 1.00443  A-G: 2.66468  A-T: 0.96341  C-G: 1.02910  C-T: 3.35683  G-T: 1.00000
Base frequencies:  A: 0.257  C: 0.177  G: 0.251  T: 0.315
Proportion of invariable sites: 0.086
Gamma shape alpha: 5.113
Parameters optimization took 1 rounds (0.070 sec)
Time for fast ML tree search: 0.589 seconds

NOTE: ModelFinder requires 32 MB RAM!
ModelFinder will test up to 968 DNA models (sample size: 1695 epsilon: 0.100) ...
 No. Model         -LnL         df  AIC          AICc         BIC
  1  JC            27561.872    103 55329.744    55343.210    55889.594
  2  JC+I          27312.160    104 54832.320    54846.056    55397.606
  3  JC+G4         27312.708    104 54833.417    54847.153    55398.702
  4  JC+I+G4       27256.573    105 54723.147    54737.156    55293.868
  5  JC+R2         27257.856    105 54725.712    54739.721    55296.433
  6  JC+R3         27250.613    107 54715.225    54729.788    55296.817
 14  JC+I+R2       27252.056    106 54716.113    54730.397    55292.269
 15  JC+I+R3       27250.708    108 54717.416    54732.261    55304.444
 26  JC+I+G4       27256.573    105 54723.147    54737.156    55293.868
 27  JC+R2         27257.856    105 54725.712    54739.721    55296.433
 28  JC+R3         27250.613    107 54715.225    54729.788    55296.817
 36  JC+I+R2       27252.056    106 54716.113    54730.397    55292.269
 48  F81+I+G4      27256.572    105 54723.145    54737.153    55293.866
 49  F81+R2        27257.802    105 54725.605    54739.614    55296.326
 50  F81+R3        27250.497    107 54714.994    54729.558    55296.586
 58  F81+I+R2      27251.964    106 54715.929    54730.213    55292.085
 70  F81+F+I+G4    27183.614    108 54583.227    54598.072    55170.255
 71  F81+F+R2      27183.592    108 54583.184    54598.029    55170.211
 72  F81+F+R3      27176.966    110 54573.931    54589.348    55171.829
 80  F81+F+I+R2    27178.311    109 54574.622    54589.751    55167.084
 92  K2P+I+G4      26676.342    106 53564.683    53578.968    54140.840
 93  K2P+R2        26679.450    106 53570.900    53585.185    54147.057
 94  K2P+R3        26670.487    108 53556.973    53571.818    54144.000
102  K2P+I+R2      26671.300    107 53556.600    53571.163    54138.192
114  K2P+I+G4      26676.342    106 53564.683    53578.968    54140.840
115  K2P+R2        26679.450    106 53570.900    53585.185    54147.057
116  K2P+R3        26670.487    108 53556.973    53571.818    54144.000
124  K2P+I+R2      26671.300    107 53556.600    53571.163    54138.192
136  HKY+I+G4      26676.342    106 53564.683    53578.968    54140.840
137  HKY+R2        26679.440    106 53570.880    53585.165    54147.037
138  HKY+R3        26670.416    108 53556.832    53571.676    54143.859
146  HKY+I+R2      26671.254    107 53556.508    53571.071    54138.100
158  HKY+F+I+G4    26545.044    109 53308.087    53323.217    53900.550
159  HKY+F+R2      26546.185    109 53310.370    53325.499    53902.832
160  HKY+F+R3      26538.156    111 53298.312    53314.018    53901.645
168  HKY+F+I+R2    26539.059    110 53298.117    53313.534    53896.015
180  TNe+I+G4      26674.775    107 53563.549    53578.113    54145.141
181  TNe+R2        26678.121    107 53570.241    53584.805    54151.833
182  TNe+R3        26668.940    109 53555.880    53571.009    54148.343
190  TNe+I+R2      26669.318    108 53554.637    53569.482    54141.664
202  TNe+I+G4      26674.775    107 53563.549    53578.113    54145.141
203  TNe+R2        26678.121    107 53570.241    53584.805    54151.833
204  TNe+R3        26668.940    109 53555.880    53571.009    54148.343
212  TNe+I+R2      26669.318    108 53554.637    53569.482    54141.664
224  TN+I+G4       26674.774    107 53563.548    53578.111    54145.140
225  TN+R2         26678.044    107 53570.088    53584.652    54151.680
226  TN+R3         26668.918    109 53555.837    53570.966    54148.299
234  TN+I+R2       26669.300    108 53554.600    53569.445    54141.627
246  TN+F+I+G4     26532.072    110 53284.144    53299.561    53882.042
247  TN+F+R2       26533.946    110 53287.892    53303.308    53885.790
248  TN+F+R3       26525.853    112 53275.707    53291.707    53884.476
256  TN+F+I+R2     26526.140    111 53274.280    53289.987    53877.613
268  K3P+I+G4      26676.337    107 53566.674    53581.237    54148.266
269  K3P+R2        26679.435    107 53572.869    53587.433    54154.461
270  K3P+R3        26670.334    109 53558.669    53573.798    54151.131
278  K3P+I+R2      26671.212    108 53558.423    53573.268    54145.450
290  K3P+I+G4      26676.337    107 53566.674    53581.237    54148.266
291  K3P+R2        26679.435    107 53572.869    53587.433    54154.461
292  K3P+R3        26670.334    109 53558.669    53573.798    54151.131
300  K3P+I+R2      26671.212    108 53558.423    53573.268    54145.450
312  K3Pu+I+G4     26676.337    107 53566.674    53581.238    54148.266
313  K3Pu+R2       26679.434    107 53572.867    53587.431    54154.459
314  K3Pu+R3       26670.330    109 53558.660    53573.789    54151.122
322  K3Pu+I+R2     26671.172    108 53558.344    53573.189    54145.372
334  K3Pu+F+I+G4   26545.009    110 53310.017    53325.434    53907.915
335  K3Pu+F+R2     26546.214    110 53312.428    53327.845    53910.327
336  K3Pu+F+R3     26538.104    112 53300.208    53316.208    53908.977
344  K3Pu+F+I+R2   26539.114    111 53300.228    53315.935    53903.562
356  TPM2+I+G4     26676.304    107 53566.607    53581.170    54148.199
357  TPM2+R2       26679.323    107 53572.646    53587.209    54154.238
358  TPM2+R3       26670.260    109 53558.519    53573.648    54150.982
366  TPM2+I+R2     26671.114    108 53558.228    53573.072    54145.255
378  TPM2+I+G4     26676.304    107 53566.607    53581.170    54148.199
379  TPM2+R2       26679.323    107 53572.646    53587.209    54154.238
380  TPM2+R3       26670.260    109 53558.519    53573.648    54150.982
388  TPM2+I+R2     26671.114    108 53558.228    53573.072    54145.255
400  TPM2u+I+G4    26676.307    107 53566.613    53581.177    54148.205
401  TPM2u+R2      26679.323    107 53572.645    53587.209    54154.237
402  TPM2u+R3      26670.256    109 53558.513    53573.642    54150.976
410  TPM2u+I+R2    26671.080    108 53558.160    53573.005    54145.187
422  TPM2u+F+I+G4  26544.819    110 53309.638    53325.055    53907.536
423  TPM2u+F+R2    26545.879    110 53311.759    53327.176    53909.657
424  TPM2u+F+R3    26537.830    112 53299.660    53315.660    53908.429
432  TPM2u+F+I+R2  26538.825    111 53299.650    53315.357    53902.983
444  TPM3+I+G4     26648.927    107 53511.855    53526.418    54093.447
445  TPM3+R2       26654.870    107 53523.741    53538.304    54105.333
446  TPM3+R3       26643.634    109 53505.268    53520.397    54097.731
454  TPM3+I+R2     26644.541    108 53505.082    53519.927    54092.110
466  TPM3+I+G4     26648.927    107 53511.855    53526.418    54093.447
467  TPM3+R2       26654.870    107 53523.741    53538.304    54105.333
468  TPM3+R3       26643.634    109 53505.268    53520.397    54097.731
476  TPM3+I+R2     26644.541    108 53505.082    53519.927    54092.110
488  TPM3u+I+G4    26648.929    107 53511.857    53526.421    54093.449
489  TPM3u+R2      26654.851    107 53523.702    53538.266    54105.294
490  TPM3u+R3      26643.607    109 53505.214    53520.343    54097.676
498  TPM3u+I+R2    26644.532    108 53505.064    53519.909    54092.091
510  TPM3u+F+I+G4  26544.882    110 53309.763    53325.180    53907.662
511  TPM3u+F+R2    26546.016    110 53312.031    53327.448    53909.930
512  TPM3u+F+R3    26537.963    112 53299.926    53315.926    53908.695
520  TPM3u+F+I+R2  26538.898    111 53299.796    53315.503    53903.130
532  TIMe+I+G4     26674.770    108 53565.541    53580.386    54152.568
533  TIMe+R2       26678.052    108 53572.105    53586.950    54159.132
534  TIMe+R3       26668.889    110 53557.778    53573.194    54155.676
542  TIMe+I+R2     26669.323    109 53556.646    53571.775    54149.108
554  TIMe+I+G4     26674.770    108 53565.541    53580.386    54152.568
555  TIMe+R2       26678.052    108 53572.105    53586.950    54159.132
556  TIMe+R3       26668.889    110 53557.778    53573.194    54155.676
564  TIMe+I+R2     26669.323    109 53556.646    53571.775    54149.108
576  TIM+I+G4      26674.769    108 53565.539    53580.384    54152.566
577  TIM+R2        26678.019    108 53572.038    53586.883    54159.066
578  TIM+R3        26668.885    110 53557.770    53573.187    54155.668
586  TIM+I+R2      26669.288    109 53556.575    53571.705    54149.038
598  TIM+F+I+G4    26532.043    111 53286.086    53301.792    53889.419
599  TIM+F+R2      26533.903    111 53289.805    53305.512    53893.139
600  TIM+F+R3      26525.808    113 53277.616    53293.912    53891.820
608  TIM+F+I+R2    26526.068    112 53276.136    53292.136    53884.905
620  TIM2e+I+G4    26674.739    108 53565.478    53580.323    54152.506
621  TIM2e+R2      26677.944    108 53571.889    53586.734    54158.916
622  TIM2e+R3      26668.815    110 53557.629    53573.046    54155.528
630  TIM2e+I+R2    26669.202    109 53556.404    53571.533    54148.867
642  TIM2e+I+G4    26674.739    108 53565.478    53580.323    54152.506
643  TIM2e+R2      26677.944    108 53571.889    53586.734    54158.916
644  TIM2e+R3      26668.815    110 53557.630    53573.046    54155.528
652  TIM2e+I+R2    26669.202    109 53556.404    53571.533    54148.867
664  TIM2+I+G4     26674.739    108 53565.477    53580.322    54152.505
665  TIM2+R2       26677.913    108 53571.826    53586.671    54158.854
666  TIM2+R3       26668.811    110 53557.623    53573.039    54155.521
674  TIM2+I+R2     26669.195    109 53556.390    53571.519    54148.853
686  TIM2+F+I+G4   26531.867    111 53285.734    53301.441    53889.068
687  TIM2+F+R2     26533.565    111 53289.130    53304.837    53892.464
688  TIM2+F+R3     26525.554    113 53277.109    53293.405    53891.313
696  TIM2+F+I+R2   26525.779    112 53275.557    53291.557    53884.326
708  TIM3e+I+G4    26646.928    108 53509.855    53524.700    54096.882
709  TIM3e+R2      26652.979    108 53521.958    53536.803    54108.985
710  TIM3e+R3      26641.641    110 53503.281    53518.698    54101.179
718  TIM3e+I+R2    26642.261    109 53502.523    53517.652    54094.985
730  TIM3e+I+G4    26646.928    108 53509.855    53524.700    54096.882
731  TIM3e+R2      26652.979    108 53521.958    53536.803    54108.985
732  TIM3e+R3      26641.641    110 53503.281    53518.698    54101.179
740  TIM3e+I+R2    26642.261    109 53502.523    53517.652    54094.986
752  TIM3+I+G4     26646.926    108 53509.853    53524.698    54096.880
753  TIM3+R2       26652.926    108 53521.851    53536.696    54108.878
754  TIM3+R3       26641.613    110 53503.226    53518.643    54101.124
762  TIM3+I+R2     26642.251    109 53502.503    53517.632    54094.966
774  TIM3+F+I+G4   26531.895    111 53285.790    53301.497    53889.124
775  TIM3+F+R2     26533.705    111 53289.409    53305.116    53892.743
776  TIM3+F+R3     26525.639    113 53277.278    53293.574    53891.483
784  TIM3+F+I+R2   26525.835    112 53275.670    53291.670    53884.439
796  TVMe+I+G4     26648.897    109 53515.793    53530.923    54108.256
797  TVMe+R2       26654.822    109 53527.643    53542.773    54120.106
798  TVMe+R3       26643.527    111 53509.054    53524.761    54112.388
806  TVMe+I+R2     26644.452    110 53508.904    53524.320    54106.802
818  TVMe+I+G4     26648.897    109 53515.793    53530.923    54108.256
819  TVMe+R2       26654.822    109 53527.643    53542.773    54120.106
820  TVMe+R3       26643.527    111 53509.054    53524.761    54112.388
828  TVMe+I+R2     26644.452    110 53508.904    53524.320    54106.802
840  TVM+I+G4      26648.896    109 53515.793    53530.922    54108.256
841  TVM+R2        26654.764    109 53527.529    53542.658    54119.992
842  TVM+R3        26643.518    111 53509.036    53524.743    54112.370
850  TVM+I+R2      26644.434    110 53508.867    53524.284    54106.765
862  TVM+F+I+G4    26544.658    112 53313.316    53329.316    53922.085
863  TVM+F+R2      26545.606    112 53315.213    53331.213    53923.982
864  TVM+F+R3      26537.667    114 53303.335    53319.930    53922.975
872  TVM+F+I+R2    26538.414    113 53302.827    53319.123    53917.032
884  SYM+I+G4      26646.901    110 53513.803    53529.219    54111.701
885  SYM+R2        26652.824    110 53525.647    53541.064    54123.546
886  SYM+R3        26641.541    112 53507.082    53523.082    54115.851
894  SYM+I+R2      26642.200    111 53506.399    53522.106    54109.733
906  SYM+I+G4      26646.901    110 53513.803    53529.219    54111.701
907  SYM+R2        26652.824    110 53525.647    53541.064    54123.546
908  SYM+R3        26641.541    112 53507.082    53523.082    54115.851
916  SYM+I+R2      26642.200    111 53506.399    53522.106    54109.733
928  GTR+I+G4      26646.899    110 53513.799    53529.215    54111.697
929  GTR+R2        26652.809    110 53525.617    53541.034    54123.515
930  GTR+R3        26641.533    112 53507.067    53523.067    54115.836
938  GTR+I+R2      26642.193    111 53506.386    53522.092    54109.719
950  GTR+F+I+G4    26531.717    113 53289.434    53305.730    53903.639
951  GTR+F+R2      26533.337    113 53292.675    53308.971    53906.879
952  GTR+F+R3      26525.360    115 53280.721    53297.617    53905.796
960  GTR+F+I+R2    26525.480    114 53278.961    53295.556    53898.601
Akaike Information Criterion:           TN+F+I+R2
Corrected Akaike Information Criterion: TN+F+I+R2
Bayesian Information Criterion:         TN+F+I+R2
Best-fit model: TN+F+I+R2 chosen according to BIC

All model information printed to results_moss_new/07_phylogeny/All/G4471.model.gz
CPU time for ModelFinder: 49.012 seconds (0h:0m:49s)
Wall-clock time for ModelFinder: 47.028 seconds (0h:0m:47s)
Generating 1000 samples for ultrafast bootstrap (seed: 713556)...

NOTE: 11 MB RAM (0 GB) is required!
Estimate model parameters (epsilon = 0.100)
1. Initial log-likelihood: -26525.967
Optimal log-likelihood: -26525.921
Rate parameters:  A-C: 1.00000  A-G: 2.68476  A-T: 1.00000  C-G: 1.00000  C-T: 3.35831  G-T: 1.00000
Base frequencies:  A: 0.257  C: 0.177  G: 0.251  T: 0.315
Proportion of invariable sites: 0.077
Site proportion and rates:  (0.274,0.462) (0.649,1.345)
Parameters optimization took 1 rounds (0.035 sec)
Wrote distance file to... 
Computing ML distances based on estimated model parameters...
Calculating distance matrix: done in 0.00753977 secs using 99.38% CPU
Computing ML distances took 0.007789 sec (of wall-clock time) 0.007745 sec (of CPU time)
Setting up auxiliary I and S matrices: done in 8.54409e-05 secs using 99.48% CPU
Constructing RapidNJ tree: done in 0.000182733 secs using 94.67% CPU
Computing RapidNJ tree took 0.000284 sec (of wall-clock time) 0.000273 sec (of CPU time)
Log-likelihood of RapidNJ tree: -26628.573
--------------------------------------------------------------------
|             INITIALIZING CANDIDATE TREE SET                      |
--------------------------------------------------------------------
Generating 98 parsimony trees... 0.590 second
Computing log-likelihood of 98 initial trees ... 0.755 seconds
Current best score: -26525.921

Do NNI search on 20 best initial trees
Optimizing NNI: done in 0.0456589 secs using 95.11% CPU
Estimate model parameters (epsilon = 0.100)
BETTER TREE FOUND at iteration 1: -26525.891
Optimizing NNI: done in 0.076588 secs using 99.56% CPU
Estimate model parameters (epsilon = 0.100)
BETTER TREE FOUND at iteration 2: -26521.931
Optimizing NNI: done in 0.0857647 secs using 99.59% CPU
Optimizing NNI: done in 0.0847177 secs using 99.61% CPU
Optimizing NNI: done in 0.0912351 secs using 99.47% CPU
Optimizing NNI: done in 0.104617 secs using 98.59% CPU
Optimizing NNI: done in 0.0761656 secs using 98.15% CPU
Optimizing NNI: done in 0.0838699 secs using 99.53% CPU
Optimizing NNI: done in 0.0910364 secs using 99.5% CPU
Optimizing NNI: done in 0.0924083 secs using 99.47% CPU
Iteration 10 / LogL: -26522.313 / Time: 0h:0m:49s
Optimizing NNI: done in 0.0930148 secs using 99.53% CPU
Optimizing NNI: done in 0.0986899 secs using 99.48% CPU
Optimizing NNI: done in 0.101856 secs using 98.54% CPU
Optimizing NNI: done in 0.10849 secs using 99.53% CPU
Optimizing NNI: done in 0.104902 secs using 99.55% CPU
Optimizing NNI: done in 0.0854382 secs using 99.49% CPU
Optimizing NNI: done in 0.0854822 secs using 98.44% CPU
Optimizing NNI: done in 0.0827111 secs using 99.51% CPU
Optimizing NNI: done in 0.0909809 secs using 98.46% CPU
Optimizing NNI: done in 0.0926249 secs using 97.33% CPU
Iteration 20 / LogL: -26526.207 / Time: 0h:0m:50s
Finish initializing candidate tree set (4)
Current best tree score: -26521.931 / CPU time: 3.261
Number of iterations: 20
--------------------------------------------------------------------
|               OPTIMIZING CANDIDATE TREE SET                      |
--------------------------------------------------------------------
Optimizing NNI: done in 0.116411 secs using 96.86% CPU
Optimizing NNI: done in 0.130709 secs using 99.3% CPU
Optimizing NNI: done in 0.12556 secs using 98.68% CPU
Optimizing NNI: done in 0.147393 secs using 98.72% CPU
Optimizing NNI: done in 0.145857 secs using 99.27% CPU
Estimate model parameters (epsilon = 0.100)
BETTER TREE FOUND at iteration 25: -26517.293
Optimizing NNI: done in 0.149853 secs using 98.86% CPU
Optimizing NNI: done in 0.125465 secs using 98.74% CPU
Optimizing NNI: done in 0.104854 secs using 99.52% CPU
Optimizing NNI: done in 0.140883 secs using 98.83% CPU
Optimizing NNI: done in 0.122665 secs using 99.51% CPU
Iteration 30 / LogL: -26530.649 / Time: 0h:0m:51s (0h:0m:15s left)
Optimizing NNI: done in 0.197139 secs using 98.45% CPU
Optimizing NNI: done in 0.151958 secs using 98.09% CPU
Optimizing NNI: done in 0.132952 secs using 99.46% CPU
Optimizing NNI: done in 0.130155 secs using 98.83% CPU
Optimizing NNI: done in 0.155282 secs using 98.28% CPU
Optimizing NNI: done in 0.162767 secs using 98.31% CPU
Optimizing NNI: done in 0.162223 secs using 99.58% CPU
Optimizing NNI: done in 0.139943 secs using 99.56% CPU
Optimizing NNI: done in 0.136712 secs using 99.52% CPU
Optimizing NNI: done in 0.119509 secs using 98.7% CPU
Iteration 40 / LogL: -26517.534 / Time: 0h:0m:53s (0h:0m:13s left)
Optimizing NNI: done in 0.122118 secs using 99.62% CPU
Optimizing NNI: done in 0.175797 secs using 99.55% CPU
Optimizing NNI: done in 0.123669 secs using 99.52% CPU
Optimizing NNI: done in 0.135136 secs using 99.61% CPU
Optimizing NNI: done in 0.152476 secs using 98.91% CPU
Optimizing NNI: done in 0.138137 secs using 98.06% CPU
Optimizing NNI: done in 0.132068 secs using 99.54% CPU
Optimizing NNI: done in 0.121479 secs using 99.51% CPU
Optimizing NNI: done in 0.168392 secs using 98.89% CPU
Optimizing NNI: done in 0.139927 secs using 99.52% CPU
Iteration 50 / LogL: -26517.354 / Time: 0h:0m:54s (0h:0m:11s left)
Log-likelihood cutoff on original alignment: -26551.616
Optimizing NNI: done in 0.163493 secs using 99.52% CPU
Optimizing NNI: done in 0.148508 secs using 99.58% CPU
Optimizing NNI: done in 0.163832 secs using 99.58% CPU
Optimizing NNI: done in 0.171591 secs using 97.85% CPU
Optimizing NNI: done in 0.114445 secs using 99.55% CPU
Optimizing NNI: done in 0.162389 secs using 98.36% CPU
Optimizing NNI: done in 0.16424 secs using 98.32% CPU
Optimizing NNI: done in 0.150038 secs using 99.52% CPU
Optimizing NNI: done in 0.130059 secs using 97.99% CPU
Optimizing NNI: done in 0.104742 secs using 99.55% CPU
Iteration 60 / LogL: -26518.999 / Time: 0h:0m:56s (0h:0m:10s left)
Optimizing NNI: done in 0.0853019 secs using 99.52% CPU
Optimizing NNI: done in 0.169385 secs using 99.6% CPU
Optimizing NNI: done in 0.129027 secs using 98.82% CPU
Optimizing NNI: done in 0.141764 secs using 99.58% CPU
Optimizing NNI: done in 0.144083 secs using 99.56% CPU
Optimizing NNI: done in 0.22401 secs using 98.95% CPU
Optimizing NNI: done in 0.165977 secs using 98.91% CPU
Optimizing NNI: done in 0.121493 secs using 98.51% CPU
Optimizing NNI: done in 0.209537 secs using 98.57% CPU
Optimizing NNI: done in 0.159259 secs using 97% CPU
Iteration 70 / LogL: -26520.798 / Time: 0h:0m:57s (0h:0m:8s left)
Optimizing NNI: done in 0.19024 secs using 97.94% CPU
Optimizing NNI: done in 0.111961 secs using 97.79% CPU
Optimizing NNI: done in 0.124867 secs using 97.86% CPU
Optimizing NNI: done in 0.16334 secs using 99.49% CPU
Optimizing NNI: done in 0.185107 secs using 98.39% CPU
Optimizing NNI: done in 0.182015 secs using 99.46% CPU
Optimizing NNI: done in 0.184015 secs using 99.43% CPU
Optimizing NNI: done in 0.125829 secs using 99.33% CPU
Optimizing NNI: done in 0.10416 secs using 99.4% CPU
Optimizing NNI: done in 0.122674 secs using 98.52% CPU
Iteration 80 / LogL: -26545.081 / Time: 0h:0m:59s (0h:0m:7s left)
Optimizing NNI: done in 0.163995 secs using 99.33% CPU
Optimizing NNI: done in 0.164061 secs using 98.68% CPU
Optimizing NNI: done in 0.107533 secs using 97.48% CPU
Optimizing NNI: done in 0.141479 secs using 98.62% CPU
Optimizing NNI: done in 0.105071 secs using 99.38% CPU
Optimizing NNI: done in 0.121109 secs using 99.37% CPU
Optimizing NNI: done in 0.180226 secs using 98.94% CPU
Optimizing NNI: done in 0.160393 secs using 97.49% CPU
Optimizing NNI: done in 0.118875 secs using 98.64% CPU
Optimizing NNI: done in 0.20814 secs using 98.99% CPU
Iteration 90 / LogL: -26517.889 / Time: 0h:1m:0s (0h:0m:5s left)
Optimizing NNI: done in 0.135038 secs using 97.22% CPU
Optimizing NNI: done in 0.155802 secs using 98.75% CPU
Optimizing NNI: done in 0.105855 secs using 99.46% CPU
Optimizing NNI: done in 0.155537 secs using 99.45% CPU
Optimizing NNI: done in 0.179441 secs using 98.31% CPU
Optimizing NNI: done in 0.118041 secs using 97.56% CPU
Optimizing NNI: done in 0.22386 secs using 98.53% CPU
Optimizing NNI: done in 0.157206 secs using 98.16% CPU
Optimizing NNI: done in 0.151395 secs using 99.44% CPU
Optimizing NNI: done in 0.11948 secs using 99.46% CPU
Iteration 100 / LogL: -26519.943 / Time: 0h:1m:2s (0h:0m:3s left)
Log-likelihood cutoff on original alignment: -26550.740
NOTE: Bootstrap correlation coefficient of split occurrence frequencies: 0.969
NOTE: UFBoot does not converge, continue at least 100 more iterations
Optimizing NNI: done in 0.113689 secs using 98.58% CPU
Optimizing NNI: done in 0.146564 secs using 99.52% CPU
Optimizing NNI: done in 0.114333 secs using 98.6% CPU
Optimizing NNI: done in 0.123235 secs using 98.68% CPU
Optimizing NNI: done in 0.195711 secs using 99.02% CPU
Optimizing NNI: done in 0.216714 secs using 99.57% CPU
Optimizing NNI: done in 0.132105 secs using 99.56% CPU
Optimizing NNI: done in 0.0962928 secs using 99.52% CPU
Optimizing NNI: done in 0.126482 secs using 98.75% CPU
Optimizing NNI: done in 0.149013 secs using 99.53% CPU
Iteration 110 / LogL: -26517.893 / Time: 0h:1m:4s (0h:0m:14s left)
Optimizing NNI: done in 0.11822 secs using 98.66% CPU
Optimizing NNI: done in 0.103214 secs using 99.55% CPU
Optimizing NNI: done in 0.160807 secs using 99.53% CPU
Optimizing NNI: done in 0.160028 secs using 99.52% CPU
Optimizing NNI: done in 0.132034 secs using 99.62% CPU
Optimizing NNI: done in 0.118241 secs using 98.78% CPU
Optimizing NNI: done in 0.110077 secs using 99.6% CPU
Optimizing NNI: done in 0.138132 secs using 98.8% CPU
Optimizing NNI: done in 0.176439 secs using 98.94% CPU
Optimizing NNI: done in 0.143946 secs using 98.15% CPU
Iteration 120 / LogL: -26523.485 / Time: 0h:1m:5s (0h:0m:12s left)
Optimizing NNI: done in 0.159526 secs using 99.49% CPU
Optimizing NNI: done in 0.126024 secs using 99.51% CPU
Optimizing NNI: done in 0.126314 secs using 99.44% CPU
Optimizing NNI: done in 0.146928 secs using 98.8% CPU
Optimizing NNI: done in 0.175465 secs using 98.34% CPU
Optimizing NNI: done in 0.207493 secs using 98.42% CPU
Optimizing NNI: done in 0.20867 secs using 99.45% CPU
Optimizing NNI: done in 0.187933 secs using 99.56% CPU
Optimizing NNI: done in 0.170262 secs using 99.4% CPU
Optimizing NNI: done in 0.134516 secs using 98.73% CPU
Iteration 130 / LogL: -26517.296 / Time: 0h:1m:7s (0h:0m:10s left)
Optimizing NNI: done in 0.170863 secs using 98.31% CPU
Optimizing NNI: done in 0.133862 secs using 98.62% CPU
Optimizing NNI: done in 0.18657 secs using 99.43% CPU
Optimizing NNI: done in 0.172929 secs using 99.4% CPU
Optimizing NNI: done in 0.171581 secs using 98.86% CPU
Optimizing NNI: done in 0.115108 secs using 98.53% CPU
Optimizing NNI: done in 0.158798 secs using 98.2% CPU
Optimizing NNI: done in 0.142741 secs using 99.51% CPU
Optimizing NNI: done in 0.159431 secs using 98.86% CPU
Optimizing NNI: done in 0.135587 secs using 98.8% CPU
Iteration 140 / LogL: -26524.797 / Time: 0h:1m:8s (0h:0m:9s left)
Optimizing NNI: done in 0.138513 secs using 98.11% CPU
Optimizing NNI: done in 0.125647 secs using 98.78% CPU
Optimizing NNI: done in 0.123935 secs using 99.53% CPU
Optimizing NNI: done in 0.0855688 secs using 99.46% CPU
Optimizing NNI: done in 0.147448 secs using 98.17% CPU
Optimizing NNI: done in 0.124825 secs using 99.57% CPU
Optimizing NNI: done in 0.0865232 secs using 99.17% CPU
Optimizing NNI: done in 0.144602 secs using 98.81% CPU
Optimizing NNI: done in 0.155783 secs using 98.86% CPU
Optimizing NNI: done in 0.169022 secs using 98.24% CPU
Iteration 150 / LogL: -26517.890 / Time: 0h:1m:10s (0h:0m:7s left)
Log-likelihood cutoff on original alignment: -26550.740
Optimizing NNI: done in 0.212463 secs using 98.53% CPU
Optimizing NNI: done in 0.136038 secs using 98.79% CPU
Optimizing NNI: done in 0.17384 secs using 98.39% CPU
Optimizing NNI: done in 0.166006 secs using 99.41% CPU
Optimizing NNI: done in 0.129895 secs using 99.38% CPU
Optimizing NNI: done in 0.197926 secs using 99.28% CPU
Optimizing NNI: done in 0.0990218 secs using 99.44% CPU
Optimizing NNI: done in 0.170329 secs using 99.47% CPU
Optimizing NNI: done in 0.0834231 secs using 99.43% CPU
Optimizing NNI: done in 0.165374 secs using 98.89% CPU
Iteration 160 / LogL: -26540.264 / Time: 0h:1m:11s (0h:0m:6s left)
Optimizing NNI: done in 0.193068 secs using 98.96% CPU
Optimizing NNI: done in 0.182836 secs using 99.48% CPU
Optimizing NNI: done in 0.140066 secs using 99.47% CPU
Optimizing NNI: done in 0.185112 secs using 99.5% CPU
Optimizing NNI: done in 0.127077 secs using 98.69% CPU
Optimizing NNI: done in 0.193601 secs using 99.45% CPU
Optimizing NNI: done in 0.133648 secs using 99.45% CPU
Optimizing NNI: done in 0.196098 secs using 99.47% CPU
Optimizing NNI: done in 0.117588 secs using 98.63% CPU
Optimizing NNI: done in 0.125206 secs using 98.63% CPU
Iteration 170 / LogL: -26519.301 / Time: 0h:1m:13s (0h:0m:4s left)
Optimizing NNI: done in 0.167767 secs using 99.49% CPU
Optimizing NNI: done in 0.122723 secs using 99.54% CPU
Optimizing NNI: done in 0.225511 secs using 97.26% CPU
Optimizing NNI: done in 0.184934 secs using 99.48% CPU
Optimizing NNI: done in 0.119408 secs using 98.65% CPU
Optimizing NNI: done in 0.179929 secs using 98.93% CPU
Optimizing NNI: done in 0.127095 secs using 99.51% CPU
Optimizing NNI: done in 0.133175 secs using 99.46% CPU
Optimizing NNI: done in 0.149843 secs using 98.82% CPU
Optimizing NNI: done in 0.151698 secs using 99.49% CPU
Iteration 180 / LogL: -26519.359 / Time: 0h:1m:14s (0h:0m:3s left)
Optimizing NNI: done in 0.170861 secs using 98.92% CPU
Optimizing NNI: done in 0.151466 secs using 98.16% CPU
Optimizing NNI: done in 0.17084 secs using 98.88% CPU
Optimizing NNI: done in 0.170339 secs using 97.92% CPU
Optimizing NNI: done in 0.167003 secs using 98.19% CPU
Optimizing NNI: done in 0.158075 secs using 98.87% CPU
Optimizing NNI: done in 0.211793 secs using 99.41% CPU
Optimizing NNI: done in 0.171048 secs using 99.47% CPU
Optimizing NNI: done in 0.17253 secs using 99.35% CPU
Optimizing NNI: done in 0.167136 secs using 98.29% CPU
Iteration 190 / LogL: -26517.890 / Time: 0h:1m:16s (0h:0m:1s left)
Optimizing NNI: done in 0.169448 secs using 98.26% CPU
Optimizing NNI: done in 0.165846 secs using 98.1% CPU
Optimizing NNI: done in 0.135924 secs using 97.94% CPU
Optimizing NNI: done in 0.141809 secs using 99.43% CPU
Optimizing NNI: done in 0.125393 secs using 98.68% CPU
Optimizing NNI: done in 0.122802 secs using 99.55% CPU
Optimizing NNI: done in 0.190663 secs using 98.98% CPU
Optimizing NNI: done in 0.13946 secs using 98.78% CPU
Optimizing NNI: done in 0.17695 secs using 98.93% CPU
Optimizing NNI: done in 0.151138 secs using 98.2% CPU
Iteration 200 / LogL: -26519.229 / Time: 0h:1m:18s (0h:0m:0s left)
Log-likelihood cutoff on original alignment: -26552.001
NOTE: Bootstrap correlation coefficient of split occurrence frequencies: 0.997
TREE SEARCH COMPLETED AFTER 200 ITERATIONS / Time: 0h:1m:18s

--------------------------------------------------------------------
|                    FINALIZING TREE SEARCH                        |
--------------------------------------------------------------------
Performs final model parameters optimization
Estimate model parameters (epsilon = 0.010)
1. Initial log-likelihood: -26517.293
2. Current log-likelihood: -26517.272
3. Current log-likelihood: -26517.253
4. Current log-likelihood: -26517.236
5. Current log-likelihood: -26517.221
6. Current log-likelihood: -26517.207
7. Current log-likelihood: -26517.196
8. Current log-likelihood: -26517.186
Optimal log-likelihood: -26517.176
Rate parameters:  A-C: 1.00000  A-G: 2.67293  A-T: 1.00000  C-G: 1.00000  C-T: 3.35840  G-T: 1.00000
Base frequencies:  A: 0.257  C: 0.177  G: 0.251  T: 0.315
Proportion of invariable sites: 0.074
Site proportion and rates:  (0.257,0.433) (0.669,1.329)
Parameters optimization took 8 rounds (0.244 sec)
BEST SCORE FOUND : -26517.176
Creating bootstrap support values...
Split supports printed to NEXUS file results_moss_new/07_phylogeny/All/G4471.splits.nex
Total tree length: 5.018

Total number of iterations: 200
CPU time used for tree search: 30.853 sec (0h:0m:30s)
Wall-clock time used for tree search: 31.183 sec (0h:0m:31s)
Total CPU time used: 80.294 sec (0h:1m:20s)
Total wall-clock time used: 78.647 sec (0h:1m:18s)

Computing bootstrap consensus tree...
Reading input file results_moss_new/07_phylogeny/All/G4471.splits.nex...
53 taxa and 293 splits.
Consensus tree written to results_moss_new/07_phylogeny/All/G4471.contree
Reading input trees file results_moss_new/07_phylogeny/All/G4471.contree
Log-likelihood of consensus tree: -26517.175

Analysis results written to: 
  IQ-TREE report:                results_moss_new/07_phylogeny/All/G4471.iqtree
  Maximum-likelihood tree:       results_moss_new/07_phylogeny/All/G4471.treefile
  Likelihood distances:          results_moss_new/07_phylogeny/All/G4471.mldist

Ultrafast bootstrap approximation results written to:
  Split support values:          results_moss_new/07_phylogeny/All/G4471.splits.nex
  Consensus tree:                results_moss_new/07_phylogeny/All/G4471.contree
  Screen log file:               results_moss_new/07_phylogeny/All/G4471.log

Date and Time: Fri Jun 12 06:35:42 2026
