IQ-TREE version 3.0.1 for Linux x86 64-bit built Jul  9 2025
Developed by Bui Quang Minh, Thomas Wong, Nhan Ly-Trong, Huaiyan Ren
Contributed by Lam-Tung Nguyen, Dominik Schrempf, Chris Bielow,
Olga Chernomor, Michael Woodhams, Diep Thi Hoang, Heiko Schmidt

Host:    c0710a-s4.ufhpc (AVX2, FMA3, 503 GB RAM)
Command: iqtree -s results_moss_new/06_alignment/All/trimmed/G4848.trimmed.aln --prefix results_moss_new/07_phylogeny/All/G4848 -m MFP -B 1000 -T AUTO
Seed:    467244 (Using SPRNG - Scalable Parallel Random Number Generator)
Time:    Fri Jun 12 12:05:30 2026
Kernel:  AVX+FMA - auto-detect threads (8 CPU cores detected)

Reading alignment file results_moss_new/06_alignment/All/trimmed/G4848.trimmed.aln ... Fasta format detected
Reading fasta file: done in 0.000394156 secs using 59.87% CPU
Alignment most likely contains DNA/RNA sequences
Constructing alignment: done in 0.000270786 secs using 59.83% CPU
Alignment has 72 sequences with 375 columns, 350 distinct patterns
328 parsimony-informative, 19 singleton sites, 28 constant sites
                  Gap/Ambiguity  Composition  p-value
Analyzing sequences: done in 6.93891e-05 secs using 59.09% CPU
   1  S0006_G4848_R2_A    0.27%    passed     90.90%
   2  S0038_G4848_R2_A    0.00%    passed     96.69%
   3  S0040_G4848_R2_N    0.00%    passed     91.67%
   4  S0041_G4848_R2_N    0.00%    passed     97.36%
   5  S0043_G4848_R2_N    0.00%    passed     97.39%
   6  S0047_G4848_R2_N    0.00%    passed     97.59%
   7  S0044_G4848_R2_N    0.00%    passed     98.11%
   8  S0045_G4848_R4_A    0.00%    passed     96.17%
   9  S0045_G4848_R3_A    0.00%    passed     94.16%
  10  S0042_G4848_R2_N    0.00%    passed     96.69%
  11  S0038_G4848_R1_A    0.00%    passed     89.57%
  12  S0044_G4848_R1_N    0.00%    passed     87.01%
  13  S0045_G4848_R1_A    0.00%    passed     89.57%
  14  S0042_G4848_R1_N    0.00%    passed     78.04%
  15  S0041_G4848_R1_N    0.00%    passed     86.67%
  16  S0043_G4848_R1_N    0.00%    passed     88.92%
  17  S0047_G4848_R1_N    0.00%    passed     93.41%
  18  S0045_G4848_R2_A    0.00%    passed     75.49%
  19  S0040_G4848_R1_N    0.00%    passed     85.97%
  20  S0009_G4848_R1_A    0.27%    passed     31.24%
  21  S0010_G4848_R1_A    0.27%    passed     31.24%
  22  S0015_G4848_R2_A    7.47%    passed      6.74%
  23  S0034_G4848_R4_A    5.87%    passed      5.69%
  24  S0034_G4848_R1_A    0.00%    passed     15.58%
  25  S0034_G4848_R2_A    0.00%    passed     15.58%
  26  S0034_G4848_R3_A    0.00%    passed     15.58%
  27  S0015_G4848_R1_A    0.27%    failed      4.07%
  28  S0009_G4848_R2_A    4.53%    passed     16.12%
  29  S0010_G4848_R2_A    4.53%    passed     12.71%
  30  S0005_G4848_R1_A    1.60%    passed     77.67%
  31  S0022_G4848_R1_A    0.00%    passed     93.64%
  32  S0023_G4848_R1_A    0.00%    passed     87.32%
  33  S0016_G4848_R1_A    1.33%    passed     96.11%
  34  S0021_G4848_R2_A    0.53%    passed     94.10%
  35  S0026_G4848_R1_A    0.00%    passed     96.25%
  36  S0002_G4848_R1_A    2.13%    passed     98.16%
  37  S0021_G4848_R1_A    0.53%    passed     96.47%
  38  S0013_G4848_R1_A    2.93%    passed     75.78%
  39  S0048_G4848_R1_A    2.93%    passed     99.44%
  40  S0004_G4848_R1_A    0.00%    passed     94.46%
  41  S0020_G4848_R1_A    0.00%    passed     99.50%
  42  S0037_G4848_R1_A    0.00%    passed     99.18%
  43  S0019_G4848_R1_A    0.00%    passed     99.13%
  44  S0033_G4848_R1_A   19.20%    passed     81.40%
  45  S0036_G4848_R1_U    0.00%    passed     99.37%
  46  S0008_G4848_R1_A    0.00%    passed     49.64%
  47  S0027_G4848_R1_A    0.00%    passed     59.89%
  48  S0014_G4848_R1_A    0.00%    passed     87.25%
  49  S0035_G4848_R1_A    0.00%    passed     82.48%
  50  S0028_G4848_R1_A    0.00%    passed     97.75%
  51  S0020_G4848_R2_A    0.53%    passed     95.00%
  52  S0039_G4848_R1_A    0.00%    passed     30.53%
  53  S0051_G4848_R1_A    0.00%    passed     33.91%
  54  S0046_G4848_R1_A    0.00%    passed     97.92%
  55  S0005_G4848_R2_A    4.27%    passed     94.52%
  56  S0017_G4848_R1_A    0.00%    passed     84.36%
  57  S0011_G4848_R1_A    3.20%    passed     82.40%
  58  S0030_G4848_R1_A    0.00%    passed     70.88%
  59  S0018_G4848_R1_A    0.00%    passed     84.56%
  60  S0031_G4848_R1_A    0.00%    passed     88.72%
  61  S0012_G4848_R1_A    0.00%    passed     87.24%
  62  S0050_G4848_R1_A    0.00%    passed     78.32%
  63  S0006_G4848_R1_A    0.00%    passed     76.34%
  64  S0014_G4848_R2_A    0.00%    passed     34.69%
  65  S0027_G4848_R2_A    0.00%    passed      9.61%
  66  S0001_G4848_R1_A    0.00%    passed     41.63%
  67  S0024_G4848_R1_A    0.00%    passed     31.60%
  68  S0032_G4848_R1_N    0.00%    passed     30.82%
  69  S0032_G4848_R2_N    0.00%    passed     37.84%
  70  S0025_G4848_R1_A    0.00%    passed     37.08%
  71  S0029_G4848_R1_A    0.00%    passed     37.08%
  72  S0049_G4848_R1_A   16.53%    passed     73.02%
****  TOTAL               1.10%  1 sequences failed composition chi2 test (p-value<5%; df=3)
NOTE: S0042_G4848_R2_N is identical to S0038_G4848_R2_A but kept for subsequent analysis
NOTE: S0010_G4848_R1_A is identical to S0009_G4848_R1_A but kept for subsequent analysis
NOTE: S0034_G4848_R2_A is identical to S0034_G4848_R1_A but kept for subsequent analysis
Checking for duplicate sequences: done in 0.000121457 secs using 98.8% CPU
Identifying sites to remove: done in 0.000254796 secs using 99.69% CPU
NOTE: 1 identical sequences (see below) will be ignored for subsequent analysis
NOTE: S0034_G4848_R3_A (identical to S0034_G4848_R1_A) is ignored but added at the end
Alignment was printed to results_moss_new/07_phylogeny/All/G4848.uniqueseq.phy

For your convenience alignment with unique sequences printed to results_moss_new/07_phylogeny/All/G4848.uniqueseq.phy


Create initial parsimony tree by phylogenetic likelihood library (PLL)... 0.003 seconds
Measuring multi-threading efficiency up to 8 CPU cores
Increase to 10 rounds for branch lengths
226 trees examined
Threads: 1 / Time: 8.022 sec / Speedup: 1.000 / Efficiency: 100% / LogL: -16727
Threads: 2 / Time: 5.700 sec / Speedup: 1.407 / Efficiency: 70% / LogL: -16727
Threads: 3 / Time: 51.068 sec / Speedup: 0.157 / Efficiency: 5% / LogL: -16727
Determining AUTO threadcount: done in 64.7902 secs using 159.4% CPU
BEST NUMBER OF THREADS: 2

Perform fast likelihood tree search using GTR+I+G model...
Estimate model parameters (epsilon = 5.000)
Perform nearest neighbor interchange...
Optimizing NNI: done in 0.0844774 secs using 194% CPU
Estimate model parameters (epsilon = 1.000)
1. Initial log-likelihood: -6696.852
Optimal log-likelihood: -6696.797
Rate parameters:  A-C: 1.24950  A-G: 2.25232  A-T: 1.47994  C-G: 0.77062  C-T: 4.98580  G-T: 1.00000
Base frequencies:  A: 0.267  C: 0.185  G: 0.310  T: 0.238
Proportion of invariable sites: 0.022
Gamma shape alpha: 2.106
Parameters optimization took 1 rounds (0.024 sec)
Time for fast ML tree search: 0.238 seconds

NOTE: ModelFinder requires 9 MB RAM!
ModelFinder will test up to 968 DNA models (sample size: 375 epsilon: 0.100) ...
 No. Model         -LnL         df  AIC          AICc         BIC
  1  JC            6976.377     139 14230.753    14396.370    14776.596
  2  JC+I          6947.166     140 14174.331    14343.049    14724.101
  3  JC+G4         6873.385     140 14026.770    14195.488    14576.539
  4  JC+I+G4       6873.795     141 14029.591    14201.453    14583.287
  5  JC+R2         6872.579     141 14027.157    14199.020    14580.854
  6  JC+R3         6872.471     143 14030.943    14209.229    14592.493
 14  JC+I+R2       6872.101     142 14028.201    14203.253    14585.825
+I+R3 reinitialized from +I+R2 with factor 0.500
 15  JC+I+R3       6872.096     144 14032.192    14213.757    14597.669
 25  JC+G4         6873.385     140 14026.770    14195.488    14576.539
 26  JC+I+G4       6873.795     141 14029.591    14201.453    14583.287
 27  JC+R2         6872.579     141 14027.157    14199.020    14580.854
 36  JC+I+R2       6872.101     142 14028.201    14203.253    14585.825
 47  F81+G4        6873.385     140 14026.769    14195.487    14576.539
 48  F81+I+G4      6873.730     141 14029.459    14201.322    14583.156
 49  F81+R2        6872.556     141 14027.112    14198.975    14580.809
 58  F81+I+R2      6872.092     142 14028.184    14203.236    14585.807
 69  F81+F+G4      6886.028     143 14058.055    14236.341    14619.606
 70  F81+F+I+G4    6886.205     144 14060.409    14241.974    14625.886
 71  F81+F+R2      6886.155     144 14060.309    14241.875    14625.787
 80  F81+F+I+R2    6885.279     145 14060.559    14245.450    14629.963
 91  K2P+G4        6721.390     141 13724.781    13896.643    14278.477
 92  K2P+I+G4      6721.607     142 13727.213    13902.265    14284.837
 93  K2P+R2        6720.896     142 13725.793    13900.845    14283.416
102  K2P+I+R2      6720.327     143 13726.654    13904.940    14288.205
113  K2P+G4        6721.390     141 13724.781    13896.643    14278.477
114  K2P+I+G4      6721.607     142 13727.213    13902.265    14284.837
115  K2P+R2        6720.896     142 13725.793    13900.845    14283.416
124  K2P+I+R2      6720.327     143 13726.654    13904.940    14288.205
135  HKY+G4        6721.391     141 13724.783    13896.645    14278.479
136  HKY+I+G4      6721.582     142 13727.165    13902.216    14284.788
137  HKY+R2        6720.895     142 13725.790    13900.842    14283.414
146  HKY+I+R2      6720.326     143 13726.652    13904.938    14288.202
157  HKY+F+G4      6741.640     144 13771.280    13952.846    14336.758
158  HKY+F+I+G4    6741.845     145 13773.690    13958.581    14343.095
159  HKY+F+R2      6741.401     145 13772.802    13957.693    14342.206
168  HKY+F+I+R2    6740.914     146 13773.828    13962.092    14347.160
179  TNe+G4        6715.315     142 13714.631    13889.682    14272.254
180  TNe+I+G4      6715.358     143 13716.715    13895.001    14278.266
181  TNe+R2        6715.862     143 13717.724    13896.010    14279.274
190  TNe+I+R2      6714.455     144 13716.909    13898.474    14282.387
201  TNe+G4        6715.315     142 13714.631    13889.682    14272.254
202  TNe+I+G4      6715.358     143 13716.715    13895.001    14278.266
203  TNe+R2        6715.862     143 13717.724    13896.010    14279.274
212  TNe+I+R2      6714.455     144 13716.909    13898.474    14282.387
223  TN+G4         6715.315     142 13714.629    13889.681    14272.253
224  TN+I+G4       6715.354     143 13716.708    13894.993    14278.258
225  TN+R2         6715.857     143 13717.714    13896.000    14279.265
234  TN+I+R2       6714.404     144 13716.809    13898.374    14282.286
245  TN+F+G4       6707.543     145 13705.086    13889.977    14274.491
246  TN+F+I+G4     6707.346     146 13706.692    13894.955    14280.023
247  TN+F+R2       6710.248     146 13712.495    13900.758    14285.826
256  TN+F+I+R2     6706.489     147 13706.977    13898.660    14284.236
267  K3P+G4        6721.377     142 13726.754    13901.805    14284.377
268  K3P+I+G4      6721.552     143 13729.105    13907.390    14290.655
269  K3P+R2        6720.877     143 13727.754    13906.040    14289.305
278  K3P+I+R2      6720.308     144 13728.617    13910.182    14294.094
289  K3P+G4        6721.377     142 13726.754    13901.805    14284.377
290  K3P+I+G4      6721.552     143 13729.105    13907.390    14290.655
291  K3P+R2        6720.877     143 13727.754    13906.040    14289.305
300  K3P+I+R2      6720.308     144 13728.617    13910.182    14294.094
311  K3Pu+G4       6721.378     142 13726.755    13901.807    14284.379
312  K3Pu+I+G4     6721.531     143 13729.061    13907.347    14290.612
313  K3Pu+R2       6720.878     143 13727.755    13906.041    14289.306
322  K3Pu+I+R2     6720.308     144 13728.617    13910.182    14294.094
333  K3Pu+F+G4     6741.557     145 13773.115    13958.006    14342.519
334  K3Pu+F+I+G4   6741.704     146 13775.409    13963.672    14348.740
335  K3Pu+F+R2     6741.311     146 13774.621    13962.884    14347.952
344  K3Pu+F+I+R2   6740.823     147 13775.647    13967.330    14352.905
355  TPM2+G4       6716.556     142 13717.111    13892.163    14274.735
356  TPM2+I+G4     6716.711     143 13719.422    13897.708    14280.972
357  TPM2+R2       6716.357     143 13718.713    13896.999    14280.264
366  TPM2+I+R2     6715.795     144 13719.589    13901.155    14285.067
377  TPM2+G4       6716.556     142 13717.111    13892.163    14274.735
378  TPM2+I+G4     6716.711     143 13719.422    13897.708    14280.972
379  TPM2+R2       6716.357     143 13718.713    13896.999    14280.264
388  TPM2+I+R2     6715.795     144 13719.589    13901.155    14285.067
399  TPM2u+G4      6716.557     142 13717.113    13892.165    14274.737
400  TPM2u+I+G4    6716.696     143 13719.391    13897.677    14280.941
401  TPM2u+R2      6716.356     143 13718.713    13896.998    14280.263
410  TPM2u+I+R2    6715.794     144 13719.588    13901.153    14285.065
421  TPM2u+F+G4    6732.378     145 13754.757    13939.648    14324.161
422  TPM2u+F+I+G4  6732.513     146 13757.026    13945.289    14330.357
423  TPM2u+F+R2    6732.594     146 13757.188    13945.451    14330.519
432  TPM2u+F+I+R2  6732.115     147 13758.231    13949.914    14335.489
443  TPM3+G4       6713.217     142 13710.433    13885.485    14268.057
444  TPM3+I+G4     6713.369     143 13712.737    13891.023    14274.288
445  TPM3+R2       6713.143     143 13712.287    13890.572    14273.837
454  TPM3+I+R2     6712.563     144 13713.126    13894.692    14278.604
465  TPM3+G4       6713.217     142 13710.433    13885.485    14268.057
466  TPM3+I+G4     6713.369     143 13712.737    13891.023    14274.288
467  TPM3+R2       6713.143     143 13712.287    13890.572    14273.837
476  TPM3+I+R2     6712.563     144 13713.126    13894.692    14278.604
487  TPM3u+G4      6713.217     142 13710.434    13885.485    14268.057
488  TPM3u+I+G4    6713.353     143 13712.706    13890.992    14274.257
489  TPM3u+R2      6713.143     143 13712.286    13890.572    14273.836
498  TPM3u+I+R2    6712.563     144 13713.125    13894.690    14278.602
509  TPM3u+F+G4    6739.574     145 13769.147    13954.038    14338.551
510  TPM3u+F+I+G4  6739.713     146 13771.427    13959.690    14344.758
511  TPM3u+F+R2    6739.452     146 13770.904    13959.167    14344.235
520  TPM3u+F+I+R2  6739.017     147 13772.035    13963.717    14349.293
531  TIMe+G4       6715.303     143 13716.606    13894.892    14278.156
532  TIMe+I+G4     6715.323     144 13718.646    13900.212    14284.124
533  TIMe+R2       6715.849     144 13719.698    13901.264    14285.176
542  TIMe+I+R2     6714.392     145 13718.784    13903.675    14288.188
553  TIMe+G4       6715.303     143 13716.606    13894.892    14278.156
554  TIMe+I+G4     6715.323     144 13718.646    13900.212    14284.124
555  TIMe+R2       6715.849     144 13719.698    13901.264    14285.176
564  TIMe+I+R2     6714.392     145 13718.784    13903.675    14288.188
575  TIM+G4        6715.303     143 13716.606    13894.891    14278.156
576  TIM+I+G4      6715.321     144 13718.643    13900.208    14284.120
577  TIM+R2        6715.844     144 13719.688    13901.253    14285.165
586  TIM+I+R2      6714.364     145 13718.728    13903.619    14288.132
597  TIM+F+G4      6707.460     146 13706.920    13895.183    14280.251
598  TIM+F+I+G4    6707.259     147 13708.517    13900.200    14285.775
599  TIM+F+R2      6710.144     147 13714.289    13905.972    14291.547
608  TIM+F+I+R2    6706.363     148 13708.727    13903.877    14289.912
619  TIM2e+G4      6710.485     143 13706.971    13885.256    14268.521
620  TIM2e+I+G4    6710.531     144 13709.062    13890.628    14274.540
621  TIM2e+R2      6711.302     144 13710.604    13892.169    14276.081
630  TIM2e+I+R2    6709.802     145 13709.605    13894.496    14279.009
641  TIM2e+G4      6710.485     143 13706.971    13885.256    14268.521
642  TIM2e+I+G4    6710.531     144 13709.062    13890.628    14274.540
643  TIM2e+R2      6711.302     144 13710.604    13892.169    14276.081
652  TIM2e+I+R2    6709.802     145 13709.605    13894.496    14279.009
663  TIM2+G4       6710.481     143 13706.962    13885.247    14268.512
664  TIM2+I+G4     6710.526     144 13709.053    13890.618    14274.530
665  TIM2+R2       6711.295     144 13710.589    13892.155    14276.067
674  TIM2+I+R2     6709.778     145 13709.557    13894.448    14278.961
685  TIM2+F+G4     6698.803     146 13689.607    13877.870    14262.938
686  TIM2+F+I+G4   6698.592     147 13691.184    13882.867    14268.442
687  TIM2+F+R2     6701.790     147 13697.579    13889.262    14274.838
696  TIM2+F+I+R2   6698.120     148 13692.239    13887.390    14273.425
707  TIM3e+G4      6706.981     143 13699.961    13878.247    14261.512
708  TIM3e+I+G4    6707.031     144 13702.063    13883.628    14267.540
709  TIM3e+R2      6708.046     144 13704.091    13885.656    14269.568
718  TIM3e+I+R2    6706.493     145 13702.987    13887.877    14272.391
729  TIM3e+G4      6706.981     143 13699.961    13878.247    14261.512
730  TIM3e+I+G4    6707.031     144 13702.063    13883.628    14267.540
731  TIM3e+R2      6708.046     144 13704.091    13885.656    14269.568
740  TIM3e+I+R2    6706.493     145 13702.987    13887.877    14272.391
751  TIM3+G4       6706.981     143 13699.962    13878.248    14261.513
752  TIM3+I+G4     6707.026     144 13702.051    13883.616    14267.529
753  TIM3+R2       6708.037     144 13704.074    13885.640    14269.552
762  TIM3+I+R2     6706.469     145 13702.937    13887.828    14272.342
773  TIM3+F+G4     6705.708     146 13703.415    13891.678    14276.746
774  TIM3+F+I+G4   6705.524     147 13705.049    13896.732    14282.307
775  TIM3+F+R2     6708.497     147 13710.994    13902.677    14288.252
784  TIM3+F+I+R2   6704.813     148 13705.626    13900.777    14286.811
795  TVMe+G4       6708.343     144 13704.686    13886.251    14270.164
796  TVMe+I+G4     6708.545     145 13707.091    13891.982    14276.495
797  TVMe+R2       6708.598     145 13707.195    13892.086    14276.600
806  TVMe+I+R2     6708.056     146 13708.112    13896.375    14281.443
817  TVMe+G4       6708.343     144 13704.686    13886.251    14270.164
818  TVMe+I+G4     6708.545     145 13707.091    13891.982    14276.495
819  TVMe+R2       6708.598     145 13707.195    13892.086    14276.600
828  TVMe+I+R2     6708.056     146 13708.112    13896.375    14281.443
839  TVM+G4        6708.322     144 13704.644    13886.209    14270.121
840  TVM+I+G4      6708.492     145 13706.984    13891.875    14276.388
841  TVM+R2        6708.516     145 13707.033    13891.924    14276.437
850  TVM+I+R2      6707.975     146 13707.951    13896.214    14281.282
861  TVM+F+G4      6730.295     147 13754.590    13946.272    14331.848
862  TVM+F+I+G4    6730.410     148 13756.821    13951.971    14338.006
863  TVM+F+R2      6730.626     148 13757.251    13952.402    14338.436
872  TVM+F+I+R2    6730.195     149 13758.390    13957.057    14343.502
883  SYM+G4        6702.039     145 13694.077    13878.968    14263.481
884  SYM+I+G4      6702.071     146 13696.142    13884.405    14269.473
885  SYM+R2        6703.366     146 13698.732    13886.995    14272.063
894  SYM+I+R2      6701.756     147 13697.513    13889.195    14274.771
905  SYM+G4        6702.039     145 13694.077    13878.968    14263.481
906  SYM+I+G4      6702.071     146 13696.142    13884.405    14269.473
907  SYM+R2        6703.366     146 13698.732    13886.995    14272.063
916  SYM+I+R2      6701.756     147 13697.513    13889.195    14274.771
927  GTR+G4        6702.039     145 13694.078    13878.969    14263.482
928  GTR+I+G4      6702.068     146 13696.135    13884.399    14269.467
929  GTR+R2        6703.365     146 13698.730    13886.993    14272.061
938  GTR+I+R2      6701.755     147 13697.510    13889.193    14274.768
949  GTR+F+G4      6696.939     148 13689.879    13885.029    14271.064
950  GTR+F+I+G4    6696.745     149 13691.491    13890.158    14276.603
951  GTR+F+R2      6700.020     149 13698.039    13896.706    14283.151
960  GTR+F+I+R2    6696.437     150 13692.875    13895.107    14281.914
Akaike Information Criterion:           TIM2+F+G4
Corrected Akaike Information Criterion: TIM2+F+G4
Bayesian Information Criterion:         TIM3e+G4
Best-fit model: TIM3e+G4 chosen according to BIC

All model information printed to results_moss_new/07_phylogeny/All/G4848.model.gz
CPU time for ModelFinder: 118.768 seconds (0h:1m:58s)
Wall-clock time for ModelFinder: 72.623 seconds (0h:1m:12s)
Generating 1000 samples for ultrafast bootstrap (seed: 467244)...

NOTE: 4 MB RAM (0 GB) is required!
Estimate model parameters (epsilon = 0.100)
1. Initial log-likelihood: -6722.517
2. Current log-likelihood: -6707.543
3. Current log-likelihood: -6706.985
Optimal log-likelihood: -6706.967
Rate parameters:  A-C: 0.64418  A-G: 2.08737  A-T: 1.00000  C-G: 0.64418  C-T: 2.91379  G-T: 1.00000
Base frequencies:  A: 0.250  C: 0.250  G: 0.250  T: 0.250
Gamma shape alpha: 1.838
Parameters optimization took 3 rounds (0.113 sec)
Wrote distance file to... 
Computing ML distances based on estimated model parameters...
Calculating distance matrix: done in 0.00572599 secs using 206.2% CPU
Computing ML distances took 0.005838 sec (of wall-clock time) 0.011923 sec (of CPU time)
Setting up auxiliary I and S matrices: done in 0.011479 secs using 148.9% CPU
Constructing RapidNJ tree: done in 0.377816 secs using 94.92% CPU
Computing RapidNJ tree took 0.389353 sec (of wall-clock time) 0.375824 sec (of CPU time)
Log-likelihood of RapidNJ tree: -6773.030
--------------------------------------------------------------------
|             INITIALIZING CANDIDATE TREE SET                      |
--------------------------------------------------------------------
Generating 98 parsimony trees... 0.334 second
Computing log-likelihood of 98 initial trees ... 0.783 seconds
Current best score: -6704.552

Do NNI search on 20 best initial trees
Optimizing NNI: done in 0.219299 secs using 196% CPU
Estimate model parameters (epsilon = 0.100)
BETTER TREE FOUND at iteration 1: -6695.619
Optimizing NNI: done in 0.176362 secs using 195.7% CPU
Optimizing NNI: done in 0.218725 secs using 193.8% CPU
Optimizing NNI: done in 0.219566 secs using 196.3% CPU
Optimizing NNI: done in 0.0646021 secs using 196.8% CPU
Optimizing NNI: done in 0.19204 secs using 196.8% CPU
Optimizing NNI: done in 0.242565 secs using 194.4% CPU
Optimizing NNI: done in 0.218574 secs using 195.4% CPU
Optimizing NNI: done in 0.224106 secs using 196.6% CPU
Optimizing NNI: done in 0.212311 secs using 195.3% CPU
Iteration 10 / LogL: -6695.681 / Time: 0h:1m:16s
Optimizing NNI: done in 0.176521 secs using 194.4% CPU
Optimizing NNI: done in 0.213798 secs using 192.4% CPU
Optimizing NNI: done in 0.226147 secs using 196.6% CPU
Optimizing NNI: done in 0.238061 secs using 195.5% CPU
Optimizing NNI: done in 0.213879 secs using 192.7% CPU
Optimizing NNI: done in 0.231779 secs using 195% CPU
Optimizing NNI: done in 0.228933 secs using 194.5% CPU
Optimizing NNI: done in 0.221256 secs using 196% CPU
Optimizing NNI: done in 0.183191 secs using 194.2% CPU
Optimizing NNI: done in 0.229376 secs using 196.5% CPU
Iteration 20 / LogL: -6695.682 / Time: 0h:1m:18s
Finish initializing candidate tree set (16)
Current best tree score: -6695.619 / CPU time: 5.354
Number of iterations: 20
--------------------------------------------------------------------
|               OPTIMIZING CANDIDATE TREE SET                      |
--------------------------------------------------------------------
Optimizing NNI: done in 0.251694 secs using 196.2% CPU
Estimate model parameters (epsilon = 0.100)
BETTER TREE FOUND at iteration 21: -6695.547
Optimizing NNI: done in 0.297739 secs using 194.3% CPU
Optimizing NNI: done in 0.310295 secs using 195% CPU
Optimizing NNI: done in 0.237742 secs using 195.6% CPU
Optimizing NNI: done in 0.240726 secs using 195.9% CPU
Optimizing NNI: done in 0.27559 secs using 194.9% CPU
Optimizing NNI: done in 0.267612 secs using 194.1% CPU
Optimizing NNI: done in 0.281557 secs using 195.8% CPU
Optimizing NNI: done in 0.272136 secs using 194.4% CPU
Optimizing NNI: done in 0.263973 secs using 193.5% CPU
Iteration 30 / LogL: -6715.881 / Time: 0h:1m:21s (0h:0m:27s left)
Optimizing NNI: done in 0.266455 secs using 196.1% CPU
Optimizing NNI: done in 0.405872 secs using 194.5% CPU
Optimizing NNI: done in 0.298274 secs using 195.4% CPU
Optimizing NNI: done in 0.219231 secs using 197.7% CPU
Optimizing NNI: done in 0.289133 secs using 195% CPU
Optimizing NNI: done in 0.396166 secs using 194.8% CPU
Optimizing NNI: done in 0.304448 secs using 196.3% CPU
Optimizing NNI: done in 0.143508 secs using 196.1% CPU
Optimizing NNI: done in 0.276733 secs using 195.7% CPU
Optimizing NNI: done in 0.223635 secs using 194.8% CPU
Iteration 40 / LogL: -6720.834 / Time: 0h:1m:24s (0h:0m:24s left)
Optimizing NNI: done in 0.269526 secs using 193.8% CPU
Optimizing NNI: done in 0.216138 secs using 196.3% CPU
Optimizing NNI: done in 0.26338 secs using 195.3% CPU
Optimizing NNI: done in 0.267315 secs using 194.7% CPU
Optimizing NNI: done in 0.225693 secs using 195.8% CPU
Optimizing NNI: done in 0.285985 secs using 197.5% CPU
Optimizing NNI: done in 0.348658 secs using 196.2% CPU
Optimizing NNI: done in 0.345123 secs using 194.5% CPU
Optimizing NNI: done in 0.275959 secs using 194.9% CPU
Optimizing NNI: done in 0.306571 secs using 195.5% CPU
Iteration 50 / LogL: -6695.549 / Time: 0h:1m:27s (0h:0m:20s left)
Log-likelihood cutoff on original alignment: -6725.587
Optimizing NNI: done in 0.215801 secs using 197.9% CPU
Optimizing NNI: done in 0.2879 secs using 196.7% CPU
Optimizing NNI: done in 0.230725 secs using 194.6% CPU
Optimizing NNI: done in 0.242983 secs using 194.6% CPU
Optimizing NNI: done in 0.237881 secs using 194.2% CPU
Optimizing NNI: done in 0.25655 secs using 193.6% CPU
Optimizing NNI: done in 0.207602 secs using 197% CPU
Optimizing NNI: done in 0.212135 secs using 194.9% CPU
Optimizing NNI: done in 0.22059 secs using 194.3% CPU
Optimizing NNI: done in 0.218726 secs using 195.5% CPU
Iteration 60 / LogL: -6700.929 / Time: 0h:1m:29s (0h:0m:17s left)
Optimizing NNI: done in 0.250536 secs using 195.3% CPU
Optimizing NNI: done in 0.240668 secs using 194.7% CPU
Optimizing NNI: done in 0.291997 secs using 193.6% CPU
Optimizing NNI: done in 0.2773 secs using 196.1% CPU
Optimizing NNI: done in 0.280183 secs using 195.3% CPU
Optimizing NNI: done in 0.206642 secs using 194.1% CPU
Optimizing NNI: done in 0.308463 secs using 195.8% CPU
Optimizing NNI: done in 0.282388 secs using 193.7% CPU
Optimizing NNI: done in 0.33134 secs using 195.2% CPU
Optimizing NNI: done in 0.280276 secs using 194.5% CPU
Iteration 70 / LogL: -6695.549 / Time: 0h:1m:32s (0h:0m:14s left)
Optimizing NNI: done in 0.334137 secs using 194.9% CPU
Optimizing NNI: done in 0.222374 secs using 195.1% CPU
Optimizing NNI: done in 0.425331 secs using 196.1% CPU
Optimizing NNI: done in 0.324845 secs using 195.2% CPU
Optimizing NNI: done in 0.240328 secs using 195.8% CPU
Optimizing NNI: done in 0.250586 secs using 193.8% CPU
Optimizing NNI: done in 0.233487 secs using 193.5% CPU
Optimizing NNI: done in 0.336813 secs using 195.4% CPU
Optimizing NNI: done in 0.22389 secs using 194.8% CPU
Optimizing NNI: done in 0.31238 secs using 194.9% CPU
Iteration 80 / LogL: -6695.548 / Time: 0h:1m:35s (0h:0m:11s left)
Optimizing NNI: done in 0.256624 secs using 193.6% CPU
Optimizing NNI: done in 0.288041 secs using 195.1% CPU
Optimizing NNI: done in 0.211087 secs using 194.5% CPU
Optimizing NNI: done in 0.352285 secs using 192.5% CPU
Optimizing NNI: done in 0.342012 secs using 195% CPU
Optimizing NNI: done in 0.346401 secs using 195.6% CPU
Optimizing NNI: done in 0.224923 secs using 194.3% CPU
Optimizing NNI: done in 0.26374 secs using 195.1% CPU
Optimizing NNI: done in 0.240162 secs using 191.6% CPU
Optimizing NNI: done in 0.284788 secs using 195.7% CPU
Iteration 90 / LogL: -6695.843 / Time: 0h:1m:38s (0h:0m:8s left)
Optimizing NNI: done in 0.274584 secs using 197.1% CPU
Optimizing NNI: done in 0.286 secs using 195.6% CPU
Optimizing NNI: done in 0.342549 secs using 194.3% CPU
Optimizing NNI: done in 0.3207 secs using 193.3% CPU
Optimizing NNI: done in 0.244751 secs using 196.4% CPU
Optimizing NNI: done in 0.20681 secs using 195.4% CPU
Optimizing NNI: done in 0.295687 secs using 192.9% CPU
Optimizing NNI: done in 0.287 secs using 195% CPU
Optimizing NNI: done in 0.291787 secs using 194.7% CPU
Optimizing NNI: done in 0.260434 secs using 196.7% CPU
Iteration 100 / LogL: -6715.881 / Time: 0h:1m:40s (0h:0m:6s left)
Log-likelihood cutoff on original alignment: -6725.587
NOTE: Bootstrap correlation coefficient of split occurrence frequencies: 0.998
Optimizing NNI: done in 0.259042 secs using 194% CPU
Optimizing NNI: done in 0.297761 secs using 194.1% CPU
Optimizing NNI: done in 0.354099 secs using 192.9% CPU
Optimizing NNI: done in 0.201524 secs using 195.9% CPU
Optimizing NNI: done in 0.226692 secs using 194% CPU
Optimizing NNI: done in 0.332744 secs using 192.3% CPU
Optimizing NNI: done in 0.307164 secs using 194.9% CPU
Optimizing NNI: done in 0.341845 secs using 194.2% CPU
Optimizing NNI: done in 0.177609 secs using 191.6% CPU
Optimizing NNI: done in 0.275103 secs using 193.7% CPU
Iteration 110 / LogL: -6695.628 / Time: 0h:1m:43s (0h:0m:25s left)
Optimizing NNI: done in 0.274845 secs using 191.2% CPU
Optimizing NNI: done in 0.355092 secs using 193.5% CPU
Optimizing NNI: done in 0.318928 secs using 196.4% CPU
Optimizing NNI: done in 0.345408 secs using 195.9% CPU
Optimizing NNI: done in 0.268266 secs using 193.5% CPU
Optimizing NNI: done in 0.282084 secs using 192.4% CPU
Optimizing NNI: done in 0.309688 secs using 195.7% CPU
Optimizing NNI: done in 0.303123 secs using 194.8% CPU
Optimizing NNI: done in 0.274947 secs using 193% CPU
Optimizing NNI: done in 0.22075 secs using 194.3% CPU
Iteration 120 / LogL: -6695.549 / Time: 0h:1m:46s (0h:0m:23s left)
Optimizing NNI: done in 0.426968 secs using 196.1% CPU
Optimizing NNI: done in 0.237862 secs using 194.9% CPU
TREE SEARCH COMPLETED AFTER 122 ITERATIONS / Time: 0h:1m:47s

--------------------------------------------------------------------
|                    FINALIZING TREE SEARCH                        |
--------------------------------------------------------------------
Performs final model parameters optimization
Estimate model parameters (epsilon = 0.010)
1. Initial log-likelihood: -6695.547
Optimal log-likelihood: -6695.547
Rate parameters:  A-C: 0.65548  A-G: 2.12631  A-T: 1.00000  C-G: 0.65548  C-T: 3.01937  G-T: 1.00000
Base frequencies:  A: 0.250  C: 0.250  G: 0.250  T: 0.250
Gamma shape alpha: 1.824
Parameters optimization took 1 rounds (0.023 sec)
BEST SCORE FOUND : -6695.547
Creating bootstrap support values...
Split supports printed to NEXUS file results_moss_new/07_phylogeny/All/G4848.splits.nex
Total tree length: 5.181

Total number of iterations: 122
CPU time used for tree search: 66.510 sec (0h:1m:6s)
Wall-clock time used for tree search: 34.412 sec (0h:0m:34s)
Total CPU time used: 186.195 sec (0h:3m:6s)
Total wall-clock time used: 107.753 sec (0h:1m:47s)

Computing bootstrap consensus tree...
Reading input file results_moss_new/07_phylogeny/All/G4848.splits.nex...
71 taxa and 398 splits.
Consensus tree written to results_moss_new/07_phylogeny/All/G4848.contree
Reading input trees file results_moss_new/07_phylogeny/All/G4848.contree
Log-likelihood of consensus tree: -6695.555

Analysis results written to: 
  IQ-TREE report:                results_moss_new/07_phylogeny/All/G4848.iqtree
  Maximum-likelihood tree:       results_moss_new/07_phylogeny/All/G4848.treefile
  Likelihood distances:          results_moss_new/07_phylogeny/All/G4848.mldist

Ultrafast bootstrap approximation results written to:
  Split support values:          results_moss_new/07_phylogeny/All/G4848.splits.nex
  Consensus tree:                results_moss_new/07_phylogeny/All/G4848.contree
  Screen log file:               results_moss_new/07_phylogeny/All/G4848.log

Date and Time: Fri Jun 12 12:07:18 2026
