IQ-TREE version 3.0.1 for Linux x86 64-bit built Jul  9 2025
Developed by Bui Quang Minh, Thomas Wong, Nhan Ly-Trong, Huaiyan Ren
Contributed by Lam-Tung Nguyen, Dominik Schrempf, Chris Bielow,
Olga Chernomor, Michael Woodhams, Diep Thi Hoang, Heiko Schmidt

Host:    c0710a-s4.ufhpc (AVX2, FMA3, 503 GB RAM)
Command: iqtree -s results_moss_new/06_alignment/All/trimmed/G4942.trimmed.aln --prefix results_moss_new/07_phylogeny/All/G4942 -m MFP -B 1000 -T AUTO
Seed:    235497 (Using SPRNG - Scalable Parallel Random Number Generator)
Time:    Fri Jun 12 13:21:01 2026
Kernel:  AVX+FMA - auto-detect threads (8 CPU cores detected)

Reading alignment file results_moss_new/06_alignment/All/trimmed/G4942.trimmed.aln ... Fasta format detected
Reading fasta file: done in 0.00115735 secs using 88.74% CPU
Alignment most likely contains DNA/RNA sequences
Constructing alignment: done in 0.00115352 secs using 99.43% CPU
Alignment has 65 sequences with 1487 columns, 1386 distinct patterns
1164 parsimony-informative, 185 singleton sites, 138 constant sites
                  Gap/Ambiguity  Composition  p-value
Analyzing sequences: done in 0.000176951 secs using 100% CPU
   1  S0004_G4942_R1_A    9.55%    passed     55.44%
   2  S0018_G4942_R2_A   11.10%    passed     14.76%
   3  S0018_G4942_R3_A   11.10%    passed     14.76%
   4  S0004_G4942_R2_A   11.23%    passed     46.03%
   5  S0031_G4942_R3_A   11.23%    passed     19.96%
   6  S0031_G4942_R2_A   11.30%    passed     17.50%
   7  S0046_G4942_R1_A    3.50%    passed     16.49%
   8  S0046_G4942_R2_A    3.70%    passed      8.75%
   9  S0019_G4942_R1_A    3.50%    passed     42.06%
  10  S0020_G4942_R1_A    2.76%    passed     13.25%
  11  S0017_G4942_R1_A    4.10%    passed     41.88%
  12  S0017_G4942_R2_A    4.10%    passed     41.88%
  13  S0031_G4942_R1_A   28.78%    passed     69.56%
  14  S0018_G4942_R1_U   29.93%    passed     92.62%
  15  S0013_G4942_R1_A   23.67%    passed     97.00%
  16  S0028_G4942_R1_A   22.86%    passed     74.79%
  17  S0023_G4942_R1_A   22.86%    passed     98.50%
  18  S0036_G4942_R1_U   10.42%    passed     84.53%
  19  S0026_G4942_R1_A    6.72%    passed     43.88%
  20  S0021_G4942_R1_A    5.65%    passed     65.25%
  21  S0012_G4942_R1_A    5.58%    passed     93.89%
  22  S0048_G4942_R1_A    7.67%    passed     60.87%
  23  S0050_G4942_R1_A    7.46%    passed     64.88%
  24  S0030_G4942_R1_A   41.49%    passed     41.44%
  25  S0011_G4942_R1_A   45.66%    passed     24.63%
  26  S0011_G4942_R2_A   45.26%    passed     37.98%
  27  S0051_G4942_R1_A   59.05%    failed      1.67%
  28  S0039_G4942_R1_A   58.51%    passed      8.38%
  29  S0002_G4942_R1_A    7.40%    passed     21.83%
  30  S0002_G4942_R2_A    7.53%    passed     29.99%
  31  S0016_G4942_R1_A    4.03%    passed     46.37%
  32  S0016_G4942_R2_A    4.37%    passed     22.83%
  33  S0016_G4942_R3_A    4.37%    passed     23.93%
  34  S0022_G4942_R1_A    8.94%    passed     93.56%
  35  S0037_G4942_R1_A   12.91%    passed     42.55%
  36  S0005_G4942_R1_A   18.49%    passed     61.48%
  37  S0033_G4942_R1_A   20.85%    passed     96.54%
  38  S0035_G4942_R1_A   23.74%    passed     41.71%
  39  S0008_G4942_R1_A   19.50%    passed     28.88%
  40  S0014_G4942_R1_A   20.11%    passed     33.62%
  41  S0015_G4942_R1_A   19.30%    passed     18.62%
  42  S0034_G4942_R1_A   21.59%    passed      6.33%
  43  S0027_G4942_R1_A   25.89%    passed     45.47%
  44  S0009_G4942_R1_A   26.43%    passed     93.67%
  45  S0010_G4942_R1_A   25.82%    passed     90.57%
  46  S0003_G4942_R1_N   55.95%    passed     12.43%
  47  S0038_G4942_R1_A   57.03%    failed      4.87%
  48  S0042_G4942_R1_N   56.96%    passed     19.90%
  49  S0041_G4942_R1_N   57.30%    passed      6.32%
  50  S0047_G4942_R1_N   57.03%    passed      9.01%
  51  S0043_G4942_R1_N   56.96%    passed      8.93%
  52  S0044_G4942_R1_N   57.50%    failed      0.75%
  53  S0040_G4942_R1_N   58.04%    passed      9.91%
  54  S0045_G4942_R1_A   58.04%    passed      8.85%
  55  S0006_G4942_R1_A   23.00%    passed     31.32%
  56  S0049_G4942_R1_A   48.08%    passed      5.96%
  57  S0001_G4942_R1_A   64.02%    passed      5.85%
  58  S0029_G4942_R1_A   64.02%    passed      8.12%
  59  S0032_G4942_R2_N   64.83%    failed      4.65%
  60  S0024_G4942_R1_A   61.60%    passed     13.65%
  61  S0032_G4942_R1_N   56.56%    failed      0.36%
  62  S0025_G4942_R1_A   69.20%    passed     34.20%
  63  S0032_G4942_R3_N   60.46%    passed     41.08%
  64  S0032_G4942_R4_N   52.12%    passed      9.67%
  65  S0003_G4942_R2_N   67.52%    failed      0.15%
WARNING: 20 sequences contain more than 50% gaps/ambiguity
****  TOTAL              29.63%  6 sequences failed composition chi2 test (p-value<5%; df=3)
NOTE: S0018_G4942_R3_A is identical to S0018_G4942_R2_A but kept for subsequent analysis
NOTE: S0017_G4942_R2_A is identical to S0017_G4942_R1_A but kept for subsequent analysis
Checking for duplicate sequences: done in 0.000213098 secs using 77.43% CPU


Create initial parsimony tree by phylogenetic likelihood library (PLL)... 0.009 seconds
Measuring multi-threading efficiency up to 8 CPU cores
Increase to 10 rounds for branch lengths
68 trees examined
Threads: 1 / Time: 8.001 sec / Speedup: 1.000 / Efficiency: 100% / LogL: -40971
Threads: 2 / Time: 9.440 sec / Speedup: 0.848 / Efficiency: 42% / LogL: -40971
Determining AUTO threadcount: done in 17.4415 secs using 149.3% CPU
BEST NUMBER OF THREADS: 1

Perform fast likelihood tree search using GTR+I+G model...
Estimate model parameters (epsilon = 5.000)
Perform nearest neighbor interchange...
Optimizing NNI: done in 0.239042 secs using 99.02% CPU
Estimate model parameters (epsilon = 1.000)
1. Initial log-likelihood: -25310.200
Optimal log-likelihood: -25310.026
Rate parameters:  A-C: 1.53949  A-G: 3.16081  A-T: 1.00501  C-G: 1.45020  C-T: 3.33774  G-T: 1.00000
Base frequencies:  A: 0.229  C: 0.181  G: 0.250  T: 0.340
Proportion of invariable sites: 0.040
Gamma shape alpha: 2.378
Parameters optimization took 1 rounds (0.073 sec)
Time for fast ML tree search: 0.712 seconds

NOTE: ModelFinder requires 34 MB RAM!
ModelFinder will test up to 968 DNA models (sample size: 1487 epsilon: 0.100) ...
 No. Model         -LnL         df  AIC          AICc         BIC
  1  JC            26313.520    127 52881.039    52904.963    53554.713
  2  JC+I          26115.112    128 52486.224    52510.542    53165.202
  3  JC+G4         25888.804    128 52033.608    52057.927    52712.586
  4  JC+I+G4       25871.973    129 52001.946    52026.662    52686.228
  5  JC+R2         25876.455    129 52010.910    52035.626    52695.192
  6  JC+R3         25847.321    131 51956.642    51982.166    52651.534
  7  JC+R4         25846.780    133 51959.560    51985.904    52665.060
 14  JC+I+R2       25869.495    130 51998.990    52024.108    52688.577
 15  JC+I+R3       25845.632    132 51955.264    51981.196    52655.460
 16  JC+I+R4       25845.144    134 51958.287    51985.048    52669.092
 28  JC+R3         25847.321    131 51956.642    51982.166    52651.534
 37  JC+I+R3       25845.632    132 51955.264    51981.196    52655.460
 50  F81+R3        25847.155    131 51956.311    51981.834    52651.202
 59  F81+I+R3      25845.477    132 51954.954    51980.886    52655.150
 72  F81+F+R3      25819.576    134 51907.151    51933.912    52617.956
 81  F81+F+I+R3    25817.479    135 51904.958    51932.138    52621.068
 94  K2P+R3        25401.840    132 51067.679    51093.612    51767.876
103  K2P+I+R3      25400.232    133 51066.463    51092.808    51771.964
116  K2P+R3        25401.840    132 51067.679    51093.612    51767.876
125  K2P+I+R3      25400.232    133 51066.463    51092.808    51771.964
138  HKY+R3        25401.808    132 51067.617    51093.549    51767.813
147  HKY+I+R3      25400.215    133 51066.430    51092.775    51771.931
160  HKY+F+R3      25310.368    135 50890.735    50917.915    51606.845
169  HKY+F+I+R3    25307.876    136 50887.751    50915.354    51609.165
182  TNe+R3        25401.660    133 51069.321    51095.665    51774.821
191  TNe+I+R3      25400.160    134 51068.321    51095.081    51779.126
204  TNe+R3        25401.660    133 51069.321    51095.665    51774.821
213  TNe+I+R3      25400.160    134 51068.321    51095.081    51779.126
226  TN+R3         25401.651    133 51069.302    51095.647    51774.803
235  TN+I+R3       25400.146    134 51068.292    51095.053    51779.097
248  TN+F+R3       25310.288    136 50892.575    50920.178    51613.989
257  TN+F+I+R3     25307.828    137 50889.657    50917.686    51616.376
270  K3P+R3        25401.641    133 51069.283    51095.627    51774.783
279  K3P+I+R3      25400.068    134 51068.137    51094.897    51778.942
292  K3P+R3        25401.641    133 51069.283    51095.627    51774.783
301  K3P+I+R3      25400.068    134 51068.137    51094.897    51778.942
314  K3Pu+R3       25401.627    133 51069.253    51095.598    51774.754
323  K3Pu+I+R3     25400.061    134 51068.121    51094.881    51778.926
336  K3Pu+F+R3     25310.589    136 50893.178    50920.781    51614.592
345  K3Pu+F+I+R3   25308.057    137 50890.115    50918.144    51616.834
358  TPM2+R3       25401.523    133 51069.046    51095.391    51774.547
367  TPM2+I+R3     25399.961    134 51067.922    51094.683    51778.727
380  TPM2+R3       25401.523    133 51069.046    51095.391    51774.547
389  TPM2+I+R3     25399.961    134 51067.922    51094.683    51778.727
402  TPM2u+R3      25401.510    133 51069.020    51095.365    51774.521
411  TPM2u+I+R3    25399.955    134 51067.910    51094.670    51778.715
424  TPM2u+F+R3    25310.475    136 50892.950    50920.553    51614.364
433  TPM2u+F+I+R3  25307.925    137 50889.850    50917.880    51616.569
446  TPM3+R3       25400.279    133 51066.558    51092.903    51772.059
455  TPM3+I+R3     25398.720    134 51065.440    51092.200    51776.245
468  TPM3+R3       25400.279    133 51066.558    51092.903    51772.059
477  TPM3+I+R3     25398.720    134 51065.440    51092.200    51776.245
490  TPM3u+R3      25400.253    133 51066.506    51092.851    51772.007
499  TPM3u+I+R3    25398.710    134 51065.421    51092.181    51776.226
512  TPM3u+F+R3    25283.037    136 50838.074    50865.677    51559.488
521  TPM3u+F+I+R3  25279.858    137 50833.716    50861.746    51560.435
534  TIMe+R3       25401.509    134 51071.017    51097.778    51781.823
543  TIMe+I+R3     25400.003    135 51070.007    51097.187    51786.117
556  TIMe+R3       25401.509    134 51071.017    51097.778    51781.823
565  TIMe+I+R3     25400.003    135 51070.007    51097.187    51786.116
578  TIM+R3        25401.505    134 51071.010    51097.771    51781.816
587  TIM+I+R3      25399.999    135 51069.998    51097.178    51786.108
600  TIM+F+R3      25310.221    137 50894.441    50922.471    51621.160
609  TIM+F+I+R3    25307.794    138 50891.588    50920.048    51623.612
622  TIM2e+R3      25401.490    134 51070.981    51097.741    51781.786
631  TIM2e+I+R3    25399.972    135 51069.945    51097.125    51786.055
644  TIM2e+R3      25401.490    134 51070.981    51097.741    51781.786
653  TIM2e+I+R3    25399.972    135 51069.945    51097.125    51786.055
666  TIM2+R3       25401.465    134 51070.931    51097.691    51781.736
675  TIM2+I+R3     25399.912    135 51069.825    51097.005    51785.934
688  TIM2+F+R3     25310.097    137 50894.194    50922.224    51620.913
697  TIM2+F+I+R3   25307.624    138 50891.248    50919.707    51623.271
710  TIM3e+R3      25400.320    134 51068.640    51095.400    51779.445
719  TIM3e+I+R3    25398.840    135 51067.680    51094.859    51783.789
732  TIM3e+R3      25400.320    134 51068.640    51095.400    51779.445
741  TIM3e+I+R3    25398.840    135 51067.680    51094.859    51783.789
754  TIM3+R3       25400.226    134 51068.453    51095.213    51779.258
763  TIM3+I+R3     25398.693    135 51067.386    51094.565    51783.495
776  TIM3+F+R3     25282.868    137 50839.737    50867.766    51566.456
785  TIM3+F+I+R3   25279.691    138 50835.381    50863.841    51567.405
798  TVMe+R3       25400.023    135 51070.045    51097.225    51786.155
807  TVMe+I+R3     25398.476    136 51068.953    51096.556    51790.367
820  TVMe+R3       25400.023    135 51070.045    51097.225    51786.155
829  TVMe+I+R3     25398.476    136 51068.953    51096.556    51790.367
842  TVM+R3        25399.980    135 51069.960    51097.140    51786.070
851  TVM+I+R3      25398.441    136 51068.881    51096.484    51790.295
864  TVM+F+R3      25282.652    138 50841.303    50869.763    51573.326
873  TVM+F+I+R3    25279.475    139 50836.950    50865.844    51574.277
886  SYM+R3        25399.953    136 51071.905    51099.508    51793.319
895  SYM+I+R3      25398.437    137 51070.875    51098.904    51797.593
908  SYM+R3        25399.953    136 51071.905    51099.508    51793.319
917  SYM+I+R3      25398.437    137 51070.875    51098.904    51797.593
930  GTR+R3        25399.917    136 51071.834    51099.437    51793.248
939  GTR+I+R3      25398.407    137 51070.815    51098.845    51797.534
952  GTR+F+R3      25282.527    139 50843.055    50871.949    51580.382
961  GTR+F+I+R3    25279.335    140 50838.670    50868.001    51581.302
Akaike Information Criterion:           TPM3u+F+I+R3
Corrected Akaike Information Criterion: TPM3u+F+I+R3
Bayesian Information Criterion:         TPM3u+F+R3
Best-fit model: TPM3u+F+R3 chosen according to BIC

All model information printed to results_moss_new/07_phylogeny/All/G4942.model.gz
CPU time for ModelFinder: 46.498 seconds (0h:0m:46s)
Wall-clock time for ModelFinder: 38.376 seconds (0h:0m:38s)
Generating 1000 samples for ultrafast bootstrap (seed: 235497)...

NOTE: 14 MB RAM (0 GB) is required!
Estimate model parameters (epsilon = 0.100)
1. Initial log-likelihood: -25282.879
Optimal log-likelihood: -25282.814
Rate parameters:  A-C: 1.47222  A-G: 3.22217  A-T: 1.00000  C-G: 1.47222  C-T: 3.22217  G-T: 1.00000
Base frequencies:  A: 0.229  C: 0.181  G: 0.250  T: 0.340
Site proportion and rates:  (0.254,0.194) (0.685,1.141) (0.062,2.751)
Parameters optimization took 1 rounds (0.075 sec)
Wrote distance file to... 
Computing ML distances based on estimated model parameters...
Calculating distance matrix: done in 0.0114712 secs using 99.64% CPU
Computing ML distances took 0.011691 sec (of wall-clock time) 0.011651 sec (of CPU time)
Setting up auxiliary I and S matrices: done in 0.000129131 secs using 121.6% CPU
Constructing RapidNJ tree: done in 0.000225501 secs using 118% CPU
Computing RapidNJ tree took 0.000398 sec (of wall-clock time) 0.000492 sec (of CPU time)
Log-likelihood of RapidNJ tree: -25450.755
--------------------------------------------------------------------
|             INITIALIZING CANDIDATE TREE SET                      |
--------------------------------------------------------------------
Generating 98 parsimony trees... 0.795 second
Computing log-likelihood of 98 initial trees ... 1.202 seconds
Current best score: -25282.814

Do NNI search on 20 best initial trees
Optimizing NNI: done in 0.0647016 secs using 99.65% CPU
Estimate model parameters (epsilon = 0.100)
BETTER TREE FOUND at iteration 1: -25282.796
Optimizing NNI: done in 0.250781 secs using 99.2% CPU
Estimate model parameters (epsilon = 0.100)
BETTER TREE FOUND at iteration 2: -25279.473
Optimizing NNI: done in 0.252973 secs using 99.38% CPU
Optimizing NNI: done in 0.241802 secs using 99.18% CPU
Optimizing NNI: done in 0.236016 secs using 99.11% CPU
Optimizing NNI: done in 0.207608 secs using 98.57% CPU
Optimizing NNI: done in 0.251499 secs using 99.65% CPU
Estimate model parameters (epsilon = 0.100)
BETTER TREE FOUND at iteration 7: -25279.310
Optimizing NNI: done in 0.243719 secs using 99.17% CPU
Optimizing NNI: done in 0.242029 secs using 99.16% CPU
Optimizing NNI: done in 0.237451 secs using 99.21% CPU
Iteration 10 / LogL: -25279.530 / Time: 0h:0m:43s
Optimizing NNI: done in 0.207529 secs using 99.49% CPU
Optimizing NNI: done in 0.246999 secs using 99.56% CPU
Optimizing NNI: done in 0.232727 secs using 98.66% CPU
Optimizing NNI: done in 0.223047 secs using 99.07% CPU
Optimizing NNI: done in 0.249939 secs using 99.63% CPU
Optimizing NNI: done in 0.235291 secs using 99.64% CPU
Optimizing NNI: done in 0.208388 secs using 99.43% CPU
Optimizing NNI: done in 0.206953 secs using 99.03% CPU
Optimizing NNI: done in 0.208112 secs using 99.12% CPU
Optimizing NNI: done in 0.251523 secs using 98.8% CPU
Iteration 20 / LogL: -25279.936 / Time: 0h:0m:45s
Finish initializing candidate tree set (8)
Current best tree score: -25279.310 / CPU time: 6.741
Number of iterations: 20
--------------------------------------------------------------------
|               OPTIMIZING CANDIDATE TREE SET                      |
--------------------------------------------------------------------
Optimizing NNI: done in 0.266954 secs using 97.99% CPU
Optimizing NNI: done in 0.292927 secs using 99.29% CPU
Optimizing NNI: done in 0.344087 secs using 98.8% CPU
Optimizing NNI: done in 0.211763 secs using 99.1% CPU
Optimizing NNI: done in 0.271807 secs using 99.11% CPU
Optimizing NNI: done in 0.338222 secs using 99.24% CPU
Optimizing NNI: done in 0.303732 secs using 98.52% CPU
Optimizing NNI: done in 0.268757 secs using 99.27% CPU
Optimizing NNI: done in 0.244592 secs using 99.23% CPU
UPDATE BEST LOG-LIKELIHOOD: -25279.308
Optimizing NNI: done in 0.352763 secs using 99.63% CPU
Iteration 30 / LogL: -25300.421 / Time: 0h:0m:48s (0h:0m:26s left)
Optimizing NNI: done in 0.231502 secs using 99.17% CPU
Optimizing NNI: done in 0.269057 secs using 98.75% CPU
Optimizing NNI: done in 0.27873 secs using 98.68% CPU
Optimizing NNI: done in 0.245383 secs using 99.01% CPU
UPDATE BEST LOG-LIKELIHOOD: -25279.306
Optimizing NNI: done in 0.268341 secs using 98.43% CPU
Optimizing NNI: done in 0.279434 secs using 99.06% CPU
Optimizing NNI: done in 0.280977 secs using 99% CPU
Optimizing NNI: done in 0.268317 secs using 98.94% CPU
Optimizing NNI: done in 0.23449 secs using 98.91% CPU
Optimizing NNI: done in 0.32236 secs using 99.02% CPU
Iteration 40 / LogL: -25279.319 / Time: 0h:0m:50s (0h:0m:21s left)
Optimizing NNI: done in 0.260424 secs using 98.65% CPU
Optimizing NNI: done in 0.297457 secs using 99.34% CPU
Optimizing NNI: done in 0.352434 secs using 99.2% CPU
Optimizing NNI: done in 0.209569 secs using 99.31% CPU
Optimizing NNI: done in 0.201949 secs using 98.97% CPU
Optimizing NNI: done in 0.190139 secs using 97.76% CPU
Optimizing NNI: done in 0.289384 secs using 98.67% CPU
Optimizing NNI: done in 0.237563 secs using 98.89% CPU
Optimizing NNI: done in 0.276206 secs using 99.04% CPU
Optimizing NNI: done in 0.180944 secs using 97.62% CPU
Iteration 50 / LogL: -25279.349 / Time: 0h:0m:53s (0h:0m:17s left)
Log-likelihood cutoff on original alignment: -25311.716
Optimizing NNI: done in 0.315751 secs using 98.68% CPU
Optimizing NNI: done in 0.308123 secs using 99.03% CPU
Optimizing NNI: done in 0.24565 secs using 99% CPU
Optimizing NNI: done in 0.285024 secs using 99.39% CPU
Optimizing NNI: done in 0.257214 secs using 99.11% CPU
Optimizing NNI: done in 0.272241 secs using 99.26% CPU
Optimizing NNI: done in 0.200479 secs using 99.01% CPU
Optimizing NNI: done in 0.321729 secs using 98.84% CPU
Optimizing NNI: done in 0.240013 secs using 99.43% CPU
Optimizing NNI: done in 0.281078 secs using 99.15% CPU
Iteration 60 / LogL: -25284.563 / Time: 0h:0m:56s (0h:0m:14s left)
Optimizing NNI: done in 0.257284 secs using 99.41% CPU
Optimizing NNI: done in 0.239043 secs using 98.66% CPU
Optimizing NNI: done in 0.237951 secs using 98.95% CPU
Optimizing NNI: done in 0.241764 secs using 98.51% CPU
Optimizing NNI: done in 0.27862 secs using 99.16% CPU
Optimizing NNI: done in 0.266535 secs using 99.46% CPU
Optimizing NNI: done in 0.231504 secs using 99.18% CPU
Optimizing NNI: done in 0.333034 secs using 99.22% CPU
Optimizing NNI: done in 0.374609 secs using 98.9% CPU
Optimizing NNI: done in 0.282467 secs using 98.79% CPU
Iteration 70 / LogL: -25279.545 / Time: 0h:0m:59s (0h:0m:11s left)
Optimizing NNI: done in 0.217962 secs using 99.62% CPU
Optimizing NNI: done in 0.349362 secs using 99.49% CPU
Optimizing NNI: done in 0.290207 secs using 98.4% CPU
Optimizing NNI: done in 0.329696 secs using 98.64% CPU
Optimizing NNI: done in 0.283788 secs using 99.17% CPU
Optimizing NNI: done in 0.311891 secs using 99.31% CPU
Optimizing NNI: done in 0.262326 secs using 98.35% CPU
Optimizing NNI: done in 0.306971 secs using 98.51% CPU
Optimizing NNI: done in 0.336017 secs using 99.53% CPU
Optimizing NNI: done in 0.256095 secs using 98.86% CPU
Iteration 80 / LogL: -25296.484 / Time: 0h:1m:2s (0h:0m:8s left)
Optimizing NNI: done in 0.2629 secs using 99.18% CPU
Optimizing NNI: done in 0.316175 secs using 98.94% CPU
Optimizing NNI: done in 0.314166 secs using 97.8% CPU
Optimizing NNI: done in 0.256472 secs using 99.17% CPU
Optimizing NNI: done in 0.266309 secs using 99.11% CPU
Optimizing NNI: done in 0.226211 secs using 99.58% CPU
Optimizing NNI: done in 0.207922 secs using 99.45% CPU
Optimizing NNI: done in 0.322516 secs using 98.87% CPU
Optimizing NNI: done in 0.272461 secs using 98.78% CPU
Optimizing NNI: done in 0.26033 secs using 98.08% CPU
Iteration 90 / LogL: -25281.732 / Time: 0h:1m:4s (0h:0m:5s left)
Optimizing NNI: done in 0.30061 secs using 99.53% CPU
Optimizing NNI: done in 0.270682 secs using 99.58% CPU
Optimizing NNI: done in 0.303654 secs using 98.56% CPU
Optimizing NNI: done in 0.276129 secs using 99.14% CPU
Optimizing NNI: done in 0.333105 secs using 99.3% CPU
Optimizing NNI: done in 0.294695 secs using 99.49% CPU
Optimizing NNI: done in 0.297544 secs using 99.05% CPU
Optimizing NNI: done in 0.28707 secs using 99.15% CPU
Optimizing NNI: done in 0.196135 secs using 99.42% CPU
Optimizing NNI: done in 0.297854 secs using 98.78% CPU
Iteration 100 / LogL: -25279.307 / Time: 0h:1m:7s (0h:0m:2s left)
Log-likelihood cutoff on original alignment: -25313.495
NOTE: Bootstrap correlation coefficient of split occurrence frequencies: 0.998
Optimizing NNI: done in 0.252277 secs using 99.04% CPU
Optimizing NNI: done in 0.296481 secs using 99.13% CPU
Optimizing NNI: done in 0.305842 secs using 99.44% CPU
Optimizing NNI: done in 0.317047 secs using 98.77% CPU
Optimizing NNI: done in 0.276962 secs using 99.05% CPU
Optimizing NNI: done in 0.278564 secs using 98.78% CPU
Optimizing NNI: done in 0.265851 secs using 98.75% CPU
Optimizing NNI: done in 0.323857 secs using 99.06% CPU
TREE SEARCH COMPLETED AFTER 108 ITERATIONS / Time: 0h:1m:10s

--------------------------------------------------------------------
|                    FINALIZING TREE SEARCH                        |
--------------------------------------------------------------------
Performs final model parameters optimization
Estimate model parameters (epsilon = 0.010)
1. Initial log-likelihood: -25279.306
2. Current log-likelihood: -25279.296
Optimal log-likelihood: -25279.287
Rate parameters:  A-C: 1.47564  A-G: 3.23188  A-T: 1.00000  C-G: 1.47564  C-T: 3.23188  G-T: 1.00000
Base frequencies:  A: 0.229  C: 0.181  G: 0.250  T: 0.340
Site proportion and rates:  (0.254,0.194) (0.689,1.147) (0.057,2.820)
Parameters optimization took 2 rounds (0.125 sec)
BEST SCORE FOUND : -25279.287
Creating bootstrap support values...
Split supports printed to NEXUS file results_moss_new/07_phylogeny/All/G4942.splits.nex
Total tree length: 9.336

Total number of iterations: 108
CPU time used for tree search: 31.382 sec (0h:0m:31s)
Wall-clock time used for tree search: 31.695 sec (0h:0m:31s)
Total CPU time used: 78.313 sec (0h:1m:18s)
Total wall-clock time used: 70.505 sec (0h:1m:10s)

Computing bootstrap consensus tree...
Reading input file results_moss_new/07_phylogeny/All/G4942.splits.nex...
65 taxa and 340 splits.
Consensus tree written to results_moss_new/07_phylogeny/All/G4942.contree
Reading input trees file results_moss_new/07_phylogeny/All/G4942.contree
Log-likelihood of consensus tree: -25279.747

Analysis results written to: 
  IQ-TREE report:                results_moss_new/07_phylogeny/All/G4942.iqtree
  Maximum-likelihood tree:       results_moss_new/07_phylogeny/All/G4942.treefile
  Likelihood distances:          results_moss_new/07_phylogeny/All/G4942.mldist

Ultrafast bootstrap approximation results written to:
  Split support values:          results_moss_new/07_phylogeny/All/G4942.splits.nex
  Consensus tree:                results_moss_new/07_phylogeny/All/G4942.contree
  Screen log file:               results_moss_new/07_phylogeny/All/G4942.log

Date and Time: Fri Jun 12 13:22:11 2026
