IQ-TREE version 3.0.1 for Linux x86 64-bit built Jul  9 2025
Developed by Bui Quang Minh, Thomas Wong, Nhan Ly-Trong, Huaiyan Ren
Contributed by Lam-Tung Nguyen, Dominik Schrempf, Chris Bielow,
Olga Chernomor, Michael Woodhams, Diep Thi Hoang, Heiko Schmidt

Host:    c0711a-s19.ufhpc (AVX2, FMA3, 503 GB RAM)
Command: iqtree -s results_moss_new/06_alignment/All/trimmed/G4989.trimmed.aln --prefix results_moss_new/07_phylogeny/All/G4989 -m MFP -B 1000 -T AUTO
Seed:    209606 (Using SPRNG - Scalable Parallel Random Number Generator)
Time:    Fri Jun 12 00:46:45 2026
Kernel:  AVX+FMA - auto-detect threads (8 CPU cores detected)

Reading alignment file results_moss_new/06_alignment/All/trimmed/G4989.trimmed.aln ... Fasta format detected
Reading fasta file: done in 0.00137482 secs using 14.47% CPU
Alignment most likely contains DNA/RNA sequences
Constructing alignment: done in 0.000346301 secs using 99.91% CPU
Alignment has 63 sequences with 636 columns, 380 distinct patterns
320 parsimony-informative, 58 singleton sites, 258 constant sites
                  Gap/Ambiguity  Composition  p-value
Analyzing sequences: done in 4.32821e-05 secs using 99.35% CPU
   1  S0020_G4989_R1_A    0.16%    passed     98.39%
   2  S0016_G4989_R1_A    0.16%    passed     93.66%
   3  S0046_G4989_R1_A    0.16%    passed     99.61%
   4  S0028_G4989_R1_A    0.16%    passed     99.86%
   5  S0022_G4989_R1_A    0.16%    passed     98.27%
   6  S0037_G4989_R1_A    0.16%    passed     93.80%
   7  S0019_G4989_R1_A    0.16%    passed     94.93%
   8  S0002_G4989_R1_A    0.16%    passed     96.18%
   9  S0030_G4989_R1_A    0.16%    passed     97.36%
  10  S0036_G4989_R1_A    0.16%    passed     99.65%
  11  S0023_G4989_R1_A    0.16%    passed     99.09%
  12  S0013_G4989_R1_A    0.94%    passed     98.86%
  13  S0012_G4989_R1_A    0.16%    passed     94.74%
  14  S0018_G4989_R1_A    0.16%    passed     89.17%
  15  S0050_G4989_R1_A   17.92%    passed     99.38%
  16  S0031_G4989_R1_A    0.16%    passed     96.83%
  17  S0026_G4989_R1_A    0.16%    passed     99.49%
  18  S0011_G4989_R1_A    0.16%    passed     91.25%
  19  S0048_G4989_R1_A    0.16%    passed     99.61%
  20  S0017_G4989_R1_A    0.16%    passed     96.43%
  21  S0021_G4989_R1_A    0.16%    passed     99.96%
  22  S0021_G4989_R2_A    0.16%    passed     99.84%
  23  S0005_G4989_R1_A    0.16%    passed     95.62%
  24  S0004_G4989_R1_A    0.16%    passed     98.63%
  25  S0033_G4989_R1_A    0.16%    passed     92.41%
  26  S0035_G4989_R1_A    0.16%    passed     87.83%
  27  S0034_G4989_R1_V    0.16%    passed     98.98%
  28  S0009_G4989_R1_A    0.16%    passed     85.31%
  29  S0010_G4989_R1_A    0.16%    passed     85.31%
  30  S0008_G4989_R1_U    0.16%    passed     66.42%
  31  S0008_G4989_R2_U    0.47%    passed     75.63%
  32  S0014_G4989_R1_A    0.16%    passed     72.34%
  33  S0039_G4989_R1_A    0.47%    failed      0.18%
  34  S0051_G4989_R1_A    0.47%    failed      0.17%
  35  S0015_G4989_R1_A    0.16%    passed     81.55%
  36  S0027_G4989_R1_A    0.94%    passed     11.30%
  37  S0006_G4989_R1_A    0.94%    passed     95.66%
  38  S0038_G4989_R2_A    0.16%    passed     86.17%
  39  S0042_G4989_R2_N    0.16%    passed     86.17%
  40  S0044_G4989_R1_N    0.16%    passed     90.15%
  41  S0045_G4989_R3_A    0.16%    passed     91.23%
  42  S0045_G4989_R4_A    0.16%    passed     76.72%
  43  S0040_G4989_R2_N    0.16%    passed     84.50%
  44  S0041_G4989_R2_N    0.16%    passed     77.98%
  45  S0043_G4989_R2_N    0.16%    passed     70.63%
  46  S0047_G4989_R1_N    0.16%    passed     77.98%
  47  S0040_G4989_R1_N    0.16%    passed     29.81%
  48  S0038_G4989_R1_A    0.16%    passed     32.39%
  49  S0042_G4989_R1_N    0.16%    passed     29.77%
  50  S0044_G4989_R2_N    0.16%    passed     32.31%
  51  S0045_G4989_R2_A    0.16%    passed     30.09%
  52  S0041_G4989_R1_N    0.16%    passed     32.31%
  53  S0043_G4989_R1_N    0.16%    passed     27.76%
  54  S0047_G4989_R2_N    0.16%    passed     23.45%
  55  S0045_G4989_R1_A    0.16%    passed     17.42%
  56  S0049_G4989_R1_A    0.16%    passed     87.66%
  57  S0025_G4989_R1_U    0.16%    passed     80.59%
  58  S0032_G4989_R1_N    0.00%    passed     49.55%
  59  S0032_G4989_R2_N    0.16%    passed     47.32%
  60  S0001_G4989_R1_A   16.82%    passed     95.54%
  61  S0029_G4989_R1_U   13.36%    passed     73.93%
  62  S0024_G4989_R1_A    0.16%    passed     51.41%
  63  S0003_G4989_R1_N    0.16%    passed     40.63%
****  TOTAL               0.96%  2 sequences failed composition chi2 test (p-value<5%; df=3)
NOTE: S0010_G4989_R1_A is identical to S0009_G4989_R1_A but kept for subsequent analysis
Checking for duplicate sequences: done in 0.000125786 secs using 94.61% CPU


Create initial parsimony tree by phylogenetic likelihood library (PLL)... 0.010 seconds
Measuring multi-threading efficiency up to 8 CPU cores
Increase to 10 rounds for branch lengths
253 trees examined
Threads: 1 / Time: 8.026 sec / Speedup: 1.000 / Efficiency: 100% / LogL: -14307
Threads: 2 / Time: 38.248 sec / Speedup: 0.210 / Efficiency: 10% / LogL: -14307
Determining AUTO threadcount: done in 46.2742 secs using 106.8% CPU
BEST NUMBER OF THREADS: 1

Perform fast likelihood tree search using GTR+I+G model...
Estimate model parameters (epsilon = 5.000)
Perform nearest neighbor interchange...
Optimizing NNI: done in 0.0502587 secs using 99.44% CPU
Estimate model parameters (epsilon = 1.000)
1. Initial log-likelihood: -6548.335
Optimal log-likelihood: -6548.114
Rate parameters:  A-C: 0.99354  A-G: 3.45455  A-T: 1.32692  C-G: 0.90288  C-T: 5.34117  G-T: 1.00000
Base frequencies:  A: 0.278  C: 0.200  G: 0.284  T: 0.237
Proportion of invariable sites: 0.184
Gamma shape alpha: 0.793
Parameters optimization took 1 rounds (0.043 sec)
Time for fast ML tree search: 0.194 seconds

NOTE: ModelFinder requires 9 MB RAM!
ModelFinder will test up to 968 DNA models (sample size: 636 epsilon: 0.100) ...
 No. Model         -LnL         df  AIC          AICc         BIC
  1  JC            7159.425     123 14564.851    14624.429    15112.840
  2  JC+I          6899.719     124 14047.437    14108.103    14599.882
  3  JC+G4         6794.617     124 13837.234    13897.899    14389.679
  4  JC+I+G4       6795.442     125 13840.884    13902.649    14397.784
  5  JC+R2         6801.191     125 13852.383    13914.148    14409.283
  6  JC+R3         6792.813     127 13839.625    13903.625    14405.435
  7  JC+R4         6792.382     129 13842.763    13909.048    14417.484
 14  JC+I+R2       6796.352     126 13844.703    13907.580    14406.058
 15  JC+I+R3       6792.701     128 13841.403    13906.539    14411.668
 25  JC+G4         6794.617     124 13837.234    13897.899    14389.679
 26  JC+I+G4       6795.442     125 13840.884    13902.649    14397.784
 47  F81+G4        6794.617     124 13837.233    13897.899    14389.678
 48  F81+I+G4      6795.389     125 13840.778    13902.542    14397.677
 69  F81+F+G4      6789.167     127 13832.334    13896.334    14398.145
 70  F81+F+I+G4    6789.817     128 13835.633    13900.769    14405.899
 91  K2P+G4        6561.236     125 13372.472    13434.236    13929.371
 92  K2P+I+G4      6561.546     126 13375.091    13437.968    13936.446
113  K2P+G4        6561.236     125 13372.472    13434.236    13929.371
114  K2P+I+G4      6561.546     126 13375.091    13437.968    13936.446
135  HKY+G4        6561.235     125 13372.471    13434.235    13929.370
136  HKY+I+G4      6561.518     126 13375.036    13437.912    13936.391
157  HKY+F+G4      6559.471     128 13374.942    13440.078    13945.207
158  HKY+F+I+G4    6559.862     129 13377.723    13444.008    13952.444
179  TNe+G4        6560.928     126 13373.855    13436.732    13935.210
180  TNe+I+G4      6561.119     127 13376.238    13440.238    13942.048
201  TNe+G4        6560.928     126 13373.855    13436.732    13935.210
202  TNe+I+G4      6561.119     127 13376.238    13440.238    13942.048
223  TN+G4         6560.928     126 13373.855    13436.732    13935.210
224  TN+I+G4       6561.099     127 13376.199    13440.199    13942.009
245  TN+F+G4       6550.561     129 13359.123    13425.407    13933.843
246  TN+F+I+G4     6550.619     130 13361.237    13428.683    13940.413
267  K3P+G4        6560.887     126 13373.774    13436.650    13935.129
268  K3P+I+G4      6561.132     127 13376.263    13440.263    13942.073
289  K3P+G4        6560.887     126 13373.774    13436.650    13935.129
290  K3P+I+G4      6561.132     127 13376.263    13440.263    13942.073
311  K3Pu+G4       6560.887     126 13373.774    13436.651    13935.129
312  K3Pu+I+G4     6561.110     127 13376.220    13440.220    13942.030
333  K3Pu+F+G4     6559.124     129 13376.247    13442.532    13950.968
334  K3Pu+F+I+G4   6559.441     130 13378.881    13446.327    13958.057
355  TPM2+G4       6560.164     126 13372.328    13435.204    13933.683
356  TPM2+I+G4     6560.400     127 13374.800    13438.800    13940.610
377  TPM2+G4       6560.164     126 13372.328    13435.204    13933.683
378  TPM2+I+G4     6560.400     127 13374.800    13438.800    13940.610
399  TPM2u+G4      6560.164     126 13372.328    13435.204    13933.683
400  TPM2u+I+G4    6560.378     127 13374.756    13438.756    13940.567
421  TPM2u+F+G4    6558.190     129 13374.380    13440.665    13949.101
422  TPM2u+F+I+G4  6558.499     130 13376.998    13444.443    13956.173
443  TPM3+G4       6557.384     126 13366.769    13429.645    13928.124
444  TPM3+I+G4     6557.540     127 13369.079    13433.079    13934.890
465  TPM3+G4       6557.384     126 13366.769    13429.645    13928.124
466  TPM3+I+G4     6557.540     127 13369.079    13433.079    13934.890
487  TPM3u+G4      6557.384     126 13366.767    13429.643    13928.122
488  TPM3u+I+G4    6557.521     127 13369.042    13433.042    13934.852
509  TPM3u+F+G4    6557.824     129 13373.648    13439.933    13948.369
510  TPM3u+F+I+G4  6558.111     130 13376.221    13443.667    13955.397
531  TIMe+G4       6560.578     127 13375.156    13439.156    13940.966
532  TIMe+I+G4     6560.722     128 13377.443    13442.579    13947.709
553  TIMe+G4       6560.578     127 13375.156    13439.156    13940.966
554  TIMe+I+G4     6560.722     128 13377.443    13442.579    13947.709
575  TIM+G4        6560.578     127 13375.156    13439.156    13940.966
576  TIM+I+G4      6560.705     128 13377.410    13442.547    13947.676
597  TIM+F+G4      6550.197     130 13360.394    13427.840    13939.570
598  TIM+F+I+G4    6550.240     131 13362.480    13431.099    13946.111
619  TIM2e+G4      6559.845     127 13373.690    13437.690    13939.500
620  TIM2e+I+G4    6559.983     128 13375.965    13441.101    13946.231
641  TIM2e+G4      6559.845     127 13373.690    13437.690    13939.500
642  TIM2e+I+G4    6559.983     128 13375.965    13441.101    13946.231
663  TIM2+G4       6559.845     127 13373.689    13437.689    13939.500
664  TIM2+I+G4     6559.966     128 13375.931    13441.067    13946.196
685  TIM2+F+G4     6549.228     130 13358.456    13425.901    13937.632
686  TIM2+F+I+G4   6549.274     131 13360.548    13429.167    13944.179
707  TIM3e+G4      6557.129     127 13368.259    13432.259    13934.069
708  TIM3e+I+G4    6557.188     128 13370.377    13435.513    13940.642
729  TIM3e+G4      6557.129     127 13368.259    13432.259    13934.069
730  TIM3e+I+G4    6557.188     128 13370.377    13435.513    13940.642
751  TIM3+G4       6557.129     127 13368.258    13432.258    13934.069
752  TIM3+I+G4     6557.173     128 13370.347    13435.483    13940.612
773  TIM3+F+G4     6549.264     130 13358.528    13425.973    13937.703
774  TIM3+F+I+G4   6549.268     131 13360.536    13429.155    13944.167
795  TVMe+G4       6556.047     128 13368.093    13433.229    13938.359
796  TVMe+I+G4     6556.155     129 13370.311    13436.595    13945.031
817  TVMe+G4       6556.047     128 13368.093    13433.229    13938.359
818  TVMe+I+G4     6556.155     129 13370.311    13436.595    13945.031
839  TVM+G4        6556.046     128 13368.092    13433.228    13938.358
840  TVM+I+G4      6556.139     129 13370.278    13436.563    13944.999
861  TVM+F+G4      6556.274     131 13374.548    13443.167    13958.179
862  TVM+F+I+G4    6556.520     132 13377.039    13446.844    13965.126
883  SYM+G4        6555.780     129 13369.560    13435.844    13944.280
884  SYM+I+G4      6555.810     130 13371.620    13439.066    13950.796
905  SYM+G4        6555.780     129 13369.560    13435.844    13944.280
906  SYM+I+G4      6555.810     130 13371.620    13439.066    13950.796
927  GTR+G4        6555.780     129 13369.559    13435.844    13944.280
928  GTR+I+G4      6555.799     130 13371.597    13439.043    13950.773
949  GTR+F+G4      6547.649     132 13359.298    13429.103    13947.384
950  GTR+F+I+G4    6547.656     133 13361.311    13432.315    13953.852
Akaike Information Criterion:           TIM2+F+G4
Corrected Akaike Information Criterion: TN+F+G4
Bayesian Information Criterion:         TPM3u+G4
Best-fit model: TPM3u+G4 chosen according to BIC

All model information printed to results_moss_new/07_phylogeny/All/G4989.model.gz
CPU time for ModelFinder: 52.508 seconds (0h:0m:52s)
Wall-clock time for ModelFinder: 49.619 seconds (0h:0m:49s)
Generating 1000 samples for ultrafast bootstrap (seed: 209606)...

NOTE: 4 MB RAM (0 GB) is required!
Estimate model parameters (epsilon = 0.100)
1. Initial log-likelihood: -6558.153
2. Current log-likelihood: -6557.830
Optimal log-likelihood: -6557.825
Rate parameters:  A-C: 0.79876  A-G: 3.66970  A-T: 1.00000  C-G: 0.79876  C-T: 3.66970  G-T: 1.00000
Base frequencies:  A: 0.278  C: 0.200  G: 0.284  T: 0.237
Gamma shape alpha: 0.480
Parameters optimization took 2 rounds (0.035 sec)
Wrote distance file to... 
Computing ML distances based on estimated model parameters...
Calculating distance matrix: done in 0.0128587 secs using 99.61% CPU
Computing ML distances took 0.012924 sec (of wall-clock time) 0.012876 sec (of CPU time)
Setting up auxiliary I and S matrices: done in 0.00010635 secs using 153.3% CPU
Constructing RapidNJ tree: done in 0.000221727 secs using 112.8% CPU
Computing RapidNJ tree took 0.000381 sec (of wall-clock time) 0.000463 sec (of CPU time)
Log-likelihood of RapidNJ tree: -6585.120
--------------------------------------------------------------------
|             INITIALIZING CANDIDATE TREE SET                      |
--------------------------------------------------------------------
Generating 98 parsimony trees... 0.249 second
Computing log-likelihood of 98 initial trees ... 0.385 seconds
Current best score: -6557.825

Do NNI search on 20 best initial trees
Optimizing NNI: done in 0.0323761 secs using 96.46% CPU
Estimate model parameters (epsilon = 0.100)
BETTER TREE FOUND at iteration 1: -6557.815
Optimizing NNI: done in 0.0857663 secs using 97.22% CPU
Optimizing NNI: done in 0.0707056 secs using 99.51% CPU
Estimate model parameters (epsilon = 0.100)
BETTER TREE FOUND at iteration 3: -6555.310
Optimizing NNI: done in 0.0835752 secs using 99.51% CPU
Optimizing NNI: done in 0.0892105 secs using 99.53% CPU
Optimizing NNI: done in 0.0700314 secs using 99.57% CPU
Optimizing NNI: done in 0.077072 secs using 99.52% CPU
Optimizing NNI: done in 0.0837741 secs using 99.49% CPU
Optimizing NNI: done in 0.0848236 secs using 99.43% CPU
Optimizing NNI: done in 0.0781444 secs using 99.51% CPU
Iteration 10 / LogL: -6558.424 / Time: 0h:0m:51s
Optimizing NNI: done in 0.0950877 secs using 99.53% CPU
Optimizing NNI: done in 0.0803595 secs using 98.3% CPU
Optimizing NNI: done in 0.0738785 secs using 99.54% CPU
Optimizing NNI: done in 0.0691456 secs using 96.62% CPU
Optimizing NNI: done in 0.0742164 secs using 98.18% CPU
Optimizing NNI: done in 0.0748255 secs using 98.13% CPU
Optimizing NNI: done in 0.116558 secs using 76.39% CPU
Optimizing NNI: done in 0.0857386 secs using 99.49% CPU
Optimizing NNI: done in 0.0945686 secs using 99.53% CPU
Estimate model parameters (epsilon = 0.100)
BETTER TREE FOUND at iteration 19: -6554.922
Optimizing NNI: done in 0.0794214 secs using 97.05% CPU
Iteration 20 / LogL: -6555.321 / Time: 0h:0m:52s
Finish initializing candidate tree set (20)
Current best tree score: -6554.922 / CPU time: 2.293
Number of iterations: 20
--------------------------------------------------------------------
|               OPTIMIZING CANDIDATE TREE SET                      |
--------------------------------------------------------------------
Optimizing NNI: done in 0.118709 secs using 97.82% CPU
Optimizing NNI: done in 0.0836544 secs using 99.52% CPU
Optimizing NNI: done in 0.0845707 secs using 99.51% CPU
Optimizing NNI: done in 0.125236 secs using 98.65% CPU
Optimizing NNI: done in 0.128445 secs using 99.5% CPU
Optimizing NNI: done in 0.122703 secs using 97.91% CPU
Optimizing NNI: done in 0.132124 secs using 98.76% CPU
Optimizing NNI: done in 0.0988501 secs using 99.55% CPU
Optimizing NNI: done in 0.1026 secs using 97.59% CPU
Optimizing NNI: done in 0.118507 secs using 97.79% CPU
Iteration 30 / LogL: -6555.324 / Time: 0h:0m:53s (0h:0m:10s left)
Optimizing NNI: done in 0.0944038 secs using 96.35% CPU
Optimizing NNI: done in 0.129702 secs using 97.24% CPU
Estimate model parameters (epsilon = 0.100)
BETTER TREE FOUND at iteration 32: -6554.835
Optimizing NNI: done in 0.113773 secs using 98.65% CPU
Optimizing NNI: done in 0.13023 secs using 98.76% CPU
Optimizing NNI: done in 0.104855 secs using 98.56% CPU
Estimate model parameters (epsilon = 0.100)
BETTER TREE FOUND at iteration 35: -6554.302
Optimizing NNI: done in 0.0973429 secs using 95.45% CPU
Optimizing NNI: done in 0.101833 secs using 97.53% CPU
Optimizing NNI: done in 0.123324 secs using 99.52% CPU
Optimizing NNI: done in 0.120614 secs using 98.68% CPU
Optimizing NNI: done in 0.117551 secs using 98.72% CPU
Iteration 40 / LogL: -6558.065 / Time: 0h:0m:54s (0h:0m:11s left)
Optimizing NNI: done in 0.117699 secs using 96.08% CPU
BETTER TREE FOUND at iteration 41: -6554.299
Optimizing NNI: done in 0.0851056 secs using 97.15% CPU
Optimizing NNI: done in 0.14413 secs using 98.15% CPU
Optimizing NNI: done in 0.0865313 secs using 97.26% CPU
Optimizing NNI: done in 0.11557 secs using 96.94% CPU
Optimizing NNI: done in 0.123099 secs using 99.55% CPU
Optimizing NNI: done in 0.093366 secs using 99.55% CPU
Optimizing NNI: done in 0.100551 secs using 97.53% CPU
Optimizing NNI: done in 0.0751908 secs using 99.53% CPU
Optimizing NNI: done in 0.0739533 secs using 99.39% CPU
Iteration 50 / LogL: -6562.642 / Time: 0h:0m:55s (0h:0m:10s left)
Log-likelihood cutoff on original alignment: -6581.599
Optimizing NNI: done in 0.111796 secs using 99.53% CPU
Optimizing NNI: done in 0.101977 secs using 99.54% CPU
Optimizing NNI: done in 0.0887184 secs using 96.15% CPU
Optimizing NNI: done in 0.113327 secs using 98.65% CPU
Optimizing NNI: done in 0.0907137 secs using 99.54% CPU
Optimizing NNI: done in 0.0934355 secs using 99.53% CPU
Optimizing NNI: done in 0.105854 secs using 98.6% CPU
Optimizing NNI: done in 0.0851128 secs using 96.01% CPU
Optimizing NNI: done in 0.118963 secs using 97.01% CPU
Optimizing NNI: done in 0.086167 secs using 98.35% CPU
Iteration 60 / LogL: -6554.304 / Time: 0h:0m:56s (0h:0m:9s left)
Optimizing NNI: done in 0.129191 secs using 97.96% CPU
Optimizing NNI: done in 0.0828435 secs using 95.9% CPU
Optimizing NNI: done in 0.110569 secs using 98.59% CPU
Optimizing NNI: done in 0.0903947 secs using 99.49% CPU
Optimizing NNI: done in 0.0947571 secs using 99.51% CPU
Optimizing NNI: done in 0.123774 secs using 99.48% CPU
Estimate model parameters (epsilon = 0.100)
BETTER TREE FOUND at iteration 66: -6554.209
Optimizing NNI: done in 0.0900084 secs using 99.48% CPU
Optimizing NNI: done in 0.108368 secs using 97.6% CPU
Optimizing NNI: done in 0.0976559 secs using 97.44% CPU
Optimizing NNI: done in 0.110803 secs using 98.59% CPU
Iteration 70 / LogL: -6554.306 / Time: 0h:0m:57s (0h:0m:11s left)
Optimizing NNI: done in 0.112105 secs using 98.63% CPU
Optimizing NNI: done in 0.0915798 secs using 99.49% CPU
Optimizing NNI: done in 0.0846694 secs using 98.32% CPU
Optimizing NNI: done in 0.110893 secs using 98.62% CPU
Optimizing NNI: done in 0.102887 secs using 99.54% CPU
Optimizing NNI: done in 0.106858 secs using 97.69% CPU
Optimizing NNI: done in 0.0928219 secs using 99.55% CPU
Optimizing NNI: done in 0.0928627 secs using 96.28% CPU
Optimizing NNI: done in 0.115455 secs using 99.53% CPU
Optimizing NNI: done in 0.096631 secs using 99.53% CPU
Iteration 80 / LogL: -6561.224 / Time: 0h:0m:58s (0h:0m:9s left)
Optimizing NNI: done in 0.1044 secs using 97.61% CPU
Optimizing NNI: done in 0.09978 secs using 98.52% CPU
Optimizing NNI: done in 0.133637 secs using 98.78% CPU
Optimizing NNI: done in 0.129743 secs using 97.2% CPU
Optimizing NNI: done in 0.113559 secs using 97.73% CPU
Optimizing NNI: done in 0.0981683 secs using 98.45% CPU
Optimizing NNI: done in 0.129519 secs using 97.93% CPU
Optimizing NNI: done in 0.124065 secs using 99.48% CPU
Optimizing NNI: done in 0.102646 secs using 97.56% CPU
Optimizing NNI: done in 0.125831 secs using 98.69% CPU
Iteration 90 / LogL: -6554.699 / Time: 0h:0m:59s (0h:0m:8s left)
Optimizing NNI: done in 0.0924424 secs using 94.13% CPU
Optimizing NNI: done in 0.0986358 secs using 99.48% CPU
Optimizing NNI: done in 0.0999188 secs using 98.49% CPU
Optimizing NNI: done in 0.106872 secs using 99.46% CPU
Optimizing NNI: done in 0.107652 secs using 98.51% CPU
Optimizing NNI: done in 0.109579 secs using 98.56% CPU
Optimizing NNI: done in 0.0965159 secs using 97.41% CPU
Optimizing NNI: done in 0.0974266 secs using 99.44% CPU
Optimizing NNI: done in 0.0901809 secs using 99.39% CPU
Optimizing NNI: done in 0.0991907 secs using 98.39% CPU
Iteration 100 / LogL: -6554.232 / Time: 0h:1m:0s (0h:0m:7s left)
Log-likelihood cutoff on original alignment: -6581.599
NOTE: Bootstrap correlation coefficient of split occurrence frequencies: 0.997
Optimizing NNI: done in 0.10136 secs using 99.46% CPU
Optimizing NNI: done in 0.124848 secs using 97.85% CPU
Optimizing NNI: done in 0.122781 secs using 98.64% CPU
Optimizing NNI: done in 0.097236 secs using 99.4% CPU
Optimizing NNI: done in 0.11801 secs using 99.43% CPU
Optimizing NNI: done in 0.0844912 secs using 98.25% CPU
Optimizing NNI: done in 0.100944 secs using 98.49% CPU
Optimizing NNI: done in 0.0951046 secs using 98.39% CPU
Optimizing NNI: done in 0.135824 secs using 97.27% CPU
Optimizing NNI: done in 0.0967895 secs using 99.44% CPU
Iteration 110 / LogL: -6554.210 / Time: 0h:1m:2s (0h:0m:10s left)
Optimizing NNI: done in 0.0930366 secs using 98.42% CPU
Optimizing NNI: done in 0.07791 secs using 98.18% CPU
Optimizing NNI: done in 0.0844809 secs using 98.29% CPU
Optimizing NNI: done in 0.0862617 secs using 97.13% CPU
Optimizing NNI: done in 0.0953684 secs using 99.44% CPU
Optimizing NNI: done in 0.0778861 secs using 98.2% CPU
Optimizing NNI: done in 0.107325 secs using 99.48% CPU
Optimizing NNI: done in 0.110386 secs using 99.48% CPU
Optimizing NNI: done in 0.106527 secs using 97.59% CPU
Optimizing NNI: done in 0.113864 secs using 97.69% CPU
Iteration 120 / LogL: -6556.080 / Time: 0h:1m:3s (0h:0m:9s left)
Optimizing NNI: done in 0.115548 secs using 97.75% CPU
Optimizing NNI: done in 0.0972285 secs using 99.46% CPU
Optimizing NNI: done in 0.0804994 secs using 99.38% CPU
Optimizing NNI: done in 0.0810987 secs using 99.49% CPU
Optimizing NNI: done in 0.10848 secs using 98.44% CPU
Optimizing NNI: done in 0.101465 secs using 96.53% CPU
Optimizing NNI: done in 0.0878393 secs using 99.45% CPU
Optimizing NNI: done in 0.0866124 secs using 98.3% CPU
Optimizing NNI: done in 0.0920945 secs using 99.44% CPU
Optimizing NNI: done in 0.114078 secs using 97.69% CPU
Iteration 130 / LogL: -6554.212 / Time: 0h:1m:4s (0h:0m:7s left)
Optimizing NNI: done in 0.121976 secs using 97.03% CPU
Optimizing NNI: done in 0.106377 secs using 98.49% CPU
Optimizing NNI: done in 0.103221 secs using 97.46% CPU
Optimizing NNI: done in 0.116725 secs using 97.75% CPU
Optimizing NNI: done in 0.125431 secs using 98.68% CPU
Optimizing NNI: done in 0.101682 secs using 99.49% CPU
Optimizing NNI: done in 0.153916 secs using 98.18% CPU
Optimizing NNI: done in 0.101567 secs using 97.53% CPU
Optimizing NNI: done in 0.122913 secs using 98.62% CPU
Optimizing NNI: done in 0.113269 secs using 99.49% CPU
Iteration 140 / LogL: -6556.606 / Time: 0h:1m:5s (0h:0m:6s left)
Optimizing NNI: done in 0.104441 secs using 99.48% CPU
Optimizing NNI: done in 0.0995083 secs using 98.51% CPU
Optimizing NNI: done in 0.101028 secs using 99.52% CPU
Optimizing NNI: done in 0.0881355 secs using 96.13% CPU
Optimizing NNI: done in 0.129373 secs using 98.73% CPU
Optimizing NNI: done in 0.125389 secs using 97.94% CPU
Optimizing NNI: done in 0.10766 secs using 97.65% CPU
Optimizing NNI: done in 0.115859 secs using 96.96% CPU
Optimizing NNI: done in 0.111523 secs using 98.66% CPU
Optimizing NNI: done in 0.103699 secs using 99.48% CPU
Iteration 150 / LogL: -6554.210 / Time: 0h:1m:6s (0h:0m:5s left)
Log-likelihood cutoff on original alignment: -6581.597
Optimizing NNI: done in 0.0920257 secs using 99.5% CPU
Optimizing NNI: done in 0.106547 secs using 98.58% CPU
Optimizing NNI: done in 0.0914873 secs using 98.37% CPU
Optimizing NNI: done in 0.126034 secs using 98.68% CPU
Optimizing NNI: done in 0.128802 secs using 98.73% CPU
Optimizing NNI: done in 0.0809927 secs using 97.05% CPU
Optimizing NNI: done in 0.102133 secs using 99.54% CPU
Optimizing NNI: done in 0.121499 secs using 99.49% CPU
Optimizing NNI: done in 0.104166 secs using 98.58% CPU
Optimizing NNI: done in 0.121463 secs using 99.54% CPU
Iteration 160 / LogL: -6555.875 / Time: 0h:1m:7s (0h:0m:4s left)
Optimizing NNI: done in 0.0986017 secs using 98.53% CPU
Optimizing NNI: done in 0.0863228 secs using 99.49% CPU
Optimizing NNI: done in 0.104766 secs using 97.58% CPU
Optimizing NNI: done in 0.0993774 secs using 99.49% CPU
Optimizing NNI: done in 0.112823 secs using 99.49% CPU
Optimizing NNI: done in 0.0869619 secs using 97.25% CPU
Optimizing NNI: done in 0.0986024 secs using 99.48% CPU
TREE SEARCH COMPLETED AFTER 167 ITERATIONS / Time: 0h:1m:8s

--------------------------------------------------------------------
|                    FINALIZING TREE SEARCH                        |
--------------------------------------------------------------------
Performs final model parameters optimization
Estimate model parameters (epsilon = 0.010)
1. Initial log-likelihood: -6554.209
Optimal log-likelihood: -6554.209
Rate parameters:  A-C: 0.80791  A-G: 3.68954  A-T: 1.00000  C-G: 0.80791  C-T: 3.68954  G-T: 1.00000
Base frequencies:  A: 0.278  C: 0.200  G: 0.284  T: 0.237
Gamma shape alpha: 0.484
Parameters optimization took 1 rounds (0.012 sec)
BEST SCORE FOUND : -6554.209
Creating bootstrap support values...
Split supports printed to NEXUS file results_moss_new/07_phylogeny/All/G4989.splits.nex
Total tree length: 2.604

Total number of iterations: 167
CPU time used for tree search: 18.369 sec (0h:0m:18s)
Wall-clock time used for tree search: 18.692 sec (0h:0m:18s)
Total CPU time used: 71.062 sec (0h:1m:11s)
Total wall-clock time used: 68.501 sec (0h:1m:8s)

Computing bootstrap consensus tree...
Reading input file results_moss_new/07_phylogeny/All/G4989.splits.nex...
63 taxa and 710 splits.
Consensus tree written to results_moss_new/07_phylogeny/All/G4989.contree
Reading input trees file results_moss_new/07_phylogeny/All/G4989.contree
Log-likelihood of consensus tree: -6554.312

Analysis results written to: 
  IQ-TREE report:                results_moss_new/07_phylogeny/All/G4989.iqtree
  Maximum-likelihood tree:       results_moss_new/07_phylogeny/All/G4989.treefile
  Likelihood distances:          results_moss_new/07_phylogeny/All/G4989.mldist

Ultrafast bootstrap approximation results written to:
  Split support values:          results_moss_new/07_phylogeny/All/G4989.splits.nex
  Consensus tree:                results_moss_new/07_phylogeny/All/G4989.contree
  Screen log file:               results_moss_new/07_phylogeny/All/G4989.log

Date and Time: Fri Jun 12 00:47:53 2026
