IQ-TREE version 3.0.1 for Linux x86 64-bit built Jul  9 2025
Developed by Bui Quang Minh, Thomas Wong, Nhan Ly-Trong, Huaiyan Ren
Contributed by Lam-Tung Nguyen, Dominik Schrempf, Chris Bielow,
Olga Chernomor, Michael Woodhams, Diep Thi Hoang, Heiko Schmidt

Host:    c0710a-s4.ufhpc (AVX2, FMA3, 503 GB RAM)
Command: iqtree -s results_moss_new/06_alignment/All/trimmed/G5463.trimmed.aln --prefix results_moss_new/07_phylogeny/All/G5463 -m MFP -B 1000 -T AUTO
Seed:    5075 (Using SPRNG - Scalable Parallel Random Number Generator)
Time:    Fri Jun 12 11:36:15 2026
Kernel:  AVX+FMA - auto-detect threads (8 CPU cores detected)

Reading alignment file results_moss_new/06_alignment/All/trimmed/G5463.trimmed.aln ... Fasta format detected
Reading fasta file: done in 0.000975563 secs using 74.93% CPU
Alignment most likely contains DNA/RNA sequences
Constructing alignment: done in 0.000807259 secs using 99.35% CPU
Alignment has 75 sequences with 1092 columns, 937 distinct patterns
818 parsimony-informative, 95 singleton sites, 179 constant sites
                  Gap/Ambiguity  Composition  p-value
Analyzing sequences: done in 0.00012283 secs using 99.32% CPU
   1  S0015_G5463_R1_A    7.69%    passed     17.23%
   2  S0015_G5463_R2_A   12.55%    passed     17.57%
   3  S0034_G5463_R1_A   10.90%    failed      3.23%
   4  S0027_G5463_R1_A   13.74%    passed     24.35%
   5  S0008_G5463_R1_A   10.44%    passed     91.04%
   6  S0010_G5463_R1_A    9.89%    failed      0.49%
   7  S0009_G5463_R1_A    9.89%    failed      0.96%
   8  S0009_G5463_R2_A   15.20%    failed      1.70%
   9  S0010_G5463_R2_A   15.20%    failed      0.89%
  10  S0014_G5463_R1_A    9.89%    failed      0.81%
  11  S0039_G5463_R1_A   20.79%    failed      1.07%
  12  S0051_G5463_R1_A   26.65%    failed      0.11%
  13  S0030_G5463_R1_A    1.01%    passed     91.80%
  14  S0030_G5463_R2_A    9.43%    passed     91.99%
  15  S0016_G5463_R1_A    1.19%    passed     79.37%
  16  S0037_G5463_R1_A    1.37%    passed     35.90%
  17  S0031_G5463_R1_A    2.38%    passed     84.39%
  18  S0004_G5463_R1_A    0.73%    passed     95.80%
  19  S0004_G5463_R2_A   11.72%    passed     91.04%
  20  S0021_G5463_R1_A    1.28%    passed     97.64%
  21  S0021_G5463_R2_A   11.81%    passed     93.91%
  22  S0018_G5463_R1_A    0.64%    passed     95.84%
  23  S0023_G5463_R1_A    0.73%    passed     99.21%
  24  S0019_G5463_R1_A    1.74%    passed     91.81%
  25  S0022_G5463_R1_A    1.37%    passed     92.37%
  26  S0022_G5463_R2_A   11.36%    passed     96.65%
  27  S0028_G5463_R2_A   11.90%    passed     91.19%
  28  S0028_G5463_R1_A    1.83%    passed     83.23%
  29  S0050_G5463_R1_A    1.56%    passed     52.61%
  30  S0019_G5463_R2_A    9.07%    passed     98.32%
  31  S0048_G5463_R1_A    1.74%    passed     67.81%
  32  S0048_G5463_R2_A   12.00%    passed     98.33%
  33  S0026_G5463_R1_A    0.92%    passed     93.87%
  34  S0026_G5463_R2_A    7.97%    passed     98.65%
  35  S0036_G5463_R1_A    1.47%    passed     94.12%
  36  S0020_G5463_R1_A    0.82%    passed     96.61%
  37  S0020_G5463_R2_A   11.72%    passed     81.36%
  38  S0036_G5463_R2_A    9.62%    passed     97.57%
  39  S0011_G5463_R1_A    0.64%    passed     96.63%
  40  S0002_G5463_R1_A    0.82%    passed     98.19%
  41  S0002_G5463_R2_A   11.26%    passed     79.22%
  42  S0046_G5463_R1_A    1.37%    passed     89.95%
  43  S0013_G5463_R1_A    0.82%    passed     88.69%
  44  S0017_G5463_R1_A    1.28%    passed     92.33%
  45  S0012_G5463_R2_A   10.99%    passed     45.56%
  46  S0012_G5463_R1_A    1.19%    passed     48.64%
  47  S0035_G5463_R1_A    4.30%    passed     10.30%
  48  S0035_G5463_R2_A    9.07%    passed      8.74%
  49  S0033_G5463_R1_A   12.73%    passed     26.33%
  50  S0005_G5463_R1_A    4.12%    passed     65.81%
  51  S0005_G5463_R2_A    9.98%    passed     67.69%
  52  S0025_G5463_R1_U   25.00%    failed      1.91%
  53  S0029_G5463_R1_U   25.55%    failed      2.21%
  54  S0001_G5463_R1_A   26.92%    failed      2.51%
  55  S0024_G5463_R1_A   28.57%    passed     16.32%
  56  S0032_G5463_R1_N   28.94%    passed      7.87%
  57  S0049_G5463_R1_A   12.91%    passed      6.46%
  58  S0027_G5463_R3_A   24.63%    failed      0.10%
  59  S0027_G5463_R9_A   24.82%    failed      0.24%
  60  S0027_G5463_R4_A   25.46%    failed      0.16%
  61  S0027_G5463_R8_A   25.09%    failed      0.61%
  62  S0027_G5463_R5_A   23.99%    failed      0.08%
  63  S0027_G5463_R7_A   50.46%    passed     13.42%
  64  S0032_G5463_R3_N   71.15%    failed      0.13%
  65  S0045_G5463_R1_A   12.09%    passed     47.54%
  66  S0042_G5463_R1_N   11.72%    passed     47.45%
  67  S0041_G5463_R1_N   11.63%    passed     36.24%
  68  S0038_G5463_R1_A   11.72%    passed     40.03%
  69  S0043_G5463_R1_N   11.54%    passed     64.77%
  70  S0047_G5463_R1_N   11.54%    passed     63.16%
  71  S0044_G5463_R1_N   11.54%    passed     13.81%
  72  S0040_G5463_R1_N   11.81%    passed     46.10%
  73  S0045_G5463_R3_A   23.81%    passed      5.12%
  74  S0045_G5463_R4_A   24.73%    failed      0.14%
  75  S0003_G5463_R1_N   28.94%    passed     26.51%
WARNING: 2 sequences contain more than 50% gaps/ambiguity
****  TOTAL              12.31%  18 sequences failed composition chi2 test (p-value<5%; df=3)
Checking for duplicate sequences: done in 0.000166561 secs using 97.86% CPU


Create initial parsimony tree by phylogenetic likelihood library (PLL)... 0.020 seconds
Measuring multi-threading efficiency up to 8 CPU cores
Increase to 10 rounds for branch lengths
87 trees examined
Threads: 1 / Time: 8.038 sec / Speedup: 1.000 / Efficiency: 100% / LogL: -33298
Threads: 2 / Time: 34.489 sec / Speedup: 0.233 / Efficiency: 12% / LogL: -33298
Determining AUTO threadcount: done in 42.5278 secs using 104.1% CPU
BEST NUMBER OF THREADS: 1

Perform fast likelihood tree search using GTR+I+G model...
Estimate model parameters (epsilon = 5.000)
Perform nearest neighbor interchange...
Optimizing NNI: done in 0.138598 secs using 98.13% CPU
Estimate model parameters (epsilon = 1.000)
1. Initial log-likelihood: -15879.337
Optimal log-likelihood: -15879.209
Rate parameters:  A-C: 1.10827  A-G: 3.00823  A-T: 1.00710  C-G: 1.18126  C-T: 4.04589  G-T: 1.00000
Base frequencies:  A: 0.256  C: 0.190  G: 0.265  T: 0.289
Proportion of invariable sites: 0.083
Gamma shape alpha: 2.022
Parameters optimization took 1 rounds (0.055 sec)
Time for fast ML tree search: 0.514 seconds

NOTE: ModelFinder requires 26 MB RAM!
ModelFinder will test up to 968 DNA models (sample size: 1092 epsilon: 0.100) ...
 No. Model         -LnL         df  AIC          AICc         BIC
  1  JC            16693.661    147 33681.322    33727.415    34415.699
  2  JC+I          16474.474    148 33244.949    33291.719    33984.322
  3  JC+G4         16362.995    148 33021.990    33068.759    33761.363
  4  JC+I+G4       16349.698    149 32997.395    33044.848    33741.765
  5  JC+R2         16381.089    149 33060.179    33107.631    33804.548
  6  JC+R3         16352.925    151 33007.851    33056.685    33762.212
  7  JC+R4         16352.592    153 33011.183    33061.422    33775.536
 14  JC+I+R2       16353.313    150 33006.626    33054.766    33755.991
 15  JC+I+R3       16349.107    152 33002.214    33051.747    33761.570
 26  JC+I+G4       16349.698    149 32997.395    33044.848    33741.765
 48  F81+I+G4      16349.678    149 32997.355    33044.807    33741.724
 70  F81+F+I+G4    16327.033    152 32958.066    33007.600    33717.423
 92  K2P+I+G4      15935.185    150 32170.370    32218.511    32919.735
114  K2P+I+G4      15935.185    150 32170.370    32218.511    32919.735
136  HKY+I+G4      15935.183    150 32170.367    32218.507    32919.732
158  HKY+F+I+G4    15892.282    153 32090.563    32140.802    32854.916
180  TNe+I+G4      15932.990    151 32167.980    32216.814    32922.341
202  TNe+I+G4      15932.990    151 32167.980    32216.814    32922.341
224  TN+I+G4       15932.989    151 32167.979    32216.813    32922.339
246  TN+F+I+G4     15881.037    154 32070.074    32121.024    32839.422
268  K3P+I+G4      15935.141    151 32172.281    32221.115    32926.642
290  K3P+I+G4      15935.141    151 32172.281    32221.115    32926.642
312  K3Pu+I+G4     15935.141    151 32172.281    32221.115    32926.642
334  K3Pu+F+I+G4   15892.115    154 32092.229    32143.179    32861.577
356  TPM2+I+G4     15934.912    151 32171.823    32220.657    32926.184
378  TPM2+I+G4     15934.912    151 32171.823    32220.657    32926.184
400  TPM2u+I+G4    15934.911    151 32171.823    32220.657    32926.184
422  TPM2u+F+I+G4  15892.233    154 32092.466    32143.416    32861.814
444  TPM3+I+G4     15930.775    151 32163.551    32212.385    32917.911
466  TPM3+I+G4     15930.775    151 32163.551    32212.385    32917.911
488  TPM3u+I+G4    15930.775    151 32163.550    32212.384    32917.911
510  TPM3u+F+I+G4  15890.736    154 32089.473    32140.422    32858.821
532  TIMe+I+G4     15932.949    152 32169.898    32219.431    32929.254
554  TIMe+I+G4     15932.949    152 32169.898    32219.431    32929.254
576  TIM+I+G4      15932.948    152 32169.895    32219.429    32929.252
598  TIM+F+I+G4    15880.867    155 32071.735    32123.402    32846.079
620  TIM2e+I+G4    15932.721    152 32169.443    32218.977    32928.799
642  TIM2e+I+G4    15932.721    152 32169.443    32218.977    32928.799
664  TIM2+I+G4     15932.720    152 32169.439    32218.973    32928.796
686  TIM2+F+I+G4   15880.978    155 32071.956    32123.623    32846.300
708  TIM3e+I+G4    15928.406    152 32160.812    32210.346    32920.169
730  TIM3e+I+G4    15928.406    152 32160.812    32210.346    32920.169
752  TIM3+I+G4     15928.404    152 32160.809    32210.342    32920.165
774  TIM3+F+I+G4   15879.376    155 32068.752    32120.419    32843.096
796  TVMe+I+G4     15930.399    153 32166.799    32217.038    32931.151
818  TVMe+I+G4     15930.399    153 32166.799    32217.038    32931.151
840  TVM+I+G4      15930.396    153 32166.793    32217.032    32931.145
862  TVM+F+I+G4    15890.505    156 32093.010    32145.399    32872.349
884  SYM+I+G4      15928.035    154 32164.070    32215.020    32933.418
906  SYM+I+G4      15928.035    154 32164.070    32215.020    32933.418
928  GTR+I+G4      15928.034    154 32164.068    32215.018    32933.416
950  GTR+F+I+G4    15879.140    157 32072.281    32125.399    32856.616
Akaike Information Criterion:           TIM3+F+I+G4
Corrected Akaike Information Criterion: TIM3+F+I+G4
Bayesian Information Criterion:         TN+F+I+G4
Best-fit model: TN+F+I+G4 chosen according to BIC

All model information printed to results_moss_new/07_phylogeny/All/G5463.model.gz
CPU time for ModelFinder: 51.619 seconds (0h:0m:51s)
Wall-clock time for ModelFinder: 49.956 seconds (0h:0m:49s)
Generating 1000 samples for ultrafast bootstrap (seed: 5075)...

NOTE: 12 MB RAM (0 GB) is required!
Estimate model parameters (epsilon = 0.100)
Thoroughly optimizing +I+G parameters from 10 start values...
Init pinv, alpha: 0.000, 2.097 / Estimate: 0.000, 1.321 / LogL: -15892.758
Init pinv, alpha: 0.018, 2.097 / Estimate: 0.084, 2.029 / LogL: -15881.112
Init pinv, alpha: 0.036, 2.097 / Estimate: 0.083, 2.026 / LogL: -15881.121
Init pinv, alpha: 0.055, 2.097 / Estimate: 0.084, 2.033 / LogL: -15881.106
Init pinv, alpha: 0.073, 2.097 / Estimate: 0.085, 2.041 / LogL: -15881.090
Init pinv, alpha: 0.091, 2.097 / Estimate: 0.091, 2.114 / LogL: -15881.035
Init pinv, alpha: 0.109, 2.097 / Estimate: 0.095, 2.167 / LogL: -15881.098
Init pinv, alpha: 0.127, 2.097 / Estimate: 0.095, 2.169 / LogL: -15881.102
Init pinv, alpha: 0.146, 2.097 / Estimate: 0.094, 2.157 / LogL: -15881.083
Init pinv, alpha: 0.164, 2.097 / Estimate: 0.094, 2.165 / LogL: -15881.097
Optimal pinv,alpha: 0.091, 2.114 / LogL: -15881.035

Parameters optimization took 2.510 sec
Wrote distance file to... 
Computing ML distances based on estimated model parameters...
Calculating distance matrix: done in 0.0152025 secs using 99.58% CPU
Computing ML distances took 0.015412 sec (of wall-clock time) 0.015348 sec (of CPU time)
Setting up auxiliary I and S matrices: done in 0.000121417 secs using 99.66% CPU
Constructing RapidNJ tree: done in 0.000280054 secs using 99.27% CPU
Computing RapidNJ tree took 0.000417 sec (of wall-clock time) 0.000415 sec (of CPU time)
Log-likelihood of RapidNJ tree: -15953.416
--------------------------------------------------------------------
|             INITIALIZING CANDIDATE TREE SET                      |
--------------------------------------------------------------------
Generating 98 parsimony trees... 0.752 second
Computing log-likelihood of 98 initial trees ... 1.087 seconds
Current best score: -15881.035

Do NNI search on 20 best initial trees
Optimizing NNI: done in 0.0602758 secs using 99.65% CPU
Estimate model parameters (epsilon = 0.100)
BETTER TREE FOUND at iteration 1: -15881.034
Optimizing NNI: done in 0.192314 secs using 98.38% CPU
Estimate model parameters (epsilon = 0.100)
BETTER TREE FOUND at iteration 2: -15873.374
Optimizing NNI: done in 0.175462 secs using 99.59% CPU
Estimate model parameters (epsilon = 0.100)
BETTER TREE FOUND at iteration 3: -15873.298
Optimizing NNI: done in 0.158936 secs using 99.53% CPU
Optimizing NNI: done in 0.167075 secs using 99.12% CPU
Estimate model parameters (epsilon = 0.100)
BETTER TREE FOUND at iteration 5: -15872.200
Optimizing NNI: done in 0.179723 secs using 99.45% CPU
Optimizing NNI: done in 0.16917 secs using 99.54% CPU
Optimizing NNI: done in 0.176129 secs using 99.67% CPU
Estimate model parameters (epsilon = 0.100)
BETTER TREE FOUND at iteration 8: -15870.193
Optimizing NNI: done in 0.188831 secs using 99.6% CPU
Optimizing NNI: done in 0.214854 secs using 99.23% CPU
Iteration 10 / LogL: -15875.670 / Time: 0h:0m:56s
Optimizing NNI: done in 0.180053 secs using 99.68% CPU
Optimizing NNI: done in 0.153409 secs using 99.64% CPU
Optimizing NNI: done in 0.15051 secs using 99.02% CPU
Optimizing NNI: done in 0.268601 secs using 99.64% CPU
Optimizing NNI: done in 0.188164 secs using 98.61% CPU
Optimizing NNI: done in 0.196822 secs using 98.15% CPU
Optimizing NNI: done in 0.187351 secs using 99.55% CPU
Optimizing NNI: done in 0.219642 secs using 98.54% CPU
Optimizing NNI: done in 0.162666 secs using 99.33% CPU
Optimizing NNI: done in 0.176565 secs using 99.48% CPU
Iteration 20 / LogL: -15872.563 / Time: 0h:0m:58s
Finish initializing candidate tree set (15)
Current best tree score: -15870.193 / CPU time: 5.633
Number of iterations: 20
--------------------------------------------------------------------
|               OPTIMIZING CANDIDATE TREE SET                      |
--------------------------------------------------------------------
Optimizing NNI: done in 0.27414 secs using 98.41% CPU
Optimizing NNI: done in 0.31692 secs using 99.28% CPU
Optimizing NNI: done in 0.359235 secs using 99.33% CPU
Optimizing NNI: done in 0.247244 secs using 98.7% CPU
Optimizing NNI: done in 0.2705 secs using 98.46% CPU
Optimizing NNI: done in 0.260733 secs using 98.81% CPU
Optimizing NNI: done in 0.302867 secs using 98.61% CPU
Estimate model parameters (epsilon = 0.100)
BETTER TREE FOUND at iteration 27: -15868.591
Optimizing NNI: done in 0.276719 secs using 99.2% CPU
Optimizing NNI: done in 0.27408 secs using 99.54% CPU
Optimizing NNI: done in 0.305724 secs using 99.24% CPU
Iteration 30 / LogL: -15873.591 / Time: 0h:1m:1s (0h:0m:37s left)
Optimizing NNI: done in 0.305947 secs using 98.7% CPU
Optimizing NNI: done in 0.294869 secs using 98.87% CPU
Optimizing NNI: done in 0.230511 secs using 99.12% CPU
Optimizing NNI: done in 0.261259 secs using 99.15% CPU
Optimizing NNI: done in 0.247692 secs using 99.25% CPU
Optimizing NNI: done in 0.211894 secs using 99.1% CPU
Optimizing NNI: done in 0.315781 secs using 98.92% CPU
Optimizing NNI: done in 0.273727 secs using 98.81% CPU
Optimizing NNI: done in 0.287566 secs using 98.96% CPU
Optimizing NNI: done in 0.23435 secs using 98.31% CPU
Iteration 40 / LogL: -15868.714 / Time: 0h:1m:3s (0h:0m:31s left)
Optimizing NNI: done in 0.275373 secs using 98.44% CPU
Optimizing NNI: done in 0.319342 secs using 99.09% CPU
Optimizing NNI: done in 0.290479 secs using 99.71% CPU
Optimizing NNI: done in 0.285266 secs using 99.33% CPU
Optimizing NNI: done in 0.252365 secs using 99.63% CPU
Optimizing NNI: done in 0.380633 secs using 98.69% CPU
Optimizing NNI: done in 0.259467 secs using 98.9% CPU
Optimizing NNI: done in 0.337539 secs using 98.55% CPU
Optimizing NNI: done in 0.224452 secs using 99.61% CPU
Optimizing NNI: done in 0.246901 secs using 99.18% CPU
Iteration 50 / LogL: -15906.443 / Time: 0h:1m:6s (0h:0m:26s left)
Log-likelihood cutoff on original alignment: -15928.038
Optimizing NNI: done in 0.294633 secs using 98.57% CPU
Optimizing NNI: done in 0.325683 secs using 98.63% CPU
Optimizing NNI: done in 0.30862 secs using 98.83% CPU
Optimizing NNI: done in 0.282289 secs using 99.19% CPU
Optimizing NNI: done in 0.235208 secs using 99.16% CPU
Optimizing NNI: done in 0.251466 secs using 98.89% CPU
Optimizing NNI: done in 0.250581 secs using 98.87% CPU
Optimizing NNI: done in 0.318394 secs using 99.32% CPU
Optimizing NNI: done in 0.284509 secs using 99.27% CPU
Optimizing NNI: done in 0.332829 secs using 99.61% CPU
Iteration 60 / LogL: -15871.401 / Time: 0h:1m:9s (0h:0m:22s left)
Optimizing NNI: done in 0.263882 secs using 99.59% CPU
Optimizing NNI: done in 0.245389 secs using 99.29% CPU
Optimizing NNI: done in 0.233475 secs using 99.6% CPU
Optimizing NNI: done in 0.28864 secs using 99.31% CPU
Optimizing NNI: done in 0.279548 secs using 98.55% CPU
Optimizing NNI: done in 0.250843 secs using 98.81% CPU
Optimizing NNI: done in 0.23666 secs using 99.49% CPU
Optimizing NNI: done in 0.305644 secs using 99.28% CPU
Optimizing NNI: done in 0.249994 secs using 99.04% CPU
Optimizing NNI: done in 0.26762 secs using 98.77% CPU
Iteration 70 / LogL: -15868.968 / Time: 0h:1m:12s (0h:0m:18s left)
Optimizing NNI: done in 0.302517 secs using 98.63% CPU
Optimizing NNI: done in 0.259089 secs using 98.39% CPU
Optimizing NNI: done in 0.248379 secs using 98.73% CPU
Optimizing NNI: done in 0.255276 secs using 99.11% CPU
Optimizing NNI: done in 0.301099 secs using 98.3% CPU
Optimizing NNI: done in 0.26473 secs using 99.12% CPU
Optimizing NNI: done in 0.284744 secs using 97.38% CPU
Optimizing NNI: done in 0.367249 secs using 99.22% CPU
Optimizing NNI: done in 0.270862 secs using 99.16% CPU
Optimizing NNI: done in 0.235002 secs using 99.5% CPU
Iteration 80 / LogL: -15871.795 / Time: 0h:1m:15s (0h:0m:15s left)
Optimizing NNI: done in 0.304172 secs using 98.92% CPU
Optimizing NNI: done in 0.28078 secs using 98.13% CPU
Optimizing NNI: done in 0.272411 secs using 98.76% CPU
Optimizing NNI: done in 0.330706 secs using 97.98% CPU
Optimizing NNI: done in 0.254886 secs using 99.49% CPU
Optimizing NNI: done in 0.227356 secs using 99% CPU
Optimizing NNI: done in 0.226749 secs using 98.9% CPU
Optimizing NNI: done in 0.287403 secs using 98.7% CPU
Optimizing NNI: done in 0.229881 secs using 99.05% CPU
Optimizing NNI: done in 0.156334 secs using 99.51% CPU
Iteration 90 / LogL: -15925.453 / Time: 0h:1m:17s (0h:0m:11s left)
Optimizing NNI: done in 0.24624 secs using 98.41% CPU
Optimizing NNI: done in 0.249095 secs using 99.58% CPU
Optimizing NNI: done in 0.327883 secs using 98.73% CPU
Optimizing NNI: done in 0.256525 secs using 98.83% CPU
Optimizing NNI: done in 0.264145 secs using 98.47% CPU
Optimizing NNI: done in 0.315632 secs using 99.52% CPU
Optimizing NNI: done in 0.269017 secs using 99.14% CPU
Optimizing NNI: done in 0.27834 secs using 99.54% CPU
Optimizing NNI: done in 0.243901 secs using 99.12% CPU
Optimizing NNI: done in 0.325679 secs using 99.18% CPU
Iteration 100 / LogL: -15873.973 / Time: 0h:1m:20s (0h:0m:8s left)
Log-likelihood cutoff on original alignment: -15928.038
NOTE: Bootstrap correlation coefficient of split occurrence frequencies: 0.994
Optimizing NNI: done in 0.314987 secs using 98.88% CPU
Optimizing NNI: done in 0.298235 secs using 97.33% CPU
Optimizing NNI: done in 0.274404 secs using 97.38% CPU
Optimizing NNI: done in 0.27008 secs using 98.79% CPU
Optimizing NNI: done in 0.377862 secs using 99.39% CPU
Optimizing NNI: done in 0.289424 secs using 99.28% CPU
Optimizing NNI: done in 0.270954 secs using 98.54% CPU
Optimizing NNI: done in 0.274413 secs using 98.82% CPU
Optimizing NNI: done in 0.32266 secs using 99.48% CPU
Optimizing NNI: done in 0.37825 secs using 98.57% CPU
Iteration 110 / LogL: -15889.496 / Time: 0h:1m:24s (0h:0m:28s left)
Optimizing NNI: done in 0.255376 secs using 98.41% CPU
Optimizing NNI: done in 0.240593 secs using 99.25% CPU
Optimizing NNI: done in 0.239336 secs using 99.59% CPU
Optimizing NNI: done in 0.249758 secs using 99.5% CPU
Optimizing NNI: done in 0.236656 secs using 99% CPU
Optimizing NNI: done in 0.257505 secs using 98.75% CPU
Optimizing NNI: done in 0.293243 secs using 98.92% CPU
Optimizing NNI: done in 0.194173 secs using 99.06% CPU
Optimizing NNI: done in 0.276529 secs using 98.79% CPU
Optimizing NNI: done in 0.298772 secs using 98.88% CPU
Iteration 120 / LogL: -15871.439 / Time: 0h:1m:26s (0h:0m:24s left)
Optimizing NNI: done in 0.261279 secs using 97.96% CPU
Optimizing NNI: done in 0.225882 secs using 98.63% CPU
Optimizing NNI: done in 0.261773 secs using 98.77% CPU
Optimizing NNI: done in 0.279838 secs using 99.24% CPU
Optimizing NNI: done in 0.247217 secs using 99.55% CPU
Optimizing NNI: done in 0.290224 secs using 99.26% CPU
Optimizing NNI: done in 0.195941 secs using 99.07% CPU
Optimizing NNI: done in 0.272408 secs using 99.21% CPU
TREE SEARCH COMPLETED AFTER 128 ITERATIONS / Time: 0h:1m:28s

--------------------------------------------------------------------
|                    FINALIZING TREE SEARCH                        |
--------------------------------------------------------------------
Performs final model parameters optimization
Estimate model parameters (epsilon = 0.010)
1. Initial log-likelihood: -15868.591
Optimal log-likelihood: -15868.590
Rate parameters:  A-C: 1.00000  A-G: 2.82511  A-T: 1.00000  C-G: 1.00000  C-T: 3.83036  G-T: 1.00000
Base frequencies:  A: 0.256  C: 0.190  G: 0.265  T: 0.289
Proportion of invariable sites: 0.089
Gamma shape alpha: 2.082
Parameters optimization took 1 rounds (0.036 sec)
BEST SCORE FOUND : -15868.590
Creating bootstrap support values...
Split supports printed to NEXUS file results_moss_new/07_phylogeny/All/G5463.splits.nex
Total tree length: 4.966

Total number of iterations: 128
CPU time used for tree search: 35.741 sec (0h:0m:35s)
Wall-clock time used for tree search: 36.110 sec (0h:0m:36s)
Total CPU time used: 90.102 sec (0h:1m:30s)
Total wall-clock time used: 88.831 sec (0h:1m:28s)

Computing bootstrap consensus tree...
Reading input file results_moss_new/07_phylogeny/All/G5463.splits.nex...
75 taxa and 441 splits.
Consensus tree written to results_moss_new/07_phylogeny/All/G5463.contree
Reading input trees file results_moss_new/07_phylogeny/All/G5463.contree
Log-likelihood of consensus tree: -15868.701

Analysis results written to: 
  IQ-TREE report:                results_moss_new/07_phylogeny/All/G5463.iqtree
  Maximum-likelihood tree:       results_moss_new/07_phylogeny/All/G5463.treefile
  Likelihood distances:          results_moss_new/07_phylogeny/All/G5463.mldist

Ultrafast bootstrap approximation results written to:
  Split support values:          results_moss_new/07_phylogeny/All/G5463.splits.nex
  Consensus tree:                results_moss_new/07_phylogeny/All/G5463.contree
  Screen log file:               results_moss_new/07_phylogeny/All/G5463.log

Date and Time: Fri Jun 12 11:37:43 2026
