IQ-TREE version 3.0.1 for Linux x86 64-bit built Jul  9 2025
Developed by Bui Quang Minh, Thomas Wong, Nhan Ly-Trong, Huaiyan Ren
Contributed by Lam-Tung Nguyen, Dominik Schrempf, Chris Bielow,
Olga Chernomor, Michael Woodhams, Diep Thi Hoang, Heiko Schmidt

Host:    c0710a-s4.ufhpc (AVX2, FMA3, 503 GB RAM)
Command: iqtree -s results_moss_new/06_alignment/All/trimmed/G5596.trimmed.aln --prefix results_moss_new/07_phylogeny/All/G5596 -m MFP -B 1000 -T AUTO
Seed:    915744 (Using SPRNG - Scalable Parallel Random Number Generator)
Time:    Fri Jun 12 11:36:14 2026
Kernel:  AVX+FMA - auto-detect threads (8 CPU cores detected)

Reading alignment file results_moss_new/06_alignment/All/trimmed/G5596.trimmed.aln ... Fasta format detected
Reading fasta file: done in 0.00028361 secs using 33.5% CPU
Alignment most likely contains DNA/RNA sequences
Constructing alignment: done in 0.000204161 secs using 33.31% CPU
Alignment has 69 sequences with 274 columns, 274 distinct patterns
266 parsimony-informative, 6 singleton sites, 2 constant sites
                  Gap/Ambiguity  Composition  p-value
Analyzing sequences: done in 4.35819e-05 secs using 82.6% CPU
   1  S0034_G5596_R1_A    1.46%    failed      2.66%
   2  S0014_G5596_R1_A    0.36%    passed     29.73%
   3  S0039_G5596_R1_A    0.36%    passed     50.52%
   4  S0051_G5596_R1_A    0.36%    passed     50.52%
   5  S0010_G5596_R2_A    0.36%    failed      0.18%
   6  S0036_G5596_R1_U    0.36%    passed     98.59%
   7  S0048_G5596_R1_A    0.36%    passed     96.93%
   8  S0050_G5596_R1_A    0.36%    passed     96.93%
   9  S0020_G5596_R1_U    0.36%    passed     96.92%
  10  S0019_G5596_R1_A    0.36%    passed     95.77%
  11  S0031_G5596_R1_A    0.36%    passed     84.39%
  12  S0016_G5596_R1_A    0.36%    passed     98.38%
  13  S0028_G5596_R1_A    0.36%    passed     96.12%
  14  S0030_G5596_R1_A    0.36%    passed     98.88%
  15  S0002_G5596_R1_A    2.19%    passed     99.94%
  16  S0004_G5596_R1_A    0.36%    passed     91.57%
  17  S0046_G5596_R1_A    0.73%    passed     99.25%
  18  S0022_G5596_R1_A    0.73%    passed     88.02%
  19  S0018_G5596_R1_U    0.36%    passed     89.85%
  20  S0013_G5596_R1_A    0.36%    passed     98.05%
  21  S0026_G5596_R1_A    0.36%    passed     96.92%
  22  S0011_G5596_R1_A    0.36%    passed     98.59%
  23  S0037_G5596_R1_A    0.36%    passed     99.42%
  24  S0017_G5596_R1_U    0.36%    passed     98.01%
  25  S0012_G5596_R1_A    0.36%    passed     96.77%
  26  S0021_G5596_R1_A    0.36%    passed     90.26%
  27  S0021_G5596_R2_A    0.36%    passed     85.71%
  28  S0023_G5596_R1_A    0.36%    passed     93.68%
  29  S0033_G5596_R1_A    0.36%    passed     96.92%
  30  S0008_G5596_R1_A    0.36%    passed     73.40%
  31  S0035_G5596_R1_A    0.36%    passed     96.98%
  32  S0035_G5596_R3_A    0.36%    passed     96.98%
  33  S0035_G5596_R2_A    0.36%    passed     96.12%
  34  S0027_G5596_R1_A    0.36%    passed     88.81%
  35  S0015_G5596_R1_A    4.01%    passed     69.52%
  36  S0009_G5596_R1_A    0.36%    passed     77.16%
  37  S0010_G5596_R1_A    0.36%    passed     78.16%
  38  S0005_G5596_R1_A    4.01%    passed     98.09%
  39  S0009_G5596_R2_U    0.36%    passed     65.48%
  40  S0049_G5596_R1_A    5.84%    passed      8.18%
  41  S0001_G5596_R2_A    3.65%    passed     71.50%
  42  S0032_G5596_R3_N    0.36%    passed     61.95%
  43  S0032_G5596_R4_N    0.36%    passed     67.73%
  44  S0025_G5596_R2_A    2.19%    passed     68.63%
  45  S0029_G5596_R2_A    2.19%    passed     79.50%
  46  S0035_G5596_R4_A    0.36%    passed     65.95%
  47  S0003_G5596_R1_N    9.85%    passed     89.77%
  48  S0003_G5596_R2_N    6.20%    passed     44.23%
  49  S0009_G5596_R4_A    0.36%    passed      8.81%
  50  S0009_G5596_R3_A    0.36%    passed     43.62%
  51  S0010_G5596_R4_V    0.36%    passed     43.62%
  52  S0010_G5596_R3_A    0.36%    passed     43.62%
  53  S0015_G5596_R2_A    0.36%    passed     52.55%
  54  S0006_G5596_R1_A    1.46%    passed     85.93%
  55  S0038_G5596_R1_A    0.36%    passed     96.31%
  56  S0042_G5596_R1_N    0.36%    passed     98.25%
  57  S0040_G5596_R1_N    0.36%    passed     98.48%
  58  S0041_G5596_R1_N    0.36%    passed     99.18%
  59  S0043_G5596_R1_N    0.36%    passed     99.82%
  60  S0047_G5596_R1_N    0.73%    passed     99.82%
  61  S0044_G5596_R1_N    0.36%    passed     97.84%
  62  S0045_G5596_R1_A    0.36%    passed     99.31%
  63  S0043_G5596_R2_N    0.36%    passed     99.18%
  64  S0001_G5596_R1_A    0.00%    passed     88.89%
  65  S0024_G5596_R1_A    1.82%    passed     97.36%
  66  S0032_G5596_R1_N    0.00%    passed     99.16%
  67  S0032_G5596_R2_N    0.00%    passed     96.24%
  68  S0025_G5596_R1_A    0.00%    passed     79.55%
  69  S0029_G5596_R1_A    0.00%    passed     91.35%
****  TOTAL               0.94%  2 sequences failed composition chi2 test (p-value<5%; df=3)
NOTE: S0051_G5596_R1_A is identical to S0039_G5596_R1_A but kept for subsequent analysis
NOTE: S0050_G5596_R1_A is identical to S0048_G5596_R1_A but kept for subsequent analysis
NOTE: S0035_G5596_R3_A is identical to S0035_G5596_R1_A but kept for subsequent analysis
NOTE: S0010_G5596_R4_V is identical to S0009_G5596_R3_A but kept for subsequent analysis
Checking for duplicate sequences: done in 8.95578e-05 secs using 99.38% CPU


Create initial parsimony tree by phylogenetic likelihood library (PLL)... 0.003 seconds
Measuring multi-threading efficiency up to 8 CPU cores
Increase to 10 rounds for branch lengths
296 trees examined
Threads: 1 / Time: 8.015 sec / Speedup: 1.000 / Efficiency: 100% / LogL: -11411
Threads: 2 / Time: 39.947 sec / Speedup: 0.201 / Efficiency: 10% / LogL: -11411
Determining AUTO threadcount: done in 47.962 secs using 116.3% CPU
BEST NUMBER OF THREADS: 1

Perform fast likelihood tree search using GTR+I+G model...
Estimate model parameters (epsilon = 5.000)
Perform nearest neighbor interchange...
Optimizing NNI: done in 0.0390915 secs using 89.29% CPU
Estimate model parameters (epsilon = 1.000)
1. Initial log-likelihood: -5965.283
Optimal log-likelihood: -5965.216
Rate parameters:  A-C: 0.94801  A-G: 3.17522  A-T: 1.16519  C-G: 0.82104  C-T: 3.05817  G-T: 1.00000
Base frequencies:  A: 0.223  C: 0.227  G: 0.248  T: 0.302
Proportion of invariable sites: 0.000
Gamma shape alpha: 12.145
Parameters optimization took 1 rounds (0.018 sec)
Time for fast ML tree search: 0.191 seconds

NOTE: ModelFinder requires 7 MB RAM!
ModelFinder will test up to 968 DNA models (sample size: 274 epsilon: 0.100) ...
 No. Model         -LnL         df  AIC          AICc         BIC
  1  JC            6153.878     135 12577.756    12843.843    13065.529
  2  JC+I          6153.864     136 12579.729    12851.729    13071.114
  3  JC+G4         6149.942     136 12571.884    12843.884    13063.270
  4  JC+I+G4       6149.946     137 12573.893    12851.922    13068.891
  5  JC+R2         6149.987     137 12573.973    12852.002    13068.972
  6  JC+R3         6149.268     139 12576.537    12866.984    13078.761
 14  JC+I+R2       6149.959     138 12575.917    12860.095    13074.529
 15  JC+I+R3       6149.245     140 12578.490    12875.332    13084.328
 23  JC            6153.878     135 12577.756    12843.843    13065.529
 24  JC+I          6153.864     136 12579.729    12851.729    13071.114
 25  JC+G4         6149.942     136 12571.884    12843.884    13063.270
 26  JC+I+G4       6149.946     137 12573.893    12851.922    13068.891
 27  JC+R2         6149.987     137 12573.973    12852.002    13068.972
 45  F81           6153.877     135 12577.753    12843.840    13065.526
 46  F81+I         6153.864     136 12579.729    12851.729    13071.114
 47  F81+G4        6149.942     136 12571.884    12843.884    13063.270
 48  F81+I+G4      6149.945     137 12573.889    12851.919    13068.888
 49  F81+R2        6149.949     137 12573.898    12851.927    13068.896
 67  F81+F         6140.513     138 12557.026    12841.204    13055.638
 68  F81+F+I       6140.513     139 12559.026    12849.474    13061.251
 69  F81+F+G4      6136.790     139 12551.579    12842.027    13053.804
 70  F81+F+I+G4    6136.791     140 12553.583    12850.425    13059.420
 71  F81+F+R2      6136.772     140 12553.544    12850.386    13059.382
 89  K2P           5991.514     136 12255.028    12527.028    12746.413
 90  K2P+I         5991.471     137 12256.942    12534.971    12751.940
 91  K2P+G4        5986.271     137 12246.543    12524.572    12741.541
 92  K2P+I+G4      5986.272     138 12248.543    12532.721    12747.155
 93  K2P+R2        5986.058     138 12248.116    12532.294    12746.728
111  K2P           5991.514     136 12255.028    12527.028    12746.413
112  K2P+I         5991.471     137 12256.942    12534.971    12751.940
113  K2P+G4        5986.271     137 12246.543    12524.572    12741.541
114  K2P+I+G4      5986.272     138 12248.543    12532.721    12747.155
115  K2P+R2        5986.058     138 12248.116    12532.294    12746.728
133  HKY           5991.514     136 12255.028    12527.028    12746.413
134  HKY+I         5991.471     137 12256.942    12534.971    12751.940
135  HKY+G4        5986.271     137 12246.543    12524.572    12741.541
136  HKY+I+G4      5986.272     138 12248.543    12532.721    12747.155
137  HKY+R2        5986.020     138 12248.040    12532.218    12746.652
155  HKY+F         5973.237     139 12224.473    12514.921    12726.698
156  HKY+F+I       5973.237     140 12226.473    12523.316    12732.311
157  HKY+F+G4      5968.025     140 12216.051    12512.893    12721.889
158  HKY+F+I+G4    5968.025     141 12218.051    12521.415    12727.502
159  HKY+F+R2      5967.832     141 12217.663    12521.027    12727.114
177  TNe           5991.407     137 12256.813    12534.843    12751.812
178  TNe+I         5991.348     138 12258.695    12542.873    12757.307
179  TNe+G4        5985.998     138 12247.996    12532.174    12746.608
180  TNe+I+G4      5985.998     139 12249.996    12540.444    12752.221
181  TNe+R2        5985.721     139 12249.442    12539.890    12751.667
199  TNe           5991.407     137 12256.813    12534.843    12751.812
200  TNe+I         5991.348     138 12258.695    12542.873    12757.307
201  TNe+G4        5985.998     138 12247.996    12532.174    12746.608
202  TNe+I+G4      5985.998     139 12249.996    12540.444    12752.221
203  TNe+R2        5985.721     139 12249.442    12539.890    12751.667
221  TN            5991.407     137 12256.813    12534.842    12751.812
222  TN+I          5991.347     138 12258.694    12542.871    12757.305
223  TN+G4         5985.998     138 12247.996    12532.174    12746.608
224  TN+I+G4       5985.998     139 12249.996    12540.444    12752.221
225  TN+R2         5985.686     139 12249.372    12539.820    12751.597
243  TN+F          5973.065     140 12226.131    12522.973    12731.969
244  TN+F+I        5973.065     141 12228.131    12531.494    12737.582
245  TN+F+G4       5967.941     141 12217.881    12521.245    12727.332
246  TN+F+I+G4     5967.941     142 12219.881    12529.897    12732.946
247  TN+F+R2       5967.669     142 12219.338    12529.353    12732.402
265  K3P           5991.489     137 12256.978    12535.008    12751.977
266  K3P+I         5991.446     138 12258.892    12543.070    12757.504
267  K3P+G4        5986.252     138 12248.505    12532.682    12747.116
268  K3P+I+G4      5986.252     139 12250.505    12540.953    12752.730
269  K3P+R2        5985.967     139 12249.935    12540.383    12752.160
287  K3P           5991.489     137 12256.978    12535.008    12751.977
288  K3P+I         5991.446     138 12258.892    12543.070    12757.504
289  K3P+G4        5986.252     138 12248.505    12532.682    12747.116
290  K3P+I+G4      5986.252     139 12250.505    12540.953    12752.730
291  K3P+R2        5985.967     139 12249.935    12540.383    12752.160
309  K3Pu          5991.489     137 12256.978    12535.008    12751.977
310  K3Pu+I        5991.446     138 12258.892    12543.070    12757.504
311  K3Pu+G4       5986.252     138 12248.505    12532.682    12747.116
312  K3Pu+I+G4     5986.252     139 12250.505    12540.953    12752.730
313  K3Pu+R2       5985.934     139 12249.868    12540.316    12752.093
331  K3Pu+F        5973.227     140 12226.454    12523.296    12732.292
332  K3Pu+F+I      5973.227     141 12228.454    12531.818    12737.905
333  K3Pu+F+G4     5968.009     141 12218.017    12521.381    12727.468
334  K3Pu+F+I+G4   5968.009     142 12220.017    12530.033    12733.081
335  K3Pu+F+R2     5967.701     142 12219.402    12529.418    12732.467
353  TPM2          5991.391     137 12256.783    12534.812    12751.781
354  TPM2+I        5991.348     138 12258.695    12542.873    12757.307
355  TPM2+G4       5986.085     138 12248.171    12532.349    12746.782
356  TPM2+I+G4     5986.085     139 12250.171    12540.619    12752.396
357  TPM2+R2       5985.752     139 12249.505    12539.953    12751.730
375  TPM2          5991.391     137 12256.783    12534.812    12751.781
376  TPM2+I        5991.348     138 12258.695    12542.873    12757.307
377  TPM2+G4       5986.085     138 12248.171    12532.349    12746.782
378  TPM2+I+G4     5986.085     139 12250.171    12540.619    12752.396
379  TPM2+R2       5985.752     139 12249.505    12539.953    12751.730
397  TPM2u         5991.391     137 12256.783    12534.812    12751.781
398  TPM2u+I       5991.348     138 12258.695    12542.873    12757.307
399  TPM2u+G4      5986.085     138 12248.171    12532.348    12746.782
400  TPM2u+I+G4    5986.085     139 12250.171    12540.618    12752.396
401  TPM2u+R2      5985.716     139 12249.433    12539.880    12751.657
419  TPM2u+F       5972.538     140 12225.077    12521.919    12730.915
420  TPM2u+F+I     5972.538     141 12227.077    12530.440    12736.528
421  TPM2u+F+G4    5967.069     141 12216.139    12519.502    12725.590
422  TPM2u+F+I+G4  5967.069     142 12218.139    12528.154    12731.203
423  TPM2u+F+R2    5966.692     142 12217.385    12527.400    12730.449
441  TPM3          5986.228     137 12246.456    12524.485    12741.455
442  TPM3+I        5986.058     138 12248.116    12532.293    12746.727
443  TPM3+G4       5979.954     138 12235.908    12520.086    12734.520
444  TPM3+I+G4     5979.954     139 12237.909    12528.357    12740.134
445  TPM3+R2       5979.517     139 12237.034    12527.482    12739.259
463  TPM3          5986.228     137 12246.456    12524.485    12741.455
464  TPM3+I        5986.058     138 12248.116    12532.293    12746.727
465  TPM3+G4       5979.954     138 12235.908    12520.086    12734.520
466  TPM3+I+G4     5979.954     139 12237.909    12528.357    12740.134
467  TPM3+R2       5979.517     139 12237.034    12527.482    12739.259
485  TPM3u         5986.227     137 12246.455    12524.484    12741.453
486  TPM3u+I       5986.058     138 12248.116    12532.294    12746.728
487  TPM3u+G4      5979.954     138 12235.908    12520.086    12734.520
488  TPM3u+I+G4    5979.954     139 12237.908    12528.356    12740.133
489  TPM3u+R2      5979.481     139 12236.961    12527.409    12739.186
507  TPM3u+F       5971.546     140 12223.091    12519.934    12728.929
508  TPM3u+F+I     5971.546     141 12225.093    12528.456    12734.544
509  TPM3u+F+G4    5966.246     141 12214.492    12517.856    12723.944
510  TPM3u+F+I+G4  5966.248     142 12216.496    12526.511    12729.560
511  TPM3u+F+R2    5965.816     142 12215.633    12525.648    12728.697
529  TIMe          5991.383     138 12258.766    12542.944    12757.378
530  TIMe+I        5991.324     139 12260.648    12551.095    12762.872
531  TIMe+G4       5985.979     139 12249.958    12540.406    12752.183
532  TIMe+I+G4     5985.979     140 12251.958    12548.800    12757.796
533  TIMe+R2       5985.507     140 12251.014    12547.857    12756.852
551  TIMe          5991.383     138 12258.766    12542.944    12757.378
552  TIMe+I        5991.324     139 12260.648    12551.095    12762.872
553  TIMe+G4       5985.979     139 12249.958    12540.406    12752.183
554  TIMe+I+G4     5985.979     140 12251.958    12548.800    12757.796
555  TIMe+R2       5985.507     140 12251.014    12547.857    12756.852
573  TIM           5991.382     138 12258.765    12542.943    12757.377
574  TIM+I         5991.323     139 12260.646    12551.093    12762.871
575  TIM+G4        5985.979     139 12249.958    12540.406    12752.183
576  TIM+I+G4      5985.979     140 12251.958    12548.800    12757.796
577  TIM+R2        5985.477     140 12250.954    12547.796    12756.792
595  TIM+F         5973.056     141 12228.113    12531.476    12737.564
596  TIM+F+I       5973.057     142 12230.114    12540.129    12743.178
597  TIM+F+G4      5967.924     142 12219.848    12529.864    12732.913
598  TIM+F+I+G4    5967.925     143 12221.850    12538.650    12738.527
599  TIM+F+R2      5967.617     143 12221.235    12538.035    12737.912
617  TIM2e         5991.285     138 12258.569    12542.747    12757.181
618  TIM2e+I       5991.225     139 12260.450    12550.897    12762.675
619  TIM2e+G4      5985.810     139 12249.621    12540.068    12751.845
620  TIM2e+I+G4    5985.810     140 12251.621    12548.463    12757.459
621  TIM2e+R2      5985.418     140 12250.836    12547.678    12756.674
639  TIM2e         5991.285     138 12258.569    12542.747    12757.181
640  TIM2e+I       5991.225     139 12260.450    12550.897    12762.675
641  TIM2e+G4      5985.810     139 12249.621    12540.068    12751.845
642  TIM2e+I+G4    5985.810     140 12251.621    12548.463    12757.459
643  TIM2e+R2      5985.418     140 12250.836    12547.678    12756.674
661  TIM2          5991.284     138 12258.569    12542.746    12757.180
662  TIM2+I        5991.224     139 12260.448    12550.896    12762.673
663  TIM2+G4       5985.810     139 12249.620    12540.068    12751.845
664  TIM2+I+G4     5985.810     140 12251.621    12548.463    12757.458
665  TIM2+R2       5985.381     140 12250.762    12547.604    12756.600
683  TIM2+F        5972.370     141 12226.739    12530.103    12736.190
684  TIM2+F+I      5972.370     142 12228.739    12538.755    12741.804
685  TIM2+F+G4     5966.985     142 12217.970    12527.985    12731.034
686  TIM2+F+I+G4   5966.985     143 12219.970    12536.770    12736.647
687  TIM2+F+R2     5966.523     143 12219.045    12535.845    12735.723
705  TIM3e         5986.146     138 12248.292    12532.470    12746.904
706  TIM3e+I       5985.951     139 12249.902    12540.349    12752.126
707  TIM3e+G4      5979.667     139 12237.334    12527.781    12739.558
708  TIM3e+I+G4    5979.669     140 12239.337    12536.179    12745.175
709  TIM3e+R2      5979.125     140 12238.249    12535.092    12744.087
727  TIM3e         5986.146     138 12248.292    12532.470    12746.904
728  TIM3e+I       5985.951     139 12249.902    12540.349    12752.126
729  TIM3e+G4      5979.667     139 12237.334    12527.781    12739.558
730  TIM3e+I+G4    5979.669     140 12239.337    12536.179    12745.175
731  TIM3e+R2      5979.125     140 12238.249    12535.092    12744.087
749  TIM3          5986.146     138 12248.292    12532.470    12746.904
750  TIM3+I        5985.951     139 12249.901    12540.349    12752.126
751  TIM3+G4       5979.665     139 12237.331    12527.779    12739.556
752  TIM3+I+G4     5979.666     140 12239.333    12536.175    12745.171
753  TIM3+R2       5979.084     140 12238.168    12535.010    12744.006
771  TIM3+F        5971.369     141 12224.738    12528.102    12734.189
772  TIM3+F+I      5971.369     142 12226.738    12536.753    12739.802
773  TIM3+F+G4     5966.158     142 12216.316    12526.332    12729.381
774  TIM3+F+I+G4   5966.158     143 12218.316    12535.116    12734.993
775  TIM3+F+R2     5965.650     143 12217.300    12534.100    12733.978
793  TVMe          5986.103     139 12250.206    12540.654    12752.431
794  TVMe+I        5985.933     140 12251.866    12548.708    12757.704
795  TVMe+G4       5979.761     140 12239.522    12536.364    12745.360
796  TVMe+I+G4     5979.764     141 12241.528    12544.892    12750.980
797  TVMe+R2       5979.141     141 12240.282    12543.646    12749.733
815  TVMe          5986.103     139 12250.206    12540.654    12752.431
816  TVMe+I        5985.933     140 12251.866    12548.708    12757.704
817  TVMe+G4       5979.761     140 12239.522    12536.364    12745.360
818  TVMe+I+G4     5979.764     141 12241.528    12544.892    12750.980
819  TVMe+R2       5979.141     141 12240.282    12543.646    12749.733
837  TVM           5986.103     139 12250.205    12540.653    12752.430
838  TVM+I         5985.933     140 12251.865    12548.708    12757.703
839  TVM+G4        5979.761     140 12239.521    12536.363    12745.359
840  TVM+I+G4      5979.761     141 12241.522    12544.885    12750.973
841  TVM+R2        5979.100     141 12240.200    12543.563    12749.651
859  TVM+F         5970.851     142 12225.702    12535.718    12738.767
860  TVM+F+I       5970.851     143 12227.702    12544.502    12744.379
861  TVM+F+G4      5965.285     143 12216.570    12533.370    12733.248
862  TVM+F+I+G4    5965.285     144 12218.570    12542.291    12738.861
863  TVM+F+R2      5964.724     144 12217.448    12541.169    12737.738
881  SYM           5986.022     140 12252.044    12548.886    12757.881
882  SYM+I         5985.826     141 12253.652    12557.016    12763.103
883  SYM+G4        5979.469     141 12240.938    12544.302    12750.389
884  SYM+I+G4      5979.469     142 12242.938    12552.954    12756.003
885  SYM+R2        5978.801     142 12241.602    12551.617    12754.666
903  SYM           5986.022     140 12252.044    12548.886    12757.881
904  SYM+I         5985.826     141 12253.652    12557.016    12763.103
905  SYM+G4        5979.469     141 12240.938    12544.302    12750.389
906  SYM+I+G4      5979.469     142 12242.938    12552.954    12756.003
907  SYM+R2        5978.801     142 12241.602    12551.617    12754.666
925  GTR           5986.022     140 12252.043    12548.885    12757.881
926  GTR+I         5985.826     141 12253.652    12557.015    12763.103
927  GTR+G4        5979.469     141 12240.938    12544.302    12750.389
928  GTR+I+G4      5979.469     142 12242.938    12552.954    12756.003
929  GTR+R2        5978.770     142 12241.541    12551.556    12754.605
947  GTR+F         5970.677     143 12227.354    12544.154    12744.032
948  GTR+F+I       5970.677     144 12229.354    12553.075    12749.645
949  GTR+F+G4      5965.197     144 12218.395    12542.116    12738.685
950  GTR+F+I+G4    5965.198     145 12220.395    12551.176    12744.299
951  GTR+F+R2      5964.550     145 12219.101    12549.882    12743.004
Akaike Information Criterion:           TPM3u+F+G4
Corrected Akaike Information Criterion: HKY+F+G4
Bayesian Information Criterion:         HKY+F+G4
Best-fit model: HKY+F+G4 chosen according to BIC

All model information printed to results_moss_new/07_phylogeny/All/G5596.model.gz
CPU time for ModelFinder: 59.222 seconds (0h:0m:59s)
Wall-clock time for ModelFinder: 51.494 seconds (0h:0m:51s)
Generating 1000 samples for ultrafast bootstrap (seed: 915744)...

NOTE: 3 MB RAM (0 GB) is required!
Estimate model parameters (epsilon = 0.100)
1. Initial log-likelihood: -5968.086
Optimal log-likelihood: -5968.026
Rate parameters:  A-C: 1.00000  A-G: 3.13637  A-T: 1.00000  C-G: 1.00000  C-T: 3.13637  G-T: 1.00000
Base frequencies:  A: 0.223  C: 0.227  G: 0.248  T: 0.302
Gamma shape alpha: 12.431
Parameters optimization took 1 rounds (0.014 sec)
Wrote distance file to... 
Computing ML distances based on estimated model parameters...
Calculating distance matrix: done in 0.00927663 secs using 99.5% CPU
Computing ML distances took 0.009356 sec (of wall-clock time) 0.009312 sec (of CPU time)
Setting up auxiliary I and S matrices: done in 0.000105387 secs using 98.68% CPU
Constructing RapidNJ tree: done in 0.000250057 secs using 84.78% CPU
Computing RapidNJ tree took 0.000378 sec (of wall-clock time) 0.000331 sec (of CPU time)
Log-likelihood of RapidNJ tree: -6005.016
--------------------------------------------------------------------
|             INITIALIZING CANDIDATE TREE SET                      |
--------------------------------------------------------------------
Generating 98 parsimony trees... 0.325 second
Computing log-likelihood of 98 initial trees ... 0.342 seconds
Current best score: -5968.026

Do NNI search on 20 best initial trees
Optimizing NNI: done in 0.0238882 secs using 99.45% CPU
Estimate model parameters (epsilon = 0.100)
BETTER TREE FOUND at iteration 1: -5968.025
Optimizing NNI: done in 0.0748601 secs using 99.38% CPU
Estimate model parameters (epsilon = 0.100)
BETTER TREE FOUND at iteration 2: -5964.752
Optimizing NNI: done in 0.0749797 secs using 99.39% CPU
Optimizing NNI: done in 0.079378 secs using 99.46% CPU
Estimate model parameters (epsilon = 0.100)
BETTER TREE FOUND at iteration 4: -5962.853
Optimizing NNI: done in 0.0784571 secs using 99.58% CPU
Optimizing NNI: done in 0.0814004 secs using 98.31% CPU
Optimizing NNI: done in 0.0774992 secs using 99.41% CPU
Optimizing NNI: done in 0.0774251 secs using 96.84% CPU
Optimizing NNI: done in 0.0776552 secs using 99.58% CPU
Optimizing NNI: done in 0.0822933 secs using 98.32% CPU
Iteration 10 / LogL: -5967.436 / Time: 0h:0m:53s
Optimizing NNI: done in 0.090092 secs using 96.16% CPU
Optimizing NNI: done in 0.0777505 secs using 98.27% CPU
Optimizing NNI: done in 0.078853 secs using 99.58% CPU
Optimizing NNI: done in 0.0860715 secs using 97.28% CPU
Optimizing NNI: done in 0.066507 secs using 96.6% CPU
Optimizing NNI: done in 0.0741404 secs using 99.62% CPU
Optimizing NNI: done in 0.074595 secs using 99.6% CPU
Optimizing NNI: done in 0.0763566 secs using 98.29% CPU
Optimizing NNI: done in 0.0817673 secs using 98.34% CPU
Optimizing NNI: done in 0.0849821 secs using 98.29% CPU
Iteration 20 / LogL: -5968.157 / Time: 0h:0m:53s
Finish initializing candidate tree set (20)
Current best tree score: -5962.853 / CPU time: 2.247
Number of iterations: 20
--------------------------------------------------------------------
|               OPTIMIZING CANDIDATE TREE SET                      |
--------------------------------------------------------------------
Optimizing NNI: done in 0.0850247 secs using 98.27% CPU
Estimate model parameters (epsilon = 0.100)
BETTER TREE FOUND at iteration 21: -5962.190
Optimizing NNI: done in 0.0890784 secs using 97.23% CPU
Optimizing NNI: done in 0.108579 secs using 98.69% CPU
Optimizing NNI: done in 0.0953073 secs using 97.49% CPU
Estimate model parameters (epsilon = 0.100)
BETTER TREE FOUND at iteration 24: -5962.127
Optimizing NNI: done in 0.108475 secs using 99.55% CPU
Optimizing NNI: done in 0.103169 secs using 99.56% CPU
Optimizing NNI: done in 0.111764 secs using 98.74% CPU
Optimizing NNI: done in 0.100846 secs using 97.56% CPU
Optimizing NNI: done in 0.0809467 secs using 96.8% CPU
Optimizing NNI: done in 0.128598 secs using 98.7% CPU
Iteration 30 / LogL: -5962.231 / Time: 0h:0m:54s (0h:0m:10s left)
Optimizing NNI: done in 0.0949893 secs using 98.43% CPU
Optimizing NNI: done in 0.108067 secs using 98.54% CPU
Estimate model parameters (epsilon = 0.100)
BETTER TREE FOUND at iteration 32: -5962.101
Optimizing NNI: done in 0.0754534 secs using 96.67% CPU
BETTER TREE FOUND at iteration 33: -5962.096
Optimizing NNI: done in 0.110576 secs using 98.67% CPU
Optimizing NNI: done in 0.096658 secs using 97.51% CPU
Optimizing NNI: done in 0.11312 secs using 98.51% CPU
Optimizing NNI: done in 0.131393 secs using 98.7% CPU
Optimizing NNI: done in 0.107058 secs using 96.69% CPU
Optimizing NNI: done in 0.111202 secs using 99.52% CPU
Optimizing NNI: done in 0.0810161 secs using 98.36% CPU
Iteration 40 / LogL: -5971.717 / Time: 0h:0m:55s (0h:0m:10s left)
Optimizing NNI: done in 0.0696212 secs using 98.1% CPU
Optimizing NNI: done in 0.120858 secs using 99.5% CPU
Optimizing NNI: done in 0.104995 secs using 98.52% CPU
Optimizing NNI: done in 0.119589 secs using 99.61% CPU
Optimizing NNI: done in 0.13022 secs using 96.53% CPU
Optimizing NNI: done in 0.113861 secs using 97.85% CPU
Optimizing NNI: done in 0.114854 secs using 97.79% CPU
Optimizing NNI: done in 0.0784746 secs using 99.57% CPU
Optimizing NNI: done in 0.106784 secs using 97.72% CPU
Optimizing NNI: done in 0.159126 secs using 98.29% CPU
Iteration 50 / LogL: -5962.563 / Time: 0h:0m:57s (0h:0m:9s left)
Log-likelihood cutoff on original alignment: -5996.754
Optimizing NNI: done in 0.131823 secs using 99.57% CPU
Optimizing NNI: done in 0.117037 secs using 98.72% CPU
Optimizing NNI: done in 0.103484 secs using 97.66% CPU
Optimizing NNI: done in 0.0992295 secs using 97.47% CPU
Estimate model parameters (epsilon = 0.100)
BETTER TREE FOUND at iteration 54: -5962.060
Optimizing NNI: done in 0.0675718 secs using 96.45% CPU
Optimizing NNI: done in 0.106528 secs using 98.49% CPU
Optimizing NNI: done in 0.13016 secs using 96.97% CPU
Optimizing NNI: done in 0.116463 secs using 97.6% CPU
Optimizing NNI: done in 0.112116 secs using 99.44% CPU
Optimizing NNI: done in 0.0830097 secs using 98.86% CPU
Iteration 60 / LogL: -5970.740 / Time: 0h:0m:58s (0h:0m:10s left)
Optimizing NNI: done in 0.11704 secs using 97.69% CPU
Optimizing NNI: done in 0.0916243 secs using 98.35% CPU
Optimizing NNI: done in 0.103349 secs using 98.47% CPU
Optimizing NNI: done in 0.109863 secs using 97.73% CPU
Optimizing NNI: done in 0.0974558 secs using 99.54% CPU
Optimizing NNI: done in 0.0914569 secs using 99.45% CPU
Optimizing NNI: done in 0.105315 secs using 98.6% CPU
Optimizing NNI: done in 0.0784975 secs using 99.61% CPU
Optimizing NNI: done in 0.0862645 secs using 99.49% CPU
Optimizing NNI: done in 0.100483 secs using 95.47% CPU
Iteration 70 / LogL: -5980.906 / Time: 0h:0m:59s (0h:0m:9s left)
Optimizing NNI: done in 0.0958918 secs using 96.31% CPU
Optimizing NNI: done in 0.11115 secs using 95.85% CPU
Optimizing NNI: done in 0.109142 secs using 95.81% CPU
Optimizing NNI: done in 0.114018 secs using 99.46% CPU
Optimizing NNI: done in 0.103468 secs using 97.56% CPU
Optimizing NNI: done in 0.10013 secs using 97.47% CPU
Optimizing NNI: done in 0.0874562 secs using 98.32% CPU
Optimizing NNI: done in 0.0870506 secs using 99.46% CPU
Optimizing NNI: done in 0.117976 secs using 97.81% CPU
Estimate model parameters (epsilon = 0.100)
BETTER TREE FOUND at iteration 79: -5962.005
Optimizing NNI: done in 0.108753 secs using 98.49% CPU
Iteration 80 / LogL: -5962.007 / Time: 0h:1m:0s (0h:0m:11s left)
Optimizing NNI: done in 0.102534 secs using 97.52% CPU
Optimizing NNI: done in 0.0989759 secs using 99.47% CPU
Optimizing NNI: done in 0.100192 secs using 95.45% CPU
Optimizing NNI: done in 0.0872187 secs using 96.02% CPU
Optimizing NNI: done in 0.139832 secs using 98.74% CPU
Optimizing NNI: done in 0.107323 secs using 99.42% CPU
Optimizing NNI: done in 0.0936245 secs using 97.31% CPU
Optimizing NNI: done in 0.0707688 secs using 98.19% CPU
Optimizing NNI: done in 0.108292 secs using 99.57% CPU
Optimizing NNI: done in 0.109816 secs using 97.75% CPU
Iteration 90 / LogL: -5962.459 / Time: 0h:1m:1s (0h:0m:10s left)
Optimizing NNI: done in 0.0937695 secs using 99.55% CPU
Optimizing NNI: done in 0.102814 secs using 97.5% CPU
Optimizing NNI: done in 0.129052 secs using 96.37% CPU
Optimizing NNI: done in 0.101359 secs using 98.5% CPU
Optimizing NNI: done in 0.102891 secs using 97.48% CPU
Optimizing NNI: done in 0.115366 secs using 96.83% CPU
Optimizing NNI: done in 0.0940587 secs using 98.41% CPU
Optimizing NNI: done in 0.113591 secs using 99.38% CPU
Optimizing NNI: done in 0.135541 secs using 97.36% CPU
Optimizing NNI: done in 0.088245 secs using 97.23% CPU
Iteration 100 / LogL: -5964.022 / Time: 0h:1m:2s (0h:0m:8s left)
Log-likelihood cutoff on original alignment: -5996.754
NOTE: Bootstrap correlation coefficient of split occurrence frequencies: 0.995
Optimizing NNI: done in 0.123707 secs using 98.6% CPU
Optimizing NNI: done in 0.0995302 secs using 98.46% CPU
Optimizing NNI: done in 0.112613 secs using 98.58% CPU
Optimizing NNI: done in 0.0963207 secs using 98.37% CPU
Estimate model parameters (epsilon = 0.100)
BETTER TREE FOUND at iteration 104: -5961.931
Optimizing NNI: done in 0.125737 secs using 97.03% CPU
Optimizing NNI: done in 0.121174 secs using 98.65% CPU
Optimizing NNI: done in 0.107903 secs using 97.74% CPU
Optimizing NNI: done in 0.0816708 secs using 97.08% CPU
Optimizing NNI: done in 0.100314 secs using 97.41% CPU
Optimizing NNI: done in 0.0870159 secs using 97.3% CPU
Iteration 110 / LogL: -6006.747 / Time: 0h:1m:3s (0h:0m:10s left)
Optimizing NNI: done in 0.131023 secs using 97.17% CPU
Optimizing NNI: done in 0.129318 secs using 97.09% CPU
Optimizing NNI: done in 0.0838516 secs using 96.05% CPU
Optimizing NNI: done in 0.123597 secs using 97.2% CPU
Optimizing NNI: done in 0.104691 secs using 96.76% CPU
Optimizing NNI: done in 0.0966736 secs using 98.55% CPU
Optimizing NNI: done in 0.150396 secs using 98.25% CPU
Optimizing NNI: done in 0.0822835 secs using 99.62% CPU
Optimizing NNI: done in 0.141057 secs using 96.07% CPU
Optimizing NNI: done in 0.0975594 secs using 95.45% CPU
Iteration 120 / LogL: -5962.018 / Time: 0h:1m:5s (0h:0m:9s left)
Optimizing NNI: done in 0.0944107 secs using 98.51% CPU
Optimizing NNI: done in 0.107008 secs using 99.58% CPU
Optimizing NNI: done in 0.092343 secs using 98.45% CPU
Optimizing NNI: done in 0.0891103 secs using 98.45% CPU
Optimizing NNI: done in 0.109246 secs using 99.6% CPU
Optimizing NNI: done in 0.0907369 secs using 99.6% CPU
Optimizing NNI: done in 0.108639 secs using 98.7% CPU
Optimizing NNI: done in 0.108255 secs using 98.62% CPU
Optimizing NNI: done in 0.141221 secs using 98.84% CPU
Optimizing NNI: done in 0.117168 secs using 98.75% CPU
Iteration 130 / LogL: -5962.290 / Time: 0h:1m:6s (0h:0m:8s left)
Optimizing NNI: done in 0.127374 secs using 96.46% CPU
Optimizing NNI: done in 0.107326 secs using 98.64% CPU
Optimizing NNI: done in 0.106174 secs using 97.62% CPU
Optimizing NNI: done in 0.0999998 secs using 98.46% CPU
Optimizing NNI: done in 0.0914091 secs using 98.44% CPU
Optimizing NNI: done in 0.12219 secs using 98.61% CPU
Optimizing NNI: done in 0.105107 secs using 98.49% CPU
Optimizing NNI: done in 0.111521 secs using 97.64% CPU
Optimizing NNI: done in 0.0965018 secs using 92.26% CPU
Optimizing NNI: done in 0.0836671 secs using 95.93% CPU
Iteration 140 / LogL: -6006.778 / Time: 0h:1m:7s (0h:0m:7s left)
Optimizing NNI: done in 0.0926493 secs using 98.39% CPU
Optimizing NNI: done in 0.0851192 secs using 98.33% CPU
Optimizing NNI: done in 0.0983399 secs using 98.46% CPU
Optimizing NNI: done in 0.10182 secs using 97.51% CPU
Optimizing NNI: done in 0.106289 secs using 96.56% CPU
Optimizing NNI: done in 0.0899993 secs using 98.32% CPU
Optimizing NNI: done in 0.130042 secs using 97.96% CPU
Optimizing NNI: done in 0.100492 secs using 98.48% CPU
Optimizing NNI: done in 0.132149 secs using 98.7% CPU
Optimizing NNI: done in 0.102516 secs using 95.59% CPU
Iteration 150 / LogL: -6040.836 / Time: 0h:1m:8s (0h:0m:6s left)
Log-likelihood cutoff on original alignment: -5996.754
Optimizing NNI: done in 0.0922056 secs using 98.5% CPU
Optimizing NNI: done in 0.109828 secs using 98.7% CPU
Optimizing NNI: done in 0.105815 secs using 97.67% CPU
Optimizing NNI: done in 0.0992997 secs using 98.55% CPU
Optimizing NNI: done in 0.0716087 secs using 99.6% CPU
Optimizing NNI: done in 0.105673 secs using 98.58% CPU
Optimizing NNI: done in 0.104186 secs using 97.59% CPU
Optimizing NNI: done in 0.105866 secs using 98.63% CPU
Optimizing NNI: done in 0.124018 secs using 98.73% CPU
Optimizing NNI: done in 0.105052 secs using 97.63% CPU
Iteration 160 / LogL: -5963.973 / Time: 0h:1m:9s (0h:0m:5s left)
Optimizing NNI: done in 0.0978315 secs using 95.46% CPU
Optimizing NNI: done in 0.116902 secs using 96.93% CPU
Optimizing NNI: done in 0.0797691 secs using 95.74% CPU
Optimizing NNI: done in 0.126251 secs using 97.19% CPU
Optimizing NNI: done in 0.138858 secs using 96.61% CPU
Optimizing NNI: done in 0.128149 secs using 98.82% CPU
Optimizing NNI: done in 0.109425 secs using 97.78% CPU
Optimizing NNI: done in 0.0997241 secs using 97.39% CPU
Optimizing NNI: done in 0.0843754 secs using 99.57% CPU
Optimizing NNI: done in 0.0977462 secs using 96.47% CPU
Iteration 170 / LogL: -5962.105 / Time: 0h:1m:10s (0h:0m:3s left)
Optimizing NNI: done in 0.139907 secs using 98.85% CPU
Optimizing NNI: done in 0.152151 secs using 98.23% CPU
Optimizing NNI: done in 0.129935 secs using 96.49% CPU
Optimizing NNI: done in 0.116373 secs using 98.75% CPU
Optimizing NNI: done in 0.105426 secs using 98.56% CPU
Optimizing NNI: done in 0.120381 secs using 97.81% CPU
Optimizing NNI: done in 0.117801 secs using 99.43% CPU
Optimizing NNI: done in 0.105277 secs using 98.49% CPU
Optimizing NNI: done in 0.0907497 secs using 99.51% CPU
Optimizing NNI: done in 0.109891 secs using 99.51% CPU
Iteration 180 / LogL: -5962.751 / Time: 0h:1m:12s (0h:0m:2s left)
Optimizing NNI: done in 0.118709 secs using 99.53% CPU
Estimate model parameters (epsilon = 0.100)
BETTER TREE FOUND at iteration 181: -5960.014
Optimizing NNI: done in 0.113307 secs using 99.36% CPU
Optimizing NNI: done in 0.0989689 secs using 98.28% CPU
Optimizing NNI: done in 0.128052 secs using 97.98% CPU
Optimizing NNI: done in 0.111697 secs using 98.59% CPU
Optimizing NNI: done in 0.0929146 secs using 97.36% CPU
Optimizing NNI: done in 0.0869261 secs using 98.43% CPU
Optimizing NNI: done in 0.0991688 secs using 98.54% CPU
Optimizing NNI: done in 0.0806751 secs using 97.03% CPU
Estimate model parameters (epsilon = 0.100)
BETTER TREE FOUND at iteration 189: -5959.619
Optimizing NNI: done in 0.116069 secs using 96.82% CPU
Iteration 190 / LogL: -5966.019 / Time: 0h:1m:13s (0h:0m:11s left)
Optimizing NNI: done in 0.109389 secs using 99.57% CPU
Optimizing NNI: done in 0.127813 secs using 98.59% CPU
Optimizing NNI: done in 0.104636 secs using 98.48% CPU
Estimate model parameters (epsilon = 0.100)
BETTER TREE FOUND at iteration 193: -5959.546
Optimizing NNI: done in 0.0973342 secs using 96.36% CPU
BETTER TREE FOUND at iteration 194: -5959.544
Optimizing NNI: done in 0.097562 secs using 96.47% CPU
Optimizing NNI: done in 0.0790272 secs using 97.06% CPU
Optimizing NNI: done in 0.129438 secs using 98.01% CPU
Optimizing NNI: done in 0.080862 secs using 94.48% CPU
Optimizing NNI: done in 0.113715 secs using 96.79% CPU
Optimizing NNI: done in 0.104852 secs using 97.56% CPU
Iteration 200 / LogL: -5961.653 / Time: 0h:1m:14s (0h:0m:10s left)
Log-likelihood cutoff on original alignment: -5991.524
NOTE: Bootstrap correlation coefficient of split occurrence frequencies: 0.988
NOTE: UFBoot does not converge, continue at least 100 more iterations
Optimizing NNI: done in 0.0815802 secs using 99.42% CPU
Optimizing NNI: done in 0.105987 secs using 96.61% CPU
Optimizing NNI: done in 0.080162 secs using 99.38% CPU
Optimizing NNI: done in 0.0916562 secs using 98.32% CPU
Optimizing NNI: done in 0.0891525 secs using 96.09% CPU
Optimizing NNI: done in 0.0712896 secs using 98.03% CPU
Optimizing NNI: done in 0.114254 secs using 98.61% CPU
Optimizing NNI: done in 0.0970569 secs using 98.53% CPU
Optimizing NNI: done in 0.0906512 secs using 97.29% CPU
Optimizing NNI: done in 0.0973162 secs using 97.31% CPU
Iteration 210 / LogL: -5963.900 / Time: 0h:1m:15s (0h:0m:10s left)
Optimizing NNI: done in 0.0903185 secs using 98.4% CPU
Optimizing NNI: done in 0.102248 secs using 98.55% CPU
Optimizing NNI: done in 0.0880613 secs using 99.5% CPU
Optimizing NNI: done in 0.0717484 secs using 99.58% CPU
Optimizing NNI: done in 0.069392 secs using 99.4% CPU
Optimizing NNI: done in 0.107355 secs using 98.53% CPU
Optimizing NNI: done in 0.0995706 secs using 97.44% CPU
Optimizing NNI: done in 0.108082 secs using 99.46% CPU
Optimizing NNI: done in 0.121385 secs using 98.67% CPU
Optimizing NNI: done in 0.105789 secs using 98.48% CPU
Iteration 220 / LogL: -5965.969 / Time: 0h:1m:16s (0h:0m:9s left)
Optimizing NNI: done in 0.117975 secs using 96.9% CPU
Optimizing NNI: done in 0.0960529 secs using 98.37% CPU
Optimizing NNI: done in 0.11699 secs using 96.9% CPU
Optimizing NNI: done in 0.0802717 secs using 98.23% CPU
Optimizing NNI: done in 0.0823771 secs using 98.19% CPU
Optimizing NNI: done in 0.122876 secs using 98.54% CPU
Optimizing NNI: done in 0.100002 secs using 98.3% CPU
Optimizing NNI: done in 0.101033 secs using 95.41% CPU
Optimizing NNI: done in 0.0813994 secs using 98.09% CPU
Optimizing NNI: done in 0.100264 secs using 99.41% CPU
Iteration 230 / LogL: -5968.527 / Time: 0h:1m:17s (0h:0m:7s left)
Optimizing NNI: done in 0.150699 secs using 97.39% CPU
Optimizing NNI: done in 0.102704 secs using 97.47% CPU
Optimizing NNI: done in 0.134257 secs using 99.44% CPU
Optimizing NNI: done in 0.113385 secs using 97.83% CPU
Optimizing NNI: done in 0.0967899 secs using 96.38% CPU
Optimizing NNI: done in 0.0921732 secs using 96.25% CPU
Optimizing NNI: done in 0.0902641 secs using 99.43% CPU
Optimizing NNI: done in 0.0884622 secs using 99.5% CPU
Optimizing NNI: done in 0.0928394 secs using 98.4% CPU
Optimizing NNI: done in 0.0978889 secs using 96.47% CPU
Iteration 240 / LogL: -5965.266 / Time: 0h:1m:18s (0h:0m:6s left)
Optimizing NNI: done in 0.105796 secs using 98.62% CPU
Optimizing NNI: done in 0.109638 secs using 98.55% CPU
Optimizing NNI: done in 0.118815 secs using 97.8% CPU
Optimizing NNI: done in 0.100701 secs using 99.5% CPU
Optimizing NNI: done in 0.108808 secs using 99.47% CPU
Optimizing NNI: done in 0.104596 secs using 98.51% CPU
Optimizing NNI: done in 0.113313 secs using 98.55% CPU
Optimizing NNI: done in 0.104483 secs using 95.67% CPU
Optimizing NNI: done in 0.14031 secs using 97.97% CPU
Optimizing NNI: done in 0.109096 secs using 99.42% CPU
Iteration 250 / LogL: -5959.546 / Time: 0h:1m:19s (0h:0m:5s left)
Log-likelihood cutoff on original alignment: -5990.180
Optimizing NNI: done in 0.109359 secs using 97.69% CPU
Optimizing NNI: done in 0.102055 secs using 98.58% CPU
Optimizing NNI: done in 0.0842218 secs using 95.94% CPU
Optimizing NNI: done in 0.119705 secs using 98.6% CPU
Optimizing NNI: done in 0.0901328 secs using 97.25% CPU
Optimizing NNI: done in 0.0798979 secs using 96.94% CPU
Optimizing NNI: done in 0.107892 secs using 97.53% CPU
Optimizing NNI: done in 0.0966699 secs using 99.34% CPU
Optimizing NNI: done in 0.0998724 secs using 98.37% CPU
Optimizing NNI: done in 0.118412 secs using 96.82% CPU
Iteration 260 / LogL: -5959.620 / Time: 0h:1m:21s (0h:0m:4s left)
Optimizing NNI: done in 0.0894421 secs using 99.49% CPU
Optimizing NNI: done in 0.105621 secs using 99.58% CPU
Optimizing NNI: done in 0.0802517 secs using 96.9% CPU
Optimizing NNI: done in 0.115734 secs using 96.83% CPU
Optimizing NNI: done in 0.0891373 secs using 98.36% CPU
Optimizing NNI: done in 0.0977465 secs using 99.52% CPU
Optimizing NNI: done in 0.0950977 secs using 99.41% CPU
Optimizing NNI: done in 0.101867 secs using 98.45% CPU
Optimizing NNI: done in 0.0894638 secs using 99.43% CPU
BETTER TREE FOUND at iteration 269: -5959.544
Optimizing NNI: done in 0.112088 secs using 97.8% CPU
Iteration 270 / LogL: -5959.544 / Time: 0h:1m:22s (0h:0m:11s left)
Optimizing NNI: done in 0.113272 secs using 98.67% CPU
Optimizing NNI: done in 0.0923662 secs using 96.31% CPU
Optimizing NNI: done in 0.106969 secs using 97.7% CPU
Optimizing NNI: done in 0.0772554 secs using 99.56% CPU
Optimizing NNI: done in 0.0958668 secs using 95.4% CPU
Optimizing NNI: done in 0.121274 secs using 97.84% CPU
Optimizing NNI: done in 0.0793661 secs using 97.07% CPU
Optimizing NNI: done in 0.0887102 secs using 99.58% CPU
Optimizing NNI: done in 0.0938561 secs using 99.53% CPU
Optimizing NNI: done in 0.100626 secs using 97.42% CPU
Iteration 280 / LogL: -5959.546 / Time: 0h:1m:23s (0h:0m:10s left)
Optimizing NNI: done in 0.0890897 secs using 98.33% CPU
Optimizing NNI: done in 0.0983726 secs using 99.41% CPU
Optimizing NNI: done in 0.0940637 secs using 99.43% CPU
Optimizing NNI: done in 0.085324 secs using 97.1% CPU
Optimizing NNI: done in 0.0788331 secs using 98.31% CPU
Optimizing NNI: done in 0.0847897 secs using 98.38% CPU
Optimizing NNI: done in 0.0847406 secs using 97.05% CPU
Optimizing NNI: done in 0.0953517 secs using 96.45% CPU
Optimizing NNI: done in 0.0885814 secs using 97.15% CPU
Optimizing NNI: done in 0.102581 secs using 99.53% CPU
Iteration 290 / LogL: -5963.741 / Time: 0h:1m:24s (0h:0m:8s left)
Optimizing NNI: done in 0.109088 secs using 97.75% CPU
Optimizing NNI: done in 0.090607 secs using 98.45% CPU
Optimizing NNI: done in 0.0935338 secs using 99.62% CPU
Optimizing NNI: done in 0.0801328 secs using 98.31% CPU
Optimizing NNI: done in 0.0979039 secs using 99.47% CPU
Optimizing NNI: done in 0.102124 secs using 97.46% CPU
Optimizing NNI: done in 0.118962 secs using 99.45% CPU
Optimizing NNI: done in 0.096201 secs using 97.3% CPU
Optimizing NNI: done in 0.105463 secs using 98.45% CPU
Optimizing NNI: done in 0.0761927 secs using 98.13% CPU
Iteration 300 / LogL: -5959.544 / Time: 0h:1m:25s (0h:0m:7s left)
Log-likelihood cutoff on original alignment: -5990.180
NOTE: Bootstrap correlation coefficient of split occurrence frequencies: 0.983
NOTE: UFBoot does not converge, continue at least 100 more iterations
Optimizing NNI: done in 0.122085 secs using 97.81% CPU
Optimizing NNI: done in 0.1142 secs using 95.19% CPU
Optimizing NNI: done in 0.114154 secs using 99.49% CPU
Optimizing NNI: done in 0.0845313 secs using 98.2% CPU
Optimizing NNI: done in 0.100189 secs using 98.47% CPU
Optimizing NNI: done in 0.0994557 secs using 99.4% CPU
Optimizing NNI: done in 0.0802378 secs using 99.39% CPU
Optimizing NNI: done in 0.106748 secs using 97.54% CPU
Optimizing NNI: done in 0.102978 secs using 99.46% CPU
Optimizing NNI: done in 0.0979052 secs using 97.42% CPU
Iteration 310 / LogL: -5959.840 / Time: 0h:1m:26s (0h:0m:10s left)
Optimizing NNI: done in 0.0941911 secs using 98.34% CPU
Optimizing NNI: done in 0.0995823 secs using 99.37% CPU
Optimizing NNI: done in 0.088654 secs using 98.26% CPU
Optimizing NNI: done in 0.101293 secs using 97.41% CPU
Optimizing NNI: done in 0.0887068 secs using 98.27% CPU
Optimizing NNI: done in 0.0923884 secs using 98.41% CPU
Optimizing NNI: done in 0.0961384 secs using 99.5% CPU
Optimizing NNI: done in 0.0914183 secs using 99.39% CPU
Optimizing NNI: done in 0.0907394 secs using 98.39% CPU
Optimizing NNI: done in 0.0927401 secs using 97.36% CPU
Iteration 320 / LogL: -5961.652 / Time: 0h:1m:27s (0h:0m:9s left)
Optimizing NNI: done in 0.100218 secs using 96.49% CPU
Optimizing NNI: done in 0.0767248 secs using 98.28% CPU
Optimizing NNI: done in 0.104555 secs using 98.47% CPU
Optimizing NNI: done in 0.108865 secs using 98.55% CPU
Optimizing NNI: done in 0.0895471 secs using 98.41% CPU
Optimizing NNI: done in 0.0966548 secs using 98.53% CPU
Optimizing NNI: done in 0.115214 secs using 96.87% CPU
Optimizing NNI: done in 0.118759 secs using 98.64% CPU
Optimizing NNI: done in 0.1033 secs using 98.61% CPU
Optimizing NNI: done in 0.0961368 secs using 95.47% CPU
Iteration 330 / LogL: -5959.620 / Time: 0h:1m:28s (0h:0m:7s left)
Optimizing NNI: done in 0.0869525 secs using 98.23% CPU
Optimizing NNI: done in 0.0616862 secs using 99.12% CPU
Optimizing NNI: done in 0.0971899 secs using 98.23% CPU
Optimizing NNI: done in 0.0911648 secs using 99.4% CPU
Optimizing NNI: done in 0.100526 secs using 97.43% CPU
Optimizing NNI: done in 0.105011 secs using 96.63% CPU
Optimizing NNI: done in 0.102805 secs using 97.47% CPU
Optimizing NNI: done in 0.0969898 secs using 99.52% CPU
Optimizing NNI: done in 0.119281 secs using 98.6% CPU
Optimizing NNI: done in 0.100266 secs using 99.44% CPU
Iteration 340 / LogL: -5964.813 / Time: 0h:1m:29s (0h:0m:6s left)
Optimizing NNI: done in 0.133901 secs using 98.1% CPU
Optimizing NNI: done in 0.1114 secs using 99.46% CPU
Optimizing NNI: done in 0.104282 secs using 98.47% CPU
Optimizing NNI: done in 0.105154 secs using 98.4% CPU
Optimizing NNI: done in 0.077859 secs using 98.14% CPU
Optimizing NNI: done in 0.0903396 secs using 98.5% CPU
Optimizing NNI: done in 0.118466 secs using 96.95% CPU
Optimizing NNI: done in 0.0815138 secs using 98.21% CPU
Optimizing NNI: done in 0.0855091 secs using 99.41% CPU
Optimizing NNI: done in 0.0912974 secs using 98.2% CPU
Iteration 350 / LogL: -5959.763 / Time: 0h:1m:31s (0h:0m:5s left)
Log-likelihood cutoff on original alignment: -5990.180
Optimizing NNI: done in 0.108782 secs using 96.66% CPU
Optimizing NNI: done in 0.0984426 secs using 98.31% CPU
Optimizing NNI: done in 0.10377 secs using 98.4% CPU
Optimizing NNI: done in 0.0853842 secs using 97.05% CPU
Optimizing NNI: done in 0.114813 secs using 96.64% CPU
Optimizing NNI: done in 0.112626 secs using 98.36% CPU
Optimizing NNI: done in 0.0967583 secs using 98.32% CPU
Optimizing NNI: done in 0.0918689 secs using 98.2% CPU
Optimizing NNI: done in 0.0840902 secs using 99.33% CPU
Optimizing NNI: done in 0.0929402 secs using 99.33% CPU
Iteration 360 / LogL: -5960.463 / Time: 0h:1m:32s (0h:0m:4s left)
Optimizing NNI: done in 0.108264 secs using 95.66% CPU
Optimizing NNI: done in 0.0993025 secs using 96.35% CPU
Optimizing NNI: done in 0.080921 secs using 95.72% CPU
Optimizing NNI: done in 0.112606 secs using 97.74% CPU
Optimizing NNI: done in 0.076247 secs using 99.45% CPU
Optimizing NNI: done in 0.0773471 secs using 94.11% CPU
Optimizing NNI: done in 0.0966044 secs using 96.21% CPU
Optimizing NNI: done in 0.0869804 secs using 98.3% CPU
Optimizing NNI: done in 0.0952577 secs using 99.4% CPU
Optimizing NNI: done in 0.0915353 secs using 98.24% CPU
Iteration 370 / LogL: -5959.619 / Time: 0h:1m:33s (0h:0m:3s left)
Optimizing NNI: done in 0.110973 secs using 98.41% CPU
Optimizing NNI: done in 0.158014 secs using 97.44% CPU
Optimizing NNI: done in 0.110325 secs using 99.47% CPU
Optimizing NNI: done in 0.0674997 secs using 97.85% CPU
Optimizing NNI: done in 0.0796332 secs using 96.81% CPU
Optimizing NNI: done in 0.0904228 secs using 97.11% CPU
Optimizing NNI: done in 0.0807215 secs using 98.02% CPU
Optimizing NNI: done in 0.0898491 secs using 98.21% CPU
Optimizing NNI: done in 0.0940117 secs using 98.24% CPU
Optimizing NNI: done in 0.0854584 secs using 98.11% CPU
Iteration 380 / LogL: -5965.837 / Time: 0h:1m:34s (0h:0m:2s left)
Optimizing NNI: done in 0.0953147 secs using 97.16% CPU
Optimizing NNI: done in 0.106062 secs using 98.27% CPU
Optimizing NNI: done in 0.0818597 secs using 98.05% CPU
Optimizing NNI: done in 0.102232 secs using 99.25% CPU
Optimizing NNI: done in 0.0779876 secs using 99.3% CPU
Optimizing NNI: done in 0.0922496 secs using 97.05% CPU
Optimizing NNI: done in 0.102938 secs using 98.28% CPU
Optimizing NNI: done in 0.0929964 secs using 99.26% CPU
BETTER TREE FOUND at iteration 388: -5959.544
Optimizing NNI: done in 0.0948733 secs using 95.07% CPU
Optimizing NNI: done in 0.117066 secs using 97.59% CPU
Iteration 390 / LogL: -5959.764 / Time: 0h:1m:35s (0h:0m:11s left)
Optimizing NNI: done in 0.0940483 secs using 99.25% CPU
Optimizing NNI: done in 0.0944866 secs using 99.31% CPU
Optimizing NNI: done in 0.11474 secs using 98.67% CPU
Optimizing NNI: done in 0.120013 secs using 96.96% CPU
Optimizing NNI: done in 0.138358 secs using 97.28% CPU
Optimizing NNI: done in 0.103253 secs using 98.23% CPU
Optimizing NNI: done in 0.110198 secs using 94.71% CPU
Optimizing NNI: done in 0.101202 secs using 97.27% CPU
Optimizing NNI: done in 0.098668 secs using 98.22% CPU
Optimizing NNI: done in 0.126063 secs using 98.66% CPU
Iteration 400 / LogL: -5959.545 / Time: 0h:1m:36s (0h:0m:9s left)
Log-likelihood cutoff on original alignment: -5990.180
NOTE: Bootstrap correlation coefficient of split occurrence frequencies: 0.995
Optimizing NNI: done in 0.100747 secs using 98.52% CPU
Optimizing NNI: done in 0.108002 secs using 99.26% CPU
Optimizing NNI: done in 0.116241 secs using 96.68% CPU
Optimizing NNI: done in 0.133427 secs using 98.59% CPU
Optimizing NNI: done in 0.0915568 secs using 98.3% CPU
Optimizing NNI: done in 0.095395 secs using 99.38% CPU
Optimizing NNI: done in 0.108806 secs using 97.57% CPU
Optimizing NNI: done in 0.0841136 secs using 98.21% CPU
Optimizing NNI: done in 0.0983091 secs using 98.58% CPU
Optimizing NNI: done in 0.110767 secs using 95.95% CPU
Iteration 410 / LogL: -5959.545 / Time: 0h:1m:38s (0h:0m:10s left)
Optimizing NNI: done in 0.104089 secs using 98.6% CPU
Optimizing NNI: done in 0.0851271 secs using 98.17% CPU
Optimizing NNI: done in 0.0926895 secs using 98.33% CPU
Optimizing NNI: done in 0.106072 secs using 99.43% CPU
Optimizing NNI: done in 0.0904332 secs using 99.49% CPU
Optimizing NNI: done in 0.0820524 secs using 99.51% CPU
Optimizing NNI: done in 0.10176 secs using 99.46% CPU
Optimizing NNI: done in 0.0808542 secs using 97.15% CPU
Optimizing NNI: done in 0.103626 secs using 98.61% CPU
Optimizing NNI: done in 0.107182 secs using 98.49% CPU
Iteration 420 / LogL: -5995.551 / Time: 0h:1m:39s (0h:0m:9s left)
Optimizing NNI: done in 0.101396 secs using 99.5% CPU
Optimizing NNI: done in 0.0825458 secs using 98.34% CPU
Optimizing NNI: done in 0.0959157 secs using 99.49% CPU
Optimizing NNI: done in 0.0928022 secs using 97.29% CPU
Optimizing NNI: done in 0.098827 secs using 99.44% CPU
Optimizing NNI: done in 0.0983086 secs using 96.39% CPU
Optimizing NNI: done in 0.0946335 secs using 98.37% CPU
Optimizing NNI: done in 0.111337 secs using 98.56% CPU
Optimizing NNI: done in 0.0922376 secs using 97.26% CPU
Optimizing NNI: done in 0.0820539 secs using 99.41% CPU
BETTER TREE FOUND at iteration 430: -5959.544
Iteration 430 / LogL: -5959.544 / Time: 0h:1m:40s (0h:0m:11s left)
Optimizing NNI: done in 0.107492 secs using 96.63% CPU
Optimizing NNI: done in 0.0812946 secs using 99.43% CPU
Optimizing NNI: done in 0.0740946 secs using 98.12% CPU
Optimizing NNI: done in 0.0996186 secs using 96.46% CPU
Optimizing NNI: done in 0.118899 secs using 97.8% CPU
Optimizing NNI: done in 0.0778463 secs using 98.2% CPU
Optimizing NNI: done in 0.104781 secs using 98.51% CPU
Optimizing NNI: done in 0.101893 secs using 96.5% CPU
Optimizing NNI: done in 0.0950389 secs using 97.34% CPU
Optimizing NNI: done in 0.11769 secs using 98.6% CPU
Iteration 440 / LogL: -5959.545 / Time: 0h:1m:41s (0h:0m:10s left)
Optimizing NNI: done in 0.0813848 secs using 99.41% CPU
Optimizing NNI: done in 0.151003 secs using 96.13% CPU
Optimizing NNI: done in 0.0944792 secs using 97.36% CPU
Optimizing NNI: done in 0.112236 secs using 96.74% CPU
Optimizing NNI: done in 0.138853 secs using 99.49% CPU
Optimizing NNI: done in 0.0960025 secs using 94.26% CPU
Optimizing NNI: done in 0.098108 secs using 98.44% CPU
Optimizing NNI: done in 0.0792972 secs using 97.09% CPU
Optimizing NNI: done in 0.103413 secs using 97.52% CPU
Optimizing NNI: done in 0.0843056 secs using 99.43% CPU
Iteration 450 / LogL: -6014.007 / Time: 0h:1m:42s (0h:0m:9s left)
Log-likelihood cutoff on original alignment: -5990.180
Optimizing NNI: done in 0.117654 secs using 99.42% CPU
Optimizing NNI: done in 0.123335 secs using 96.22% CPU
Optimizing NNI: done in 0.107892 secs using 98.54% CPU
Optimizing NNI: done in 0.087364 secs using 98.41% CPU
Optimizing NNI: done in 0.112267 secs using 98.62% CPU
Optimizing NNI: done in 0.134172 secs using 98.76% CPU
Optimizing NNI: done in 0.096335 secs using 96.39% CPU
Optimizing NNI: done in 0.101684 secs using 98.42% CPU
Optimizing NNI: done in 0.0829906 secs using 98.31% CPU
Optimizing NNI: done in 0.0954671 secs using 99.61% CPU
Iteration 460 / LogL: -5959.544 / Time: 0h:1m:44s (0h:0m:8s left)
Optimizing NNI: done in 0.0831229 secs using 97.12% CPU
Optimizing NNI: done in 0.0903359 secs using 97.26% CPU
Optimizing NNI: done in 0.0852024 secs using 97.12% CPU
Optimizing NNI: done in 0.0869376 secs using 98.28% CPU
Optimizing NNI: done in 0.142759 secs using 98.73% CPU
Optimizing NNI: done in 0.0977862 secs using 97.38% CPU
Optimizing NNI: done in 0.0997465 secs using 95.43% CPU
Optimizing NNI: done in 0.09064 secs using 95.14% CPU
Optimizing NNI: done in 0.0921611 secs using 98.49% CPU
Optimizing NNI: done in 0.106249 secs using 97.61% CPU
Iteration 470 / LogL: -5959.814 / Time: 0h:1m:45s (0h:0m:6s left)
Optimizing NNI: done in 0.0921986 secs using 97.31% CPU
Optimizing NNI: done in 0.0704447 secs using 96.6% CPU
Optimizing NNI: done in 0.0927777 secs using 99.41% CPU
Optimizing NNI: done in 0.0977951 secs using 96.52% CPU
Optimizing NNI: done in 0.111478 secs using 94.92% CPU
Optimizing NNI: done in 0.111956 secs using 99.45% CPU
Optimizing NNI: done in 0.110165 secs using 97.74% CPU
Optimizing NNI: done in 0.0849332 secs using 99.4% CPU
Optimizing NNI: done in 0.0904718 secs using 96.11% CPU
Optimizing NNI: done in 0.0965519 secs using 96.31% CPU
Iteration 480 / LogL: -5959.764 / Time: 0h:1m:46s (0h:0m:5s left)
Optimizing NNI: done in 0.0916444 secs using 97.18% CPU
Optimizing NNI: done in 0.10871 secs using 98.54% CPU
Optimizing NNI: done in 0.107716 secs using 97.59% CPU
Optimizing NNI: done in 0.0956523 secs using 99.4% CPU
Optimizing NNI: done in 0.100776 secs using 98.43% CPU
Optimizing NNI: done in 0.1041 secs using 98.43% CPU
Optimizing NNI: done in 0.090946 secs using 98.29% CPU
Optimizing NNI: done in 0.141524 secs using 98.68% CPU
Optimizing NNI: done in 0.0970057 secs using 97.29% CPU
Optimizing NNI: done in 0.134636 secs using 97.9% CPU
Iteration 490 / LogL: -5959.764 / Time: 0h:1m:47s (0h:0m:4s left)
Optimizing NNI: done in 0.099198 secs using 99.33% CPU
Optimizing NNI: done in 0.0902338 secs using 99.4% CPU
Optimizing NNI: done in 0.090031 secs using 99.33% CPU
Optimizing NNI: done in 0.0964255 secs using 99.38% CPU
Optimizing NNI: done in 0.101582 secs using 98.42% CPU
Optimizing NNI: done in 0.105572 secs using 99.38% CPU
Optimizing NNI: done in 0.0692149 secs using 99.36% CPU
Optimizing NNI: done in 0.108751 secs using 96.61% CPU
Optimizing NNI: done in 0.0981743 secs using 98.39% CPU
Optimizing NNI: done in 0.0988931 secs using 98.54% CPU
Iteration 500 / LogL: -5959.763 / Time: 0h:1m:48s (0h:0m:3s left)
Log-likelihood cutoff on original alignment: -5990.180
NOTE: Bootstrap correlation coefficient of split occurrence frequencies: 0.998
Optimizing NNI: done in 0.143887 secs using 97.29% CPU
Optimizing NNI: done in 0.11688 secs using 98.7% CPU
Optimizing NNI: done in 0.115608 secs using 97.88% CPU
Optimizing NNI: done in 0.106076 secs using 99.4% CPU
Optimizing NNI: done in 0.0952214 secs using 99.4% CPU
Optimizing NNI: done in 0.0865562 secs using 98.21% CPU
Optimizing NNI: done in 0.103964 secs using 97.5% CPU
Optimizing NNI: done in 0.114629 secs using 98.59% CPU
Optimizing NNI: done in 0.10897 secs using 98.49% CPU
Optimizing NNI: done in 0.0834442 secs using 98.25% CPU
Iteration 510 / LogL: -5959.762 / Time: 0h:1m:50s (0h:0m:10s left)
Optimizing NNI: done in 0.0934561 secs using 96.35% CPU
Optimizing NNI: done in 0.0892676 secs using 98.41% CPU
Optimizing NNI: done in 0.0831709 secs using 98.27% CPU
Optimizing NNI: done in 0.0897333 secs using 98.32% CPU
Optimizing NNI: done in 0.092489 secs using 99.56% CPU
Optimizing NNI: done in 0.0918382 secs using 96.24% CPU
Optimizing NNI: done in 0.090852 secs using 99.55% CPU
Optimizing NNI: done in 0.117172 secs using 98.55% CPU
Optimizing NNI: done in 0.0847388 secs using 97.08% CPU
Optimizing NNI: done in 0.114914 secs using 97.69% CPU
Iteration 520 / LogL: -5964.571 / Time: 0h:1m:51s (0h:0m:9s left)
Optimizing NNI: done in 0.118476 secs using 98.56% CPU
Optimizing NNI: done in 0.109238 secs using 96.6% CPU
Optimizing NNI: done in 0.0877757 secs using 95.97% CPU
Optimizing NNI: done in 0.113335 secs using 96.74% CPU
Optimizing NNI: done in 0.11326 secs using 97.6% CPU
Optimizing NNI: done in 0.0906385 secs using 99.37% CPU
Optimizing NNI: done in 0.100288 secs using 99.41% CPU
Optimizing NNI: done in 0.0958963 secs using 99.39% CPU
Optimizing NNI: done in 0.0950093 secs using 98.33% CPU
Optimizing NNI: done in 0.113239 secs using 97.57% CPU
Iteration 530 / LogL: -5967.312 / Time: 0h:1m:52s (0h:0m:8s left)
Optimizing NNI: done in 0.0958856 secs using 95.26% CPU
TREE SEARCH COMPLETED AFTER 531 ITERATIONS / Time: 0h:1m:52s

--------------------------------------------------------------------
|                    FINALIZING TREE SEARCH                        |
--------------------------------------------------------------------
Performs final model parameters optimization
Estimate model parameters (epsilon = 0.010)
1. Initial log-likelihood: -5959.544
Optimal log-likelihood: -5959.544
Rate parameters:  A-C: 1.00000  A-G: 3.13025  A-T: 1.00000  C-G: 1.00000  C-T: 3.13025  G-T: 1.00000
Base frequencies:  A: 0.223  C: 0.227  G: 0.248  T: 0.302
Gamma shape alpha: 14.470
Parameters optimization took 1 rounds (0.010 sec)
BEST SCORE FOUND : -5959.544
Creating bootstrap support values...
Split supports printed to NEXUS file results_moss_new/07_phylogeny/All/G5596.splits.nex
Total tree length: 6.841

Total number of iterations: 531
CPU time used for tree search: 59.941 sec (0h:0m:59s)
Wall-clock time used for tree search: 61.075 sec (0h:1m:1s)
Total CPU time used: 119.347 sec (0h:1m:59s)
Total wall-clock time used: 112.760 sec (0h:1m:52s)

Computing bootstrap consensus tree...
Reading input file results_moss_new/07_phylogeny/All/G5596.splits.nex...
69 taxa and 1452 splits.
Consensus tree written to results_moss_new/07_phylogeny/All/G5596.contree
Reading input trees file results_moss_new/07_phylogeny/All/G5596.contree
Log-likelihood of consensus tree: -5959.627

Analysis results written to: 
  IQ-TREE report:                results_moss_new/07_phylogeny/All/G5596.iqtree
  Maximum-likelihood tree:       results_moss_new/07_phylogeny/All/G5596.treefile
  Likelihood distances:          results_moss_new/07_phylogeny/All/G5596.mldist

Ultrafast bootstrap approximation results written to:
  Split support values:          results_moss_new/07_phylogeny/All/G5596.splits.nex
  Consensus tree:                results_moss_new/07_phylogeny/All/G5596.contree
  Screen log file:               results_moss_new/07_phylogeny/All/G5596.log

Date and Time: Fri Jun 12 11:38:07 2026
