IQ-TREE version 3.0.1 for Linux x86 64-bit built Jul  9 2025
Developed by Bui Quang Minh, Thomas Wong, Nhan Ly-Trong, Huaiyan Ren
Contributed by Lam-Tung Nguyen, Dominik Schrempf, Chris Bielow,
Olga Chernomor, Michael Woodhams, Diep Thi Hoang, Heiko Schmidt

Host:    c0711a-s19.ufhpc (AVX2, FMA3, 503 GB RAM)
Command: iqtree -s results_moss_new/06_alignment/All/trimmed/G5721.trimmed.aln --prefix results_moss_new/07_phylogeny/All/G5721 -m MFP -B 1000 -T AUTO
Seed:    789033 (Using SPRNG - Scalable Parallel Random Number Generator)
Time:    Fri Jun 12 07:29:01 2026
Kernel:  AVX+FMA - auto-detect threads (8 CPU cores detected)

Reading alignment file results_moss_new/06_alignment/All/trimmed/G5721.trimmed.aln ... Fasta format detected
Reading fasta file: done in 0.00137406 secs using 98.03% CPU
Alignment most likely contains DNA/RNA sequences
Constructing alignment: done in 0.00135287 secs using 91.21% CPU
Alignment has 56 sequences with 2014 columns, 1728 distinct patterns
1442 parsimony-informative, 272 singleton sites, 300 constant sites
                  Gap/Ambiguity  Composition  p-value
Analyzing sequences: done in 0.000191227 secs using 99.36% CPU
   1  S0042_G5721_R1_N   34.66%    passed     40.28%
   2  S0047_G5721_R1_N   34.06%    passed     25.87%
   3  S0045_G5721_R2_A   34.06%    passed     20.87%
   4  S0040_G5721_R1_N   34.11%    passed     25.91%
   5  S0044_G5721_R1_N   34.01%    passed     21.99%
   6  S0038_G5721_R1_A   34.01%    passed     39.27%
   7  S0045_G5721_R1_A   34.21%    passed     45.90%
   8  S0041_G5721_R1_N   34.01%    passed     23.14%
   9  S0043_G5721_R1_N   34.01%    passed     21.06%
  10  S0045_G5721_R4_A   34.21%    failed      1.16%
  11  S0045_G5721_R3_A   35.95%    passed     12.63%
  12  S0025_G5721_R1_A   32.37%    failed      0.00%
  13  S0029_G5721_R1_A   34.71%    failed      0.00%
  14  S0032_G5721_R2_N   39.32%    failed      0.00%
  15  S0032_G5721_R1_N   32.67%    failed      0.01%
  16  S0001_G5721_R1_A   36.94%    failed      0.00%
  17  S0024_G5721_R1_A   33.76%    failed      0.00%
  18  S0049_G5721_R1_A   42.25%    failed      0.37%
  19  S0003_G5721_R1_N   45.28%    passed     30.89%
  20  S0018_G5721_R1_A   12.81%    passed     51.73%
  21  S0004_G5721_R1_A   13.31%    passed     94.51%
  22  S0028_G5721_R1_A   11.82%    passed     38.27%
  23  S0050_G5721_R1_A   11.27%    passed     42.98%
  24  S0048_G5721_R1_A   14.75%    passed     26.54%
  25  S0022_G5721_R1_A   11.77%    passed     28.98%
  26  S0011_G5721_R1_A   12.91%    passed     48.16%
  27  S0002_G5721_R1_A   11.32%    passed     69.38%
  28  S0036_G5721_R1_A   11.52%    passed     43.96%
  29  S0020_G5721_R1_A   11.77%    passed     60.25%
  30  S0016_G5721_R1_A   12.56%    passed     65.84%
  31  S0021_G5721_R2_A   11.52%    passed     63.86%
  32  S0026_G5721_R1_A   12.02%    passed     32.75%
  33  S0013_G5721_R1_A   11.62%    passed     41.28%
  34  S0017_G5721_R1_A   15.79%    passed     31.23%
  35  S0012_G5721_R1_A   14.10%    passed     21.80%
  36  S0031_G5721_R1_A   12.26%    passed     13.37%
  37  S0046_G5721_R1_A   11.12%    passed     59.74%
  38  S0030_G5721_R1_A   11.87%    passed     53.75%
  39  S0037_G5721_R1_A   11.97%    passed     35.73%
  40  S0019_G5721_R1_A   11.32%    passed     50.41%
  41  S0021_G5721_R1_A   11.37%    passed     67.80%
  42  S0023_G5721_R1_A   11.57%    passed     31.84%
  43  S0035_G5721_R1_A   14.50%    passed     11.35%
  44  S0005_G5721_R1_A   16.43%    passed     91.59%
  45  S0033_G5721_R1_A   24.08%    passed     62.58%
  46  S0010_G5721_R1_A   18.72%    passed     26.17%
  47  S0010_G5721_R2_V   21.15%    passed     10.24%
  48  S0009_G5721_R1_A   20.46%    passed     37.53%
  49  S0014_G5721_R1_A   25.37%    passed     28.99%
  50  S0034_G5721_R1_A   27.56%    passed     59.43%
  51  S0015_G5721_R1_A   25.22%    passed     70.23%
  52  S0027_G5721_R1_A   27.31%    failed      0.01%
  53  S0008_G5721_R1_A   26.71%    passed      6.63%
  54  S0006_G5721_R1_A   20.11%    failed      0.28%
  55  S0051_G5721_R1_A   23.54%    failed      0.00%
  56  S0039_G5721_R1_A   24.28%    failed      0.00%
****  TOTAL              22.72%  12 sequences failed composition chi2 test (p-value<5%; df=3)
Checking for duplicate sequences: done in 0.000210854 secs using 59.76% CPU


Create initial parsimony tree by phylogenetic likelihood library (PLL)... 0.009 seconds
Measuring multi-threading efficiency up to 8 CPU cores
Increase to 10 rounds for branch lengths
64 trees examined
Threads: 1 / Time: 8.045 sec / Speedup: 1.000 / Efficiency: 100% / LogL: -50378
Threads: 2 / Time: 20.115 sec / Speedup: 0.400 / Efficiency: 20% / LogL: -50378
Determining AUTO threadcount: done in 28.1613 secs using 108.5% CPU
BEST NUMBER OF THREADS: 1

Perform fast likelihood tree search using GTR+I+G model...
Estimate model parameters (epsilon = 5.000)
Perform nearest neighbor interchange...
Optimizing NNI: done in 0.21283 secs using 92.87% CPU
Estimate model parameters (epsilon = 1.000)
1. Initial log-likelihood: -31194.909
Optimal log-likelihood: -31194.797
Rate parameters:  A-C: 1.02464  A-G: 2.59443  A-T: 0.96915  C-G: 0.90808  C-T: 2.98021  G-T: 1.00000
Base frequencies:  A: 0.239  C: 0.225  G: 0.255  T: 0.281
Proportion of invariable sites: 0.065
Gamma shape alpha: 1.487
Parameters optimization took 1 rounds (0.062 sec)
Time for fast ML tree search: 0.848 seconds

NOTE: ModelFinder requires 38 MB RAM!
ModelFinder will test up to 968 DNA models (sample size: 2014 epsilon: 0.100) ...
 No. Model         -LnL         df  AIC          AICc         BIC
  1  JC            32803.704    109 65825.408    65838.002    66436.666
  2  JC+I          32312.982    110 64845.963    64858.796    65462.830
  3  JC+G4         31895.603    110 64011.205    64024.037    64628.072
  4  JC+I+G4       31881.604    111 63985.207    63998.280    64607.681
  5  JC+R2         31940.378    111 64102.756    64115.828    64725.230
  6  JC+R3         31878.107    113 63982.214    63995.774    64615.904
  7  JC+R4         31877.613    115 63985.227    63999.284    64630.133
 14  JC+I+R2       31902.778    112 64029.557    64042.872    64657.639
 15  JC+I+R3       31877.043    114 63982.086    63995.893    64621.384
 16  JC+I+R4       31876.802    116 63985.605    63999.914    64636.119
 26  JC+I+G4       31881.604    111 63985.207    63998.280    64607.681
 28  JC+R3         31878.107    113 63982.214    63995.774    64615.904
 48  F81+I+G4      31881.592    111 63985.185    63998.257    64607.659
 50  F81+R3        31877.928    113 63981.855    63995.415    64615.545
 70  F81+F+I+G4    31843.322    114 63914.643    63928.450    64553.941
 72  F81+F+R3      31839.346    116 63910.692    63925.001    64561.206
 92  K2P+I+G4      31251.091    112 62726.181    62739.496    63354.264
 94  K2P+R3        31247.847    114 62723.693    62737.500    63362.991
114  K2P+I+G4      31251.091    112 62726.181    62739.496    63354.264
116  K2P+R3        31247.847    114 62723.693    62737.500    63362.991
136  HKY+I+G4      31251.085    112 62726.170    62739.485    63354.252
138  HKY+R3        31247.676    114 62723.352    62737.159    63362.650
158  HKY+F+I+G4    31200.400    115 62630.801    62644.858    63275.707
160  HKY+F+R3      31196.558    117 62627.116    62641.679    63283.238
180  TNe+I+G4      31246.287    113 62718.574    62732.134    63352.264
182  TNe+R3        31242.582    115 62715.165    62729.222    63360.071
202  TNe+I+G4      31246.287    113 62718.574    62732.134    63352.264
204  TNe+R3        31242.582    115 62715.165    62729.222    63360.071
224  TN+I+G4       31246.286    113 62718.573    62732.133    63352.263
226  TN+R3         31242.448    115 62714.895    62728.952    63359.801
246  TN+F+I+G4     31196.126    116 62624.252    62638.561    63274.766
248  TN+F+R3       31191.757    118 62619.513    62634.333    63281.243
268  K3P+I+G4      31250.022    113 62726.044    62739.604    63359.734
270  K3P+R3        31246.490    115 62722.980    62737.037    63367.886
290  K3P+I+G4      31250.022    113 62726.044    62739.604    63359.734
292  K3P+R3        31246.490    115 62722.980    62737.037    63367.886
312  K3Pu+I+G4     31250.021    113 62726.043    62739.603    63359.733
314  K3Pu+R3       31246.388    115 62722.775    62736.832    63367.681
334  K3Pu+F+I+G4   31199.541    116 62631.083    62645.392    63281.596
336  K3Pu+F+R3     31195.343    118 62626.687    62641.507    63288.416
356  TPM2+I+G4     31251.031    113 62728.061    62741.621    63361.751
358  TPM2+R3       31247.427    115 62724.855    62738.911    63369.760
378  TPM2+I+G4     31251.031    113 62728.061    62741.621    63361.751
380  TPM2+R3       31247.427    115 62724.855    62738.911    63369.760
400  TPM2u+I+G4    31251.029    113 62728.059    62741.619    63361.749
402  TPM2u+R3      31247.320    115 62724.640    62738.697    63369.546
422  TPM2u+F+I+G4  31200.084    116 62632.167    62646.476    63282.681
424  TPM2u+F+R3    31196.003    118 62628.005    62642.825    63289.735
444  TPM3+I+G4     31242.406    113 62710.813    62724.373    63344.503
446  TPM3+R3       31239.537    115 62709.073    62723.130    63353.979
466  TPM3+I+G4     31242.406    113 62710.813    62724.373    63344.503
468  TPM3+R3       31239.537    115 62709.073    62723.130    63353.979
488  TPM3u+I+G4    31242.404    113 62710.807    62724.367    63344.498
490  TPM3u+R3      31239.421    115 62708.841    62722.898    63353.747
510  TPM3u+F+I+G4  31200.308    116 62632.616    62646.925    63283.129
512  TPM3u+F+R3    31196.196    118 62628.393    62643.213    63290.122
532  TIMe+I+G4     31245.224    114 62718.449    62732.256    63357.747
534  TIMe+R3       31241.253    116 62714.507    62728.816    63365.021
554  TIMe+I+G4     31245.224    114 62718.449    62732.256    63357.747
556  TIMe+R3       31241.253    116 62714.507    62728.816    63365.021
576  TIM+I+G4      31245.226    114 62718.452    62732.259    63357.750
578  TIM+R3        31241.183    116 62714.367    62728.676    63364.880
598  TIM+F+I+G4    31195.270    117 62624.540    62639.104    63280.662
600  TIM+F+R3      31190.765    119 62619.530    62634.609    63286.867
620  TIM2e+I+G4    31246.233    114 62720.466    62734.273    63359.764
622  TIM2e+R3      31242.230    116 62716.459    62730.768    63366.973
642  TIM2e+I+G4    31246.233    114 62720.466    62734.273    63359.764
644  TIM2e+R3      31242.230    116 62716.459    62730.768    63366.973
664  TIM2+I+G4     31246.232    114 62720.465    62734.272    63359.763
666  TIM2+R3       31242.161    116 62716.322    62730.631    63366.836
686  TIM2+F+I+G4   31195.831    117 62625.661    62640.224    63281.783
688  TIM2+F+R3     31191.435    119 62620.870    62635.949    63288.207
708  TIM3e+I+G4    31237.445    114 62702.891    62716.698    63342.189
710  TIM3e+R3      31234.210    116 62700.420    62714.729    63350.934
730  TIM3e+I+G4    31237.445    114 62702.891    62716.698    63342.189
732  TIM3e+R3      31234.210    116 62700.420    62714.729    63350.934
752  TIM3+I+G4     31237.444    114 62702.887    62716.694    63342.185
754  TIM3+R3       31234.132    116 62700.265    62714.574    63350.779
774  TIM3+F+I+G4   31196.048    117 62626.095    62640.658    63282.217
776  TIM3+F+R3     31191.593    119 62621.186    62636.265    63288.524
796  TVMe+I+G4     31241.301    115 62712.602    62726.659    63357.508
798  TVMe+R3       31238.154    117 62710.309    62724.872    63366.430
818  TVMe+I+G4     31241.301    115 62712.602    62726.659    63357.508
820  TVMe+R3       31238.154    117 62710.308    62724.872    63366.430
840  TVM+I+G4      31241.299    115 62712.598    62726.655    63357.504
842  TVM+R3        31238.088    117 62710.176    62724.739    63366.298
862  TVM+F+I+G4    31198.990    118 62633.980    62648.800    63295.710
864  TVM+F+R3      31194.917    120 62629.835    62645.175    63302.780
884  SYM+I+G4      31236.332    116 62704.664    62718.973    63355.178
886  SYM+R3        31232.955    118 62701.909    62716.729    63363.639
906  SYM+I+G4      31236.332    116 62704.664    62718.973    63355.178
908  SYM+R3        31232.955    118 62701.909    62716.729    63363.639
928  GTR+I+G4      31236.332    116 62704.665    62718.974    63355.179
930  GTR+R3        31232.935    118 62701.869    62716.689    63363.599
950  GTR+F+I+G4    31194.765    119 62627.530    62642.609    63294.867
952  GTR+F+R3      31190.358    121 62622.717    62638.321    63301.270
Akaike Information Criterion:           TN+F+R3
Corrected Akaike Information Criterion: TN+F+R3
Bayesian Information Criterion:         TN+F+I+G4
Best-fit model: TN+F+I+G4 chosen according to BIC

All model information printed to results_moss_new/07_phylogeny/All/G5721.model.gz
CPU time for ModelFinder: 46.221 seconds (0h:0m:46s)
Wall-clock time for ModelFinder: 45.014 seconds (0h:0m:45s)
Generating 1000 samples for ultrafast bootstrap (seed: 789033)...

NOTE: 19 MB RAM (0 GB) is required!
Estimate model parameters (epsilon = 0.100)
Thoroughly optimizing +I+G parameters from 10 start values...
Init pinv, alpha: 0.000, 1.512 / Estimate: 0.000, 1.098 / LogL: -31208.796
Init pinv, alpha: 0.017, 1.512 / Estimate: 0.062, 1.462 / LogL: -31196.276
Init pinv, alpha: 0.033, 1.512 / Estimate: 0.063, 1.466 / LogL: -31196.254
Init pinv, alpha: 0.050, 1.512 / Estimate: 0.063, 1.467 / LogL: -31196.250
Init pinv, alpha: 0.066, 1.512 / Estimate: 0.067, 1.499 / LogL: -31196.133
Init pinv, alpha: 0.083, 1.512 / Estimate: 0.072, 1.541 / LogL: -31196.192
Init pinv, alpha: 0.099, 1.512 / Estimate: 0.073, 1.550 / LogL: -31196.231
Init pinv, alpha: 0.116, 1.512 / Estimate: 0.073, 1.546 / LogL: -31196.214
Init pinv, alpha: 0.132, 1.512 / Estimate: 0.072, 1.540 / LogL: -31196.188
Init pinv, alpha: 0.149, 1.512 / Estimate: 0.072, 1.542 / LogL: -31196.196
Optimal pinv,alpha: 0.067, 1.499 / LogL: -31196.133

Parameters optimization took 3.530 sec
Wrote distance file to... 
Computing ML distances based on estimated model parameters...
Calculating distance matrix: done in 0.010673 secs using 99.53% CPU
Computing ML distances took 0.010958 sec (of wall-clock time) 0.010910 sec (of CPU time)
Setting up auxiliary I and S matrices: done in 8.6603e-05 secs using 137.4% CPU
Constructing RapidNJ tree: done in 0.000188244 secs using 113.2% CPU
Computing RapidNJ tree took 0.000313 sec (of wall-clock time) 0.000368 sec (of CPU time)
Log-likelihood of RapidNJ tree: -31333.919
--------------------------------------------------------------------
|             INITIALIZING CANDIDATE TREE SET                      |
--------------------------------------------------------------------
Generating 98 parsimony trees... 0.796 second
Computing log-likelihood of 98 initial trees ... 1.540 seconds
Current best score: -31196.133

Do NNI search on 20 best initial trees
Optimizing NNI: done in 0.0793062 secs using 98.33% CPU
Estimate model parameters (epsilon = 0.100)
BETTER TREE FOUND at iteration 1: -31196.130
Optimizing NNI: done in 0.29729 secs using 99.57% CPU
Estimate model parameters (epsilon = 0.100)
BETTER TREE FOUND at iteration 2: -31193.151
Optimizing NNI: done in 0.300072 secs using 98.91% CPU
Optimizing NNI: done in 0.298605 secs using 99.24% CPU
Optimizing NNI: done in 0.27897 secs using 99.58% CPU
Optimizing NNI: done in 0.276081 secs using 99.22% CPU
Optimizing NNI: done in 0.304474 secs using 99.57% CPU
Optimizing NNI: done in 0.304445 secs using 98.99% CPU
Optimizing NNI: done in 0.262325 secs using 99.12% CPU
Optimizing NNI: done in 0.272099 secs using 98.82% CPU
Iteration 10 / LogL: -31195.554 / Time: 0h:0m:53s
Optimizing NNI: done in 0.263192 secs using 98.78% CPU
Optimizing NNI: done in 0.272542 secs using 99.2% CPU
Optimizing NNI: done in 0.302802 secs using 98.93% CPU
Optimizing NNI: done in 0.301618 secs using 99.42% CPU
Optimizing NNI: done in 0.302032 secs using 99.12% CPU
Optimizing NNI: done in 0.281703 secs using 99.5% CPU
Optimizing NNI: done in 0.266415 secs using 98.76% CPU
Optimizing NNI: done in 0.301163 secs using 98.75% CPU
Optimizing NNI: done in 0.279564 secs using 99.14% CPU
Optimizing NNI: done in 0.322023 secs using 99.18% CPU
Iteration 20 / LogL: -31193.204 / Time: 0h:0m:56s
Finish initializing candidate tree set (5)
Current best tree score: -31193.151 / CPU time: 8.061
Number of iterations: 20
--------------------------------------------------------------------
|               OPTIMIZING CANDIDATE TREE SET                      |
--------------------------------------------------------------------
Optimizing NNI: done in 0.393872 secs using 98.99% CPU
Optimizing NNI: done in 0.324652 secs using 99.19% CPU
Optimizing NNI: done in 0.336897 secs using 98.34% CPU
Optimizing NNI: done in 0.29802 secs using 99.15% CPU
Optimizing NNI: done in 0.271252 secs using 99.52% CPU
Optimizing NNI: done in 0.267262 secs using 99.51% CPU
Optimizing NNI: done in 0.316681 secs using 98.87% CPU
Optimizing NNI: done in 0.279317 secs using 99.15% CPU
Optimizing NNI: done in 0.31509 secs using 98.91% CPU
Optimizing NNI: done in 0.401875 secs using 99.5% CPU
Iteration 30 / LogL: -31193.317 / Time: 0h:1m:0s (0h:0m:37s left)
Optimizing NNI: done in 0.329716 secs using 98.9% CPU
Optimizing NNI: done in 0.307351 secs using 99.19% CPU
Optimizing NNI: done in 0.354499 secs using 99.51% CPU
Optimizing NNI: done in 0.200347 secs using 99.52% CPU
Optimizing NNI: done in 0.245684 secs using 98.31% CPU
Optimizing NNI: done in 0.243185 secs using 99.14% CPU
Optimizing NNI: done in 0.218548 secs using 99.52% CPU
Optimizing NNI: done in 0.258473 secs using 99.51% CPU
Optimizing NNI: done in 0.26745 secs using 98.76% CPU
Estimate model parameters (epsilon = 0.100)
BETTER TREE FOUND at iteration 39: -31191.661
Optimizing NNI: done in 0.226416 secs using 99.08% CPU
Estimate model parameters (epsilon = 0.100)
BETTER TREE FOUND at iteration 40: -31190.193
Iteration 40 / LogL: -31190.193 / Time: 0h:1m:2s (0h:0m:45s left)
Optimizing NNI: done in 0.371075 secs using 98.94% CPU
Optimizing NNI: done in 0.279275 secs using 98.68% CPU
Optimizing NNI: done in 0.260328 secs using 99.43% CPU
Estimate model parameters (epsilon = 0.100)
BETTER TREE FOUND at iteration 43: -31190.133
Optimizing NNI: done in 0.301231 secs using 99.1% CPU
Optimizing NNI: done in 0.290419 secs using 99.43% CPU
Optimizing NNI: done in 0.232256 secs using 99.47% CPU
Optimizing NNI: done in 0.391466 secs using 99.21% CPU
Optimizing NNI: done in 0.313641 secs using 99.51% CPU
Optimizing NNI: done in 0.322332 secs using 99.15% CPU
Estimate model parameters (epsilon = 0.100)
BETTER TREE FOUND at iteration 49: -31189.767
Optimizing NNI: done in 0.464881 secs using 76.4% CPU
Iteration 50 / LogL: -31201.927 / Time: 0h:1m:6s (0h:0m:43s left)
Log-likelihood cutoff on original alignment: -31223.393
Optimizing NNI: done in 0.223376 secs using 98.95% CPU
Optimizing NNI: done in 0.262489 secs using 99.02% CPU
Optimizing NNI: done in 0.296983 secs using 98.49% CPU
Optimizing NNI: done in 0.350756 secs using 78.59% CPU
Optimizing NNI: done in 0.361691 secs using 99.03% CPU
Optimizing NNI: done in 0.259948 secs using 98.7% CPU
Optimizing NNI: done in 0.308398 secs using 99.36% CPU
Optimizing NNI: done in 0.297165 secs using 99.36% CPU
Optimizing NNI: done in 0.352432 secs using 99.14% CPU
Optimizing NNI: done in 0.365743 secs using 99.12% CPU
Iteration 60 / LogL: -31190.826 / Time: 0h:1m:9s (0h:0m:36s left)
Optimizing NNI: done in 0.249241 secs using 99.02% CPU
Optimizing NNI: done in 0.230542 secs using 99.4% CPU
Optimizing NNI: done in 0.299261 secs using 99.14% CPU
Optimizing NNI: done in 0.278329 secs using 98.76% CPU
Optimizing NNI: done in 0.32529 secs using 99.12% CPU
Optimizing NNI: done in 0.287898 secs using 99.06% CPU
Optimizing NNI: done in 0.314937 secs using 98.12% CPU
Optimizing NNI: done in 0.289873 secs using 97.69% CPU
Optimizing NNI: done in 0.291424 secs using 99.04% CPU
Optimizing NNI: done in 0.258198 secs using 99.32% CPU
Iteration 70 / LogL: -31191.269 / Time: 0h:1m:12s (0h:0m:31s left)
Optimizing NNI: done in 0.275685 secs using 98.65% CPU
Optimizing NNI: done in 0.354946 secs using 99.09% CPU
Optimizing NNI: done in 0.281299 secs using 98.74% CPU
Optimizing NNI: done in 0.313729 secs using 98.06% CPU
Optimizing NNI: done in 0.250755 secs using 99% CPU
Optimizing NNI: done in 0.363498 secs using 99.05% CPU
Optimizing NNI: done in 0.281483 secs using 99.05% CPU
Optimizing NNI: done in 0.220487 secs using 99.33% CPU
Optimizing NNI: done in 0.285129 secs using 99.32% CPU
Optimizing NNI: done in 0.276806 secs using 98.72% CPU
Iteration 80 / LogL: -31191.833 / Time: 0h:1m:15s (0h:0m:26s left)
Optimizing NNI: done in 0.356425 secs using 99.16% CPU
Estimate model parameters (epsilon = 0.100)
UPDATE BEST LOG-LIKELIHOOD: -31189.701
Optimizing NNI: done in 0.218364 secs using 98.97% CPU
Optimizing NNI: done in 0.333748 secs using 98.53% CPU
Optimizing NNI: done in 0.359234 secs using 99.33% CPU
Optimizing NNI: done in 0.335166 secs using 98.5% CPU
Optimizing NNI: done in 0.234299 secs using 99.45% CPU
Optimizing NNI: done in 0.263085 secs using 99.41% CPU
Optimizing NNI: done in 0.361427 secs using 99.14% CPU
Optimizing NNI: done in 0.306981 secs using 99.11% CPU
Optimizing NNI: done in 0.277137 secs using 99.03% CPU
Iteration 90 / LogL: -31289.328 / Time: 0h:1m:18s (0h:0m:22s left)
Optimizing NNI: done in 0.276726 secs using 98.35% CPU
Optimizing NNI: done in 0.29872 secs using 99.35% CPU
Optimizing NNI: done in 0.216556 secs using 99.44% CPU
Optimizing NNI: done in 0.325145 secs using 99.12% CPU
Optimizing NNI: done in 0.210595 secs using 98.93% CPU
Optimizing NNI: done in 0.302033 secs using 99.43% CPU
Optimizing NNI: done in 0.269634 secs using 99.42% CPU
Optimizing NNI: done in 0.326645 secs using 90.37% CPU
Optimizing NNI: done in 0.30113 secs using 90.46% CPU
Optimizing NNI: done in 0.309898 secs using 93.65% CPU
Iteration 100 / LogL: -31189.976 / Time: 0h:1m:21s (0h:0m:18s left)
Log-likelihood cutoff on original alignment: -31223.393
NOTE: Bootstrap correlation coefficient of split occurrence frequencies: 0.990
NOTE: UFBoot does not converge, continue at least 100 more iterations
Optimizing NNI: done in 0.321813 secs using 88.63% CPU
Optimizing NNI: done in 0.250678 secs using 81.88% CPU
Optimizing NNI: done in 0.349295 secs using 94.79% CPU
Optimizing NNI: done in 0.339414 secs using 91.73% CPU
Optimizing NNI: done in 0.252238 secs using 97.72% CPU
Optimizing NNI: done in 0.332858 secs using 99.4% CPU
Optimizing NNI: done in 0.438812 secs using 98.72% CPU
Optimizing NNI: done in 0.226474 secs using 98.52% CPU
Optimizing NNI: done in 0.296077 secs using 99.04% CPU
Optimizing NNI: done in 0.290105 secs using 99.37% CPU
Iteration 110 / LogL: -31193.048 / Time: 0h:1m:24s (0h:0m:32s left)
Optimizing NNI: done in 0.380995 secs using 99.38% CPU
Optimizing NNI: done in 0.263876 secs using 98.3% CPU
Optimizing NNI: done in 0.368721 secs using 98.68% CPU
Optimizing NNI: done in 0.206607 secs using 99.44% CPU
Optimizing NNI: done in 0.357651 secs using 99.19% CPU
Optimizing NNI: done in 0.25048 secs using 99.47% CPU
Optimizing NNI: done in 0.404543 secs using 97.36% CPU
Optimizing NNI: done in 0.332154 secs using 98.85% CPU
Optimizing NNI: done in 0.245264 secs using 99.47% CPU
Optimizing NNI: done in 0.303023 secs using 99.27% CPU
Iteration 120 / LogL: -31190.064 / Time: 0h:1m:27s (0h:0m:28s left)
Optimizing NNI: done in 0.359338 secs using 99.43% CPU
Optimizing NNI: done in 0.314331 secs using 98.82% CPU
Optimizing NNI: done in 0.298436 secs using 99.12% CPU
Optimizing NNI: done in 0.368932 secs using 99.18% CPU
Optimizing NNI: done in 0.254631 secs using 99.44% CPU
Optimizing NNI: done in 0.320767 secs using 99.11% CPU
Optimizing NNI: done in 0.214184 secs using 99.46% CPU
Optimizing NNI: done in 0.311662 secs using 98.8% CPU
Optimizing NNI: done in 0.353924 secs using 99.18% CPU
Optimizing NNI: done in 0.304088 secs using 99.15% CPU
Iteration 130 / LogL: -31189.873 / Time: 0h:1m:30s (0h:0m:24s left)
Optimizing NNI: done in 0.290643 secs using 98.81% CPU
Optimizing NNI: done in 0.311197 secs using 99.16% CPU
Optimizing NNI: done in 0.302171 secs using 98.79% CPU
Optimizing NNI: done in 0.249331 secs using 98.67% CPU
Optimizing NNI: done in 0.385538 secs using 98.94% CPU
Optimizing NNI: done in 0.306335 secs using 98.87% CPU
Optimizing NNI: done in 0.37519 secs using 99.22% CPU
Optimizing NNI: done in 0.315615 secs using 99.16% CPU
Optimizing NNI: done in 0.346658 secs using 99.48% CPU
Optimizing NNI: done in 0.318402 secs using 99.52% CPU
Iteration 140 / LogL: -31204.918 / Time: 0h:1m:34s (0h:0m:21s left)
Optimizing NNI: done in 0.32789 secs using 98.91% CPU
Optimizing NNI: done in 0.342888 secs using 99.45% CPU
Optimizing NNI: done in 0.24491 secs using 99.49% CPU
Optimizing NNI: done in 0.275921 secs using 99.48% CPU
Optimizing NNI: done in 0.326232 secs using 99.17% CPU
Optimizing NNI: done in 0.36575 secs using 99.2% CPU
Optimizing NNI: done in 0.314911 secs using 99.44% CPU
Optimizing NNI: done in 0.292014 secs using 99.09% CPU
Optimizing NNI: done in 0.220397 secs using 98.95% CPU
Optimizing NNI: done in 0.323505 secs using 98.83% CPU
Iteration 150 / LogL: -31190.429 / Time: 0h:1m:37s (0h:0m:17s left)
Log-likelihood cutoff on original alignment: -31223.393
Optimizing NNI: done in 0.247941 secs using 99.44% CPU
Optimizing NNI: done in 0.327047 secs using 98.51% CPU
Optimizing NNI: done in 0.24561 secs using 98.97% CPU
Optimizing NNI: done in 0.226378 secs using 98.64% CPU
Optimizing NNI: done in 0.291802 secs using 99.04% CPU
Optimizing NNI: done in 0.336476 secs using 98.82% CPU
Optimizing NNI: done in 0.215995 secs using 99.4% CPU
Optimizing NNI: done in 0.243737 secs using 98.96% CPU
Optimizing NNI: done in 0.324275 secs using 98.5% CPU
Optimizing NNI: done in 0.277879 secs using 99.08% CPU
Iteration 160 / LogL: -31191.733 / Time: 0h:1m:40s (0h:0m:13s left)
Optimizing NNI: done in 0.392502 secs using 98.92% CPU
Optimizing NNI: done in 0.253357 secs using 98.98% CPU
Optimizing NNI: done in 0.293579 secs using 99.02% CPU
Optimizing NNI: done in 0.290912 secs using 99.01% CPU
Optimizing NNI: done in 0.250358 secs using 98.99% CPU
Optimizing NNI: done in 0.237694 secs using 98.94% CPU
Optimizing NNI: done in 0.365482 secs using 98.85% CPU
Optimizing NNI: done in 0.341243 secs using 98.8% CPU
Optimizing NNI: done in 0.310772 secs using 98.74% CPU
Optimizing NNI: done in 0.296051 secs using 98.09% CPU
Iteration 170 / LogL: -31280.402 / Time: 0h:1m:43s (0h:0m:10s left)
Optimizing NNI: done in 0.278489 secs using 99.07% CPU
Optimizing NNI: done in 0.301783 secs using 99.41% CPU
Optimizing NNI: done in 0.321492 secs using 99.1% CPU
Optimizing NNI: done in 0.297656 secs using 98.74% CPU
Optimizing NNI: done in 0.353458 secs using 98.81% CPU
Optimizing NNI: done in 0.231875 secs using 99.43% CPU
Optimizing NNI: done in 0.23955 secs using 99.02% CPU
Optimizing NNI: done in 0.265865 secs using 99.43% CPU
Optimizing NNI: done in 0.288126 secs using 98.76% CPU
Optimizing NNI: done in 0.2821 secs using 99.43% CPU
Iteration 180 / LogL: -31193.169 / Time: 0h:1m:46s (0h:0m:6s left)
Optimizing NNI: done in 0.256802 secs using 99.01% CPU
Optimizing NNI: done in 0.219296 secs using 99.13% CPU
Optimizing NNI: done in 0.311438 secs using 99.09% CPU
Optimizing NNI: done in 0.254984 secs using 99.44% CPU
Optimizing NNI: done in 0.306383 secs using 99.49% CPU
Optimizing NNI: done in 0.313546 secs using 99.15% CPU
Optimizing NNI: done in 0.312565 secs using 99.17% CPU
Optimizing NNI: done in 0.264277 secs using 98.72% CPU
Optimizing NNI: done in 0.294087 secs using 98.47% CPU
Optimizing NNI: done in 0.354064 secs using 99.18% CPU
Iteration 190 / LogL: -31189.892 / Time: 0h:1m:49s (0h:0m:3s left)
Optimizing NNI: done in 0.260862 secs using 99.06% CPU
Optimizing NNI: done in 0.324885 secs using 99.19% CPU
Optimizing NNI: done in 0.23648 secs using 99.51% CPU
Optimizing NNI: done in 0.310328 secs using 99.16% CPU
Optimizing NNI: done in 0.28888 secs using 99.15% CPU
Optimizing NNI: done in 0.298375 secs using 99.38% CPU
Optimizing NNI: done in 0.265219 secs using 99.48% CPU
Optimizing NNI: done in 0.262033 secs using 99.4% CPU
Optimizing NNI: done in 0.302443 secs using 99.02% CPU
Optimizing NNI: done in 0.300199 secs using 99.46% CPU
Iteration 200 / LogL: -31279.908 / Time: 0h:1m:52s (0h:0m:0s left)
Log-likelihood cutoff on original alignment: -31223.393
NOTE: Bootstrap correlation coefficient of split occurrence frequencies: 0.992
TREE SEARCH COMPLETED AFTER 200 ITERATIONS / Time: 0h:1m:52s

--------------------------------------------------------------------
|                    FINALIZING TREE SEARCH                        |
--------------------------------------------------------------------
Performs final model parameters optimization
Estimate model parameters (epsilon = 0.010)
1. Initial log-likelihood: -31189.701
Optimal log-likelihood: -31189.701
Rate parameters:  A-C: 1.00000  A-G: 2.67722  A-T: 1.00000  C-G: 1.00000  C-T: 3.07634  G-T: 1.00000
Base frequencies:  A: 0.239  C: 0.225  G: 0.255  T: 0.281
Proportion of invariable sites: 0.069
Gamma shape alpha: 1.521
Parameters optimization took 1 rounds (0.047 sec)
BEST SCORE FOUND : -31189.701
Creating bootstrap support values...
Split supports printed to NEXUS file results_moss_new/07_phylogeny/All/G5721.splits.nex
Total tree length: 6.716

Total number of iterations: 200
CPU time used for tree search: 62.478 sec (0h:1m:2s)
Wall-clock time used for tree search: 63.459 sec (0h:1m:3s)
Total CPU time used: 112.489 sec (0h:1m:52s)
Total wall-clock time used: 112.330 sec (0h:1m:52s)

Computing bootstrap consensus tree...
Reading input file results_moss_new/07_phylogeny/All/G5721.splits.nex...
56 taxa and 291 splits.
Consensus tree written to results_moss_new/07_phylogeny/All/G5721.contree
Reading input trees file results_moss_new/07_phylogeny/All/G5721.contree
Log-likelihood of consensus tree: -31190.846

Analysis results written to: 
  IQ-TREE report:                results_moss_new/07_phylogeny/All/G5721.iqtree
  Maximum-likelihood tree:       results_moss_new/07_phylogeny/All/G5721.treefile
  Likelihood distances:          results_moss_new/07_phylogeny/All/G5721.mldist

Ultrafast bootstrap approximation results written to:
  Split support values:          results_moss_new/07_phylogeny/All/G5721.splits.nex
  Consensus tree:                results_moss_new/07_phylogeny/All/G5721.contree
  Screen log file:               results_moss_new/07_phylogeny/All/G5721.log

Date and Time: Fri Jun 12 07:30:54 2026
