IQ-TREE version 3.0.1 for Linux x86 64-bit built Jul  9 2025
Developed by Bui Quang Minh, Thomas Wong, Nhan Ly-Trong, Huaiyan Ren
Contributed by Lam-Tung Nguyen, Dominik Schrempf, Chris Bielow,
Olga Chernomor, Michael Woodhams, Diep Thi Hoang, Heiko Schmidt

Host:    c0711a-s19.ufhpc (AVX2, FMA3, 503 GB RAM)
Command: iqtree -s results_moss_new/06_alignment/All/trimmed/G5753.trimmed.aln --prefix results_moss_new/07_phylogeny/All/G5753 -m MFP -B 1000 -T AUTO
Seed:    407020 (Using SPRNG - Scalable Parallel Random Number Generator)
Time:    Fri Jun 12 09:04:08 2026
Kernel:  AVX+FMA - auto-detect threads (8 CPU cores detected)

Reading alignment file results_moss_new/06_alignment/All/trimmed/G5753.trimmed.aln ... Fasta format detected
Reading fasta file: done in 0.00171315 secs
Alignment most likely contains DNA/RNA sequences
Constructing alignment: done in 0.000475064 secs
Alignment has 54 sequences with 655 columns, 549 distinct patterns
474 parsimony-informative, 73 singleton sites, 108 constant sites
                  Gap/Ambiguity  Composition  p-value
Analyzing sequences: done in 4.4965e-05 secs
   1  S0051_G5753_R1_A    4.43%    passed     74.20%
   2  S0039_G5753_R1_A    4.43%    passed     70.38%
   3  S0009_G5753_R1_U    0.15%    passed     79.11%
   4  S0010_G5753_R1_V    0.31%    passed     67.14%
   5  S0027_G5753_R1_A    0.15%    passed     87.38%
   6  S0008_G5753_R1_A    0.15%    passed     98.28%
   7  S0015_G5753_R1_A    0.15%    passed     60.00%
   8  S0034_G5753_R1_A    0.46%    passed     96.80%
   9  S0014_G5753_R1_A    0.15%    passed     59.80%
  10  S0009_G5753_R2_A    4.58%    passed     78.42%
  11  S0010_G5753_R2_V    5.19%    passed     57.88%
  12  S0031_G5753_R1_A    0.15%    passed     99.37%
  13  S0018_G5753_R1_A    0.92%    passed     98.36%
  14  S0002_G5753_R1_A    0.15%    passed     99.84%
  15  S0028_G5753_R1_A    0.15%    passed     87.78%
  16  S0030_G5753_R1_A    0.15%    passed     96.08%
  17  S0016_G5753_R1_A    0.15%    passed     98.54%
  18  S0004_G5753_R1_A    0.15%    passed     96.46%
  19  S0046_G5753_R1_A    0.46%    passed     98.19%
  20  S0036_G5753_R1_A    0.15%    passed     96.81%
  21  S0020_G5753_R1_A    0.15%    passed     97.42%
  22  S0026_G5753_R1_A    0.15%    passed     97.88%
  23  S0019_G5753_R1_A    0.61%    passed     99.05%
  24  S0050_G5753_R1_A    0.15%    passed     76.90%
  25  S0048_G5753_R1_A    0.15%    passed     68.43%
  26  S0012_G5753_R1_A    0.31%    passed     99.57%
  27  S0021_G5753_R1_A    0.15%    passed     99.80%
  28  S0022_G5753_R1_A    1.07%    passed     97.32%
  29  S0011_G5753_R1_A    0.46%    passed     96.39%
  30  S0023_G5753_R1_A    0.15%    passed     94.25%
  31  S0013_G5753_R1_A    0.92%    passed     96.64%
  32  S0021_G5753_R2_A    0.15%    passed     99.94%
  33  S0017_G5753_R1_A    1.22%    passed     90.09%
  34  S0005_G5753_R1_A    1.98%    passed     95.05%
  35  S0037_G5753_R1_A    3.05%    passed     69.50%
  36  S0035_G5753_R1_A    1.68%    passed     82.83%
  37  S0033_G5753_R1_A    1.07%    passed     92.28%
  38  S0006_G5753_R1_A    5.34%    passed     44.33%
  39  S0025_G5753_R1_A    0.31%    passed     96.89%
  40  S0029_G5753_R1_A    0.61%    passed     97.41%
  41  S0032_G5753_R1_N    0.15%    passed     89.87%
  42  S0032_G5753_R2_N    0.31%    passed     87.16%
  43  S0024_G5753_R1_A    0.15%    passed     76.69%
  44  S0001_G5753_R1_A    4.12%    passed     52.15%
  45  S0049_G5753_R1_A    4.27%    passed     86.72%
  46  S0041_G5753_R1_N    0.31%    passed     97.59%
  47  S0047_G5753_R1_N    0.31%    passed     97.08%
  48  S0043_G5753_R1_N    0.92%    passed     85.92%
  49  S0045_G5753_R1_A    0.31%    passed     97.50%
  50  S0038_G5753_R1_A    0.31%    passed     99.50%
  51  S0044_G5753_R1_N    0.31%    passed     98.11%
  52  S0040_G5753_R1_N    0.31%    passed     98.02%
  53  S0042_G5753_R1_N    0.31%    passed     96.56%
  54  S0003_G5753_R1_N   14.50%    passed     22.49%
****  TOTAL               1.28%  0 sequences failed composition chi2 test (p-value<5%; df=3)
Checking for duplicate sequences: done in 7.986e-05 secs


Create initial parsimony tree by phylogenetic likelihood library (PLL)... 0.003 seconds
Measuring multi-threading efficiency up to 8 CPU cores
Increase to 10 rounds for branch lengths
207 trees examined
Threads: 1 / Time: 8.011 sec / Speedup: 1.000 / Efficiency: 100% / LogL: -17090
Threads: 2 / Time: 18.692 sec / Speedup: 0.429 / Efficiency: 21% / LogL: -17090
Determining AUTO threadcount: done in 26.7041 secs using 125.4% CPU
BEST NUMBER OF THREADS: 1

Perform fast likelihood tree search using GTR+I+G model...
Estimate model parameters (epsilon = 5.000)
Perform nearest neighbor interchange...
Optimizing NNI: done in 0.0628119 secs using 97.85% CPU
Estimate model parameters (epsilon = 1.000)
1. Initial log-likelihood: -9199.784
Optimal log-likelihood: -9199.360
Rate parameters:  A-C: 1.34673  A-G: 3.61876  A-T: 1.19025  C-G: 1.35176  C-T: 4.73452  G-T: 1.00000
Base frequencies:  A: 0.258  C: 0.183  G: 0.259  T: 0.300
Proportion of invariable sites: 0.051
Gamma shape alpha: 1.465
Parameters optimization took 1 rounds (0.045 sec)
Time for fast ML tree search: 0.260 seconds

NOTE: ModelFinder requires 11 MB RAM!
ModelFinder will test up to 968 DNA models (sample size: 655 epsilon: 0.100) ...
 No. Model         -LnL         df  AIC          AICc         BIC
  1  JC            9675.581     105 19561.162    19601.708    20032.048
  2  JC+I          9578.562     106 19369.124    19410.518    19844.495
  3  JC+G4         9479.640     106 19171.280    19212.674    19646.651
  4  JC+I+G4       9480.117     107 19174.234    19216.486    19654.090
  5  JC+R2         9486.094     107 19186.188    19228.441    19666.044
  6  JC+R3         9480.794     109 19179.587    19223.587    19668.412
 14  JC+I+R2       9481.305     108 19178.610    19221.731    19662.951
 15  JC+I+R3       9479.795     110 19179.589    19224.479    19672.899
 25  JC+G4         9479.640     106 19171.280    19212.674    19646.651
 26  JC+I+G4       9480.117     107 19174.234    19216.486    19654.090
 47  F81+G4        9479.639     106 19171.279    19212.673    19646.650
 48  F81+I+G4      9480.057     107 19174.115    19216.367    19653.971
 69  F81+F+G4      9475.161     109 19168.323    19212.323    19657.148
 70  F81+F+I+G4    9475.698     110 19171.396    19216.286    19664.706
 91  K2P+G4        9227.744     107 18669.488    18711.741    19149.344
 92  K2P+I+G4      9228.049     108 18672.097    18715.218    19156.438
113  K2P+G4        9227.744     107 18669.488    18711.741    19149.344
114  K2P+I+G4      9228.049     108 18672.097    18715.218    19156.438
135  HKY+G4        9227.744     107 18669.488    18711.741    19149.344
136  HKY+I+G4      9228.025     108 18672.049    18715.170    19156.390
157  HKY+F+G4      9206.273     110 18632.546    18677.435    19125.856
158  HKY+F+I+G4    9206.724     111 18635.448    18681.239    19133.243
179  TNe+G4        9227.340     108 18670.679    18713.800    19155.020
180  TNe+I+G4      9227.547     109 18673.093    18717.093    19161.918
201  TNe+G4        9227.340     108 18670.679    18713.800    19155.020
202  TNe+I+G4      9227.547     109 18673.093    18717.093    19161.918
223  TN+G4         9227.339     108 18670.678    18713.799    19155.018
224  TN+I+G4       9227.534     109 18673.067    18717.067    19161.892
245  TN+F+G4       9201.113     111 18624.225    18670.016    19122.020
246  TN+F+I+G4     9201.530     112 18627.059    18673.760    19129.338
267  K3P+G4        9227.226     108 18670.452    18713.573    19154.793
268  K3P+I+G4      9227.468     109 18672.937    18716.937    19161.762
289  K3P+G4        9227.226     108 18670.452    18713.573    19154.793
290  K3P+I+G4      9227.468     109 18672.937    18716.937    19161.762
311  K3Pu+G4       9227.226     108 18670.451    18713.572    19154.792
312  K3Pu+I+G4     9227.450     109 18672.900    18716.900    19161.726
333  K3Pu+F+G4     9205.687     111 18633.375    18679.165    19131.169
334  K3Pu+F+I+G4   9206.131     112 18636.261    18682.962    19138.540
355  TPM2+G4       9227.199     108 18670.399    18713.520    19154.740
356  TPM2+I+G4     9227.469     109 18672.938    18716.938    19161.763
377  TPM2+G4       9227.199     108 18670.399    18713.520    19154.740
378  TPM2+I+G4     9227.469     109 18672.938    18716.938    19161.763
399  TPM2u+G4      9227.199     108 18670.399    18713.520    19154.739
400  TPM2u+I+G4    9227.450     109 18672.900    18716.900    19161.725
421  TPM2u+F+G4    9205.681     111 18633.362    18679.152    19131.156
422  TPM2u+F+I+G4  9206.139     112 18636.278    18682.979    19138.557
443  TPM3+G4       9224.961     108 18665.922    18709.043    19150.263
444  TPM3+I+G4     9225.141     109 18668.281    18712.281    19157.106
465  TPM3+G4       9224.961     108 18665.922    18709.043    19150.263
466  TPM3+I+G4     9225.141     109 18668.281    18712.281    19157.106
487  TPM3u+G4      9224.960     108 18665.920    18709.041    19150.261
488  TPM3u+I+G4    9225.126     109 18668.252    18712.252    19157.078
509  TPM3u+F+G4    9203.938     111 18629.876    18675.666    19127.670
510  TPM3u+F+I+G4  9204.391     112 18632.782    18679.483    19135.061
531  TIMe+G4       9226.818     109 18671.636    18715.636    19160.461
532  TIMe+I+G4     9227.002     110 18674.003    18718.893    19167.313
553  TIMe+G4       9226.818     109 18671.636    18715.636    19160.461
554  TIMe+I+G4     9227.002     110 18674.003    18718.893    19167.313
575  TIM+G4        9226.818     109 18671.636    18715.636    19160.461
576  TIM+I+G4      9226.991     110 18673.982    18718.871    19167.292
597  TIM+F+G4      9200.510     112 18625.021    18671.722    19127.300
598  TIM+F+I+G4    9200.884     113 18627.767    18675.390    19134.531
619  TIM2e+G4      9226.797     109 18671.594    18715.594    19160.419
620  TIM2e+I+G4    9226.956     110 18673.911    18718.801    19167.221
641  TIM2e+G4      9226.797     109 18671.594    18715.594    19160.419
642  TIM2e+I+G4    9226.956     110 18673.911    18718.801    19167.221
663  TIM2+G4       9226.791     109 18671.582    18715.582    19160.407
664  TIM2+I+G4     9226.947     110 18673.893    18718.783    19167.203
685  TIM2+F+G4     9200.508     112 18625.015    18671.716    19127.294
686  TIM2+F+I+G4   9200.896     113 18627.791    18675.414    19134.555
707  TIM3e+G4      9224.456     109 18666.912    18710.912    19155.738
708  TIM3e+I+G4    9224.546     110 18669.091    18713.981    19162.401
729  TIM3e+G4      9224.456     109 18666.912    18710.912    19155.738
730  TIM3e+I+G4    9224.546     110 18669.091    18713.981    19162.401
751  TIM3+G4       9224.455     109 18666.910    18710.910    19155.736
752  TIM3+I+G4     9224.540     110 18669.079    18713.969    19162.389
773  TIM3+F+G4     9198.760     112 18621.520    18668.221    19123.799
774  TIM3+F+I+G4   9199.156     113 18624.312    18671.935    19131.076
795  TVMe+G4       9224.068     110 18668.136    18713.026    19161.446
796  TVMe+I+G4     9224.172     111 18670.343    18716.133    19168.138
817  TVMe+G4       9224.068     110 18668.136    18713.026    19161.446
818  TVMe+I+G4     9224.172     111 18670.343    18716.133    19168.138
839  TVM+G4        9224.068     110 18668.136    18713.026    19161.446
840  TVM+I+G4      9224.165     111 18670.330    18716.120    19168.125
861  TVM+F+G4      9202.991     113 18631.982    18679.605    19138.746
862  TVM+F+I+G4    9203.410     114 18634.819    18683.375    19146.067
883  SYM+G4        9223.557     111 18669.113    18714.903    19166.908
884  SYM+I+G4      9223.648     112 18671.297    18717.998    19173.576
905  SYM+G4        9223.557     111 18669.113    18714.903    19166.908
906  SYM+I+G4      9223.648     112 18671.297    18717.998    19173.576
927  GTR+G4        9223.556     111 18669.113    18714.903    19166.907
928  GTR+I+G4      9223.644     112 18671.288    18717.989    19173.567
949  GTR+F+G4      9197.796     114 18623.592    18672.148    19134.841
950  GTR+F+I+G4    9198.165     115 18626.331    18675.830    19142.064
Akaike Information Criterion:           TIM3+F+G4
Corrected Akaike Information Criterion: TIM3+F+G4
Bayesian Information Criterion:         TN+F+G4
Best-fit model: TN+F+G4 chosen according to BIC

All model information printed to results_moss_new/07_phylogeny/All/G5753.model.gz
CPU time for ModelFinder: 36.599 seconds (0h:0m:36s)
Wall-clock time for ModelFinder: 29.854 seconds (0h:0m:29s)
Generating 1000 samples for ultrafast bootstrap (seed: 407020)...

NOTE: 6 MB RAM (0 GB) is required!
Estimate model parameters (epsilon = 0.100)
1. Initial log-likelihood: -9201.274
2. Current log-likelihood: -9201.118
Optimal log-likelihood: -9201.113
Rate parameters:  A-C: 1.00000  A-G: 3.06096  A-T: 1.00000  C-G: 1.00000  C-T: 3.98938  G-T: 1.00000
Base frequencies:  A: 0.258  C: 0.183  G: 0.259  T: 0.300
Gamma shape alpha: 1.199
Parameters optimization took 2 rounds (0.032 sec)
Wrote distance file to... 
Computing ML distances based on estimated model parameters...
Calculating distance matrix: done in 0.00680726 secs using 99.44% CPU
Computing ML distances took 0.006885 sec (of wall-clock time) 0.006850 sec (of CPU time)
Setting up auxiliary I and S matrices: done in 0.00011696 secs using 120.6% CPU
Constructing RapidNJ tree: done in 0.000219152 secs using 98.56% CPU
Computing RapidNJ tree took 0.000383 sec (of wall-clock time) 0.000423 sec (of CPU time)
Log-likelihood of RapidNJ tree: -9258.305
--------------------------------------------------------------------
|             INITIALIZING CANDIDATE TREE SET                      |
--------------------------------------------------------------------
Generating 98 parsimony trees... 0.273 second
Computing log-likelihood of 98 initial trees ... 0.470 seconds
Current best score: -9201.113

Do NNI search on 20 best initial trees
Optimizing NNI: done in 0.0268039 secs using 99.41% CPU
Estimate model parameters (epsilon = 0.100)
BETTER TREE FOUND at iteration 1: -9201.112
Optimizing NNI: done in 0.0911123 secs using 99.56% CPU
Estimate model parameters (epsilon = 0.100)
BETTER TREE FOUND at iteration 2: -9199.718
Optimizing NNI: done in 0.0969478 secs using 98.47% CPU
Optimizing NNI: done in 0.0870019 secs using 97.35% CPU
Optimizing NNI: done in 0.0972196 secs using 99.63% CPU
Optimizing NNI: done in 0.098418 secs using 99.52% CPU
Optimizing NNI: done in 0.100082 secs using 99.62% CPU
Optimizing NNI: done in 0.0917717 secs using 99.51% CPU
Optimizing NNI: done in 0.0901432 secs using 99.51% CPU
Optimizing NNI: done in 0.0943003 secs using 98.55% CPU
Iteration 10 / LogL: -9201.599 / Time: 0h:0m:31s
Optimizing NNI: done in 0.090094 secs using 95.19% CPU
Optimizing NNI: done in 0.0927826 secs using 99.5% CPU
Optimizing NNI: done in 0.0911952 secs using 96.3% CPU
Optimizing NNI: done in 0.0985649 secs using 97.51% CPU
Optimizing NNI: done in 0.0923322 secs using 95.3% CPU
Optimizing NNI: done in 0.103661 secs using 99.37% CPU
Estimate model parameters (epsilon = 0.100)
BETTER TREE FOUND at iteration 16: -9199.689
Optimizing NNI: done in 0.132224 secs using 97.38% CPU
Estimate model parameters (epsilon = 0.100)
BETTER TREE FOUND at iteration 17: -9198.833
Optimizing NNI: done in 0.113214 secs using 98.69% CPU
Estimate model parameters (epsilon = 0.100)
BETTER TREE FOUND at iteration 18: -9197.094
Optimizing NNI: done in 0.0912487 secs using 99.63% CPU
Optimizing NNI: done in 0.0998292 secs using 98.56% CPU
Iteration 20 / LogL: -9202.289 / Time: 0h:0m:32s
Finish initializing candidate tree set (19)
Current best tree score: -9197.094 / CPU time: 2.716
Number of iterations: 20
--------------------------------------------------------------------
|               OPTIMIZING CANDIDATE TREE SET                      |
--------------------------------------------------------------------
Optimizing NNI: done in 0.147605 secs using 99.56% CPU
Optimizing NNI: done in 0.172447 secs using 99.61% CPU
Optimizing NNI: done in 0.112155 secs using 97.8% CPU
Optimizing NNI: done in 0.169278 secs using 99.6% CPU
Optimizing NNI: done in 0.0944999 secs using 99.55% CPU
Optimizing NNI: done in 0.0967159 secs using 97.42% CPU
Optimizing NNI: done in 0.12465 secs using 99.6% CPU
Optimizing NNI: done in 0.130162 secs using 98.74% CPU
Optimizing NNI: done in 0.120406 secs using 98.7% CPU
Optimizing NNI: done in 0.105628 secs using 99.57% CPU
Iteration 30 / LogL: -9201.685 / Time: 0h:0m:33s (0h:0m:12s left)
Optimizing NNI: done in 0.133624 secs using 99.52% CPU
Optimizing NNI: done in 0.13676 secs using 99.56% CPU
Optimizing NNI: done in 0.125216 secs using 99.1% CPU
Optimizing NNI: done in 0.131606 secs using 98.64% CPU
Optimizing NNI: done in 0.122781 secs using 99.39% CPU
Optimizing NNI: done in 0.121632 secs using 98.5% CPU
Optimizing NNI: done in 0.104661 secs using 95.76% CPU
Optimizing NNI: done in 0.132265 secs using 98.01% CPU
Optimizing NNI: done in 0.153968 secs using 99.52% CPU
Optimizing NNI: done in 0.128164 secs using 99.54% CPU
Iteration 40 / LogL: -9197.148 / Time: 0h:0m:35s (0h:0m:10s left)
Optimizing NNI: done in 0.0980732 secs using 97.4% CPU
Optimizing NNI: done in 0.14327 secs using 98.05% CPU
Optimizing NNI: done in 0.130761 secs using 98% CPU
Optimizing NNI: done in 0.124951 secs using 95.52% CPU
Optimizing NNI: done in 0.174391 secs using 98.35% CPU
Optimizing NNI: done in 0.119548 secs using 99.47% CPU
Optimizing NNI: done in 0.166472 secs using 98.91% CPU
Optimizing NNI: done in 0.154558 secs using 99.43% CPU
Optimizing NNI: done in 0.130736 secs using 99.4% CPU
Optimizing NNI: done in 0.103406 secs using 98.52% CPU
Iteration 50 / LogL: -9201.248 / Time: 0h:0m:36s (0h:0m:9s left)
Log-likelihood cutoff on original alignment: -9227.883
Optimizing NNI: done in 0.123627 secs using 98.61% CPU
Optimizing NNI: done in 0.128711 secs using 99.49% CPU
Optimizing NNI: done in 0.15275 secs using 98.9% CPU
Optimizing NNI: done in 0.107428 secs using 99.48% CPU
Optimizing NNI: done in 0.0849212 secs using 99.52% CPU
Optimizing NNI: done in 0.148715 secs using 97.99% CPU
Optimizing NNI: done in 0.115051 secs using 98.52% CPU
Optimizing NNI: done in 0.130884 secs using 99.52% CPU
Optimizing NNI: done in 0.109865 secs using 99.51% CPU
Optimizing NNI: done in 0.156125 secs using 98.23% CPU
Iteration 60 / LogL: -9198.808 / Time: 0h:0m:38s (0h:0m:8s left)
Optimizing NNI: done in 0.159838 secs using 98.8% CPU
Optimizing NNI: done in 0.144447 secs using 98.09% CPU
Optimizing NNI: done in 0.126623 secs using 99.47% CPU
Optimizing NNI: done in 0.129786 secs using 97.17% CPU
Optimizing NNI: done in 0.12646 secs using 98.62% CPU
Optimizing NNI: done in 0.134492 secs using 97.94% CPU
Optimizing NNI: done in 0.10158 secs using 99.45% CPU
Optimizing NNI: done in 0.122894 secs using 98.65% CPU
Optimizing NNI: done in 0.141612 secs using 99.42% CPU
Optimizing NNI: done in 0.123866 secs using 99.38% CPU
Iteration 70 / LogL: -9197.885 / Time: 0h:0m:39s (0h:0m:6s left)
Optimizing NNI: done in 0.148923 secs using 98.08% CPU
Optimizing NNI: done in 0.148835 secs using 98.8% CPU
Optimizing NNI: done in 0.100207 secs using 98.51% CPU
Optimizing NNI: done in 0.15181 secs using 98.86% CPU
Optimizing NNI: done in 0.12115 secs using 97.09% CPU
Optimizing NNI: done in 0.115803 secs using 99.57% CPU
Optimizing NNI: done in 0.115274 secs using 99.5% CPU
Optimizing NNI: done in 0.169687 secs using 99.61% CPU
Optimizing NNI: done in 0.111885 secs using 98.64% CPU
Optimizing NNI: done in 0.127824 secs using 99.54% CPU
Iteration 80 / LogL: -9197.296 / Time: 0h:0m:40s (0h:0m:5s left)
Optimizing NNI: done in 0.14124 secs using 98.84% CPU
Optimizing NNI: done in 0.120268 secs using 96.18% CPU
Optimizing NNI: done in 0.129506 secs using 99.5% CPU
Optimizing NNI: done in 0.148186 secs using 99.58% CPU
Optimizing NNI: done in 0.107618 secs using 99.49% CPU
Optimizing NNI: done in 0.128783 secs using 99.55% CPU
Optimizing NNI: done in 0.131023 secs using 98.72% CPU
Optimizing NNI: done in 0.127516 secs using 98.72% CPU
Optimizing NNI: done in 0.0829381 secs using 98.37% CPU
Optimizing NNI: done in 0.123744 secs using 99.55% CPU
Iteration 90 / LogL: -9200.974 / Time: 0h:0m:41s (0h:0m:3s left)
Optimizing NNI: done in 0.139424 secs using 97.35% CPU
Optimizing NNI: done in 0.13663 secs using 99.48% CPU
Optimizing NNI: done in 0.157754 secs using 98.21% CPU
Optimizing NNI: done in 0.145294 secs using 99.5% CPU
Optimizing NNI: done in 0.0940505 secs using 96.34% CPU
Optimizing NNI: done in 0.158491 secs using 99.47% CPU
Optimizing NNI: done in 0.112323 secs using 99.51% CPU
Optimizing NNI: done in 0.108205 secs using 95.73% CPU
Optimizing NNI: done in 0.0964366 secs using 97.43% CPU
Optimizing NNI: done in 0.179619 secs using 73.31% CPU
Iteration 100 / LogL: -9197.207 / Time: 0h:0m:43s (0h:0m:2s left)
Log-likelihood cutoff on original alignment: -9227.867
NOTE: Bootstrap correlation coefficient of split occurrence frequencies: 0.998
Optimizing NNI: done in 0.133657 secs using 97.21% CPU
Optimizing NNI: done in 0.155014 secs using 98.65% CPU
Optimizing NNI: done in 0.128154 secs using 97.21% CPU
Optimizing NNI: done in 0.136463 secs using 98.8% CPU
Optimizing NNI: done in 0.154382 secs using 98.26% CPU
Optimizing NNI: done in 0.153233 secs using 98.78% CPU
Optimizing NNI: done in 0.108766 secs using 97.32% CPU
Optimizing NNI: done in 0.114325 secs using 97.5% CPU
Optimizing NNI: done in 0.142044 secs using 99.43% CPU
Optimizing NNI: done in 0.175036 secs using 99.34% CPU
Iteration 110 / LogL: -9197.294 / Time: 0h:0m:44s (0h:0m:12s left)
Optimizing NNI: done in 0.117045 secs using 98.52% CPU
Optimizing NNI: done in 0.142158 secs using 97.18% CPU
Optimizing NNI: done in 0.189617 secs using 98.8% CPU
Optimizing NNI: done in 0.134616 secs using 98.6% CPU
Optimizing NNI: done in 0.0986563 secs using 99.34% CPU
Optimizing NNI: done in 0.132619 secs using 98.73% CPU
Optimizing NNI: done in 0.115228 secs using 98.65% CPU
Optimizing NNI: done in 0.0864502 secs using 98.38% CPU
Optimizing NNI: done in 0.134266 secs using 98.02% CPU
TREE SEARCH COMPLETED AFTER 119 ITERATIONS / Time: 0h:0m:46s

--------------------------------------------------------------------
|                    FINALIZING TREE SEARCH                        |
--------------------------------------------------------------------
Performs final model parameters optimization
Estimate model parameters (epsilon = 0.010)
1. Initial log-likelihood: -9197.094
Optimal log-likelihood: -9197.094
Rate parameters:  A-C: 1.00000  A-G: 3.03727  A-T: 1.00000  C-G: 1.00000  C-T: 4.02845  G-T: 1.00000
Base frequencies:  A: 0.258  C: 0.183  G: 0.259  T: 0.300
Gamma shape alpha: 1.209
Parameters optimization took 1 rounds (0.013 sec)
BEST SCORE FOUND : -9197.094
Creating bootstrap support values...
Split supports printed to NEXUS file results_moss_new/07_phylogeny/All/G5753.splits.nex
Total tree length: 3.974

Total number of iterations: 119
CPU time used for tree search: 15.860 sec (0h:0m:15s)
Wall-clock time used for tree search: 16.127 sec (0h:0m:16s)
Total CPU time used: 52.637 sec (0h:0m:52s)
Total wall-clock time used: 46.159 sec (0h:0m:46s)

Computing bootstrap consensus tree...
Reading input file results_moss_new/07_phylogeny/All/G5753.splits.nex...
54 taxa and 413 splits.
Consensus tree written to results_moss_new/07_phylogeny/All/G5753.contree
Reading input trees file results_moss_new/07_phylogeny/All/G5753.contree
Log-likelihood of consensus tree: -9197.152

Analysis results written to: 
  IQ-TREE report:                results_moss_new/07_phylogeny/All/G5753.iqtree
  Maximum-likelihood tree:       results_moss_new/07_phylogeny/All/G5753.treefile
  Likelihood distances:          results_moss_new/07_phylogeny/All/G5753.mldist

Ultrafast bootstrap approximation results written to:
  Split support values:          results_moss_new/07_phylogeny/All/G5753.splits.nex
  Consensus tree:                results_moss_new/07_phylogeny/All/G5753.contree
  Screen log file:               results_moss_new/07_phylogeny/All/G5753.log

Date and Time: Fri Jun 12 09:04:54 2026
