IQ-TREE version 3.0.1 for Linux x86 64-bit built Jul  9 2025
Developed by Bui Quang Minh, Thomas Wong, Nhan Ly-Trong, Huaiyan Ren
Contributed by Lam-Tung Nguyen, Dominik Schrempf, Chris Bielow,
Olga Chernomor, Michael Woodhams, Diep Thi Hoang, Heiko Schmidt

Host:    c0711a-s19.ufhpc (AVX2, FMA3, 503 GB RAM)
Command: iqtree -s results_moss_new/06_alignment/All/trimmed/G5812.trimmed.aln --prefix results_moss_new/07_phylogeny/All/G5812 -m MFP -B 1000 -T AUTO
Seed:    49895 (Using SPRNG - Scalable Parallel Random Number Generator)
Time:    Fri Jun 12 08:54:55 2026
Kernel:  AVX+FMA - auto-detect threads (8 CPU cores detected)

Reading alignment file results_moss_new/06_alignment/All/trimmed/G5812.trimmed.aln ... Fasta format detected
Reading fasta file: done in 0.00110093 secs using 99.37% CPU
Alignment most likely contains DNA/RNA sequences
Constructing alignment: done in 0.00106236 secs using 99.21% CPU
Alignment has 56 sequences with 1679 columns, 1482 distinct patterns
1289 parsimony-informative, 145 singleton sites, 244 constant sites
                  Gap/Ambiguity  Composition  p-value
Analyzing sequences: done in 0.000144211 secs using 99.85% CPU
   1  S0003_G5812_R1_N   25.07%    failed      2.11%
   2  S0031_G5812_R1_A    0.77%    passed     81.40%
   3  S0018_G5812_R1_A    1.07%    passed     89.84%
   4  S0037_G5812_R1_A    0.71%    passed     92.84%
   5  S0004_G5812_R1_A    2.20%    passed     82.86%
   6  S0019_G5812_R1_A    0.71%    passed     72.65%
   7  S0026_G5812_R1_A    1.43%    passed     83.73%
   8  S0016_G5812_R1_A    1.43%    passed     86.93%
   9  S0036_G5812_R1_A    0.66%    passed     87.55%
  10  S0002_G5812_R1_A    2.68%    passed     80.48%
  11  S0046_G5812_R1_A    0.83%    passed     90.01%
  12  S0011_G5812_R1_A    2.56%    passed     70.76%
  13  S0017_G5812_R1_A    1.85%    passed     83.43%
  14  S0022_G5812_R1_A    4.41%    passed     66.56%
  15  S0021_G5812_R2_A    2.20%    passed     78.14%
  16  S0020_G5812_R1_A    0.83%    passed     66.79%
  17  S0021_G5812_R1_A    2.32%    passed     51.95%
  18  S0012_G5812_R1_A    0.95%    passed     67.43%
  19  S0013_G5812_R1_A    1.07%    passed     70.38%
  20  S0048_G5812_R1_A    1.97%    passed     94.13%
  21  S0050_G5812_R1_A    1.49%    passed     91.06%
  22  S0028_G5812_R1_A    1.25%    passed     25.78%
  23  S0023_G5812_R1_A    1.73%    passed     63.87%
  24  S0030_G5812_R1_A    1.55%    passed     43.58%
  25  S0005_G5812_R1_A    3.87%    passed     97.51%
  26  S0010_G5812_R1_A   12.63%    passed     66.54%
  27  S0009_G5812_R1_A   12.63%    passed     52.99%
  28  S0014_G5812_R1_A    8.34%    passed     99.03%
  29  S0034_G5812_R1_A    9.35%    passed     90.31%
  30  S0027_G5812_R1_A    8.10%    passed     75.29%
  31  S0015_G5812_R1_A    9.23%    passed     55.25%
  32  S0008_G5812_R1_A   10.54%    passed     94.37%
  33  S0033_G5812_R1_A   13.58%    passed     58.52%
  34  S0035_G5812_R1_A   15.49%    passed     97.42%
  35  S0006_G5812_R1_A   22.51%    passed      5.31%
  36  S0006_G5812_R3_A   22.75%    failed      1.44%
  37  S0006_G5812_R2_A   22.75%    passed      5.82%
  38  S0006_G5812_R4_U   23.35%    passed     59.61%
  39  S0039_G5812_R1_A   43.78%    passed     52.38%
  40  S0051_G5812_R1_A   43.78%    passed     52.47%
  41  S0001_G5812_R1_A   25.73%    passed     63.40%
  42  S0024_G5812_R1_A   22.22%    passed     60.67%
  43  S0032_G5812_R1_N   22.33%    passed     79.04%
  44  S0032_G5812_R2_N   22.39%    passed     90.30%
  45  S0025_G5812_R1_A   22.10%    passed     41.28%
  46  S0029_G5812_R1_A   21.80%    passed     44.77%
  47  S0049_G5812_R1_A   23.17%    passed     51.77%
  48  S0038_G5812_R1_A   17.21%    passed     85.24%
  49  S0041_G5812_R1_N   21.86%    passed     36.03%
  50  S0047_G5812_R1_N   21.86%    passed     48.34%
  51  S0038_G5812_R2_A   21.86%    passed     49.37%
  52  S0040_G5812_R1_N   21.86%    passed     45.99%
  53  S0044_G5812_R1_N   21.92%    passed     42.75%
  54  S0045_G5812_R1_A   21.98%    passed     43.10%
  55  S0042_G5812_R1_N   21.86%    passed     31.66%
  56  S0043_G5812_R1_N   21.92%    passed     38.54%
****  TOTAL              12.44%  2 sequences failed composition chi2 test (p-value<5%; df=3)
Checking for duplicate sequences: done in 0.000174578 secs using 100.2% CPU


Create initial parsimony tree by phylogenetic likelihood library (PLL)... 0.005 seconds
Measuring multi-threading efficiency up to 8 CPU cores
Increase to 10 rounds for branch lengths
78 trees examined
Threads: 1 / Time: 8.171 sec / Speedup: 1.000 / Efficiency: 100% / LogL: -43187
Threads: 2 / Time: 20.483 sec / Speedup: 0.399 / Efficiency: 20% / LogL: -43187
Determining AUTO threadcount: done in 28.6555 secs using 112% CPU
BEST NUMBER OF THREADS: 1

Perform fast likelihood tree search using GTR+I+G model...
Estimate model parameters (epsilon = 5.000)
Perform nearest neighbor interchange...
Optimizing NNI: done in 0.155075 secs using 95.47% CPU
Estimate model parameters (epsilon = 1.000)
1. Initial log-likelihood: -24150.195
Optimal log-likelihood: -24149.474
Rate parameters:  A-C: 0.99104  A-G: 3.20555  A-T: 1.02080  C-G: 1.06578  C-T: 3.19589  G-T: 1.00000
Base frequencies:  A: 0.246  C: 0.193  G: 0.221  T: 0.340
Proportion of invariable sites: 0.092
Gamma shape alpha: 3.020
Parameters optimization took 1 rounds (0.118 sec)
Time for fast ML tree search: 0.711 seconds

NOTE: ModelFinder requires 32 MB RAM!
ModelFinder will test up to 968 DNA models (sample size: 1679 epsilon: 0.100) ...
 No. Model         -LnL         df  AIC          AICc         BIC
  1  JC            25227.072    109 50672.144    50687.428    51263.573
  2  JC+I          24938.895    110 50097.790    50113.364    50694.645
  3  JC+G4         24879.236    110 49978.472    49994.045    50575.326
  4  JC+I+G4       24845.323    111 49912.645    49928.512    50514.926
  5  JC+R2         24865.129    111 49952.257    49968.125    50554.538
  6  JC+R3         24852.827    113 49931.655    49948.117    50544.788
  7  JC+R4         24851.290    115 49932.579    49949.649    50556.564
 14  JC+I+R2       24842.152    112 49908.303    49924.467    50516.010
+I+R3 reinitialized from +I+R2 with factor 0.500
+I+R3 reinitialized from +I+R2 with factor 0.250
+I+R3 reinitialized from +I+R2 with factor 0.125
 15  JC+I+R3       24842.201    114 49912.402    49929.167    50530.961
 26  JC+I+G4       24845.323    111 49912.645    49928.513    50514.926
 36  JC+I+R2       24842.152    112 49908.303    49924.467    50516.010
 48  F81+I+G4      24845.311    111 49912.622    49928.489    50514.903
 58  F81+I+R2      24842.139    112 49908.277    49924.441    50515.984
 70  F81+F+I+G4    24752.893    114 49733.785    49750.550    50352.344
 80  F81+F+I+R2    24748.885    115 49727.769    49744.839    50351.754
 92  K2P+I+G4      24294.393    112 48812.787    48828.950    49420.494
102  K2P+I+R2      24291.503    113 48809.006    48825.469    49422.139
114  K2P+I+G4      24294.393    112 48812.787    48828.950    49420.494
124  K2P+I+R2      24291.503    113 48809.006    48825.469    49422.139
136  HKY+I+G4      24294.391    112 48812.783    48828.946    49420.490
146  HKY+I+R2      24291.468    113 48808.936    48825.398    49422.068
158  HKY+F+I+G4    24149.655    115 48529.310    48546.380    49153.295
168  HKY+F+I+R2    24145.433    116 48522.866    48540.244    49152.277
180  TNe+I+G4      24293.469    113 48812.938    48829.401    49426.071
190  TNe+I+R2      24290.325    114 48808.650    48825.415    49427.209
202  TNe+I+G4      24293.469    113 48812.938    48829.401    49426.071
212  TNe+I+R2      24290.325    114 48808.650    48825.415    49427.209
224  TN+I+G4       24293.468    113 48812.936    48829.398    49426.068
234  TN+I+R2       24290.287    114 48808.574    48825.339    49427.133
246  TN+F+I+G4     24149.649    116 48531.299    48548.676    49160.709
256  TN+F+I+R2     24145.401    117 48524.803    48542.491    49159.639
268  K3P+I+G4      24292.866    113 48811.733    48828.195    49424.865
278  K3P+I+R2      24289.901    114 48807.803    48824.568    49426.362
290  K3P+I+G4      24292.866    113 48811.733    48828.195    49424.865
300  K3P+I+R2      24289.901    114 48807.803    48824.568    49426.362
312  K3Pu+I+G4     24292.866    113 48811.733    48828.195    49424.865
322  K3Pu+I+R2     24289.887    114 48807.773    48824.538    49426.332
334  K3Pu+F+I+G4   24149.430    116 48530.860    48548.238    49160.271
344  K3Pu+F+I+R2   24145.357    117 48524.714    48542.402    49159.550
356  TPM2+I+G4     24293.423    113 48812.846    48829.309    49425.979
366  TPM2+I+R2     24290.554    114 48809.107    48825.872    49427.666
378  TPM2+I+G4     24293.423    113 48812.846    48829.309    49425.979
388  TPM2+I+R2     24290.554    114 48809.107    48825.872    49427.666
400  TPM2u+I+G4    24293.426    113 48812.852    48829.315    49425.985
410  TPM2u+I+R2    24290.537    114 48809.075    48825.839    49427.633
422  TPM2u+F+I+G4  24149.632    116 48531.265    48548.642    49160.675
432  TPM2u+F+I+R2  24145.551    117 48525.102    48542.791    49159.939
444  TPM3+I+G4     24269.170    113 48764.340    48780.803    49377.473
454  TPM3+I+R2     24266.726    114 48761.451    48778.216    49380.010
466  TPM3+I+G4     24269.170    113 48764.340    48780.803    49377.473
476  TPM3+I+R2     24266.726    114 48761.451    48778.216    49380.010
488  TPM3u+I+G4    24269.171    113 48764.341    48780.804    49377.474
498  TPM3u+I+R2    24266.691    114 48761.383    48778.147    49379.941
510  TPM3u+F+I+G4  24149.621    116 48531.242    48548.620    49160.653
520  TPM3u+F+I+R2  24145.520    117 48525.040    48542.728    49159.876
532  TIMe+I+G4     24291.950    114 48811.901    48828.666    49430.460
542  TIMe+I+R2     24288.732    115 48807.465    48824.534    49431.449
554  TIMe+I+G4     24291.950    114 48811.901    48828.666    49430.460
564  TIMe+I+R2     24288.732    115 48807.465    48824.534    49431.449
576  TIM+I+G4      24291.949    114 48811.898    48828.663    49430.457
586  TIM+I+R2      24288.712    115 48807.424    48824.494    49431.409
598  TIM+F+I+G4    24149.423    117 48532.846    48550.535    49167.683
608  TIM+F+I+R2    24145.295    118 48526.590    48544.593    49166.853
620  TIM2e+I+G4    24292.506    114 48813.011    48829.776    49431.570
630  TIM2e+I+R2    24289.406    115 48808.812    48825.882    49432.797
642  TIM2e+I+G4    24292.506    114 48813.011    48829.776    49431.570
652  TIM2e+I+R2    24289.406    115 48808.812    48825.882    49432.797
664  TIM2+I+G4     24292.504    114 48813.008    48829.772    49431.566
674  TIM2+I+R2     24289.380    115 48808.759    48825.829    49432.744
686  TIM2+F+I+G4   24149.625    117 48533.250    48550.939    49168.087
696  TIM2+F+I+R2   24145.357    118 48526.715    48544.717    49166.977
708  TIM3e+I+G4    24267.961    114 48763.921    48780.686    49382.480
718  TIM3e+I+R2    24265.277    115 48760.555    48777.625    49384.540
730  TIM3e+I+G4    24267.961    114 48763.921    48780.686    49382.480
740  TIM3e+I+R2    24265.277    115 48760.555    48777.625    49384.540
752  TIM3+I+G4     24267.959    114 48763.919    48780.683    49382.477
762  TIM3+I+R2     24265.217    115 48760.435    48777.504    49384.419
774  TIM3+F+I+G4   24149.612    117 48533.224    48550.912    49168.060
784  TIM3+F+I+R2   24145.348    118 48526.695    48544.698    49166.958
796  TVMe+I+G4     24267.471    115 48764.943    48782.012    49388.927
806  TVMe+I+R2     24265.261    116 48762.522    48779.899    49391.932
818  TVMe+I+G4     24267.471    115 48764.943    48782.012    49388.927
828  TVMe+I+R2     24265.261    116 48762.522    48779.899    49391.932
840  TVM+I+G4      24267.470    115 48764.939    48782.009    49388.924
850  TVM+I+R2      24265.195    116 48762.390    48779.767    49391.800
862  TVM+F+I+G4    24149.281    118 48534.562    48552.564    49174.824
872  TVM+F+I+R2    24145.064    119 48528.128    48546.448    49173.817
884  SYM+I+G4      24266.268    116 48764.536    48781.914    49393.947
894  SYM+I+R2      24263.541    117 48761.082    48778.771    49395.918
906  SYM+I+G4      24266.268    116 48764.536    48781.914    49393.947
916  SYM+I+R2      24263.541    117 48761.082    48778.771    49395.918
928  GTR+I+G4      24266.268    116 48764.535    48781.913    49393.946
938  GTR+I+R2      24263.518    117 48761.036    48778.725    49395.873
950  GTR+F+I+G4    24149.275    119 48536.550    48554.870    49182.239
960  GTR+F+I+R2    24145.024    120 48530.047    48548.687    49181.162
Akaike Information Criterion:           HKY+F+I+R2
Corrected Akaike Information Criterion: HKY+F+I+R2
Bayesian Information Criterion:         HKY+F+I+R2
Best-fit model: HKY+F+I+R2 chosen according to BIC

All model information printed to results_moss_new/07_phylogeny/All/G5812.model.gz
CPU time for ModelFinder: 44.650 seconds (0h:0m:44s)
Wall-clock time for ModelFinder: 41.438 seconds (0h:0m:41s)
Generating 1000 samples for ultrafast bootstrap (seed: 49895)...

NOTE: 11 MB RAM (0 GB) is required!
Estimate model parameters (epsilon = 0.100)
1. Initial log-likelihood: -24145.437
Optimal log-likelihood: -24145.400
Rate parameters:  A-C: 1.00000  A-G: 3.13768  A-T: 1.00000  C-G: 1.00000  C-T: 3.13768  G-T: 1.00000
Base frequencies:  A: 0.246  C: 0.193  G: 0.221  T: 0.340
Proportion of invariable sites: 0.097
Site proportion and rates:  (0.407,0.530) (0.496,1.581)
Parameters optimization took 1 rounds (0.034 sec)
Wrote distance file to... 
Computing ML distances based on estimated model parameters...
Calculating distance matrix: done in 0.00803169 secs using 99.56% CPU
Computing ML distances took 0.008323 sec (of wall-clock time) 0.008290 sec (of CPU time)
Setting up auxiliary I and S matrices: done in 0.000109937 secs using 130.1% CPU
Constructing RapidNJ tree: done in 0.000199966 secs using 99.52% CPU
Computing RapidNJ tree took 0.000386 sec (of wall-clock time) 0.000416 sec (of CPU time)
Log-likelihood of RapidNJ tree: -24261.609
--------------------------------------------------------------------
|             INITIALIZING CANDIDATE TREE SET                      |
--------------------------------------------------------------------
Generating 98 parsimony trees... 0.584 second
Computing log-likelihood of 98 initial trees ... 0.752 seconds
Current best score: -24145.400

Do NNI search on 20 best initial trees
Optimizing NNI: done in 0.04561 secs using 99.5% CPU
Estimate model parameters (epsilon = 0.100)
BETTER TREE FOUND at iteration 1: -24145.376
Optimizing NNI: done in 0.156987 secs using 99.4% CPU
Estimate model parameters (epsilon = 0.100)
BETTER TREE FOUND at iteration 2: -24144.690
Optimizing NNI: done in 0.148428 secs using 99.26% CPU
Optimizing NNI: done in 0.147847 secs using 99.46% CPU
Optimizing NNI: done in 0.148014 secs using 94.7% CPU
Optimizing NNI: done in 0.166094 secs using 98.85% CPU
Optimizing NNI: done in 0.129092 secs using 99.5% CPU
Optimizing NNI: done in 0.148033 secs using 99.49% CPU
Optimizing NNI: done in 0.133521 secs using 99.42% CPU
Optimizing NNI: done in 0.143076 secs using 99.27% CPU
Iteration 10 / LogL: -24156.298 / Time: 0h:0m:44s
Optimizing NNI: done in 0.129818 secs using 97.99% CPU
Optimizing NNI: done in 0.13778 secs using 98.72% CPU
Optimizing NNI: done in 0.12128 secs using 98.58% CPU
Optimizing NNI: done in 0.143951 secs using 99.53% CPU
Optimizing NNI: done in 0.167699 secs using 97.72% CPU
Estimate model parameters (epsilon = 0.100)
BETTER TREE FOUND at iteration 15: -24144.078
Optimizing NNI: done in 0.143909 secs using 98.78% CPU
Optimizing NNI: done in 0.133828 secs using 99.47% CPU
Optimizing NNI: done in 0.142745 secs using 97.89% CPU
Optimizing NNI: done in 0.142013 secs using 99.44% CPU
Optimizing NNI: done in 0.161822 secs using 99.38% CPU
Iteration 20 / LogL: -24155.427 / Time: 0h:0m:45s
Finish initializing candidate tree set (13)
Current best tree score: -24144.078 / CPU time: 4.260
Number of iterations: 20
--------------------------------------------------------------------
|               OPTIMIZING CANDIDATE TREE SET                      |
--------------------------------------------------------------------
Optimizing NNI: done in 0.210458 secs using 99.46% CPU
Optimizing NNI: done in 0.219854 secs using 98.55% CPU
Optimizing NNI: done in 0.220648 secs using 98.98% CPU
Optimizing NNI: done in 0.215866 secs using 98.1% CPU
UPDATE BEST LOG-LIKELIHOOD: -24144.075
Optimizing NNI: done in 0.156876 secs using 98.82% CPU
Optimizing NNI: done in 0.145166 secs using 99.28% CPU
Optimizing NNI: done in 0.171071 secs using 99.41% CPU
Optimizing NNI: done in 0.164601 secs using 98.19% CPU
Optimizing NNI: done in 0.182333 secs using 97.74% CPU
Optimizing NNI: done in 0.145455 secs using 98% CPU
Iteration 30 / LogL: -24144.675 / Time: 0h:0m:47s (0h:0m:18s left)
Optimizing NNI: done in 0.142815 secs using 98.66% CPU
Optimizing NNI: done in 0.160176 secs using 98.16% CPU
Optimizing NNI: done in 0.177992 secs using 98.27% CPU
Optimizing NNI: done in 0.170654 secs using 99.35% CPU
Optimizing NNI: done in 0.180967 secs using 98.86% CPU
Optimizing NNI: done in 0.150446 secs using 99.29% CPU
Optimizing NNI: done in 0.15157 secs using 98.68% CPU
Optimizing NNI: done in 0.193164 secs using 99.38% CPU
Optimizing NNI: done in 0.163856 secs using 98.81% CPU
Optimizing NNI: done in 0.132066 secs using 98.6% CPU
Iteration 40 / LogL: -24144.802 / Time: 0h:0m:49s (0h:0m:15s left)
Optimizing NNI: done in 0.120941 secs using 99.36% CPU
Optimizing NNI: done in 0.177426 secs using 98.78% CPU
Optimizing NNI: done in 0.15002 secs using 98.04% CPU
Optimizing NNI: done in 0.169907 secs using 98.79% CPU
Optimizing NNI: done in 0.110606 secs using 97.64% CPU
Optimizing NNI: done in 0.21926 secs using 98.46% CPU
Optimizing NNI: done in 0.180567 secs using 99.34% CPU
Optimizing NNI: done in 0.130251 secs using 99.35% CPU
Optimizing NNI: done in 0.218038 secs using 97.53% CPU
Optimizing NNI: done in 0.153743 secs using 98.12% CPU
Iteration 50 / LogL: -24146.961 / Time: 0h:0m:51s (0h:0m:12s left)
Log-likelihood cutoff on original alignment: -24176.813
Optimizing NNI: done in 0.1436 secs using 98.69% CPU
Optimizing NNI: done in 0.193283 secs using 98.32% CPU
Optimizing NNI: done in 0.156079 secs using 98.74% CPU
Optimizing NNI: done in 0.150217 secs using 99.32% CPU
Optimizing NNI: done in 0.133651 secs using 98.55% CPU
Optimizing NNI: done in 0.175778 secs using 99.38% CPU
Optimizing NNI: done in 0.197189 secs using 98.32% CPU
Optimizing NNI: done in 0.159086 secs using 99.35% CPU
Optimizing NNI: done in 0.146865 secs using 98.74% CPU
Optimizing NNI: done in 0.188223 secs using 98.71% CPU
Iteration 60 / LogL: -24144.078 / Time: 0h:0m:52s (0h:0m:10s left)
Optimizing NNI: done in 0.188768 secs using 98.88% CPU
Optimizing NNI: done in 0.14476 secs using 99.45% CPU
Optimizing NNI: done in 0.168305 secs using 98.93% CPU
Optimizing NNI: done in 0.10583 secs using 98.37% CPU
Optimizing NNI: done in 0.127259 secs using 97.83% CPU
Optimizing NNI: done in 0.195243 secs using 99.4% CPU
Optimizing NNI: done in 0.221294 secs using 98.99% CPU
Optimizing NNI: done in 0.169039 secs using 98.08% CPU
Optimizing NNI: done in 0.144928 secs using 98.14% CPU
Optimizing NNI: done in 0.216238 secs using 98.07% CPU
Iteration 70 / LogL: -24145.343 / Time: 0h:0m:54s (0h:0m:8s left)
Optimizing NNI: done in 0.234882 secs using 99.02% CPU
Optimizing NNI: done in 0.165556 secs using 99.42% CPU
Optimizing NNI: done in 0.151359 secs using 97.55% CPU
Optimizing NNI: done in 0.138146 secs using 98.03% CPU
Optimizing NNI: done in 0.182584 secs using 98.95% CPU
Estimate model parameters (epsilon = 0.100)
BETTER TREE FOUND at iteration 75: -24143.452
Optimizing NNI: done in 0.180674 secs using 98.93% CPU
Optimizing NNI: done in 0.158267 secs using 99.39% CPU
Optimizing NNI: done in 0.15303 secs using 98.1% CPU
Optimizing NNI: done in 0.159553 secs using 98.2% CPU
Optimizing NNI: done in 0.206712 secs using 98.53% CPU
Iteration 80 / LogL: -24144.333 / Time: 0h:0m:56s (0h:0m:17s left)
Optimizing NNI: done in 0.207776 secs using 98.51% CPU
Optimizing NNI: done in 0.133808 secs using 98.7% CPU
Optimizing NNI: done in 0.188524 secs using 98.96% CPU
Optimizing NNI: done in 0.16549 secs using 98.88% CPU
Optimizing NNI: done in 0.175232 secs using 99.49% CPU
Optimizing NNI: done in 0.164973 secs using 98.83% CPU
Optimizing NNI: done in 0.15878 secs using 98.17% CPU
Optimizing NNI: done in 0.167736 secs using 98.79% CPU
Optimizing NNI: done in 0.150087 secs using 98.76% CPU
Optimizing NNI: done in 0.176394 secs using 99.33% CPU
Iteration 90 / LogL: -24152.689 / Time: 0h:0m:58s (0h:0m:15s left)
Optimizing NNI: done in 0.142224 secs using 97.95% CPU
Optimizing NNI: done in 0.19561 secs using 99.47% CPU
Optimizing NNI: done in 0.150953 secs using 98.76% CPU
Optimizing NNI: done in 0.241702 secs using 99.41% CPU
Optimizing NNI: done in 0.183772 secs using 98.25% CPU
BETTER TREE FOUND at iteration 95: -24143.450
Optimizing NNI: done in 0.175795 secs using 98.14% CPU
Optimizing NNI: done in 0.180618 secs using 99.4% CPU
Optimizing NNI: done in 0.177527 secs using 98.34% CPU
Optimizing NNI: done in 0.141321 secs using 98.02% CPU
Optimizing NNI: done in 0.16218 secs using 98.18% CPU
Iteration 100 / LogL: -24144.526 / Time: 0h:0m:59s (0h:0m:17s left)
Log-likelihood cutoff on original alignment: -24174.557
NOTE: Bootstrap correlation coefficient of split occurrence frequencies: 0.976
NOTE: UFBoot does not converge, continue at least 100 more iterations
Optimizing NNI: done in 0.142857 secs using 98.58% CPU
Optimizing NNI: done in 0.217562 secs using 98.92% CPU
Optimizing NNI: done in 0.146567 secs using 98.75% CPU
Optimizing NNI: done in 0.210227 secs using 99.37% CPU
Optimizing NNI: done in 0.0543838 secs using 99.39% CPU
Optimizing NNI: done in 0.217263 secs using 98.99% CPU
Optimizing NNI: done in 0.13162 secs using 99.36% CPU
Optimizing NNI: done in 0.206458 secs using 99.43% CPU
Optimizing NNI: done in 0.189143 secs using 99.26% CPU
Optimizing NNI: done in 0.202389 secs using 98.8% CPU
UPDATE BEST LOG-LIKELIHOOD: -24143.449
Iteration 110 / LogL: -24143.449 / Time: 0h:1m:1s (0h:0m:16s left)
Optimizing NNI: done in 0.12644 secs using 99.33% CPU
Optimizing NNI: done in 0.167493 secs using 98.74% CPU
Optimizing NNI: done in 0.159881 secs using 99.4% CPU
Optimizing NNI: done in 0.173582 secs using 99.39% CPU
Optimizing NNI: done in 0.19695 secs using 98.91% CPU
Optimizing NNI: done in 0.209518 secs using 98.91% CPU
Optimizing NNI: done in 0.121272 secs using 98.6% CPU
Optimizing NNI: done in 0.152318 secs using 98.12% CPU
Optimizing NNI: done in 0.170889 secs using 99.41% CPU
UPDATE BEST LOG-LIKELIHOOD: -24143.449
Optimizing NNI: done in 0.193149 secs using 98.85% CPU
Iteration 120 / LogL: -24143.474 / Time: 0h:1m:3s (0h:0m:14s left)
Optimizing NNI: done in 0.256214 secs using 97.69% CPU
Optimizing NNI: done in 0.174685 secs using 99.25% CPU
Optimizing NNI: done in 0.212797 secs using 98.82% CPU
Optimizing NNI: done in 0.178783 secs using 98.24% CPU
Optimizing NNI: done in 0.141827 secs using 99.25% CPU
Optimizing NNI: done in 0.132663 secs using 98.69% CPU
Optimizing NNI: done in 0.151142 secs using 99.41% CPU
Optimizing NNI: done in 0.20028 secs using 99.22% CPU
Optimizing NNI: done in 0.141771 secs using 99.4% CPU
Optimizing NNI: done in 0.221646 secs using 99.37% CPU
Iteration 130 / LogL: -24143.461 / Time: 0h:1m:5s (0h:0m:12s left)
Optimizing NNI: done in 0.171796 secs using 98.16% CPU
Optimizing NNI: done in 0.199612 secs using 98.89% CPU
Optimizing NNI: done in 0.193211 secs using 97.84% CPU
Optimizing NNI: done in 0.169176 secs using 98.86% CPU
Optimizing NNI: done in 0.189203 secs using 98.93% CPU
Optimizing NNI: done in 0.197767 secs using 98.27% CPU
Optimizing NNI: done in 0.202945 secs using 99.4% CPU
Optimizing NNI: done in 0.167222 secs using 98.84% CPU
Optimizing NNI: done in 0.158354 secs using 98.79% CPU
Optimizing NNI: done in 0.201082 secs using 98.97% CPU
Iteration 140 / LogL: -24243.669 / Time: 0h:1m:7s (0h:0m:11s left)
Optimizing NNI: done in 0.176349 secs using 98.87% CPU
Optimizing NNI: done in 0.159225 secs using 99.48% CPU
Optimizing NNI: done in 0.138687 secs using 98.04% CPU
Optimizing NNI: done in 0.198082 secs using 99.49% CPU
Optimizing NNI: done in 0.193357 secs using 98.49% CPU
Optimizing NNI: done in 0.195499 secs using 99.49% CPU
Optimizing NNI: done in 0.178507 secs using 98.39% CPU
Optimizing NNI: done in 0.155301 secs using 98.25% CPU
Optimizing NNI: done in 0.127897 secs using 98.69% CPU
Optimizing NNI: done in 0.200595 secs using 98.84% CPU
Iteration 150 / LogL: -24143.928 / Time: 0h:1m:8s (0h:0m:9s left)
Log-likelihood cutoff on original alignment: -24174.557
Optimizing NNI: done in 0.156719 secs using 98.22% CPU
Optimizing NNI: done in 0.1323 secs using 99.41% CPU
Optimizing NNI: done in 0.171907 secs using 98.89% CPU
Optimizing NNI: done in 0.134174 secs using 99.43% CPU
Optimizing NNI: done in 0.163083 secs using 98.82% CPU
Optimizing NNI: done in 0.165468 secs using 98.88% CPU
Optimizing NNI: done in 0.112264 secs using 99.5% CPU
Optimizing NNI: done in 0.147236 secs using 99.46% CPU
Optimizing NNI: done in 0.216686 secs using 99.02% CPU
Optimizing NNI: done in 0.166445 secs using 98.29% CPU
Iteration 160 / LogL: -24143.451 / Time: 0h:1m:10s (0h:0m:7s left)
Optimizing NNI: done in 0.141498 secs using 98.72% CPU
Optimizing NNI: done in 0.130387 secs using 99.43% CPU
Optimizing NNI: done in 0.17103 secs using 98.85% CPU
Optimizing NNI: done in 0.117992 secs using 97.72% CPU
Optimizing NNI: done in 0.190013 secs using 98.89% CPU
Optimizing NNI: done in 0.125737 secs using 96.98% CPU
Optimizing NNI: done in 0.180699 secs using 98.33% CPU
Optimizing NNI: done in 0.178231 secs using 98.87% CPU
Optimizing NNI: done in 0.211031 secs using 98.49% CPU
Optimizing NNI: done in 0.0792034 secs using 99.4% CPU
Iteration 170 / LogL: -24322.980 / Time: 0h:1m:12s (0h:0m:5s left)
Optimizing NNI: done in 0.144885 secs using 96.68% CPU
Optimizing NNI: done in 0.130868 secs using 98.64% CPU
Optimizing NNI: done in 0.137352 secs using 97.98% CPU
Optimizing NNI: done in 0.157783 secs using 98.18% CPU
Optimizing NNI: done in 0.122629 secs using 99.44% CPU
Optimizing NNI: done in 0.14511 secs using 98.72% CPU
Optimizing NNI: done in 0.165401 secs using 98.22% CPU
Optimizing NNI: done in 0.185915 secs using 98.9% CPU
Optimizing NNI: done in 0.198852 secs using 98.93% CPU
Optimizing NNI: done in 0.219533 secs using 98.97% CPU
Iteration 180 / LogL: -24143.938 / Time: 0h:1m:13s (0h:0m:3s left)
Optimizing NNI: done in 0.164161 secs using 99.45% CPU
Optimizing NNI: done in 0.177784 secs using 98.29% CPU
Optimizing NNI: done in 0.15562 secs using 99.42% CPU
Optimizing NNI: done in 0.140946 secs using 99.43% CPU
Optimizing NNI: done in 0.189623 secs using 97.82% CPU
Optimizing NNI: done in 0.123801 secs using 98.61% CPU
Optimizing NNI: done in 0.214218 secs using 98.51% CPU
Optimizing NNI: done in 0.152708 secs using 99.42% CPU
Optimizing NNI: done in 0.132016 secs using 97.18% CPU
Optimizing NNI: done in 0.15174 secs using 99.43% CPU
Iteration 190 / LogL: -24143.467 / Time: 0h:1m:15s (0h:0m:1s left)
Optimizing NNI: done in 0.132519 secs using 99.38% CPU
Optimizing NNI: done in 0.135746 secs using 98.7% CPU
Optimizing NNI: done in 0.220595 secs using 98.98% CPU
Optimizing NNI: done in 0.12738 secs using 98.64% CPU
Optimizing NNI: done in 0.158412 secs using 98.96% CPU
Optimizing NNI: done in 0.14373 secs using 98.12% CPU
Optimizing NNI: done in 0.144967 secs using 99.46% CPU
Optimizing NNI: done in 0.179744 secs using 99.51% CPU
Optimizing NNI: done in 0.159998 secs using 98.24% CPU
Optimizing NNI: done in 0.148962 secs using 98.82% CPU
Iteration 200 / LogL: -24227.446 / Time: 0h:1m:17s (0h:0m:0s left)
Log-likelihood cutoff on original alignment: -24174.557
NOTE: Bootstrap correlation coefficient of split occurrence frequencies: 0.996
TREE SEARCH COMPLETED AFTER 200 ITERATIONS / Time: 0h:1m:17s

--------------------------------------------------------------------
|                    FINALIZING TREE SEARCH                        |
--------------------------------------------------------------------
Performs final model parameters optimization
Estimate model parameters (epsilon = 0.010)
1. Initial log-likelihood: -24143.449
Optimal log-likelihood: -24143.443
Rate parameters:  A-C: 1.00000  A-G: 3.13794  A-T: 1.00000  C-G: 1.00000  C-T: 3.13794  G-T: 1.00000
Base frequencies:  A: 0.246  C: 0.193  G: 0.221  T: 0.340
Proportion of invariable sites: 0.097
Site proportion and rates:  (0.398,0.524) (0.506,1.566)
Parameters optimization took 1 rounds (0.032 sec)
BEST SCORE FOUND : -24143.443
Creating bootstrap support values...
Split supports printed to NEXUS file results_moss_new/07_phylogeny/All/G5812.splits.nex
Total tree length: 4.786

Total number of iterations: 200
CPU time used for tree search: 35.273 sec (0h:0m:35s)
Wall-clock time used for tree search: 35.711 sec (0h:0m:35s)
Total CPU time used: 80.160 sec (0h:1m:20s)
Total wall-clock time used: 77.395 sec (0h:1m:17s)

Computing bootstrap consensus tree...
Reading input file results_moss_new/07_phylogeny/All/G5812.splits.nex...
56 taxa and 320 splits.
Consensus tree written to results_moss_new/07_phylogeny/All/G5812.contree
Reading input trees file results_moss_new/07_phylogeny/All/G5812.contree
Log-likelihood of consensus tree: -24143.467

Analysis results written to: 
  IQ-TREE report:                results_moss_new/07_phylogeny/All/G5812.iqtree
  Maximum-likelihood tree:       results_moss_new/07_phylogeny/All/G5812.treefile
  Likelihood distances:          results_moss_new/07_phylogeny/All/G5812.mldist

Ultrafast bootstrap approximation results written to:
  Split support values:          results_moss_new/07_phylogeny/All/G5812.splits.nex
  Consensus tree:                results_moss_new/07_phylogeny/All/G5812.contree
  Screen log file:               results_moss_new/07_phylogeny/All/G5812.log

Date and Time: Fri Jun 12 08:56:12 2026
