IQ-TREE version 3.0.1 for Linux x86 64-bit built Jul  9 2025
Developed by Bui Quang Minh, Thomas Wong, Nhan Ly-Trong, Huaiyan Ren
Contributed by Lam-Tung Nguyen, Dominik Schrempf, Chris Bielow,
Olga Chernomor, Michael Woodhams, Diep Thi Hoang, Heiko Schmidt

Host:    c0711a-s19.ufhpc (AVX2, FMA3, 503 GB RAM)
Command: iqtree -s results_moss_new/06_alignment/All/trimmed/G5849.trimmed.aln --prefix results_moss_new/07_phylogeny/All/G5849 -m MFP -B 1000 -T AUTO
Seed:    238753 (Using SPRNG - Scalable Parallel Random Number Generator)
Time:    Fri Jun 12 00:46:45 2026
Kernel:  AVX+FMA - auto-detect threads (8 CPU cores detected)

Reading alignment file results_moss_new/06_alignment/All/trimmed/G5849.trimmed.aln ... Fasta format detected
Reading fasta file: done in 0.00245692 secs using 20.96% CPU
Alignment most likely contains DNA/RNA sequences
Constructing alignment: done in 0.00107652 secs using 66.23% CPU
Alignment has 57 sequences with 1593 columns, 1501 distinct patterns
1346 parsimony-informative, 130 singleton sites, 117 constant sites
                  Gap/Ambiguity  Composition  p-value
Analyzing sequences: done in 0.000153849 secs using 50.05% CPU
   1  S0039_G5849_R1_A   18.83%    failed      0.33%
   2  S0051_G5849_R1_A   18.90%    failed      0.38%
   3  S0051_G5849_R2_A   29.63%    passed     42.70%
   4  S0010_G5849_R1_V   23.85%    passed     87.21%
   5  S0009_G5849_R1_U   28.88%    passed     57.09%
   6  S0027_G5849_R1_A   41.68%    failed      3.73%
   7  S0014_G5849_R1_A   33.58%    failed      0.01%
   8  S0034_G5849_R1_A   31.07%    passed     35.26%
   9  S0008_G5849_R1_A   32.33%    passed     76.63%
  10  S0015_G5849_R1_A   29.57%    passed     51.81%
  11  S0014_G5849_R2_A   32.33%    failed      0.69%
  12  S0031_G5849_R1_A    3.14%    passed     79.85%
  13  S0016_G5849_R1_A    2.76%    passed     69.75%
  14  S0017_G5849_R1_A    6.34%    passed     99.90%
  15  S0030_G5849_R1_A   10.48%    passed     18.98%
  16  S0022_G5849_R1_A    2.45%    passed     87.74%
  17  S0018_G5849_R1_A    2.82%    passed     91.15%
  18  S0013_G5849_R1_A    3.26%    passed     74.36%
  19  S0037_G5849_R1_A    3.01%    passed     57.90%
  20  S0046_G5849_R1_A    2.76%    passed     87.91%
  21  S0048_G5849_R1_A    2.13%    passed     98.97%
  22  S0050_G5849_R1_A    2.45%    passed     97.79%
  23  S0012_G5849_R1_A    3.52%    passed     77.85%
  24  S0020_G5849_R1_A    4.65%    passed     74.43%
  25  S0023_G5849_R1_A    3.39%    passed     86.31%
  26  S0002_G5849_R1_A    3.08%    passed     75.50%
  27  S0026_G5849_R1_A    3.20%    passed     94.48%
  28  S0028_G5849_R1_A    4.77%    passed     96.50%
  29  S0036_G5849_R1_A    8.04%    passed     93.66%
  30  S0005_G5849_R1_A    9.48%    passed     98.40%
  31  S0019_G5849_R1_A    3.95%    passed     73.53%
  32  S0035_G5849_R1_A    9.17%    passed     75.50%
  33  S0021_G5849_R1_A    5.78%    passed     70.10%
  34  S0021_G5849_R2_A    3.64%    passed     85.14%
  35  S0033_G5849_R1_A   32.33%    passed     19.64%
  36  S0011_G5849_R1_A    3.95%    passed     79.68%
  37  S0004_G5849_R1_A    2.64%    passed     62.27%
  38  S0006_G5849_R1_A   17.33%    failed      1.75%
  39  S0025_G5849_R1_A   21.91%    passed     50.96%
  40  S0032_G5849_R1_N   21.85%    passed     74.85%
  41  S0029_G5849_R1_A   21.59%    passed     75.49%
  42  S0001_G5849_R1_A   27.50%    passed     61.74%
  43  S0024_G5849_R1_A   30.01%    passed     40.70%
  44  S0032_G5849_R2_N   30.13%    failed      3.57%
  45  S0049_G5849_R1_A   32.08%    failed      0.35%
  46  S0003_G5849_R1_N   49.91%    passed     24.12%
  47  S0045_G5849_R3_A   40.30%    failed      0.01%
  48  S0045_G5849_R4_A   40.74%    failed      0.12%
  49  S0038_G5849_R1_A   46.83%    passed     12.89%
  50  S0044_G5849_R1_N   46.83%    passed     20.57%
  51  S0045_G5849_R1_A   46.77%    passed      6.65%
  52  S0042_G5849_R1_N   46.89%    passed     25.77%
  53  S0041_G5849_R1_N   47.02%    passed     29.92%
  54  S0043_G5849_R1_N   46.96%    passed     30.00%
  55  S0047_G5849_R1_N   47.02%    passed     41.66%
  56  S0040_G5849_R1_N   46.77%    passed     32.65%
  57  S0045_G5849_R2_A   46.08%    passed     10.82%
****  TOTAL              21.37%  10 sequences failed composition chi2 test (p-value<5%; df=3)
Checking for duplicate sequences: done in 0.000205396 secs


Create initial parsimony tree by phylogenetic likelihood library (PLL)... 0.015 seconds
Measuring multi-threading efficiency up to 8 CPU cores
Increase to 10 rounds for branch lengths
72 trees examined
Threads: 1 / Time: 8.026 sec / Speedup: 1.000 / Efficiency: 100% / LogL: -44448
Threads: 2 / Time: 23.396 sec / Speedup: 0.343 / Efficiency: 17% / LogL: -44448
Determining AUTO threadcount: done in 31.423 secs using 104.5% CPU
BEST NUMBER OF THREADS: 1

Perform fast likelihood tree search using GTR+I+G model...
Estimate model parameters (epsilon = 5.000)
Perform nearest neighbor interchange...
Optimizing NNI: done in 0.244048 secs using 60.48% CPU
Estimate model parameters (epsilon = 1.000)
1. Initial log-likelihood: -28414.914
Optimal log-likelihood: -28414.800
Rate parameters:  A-C: 1.03274  A-G: 2.57959  A-T: 0.99579  C-G: 0.95241  C-T: 2.78185  G-T: 1.00000
Base frequencies:  A: 0.226  C: 0.189  G: 0.241  T: 0.344
Proportion of invariable sites: 0.060
Gamma shape alpha: 4.388
Parameters optimization took 1 rounds (0.100 sec)
Time for fast ML tree search: 0.883 seconds

NOTE: ModelFinder requires 33 MB RAM!
ModelFinder will test up to 968 DNA models (sample size: 1593 epsilon: 0.100) ...
 No. Model         -LnL         df  AIC          AICc         BIC
  1  JC            29452.533    111 59127.065    59143.854    59723.510
  2  JC+I          29178.118    112 58580.235    58597.338    59182.053
  3  JC+G4         29145.349    112 58514.699    58531.802    59116.517
  4  JC+I+G4       29074.073    113 58374.146    58391.565    58981.337
  5  JC+R2         29112.465    113 58450.930    58468.350    59058.121
  6  JC+R3         29083.417    115 58396.834    58414.898    59014.772
  7  JC+R4         29082.675    117 58399.351    58418.071    59028.036
 14  JC+I+R2       29075.319    114 58378.638    58396.378    58991.203
 15  JC+I+R3       29073.213    116 58378.427    58396.817    59001.738
 26  JC+I+G4       29074.073    113 58374.146    58391.565    58981.337
 36  JC+I+R2       29075.319    114 58378.638    58396.378    58991.203
 48  F81+I+G4      29074.073    113 58374.146    58391.566    58981.338
 58  F81+I+R2      29075.202    114 58378.404    58396.144    58990.968
 70  F81+F+I+G4    28964.405    116 58160.811    58179.201    58784.122
 80  F81+F+I+R2    28964.767    117 58163.534    58182.254    58792.218
 92  K2P+I+G4      28591.496    114 57410.993    57428.733    58023.558
102  K2P+I+R2      28593.615    115 57417.230    57435.294    58035.168
114  K2P+I+G4      28591.496    114 57410.993    57428.733    58023.558
124  K2P+I+R2      28593.615    115 57417.230    57435.294    58035.168
136  HKY+I+G4      28591.496    114 57410.992    57428.732    58023.556
146  HKY+I+R2      28593.589    115 57417.178    57435.242    58035.116
158  HKY+F+I+G4    28416.686    117 57067.372    57086.092    57696.057
168  HKY+F+I+R2    28417.951    118 57071.903    57090.955    57705.961
180  TNe+I+G4      28588.304    115 57406.608    57424.672    58024.546
190  TNe+I+R2      28590.542    116 57413.083    57431.473    58036.395
202  TNe+I+G4      28588.304    115 57406.608    57424.672    58024.546
212  TNe+I+R2      28590.542    116 57413.083    57431.473    58036.395
224  TN+I+G4       28588.301    115 57406.602    57424.666    58024.540
234  TN+I+R2       28590.478    116 57412.957    57431.347    58036.268
246  TN+F+I+G4     28415.244    118 57066.487    57085.540    57700.545
256  TN+F+I+R2     28416.523    119 57071.047    57090.436    57710.478
268  K3P+I+G4      28590.609    115 57411.218    57429.282    58029.156
278  K3P+I+R2      28592.712    116 57417.424    57435.814    58040.735
290  K3P+I+G4      28590.609    115 57411.218    57429.282    58029.156
300  K3P+I+R2      28592.712    116 57417.424    57435.814    58040.735
312  K3Pu+I+G4     28590.609    115 57411.218    57429.281    58029.156
322  K3Pu+I+R2     28592.701    116 57417.403    57435.793    58040.714
334  K3Pu+F+I+G4   28416.511    118 57069.022    57088.075    57703.080
344  K3Pu+F+I+R2   28417.909    119 57073.818    57093.207    57713.250
356  TPM2+I+G4     28591.296    115 57412.591    57430.655    58030.529
366  TPM2+I+R2     28593.417    116 57418.835    57437.225    58042.146
378  TPM2+I+G4     28591.296    115 57412.591    57430.655    58030.529
388  TPM2+I+R2     28593.417    116 57418.835    57437.225    58042.146
400  TPM2u+I+G4    28591.295    115 57412.591    57430.654    58030.529
410  TPM2u+I+R2    28593.407    116 57418.813    57437.203    58042.125
422  TPM2u+F+I+G4  28416.575    118 57069.150    57088.203    57703.209
432  TPM2u+F+I+R2  28417.890    119 57073.781    57093.170    57713.212
444  TPM3+I+G4     28554.760    115 57339.520    57357.583    57957.458
454  TPM3+I+R2     28557.773    116 57347.546    57365.936    57970.857
466  TPM3+I+G4     28554.760    115 57339.520    57357.583    57957.458
476  TPM3+I+R2     28557.773    116 57347.546    57365.936    57970.857
488  TPM3u+I+G4    28554.759    115 57339.518    57357.582    57957.456
498  TPM3u+I+R2    28557.770    116 57347.540    57365.931    57970.852
510  TPM3u+F+I+G4  28416.668    118 57069.337    57088.390    57703.395
520  TPM3u+F+I+R2  28418.008    119 57074.016    57093.405    57713.448
532  TIMe+I+G4     28587.417    116 57406.834    57425.225    58030.146
542  TIMe+I+R2     28589.649    117 57413.298    57432.018    58041.983
554  TIMe+I+G4     28587.417    116 57406.834    57425.225    58030.146
564  TIMe+I+R2     28589.649    117 57413.298    57432.018    58041.983
576  TIM+I+G4      28587.416    116 57406.832    57425.222    58030.144
586  TIM+I+R2      28589.600    117 57413.200    57431.920    58041.884
598  TIM+F+I+G4    28415.068    119 57068.136    57087.525    57707.567
608  TIM+F+I+R2    28416.309    120 57072.618    57092.346    57717.423
620  TIM2e+I+G4    28588.107    116 57408.213    57426.604    58031.525
630  TIM2e+I+R2    28590.560    117 57415.120    57433.840    58043.805
642  TIM2e+I+G4    28588.107    116 57408.213    57426.604    58031.525
652  TIM2e+I+R2    28590.560    117 57415.120    57433.840    58043.805
664  TIM2+I+G4     28588.103    116 57408.206    57426.596    58031.517
674  TIM2+I+R2     28590.291    117 57414.582    57433.302    58043.267
686  TIM2+F+I+G4   28415.135    119 57068.270    57087.659    57707.702
696  TIM2+F+I+R2   28416.293    120 57072.586    57092.314    57717.391
708  TIM3e+I+G4    28550.681    116 57333.362    57351.752    57956.673
718  TIM3e+I+R2    28553.967    117 57341.933    57360.653    57970.618
730  TIM3e+I+G4    28550.681    116 57333.362    57351.752    57956.673
740  TIM3e+I+R2    28553.967    117 57341.933    57360.653    57970.618
752  TIM3+I+G4     28550.681    116 57333.361    57351.751    57956.673
762  TIM3+I+R2     28553.845    117 57341.689    57360.409    57970.374
774  TIM3+F+I+G4   28415.228    119 57068.455    57087.844    57707.887
784  TIM3+F+I+R2   28416.428    120 57072.856    57092.584    57717.661
796  TVMe+I+G4     28554.004    117 57342.007    57360.727    57970.692
806  TVMe+I+R2     28557.392    118 57350.785    57369.838    57984.843
818  TVMe+I+G4     28554.004    117 57342.007    57360.727    57970.692
828  TVMe+I+R2     28557.392    118 57350.785    57369.838    57984.843
840  TVM+I+G4      28554.000    117 57342.001    57360.721    57970.686
850  TVM+I+R2      28557.264    118 57350.528    57369.581    57984.587
862  TVM+F+I+G4    28416.246    120 57072.493    57092.221    57717.298
872  TVM+F+I+R2    28417.433    121 57076.867    57096.938    57727.045
884  SYM+I+G4      28549.927    118 57335.854    57354.907    57969.912
894  SYM+I+R2      28553.063    119 57344.126    57363.515    57983.558
906  SYM+I+G4      28549.927    118 57335.854    57354.907    57969.912
916  SYM+I+R2      28553.063    119 57344.126    57363.515    57983.558
928  GTR+I+G4      28549.926    118 57335.852    57354.905    57969.910
938  GTR+I+R2      28553.013    119 57344.027    57363.416    57983.458
950  GTR+F+I+G4    28414.811    121 57071.623    57091.694    57721.801
960  GTR+F+I+R2    28415.936    122 57075.873    57096.289    57731.424
Akaike Information Criterion:           TN+F+I+G4
Corrected Akaike Information Criterion: TN+F+I+G4
Bayesian Information Criterion:         HKY+F+I+G4
Best-fit model: HKY+F+I+G4 chosen according to BIC

All model information printed to results_moss_new/07_phylogeny/All/G5849.model.gz
CPU time for ModelFinder: 46.566 seconds (0h:0m:46s)
Wall-clock time for ModelFinder: 46.335 seconds (0h:0m:46s)
Generating 1000 samples for ultrafast bootstrap (seed: 238753)...

NOTE: 16 MB RAM (0 GB) is required!
Estimate model parameters (epsilon = 0.100)
Thoroughly optimizing +I+G parameters from 10 start values...
Init pinv, alpha: 0.000, 4.392 / Estimate: 0.000, 2.288 / LogL: -28492.793
Init pinv, alpha: 0.008, 4.392 / Estimate: 0.060, 4.393 / LogL: -28416.686
Init pinv, alpha: 0.016, 4.392 / Estimate: 0.060, 4.387 / LogL: -28416.687
Init pinv, alpha: 0.024, 4.392 / Estimate: 0.060, 4.396 / LogL: -28416.685
Init pinv, alpha: 0.033, 4.392 / Estimate: 0.060, 4.380 / LogL: -28416.688
Init pinv, alpha: 0.041, 4.392 / Estimate: 0.060, 4.391 / LogL: -28416.687
Init pinv, alpha: 0.049, 4.392 / Estimate: 0.060, 4.397 / LogL: -28416.685
Init pinv, alpha: 0.057, 4.392 / Estimate: 0.060, 4.397 / LogL: -28416.685
Init pinv, alpha: 0.065, 4.392 / Estimate: 0.060, 4.414 / LogL: -28416.685
Init pinv, alpha: 0.073, 4.392 / Estimate: 0.060, 4.429 / LogL: -28416.688
Optimal pinv,alpha: 0.060, 4.397 / LogL: -28416.685

Parameters optimization took 1.673 sec
Wrote distance file to... 
Computing ML distances based on estimated model parameters...
Calculating distance matrix: done in 0.0106758 secs using 99.64% CPU
Computing ML distances took 0.010966 sec (of wall-clock time) 0.010928 sec (of CPU time)
Setting up auxiliary I and S matrices: done in 0.000107602 secs using 132% CPU
Constructing RapidNJ tree: done in 0.000209514 secs using 99.28% CPU
Computing RapidNJ tree took 0.000370 sec (of wall-clock time) 0.000433 sec (of CPU time)
Log-likelihood of RapidNJ tree: -28515.716
--------------------------------------------------------------------
|             INITIALIZING CANDIDATE TREE SET                      |
--------------------------------------------------------------------
Generating 98 parsimony trees... 0.683 second
Computing log-likelihood of 98 initial trees ... 1.423 seconds
Current best score: -28416.685

Do NNI search on 20 best initial trees
Optimizing NNI: done in 0.0728337 secs using 98.24% CPU
Estimate model parameters (epsilon = 0.100)
BETTER TREE FOUND at iteration 1: -28416.685
Optimizing NNI: done in 0.192653 secs using 99.61% CPU
Estimate model parameters (epsilon = 0.100)
BETTER TREE FOUND at iteration 2: -28413.774
Optimizing NNI: done in 0.189064 secs using 99.54% CPU
Optimizing NNI: done in 0.244803 secs using 99.18% CPU
Estimate model parameters (epsilon = 0.100)
BETTER TREE FOUND at iteration 4: -28398.273
Optimizing NNI: done in 0.253927 secs using 98.84% CPU
Estimate model parameters (epsilon = 0.100)
BETTER TREE FOUND at iteration 5: -28396.406
Optimizing NNI: done in 0.264767 secs using 99.21% CPU
Optimizing NNI: done in 0.216419 secs using 99.6% CPU
Optimizing NNI: done in 0.218518 secs using 99.17% CPU
Optimizing NNI: done in 0.255221 secs using 98.86% CPU
Optimizing NNI: done in 0.210504 secs using 99.62% CPU
Iteration 10 / LogL: -28414.531 / Time: 0h:0m:52s
Optimizing NNI: done in 0.210865 secs using 99.16% CPU
Optimizing NNI: done in 0.226906 secs using 99.65% CPU
Optimizing NNI: done in 0.202478 secs using 99.63% CPU
Optimizing NNI: done in 0.218508 secs using 99.19% CPU
Optimizing NNI: done in 0.191093 secs using 99.59% CPU
Optimizing NNI: done in 0.228833 secs using 99.62% CPU
Optimizing NNI: done in 0.197839 secs using 99.62% CPU
Optimizing NNI: done in 0.233543 secs using 99.64% CPU
Optimizing NNI: done in 0.24118 secs using 99.63% CPU
Optimizing NNI: done in 0.215951 secs using 98.72% CPU
Iteration 20 / LogL: -28415.402 / Time: 0h:0m:54s
Finish initializing candidate tree set (11)
Current best tree score: -28396.406 / CPU time: 6.607
Number of iterations: 20
--------------------------------------------------------------------
|               OPTIMIZING CANDIDATE TREE SET                      |
--------------------------------------------------------------------
Optimizing NNI: done in 0.32854 secs using 98.44% CPU
Optimizing NNI: done in 0.293661 secs using 99.63% CPU
Optimizing NNI: done in 0.230773 secs using 99.21% CPU
Optimizing NNI: done in 0.294627 secs using 98.96% CPU
Estimate model parameters (epsilon = 0.100)
BETTER TREE FOUND at iteration 24: -28395.274
Optimizing NNI: done in 0.231153 secs using 99.65% CPU
Estimate model parameters (epsilon = 0.100)
BETTER TREE FOUND at iteration 25: -28390.639
Optimizing NNI: done in 0.236753 secs using 99.62% CPU
Optimizing NNI: done in 0.290303 secs using 99.6% CPU
Optimizing NNI: done in 0.241643 secs using 99.6% CPU
Optimizing NNI: done in 0.289218 secs using 98.57% CPU
Estimate model parameters (epsilon = 0.100)
BETTER TREE FOUND at iteration 29: -28387.939
Optimizing NNI: done in 0.247933 secs using 99.19% CPU
Iteration 30 / LogL: -28391.641 / Time: 0h:0m:57s (0h:0m:38s left)
Optimizing NNI: done in 0.387234 secs using 99.35% CPU
Optimizing NNI: done in 0.270547 secs using 99.63% CPU
Optimizing NNI: done in 0.20587 secs using 99.62% CPU
Optimizing NNI: done in 0.293371 secs using 99.28% CPU
Optimizing NNI: done in 0.288849 secs using 99.28% CPU
Optimizing NNI: done in 0.312185 secs using 99.27% CPU
Optimizing NNI: done in 0.24288 secs using 98.76% CPU
Estimate model parameters (epsilon = 0.100)
BETTER TREE FOUND at iteration 37: -28387.480
Optimizing NNI: done in 0.211953 secs using 99.12% CPU
Estimate model parameters (epsilon = 0.100)
BETTER TREE FOUND at iteration 38: -28386.671
Optimizing NNI: done in 0.245786 secs using 98.36% CPU
Optimizing NNI: done in 0.36199 secs using 99.02% CPU
Estimate model parameters (epsilon = 0.100)
BETTER TREE FOUND at iteration 40: -28386.196
Iteration 40 / LogL: -28386.196 / Time: 0h:1m:0s (0h:0m:36s left)
Optimizing NNI: done in 0.281094 secs using 99.52% CPU
Optimizing NNI: done in 0.235659 secs using 99.56% CPU
Optimizing NNI: done in 0.314333 secs using 99.24% CPU
Optimizing NNI: done in 0.320578 secs using 99.23% CPU
Estimate model parameters (epsilon = 0.100)
BETTER TREE FOUND at iteration 44: -28385.699
Optimizing NNI: done in 0.255613 secs using 99.55% CPU
Optimizing NNI: done in 0.215392 secs using 99.09% CPU
Optimizing NNI: done in 0.249642 secs using 99.53% CPU
Optimizing NNI: done in 0.31728 secs using 99.27% CPU
Optimizing NNI: done in 0.246305 secs using 98.76% CPU
Optimizing NNI: done in 0.290899 secs using 98.88% CPU
Iteration 50 / LogL: -28386.489 / Time: 0h:1m:3s (0h:0m:32s left)
Log-likelihood cutoff on original alignment: -28447.406
Optimizing NNI: done in 0.282588 secs using 99.21% CPU
Optimizing NNI: done in 0.26072 secs using 99.54% CPU
Optimizing NNI: done in 0.365574 secs using 99.56% CPU
Optimizing NNI: done in 0.250742 secs using 99.18% CPU
Optimizing NNI: done in 0.238725 secs using 99.16% CPU
Optimizing NNI: done in 0.23948 secs using 99.14% CPU
Optimizing NNI: done in 0.241231 secs using 98.75% CPU
Optimizing NNI: done in 0.283746 secs using 99.62% CPU
Optimizing NNI: done in 0.352957 secs using 99.61% CPU
Optimizing NNI: done in 0.342735 secs using 99.03% CPU
Estimate model parameters (epsilon = 0.100)
BETTER TREE FOUND at iteration 60: -28384.465
Iteration 60 / LogL: -28384.465 / Time: 0h:1m:6s (0h:0m:34s left)
Optimizing NNI: done in 0.277081 secs using 99.6% CPU
Optimizing NNI: done in 0.26919 secs using 99.59% CPU
Optimizing NNI: done in 0.271869 secs using 98.91% CPU
Optimizing NNI: done in 0.277725 secs using 99.28% CPU
Optimizing NNI: done in 0.233717 secs using 98.35% CPU
Optimizing NNI: done in 0.222515 secs using 98.73% CPU
Optimizing NNI: done in 0.355929 secs using 99.33% CPU
Estimate model parameters (epsilon = 0.100)
BETTER TREE FOUND at iteration 67: -28384.315
Optimizing NNI: done in 0.29005 secs using 94.28% CPU
Optimizing NNI: done in 0.234438 secs using 98.25% CPU
Optimizing NNI: done in 0.297468 secs using 99% CPU
Iteration 70 / LogL: -28556.268 / Time: 0h:1m:9s (0h:0m:32s left)
Optimizing NNI: done in 0.242197 secs using 99.18% CPU
Optimizing NNI: done in 0.340717 secs using 99.65% CPU
Optimizing NNI: done in 0.299259 secs using 99.6% CPU
Optimizing NNI: done in 0.237391 secs using 97.05% CPU
Optimizing NNI: done in 0.251428 secs using 99.62% CPU
Optimizing NNI: done in 0.230324 secs using 98.32% CPU
Optimizing NNI: done in 0.377969 secs using 98.84% CPU
Optimizing NNI: done in 0.200413 secs using 99.62% CPU
Optimizing NNI: done in 0.322168 secs using 98.38% CPU
Optimizing NNI: done in 0.340616 secs using 99.32% CPU
Iteration 80 / LogL: -28465.833 / Time: 0h:1m:12s (0h:0m:28s left)
Optimizing NNI: done in 0.229316 secs using 98.25% CPU
Optimizing NNI: done in 0.243565 secs using 98.79% CPU
Optimizing NNI: done in 0.348206 secs using 99.61% CPU
Optimizing NNI: done in 0.223616 secs using 99.63% CPU
Optimizing NNI: done in 0.343569 secs using 99.63% CPU
Optimizing NNI: done in 0.257787 secs using 98.86% CPU
Optimizing NNI: done in 0.279391 secs using 99.63% CPU
Optimizing NNI: done in 0.297331 secs using 99.59% CPU
Optimizing NNI: done in 0.295958 secs using 98.95% CPU
Optimizing NNI: done in 0.203195 secs using 99.61% CPU
Iteration 90 / LogL: -28384.809 / Time: 0h:1m:15s (0h:0m:24s left)
Optimizing NNI: done in 0.311137 secs using 99.63% CPU
Optimizing NNI: done in 0.283819 secs using 99.61% CPU
Optimizing NNI: done in 0.293145 secs using 98.95% CPU
Optimizing NNI: done in 0.289734 secs using 99.62% CPU
UPDATE BEST LOG-LIKELIHOOD: -28384.315
Optimizing NNI: done in 0.257523 secs using 99.59% CPU
Optimizing NNI: done in 0.340301 secs using 99.34% CPU
Optimizing NNI: done in 0.258863 secs using 99.14% CPU
Optimizing NNI: done in 0.266257 secs using 99.25% CPU
Optimizing NNI: done in 0.321414 secs using 98.65% CPU
Optimizing NNI: done in 0.275017 secs using 99.21% CPU
Iteration 100 / LogL: -28385.405 / Time: 0h:1m:18s (0h:0m:21s left)
Log-likelihood cutoff on original alignment: -28447.406
NOTE: Bootstrap correlation coefficient of split occurrence frequencies: 0.977
NOTE: UFBoot does not converge, continue at least 100 more iterations
Optimizing NNI: done in 0.282083 secs using 99.58% CPU
Optimizing NNI: done in 0.294909 secs using 99.21% CPU
Optimizing NNI: done in 0.259041 secs using 99.18% CPU
Optimizing NNI: done in 0.287874 secs using 99.21% CPU
Optimizing NNI: done in 0.219706 secs using 99.58% CPU
Optimizing NNI: done in 0.214878 secs using 97.7% CPU
Optimizing NNI: done in 0.199909 secs using 97.58% CPU
Optimizing NNI: done in 0.237853 secs using 98.64% CPU
Optimizing NNI: done in 0.187755 secs using 99.61% CPU
Optimizing NNI: done in 0.284884 secs using 99.25% CPU
Iteration 110 / LogL: -28385.466 / Time: 0h:1m:20s (0h:0m:28s left)
Optimizing NNI: done in 0.244979 secs using 98.8% CPU
Optimizing NNI: done in 0.278884 secs using 98.55% CPU
Optimizing NNI: done in 0.283593 secs using 99.23% CPU
Optimizing NNI: done in 0.217349 secs using 99.61% CPU
Optimizing NNI: done in 0.283236 secs using 99.29% CPU
Optimizing NNI: done in 0.27457 secs using 99.63% CPU
Optimizing NNI: done in 0.301631 secs using 99.27% CPU
Optimizing NNI: done in 0.235264 secs using 99.16% CPU
Optimizing NNI: done in 0.190475 secs using 98.57% CPU
Optimizing NNI: done in 0.365953 secs using 99.09% CPU
Iteration 120 / LogL: -28385.929 / Time: 0h:1m:23s (0h:0m:24s left)
Optimizing NNI: done in 0.236781 secs using 99.63% CPU
Optimizing NNI: done in 0.270133 secs using 99.65% CPU
Optimizing NNI: done in 0.303484 secs using 98.64% CPU
Optimizing NNI: done in 0.255509 secs using 99.58% CPU
Optimizing NNI: done in 0.338248 secs using 99.61% CPU
Optimizing NNI: done in 0.327369 secs using 99.64% CPU
Optimizing NNI: done in 0.338214 secs using 99.04% CPU
Optimizing NNI: done in 0.293173 secs using 99.28% CPU
Optimizing NNI: done in 0.245896 secs using 99.22% CPU
Optimizing NNI: done in 0.203982 secs using 98.65% CPU
Iteration 130 / LogL: -28386.406 / Time: 0h:1m:26s (0h:0m:21s left)
Optimizing NNI: done in 0.32182 secs using 99.31% CPU
Optimizing NNI: done in 0.229179 secs using 99.63% CPU
Optimizing NNI: done in 0.308758 secs using 99.29% CPU
Optimizing NNI: done in 0.277152 secs using 99.27% CPU
Optimizing NNI: done in 0.285301 secs using 99.6% CPU
Optimizing NNI: done in 0.284329 secs using 99.62% CPU
Optimizing NNI: done in 0.27464 secs using 99.23% CPU
Optimizing NNI: done in 0.270433 secs using 98.89% CPU
Optimizing NNI: done in 0.267896 secs using 99.27% CPU
Optimizing NNI: done in 0.316083 secs using 99% CPU
Iteration 140 / LogL: -28384.697 / Time: 0h:1m:29s (0h:0m:18s left)
Optimizing NNI: done in 0.327704 secs using 99.62% CPU
Optimizing NNI: done in 0.357589 secs using 99.34% CPU
Optimizing NNI: done in 0.295359 secs using 99.63% CPU
Optimizing NNI: done in 0.357777 secs using 99.35% CPU
Optimizing NNI: done in 0.222552 secs using 99.2% CPU
Optimizing NNI: done in 0.268847 secs using 98.89% CPU
Optimizing NNI: done in 0.275887 secs using 99.29% CPU
Optimizing NNI: done in 0.195068 secs using 97.59% CPU
Optimizing NNI: done in 0.245326 secs using 99.23% CPU
Optimizing NNI: done in 0.208906 secs using 99.65% CPU
Iteration 150 / LogL: -28391.006 / Time: 0h:1m:31s (0h:0m:15s left)
Log-likelihood cutoff on original alignment: -28447.406
Optimizing NNI: done in 0.262652 secs using 99.28% CPU
Optimizing NNI: done in 0.259902 secs using 99.64% CPU
Optimizing NNI: done in 0.305901 secs using 98.69% CPU
Optimizing NNI: done in 0.298693 secs using 99.66% CPU
Optimizing NNI: done in 0.31419 secs using 98.57% CPU
Optimizing NNI: done in 0.277164 secs using 99.62% CPU
Optimizing NNI: done in 0.383176 secs using 99.35% CPU
Optimizing NNI: done in 0.32105 secs using 99.49% CPU
Optimizing NNI: done in 0.263936 secs using 98.85% CPU
Optimizing NNI: done in 0.278336 secs using 98.91% CPU
UPDATE BEST LOG-LIKELIHOOD: -28384.314
Iteration 160 / LogL: -28384.314 / Time: 0h:1m:35s (0h:0m:12s left)
Optimizing NNI: done in 0.234708 secs using 99.62% CPU
Optimizing NNI: done in 0.322519 secs using 99.25% CPU
Optimizing NNI: done in 0.243045 secs using 98.79% CPU
Optimizing NNI: done in 0.299822 secs using 99.61% CPU
Optimizing NNI: done in 0.295058 secs using 99.61% CPU
UPDATE BEST LOG-LIKELIHOOD: -28384.314
Optimizing NNI: done in 0.378872 secs using 99.61% CPU
Optimizing NNI: done in 0.27858 secs using 99.61% CPU
Optimizing NNI: done in 0.206222 secs using 99.1% CPU
Optimizing NNI: done in 0.320637 secs using 99.6% CPU
Optimizing NNI: done in 0.270941 secs using 99.6% CPU
Iteration 170 / LogL: -28384.318 / Time: 0h:1m:37s (0h:0m:9s left)
Optimizing NNI: done in 0.294113 secs using 99.29% CPU
Optimizing NNI: done in 0.28953 secs using 99.27% CPU
Optimizing NNI: done in 0.257853 secs using 98.87% CPU
Optimizing NNI: done in 0.25065 secs using 98.84% CPU
Optimizing NNI: done in 0.297442 secs using 99.62% CPU
Optimizing NNI: done in 0.35165 secs using 99.08% CPU
Optimizing NNI: done in 0.248539 secs using 99.62% CPU
Optimizing NNI: done in 0.258619 secs using 99.25% CPU
Optimizing NNI: done in 0.284524 secs using 98.93% CPU
Optimizing NNI: done in 0.28739 secs using 99.3% CPU
Iteration 180 / LogL: -28384.322 / Time: 0h:1m:40s (0h:0m:6s left)
Optimizing NNI: done in 0.286263 secs using 99.64% CPU
Optimizing NNI: done in 0.29055 secs using 99.31% CPU
Optimizing NNI: done in 0.244521 secs using 98.81% CPU
Optimizing NNI: done in 0.333462 secs using 99.33% CPU
Optimizing NNI: done in 0.246588 secs using 99.65% CPU
Optimizing NNI: done in 0.306389 secs using 98.99% CPU
Optimizing NNI: done in 0.253211 secs using 99.59% CPU
Optimizing NNI: done in 0.269415 secs using 98.52% CPU
Optimizing NNI: done in 0.233822 secs using 99.66% CPU
Optimizing NNI: done in 0.310449 secs using 99.65% CPU
Iteration 190 / LogL: -28384.319 / Time: 0h:1m:43s (0h:0m:3s left)
Optimizing NNI: done in 0.301209 secs using 98.99% CPU
Optimizing NNI: done in 0.253593 secs using 99.64% CPU
Optimizing NNI: done in 0.257427 secs using 97.71% CPU
Optimizing NNI: done in 0.234579 secs using 97.46% CPU
Optimizing NNI: done in 0.199698 secs using 99.62% CPU
Optimizing NNI: done in 0.320607 secs using 99.31% CPU
Optimizing NNI: done in 0.331824 secs using 99.57% CPU
Optimizing NNI: done in 0.243886 secs using 99.48% CPU
Optimizing NNI: done in 0.305883 secs using 99.41% CPU
Optimizing NNI: done in 0.2848 secs using 99.56% CPU
Iteration 200 / LogL: -28384.321 / Time: 0h:1m:46s (0h:0m:0s left)
Log-likelihood cutoff on original alignment: -28447.406
NOTE: Bootstrap correlation coefficient of split occurrence frequencies: 0.998
TREE SEARCH COMPLETED AFTER 200 ITERATIONS / Time: 0h:1m:46s

--------------------------------------------------------------------
|                    FINALIZING TREE SEARCH                        |
--------------------------------------------------------------------
Performs final model parameters optimization
Estimate model parameters (epsilon = 0.010)
1. Initial log-likelihood: -28384.314
Optimal log-likelihood: -28384.313
Rate parameters:  A-C: 1.00000  A-G: 2.71408  A-T: 1.00000  C-G: 1.00000  C-T: 2.71408  G-T: 1.00000
Base frequencies:  A: 0.226  C: 0.189  G: 0.241  T: 0.344
Proportion of invariable sites: 0.060
Gamma shape alpha: 4.370
Parameters optimization took 1 rounds (0.041 sec)
BEST SCORE FOUND : -28384.313
Creating bootstrap support values...
Split supports printed to NEXUS file results_moss_new/07_phylogeny/All/G5849.splits.nex
Total tree length: 7.410

Total number of iterations: 200
CPU time used for tree search: 57.779 sec (0h:0m:57s)
Wall-clock time used for tree search: 58.363 sec (0h:0m:58s)
Total CPU time used: 106.244 sec (0h:1m:46s)
Total wall-clock time used: 106.617 sec (0h:1m:46s)

Computing bootstrap consensus tree...
Reading input file results_moss_new/07_phylogeny/All/G5849.splits.nex...
57 taxa and 314 splits.
Consensus tree written to results_moss_new/07_phylogeny/All/G5849.contree
Reading input trees file results_moss_new/07_phylogeny/All/G5849.contree
Log-likelihood of consensus tree: -28384.313

Analysis results written to: 
  IQ-TREE report:                results_moss_new/07_phylogeny/All/G5849.iqtree
  Maximum-likelihood tree:       results_moss_new/07_phylogeny/All/G5849.treefile
  Likelihood distances:          results_moss_new/07_phylogeny/All/G5849.mldist

Ultrafast bootstrap approximation results written to:
  Split support values:          results_moss_new/07_phylogeny/All/G5849.splits.nex
  Consensus tree:                results_moss_new/07_phylogeny/All/G5849.contree
  Screen log file:               results_moss_new/07_phylogeny/All/G5849.log

Date and Time: Fri Jun 12 00:48:32 2026
