IQ-TREE version 3.0.1 for Linux x86 64-bit built Jul  9 2025
Developed by Bui Quang Minh, Thomas Wong, Nhan Ly-Trong, Huaiyan Ren
Contributed by Lam-Tung Nguyen, Dominik Schrempf, Chris Bielow,
Olga Chernomor, Michael Woodhams, Diep Thi Hoang, Heiko Schmidt

Host:    c0711a-s19.ufhpc (AVX2, FMA3, 503 GB RAM)
Command: iqtree -s results_moss_new/06_alignment/All/trimmed/G5857.trimmed.aln --prefix results_moss_new/07_phylogeny/All/G5857 -m MFP -B 1000 -T AUTO
Seed:    394352 (Using SPRNG - Scalable Parallel Random Number Generator)
Time:    Fri Jun 12 00:31:10 2026
Kernel:  AVX+FMA - auto-detect threads (8 CPU cores detected)

Reading alignment file results_moss_new/06_alignment/All/trimmed/G5857.trimmed.aln ... Fasta format detected
Reading fasta file: done in 0.000729612 secs using 84.02% CPU
Alignment most likely contains DNA/RNA sequences
Constructing alignment: done in 0.000673085 secs using 99.24% CPU
Alignment has 56 sequences with 1118 columns, 901 distinct patterns
734 parsimony-informative, 160 singleton sites, 224 constant sites
                  Gap/Ambiguity  Composition  p-value
Analyzing sequences: done in 8.82051e-05 secs using 32.88% CPU
   1  S0039_G5857_R1_U    7.07%    failed      0.02%
   2  S0051_G5857_R1_V    8.68%    failed      0.01%
   3  S0031_G5857_R1_A    0.36%    passed     99.23%
   4  S0018_G5857_R1_A    0.36%    passed     94.07%
   5  S0046_G5857_R1_A    0.54%    passed     95.05%
   6  S0026_G5857_R1_A    0.36%    passed     96.99%
   7  S0023_G5857_R1_A    1.52%    passed     85.42%
   8  S0011_G5857_R1_A    0.27%    passed     94.06%
   9  S0020_G5857_R1_A    0.72%    passed     93.84%
  10  S0021_G5857_R2_A    0.27%    passed     89.44%
  11  S0028_G5857_R1_A    0.27%    passed     88.62%
  12  S0022_G5857_R1_A    0.89%    passed     87.66%
  13  S0030_G5857_R1_A    0.36%    passed     96.14%
  14  S0013_G5857_R1_A    0.45%    passed     90.50%
  15  S0019_G5857_R1_A    2.42%    passed     94.22%
  16  S0017_G5857_R1_A    1.16%    passed     80.77%
  17  S0036_G5857_R1_A    0.81%    passed     89.33%
  18  S0004_G5857_R1_A    0.27%    passed     82.94%
  19  S0037_G5857_R1_A    0.36%    passed     92.01%
  20  S0016_G5857_R1_A    1.61%    passed     88.74%
  21  S0021_G5857_R1_A    0.27%    passed     90.35%
  22  S0050_G5857_R1_A    0.89%    passed     96.01%
  23  S0048_G5857_R1_A    2.42%    passed     77.75%
  24  S0002_G5857_R1_A    0.98%    passed     92.63%
  25  S0012_G5857_R1_A   18.87%    passed     83.37%
  26  S0035_G5857_R1_A    1.88%    passed     73.72%
  27  S0005_G5857_R1_A    4.47%    passed     96.33%
  28  S0033_G5857_R1_A   16.28%    passed     40.57%
  29  S0008_G5857_R1_A    3.31%    passed     15.80%
  30  S0015_G5857_R1_A    3.40%    passed     41.75%
  31  S0027_G5857_R1_A   11.00%    failed      1.05%
  32  S0034_G5857_R1_A    3.22%    passed     87.45%
  33  S0014_G5857_R1_A    4.29%    passed     37.08%
  34  S0010_G5857_R1_A    2.77%    passed     53.31%
  35  S0009_G5857_R1_A    2.77%    passed     59.44%
  36  S0033_G5857_R2_A   33.99%    failed      0.65%
  37  S0005_G5857_R2_A   15.74%    passed     28.57%
  38  S0006_G5857_R1_A   16.37%    passed     77.92%
  39  S0006_G5857_R2_A    6.44%    failed      0.11%
  40  S0015_G5857_R2_A    8.23%    passed     54.72%
  41  S0025_G5857_R1_A   28.26%    passed     31.02%
  42  S0029_G5857_R1_A   25.85%    passed     50.34%
  43  S0032_G5857_R1_N   32.47%    passed      6.62%
  44  S0024_G5857_R1_A   25.58%    passed     52.90%
  45  S0001_G5857_R1_A   30.86%    passed     12.29%
  46  S0032_G5857_R2_N   32.92%    passed      6.42%
  47  S0049_G5857_R1_A   12.43%    failed      0.03%
  48  S0003_G5857_R1_N   12.34%    failed      0.04%
  49  S0042_G5857_R1_N    4.83%    passed     86.24%
  50  S0040_G5857_R1_N    4.92%    passed     70.55%
  51  S0047_G5857_R1_N    4.83%    passed     69.88%
  52  S0038_G5857_R1_A    4.83%    passed     85.09%
  53  S0045_G5857_R1_A    4.74%    passed     65.91%
  54  S0044_G5857_R1_N    4.83%    passed     79.54%
  55  S0043_G5857_R1_N    4.83%    passed     72.27%
  56  S0041_G5857_R1_N    4.92%    passed     74.20%
****  TOTAL               7.60%  7 sequences failed composition chi2 test (p-value<5%; df=3)
Checking for duplicate sequences: done in 0.000118032 secs using 33.04% CPU


Create initial parsimony tree by phylogenetic likelihood library (PLL)... 0.005 seconds
Measuring multi-threading efficiency up to 8 CPU cores
Increase to 10 rounds for branch lengths
120 trees examined
Threads: 1 / Time: 8.029 sec / Speedup: 1.000 / Efficiency: 100% / LogL: -26510
Threads: 2 / Time: 24.075 sec / Speedup: 0.333 / Efficiency: 17% / LogL: -26510
Determining AUTO threadcount: done in 32.1049 secs using 104% CPU
BEST NUMBER OF THREADS: 1

Perform fast likelihood tree search using GTR+I+G model...
Estimate model parameters (epsilon = 5.000)
Perform nearest neighbor interchange...
Optimizing NNI: done in 0.084658 secs using 99.57% CPU
Estimate model parameters (epsilon = 1.000)
1. Initial log-likelihood: -17350.825
Optimal log-likelihood: -17350.633
Rate parameters:  A-C: 0.92476  A-G: 2.39142  A-T: 0.98941  C-G: 1.09427  C-T: 4.05439  G-T: 1.00000
Base frequencies:  A: 0.251  C: 0.199  G: 0.293  T: 0.256
Proportion of invariable sites: 0.099
Gamma shape alpha: 1.113
Parameters optimization took 1 rounds (0.070 sec)
Time for fast ML tree search: 0.320 seconds

NOTE: ModelFinder requires 19 MB RAM!
ModelFinder will test up to 968 DNA models (sample size: 1118 epsilon: 0.100) ...
 No. Model         -LnL         df  AIC          AICc         BIC
  1  JC            18499.548    109 37217.096    37240.885    37764.199
  2  JC+I          18017.291    110 36254.581    36278.832    36806.704
  3  JC+G4         17769.540    110 35759.079    35783.330    36311.202
  4  JC+I+G4       17760.310    111 35742.620    35767.336    36299.762
  5  JC+R2         17789.244    111 35800.487    35825.203    36357.629
  6  JC+R3         17755.419    113 35736.837    35762.499    36304.018
  7  JC+R4         17754.503    115 35739.005    35765.632    36316.225
 14  JC+I+R2       17764.702    112 35753.404    35778.590    36315.565
 15  JC+I+R3       17753.908    114 35735.817    35761.958    36308.017
 16  JC+I+R4       17753.797    116 35739.594    35766.711    36321.833
 26  JC+I+G4       17760.310    111 35742.620    35767.336    36299.762
 28  JC+R3         17755.419    113 35736.837    35762.499    36304.018
 37  JC+I+R3       17753.908    114 35735.817    35761.958    36308.017
 48  F81+I+G4      17760.187    111 35742.375    35767.090    36299.517
 50  F81+R3        17754.489    113 35734.979    35760.640    36302.159
 59  F81+I+R3      17753.797    114 35735.595    35761.736    36307.795
 70  F81+F+I+G4    17777.471    114 35782.942    35809.084    36355.142
 72  F81+F+R3      17772.115    116 35776.230    35803.347    36358.469
 81  F81+F+I+R3    17771.547    117 35777.095    35804.707    36364.353
 92  K2P+I+G4      17371.868    112 34967.736    34992.922    35529.897
 94  K2P+R3        17367.214    114 34962.428    34988.570    35534.628
103  K2P+I+R3      17366.182    115 34962.365    34988.991    35539.584
114  K2P+I+G4      17371.868    112 34967.736    34992.922    35529.897
116  K2P+R3        17367.214    114 34962.428    34988.570    35534.628
125  K2P+I+R3      17366.182    115 34962.365    34988.991    35539.584
136  HKY+I+G4      17371.825    112 34967.649    34992.835    35529.810
138  HKY+R3        17367.050    114 34962.101    34988.243    35534.301
147  HKY+I+R3      17366.118    115 34962.237    34988.864    35539.456
158  HKY+F+I+G4    17384.853    115 34999.706    35026.332    35576.925
160  HKY+F+R3      17380.533    117 34995.066    35022.678    35582.323
169  HKY+F+I+R3    17378.867    118 34993.734    35021.846    35586.011
180  TNe+I+G4      17364.620    113 34955.240    34980.902    35522.421
182  TNe+R3        17360.622    115 34951.245    34977.871    35528.464
191  TNe+I+R3      17359.811    116 34951.622    34978.739    35533.860
202  TNe+I+G4      17364.620    113 34955.240    34980.902    35522.421
204  TNe+R3        17360.622    115 34951.245    34977.871    35528.464
213  TNe+I+R3      17359.811    116 34951.622    34978.739    35533.860
224  TN+I+G4       17364.617    113 34955.234    34980.895    35522.414
226  TN+R3         17360.466    115 34950.933    34977.559    35528.152
235  TN+I+R3       17359.792    116 34951.584    34978.701    35533.823
246  TN+F+I+G4     17351.558    116 34935.117    34962.233    35517.355
248  TN+F+R3       17348.440    118 34932.879    34960.992    35525.156
257  TN+F+I+R3     17347.527    119 34933.053    34961.671    35530.350
268  K3P+I+G4      17371.689    113 34969.379    34995.040    35536.559
270  K3P+R3        17366.797    115 34963.594    34990.221    35540.813
279  K3P+I+R3      17365.899    116 34963.798    34990.915    35546.036
290  K3P+I+G4      17371.689    113 34969.378    34995.040    35536.559
292  K3P+R3        17366.797    115 34963.594    34990.221    35540.813
301  K3P+I+R3      17365.899    116 34963.798    34990.915    35546.036
312  K3Pu+I+G4     17371.685    113 34969.369    34995.030    35536.550
314  K3Pu+R3       17366.695    115 34963.390    34990.016    35540.609
323  K3Pu+I+R3     17365.847    116 34963.694    34990.811    35545.933
334  K3Pu+F+I+G4   17384.394    116 35000.787    35027.904    35583.026
336  K3Pu+F+R3     17379.638    118 34995.275    35023.387    35587.552
345  K3Pu+F+I+R3   17378.388    119 34994.777    35023.394    35592.073
356  TPM2+I+G4     17366.468    113 34958.936    34984.597    35526.116
358  TPM2+R3       17360.486    115 34950.973    34977.599    35528.192
367  TPM2+I+R3     17359.857    116 34951.714    34978.831    35533.953
378  TPM2+I+G4     17366.468    113 34958.936    34984.597    35526.116
380  TPM2+R3       17360.486    115 34950.973    34977.599    35528.192
389  TPM2+I+R3     17359.857    116 34951.714    34978.831    35533.953
400  TPM2u+I+G4    17366.462    113 34958.925    34984.586    35526.105
402  TPM2u+R3      17360.390    115 34950.781    34977.407    35528.000
411  TPM2u+I+R3    17359.786    116 34951.572    34978.689    35533.810
422  TPM2u+F+I+G4  17384.261    116 35000.523    35027.640    35582.761
424  TPM2u+F+R3    17379.068    118 34994.136    35022.248    35586.413
433  TPM2u+F+I+R3  17377.948    119 34993.897    35022.514    35591.193
444  TPM3+I+G4     17366.797    113 34959.594    34985.255    35526.774
446  TPM3+R3       17362.574    115 34955.147    34981.774    35532.366
455  TPM3+I+R3     17361.608    116 34955.216    34982.333    35537.455
466  TPM3+I+G4     17366.797    113 34959.594    34985.255    35526.774
468  TPM3+R3       17362.574    115 34955.147    34981.774    35532.366
477  TPM3+I+R3     17361.608    116 34955.216    34982.333    35537.455
488  TPM3u+I+G4    17366.789    113 34959.579    34985.240    35526.759
490  TPM3u+R3      17362.451    115 34954.902    34981.529    35532.121
499  TPM3u+I+R3    17361.582    116 34955.165    34982.281    35537.403
510  TPM3u+F+I+G4  17384.822    116 35001.644    35028.761    35583.882
512  TPM3u+F+R3    17380.010    118 34996.021    35024.133    35588.298
521  TPM3u+F+I+R3  17378.776    119 34995.552    35024.169    35592.848
532  TIMe+I+G4     17364.500    114 34957.000    34983.142    35529.200
534  TIMe+R3       17360.072    116 34952.145    34979.262    35534.383
543  TIMe+I+R3     17359.670    117 34953.340    34980.952    35540.597
554  TIMe+I+G4     17364.500    114 34957.000    34983.142    35529.200
556  TIMe+R3       17360.072    116 34952.145    34979.262    35534.383
565  TIMe+I+R3     17359.670    117 34953.340    34980.952    35540.597
576  TIM+I+G4      17364.498    114 34956.997    34983.138    35529.197
578  TIM+R3        17359.998    116 34951.995    34979.112    35534.234
587  TIM+I+R3      17359.665    117 34953.330    34980.942    35540.587
598  TIM+F+I+G4    17351.150    117 34936.300    34963.912    35523.557
600  TIM+F+R3      17347.890    119 34933.779    34962.396    35531.075
609  TIM+F+I+R3    17347.090    120 34934.180    34963.308    35536.496
620  TIM2e+I+G4    17359.380    114 34946.761    34972.902    35518.960
622  TIM2e+R3      17354.049    116 34940.098    34967.215    35522.337
631  TIM2e+I+R3    17353.865    117 34941.731    34969.343    35528.989
642  TIM2e+I+G4    17359.380    114 34946.761    34972.902    35518.960
644  TIM2e+R3      17354.049    116 34940.098    34967.215    35522.337
653  TIM2e+I+R3    17353.865    117 34941.731    34969.343    35528.989
664  TIM2+I+G4     17359.379    114 34946.758    34972.900    35518.958
666  TIM2+R3       17353.964    116 34939.927    34967.044    35522.166
675  TIM2+I+R3     17353.851    117 34941.702    34969.314    35528.959
686  TIM2+F+I+G4   17350.869    117 34935.737    34963.349    35522.995
688  TIM2+F+R3     17347.259    119 34932.518    34961.135    35529.814
697  TIM2+F+I+R3   17346.629    120 34933.258    34962.385    35535.574
708  TIM3e+I+G4    17359.286    114 34946.571    34972.713    35518.771
710  TIM3e+R3      17355.683    116 34943.366    34970.483    35525.605
719  TIM3e+I+R3    17355.133    117 34944.266    34971.878    35531.523
730  TIM3e+I+G4    17359.286    114 34946.571    34972.713    35518.771
732  TIM3e+R3      17355.683    116 34943.366    34970.483    35525.605
741  TIM3e+I+R3    17355.133    117 34944.266    34971.878    35531.523
752  TIM3+I+G4     17359.282    114 34946.565    34972.706    35518.764
754  TIM3+R3       17355.567    116 34943.133    34970.250    35525.372
763  TIM3+I+R3     17355.115    117 34944.229    34971.841    35531.487
774  TIM3+F+I+G4   17351.523    117 34937.047    34964.659    35524.304
776  TIM3+F+R3     17348.214    119 34934.427    34963.044    35531.723
785  TIM3+F+I+R3   17347.423    120 34934.846    34963.973    35537.161
796  TVMe+I+G4     17360.817    115 34951.633    34978.260    35528.852
798  TVMe+R3       17355.336    117 34944.671    34972.283    35531.929
807  TVMe+I+R3     17354.774    118 34945.549    34973.661    35537.826
818  TVMe+I+G4     17360.817    115 34951.633    34978.260    35528.852
820  TVMe+R3       17355.336    117 34944.671    34972.283    35531.929
829  TVMe+I+R3     17354.774    118 34945.549    34973.661    35537.826
840  TVM+I+G4      17360.809    115 34951.619    34978.245    35528.838
842  TVM+R3        17355.236    117 34944.473    34972.085    35531.731
851  TVM+I+R3      17354.766    118 34945.533    34973.645    35537.810
862  TVM+F+I+G4    17383.646    118 35003.293    35031.405    35595.570
864  TVM+F+R3      17378.333    120 34996.666    35025.793    35598.981
873  TVM+F+I+R3    17377.250    121 34996.500    35026.143    35603.835
884  SYM+I+G4      17353.419    116 34938.838    34965.954    35521.076
886  SYM+R3        17348.648    118 34933.296    34961.408    35525.573
895  SYM+I+R3      17348.549    119 34935.097    34963.715    35532.394
906  SYM+I+G4      17353.419    116 34938.838    34965.954    35521.076
908  SYM+R3        17348.648    118 34933.296    34961.408    35525.573
917  SYM+I+R3      17348.549    119 34935.097    34963.715    35532.394
928  GTR+I+G4      17353.415    116 34938.831    34965.948    35521.069
930  GTR+R3        17348.569    118 34933.137    34961.249    35525.414
939  GTR+I+R3      17348.541    119 34935.083    34963.700    35532.379
950  GTR+F+I+G4    17350.280    119 34938.561    34967.178    35535.857
952  GTR+F+R3      17346.489    121 34934.979    34964.621    35542.314
961  GTR+F+I+R3    17345.955    122 34935.909    34966.072    35548.264
Akaike Information Criterion:           TIM2+F+R3
Corrected Akaike Information Criterion: TN+F+R3
Bayesian Information Criterion:         TN+F+I+G4
Best-fit model: TN+F+I+G4 chosen according to BIC

All model information printed to results_moss_new/07_phylogeny/All/G5857.model.gz
CPU time for ModelFinder: 45.758 seconds (0h:0m:45s)
Wall-clock time for ModelFinder: 44.562 seconds (0h:0m:44s)
Generating 1000 samples for ultrafast bootstrap (seed: 394352)...

NOTE: 10 MB RAM (0 GB) is required!
Estimate model parameters (epsilon = 0.100)
Thoroughly optimizing +I+G parameters from 10 start values...
Init pinv, alpha: 0.000, 1.209 / Estimate: 0.000, 0.774 / LogL: -17360.132
Init pinv, alpha: 0.022, 1.209 / Estimate: 0.103, 1.131 / LogL: -17351.777
Init pinv, alpha: 0.045, 1.209 / Estimate: 0.103, 1.132 / LogL: -17351.769
Init pinv, alpha: 0.067, 1.209 / Estimate: 0.103, 1.133 / LogL: -17351.764
Init pinv, alpha: 0.089, 1.209 / Estimate: 0.103, 1.129 / LogL: -17351.787
Init pinv, alpha: 0.111, 1.209 / Estimate: 0.113, 1.188 / LogL: -17351.566
Init pinv, alpha: 0.134, 1.209 / Estimate: 0.123, 1.245 / LogL: -17351.625
Init pinv, alpha: 0.156, 1.209 / Estimate: 0.124, 1.249 / LogL: -17351.640
Init pinv, alpha: 0.178, 1.209 / Estimate: 0.123, 1.247 / LogL: -17351.636
Init pinv, alpha: 0.200, 1.209 / Estimate: 0.124, 1.253 / LogL: -17351.659
Optimal pinv,alpha: 0.113, 1.188 / LogL: -17351.566

Parameters optimization took 2.175 sec
Wrote distance file to... 
Computing ML distances based on estimated model parameters...
Calculating distance matrix: done in 0.00848472 secs using 99.48% CPU
Computing ML distances took 0.008623 sec (of wall-clock time) 0.008581 sec (of CPU time)
Setting up auxiliary I and S matrices: done in 0.000105639 secs using 130.6% CPU
Constructing RapidNJ tree: done in 0.000193584 secs using 113.6% CPU
Computing RapidNJ tree took 0.000352 sec (of wall-clock time) 0.000410 sec (of CPU time)
Log-likelihood of RapidNJ tree: -17412.878
--------------------------------------------------------------------
|             INITIALIZING CANDIDATE TREE SET                      |
--------------------------------------------------------------------
Generating 98 parsimony trees... 0.502 second
Computing log-likelihood of 98 initial trees ... 0.814 seconds
Current best score: -17351.566

Do NNI search on 20 best initial trees
Optimizing NNI: done in 0.0419261 secs using 97.21% CPU
Estimate model parameters (epsilon = 0.100)
BETTER TREE FOUND at iteration 1: -17351.561
Optimizing NNI: done in 0.148103 secs using 98.25% CPU
Estimate model parameters (epsilon = 0.100)
BETTER TREE FOUND at iteration 2: -17344.703
Optimizing NNI: done in 0.160991 secs using 98.31% CPU
Optimizing NNI: done in 0.165809 secs using 99.5% CPU
Estimate model parameters (epsilon = 0.100)
BETTER TREE FOUND at iteration 4: -17343.017
Optimizing NNI: done in 0.169146 secs using 99.58% CPU
Optimizing NNI: done in 0.191878 secs using 99.58% CPU
Optimizing NNI: done in 0.173223 secs using 99.61% CPU
Optimizing NNI: done in 0.202175 secs using 97.64% CPU
Optimizing NNI: done in 0.187428 secs using 99.6% CPU
Optimizing NNI: done in 0.195948 secs using 98.56% CPU
Iteration 10 / LogL: -17348.881 / Time: 0h:0m:49s
Optimizing NNI: done in 0.167595 secs using 98.99% CPU
Optimizing NNI: done in 0.184613 secs using 99.04% CPU
Optimizing NNI: done in 0.202946 secs using 98.58% CPU
Estimate model parameters (epsilon = 0.100)
BETTER TREE FOUND at iteration 13: -17341.931
Optimizing NNI: done in 0.168853 secs using 98.63% CPU
Optimizing NNI: done in 0.184519 secs using 97.5% CPU
Optimizing NNI: done in 0.179534 secs using 98.92% CPU
Optimizing NNI: done in 0.187636 secs using 98.44% CPU
Optimizing NNI: done in 0.179213 secs using 98.89% CPU
Optimizing NNI: done in 0.198153 secs using 99.61% CPU
Optimizing NNI: done in 0.169768 secs using 99.6% CPU
Iteration 20 / LogL: -17344.428 / Time: 0h:0m:51s
Finish initializing candidate tree set (13)
Current best tree score: -17341.931 / CPU time: 4.929
Number of iterations: 20
--------------------------------------------------------------------
|               OPTIMIZING CANDIDATE TREE SET                      |
--------------------------------------------------------------------
Optimizing NNI: done in 0.30451 secs using 57.39% CPU
Optimizing NNI: done in 0.147823 secs using 98.27% CPU
Optimizing NNI: done in 0.203922 secs using 97.17% CPU
Optimizing NNI: done in 0.19642 secs using 99.09% CPU
Optimizing NNI: done in 0.190688 secs using 99.08% CPU
Optimizing NNI: done in 0.148418 secs using 99.6% CPU
Optimizing NNI: done in 0.184374 secs using 98.52% CPU
Optimizing NNI: done in 0.198605 secs using 99.59% CPU
Optimizing NNI: done in 0.18395 secs using 99.62% CPU
Optimizing NNI: done in 0.204303 secs using 99.14% CPU
Iteration 30 / LogL: -17342.149 / Time: 0h:0m:53s (0h:0m:26s left)
Optimizing NNI: done in 0.226471 secs using 99.63% CPU
Optimizing NNI: done in 0.211278 secs using 99.6% CPU
Optimizing NNI: done in 0.204737 secs using 99.11% CPU
Optimizing NNI: done in 0.268038 secs using 96.79% CPU
Optimizing NNI: done in 0.262891 secs using 99.23% CPU
Optimizing NNI: done in 0.245092 secs using 99.6% CPU
Optimizing NNI: done in 0.161519 secs using 99.61% CPU
Estimate model parameters (epsilon = 0.100)
BETTER TREE FOUND at iteration 37: -17340.445
Optimizing NNI: done in 0.250061 secs using 98.81% CPU
Optimizing NNI: done in 0.2423 secs using 98.79% CPU
Optimizing NNI: done in 0.165587 secs using 99.03% CPU
Iteration 40 / LogL: -17351.873 / Time: 0h:0m:56s (0h:0m:28s left)
Optimizing NNI: done in 0.257634 secs using 98.84% CPU
Optimizing NNI: done in 0.193474 secs using 98.6% CPU
Optimizing NNI: done in 0.138431 secs using 99.61% CPU
Optimizing NNI: done in 0.192787 secs using 98.59% CPU
Optimizing NNI: done in 0.205389 secs using 98.61% CPU
Optimizing NNI: done in 0.201473 secs using 99.6% CPU
Optimizing NNI: done in 0.152999 secs using 99.62% CPU
Optimizing NNI: done in 0.202972 secs using 98.64% CPU
Optimizing NNI: done in 0.200233 secs using 99.12% CPU
Optimizing NNI: done in 0.228554 secs using 98.75% CPU
Iteration 50 / LogL: -17345.978 / Time: 0h:0m:58s (0h:0m:24s left)
Log-likelihood cutoff on original alignment: -17404.976
Optimizing NNI: done in 0.19441 secs using 99.09% CPU
Optimizing NNI: done in 0.228086 secs using 99.63% CPU
Optimizing NNI: done in 0.251137 secs using 99.61% CPU
Optimizing NNI: done in 0.155418 secs using 98.3% CPU
Optimizing NNI: done in 0.270501 secs using 99.23% CPU
Optimizing NNI: done in 0.175659 secs using 99.59% CPU
Optimizing NNI: done in 0.37858 secs using 85.64% CPU
Optimizing NNI: done in 0.240735 secs using 98.77% CPU
Estimate model parameters (epsilon = 0.100)
BETTER TREE FOUND at iteration 58: -17340.251
Optimizing NNI: done in 0.155907 secs using 99.53% CPU
Optimizing NNI: done in 0.288455 secs using 91.68% CPU
Iteration 60 / LogL: -17386.093 / Time: 0h:1m:0s (0h:0m:26s left)
Optimizing NNI: done in 0.349029 secs using 68.74% CPU
Optimizing NNI: done in 0.218965 secs using 93.18% CPU
Optimizing NNI: done in 0.333393 secs using 61.32% CPU
Optimizing NNI: done in 0.298518 secs using 55.89% CPU
Optimizing NNI: done in 0.244231 secs using 99.21% CPU
Optimizing NNI: done in 0.210745 secs using 97.21% CPU
Optimizing NNI: done in 0.407535 secs using 55.83% CPU
Optimizing NNI: done in 0.295183 secs using 77.63% CPU
Optimizing NNI: done in 0.327255 secs using 66.39% CPU
Optimizing NNI: done in 0.227829 secs using 99.14% CPU
Iteration 70 / LogL: -17340.567 / Time: 0h:1m:3s (0h:0m:24s left)
Optimizing NNI: done in 0.176708 secs using 99.58% CPU
Optimizing NNI: done in 0.223645 secs using 99.13% CPU
Optimizing NNI: done in 0.162563 secs using 98.37% CPU
Optimizing NNI: done in 0.223705 secs using 99.1% CPU
Optimizing NNI: done in 0.285292 secs using 71.28% CPU
Optimizing NNI: done in 0.307254 secs using 82.33% CPU
Optimizing NNI: done in 0.230145 secs using 98.72% CPU
Optimizing NNI: done in 0.278831 secs using 84.05% CPU
Optimizing NNI: done in 0.215866 secs using 99.11% CPU
Optimizing NNI: done in 0.262664 secs using 93.52% CPU
Iteration 80 / LogL: -17340.790 / Time: 0h:1m:5s (0h:0m:21s left)
Optimizing NNI: done in 0.259449 secs using 99.57% CPU
Optimizing NNI: done in 0.208809 secs using 92.34% CPU
Optimizing NNI: done in 0.206348 secs using 99.55% CPU
Optimizing NNI: done in 0.211096 secs using 99.59% CPU
Optimizing NNI: done in 0.203355 secs using 99.1% CPU
Optimizing NNI: done in 0.274461 secs using 94.07% CPU
Optimizing NNI: done in 0.193797 secs using 92.31% CPU
Optimizing NNI: done in 0.275766 secs using 94.51% CPU
Optimizing NNI: done in 0.233127 secs using 99.56% CPU
Optimizing NNI: done in 0.238898 secs using 93.29% CPU
Iteration 90 / LogL: -17340.570 / Time: 0h:1m:8s (0h:0m:18s left)
Optimizing NNI: done in 0.229016 secs using 99.57% CPU
Optimizing NNI: done in 0.234627 secs using 99.54% CPU
Optimizing NNI: done in 0.271727 secs using 99.22% CPU
Optimizing NNI: done in 0.230027 secs using 98.74% CPU
Optimizing NNI: done in 0.246999 secs using 93.88% CPU
Optimizing NNI: done in 0.226894 secs using 98.74% CPU
Optimizing NNI: done in 0.175334 secs using 99.04% CPU
Optimizing NNI: done in 0.235228 secs using 98.74% CPU
Optimizing NNI: done in 0.215827 secs using 99.53% CPU
Optimizing NNI: done in 0.260554 secs using 83.5% CPU
Iteration 100 / LogL: -17340.569 / Time: 0h:1m:10s (0h:0m:15s left)
Log-likelihood cutoff on original alignment: -17404.976
NOTE: Bootstrap correlation coefficient of split occurrence frequencies: 0.992
Optimizing NNI: done in 0.206384 secs using 92.33% CPU
Optimizing NNI: done in 0.243549 secs using 98.37% CPU
Optimizing NNI: done in 0.323321 secs using 91.56% CPU
Optimizing NNI: done in 0.149586 secs using 98.94% CPU
Optimizing NNI: done in 0.21024 secs using 99.12% CPU
Optimizing NNI: done in 0.244874 secs using 98.79% CPU
Optimizing NNI: done in 0.223522 secs using 87.95% CPU
Optimizing NNI: done in 0.22325 secs using 75.04% CPU
Optimizing NNI: done in 0.182917 secs using 91.9% CPU
Optimizing NNI: done in 0.22271 secs using 94.64% CPU
Iteration 110 / LogL: -17340.253 / Time: 0h:1m:13s (0h:0m:23s left)
Optimizing NNI: done in 0.382769 secs using 58.68% CPU
Optimizing NNI: done in 0.360528 secs using 74.38% CPU
Optimizing NNI: done in 0.21089 secs using 92.92% CPU
Optimizing NNI: done in 0.199216 secs using 93.02% CPU
Optimizing NNI: done in 0.292363 secs using 86.24% CPU
Optimizing NNI: done in 0.305189 secs using 86.16% CPU
Optimizing NNI: done in 0.312991 secs using 66.1% CPU
Optimizing NNI: done in 0.343718 secs using 73.76% CPU
Optimizing NNI: done in 0.290821 secs using 94.38% CPU
Optimizing NNI: done in 0.230539 secs using 83.47% CPU
Iteration 120 / LogL: -17345.190 / Time: 0h:1m:16s (0h:0m:21s left)
Optimizing NNI: done in 0.290665 secs using 98.78% CPU
Optimizing NNI: done in 0.278313 secs using 98.75% CPU
Optimizing NNI: done in 0.172045 secs using 98.92% CPU
Optimizing NNI: done in 0.217039 secs using 89.25% CPU
Optimizing NNI: done in 0.21584 secs using 99.05% CPU
Optimizing NNI: done in 0.265393 secs using 88.87% CPU
Optimizing NNI: done in 0.207256 secs using 98.5% CPU
Optimizing NNI: done in 0.161285 secs using 98.28% CPU
Optimizing NNI: done in 0.169805 secs using 98.91% CPU
Optimizing NNI: done in 0.303421 secs using 99.16% CPU
Iteration 130 / LogL: -17358.964 / Time: 0h:1m:18s (0h:0m:18s left)
Optimizing NNI: done in 0.18339 secs using 98.43% CPU
Optimizing NNI: done in 0.21847 secs using 99.5% CPU
Optimizing NNI: done in 0.263431 secs using 98.35% CPU
Optimizing NNI: done in 0.143529 secs using 98.11% CPU
Optimizing NNI: done in 0.245587 secs using 98.62% CPU
Optimizing NNI: done in 0.236834 secs using 97.4% CPU
Optimizing NNI: done in 0.212308 secs using 99.02% CPU
Optimizing NNI: done in 0.239411 secs using 97.82% CPU
Optimizing NNI: done in 0.193607 secs using 98.98% CPU
Optimizing NNI: done in 0.279313 secs using 99.51% CPU
Estimate model parameters (epsilon = 0.100)
BETTER TREE FOUND at iteration 140: -17340.223
Iteration 140 / LogL: -17340.223 / Time: 0h:1m:20s (0h:0m:25s left)
Optimizing NNI: done in 0.251157 secs using 98.69% CPU
Optimizing NNI: done in 0.225573 secs using 99.06% CPU
Optimizing NNI: done in 0.155991 secs using 99.48% CPU
Optimizing NNI: done in 0.19131 secs using 98.49% CPU
Optimizing NNI: done in 0.267128 secs using 99.16% CPU
Optimizing NNI: done in 0.240344 secs using 97.86% CPU
Optimizing NNI: done in 0.23695 secs using 98.69% CPU
Optimizing NNI: done in 0.220346 secs using 98.57% CPU
Optimizing NNI: done in 0.211205 secs using 98.56% CPU
Optimizing NNI: done in 0.272636 secs using 99.52% CPU
Iteration 150 / LogL: -17343.082 / Time: 0h:1m:22s (0h:0m:23s left)
Log-likelihood cutoff on original alignment: -17404.976
Optimizing NNI: done in 0.190492 secs using 99.52% CPU
Optimizing NNI: done in 0.182648 secs using 98.99% CPU
Optimizing NNI: done in 0.164805 secs using 98.33% CPU
Optimizing NNI: done in 0.203193 secs using 99.02% CPU
Optimizing NNI: done in 0.209804 secs using 99.05% CPU
Optimizing NNI: done in 0.220207 secs using 99.06% CPU
Optimizing NNI: done in 0.220708 secs using 98.12% CPU
Optimizing NNI: done in 0.212539 secs using 97.63% CPU
Optimizing NNI: done in 0.154591 secs using 98.84% CPU
Optimizing NNI: done in 0.205829 secs using 99.55% CPU
Iteration 160 / LogL: -17341.399 / Time: 0h:1m:25s (0h:0m:20s left)
Optimizing NNI: done in 0.215189 secs using 99.07% CPU
Optimizing NNI: done in 0.27733 secs using 98.1% CPU
Optimizing NNI: done in 0.211194 secs using 98.6% CPU
Optimizing NNI: done in 0.191635 secs using 99.53% CPU
Optimizing NNI: done in 0.204558 secs using 98.06% CPU
Optimizing NNI: done in 0.217721 secs using 98.99% CPU
Optimizing NNI: done in 0.289069 secs using 98.84% CPU
Optimizing NNI: done in 0.238036 secs using 99.08% CPU
Optimizing NNI: done in 0.214863 secs using 99.04% CPU
Optimizing NNI: done in 0.203214 secs using 98.48% CPU
Iteration 170 / LogL: -17351.049 / Time: 0h:1m:27s (0h:0m:17s left)
Optimizing NNI: done in 0.237789 secs using 99.07% CPU
Optimizing NNI: done in 0.245992 secs using 99.5% CPU
Optimizing NNI: done in 0.174958 secs using 98.34% CPU
Optimizing NNI: done in 0.210048 secs using 98.52% CPU
Optimizing NNI: done in 0.184752 secs using 99.5% CPU
Optimizing NNI: done in 0.214088 secs using 98.09% CPU
Optimizing NNI: done in 0.249548 secs using 99.51% CPU
Optimizing NNI: done in 0.22841 secs using 99.09% CPU
Optimizing NNI: done in 0.269947 secs using 99.12% CPU
Optimizing NNI: done in 0.255463 secs using 94.24% CPU
Iteration 180 / LogL: -17340.540 / Time: 0h:1m:29s (0h:0m:15s left)
Optimizing NNI: done in 0.202332 secs using 99.04% CPU
Optimizing NNI: done in 0.246385 secs using 97.91% CPU
Optimizing NNI: done in 0.216218 secs using 99.5% CPU
Optimizing NNI: done in 0.175942 secs using 98.9% CPU
Optimizing NNI: done in 0.312634 secs using 99.16% CPU
Optimizing NNI: done in 0.240653 secs using 99.48% CPU
Optimizing NNI: done in 0.207674 secs using 99.01% CPU
Optimizing NNI: done in 0.252143 secs using 98.69% CPU
Optimizing NNI: done in 0.208706 secs using 99.5% CPU
Optimizing NNI: done in 0.20887 secs using 99.51% CPU
Iteration 190 / LogL: -17342.126 / Time: 0h:1m:32s (0h:0m:12s left)
Optimizing NNI: done in 0.207003 secs using 99.01% CPU
Optimizing NNI: done in 0.2276 secs using 99.06% CPU
Optimizing NNI: done in 0.139956 secs using 98.81% CPU
Optimizing NNI: done in 0.234382 secs using 97.7% CPU
Optimizing NNI: done in 0.193082 secs using 99.45% CPU
Optimizing NNI: done in 0.280498 secs using 86.17% CPU
Optimizing NNI: done in 0.222827 secs using 91.82% CPU
Optimizing NNI: done in 0.176084 secs using 97.95% CPU
Optimizing NNI: done in 0.218654 secs using 97.75% CPU
Optimizing NNI: done in 0.196772 secs using 98.28% CPU
Iteration 200 / LogL: -17340.227 / Time: 0h:1m:34s (0h:0m:9s left)
Log-likelihood cutoff on original alignment: -17404.976
NOTE: Bootstrap correlation coefficient of split occurrence frequencies: 0.998
Optimizing NNI: done in 0.187105 secs using 98.92% CPU
Optimizing NNI: done in 0.174489 secs using 99.43% CPU
Optimizing NNI: done in 0.206297 secs using 99.05% CPU
Optimizing NNI: done in 0.205144 secs using 98.53% CPU
Optimizing NNI: done in 0.217387 secs using 99% CPU
Optimizing NNI: done in 0.210034 secs using 99.45% CPU
Optimizing NNI: done in 0.241198 secs using 98.63% CPU
Optimizing NNI: done in 0.283959 secs using 99.19% CPU
Optimizing NNI: done in 0.22103 secs using 99.13% CPU
Optimizing NNI: done in 0.187065 secs using 99.55% CPU
Iteration 210 / LogL: -17340.251 / Time: 0h:1m:36s (0h:0m:22s left)
Optimizing NNI: done in 0.233313 secs using 99.07% CPU
Optimizing NNI: done in 0.203759 secs using 98.54% CPU
Optimizing NNI: done in 0.189329 secs using 99.5% CPU
Optimizing NNI: done in 0.257549 secs using 99.47% CPU
Optimizing NNI: done in 0.162912 secs using 98.91% CPU
Optimizing NNI: done in 0.279587 secs using 99.18% CPU
Optimizing NNI: done in 0.217527 secs using 99.09% CPU
Optimizing NNI: done in 0.172205 secs using 99.53% CPU
Optimizing NNI: done in 0.170748 secs using 97.79% CPU
Optimizing NNI: done in 0.165182 secs using 98.97% CPU
Iteration 220 / LogL: -17452.707 / Time: 0h:1m:38s (0h:0m:19s left)
Optimizing NNI: done in 0.228934 secs using 99.55% CPU
Optimizing NNI: done in 0.206942 secs using 98.61% CPU
Optimizing NNI: done in 0.304241 secs using 99.51% CPU
Optimizing NNI: done in 0.218967 secs using 99.56% CPU
Optimizing NNI: done in 0.287649 secs using 99.1% CPU
Optimizing NNI: done in 0.232897 secs using 99.13% CPU
Optimizing NNI: done in 0.228846 secs using 99.12% CPU
Optimizing NNI: done in 0.191067 secs using 99.02% CPU
Optimizing NNI: done in 0.179643 secs using 98.46% CPU
Optimizing NNI: done in 0.232366 secs using 98.69% CPU
Iteration 230 / LogL: -17351.594 / Time: 0h:1m:40s (0h:0m:17s left)
Optimizing NNI: done in 0.140788 secs using 99.6% CPU
Optimizing NNI: done in 0.250335 secs using 98.32% CPU
Optimizing NNI: done in 0.268183 secs using 99.2% CPU
Optimizing NNI: done in 0.164955 secs using 99.56% CPU
Optimizing NNI: done in 0.22864 secs using 99.13% CPU
Optimizing NNI: done in 0.212734 secs using 99.07% CPU
Optimizing NNI: done in 0.186808 secs using 99.57% CPU
Optimizing NNI: done in 0.205575 secs using 98.1% CPU
Optimizing NNI: done in 0.226175 secs using 98.63% CPU
Optimizing NNI: done in 0.212723 secs using 99.57% CPU
Iteration 240 / LogL: -17351.387 / Time: 0h:1m:43s (0h:0m:14s left)
Optimizing NNI: done in 0.207798 secs using 99.07% CPU
TREE SEARCH COMPLETED AFTER 241 ITERATIONS / Time: 0h:1m:43s

--------------------------------------------------------------------
|                    FINALIZING TREE SEARCH                        |
--------------------------------------------------------------------
Performs final model parameters optimization
Estimate model parameters (epsilon = 0.010)
1. Initial log-likelihood: -17340.223
Optimal log-likelihood: -17340.223
Rate parameters:  A-C: 1.00000  A-G: 2.38731  A-T: 1.00000  C-G: 1.00000  C-T: 4.03030  G-T: 1.00000
Base frequencies:  A: 0.251  C: 0.199  G: 0.293  T: 0.256
Proportion of invariable sites: 0.117
Gamma shape alpha: 1.220
Parameters optimization took 1 rounds (0.026 sec)
BEST SCORE FOUND : -17340.223
Creating bootstrap support values...
Split supports printed to NEXUS file results_moss_new/07_phylogeny/All/G5857.splits.nex
Total tree length: 6.008

Total number of iterations: 241
CPU time used for tree search: 53.700 sec (0h:0m:53s)
Wall-clock time used for tree search: 56.447 sec (0h:0m:56s)
Total CPU time used: 101.813 sec (0h:1m:41s)
Total wall-clock time used: 103.420 sec (0h:1m:43s)

Computing bootstrap consensus tree...
Reading input file results_moss_new/07_phylogeny/All/G5857.splits.nex...
56 taxa and 398 splits.
Consensus tree written to results_moss_new/07_phylogeny/All/G5857.contree
Reading input trees file results_moss_new/07_phylogeny/All/G5857.contree
Log-likelihood of consensus tree: -17340.252

Analysis results written to: 
  IQ-TREE report:                results_moss_new/07_phylogeny/All/G5857.iqtree
  Maximum-likelihood tree:       results_moss_new/07_phylogeny/All/G5857.treefile
  Likelihood distances:          results_moss_new/07_phylogeny/All/G5857.mldist

Ultrafast bootstrap approximation results written to:
  Split support values:          results_moss_new/07_phylogeny/All/G5857.splits.nex
  Consensus tree:                results_moss_new/07_phylogeny/All/G5857.contree
  Screen log file:               results_moss_new/07_phylogeny/All/G5857.log

Date and Time: Fri Jun 12 00:32:53 2026
