IQ-TREE version 3.0.1 for Linux x86 64-bit built Jul  9 2025
Developed by Bui Quang Minh, Thomas Wong, Nhan Ly-Trong, Huaiyan Ren
Contributed by Lam-Tung Nguyen, Dominik Schrempf, Chris Bielow,
Olga Chernomor, Michael Woodhams, Diep Thi Hoang, Heiko Schmidt

Host:    c0711a-s19.ufhpc (AVX2, FMA3, 503 GB RAM)
Command: iqtree -s results_moss_new/06_alignment/All/trimmed/G5943.trimmed.aln --prefix results_moss_new/07_phylogeny/All/G5943 -m MFP -B 1000 -T AUTO
Seed:    715992 (Using SPRNG - Scalable Parallel Random Number Generator)
Time:    Fri Jun 12 02:21:07 2026
Kernel:  AVX+FMA - auto-detect threads (8 CPU cores detected)

Reading alignment file results_moss_new/06_alignment/All/trimmed/G5943.trimmed.aln ... Fasta format detected
Reading fasta file: done in 0.000253187 secs using 24.49% CPU
Alignment most likely contains DNA/RNA sequences
Constructing alignment: done in 0.000145203 secs using 24.79% CPU
Alignment has 75 sequences with 218 columns, 211 distinct patterns
186 parsimony-informative, 19 singleton sites, 13 constant sites
                   Gap/Ambiguity  Composition  p-value
Analyzing sequences: done in 2.1901e-05 secs using 22.83% CPU
   1  S0046_G5943_R1_A     5.05%    passed     44.50%
   2  S0004_G5943_R3_A     1.38%    passed     91.08%
   3  S0004_G5943_R4_A     1.38%    passed     87.36%
   4  S0021_G5943_R5_A     5.05%    passed     86.30%
   5  S0021_G5943_R6_A     1.38%    passed     68.75%
   6  S0011_G5943_R3_A     1.38%    passed     78.80%
   7  S0011_G5943_R4_A     1.38%    passed     89.22%
   8  S0035_G5943_R1_A     3.67%    passed     64.16%
   9  S0011_G5943_R5_A     1.38%    passed     78.80%
  10  S0011_G5943_R6_A     1.38%    passed     89.22%
  11  S0021_G5943_R7_A     1.38%    passed     91.08%
  12  S0021_G5943_R8_A     1.38%    passed     91.63%
  13  S0021_G5943_R9_A     1.83%    passed     63.13%
  14  S0021_G5943_R10_A    5.50%    passed     82.07%
  15  S0033_G5943_R3_A     1.38%    passed     99.49%
  16  S0033_G5943_R4_A     1.83%    passed     99.07%
  17  S0008_G5943_R1_A     1.38%    passed     97.09%
  18  S0015_G5943_R1_A     1.38%    passed     87.09%
  19  S0034_G5943_R1_A     1.38%    passed     94.85%
  20  S0034_G5943_R3_A     1.38%    passed     94.85%
  21  S0005_G5943_R2_A     1.38%    passed     49.92%
  22  S0027_G5943_R1_A     1.38%    passed     48.59%
  23  S0024_G5943_R1_A     2.29%    passed     77.35%
  24  S0032_G5943_R1_N     1.38%    passed     70.89%
  25  S0032_G5943_R2_N     1.38%    passed     75.76%
  26  S0025_G5943_R1_U     3.67%    passed     70.21%
  27  S0029_G5943_R1_U     1.38%    passed     74.04%
  28  S0001_G5943_R1_A    10.09%    passed     96.64%
  29  S0003_G5943_R1_N     1.38%    passed     46.72%
  30  S0049_G5943_R1_A     0.92%    passed     36.21%
  31  S0038_G5943_R1_A     0.92%    passed     46.89%
  32  S0042_G5943_R1_N     0.92%    passed     52.44%
  33  S0041_G5943_R1_N     0.92%    passed     52.44%
  34  S0043_G5943_R1_N     0.92%    passed     33.89%
  35  S0047_G5943_R1_N     0.92%    passed     46.89%
  36  S0044_G5943_R1_N     0.92%    passed     63.39%
  37  S0045_G5943_R2_A     0.92%    passed     56.08%
  38  S0045_G5943_R1_A     0.92%    passed     63.39%
  39  S0040_G5943_R1_N     0.92%    passed     52.40%
  40  S0009_G5943_R1_A     0.92%    passed     92.85%
  41  S0010_G5943_R1_A     0.92%    passed     92.85%
  42  S0039_G5943_R1_A     0.92%    passed     99.35%
  43  S0051_G5943_R1_A     0.92%    passed     99.35%
  44  S0005_G5943_R1_A     0.92%    passed     55.82%
  45  S0033_G5943_R1_A     0.92%    passed     68.17%
  46  S0033_G5943_R2_A     3.21%    passed     72.91%
  47  S0002_G5943_R1_A     0.92%    passed     49.49%
  48  S0004_G5943_R1_A     1.38%    passed     55.38%
  49  S0004_G5943_R2_A     1.83%    passed     40.26%
  50  S0036_G5943_R1_A     0.92%    passed     57.82%
  51  S0011_G5943_R1_A     4.59%    passed     84.38%
  52  S0018_G5943_R1_U     5.50%    passed     67.19%
  53  S0031_G5943_R1_A     2.75%    passed     53.34%
  54  S0037_G5943_R1_A     4.59%    passed     73.24%
  55  S0019_G5943_R1_A     1.38%    passed     76.81%
  56  S0020_G5943_R1_U     1.38%    passed     68.37%
  57  S0023_G5943_R1_A     0.92%    passed     70.60%
  58  S0028_G5943_R1_A     0.92%    passed     53.03%
  59  S0026_G5943_R1_A     0.46%    passed     33.06%
  60  S0021_G5943_R3_A     1.38%    passed     43.91%
  61  S0021_G5943_R4_A     1.38%    passed     58.15%
  62  S0016_G5943_R1_A     4.59%    passed     49.61%
  63  S0048_G5943_R1_A     1.38%    passed     73.55%
  64  S0050_G5943_R1_A     2.29%    passed     74.17%
  65  S0021_G5943_R1_A     0.92%    passed     39.68%
  66  S0021_G5943_R2_A     5.05%    passed     53.87%
  67  S0012_G5943_R1_A     0.92%    passed     47.84%
  68  S0013_G5943_R1_A     0.92%    passed     55.75%
  69  S0022_G5943_R1_A     0.92%    passed     90.77%
  70  S0030_G5943_R1_A    14.68%    passed     80.37%
  71  S0017_G5943_R1_U     0.46%    passed     74.43%
  72  S0014_G5943_R1_A     3.21%    passed     86.45%
  73  S0034_G5943_R2_A     3.67%    passed     79.50%
  74  S0006_G5943_R1_A     0.92%    passed     94.25%
  75  S0039_G5943_R2_A     2.29%    passed     17.57%
****  TOTAL                2.09%  0 sequences failed composition chi2 test (p-value<5%; df=3)
NOTE: S0011_G5943_R5_A is identical to S0011_G5943_R3_A but kept for subsequent analysis
NOTE: S0011_G5943_R6_A is identical to S0011_G5943_R4_A but kept for subsequent analysis
NOTE: S0034_G5943_R3_A is identical to S0034_G5943_R1_A but kept for subsequent analysis
NOTE: S0047_G5943_R1_N is identical to S0038_G5943_R1_A but kept for subsequent analysis
NOTE: S0041_G5943_R1_N is identical to S0042_G5943_R1_N but kept for subsequent analysis
NOTE: S0045_G5943_R1_A is identical to S0044_G5943_R1_N but kept for subsequent analysis
NOTE: S0010_G5943_R1_A is identical to S0009_G5943_R1_A but kept for subsequent analysis
NOTE: S0051_G5943_R1_A is identical to S0039_G5943_R1_A but kept for subsequent analysis
Checking for duplicate sequences: done in 9.039e-05 secs using 99.57% CPU


Create initial parsimony tree by phylogenetic likelihood library (PLL)... 0.005 seconds
Measuring multi-threading efficiency up to 8 CPU cores
Increase to 10 rounds for branch lengths
331 trees examined
Threads: 1 / Time: 8.041 sec / Speedup: 1.000 / Efficiency: 100% / LogL: -10479
Threads: 2 / Time: 25.356 sec / Speedup: 0.317 / Efficiency: 16% / LogL: -10479
Determining AUTO threadcount: done in 33.3972 secs using 117.1% CPU
BEST NUMBER OF THREADS: 1

Perform fast likelihood tree search using GTR+I+G model...
Estimate model parameters (epsilon = 5.000)
Perform nearest neighbor interchange...
Optimizing NNI: done in 0.0387944 secs using 96.91% CPU
Estimate model parameters (epsilon = 1.000)
1. Initial log-likelihood: -4366.671
Optimal log-likelihood: -4366.637
Rate parameters:  A-C: 1.10967  A-G: 2.94930  A-T: 1.39797  C-G: 1.07476  C-T: 3.93660  G-T: 1.00000
Base frequencies:  A: 0.286  C: 0.202  G: 0.197  T: 0.315
Proportion of invariable sites: 0.022
Gamma shape alpha: 3.296
Parameters optimization took 1 rounds (0.014 sec)
Time for fast ML tree search: 0.139 seconds

NOTE: ModelFinder requires 6 MB RAM!
ModelFinder will test up to 968 DNA models (sample size: 218 epsilon: 0.100) ...
 No. Model         -LnL         df  AIC          AICc         BIC
  1  JC            4539.373     147 9372.746     9994.346     9870.267
  2  JC+I          4523.605     148 9343.210     9982.399     9844.115
  3  JC+G4         4499.053     148 9294.107     9933.295     9795.012
  4  JC+I+G4       4498.463     149 9294.927     9952.279     9799.216
  5  JC+R2         4495.985     149 9289.970     9947.323     9794.260
  6  JC+R3         4495.999     151 9293.997     9989.512     9805.056
 14  JC+I+R2       4496.016     150 9292.032     9968.152     9799.707
 15  JC+I+R3       4496.009     152 9296.018     10011.587    9810.461
 25  JC+G4         4499.053     148 9294.107     9933.295     9795.012
 26  JC+I+G4       4498.463     149 9294.927     9952.279     9799.216
 27  JC+R2         4495.985     149 9289.970     9947.323     9794.260
 36  JC+I+R2       4496.016     150 9292.032     9968.152     9799.707
 47  F81+G4        4499.054     148 9294.109     9933.297     9795.014
 48  F81+I+G4      4498.464     149 9294.928     9952.281     9799.218
 49  F81+R2        4495.951     149 9289.902     9947.255     9794.192
 58  F81+I+R2      4495.970     150 9291.939     9968.059     9799.614
 69  F81+F+G4      4478.462     151 9258.924     9954.439     9769.983
 70  F81+F+I+G4    4477.868     152 9259.737     9975.306     9774.180
 71  F81+F+R2      4475.333     152 9254.667     9970.236     9769.110
 80  F81+F+I+R2    4475.392     153 9256.784     9993.097     9774.612
 91  K2P+G4        4400.835     149 9099.671     9757.024     9603.961
 92  K2P+I+G4      4400.278     150 9100.557     9776.676     9608.231
 93  K2P+R2        4397.844     150 9095.689     9771.808     9603.363
102  K2P+I+R2      4397.800     151 9097.600     9793.115     9608.658
113  K2P+G4        4400.835     149 9099.671     9757.024     9603.961
114  K2P+I+G4      4400.278     150 9100.557     9776.676     9608.231
115  K2P+R2        4397.844     150 9095.689     9771.808     9603.363
124  K2P+I+R2      4397.800     151 9097.600     9793.115     9608.658
135  HKY+G4        4400.830     149 9099.660     9757.013     9603.950
136  HKY+I+G4      4400.265     150 9100.529     9776.649     9608.204
137  HKY+R2        4397.814     150 9095.627     9771.747     9603.302
146  HKY+I+R2      4397.745     151 9097.489     9793.004     9608.548
157  HKY+F+G4      4372.929     152 9049.859     9765.428     9564.302
158  HKY+F+I+G4    4372.332     153 9050.663     9786.976     9568.491
159  HKY+F+R2      4369.870     153 9045.740     9782.053     9563.568
168  HKY+F+I+R2    4369.917     154 9047.833     9805.611     9569.045
179  TNe+G4        4396.004     150 9092.007     9768.127     9599.682
180  TNe+I+G4      4395.256     151 9092.512     9788.028     9603.571
181  TNe+R2        4392.127     151 9086.255     9781.770     9597.313
190  TNe+I+R2      4392.080     152 9088.159     9803.728     9602.602
201  TNe+G4        4396.004     150 9092.007     9768.127     9599.682
202  TNe+I+G4      4395.256     151 9092.512     9788.028     9603.571
203  TNe+R2        4392.127     151 9086.255     9781.770     9597.313
212  TNe+I+R2      4392.080     152 9088.159     9803.728     9602.602
223  TN+G4         4395.918     150 9091.837     9767.956     9599.511
224  TN+I+G4       4395.178     151 9092.355     9787.871     9603.414
225  TN+R2         4392.071     151 9086.143     9781.658     9597.202
234  TN+I+R2       4392.047     152 9088.093     9803.663     9602.537
245  TN+F+G4       4369.964     153 9045.928     9782.240     9563.755
246  TN+F+I+G4     4369.193     154 9046.385     9804.163     9567.598
247  TN+F+R2       4366.422     154 9040.845     9798.622     9562.057
256  TN+F+I+R2     4366.488     155 9042.975     9822.975     9567.572
267  K3P+G4        4397.850     150 9095.699     9771.818     9603.373
268  K3P+I+G4      4397.280     151 9096.560     9792.075     9607.618
269  K3P+R2        4394.835     151 9091.670     9787.186     9602.729
278  K3P+I+R2      4394.749     152 9093.499     9809.068     9607.942
289  K3P+G4        4397.850     150 9095.699     9771.818     9603.373
290  K3P+I+G4      4397.280     151 9096.560     9792.075     9607.618
291  K3P+R2        4394.835     151 9091.670     9787.186     9602.729
300  K3P+I+R2      4394.749     152 9093.499     9809.068     9607.942
311  K3Pu+G4       4397.758     150 9095.516     9771.635     9603.190
312  K3Pu+I+G4     4397.213     151 9096.425     9791.940     9607.484
313  K3Pu+R2       4394.810     151 9091.620     9787.135     9602.679
322  K3Pu+I+R2     4394.747     152 9093.494     9809.063     9607.937
333  K3Pu+F+G4     4371.581     153 9049.161     9785.474     9566.989
334  K3Pu+F+I+G4   4370.988     154 9049.975     9807.753     9571.187
335  K3Pu+F+R2     4368.502     154 9045.003     9802.781     9566.216
344  K3Pu+F+I+R2   4368.520     155 9047.039     9827.039     9571.636
355  TPM2+G4       4392.294     150 9084.588     9760.707     9592.262
356  TPM2+I+G4     4391.750     151 9085.500     9781.015     9596.559
357  TPM2+R2       4389.615     151 9081.231     9776.746     9592.289
366  TPM2+I+R2     4389.476     152 9082.951     9798.520     9597.394
377  TPM2+G4       4392.294     150 9084.588     9760.707     9592.262
378  TPM2+I+G4     4391.750     151 9085.500     9781.015     9596.559
379  TPM2+R2       4389.615     151 9081.231     9776.746     9592.289
388  TPM2+I+R2     4389.476     152 9082.951     9798.520     9597.394
399  TPM2u+G4      4392.292     150 9084.584     9760.704     9592.258
400  TPM2u+I+G4    4391.745     151 9085.491     9781.006     9596.549
401  TPM2u+R2      4389.608     151 9081.215     9776.730     9592.274
410  TPM2u+I+R2    4389.464     152 9082.928     9798.498     9597.372
421  TPM2u+F+G4    4371.534     153 9049.067     9785.380     9566.895
422  TPM2u+F+I+G4  4370.904     154 9049.808     9807.586     9571.021
423  TPM2u+F+R2    4368.385     154 9044.770     9802.548     9565.983
432  TPM2u+F+I+R2  4368.412     155 9046.824     9826.824     9571.421
443  TPM3+G4       4393.467     150 9086.934     9763.053     9594.608
444  TPM3+I+G4     4392.943     151 9087.885     9783.401     9598.944
445  TPM3+R2       4390.759     151 9083.517     9779.032     9594.576
454  TPM3+I+R2     4390.627     152 9085.255     9800.824     9599.698
465  TPM3+G4       4393.467     150 9086.934     9763.053     9594.608
466  TPM3+I+G4     4392.943     151 9087.885     9783.401     9598.944
467  TPM3+R2       4390.759     151 9083.517     9779.032     9594.576
476  TPM3+I+R2     4390.627     152 9085.255     9800.824     9599.698
487  TPM3u+G4      4393.463     150 9086.926     9763.046     9594.601
488  TPM3u+I+G4    4392.941     151 9087.882     9783.397     9598.941
489  TPM3u+R2      4390.757     151 9083.514     9779.029     9594.573
498  TPM3u+I+R2    4390.626     152 9085.253     9800.822     9599.696
509  TPM3u+F+G4    4372.493     153 9050.985     9787.298     9568.813
510  TPM3u+F+I+G4  4371.910     154 9051.821     9809.598     9573.033
511  TPM3u+F+R2    4369.373     154 9046.745     9804.523     9567.957
520  TPM3u+F+I+R2  4369.395     155 9048.790     9828.790     9573.386
531  TIMe+G4       4392.982     151 9087.964     9783.479     9599.022
532  TIMe+I+G4     4392.265     152 9088.530     9804.099     9602.973
533  TIMe+R2       4389.211     152 9082.423     9797.992     9596.866
542  TIMe+I+R2     4389.184     153 9084.368     9820.681     9602.196
553  TIMe+G4       4392.982     151 9087.964     9783.479     9599.022
554  TIMe+I+G4     4392.265     152 9088.530     9804.099     9602.973
555  TIMe+R2       4389.211     152 9082.423     9797.992     9596.866
564  TIMe+I+R2     4389.184     153 9084.368     9820.681     9602.196
575  TIM+G4        4392.979     151 9087.958     9783.473     9599.016
576  TIM+I+G4      4392.258     152 9088.516     9804.085     9602.959
577  TIM+R2        4389.202     152 9082.404     9797.973     9596.847
586  TIM+I+R2      4389.168     153 9084.335     9820.648     9602.163
597  TIM+F+G4      4368.636     154 9045.271     9803.049     9566.483
598  TIM+F+I+G4    4367.874     155 9045.748     9825.748     9570.345
599  TIM+F+R2      4365.046     155 9040.091     9820.091     9564.688
608  TIM+F+I+R2    4365.082     156 9042.164     9845.181     9570.145
619  TIM2e+G4      4387.503     151 9077.006     9772.521     9588.065
620  TIM2e+I+G4    4386.816     152 9077.632     9793.201     9592.075
621  TIM2e+R2      4384.126     152 9072.251     9787.820     9586.694
630  TIM2e+I+R2    4384.034     153 9074.067     9810.380     9591.895
641  TIM2e+G4      4387.503     151 9077.006     9772.521     9588.065
642  TIM2e+I+G4    4386.816     152 9077.632     9793.201     9592.075
643  TIM2e+R2      4384.126     152 9072.251     9787.820     9586.694
652  TIM2e+I+R2    4384.034     153 9074.067     9810.380     9591.895
663  TIM2+G4       4387.503     151 9077.007     9772.522     9588.066
664  TIM2+I+G4     4386.815     152 9077.629     9793.199     9592.073
665  TIM2+R2       4384.121     152 9072.242     9787.811     9586.685
674  TIM2+I+R2     4384.030     153 9074.060     9810.373     9591.888
685  TIM2+F+G4     4368.388     154 9044.776     9802.554     9565.988
686  TIM2+F+I+G4   4367.600     155 9045.200     9825.200     9569.796
687  TIM2+F+R2     4364.775     155 9039.550     9819.550     9564.147
696  TIM2+F+I+R2   4364.811     156 9041.622     9844.639     9569.603
707  TIM3e+G4      4388.291     151 9078.582     9774.097     9589.641
708  TIM3e+I+G4    4387.560     152 9079.120     9794.689     9593.563
709  TIM3e+R2      4384.516     152 9073.031     9788.600     9587.474
718  TIM3e+I+R2    4384.369     153 9074.738     9811.050     9592.565
729  TIM3e+G4      4388.291     151 9078.582     9774.097     9589.641
730  TIM3e+I+G4    4387.560     152 9079.120     9794.689     9593.563
731  TIM3e+R2      4384.516     152 9073.031     9788.600     9587.474
740  TIM3e+I+R2    4384.369     153 9074.738     9811.050     9592.565
751  TIM3+G4       4388.215     151 9078.429     9773.944     9589.488
752  TIM3+I+G4     4387.500     152 9078.999     9794.569     9593.443
753  TIM3+R2       4384.483     152 9072.966     9788.535     9587.409
762  TIM3+I+R2     4384.366     153 9074.733     9811.045     9592.560
773  TIM3+F+G4     4369.587     154 9047.174     9804.952     9568.386
774  TIM3+F+I+G4   4368.836     155 9047.671     9827.671     9572.268
775  TIM3+F+R2     4365.881     155 9041.763     9821.763     9566.359
784  TIM3+F+I+R2   4365.919     156 9043.839     9846.855     9571.820
795  TVMe+G4       4384.136     152 9072.271     9787.841     9586.715
796  TVMe+I+G4     4383.640     153 9073.280     9809.593     9591.108
797  TVMe+R2       4381.862     153 9069.725     9806.037     9587.553
806  TVMe+I+R2     4381.663     154 9071.326     9829.104     9592.538
817  TVMe+G4       4384.136     152 9072.271     9787.841     9586.715
818  TVMe+I+G4     4383.640     153 9073.280     9809.593     9591.108
819  TVMe+R2       4381.862     153 9069.725     9806.037     9587.553
828  TVMe+I+R2     4381.663     154 9071.326     9829.104     9592.538
839  TVM+G4        4384.136     152 9072.272     9787.841     9586.715
840  TVM+I+G4      4383.639     153 9073.277     9809.590     9591.105
841  TVM+R2        4381.829     153 9069.658     9805.970     9587.486
850  TVM+I+R2      4381.631     154 9071.262     9829.040     9592.475
861  TVM+F+G4      4370.442     155 9050.885     9830.885     9575.481
862  TVM+F+I+G4    4369.840     156 9051.681     9854.697     9579.662
863  TVM+F+R2      4367.251     156 9046.501     9849.518     9574.483
872  TVM+F+I+R2    4367.259     157 9048.518     9875.385     9579.884
883  SYM+G4        4379.094     153 9064.189     9800.501     9582.017
884  SYM+I+G4      4378.447     154 9064.894     9822.672     9586.106
885  SYM+R2        4375.899     154 9059.798     9817.576     9581.010
894  SYM+I+R2      4375.733     155 9061.465     9841.465     9586.062
905  SYM+G4        4379.094     153 9064.189     9800.501     9582.017
906  SYM+I+G4      4378.447     154 9064.894     9822.672     9586.106
907  SYM+R2        4375.899     154 9059.798     9817.576     9581.010
916  SYM+I+R2      4375.733     155 9061.465     9841.465     9586.062
927  GTR+G4        4379.094     153 9064.189     9800.501     9582.017
928  GTR+I+G4      4378.446     154 9064.891     9822.669     9586.104
929  GTR+R2        4375.895     154 9059.790     9817.568     9581.003
938  GTR+I+R2      4375.730     155 9061.460     9841.460     9586.057
949  GTR+F+G4      4367.436     156 9046.872     9849.889     9574.854
950  GTR+F+I+G4    4366.674     157 9047.349     9874.216     9578.715
951  GTR+F+R2      4363.713     157 9041.426     9868.292     9572.791
960  GTR+F+I+R2    4363.729     158 9043.458     9895.052     9578.209
Akaike Information Criterion:           TIM2+F+R2
Corrected Akaike Information Criterion: HKY+G4
Bayesian Information Criterion:         TN+F+R2
Best-fit model: TN+F+R2 chosen according to BIC

All model information printed to results_moss_new/07_phylogeny/All/G5943.model.gz
CPU time for ModelFinder: 42.438 seconds (0h:0m:42s)
Wall-clock time for ModelFinder: 36.804 seconds (0h:0m:36s)
Generating 1000 samples for ultrafast bootstrap (seed: 715992)...

NOTE: 1 MB RAM (0 GB) is required!
Estimate model parameters (epsilon = 0.100)
1. Initial log-likelihood: -4366.549
2. Current log-likelihood: -4366.433
Optimal log-likelihood: -4366.425
Rate parameters:  A-C: 1.00000  A-G: 2.52191  A-T: 1.00000  C-G: 1.00000  C-T: 3.33848  G-T: 1.00000
Base frequencies:  A: 0.286  C: 0.202  G: 0.197  T: 0.315
Site proportion and rates:  (0.342,0.353) (0.658,1.336)
Parameters optimization took 2 rounds (0.020 sec)
Wrote distance file to... 
Computing ML distances based on estimated model parameters...
Calculating distance matrix: done in 0.00661312 secs using 99.29% CPU
Computing ML distances took 0.006716 sec (of wall-clock time) 0.006672 sec (of CPU time)
Setting up auxiliary I and S matrices: done in 0.000123734 secs using 126.1% CPU
Constructing RapidNJ tree: done in 0.000297562 secs using 107.9% CPU
Computing RapidNJ tree took 0.000443 sec (of wall-clock time) 0.000499 sec (of CPU time)
Log-likelihood of RapidNJ tree: -4417.135
--------------------------------------------------------------------
|             INITIALIZING CANDIDATE TREE SET                      |
--------------------------------------------------------------------
Generating 98 parsimony trees... 0.382 second
Computing log-likelihood of 98 initial trees ... 0.331 seconds
Current best score: -4365.353

Do NNI search on 20 best initial trees
Optimizing NNI: done in 0.0692336 secs using 72.1% CPU
Estimate model parameters (epsilon = 0.100)
BETTER TREE FOUND at iteration 1: -4363.370
Optimizing NNI: done in 0.0502778 secs using 73.66% CPU
Optimizing NNI: done in 0.0404541 secs using 96.87% CPU
Optimizing NNI: done in 0.104263 secs using 52.65% CPU
Estimate model parameters (epsilon = 0.100)
BETTER TREE FOUND at iteration 4: -4361.712
Optimizing NNI: done in 0.0578992 secs using 78.73% CPU
Optimizing NNI: done in 0.0766124 secs using 61.77% CPU
Optimizing NNI: done in 0.0517628 secs using 97.53% CPU
Optimizing NNI: done in 0.0934706 secs using 55.8% CPU
Optimizing NNI: done in 0.0648384 secs using 79.49% CPU
Optimizing NNI: done in 0.049774 secs using 97.45% CPU
Iteration 10 / LogL: -4363.322 / Time: 0h:0m:38s
Optimizing NNI: done in 0.0669093 secs using 78.65% CPU
Optimizing NNI: done in 0.056797 secs using 97.75% CPU
Optimizing NNI: done in 0.0577278 secs using 97.73% CPU
Estimate model parameters (epsilon = 0.100)
BETTER TREE FOUND at iteration 13: -4361.352
Optimizing NNI: done in 0.074852 secs using 76.92% CPU
Optimizing NNI: done in 0.0519589 secs using 99.55% CPU
Optimizing NNI: done in 0.0500571 secs using 97.55% CPU
Optimizing NNI: done in 0.0441707 secs using 97.3% CPU
Optimizing NNI: done in 0.0428465 secs using 99.53% CPU
Optimizing NNI: done in 0.0496184 secs using 99.55% CPU
Optimizing NNI: done in 0.055568 secs using 97.64% CPU
Iteration 20 / LogL: -4364.059 / Time: 0h:0m:38s
Finish initializing candidate tree set (20)
Current best tree score: -4361.352 / CPU time: 2.033
Number of iterations: 20
--------------------------------------------------------------------
|               OPTIMIZING CANDIDATE TREE SET                      |
--------------------------------------------------------------------
Optimizing NNI: done in 0.0554145 secs using 95.98% CPU
Optimizing NNI: done in 0.05471 secs using 94.07% CPU
Optimizing NNI: done in 0.0618259 secs using 96.33% CPU
Optimizing NNI: done in 0.0648446 secs using 97.95% CPU
Estimate model parameters (epsilon = 0.100)
BETTER TREE FOUND at iteration 24: -4360.456
Optimizing NNI: done in 0.0600661 secs using 97.88% CPU
Optimizing NNI: done in 0.0665681 secs using 95.03% CPU
Optimizing NNI: done in 0.0668192 secs using 98.03% CPU
Optimizing NNI: done in 0.0488964 secs using 95.52% CPU
Optimizing NNI: done in 0.0554995 secs using 99.58% CPU
Optimizing NNI: done in 0.0725646 secs using 98.11% CPU
Iteration 30 / LogL: -4360.463 / Time: 0h:0m:39s (0h:0m:8s left)
Optimizing NNI: done in 0.0766454 secs using 96.95% CPU
Optimizing NNI: done in 0.0514427 secs using 99.29% CPU
Optimizing NNI: done in 0.0778007 secs using 99.22% CPU
Optimizing NNI: done in 0.0610373 secs using 97.86% CPU
Optimizing NNI: done in 0.068905 secs using 99.56% CPU
Optimizing NNI: done in 0.0640253 secs using 97.92% CPU
Optimizing NNI: done in 0.0709699 secs using 95.38% CPU
Optimizing NNI: done in 0.0563621 secs using 97.83% CPU
Optimizing NNI: done in 0.075776 secs using 96.91% CPU
Optimizing NNI: done in 0.059964 secs using 99.58% CPU
Iteration 40 / LogL: -4360.459 / Time: 0h:0m:40s (0h:0m:7s left)
Optimizing NNI: done in 0.0615149 secs using 96.4% CPU
Optimizing NNI: done in 0.0865273 secs using 98.4% CPU
Optimizing NNI: done in 0.0510958 secs using 95.71% CPU
Optimizing NNI: done in 0.0692531 secs using 98.22% CPU
Optimizing NNI: done in 0.0594626 secs using 97.84% CPU
Optimizing NNI: done in 0.0617729 secs using 94.78% CPU
Optimizing NNI: done in 0.0668696 secs using 99.6% CPU
Optimizing NNI: done in 0.0519537 secs using 97.57% CPU
Optimizing NNI: done in 0.0644541 secs using 93.39% CPU
Optimizing NNI: done in 0.0605964 secs using 99.6% CPU
Iteration 50 / LogL: -4360.457 / Time: 0h:0m:40s (0h:0m:6s left)
Log-likelihood cutoff on original alignment: -4399.751
Optimizing NNI: done in 0.0637815 secs using 98.01% CPU
Optimizing NNI: done in 0.0713323 secs using 95.34% CPU
Optimizing NNI: done in 0.0783156 secs using 97.06% CPU
Optimizing NNI: done in 0.0638333 secs using 94.92% CPU
Optimizing NNI: done in 0.0580018 secs using 99.54% CPU
Optimizing NNI: done in 0.0635722 secs using 99.64% CPU
Optimizing NNI: done in 0.0599428 secs using 99.63% CPU
Optimizing NNI: done in 0.0636306 secs using 98.05% CPU
Optimizing NNI: done in 0.0548705 secs using 94.06% CPU
Optimizing NNI: done in 0.0725541 secs using 99.45% CPU
Iteration 60 / LogL: -4360.459 / Time: 0h:0m:41s (0h:0m:5s left)
Optimizing NNI: done in 0.0551909 secs using 97.79% CPU
Optimizing NNI: done in 0.059514 secs using 97.81% CPU
Optimizing NNI: done in 0.0473814 secs using 99.61% CPU
Optimizing NNI: done in 0.0683062 secs using 98.17% CPU
Optimizing NNI: done in 0.068982 secs using 96.64% CPU
Optimizing NNI: done in 0.0717017 secs using 99.62% CPU
Optimizing NNI: done in 0.0713429 secs using 98.2% CPU
Optimizing NNI: done in 0.0493203 secs using 93.44% CPU
Optimizing NNI: done in 0.0620806 secs using 94.79% CPU
Optimizing NNI: done in 0.0660731 secs using 98.09% CPU
Iteration 70 / LogL: -4360.457 / Time: 0h:0m:42s (0h:0m:4s left)
Optimizing NNI: done in 0.0607422 secs using 97.9% CPU
Optimizing NNI: done in 0.0425767 secs using 94.94% CPU
Optimizing NNI: done in 0.0719829 secs using 99.61% CPU
Optimizing NNI: done in 0.070161 secs using 98.13% CPU
Optimizing NNI: done in 0.049994 secs using 97.65% CPU
Optimizing NNI: done in 0.0603708 secs using 96.33% CPU
Optimizing NNI: done in 0.0548465 secs using 97.79% CPU
Optimizing NNI: done in 0.0610373 secs using 97.88% CPU
Optimizing NNI: done in 0.0564017 secs using 96.08% CPU
Optimizing NNI: done in 0.0587588 secs using 99.57% CPU
Iteration 80 / LogL: -4360.457 / Time: 0h:0m:43s (0h:0m:3s left)
Optimizing NNI: done in 0.0521724 secs using 93.73% CPU
Optimizing NNI: done in 0.0652675 secs using 99.58% CPU
Optimizing NNI: done in 0.0617297 secs using 98% CPU
Optimizing NNI: done in 0.0627813 secs using 99.59% CPU
Optimizing NNI: done in 0.0563772 secs using 99.58% CPU
Optimizing NNI: done in 0.0571828 secs using 94.35% CPU
Optimizing NNI: done in 0.0760134 secs using 96.98% CPU
Optimizing NNI: done in 0.0550193 secs using 99.47% CPU
Optimizing NNI: done in 0.0574555 secs using 96.13% CPU
Optimizing NNI: done in 0.0589248 secs using 96.2% CPU
Iteration 90 / LogL: -4360.982 / Time: 0h:0m:43s (0h:0m:2s left)
Optimizing NNI: done in 0.0563355 secs using 99.5% CPU
Optimizing NNI: done in 0.0734733 secs using 96.87% CPU
Optimizing NNI: done in 0.067273 secs using 99.6% CPU
Optimizing NNI: done in 0.0764544 secs using 99.51% CPU
Optimizing NNI: done in 0.0667731 secs using 96.53% CPU
Optimizing NNI: done in 0.069603 secs using 98.18% CPU
Optimizing NNI: done in 0.0527304 secs using 99.48% CPU
Optimizing NNI: done in 0.0697325 secs using 96.76% CPU
Optimizing NNI: done in 0.0683264 secs using 98.14% CPU
Optimizing NNI: done in 0.0721925 secs using 99.51% CPU
Iteration 100 / LogL: -4363.582 / Time: 0h:0m:44s (0h:0m:1s left)
Log-likelihood cutoff on original alignment: -4399.751
NOTE: Bootstrap correlation coefficient of split occurrence frequencies: 0.998
Optimizing NNI: done in 0.0647976 secs using 93.32% CPU
Optimizing NNI: done in 0.0690813 secs using 96.69% CPU
Optimizing NNI: done in 0.066509 secs using 96.6% CPU
Optimizing NNI: done in 0.0632918 secs using 97.91% CPU
Optimizing NNI: done in 0.0569981 secs using 97.85% CPU
Optimizing NNI: done in 0.0727311 secs using 98.24% CPU
Optimizing NNI: done in 0.062254 secs using 97.91% CPU
Optimizing NNI: done in 0.0816443 secs using 98.36% CPU
Optimizing NNI: done in 0.072842 secs using 95.48% CPU
Optimizing NNI: done in 0.0803353 secs using 96.99% CPU
Iteration 110 / LogL: -4360.456 / Time: 0h:0m:45s (0h:0m:6s left)
Optimizing NNI: done in 0.0695256 secs using 98.15% CPU
Optimizing NNI: done in 0.0545206 secs using 95.81% CPU
Optimizing NNI: done in 0.0682442 secs using 99.59% CPU
Optimizing NNI: done in 0.0567029 secs using 97.85% CPU
Optimizing NNI: done in 0.0630759 secs using 96.43% CPU
Optimizing NNI: done in 0.0595091 secs using 97.81% CPU
Optimizing NNI: done in 0.0732209 secs using 96.88% CPU
Optimizing NNI: done in 0.0592908 secs using 94.56% CPU
Optimizing NNI: done in 0.074853 secs using 99.52% CPU
Optimizing NNI: done in 0.056638 secs using 94.31% CPU
Iteration 120 / LogL: -4360.456 / Time: 0h:0m:45s (0h:0m:6s left)
Optimizing NNI: done in 0.0496199 secs using 97.58% CPU
Optimizing NNI: done in 0.0419481 secs using 97.04% CPU
Optimizing NNI: done in 0.0572682 secs using 97.81% CPU
Optimizing NNI: done in 0.0798529 secs using 99.58% CPU
Optimizing NNI: done in 0.0770267 secs using 96.9% CPU
TREE SEARCH COMPLETED AFTER 125 ITERATIONS / Time: 0h:0m:46s

--------------------------------------------------------------------
|                    FINALIZING TREE SEARCH                        |
--------------------------------------------------------------------
Performs final model parameters optimization
Estimate model parameters (epsilon = 0.010)
1. Initial log-likelihood: -4360.456
Optimal log-likelihood: -4360.455
Rate parameters:  A-C: 1.00000  A-G: 2.62261  A-T: 1.00000  C-G: 1.00000  C-T: 3.40170  G-T: 1.00000
Base frequencies:  A: 0.286  C: 0.202  G: 0.197  T: 0.315
Site proportion and rates:  (0.337,0.338) (0.663,1.336)
Parameters optimization took 1 rounds (0.009 sec)
BEST SCORE FOUND : -4360.455
Creating bootstrap support values...
Split supports printed to NEXUS file results_moss_new/07_phylogeny/All/G5943.splits.nex
Total tree length: 5.218

Total number of iterations: 125
CPU time used for tree search: 8.641 sec (0h:0m:8s)
Wall-clock time used for tree search: 9.341 sec (0h:0m:9s)
Total CPU time used: 51.246 sec (0h:0m:51s)
Total wall-clock time used: 46.329 sec (0h:0m:46s)

Computing bootstrap consensus tree...
Reading input file results_moss_new/07_phylogeny/All/G5943.splits.nex...
75 taxa and 659 splits.
Consensus tree written to results_moss_new/07_phylogeny/All/G5943.contree
Reading input trees file results_moss_new/07_phylogeny/All/G5943.contree
Log-likelihood of consensus tree: -4365.501

Analysis results written to: 
  IQ-TREE report:                results_moss_new/07_phylogeny/All/G5943.iqtree
  Maximum-likelihood tree:       results_moss_new/07_phylogeny/All/G5943.treefile
  Likelihood distances:          results_moss_new/07_phylogeny/All/G5943.mldist

Ultrafast bootstrap approximation results written to:
  Split support values:          results_moss_new/07_phylogeny/All/G5943.splits.nex
  Consensus tree:                results_moss_new/07_phylogeny/All/G5943.contree
  Screen log file:               results_moss_new/07_phylogeny/All/G5943.log

Date and Time: Fri Jun 12 02:21:54 2026
