IQ-TREE version 3.0.1 for Linux x86 64-bit built Jul  9 2025
Developed by Bui Quang Minh, Thomas Wong, Nhan Ly-Trong, Huaiyan Ren
Contributed by Lam-Tung Nguyen, Dominik Schrempf, Chris Bielow,
Olga Chernomor, Michael Woodhams, Diep Thi Hoang, Heiko Schmidt

Host:    c0711a-s19.ufhpc (AVX2, FMA3, 503 GB RAM)
Command: iqtree -s results_moss_new/06_alignment/All/trimmed/G6036.trimmed.aln --prefix results_moss_new/07_phylogeny/All/G6036 -m MFP -B 1000 -T AUTO
Seed:    226564 (Using SPRNG - Scalable Parallel Random Number Generator)
Time:    Fri Jun 12 03:38:24 2026
Kernel:  AVX+FMA - auto-detect threads (8 CPU cores detected)

Reading alignment file results_moss_new/06_alignment/All/trimmed/G6036.trimmed.aln ... Fasta format detected
Reading fasta file: done in 0.00202327 secs using 70.03% CPU
Alignment most likely contains DNA/RNA sequences
Constructing alignment: done in 0.00155294 secs using 35.16% CPU
Alignment has 72 sequences with 2022 columns, 1769 distinct patterns
1380 parsimony-informative, 323 singleton sites, 319 constant sites
                  Gap/Ambiguity  Composition  p-value
Analyzing sequences: done in 0.00024964 secs using 85.32% CPU
   1  S0032_G6036_R1_N   27.70%    passed     89.52%
   2  S0024_G6036_R1_A   27.30%    passed     92.49%
   3  S0001_G6036_R1_A   27.05%    passed     68.41%
   4  S0025_G6036_R1_A   28.44%    passed     91.85%
   5  S0029_G6036_R1_A   28.59%    passed     85.75%
   6  S0049_G6036_R1_A   25.67%    failed      2.66%
   7  S0003_G6036_R1_N   30.56%    passed     96.73%
   8  S0035_G6036_R1_A   13.90%    passed     68.16%
   9  S0005_G6036_R2_A   24.98%    passed     51.05%
  10  S0005_G6036_R1_A   19.73%    passed     98.98%
  11  S0002_G6036_R2_A   13.70%    passed     94.03%
  12  S0011_G6036_R2_A   13.45%    passed     97.94%
  13  S0011_G6036_R3_A   13.65%    passed     94.27%
  14  S0019_G6036_R3_A   13.40%    passed     98.43%
  15  S0023_G6036_R1_A   13.90%    passed     99.40%
  16  S0030_G6036_R3_A   13.95%    passed     98.31%
  17  S0036_G6036_R3_U   13.50%    passed     98.03%
  18  S0030_G6036_R2_A   13.80%    passed     98.76%
  19  S0022_G6036_R2_A   13.80%    passed     99.71%
  20  S0021_G6036_R3_A   15.68%    passed     99.57%
  21  S0021_G6036_R4_A   15.33%    passed     99.86%
  22  S0036_G6036_R2_A   13.60%    passed     94.95%
  23  S0019_G6036_R2_A   13.80%    passed     98.17%
  24  S0048_G6036_R2_A   14.09%    passed     91.45%
  25  S0022_G6036_R3_A   17.26%    passed     85.12%
  26  S0002_G6036_R3_A   15.03%    passed     96.59%
  27  S0048_G6036_R3_A   15.08%    passed     98.49%
  28  S0022_G6036_R4_A   18.50%    passed     90.03%
  29  S0006_G6036_R1_A   21.66%    passed     72.24%
  30  S0008_G6036_R1_A   25.52%    passed     65.66%
  31  S0027_G6036_R1_A   21.76%    passed     55.48%
  32  S0027_G6036_R2_A   37.83%    passed     50.63%
  33  S0014_G6036_R1_A   24.93%    passed     71.00%
  34  S0039_G6036_R1_A   26.81%    passed     13.19%
  35  S0051_G6036_R1_A   26.66%    passed     12.47%
  36  S0009_G6036_R1_A   24.68%    passed     67.91%
  37  S0010_G6036_R1_A   24.78%    passed     72.01%
  38  S0021_G6036_R1_A   15.43%    passed     98.94%
  39  S0021_G6036_R2_A   16.22%    passed     98.85%
  40  S0011_G6036_R1_A   15.03%    passed     87.90%
  41  S0028_G6036_R1_A   15.53%    passed     96.75%
  42  S0026_G6036_R1_A   14.84%    passed     94.70%
  43  S0002_G6036_R1_A   15.53%    passed     94.85%
  44  S0019_G6036_R1_A   15.38%    passed     92.32%
  45  S0020_G6036_R1_A   15.33%    passed     97.34%
  46  S0036_G6036_R1_A   15.63%    passed     67.56%
  47  S0018_G6036_R1_A   15.88%    passed     99.83%
  48  S0031_G6036_R1_A   16.07%    passed     87.30%
  49  S0004_G6036_R1_A   15.68%    passed     73.13%
  50  S0016_G6036_R1_A   15.58%    passed     87.82%
  51  S0037_G6036_R1_U   17.26%    passed     90.97%
  52  S0030_G6036_R1_A   15.92%    passed     99.68%
  53  S0046_G6036_R1_A   15.78%    passed     87.49%
  54  S0022_G6036_R1_A   17.16%    passed     89.32%
  55  S0048_G6036_R1_A   14.89%    passed     86.02%
  56  S0050_G6036_R1_A   14.84%    passed     94.74%
  57  S0013_G6036_R1_A   15.92%    passed     99.38%
  58  S0017_G6036_R1_A   15.78%    passed     80.53%
  59  S0012_G6036_R1_A   14.99%    passed     83.17%
  60  S0005_G6036_R6_U   19.88%    failed      2.53%
  61  S0005_G6036_R3_A   30.37%    passed     84.68%
  62  S0005_G6036_R5_A   29.67%    passed     79.28%
  63  S0005_G6036_R4_A   31.31%    passed     79.99%
  64  S0044_G6036_R1_N   21.66%    passed     18.68%
  65  S0045_G6036_R1_A   21.66%    passed     21.19%
  66  S0045_G6036_R2_A   22.06%    passed     39.67%
  67  S0038_G6036_R1_A   21.71%    passed     30.09%
  68  S0042_G6036_R1_N   21.76%    passed     29.32%
  69  S0041_G6036_R1_N   21.91%    passed     26.65%
  70  S0047_G6036_R1_N   22.21%    passed     19.01%
  71  S0043_G6036_R1_N   21.66%    passed     35.36%
  72  S0040_G6036_R1_N   21.71%    passed     37.53%
****  TOTAL              19.48%  2 sequences failed composition chi2 test (p-value<5%; df=3)
Checking for duplicate sequences: done in 0.000275618 secs using 54.42% CPU


Create initial parsimony tree by phylogenetic likelihood library (PLL)... 0.010 seconds
Measuring multi-threading efficiency up to 8 CPU cores
Increase to 10 rounds for branch lengths
51 trees examined
Threads: 1 / Time: 8.150 sec / Speedup: 1.000 / Efficiency: 100% / LogL: -60823
Threads: 2 / Time: 26.464 sec / Speedup: 0.308 / Efficiency: 15% / LogL: -60823
Determining AUTO threadcount: done in 34.6157 secs using 104.9% CPU
BEST NUMBER OF THREADS: 1

Perform fast likelihood tree search using GTR+I+G model...
Estimate model parameters (epsilon = 5.000)
Perform nearest neighbor interchange...
Optimizing NNI: done in 0.244215 secs using 99.56% CPU
Estimate model parameters (epsilon = 1.000)
1. Initial log-likelihood: -30094.236
Optimal log-likelihood: -30094.228
Rate parameters:  A-C: 0.88543  A-G: 2.49678  A-T: 0.95724  C-G: 0.88380  C-T: 3.61197  G-T: 1.00000
Base frequencies:  A: 0.277  C: 0.184  G: 0.244  T: 0.294
Proportion of invariable sites: 0.065
Gamma shape alpha: 1.760
Parameters optimization took 1 rounds (0.081 sec)
Time for fast ML tree search: 0.816 seconds

NOTE: ModelFinder requires 48 MB RAM!
ModelFinder will test up to 968 DNA models (sample size: 2022 epsilon: 0.100) ...
 No. Model         -LnL         df  AIC          AICc         BIC
  1  JC            31655.180    141 63592.359    63613.659    64383.629
  2  JC+I          31251.707    142 62787.414    62809.027    63584.295
  3  JC+G4         31004.515    142 62293.029    62314.643    63089.911
  4  JC+I+G4       30989.049    143 62264.098    62286.028    63066.592
  5  JC+R2         30994.624    143 62275.247    62297.177    63077.741
  6  JC+R3         30983.231    145 62256.463    62279.032    63070.180
  7  JC+R4         30982.666    147 62259.331    62282.550    63084.272
 14  JC+I+R2       30981.814    144 62251.628    62273.877    63059.734
 15  JC+I+R3       30978.977    146 62249.954    62272.847    63069.283
 26  JC+I+G4       30989.049    143 62264.098    62286.028    63066.592
 36  JC+I+R2       30981.814    144 62251.628    62273.877    63059.734
 37  JC+I+R3       30978.977    146 62249.954    62272.847    63069.283
 48  F81+I+G4      30988.979    143 62263.959    62285.888    63066.452
 58  F81+I+R2      30981.753    144 62251.505    62273.754    63059.611
 59  F81+I+R3      30978.941    146 62249.883    62272.776    63069.212
 70  F81+F+I+G4    30918.114    146 62128.227    62151.120    62947.556
 80  F81+F+I+R2    30910.318    147 62114.636    62137.855    62939.577
 81  F81+F+I+R3    30907.334    149 62112.668    62136.546    62948.832
 92  K2P+I+G4      30253.075    144 60794.149    60816.398    61602.255
102  K2P+I+R2      30249.053    145 60788.106    60810.675    61601.823
103  K2P+I+R3      30244.730    147 60783.461    60806.679    61608.401
114  K2P+I+G4      30253.075    144 60794.149    60816.398    61602.255
124  K2P+I+R2      30249.053    145 60788.105    60810.675    61601.823
125  K2P+I+R3      30244.730    147 60783.461    60806.679    61608.401
136  HKY+I+G4      30253.071    144 60794.142    60816.391    61602.248
146  HKY+I+R2      30249.038    145 60788.077    60810.646    61601.794
147  HKY+I+R3      30244.666    147 60783.332    60806.550    61608.273
158  HKY+F+I+G4    30129.636    147 60553.273    60576.492    61378.214
168  HKY+F+I+R2    30123.966    148 60543.932    60567.479    61374.485
169  HKY+F+I+R3    30118.974    150 60537.949    60562.160    61379.725
180  TNe+I+G4      30245.888    145 60781.777    60804.346    61595.494
190  TNe+I+R2      30243.034    146 60778.067    60800.960    61597.396
191  TNe+I+R3      30238.447    148 60772.895    60796.442    61603.448
202  TNe+I+G4      30245.888    145 60781.777    60804.346    61595.494
212  TNe+I+R2      30243.034    146 60778.067    60800.960    61597.396
213  TNe+I+R3      30238.447    148 60772.895    60796.442    61603.448
224  TN+I+G4       30245.858    145 60781.716    60804.285    61595.433
234  TN+I+R2       30242.966    146 60777.933    60800.826    61597.262
235  TN+I+R3       30238.391    148 60772.782    60796.329    61603.334
246  TN+F+I+G4     30096.102    148 60488.204    60511.751    61318.757
256  TN+F+I+R2     30093.881    149 60485.761    60509.639    61321.926
257  TN+F+I+R3     30087.630    151 60477.259    60501.807    61324.647
268  K3P+I+G4      30252.947    145 60795.893    60818.463    61609.610
278  K3P+I+R2      30248.918    146 60789.836    60812.729    61609.165
279  K3P+I+R3      30244.347    148 60784.694    60808.242    61615.247
290  K3P+I+G4      30252.947    145 60795.893    60818.463    61609.610
300  K3P+I+R2      30248.918    146 60789.836    60812.729    61609.165
301  K3P+I+R3      30244.347    148 60784.694    60808.242    61615.247
312  K3Pu+I+G4     30252.948    145 60795.896    60818.465    61609.613
322  K3Pu+I+R2     30248.917    146 60789.835    60812.727    61609.164
323  K3Pu+I+R3     30244.322    148 60784.644    60808.191    61615.196
334  K3Pu+F+I+G4   30129.592    148 60555.184    60578.731    61385.737
344  K3Pu+F+I+R2   30123.898    149 60545.796    60569.675    61381.961
345  K3Pu+F+I+R3   30118.600    151 60539.201    60563.748    61386.589
356  TPM2+I+G4     30251.820    145 60793.640    60816.209    61607.357
366  TPM2+I+R2     30248.204    146 60788.409    60811.302    61607.738
367  TPM2+I+R3     30243.401    148 60782.802    60806.349    61613.354
378  TPM2+I+G4     30251.820    145 60793.640    60816.209    61607.357
388  TPM2+I+R2     30248.204    146 60788.409    60811.302    61607.738
389  TPM2+I+R3     30243.401    148 60782.802    60806.349    61613.354
400  TPM2u+I+G4    30251.820    145 60793.641    60816.210    61607.358
410  TPM2u+I+R2    30248.204    146 60788.408    60811.301    61607.737
411  TPM2u+I+R3    30243.369    148 60782.738    60806.285    61613.291
422  TPM2u+F+I+G4  30129.536    148 60555.072    60578.619    61385.625
432  TPM2u+F+I+R2  30123.741    149 60545.482    60569.360    61381.646
433  TPM2u+F+I+R3  30118.438    151 60538.877    60563.424    61386.265
444  TPM3+I+G4     30209.839    145 60709.678    60732.247    61523.395
454  TPM3+I+R2     30207.729    146 60707.459    60730.352    61526.788
455  TPM3+I+R3     30202.942    148 60701.884    60725.432    61532.437
466  TPM3+I+G4     30209.839    145 60709.678    60732.247    61523.395
476  TPM3+I+R2     30207.729    146 60707.459    60730.352    61526.788
477  TPM3+I+R3     30202.942    148 60701.884    60725.432    61532.437
488  TPM3u+I+G4    30209.835    145 60709.670    60732.240    61523.387
498  TPM3u+I+R2    30207.716    146 60707.432    60730.325    61526.761
499  TPM3u+I+R3    30202.896    148 60701.791    60725.338    61532.344
510  TPM3u+F+I+G4  30127.749    148 60551.499    60575.046    61382.051
520  TPM3u+F+I+R2  30122.059    149 60542.118    60565.997    61378.283
521  TPM3u+F+I+R3  30116.867    151 60535.733    60560.281    61383.121
532  TIMe+I+G4     30245.719    146 60783.437    60806.330    61602.766
542  TIMe+I+R2     30242.847    147 60779.694    60802.912    61604.634
543  TIMe+I+R3     30238.105    149 60774.211    60798.089    61610.375
554  TIMe+I+G4     30245.719    146 60783.437    60806.330    61602.766
564  TIMe+I+R2     30242.847    147 60779.694    60802.912    61604.634
565  TIMe+I+R3     30238.105    149 60774.211    60798.089    61610.375
576  TIM+I+G4      30245.714    146 60783.429    60806.321    61602.758
586  TIM+I+R2      30242.820    147 60779.639    60802.858    61604.580
587  TIM+I+R3      30238.081    149 60774.162    60798.040    61610.326
598  TIM+F+I+G4    30096.005    149 60490.010    60513.888    61326.174
608  TIM+F+I+R2    30093.785    150 60487.571    60511.783    61329.347
609  TIM+F+I+R3    30087.251    152 60478.502    60503.388    61331.502
620  TIM2e+I+G4    30244.706    146 60781.412    60804.305    61600.741
630  TIM2e+I+R2    30242.205    147 60778.409    60801.628    61603.350
631  TIM2e+I+R3    30237.175    149 60772.350    60796.229    61608.515
642  TIM2e+I+G4    30244.706    146 60781.412    60804.305    61600.741
652  TIM2e+I+R2    30242.205    147 60778.409    60801.628    61603.350
653  TIM2e+I+R3    30237.175    149 60772.350    60796.229    61608.515
664  TIM2+I+G4     30244.662    146 60781.325    60804.218    61600.654
674  TIM2+I+R2     30242.132    147 60778.264    60801.483    61603.205
675  TIM2+I+R3     30237.152    149 60772.304    60796.182    61608.469
686  TIM2+F+I+G4   30095.963    149 60489.926    60513.804    61326.090
696  TIM2+F+I+R2   30093.667    150 60487.333    60511.545    61329.109
697  TIM2+F+I+R3   30087.129    152 60478.257    60503.143    61331.257
708  TIM3e+I+G4    30201.449    146 60694.898    60717.790    61514.227
718  TIM3e+I+R2    30200.428    147 60694.856    60718.075    61519.797
719  TIM3e+I+R3    30195.577    149 60689.154    60713.032    61525.318
730  TIM3e+I+G4    30201.449    146 60694.898    60717.790    61514.227
740  TIM3e+I+R2    30200.428    147 60694.856    60718.075    61519.797
741  TIM3e+I+R3    30195.577    149 60689.154    60713.032    61525.318
752  TIM3+I+G4     30201.385    146 60694.769    60717.662    61514.098
762  TIM3+I+R2     30200.343    147 60694.687    60717.906    61519.628
763  TIM3+I+R3     30195.529    149 60689.059    60712.937    61525.223
774  TIM3+F+I+G4   30094.412    149 60486.825    60510.703    61322.989
784  TIM3+F+I+R2   30091.980    150 60483.960    60508.172    61325.736
785  TIM3+F+I+R3   30085.743    152 60475.486    60500.372    61328.486
796  TVMe+I+G4     30208.671    147 60711.343    60734.561    61536.283
806  TVMe+I+R2     30206.949    148 60709.898    60733.445    61540.451
807  TVMe+I+R3     30201.780    150 60703.560    60727.771    61545.336
818  TVMe+I+G4     30208.671    147 60711.342    60734.561    61536.283
828  TVMe+I+R2     30206.949    148 60709.898    60733.445    61540.451
829  TVMe+I+R3     30201.780    150 60703.560    60727.771    61545.336
840  TVM+I+G4      30208.586    147 60711.172    60734.391    61536.113
850  TVM+I+R2      30206.880    148 60709.759    60733.306    61540.312
851  TVM+I+R3      30201.726    150 60703.451    60727.663    61545.227
862  TVM+F+I+G4    30127.496    150 60554.992    60579.204    61396.768
872  TVM+F+I+R2    30121.621    151 60545.242    60569.789    61392.630
873  TVM+F+I+R3    30116.516    153 60539.033    60564.260    61397.644
884  SYM+I+G4      30200.136    148 60696.272    60719.820    61526.825
894  SYM+I+R2      30199.444    149 60696.887    60720.766    61533.052
895  SYM+I+R3      30194.459    151 60690.918    60715.466    61538.306
906  SYM+I+G4      30200.136    148 60696.272    60719.820    61526.825
916  SYM+I+R2      30199.444    149 60696.887    60720.766    61533.052
917  SYM+I+R3      30194.459    151 60690.918    60715.466    61538.307
928  GTR+I+G4      30200.131    148 60696.263    60719.810    61526.815
938  GTR+I+R2      30199.429    149 60696.858    60720.736    61533.023
939  GTR+I+R3      30194.406    151 60690.812    60715.360    61538.200
950  GTR+F+I+G4    30094.233    151 60490.466    60515.013    61337.854
960  GTR+F+I+R2    30091.703    152 60487.407    60512.293    61340.407
961  GTR+F+I+R3    30085.491    154 60478.983    60504.553    61343.207
Akaike Information Criterion:           TIM3+F+I+R3
Corrected Akaike Information Criterion: TIM3+F+I+R3
Bayesian Information Criterion:         TN+F+I+G4
Best-fit model: TN+F+I+G4 chosen according to BIC

All model information printed to results_moss_new/07_phylogeny/All/G6036.model.gz
CPU time for ModelFinder: 63.726 seconds (0h:1m:3s)
Wall-clock time for ModelFinder: 63.332 seconds (0h:1m:3s)
Generating 1000 samples for ultrafast bootstrap (seed: 226564)...

NOTE: 23 MB RAM (0 GB) is required!
Estimate model parameters (epsilon = 0.100)
Thoroughly optimizing +I+G parameters from 10 start values...
Init pinv, alpha: 0.000, 1.774 / Estimate: 0.000, 1.295 / LogL: -30105.613
Init pinv, alpha: 0.018, 1.774 / Estimate: 0.056, 1.678 / LogL: -30096.295
Init pinv, alpha: 0.035, 1.774 / Estimate: 0.056, 1.681 / LogL: -30096.277
Init pinv, alpha: 0.053, 1.774 / Estimate: 0.057, 1.691 / LogL: -30096.220
Init pinv, alpha: 0.070, 1.774 / Estimate: 0.068, 1.787 / LogL: -30096.120
Init pinv, alpha: 0.088, 1.774 / Estimate: 0.070, 1.808 / LogL: -30096.196
Init pinv, alpha: 0.105, 1.774 / Estimate: 0.069, 1.800 / LogL: -30096.163
Init pinv, alpha: 0.123, 1.774 / Estimate: 0.070, 1.809 / LogL: -30096.198
Init pinv, alpha: 0.140, 1.774 / Estimate: 0.069, 1.800 / LogL: -30096.163
Init pinv, alpha: 0.158, 1.774 / Estimate: 0.069, 1.803 / LogL: -30096.174
Optimal pinv,alpha: 0.068, 1.787 / LogL: -30096.120

Parameters optimization took 4.902 sec
Wrote distance file to... 
Computing ML distances based on estimated model parameters...
Calculating distance matrix: done in 0.0185059 secs using 99.64% CPU
Computing ML distances took 0.018852 sec (of wall-clock time) 0.018787 sec (of CPU time)
Setting up auxiliary I and S matrices: done in 0.000129904 secs using 124.7% CPU
Constructing RapidNJ tree: done in 0.000480514 secs using 108.8% CPU
Computing RapidNJ tree took 0.000660 sec (of wall-clock time) 0.000762 sec (of CPU time)
Log-likelihood of RapidNJ tree: -30269.100
--------------------------------------------------------------------
|             INITIALIZING CANDIDATE TREE SET                      |
--------------------------------------------------------------------
Generating 98 parsimony trees... 1.015 second
Computing log-likelihood of 98 initial trees ... 1.970 seconds
Current best score: -30096.120

Do NNI search on 20 best initial trees
Optimizing NNI: done in 0.105134 secs using 98.59% CPU
Estimate model parameters (epsilon = 0.100)
BETTER TREE FOUND at iteration 1: -30096.100
Optimizing NNI: done in 0.314966 secs using 99.39% CPU
Estimate model parameters (epsilon = 0.100)
BETTER TREE FOUND at iteration 2: -30089.910
Optimizing NNI: done in 0.30633 secs using 99.56% CPU
Optimizing NNI: done in 0.337096 secs using 99.53% CPU
Optimizing NNI: done in 0.318397 secs using 98.9% CPU
Optimizing NNI: done in 0.294531 secs using 99.56% CPU
Optimizing NNI: done in 0.331941 secs using 99.57% CPU
Optimizing NNI: done in 0.288339 secs using 99.23% CPU
Optimizing NNI: done in 0.297573 secs using 99.24% CPU
Optimizing NNI: done in 0.326089 secs using 99.26% CPU
Iteration 10 / LogL: -30089.913 / Time: 0h:1m:14s
Optimizing NNI: done in 0.334367 secs using 98.63% CPU
Optimizing NNI: done in 0.311729 secs using 98.91% CPU
Optimizing NNI: done in 0.286039 secs using 99.21% CPU
Optimizing NNI: done in 0.324157 secs using 99.24% CPU
Optimizing NNI: done in 0.313223 secs using 98.93% CPU
Optimizing NNI: done in 0.256173 secs using 99.18% CPU
Optimizing NNI: done in 0.29609 secs using 99.57% CPU
Optimizing NNI: done in 0.30795 secs using 98.91% CPU
Optimizing NNI: done in 0.313846 secs using 99.56% CPU
Optimizing NNI: done in 0.281303 secs using 99.18% CPU
Iteration 20 / LogL: -30095.365 / Time: 0h:1m:17s
Finish initializing candidate tree set (11)
Current best tree score: -30089.910 / CPU time: 9.137
Number of iterations: 20
--------------------------------------------------------------------
|               OPTIMIZING CANDIDATE TREE SET                      |
--------------------------------------------------------------------
Optimizing NNI: done in 0.431565 secs using 98.88% CPU
Optimizing NNI: done in 0.421628 secs using 98.88% CPU
Optimizing NNI: done in 0.362835 secs using 99.59% CPU
Optimizing NNI: done in 0.395266 secs using 99.32% CPU
Estimate model parameters (epsilon = 0.100)
BETTER TREE FOUND at iteration 24: -30088.102
Optimizing NNI: done in 0.451204 secs using 99.36% CPU
Optimizing NNI: done in 0.445553 secs using 99.59% CPU
Optimizing NNI: done in 0.410794 secs using 99.32% CPU
Optimizing NNI: done in 0.30794 secs using 99.25% CPU
Optimizing NNI: done in 0.435783 secs using 99.13% CPU
Optimizing NNI: done in 0.380245 secs using 99.31% CPU
Iteration 30 / LogL: -30088.465 / Time: 0h:1m:21s (0h:0m:59s left)
Optimizing NNI: done in 0.340192 secs using 99.27% CPU
Optimizing NNI: done in 0.335545 secs using 99.51% CPU
Optimizing NNI: done in 0.330803 secs using 98.95% CPU
Optimizing NNI: done in 0.447008 secs using 98.87% CPU
Optimizing NNI: done in 0.410834 secs using 99.28% CPU
Optimizing NNI: done in 0.384806 secs using 99.07% CPU
Optimizing NNI: done in 0.308611 secs using 99.25% CPU
Optimizing NNI: done in 0.390962 secs using 99.28% CPU
Optimizing NNI: done in 0.424428 secs using 98.63% CPU
Optimizing NNI: done in 0.485314 secs using 99.58% CPU
Iteration 40 / LogL: -30088.674 / Time: 0h:1m:25s (0h:0m:47s left)
Optimizing NNI: done in 0.445144 secs using 99.36% CPU
Optimizing NNI: done in 0.34558 secs using 99.29% CPU
Optimizing NNI: done in 0.509971 secs using 99.16% CPU
Optimizing NNI: done in 0.421334 secs using 98.87% CPU
Optimizing NNI: done in 0.388762 secs using 99.56% CPU
Optimizing NNI: done in 0.349552 secs using 99.56% CPU
Optimizing NNI: done in 0.39527 secs using 99.31% CPU
Optimizing NNI: done in 0.320041 secs using 98.93% CPU
Optimizing NNI: done in 0.379883 secs using 99.31% CPU
Optimizing NNI: done in 0.487331 secs using 99.15% CPU
Iteration 50 / LogL: -30088.808 / Time: 0h:1m:29s (0h:0m:39s left)
Log-likelihood cutoff on original alignment: -30123.729
Optimizing NNI: done in 0.510982 secs using 99.37% CPU
Optimizing NNI: done in 0.351148 secs using 99.56% CPU
Optimizing NNI: done in 0.397304 secs using 99.31% CPU
Optimizing NNI: done in 0.347758 secs using 99.55% CPU
Optimizing NNI: done in 0.350926 secs using 99.56% CPU
Optimizing NNI: done in 0.33181 secs using 98.37% CPU
Optimizing NNI: done in 0.336407 secs using 99.55% CPU
Optimizing NNI: done in 0.454709 secs using 99.34% CPU
Optimizing NNI: done in 0.408256 secs using 99.57% CPU
Optimizing NNI: done in 0.35859 secs using 99.29% CPU
Iteration 60 / LogL: -30089.906 / Time: 0h:1m:33s (0h:0m:32s left)
Optimizing NNI: done in 0.417715 secs using 99.54% CPU
Optimizing NNI: done in 0.345656 secs using 99.6% CPU
Estimate model parameters (epsilon = 0.100)
BETTER TREE FOUND at iteration 62: -30085.028
Optimizing NNI: done in 0.31454 secs using 98.67% CPU
Optimizing NNI: done in 0.396283 secs using 99.28% CPU
Optimizing NNI: done in 0.471136 secs using 99.47% CPU
Optimizing NNI: done in 0.317859 secs using 99.19% CPU
Optimizing NNI: done in 0.362076 secs using 99.51% CPU
Optimizing NNI: done in 0.409785 secs using 99.06% CPU
Optimizing NNI: done in 0.374293 secs using 99.21% CPU
Optimizing NNI: done in 0.483701 secs using 99.37% CPU
Estimate model parameters (epsilon = 0.100)
UPDATE BEST LOG-LIKELIHOOD: -30084.948
Iteration 70 / LogL: -30084.948 / Time: 0h:1m:37s (0h:0m:46s left)
Optimizing NNI: done in 0.356038 secs using 99.6% CPU
Optimizing NNI: done in 0.417751 secs using 99.09% CPU
Optimizing NNI: done in 0.396405 secs using 99.54% CPU
Optimizing NNI: done in 0.423409 secs using 99.58% CPU
Optimizing NNI: done in 0.392155 secs using 99.34% CPU
Estimate model parameters (epsilon = 0.100)
BETTER TREE FOUND at iteration 75: -30084.375
Optimizing NNI: done in 0.443729 secs using 99.38% CPU
Optimizing NNI: done in 0.427248 secs using 99.11% CPU
Optimizing NNI: done in 0.420195 secs using 98.93% CPU
Optimizing NNI: done in 0.379144 secs using 99.03% CPU
Optimizing NNI: done in 0.435336 secs using 99.16% CPU
Iteration 80 / LogL: -30084.380 / Time: 0h:1m:42s (0h:0m:46s left)
Optimizing NNI: done in 0.337964 secs using 98.97% CPU
Optimizing NNI: done in 0.391849 secs using 99.09% CPU
Optimizing NNI: done in 0.488079 secs using 99.01% CPU
Optimizing NNI: done in 0.399703 secs using 99.63% CPU
Optimizing NNI: done in 0.477978 secs using 99.63% CPU
Optimizing NNI: done in 0.377112 secs using 99.37% CPU
Optimizing NNI: done in 0.364711 secs using 99.61% CPU
Optimizing NNI: done in 0.482115 secs using 99.17% CPU
Optimizing NNI: done in 0.368347 secs using 99.32% CPU
Optimizing NNI: done in 0.389054 secs using 99.33% CPU
Iteration 90 / LogL: -30085.040 / Time: 0h:1m:46s (0h:0m:40s left)
Optimizing NNI: done in 0.401892 secs using 99.58% CPU
Optimizing NNI: done in 0.511042 secs using 99.56% CPU
Optimizing NNI: done in 0.41292 secs using 99.58% CPU
Optimizing NNI: done in 0.331379 secs using 98.69% CPU
Optimizing NNI: done in 0.411869 secs using 98.85% CPU
Optimizing NNI: done in 0.406667 secs using 98.88% CPU
Optimizing NNI: done in 0.50531 secs using 99.06% CPU
Optimizing NNI: done in 0.412034 secs using 99.39% CPU
Optimizing NNI: done in 0.392245 secs using 99.4% CPU
Optimizing NNI: done in 0.413752 secs using 99.16% CPU
Iteration 100 / LogL: -30084.400 / Time: 0h:1m:50s (0h:0m:35s left)
Log-likelihood cutoff on original alignment: -30122.157
NOTE: Bootstrap correlation coefficient of split occurrence frequencies: 0.993
Optimizing NNI: done in 0.424463 secs using 98.71% CPU
Optimizing NNI: done in 0.370933 secs using 98.8% CPU
Optimizing NNI: done in 0.384555 secs using 99.61% CPU
Optimizing NNI: done in 0.386713 secs using 99.66% CPU
Optimizing NNI: done in 0.390048 secs using 98.62% CPU
Optimizing NNI: done in 0.37763 secs using 99.38% CPU
Optimizing NNI: done in 0.345927 secs using 99.36% CPU
Optimizing NNI: done in 0.377432 secs using 99.1% CPU
Optimizing NNI: done in 0.371522 secs using 99.66% CPU
Optimizing NNI: done in 0.393007 secs using 98.9% CPU
Iteration 110 / LogL: -30084.959 / Time: 0h:1m:54s (0h:0m:42s left)
Optimizing NNI: done in 0.396617 secs using 99.39% CPU
Optimizing NNI: done in 0.528316 secs using 99.46% CPU
Optimizing NNI: done in 0.322878 secs using 99.33% CPU
Optimizing NNI: done in 0.366924 secs using 99.12% CPU
Optimizing NNI: done in 0.427275 secs using 99.41% CPU
Optimizing NNI: done in 0.388824 secs using 99.31% CPU
Optimizing NNI: done in 0.369503 secs using 99.05% CPU
Optimizing NNI: done in 0.435207 secs using 99.36% CPU
Optimizing NNI: done in 0.469641 secs using 99.39% CPU
Optimizing NNI: done in 0.463793 secs using 99.33% CPU
Iteration 120 / LogL: -30086.797 / Time: 0h:1m:58s (0h:0m:37s left)
Optimizing NNI: done in 0.323469 secs using 98.98% CPU
Optimizing NNI: done in 0.367624 secs using 98.78% CPU
Optimizing NNI: done in 0.442906 secs using 98.69% CPU
Optimizing NNI: done in 0.417107 secs using 99.36% CPU
Optimizing NNI: done in 0.369719 secs using 98.78% CPU
Optimizing NNI: done in 0.335258 secs using 99.28% CPU
Optimizing NNI: done in 0.401709 secs using 98.86% CPU
Optimizing NNI: done in 0.383072 secs using 99.6% CPU
Optimizing NNI: done in 0.36592 secs using 99.07% CPU
Optimizing NNI: done in 0.335377 secs using 99.34% CPU
Iteration 130 / LogL: -30084.777 / Time: 0h:2m:2s (0h:0m:32s left)
Optimizing NNI: done in 0.389682 secs using 98.59% CPU
Optimizing NNI: done in 0.424024 secs using 99.64% CPU
Optimizing NNI: done in 0.458521 secs using 99.64% CPU
Optimizing NNI: done in 0.367945 secs using 99.37% CPU
Optimizing NNI: done in 0.385717 secs using 99.39% CPU
Optimizing NNI: done in 0.352417 secs using 99.09% CPU
Optimizing NNI: done in 0.541171 secs using 99.3% CPU
Optimizing NNI: done in 0.336429 secs using 98.92% CPU
Optimizing NNI: done in 0.44687 secs using 99.11% CPU
Optimizing NNI: done in 0.461074 secs using 99.17% CPU
Iteration 140 / LogL: -30085.054 / Time: 0h:2m:6s (0h:0m:27s left)
Optimizing NNI: done in 0.459464 secs using 99.58% CPU
Optimizing NNI: done in 0.451764 secs using 99.14% CPU
Optimizing NNI: done in 0.462957 secs using 98.46% CPU
Optimizing NNI: done in 0.425948 secs using 99.32% CPU
Optimizing NNI: done in 0.459119 secs using 99.08% CPU
Optimizing NNI: done in 0.344088 secs using 99.55% CPU
Optimizing NNI: done in 0.402108 secs using 99.32% CPU
Optimizing NNI: done in 0.352864 secs using 99.02% CPU
Optimizing NNI: done in 0.41786 secs using 98.86% CPU
Optimizing NNI: done in 0.376359 secs using 99.58% CPU
Iteration 150 / LogL: -30085.341 / Time: 0h:2m:10s (0h:0m:22s left)
Log-likelihood cutoff on original alignment: -30122.157
Optimizing NNI: done in 0.469204 secs using 98.94% CPU
Optimizing NNI: done in 0.423823 secs using 99.11% CPU
Optimizing NNI: done in 0.458349 secs using 98.14% CPU
Optimizing NNI: done in 0.400079 secs using 99.26% CPU
Optimizing NNI: done in 0.490256 secs using 98.96% CPU
Optimizing NNI: done in 0.460698 secs using 99.15% CPU
Optimizing NNI: done in 0.348733 secs using 99.56% CPU
Optimizing NNI: done in 0.410574 secs using 99.07% CPU
Optimizing NNI: done in 0.353059 secs using 99.54% CPU
Optimizing NNI: done in 0.352484 secs using 98.97% CPU
Iteration 160 / LogL: -30089.024 / Time: 0h:2m:15s (0h:0m:18s left)
Optimizing NNI: done in 0.404477 secs using 99.29% CPU
Optimizing NNI: done in 0.448761 secs using 98.42% CPU
Optimizing NNI: done in 0.450066 secs using 90.35% CPU
Optimizing NNI: done in 0.389557 secs using 99.3% CPU
Optimizing NNI: done in 0.43877 secs using 98.92% CPU
Optimizing NNI: done in 0.440981 secs using 99.38% CPU
Optimizing NNI: done in 0.343951 secs using 99.6% CPU
Optimizing NNI: done in 0.528081 secs using 99.41% CPU
Optimizing NNI: done in 0.437211 secs using 99.17% CPU
Optimizing NNI: done in 0.390855 secs using 99.6% CPU
Iteration 170 / LogL: -30088.120 / Time: 0h:2m:19s (0h:0m:13s left)
Optimizing NNI: done in 0.467456 secs using 99.11% CPU
Optimizing NNI: done in 0.504834 secs using 99.37% CPU
Optimizing NNI: done in 0.357746 secs using 99.54% CPU
Optimizing NNI: done in 0.365704 secs using 99.26% CPU
Optimizing NNI: done in 0.554146 secs using 99.4% CPU
Optimizing NNI: done in 0.437569 secs using 98.91% CPU
TREE SEARCH COMPLETED AFTER 176 ITERATIONS / Time: 0h:2m:22s

--------------------------------------------------------------------
|                    FINALIZING TREE SEARCH                        |
--------------------------------------------------------------------
Performs final model parameters optimization
Estimate model parameters (epsilon = 0.010)
1. Initial log-likelihood: -30084.375
Optimal log-likelihood: -30084.373
Rate parameters:  A-C: 1.00000  A-G: 2.65987  A-T: 1.00000  C-G: 1.00000  C-T: 3.87946  G-T: 1.00000
Base frequencies:  A: 0.277  C: 0.184  G: 0.244  T: 0.294
Proportion of invariable sites: 0.065
Gamma shape alpha: 1.746
Parameters optimization took 1 rounds (0.064 sec)
BEST SCORE FOUND : -30084.373
Creating bootstrap support values...
Split supports printed to NEXUS file results_moss_new/07_phylogeny/All/G6036.splits.nex
Total tree length: 5.052

Total number of iterations: 176
CPU time used for tree search: 73.341 sec (0h:1m:13s)
Wall-clock time used for tree search: 73.959 sec (0h:1m:13s)
Total CPU time used: 142.278 sec (0h:2m:22s)
Total wall-clock time used: 142.528 sec (0h:2m:22s)

Computing bootstrap consensus tree...
Reading input file results_moss_new/07_phylogeny/All/G6036.splits.nex...
72 taxa and 348 splits.
Consensus tree written to results_moss_new/07_phylogeny/All/G6036.contree
Reading input trees file results_moss_new/07_phylogeny/All/G6036.contree
Log-likelihood of consensus tree: -30084.374

Analysis results written to: 
  IQ-TREE report:                results_moss_new/07_phylogeny/All/G6036.iqtree
  Maximum-likelihood tree:       results_moss_new/07_phylogeny/All/G6036.treefile
  Likelihood distances:          results_moss_new/07_phylogeny/All/G6036.mldist

Ultrafast bootstrap approximation results written to:
  Split support values:          results_moss_new/07_phylogeny/All/G6036.splits.nex
  Consensus tree:                results_moss_new/07_phylogeny/All/G6036.contree
  Screen log file:               results_moss_new/07_phylogeny/All/G6036.log

Date and Time: Fri Jun 12 03:40:46 2026
