IQ-TREE version 3.0.1 for Linux x86 64-bit built Jul  9 2025
Developed by Bui Quang Minh, Thomas Wong, Nhan Ly-Trong, Huaiyan Ren
Contributed by Lam-Tung Nguyen, Dominik Schrempf, Chris Bielow,
Olga Chernomor, Michael Woodhams, Diep Thi Hoang, Heiko Schmidt

Host:    c0711a-s19.ufhpc (AVX2, FMA3, 503 GB RAM)
Command: iqtree -s results_moss_new/06_alignment/All/trimmed/G6035.trimmed.aln --prefix results_moss_new/07_phylogeny/All/G6035 -m MFP -B 1000 -T AUTO
Seed:    468110 (Using SPRNG - Scalable Parallel Random Number Generator)
Time:    Fri Jun 12 04:40:59 2026
Kernel:  AVX+FMA - auto-detect threads (8 CPU cores detected)

Reading alignment file results_moss_new/06_alignment/All/trimmed/G6035.trimmed.aln ... Fasta format detected
Reading fasta file: done in 0.000714199 secs using 74.91% CPU
Alignment most likely contains DNA/RNA sequences
Constructing alignment: done in 0.000639447 secs using 97.74% CPU
Alignment has 54 sequences with 1106 columns, 789 distinct patterns
684 parsimony-informative, 93 singleton sites, 329 constant sites
                  Gap/Ambiguity  Composition  p-value
Analyzing sequences: done in 8.45899e-05 secs using 99.3% CPU
   1  S0051_G6035_R1_A   11.39%    passed     69.82%
   2  S0039_G6035_R1_A   11.39%    passed     74.60%
   3  S0027_G6035_R1_A   13.92%    passed     84.95%
   4  S0014_G6035_R1_A   14.47%    passed     99.14%
   5  S0008_G6035_R1_A    4.34%    passed     68.37%
   6  S0009_G6035_R1_A   11.48%    passed     99.11%
   7  S0010_G6035_R1_A   11.48%    passed     99.11%
   8  S0015_G6035_R1_A   11.75%    passed     95.55%
   9  S0034_G6035_R1_A    5.97%    passed     77.23%
  10  S0031_G6035_R1_A    0.99%    passed     92.79%
  11  S0018_G6035_R1_U    0.81%    passed     93.89%
  12  S0004_G6035_R1_A    0.81%    passed     77.49%
  13  S0016_G6035_R1_A    0.81%    passed     99.30%
  14  S0019_G6035_R1_A    4.16%    passed     76.57%
  15  S0022_G6035_R1_A    3.98%    passed     99.82%
  16  S0011_G6035_R1_A    3.16%    passed     98.34%
  17  S0036_G6035_R1_U    1.72%    passed     95.54%
  18  S0020_G6035_R1_U    2.53%    passed     86.55%
  19  S0026_G6035_R1_A    2.44%    passed     81.10%
  20  S0013_G6035_R1_A    0.63%    passed     92.16%
  21  S0030_G6035_R1_A    1.08%    passed     94.65%
  22  S0012_G6035_R1_A    1.63%    passed     86.57%
  23  S0046_G6035_R1_A    1.63%    passed     98.67%
  24  S0050_G6035_R1_A    1.27%    passed     97.32%
  25  S0048_G6035_R1_A    1.27%    passed     90.19%
  26  S0021_G6035_R1_A    0.54%    passed     99.57%
  27  S0021_G6035_R2_A    0.45%    passed     99.55%
  28  S0021_G6035_R3_A    0.54%    passed     99.86%
  29  S0002_G6035_R1_A    0.99%    passed     99.10%
  30  S0017_G6035_R1_U    1.99%    passed     91.88%
  31  S0037_G6035_R1_A    1.99%    passed     99.08%
  32  S0028_G6035_R1_A    1.08%    passed     88.64%
  33  S0028_G6035_R2_A    0.36%    passed     84.61%
  34  S0023_G6035_R1_A    0.45%    passed     98.33%
  35  S0005_G6035_R1_A    3.62%    passed     88.88%
  36  S0033_G6035_R1_A    5.15%    passed     67.04%
  37  S0035_G6035_R1_A    5.06%    passed     97.12%
  38  S0006_G6035_R1_A   11.84%    passed     91.32%
  39  S0025_G6035_R1_A   21.97%    passed     55.14%
  40  S0029_G6035_R1_A   22.42%    passed     87.90%
  41  S0032_G6035_R1_N   19.44%    passed     97.09%
  42  S0024_G6035_R1_A   24.50%    passed     98.18%
  43  S0032_G6035_R2_N   25.23%    passed     82.15%
  44  S0001_G6035_R1_A   24.14%    passed     95.74%
  45  S0003_G6035_R1_N   22.24%    passed     85.41%
  46  S0045_G6035_R1_A   14.20%    passed     73.22%
  47  S0042_G6035_R1_N   14.38%    passed     66.20%
  48  S0041_G6035_R1_N   14.38%    passed     87.85%
  49  S0043_G6035_R1_N   14.38%    passed     78.22%
  50  S0044_G6035_R1_N   14.38%    passed     76.51%
  51  S0045_G6035_R2_A   14.38%    passed     75.93%
  52  S0038_G6035_R1_A   14.29%    passed     74.09%
  53  S0040_G6035_R1_N   14.38%    passed     57.95%
  54  S0047_G6035_R1_N   14.38%    passed     66.89%
****  TOTAL               8.30%  0 sequences failed composition chi2 test (p-value<5%; df=3)
NOTE: S0010_G6035_R1_A is identical to S0009_G6035_R1_A but kept for subsequent analysis
Checking for duplicate sequences: done in 0.000109496 secs using 99.55% CPU


Create initial parsimony tree by phylogenetic likelihood library (PLL)... 0.004 seconds
Measuring multi-threading efficiency up to 8 CPU cores
Increase to 10 rounds for branch lengths
145 trees examined
Threads: 1 / Time: 8.033 sec / Speedup: 1.000 / Efficiency: 100% / LogL: -24171
Threads: 2 / Time: 30.108 sec / Speedup: 0.267 / Efficiency: 13% / LogL: -24171
Determining AUTO threadcount: done in 38.142 secs using 108.2% CPU
BEST NUMBER OF THREADS: 1

Perform fast likelihood tree search using GTR+I+G model...
Estimate model parameters (epsilon = 5.000)
Perform nearest neighbor interchange...
Optimizing NNI: done in 0.0660172 secs using 99.57% CPU
Estimate model parameters (epsilon = 1.000)
1. Initial log-likelihood: -13849.282
2. Current log-likelihood: -13847.969
Optimal log-likelihood: -13846.918
Rate parameters:  A-C: 1.23497  A-G: 3.02865  A-T: 1.22582  C-G: 1.08759  C-T: 4.24475  G-T: 1.00000
Base frequencies:  A: 0.275  C: 0.204  G: 0.250  T: 0.270
Proportion of invariable sites: 0.193
Gamma shape alpha: 1.575
Parameters optimization took 2 rounds (0.081 sec)
Time for fast ML tree search: 0.423 seconds

NOTE: ModelFinder requires 16 MB RAM!
ModelFinder will test up to 968 DNA models (sample size: 1106 epsilon: 0.100) ...
 No. Model         -LnL         df  AIC          AICc         BIC
  1  JC            14759.796    105 29729.593    29751.853    30255.486
  2  JC+I          14299.609    106 28811.218    28833.925    29342.120
  3  JC+G4         14233.221    106 28678.443    28701.149    29209.344
  4  JC+I+G4       14208.485    107 28630.970    28654.128    29166.880
  5  JC+R2         14230.605    107 28675.210    28698.369    29211.120
  6  JC+R3         14213.180    109 28644.360    28668.437    29190.287
  7  JC+R4         14207.791    111 28637.582    28662.596    29193.526
 14  JC+I+R2       14209.326    108 28634.652    28658.267    29175.571
 15  JC+I+R3       14206.707    110 28633.414    28657.957    29184.350
 26  JC+I+G4       14208.485    107 28630.970    28654.128    29166.880
 36  JC+I+R2       14209.326    108 28634.652    28658.267    29175.571
 48  F81+I+G4      14208.478    107 28630.956    28654.114    29166.866
 58  F81+I+R2      14209.196    108 28634.392    28658.006    29175.310
 70  F81+F+I+G4    14201.146    110 28622.293    28646.835    29173.228
 80  F81+F+I+R2    14201.557    111 28625.114    28650.128    29181.058
 92  K2P+I+G4      13870.663    108 27957.326    27980.940    28498.244
102  K2P+I+R2      13873.115    109 27964.230    27988.306    28510.157
114  K2P+I+G4      13870.663    108 27957.326    27980.940    28498.244
124  K2P+I+R2      13873.115    109 27964.230    27988.306    28510.157
136  HKY+I+G4      13870.662    108 27957.325    27980.940    28498.243
146  HKY+I+R2      13873.074    109 27964.149    27988.225    28510.076
158  HKY+F+I+G4    13859.318    111 27940.637    27965.651    28496.581
168  HKY+F+I+R2    13861.271    112 27946.542    27972.033    28507.495
180  TNe+I+G4      13867.076    109 27952.152    27976.228    28498.079
190  TNe+I+R2      13869.932    110 27959.865    27984.408    28510.800
202  TNe+I+G4      13867.076    109 27952.152    27976.228    28498.079
212  TNe+I+R2      13869.932    110 27959.865    27984.408    28510.800
224  TN+I+G4       13867.075    109 27952.150    27976.226    28498.077
234  TN+I+R2       13869.857    110 27959.715    27984.257    28510.650
246  TN+F+I+G4     13847.804    112 27919.609    27945.099    28480.562
256  TN+F+I+R2     13851.004    113 27928.008    27953.980    28493.969
268  K3P+I+G4      13870.235    109 27958.471    27982.547    28504.398
278  K3P+I+R2      13872.626    110 27965.251    27989.794    28516.187
290  K3P+I+G4      13870.235    109 27958.471    27982.547    28504.398
300  K3P+I+R2      13872.626    110 27965.251    27989.794    28516.187
312  K3Pu+I+G4     13870.235    109 27958.471    27982.547    28504.398
322  K3Pu+I+R2     13872.614    110 27965.229    27989.771    28516.164
334  K3Pu+F+I+G4   13859.116    112 27942.231    27967.721    28503.184
344  K3Pu+F+I+R2   13861.072    113 27948.145    27974.116    28514.106
356  TPM2+I+G4     13865.547    109 27949.093    27973.170    28495.020
366  TPM2+I+R2     13868.245    110 27956.491    27981.034    28507.426
378  TPM2+I+G4     13865.547    109 27949.093    27973.170    28495.020
388  TPM2+I+R2     13868.245    110 27956.491    27981.034    28507.426
400  TPM2u+I+G4    13865.544    109 27949.089    27973.165    28495.016
410  TPM2u+I+R2    13868.238    110 27956.476    27981.019    28507.412
422  TPM2u+F+I+G4  13856.984    112 27937.967    27963.458    28498.920
432  TPM2u+F+I+R2  13859.078    113 27944.155    27970.127    28510.116
444  TPM3+I+G4     13867.303    109 27952.606    27976.683    28498.533
454  TPM3+I+R2     13869.879    110 27959.757    27984.300    28510.693
466  TPM3+I+G4     13867.303    109 27952.606    27976.683    28498.533
476  TPM3+I+R2     13869.879    110 27959.757    27984.300    28510.693
488  TPM3u+I+G4    13867.303    109 27952.605    27976.682    28498.533
498  TPM3u+I+R2    13869.847    110 27959.694    27984.236    28510.629
510  TPM3u+F+I+G4  13859.268    112 27942.536    27968.026    28503.489
520  TPM3u+F+I+R2  13861.234    113 27948.468    27974.440    28514.429
532  TIMe+I+G4     13866.648    110 27953.295    27977.838    28504.231
542  TIMe+I+R2     13869.374    111 27960.748    27985.762    28516.692
554  TIMe+I+G4     13866.648    110 27953.295    27977.838    28504.231
564  TIMe+I+R2     13869.374    111 27960.748    27985.762    28516.692
576  TIM+I+G4      13866.646    110 27953.292    27977.835    28504.228
586  TIM+I+R2      13869.350    111 27960.701    27985.715    28516.645
598  TIM+F+I+G4    13847.601    113 27921.202    27947.173    28487.163
608  TIM+F+I+R2    13850.744    114 27929.487    27955.945    28500.457
620  TIM2e+I+G4    13862.056    110 27944.111    27968.654    28495.047
630  TIM2e+I+R2    13865.076    111 27952.152    27977.166    28508.096
642  TIM2e+I+G4    13862.056    110 27944.111    27968.654    28495.047
652  TIM2e+I+R2    13865.076    111 27952.152    27977.166    28508.096
664  TIM2+I+G4     13862.054    110 27944.109    27968.651    28495.044
674  TIM2+I+R2     13865.046    111 27952.091    27977.105    28508.035
686  TIM2+F+I+G4   13845.485    113 27916.970    27942.942    28482.931
696  TIM2+F+I+R2   13848.728    114 27925.456    27951.914    28496.425
708  TIM3e+I+G4    13863.603    110 27947.205    27971.748    28498.141
718  TIM3e+I+R2    13866.464    111 27954.929    27979.943    28510.873
730  TIM3e+I+G4    13863.603    110 27947.205    27971.748    28498.141
740  TIM3e+I+R2    13866.464    111 27954.929    27979.943    28510.873
752  TIM3+I+G4     13863.600    110 27947.200    27971.743    28498.135
762  TIM3+I+R2     13866.407    111 27954.813    27979.827    28510.757
774  TIM3+F+I+G4   13847.725    113 27921.450    27947.421    28487.411
784  TIM3+F+I+R2   13850.892    114 27929.784    27956.242    28500.754
796  TVMe+I+G4     13862.086    111 27946.172    27971.186    28502.116
806  TVMe+I+R2     13864.960    112 27953.920    27979.410    28514.872
818  TVMe+I+G4     13862.086    111 27946.172    27971.186    28502.116
828  TVMe+I+R2     13864.960    112 27953.920    27979.410    28514.872
840  TVM+I+G4      13862.084    111 27946.167    27971.181    28502.111
850  TVM+I+R2      13864.942    112 27953.884    27979.375    28514.837
862  TVM+F+I+G4    13856.832    114 27941.665    27968.123    28512.634
872  TVM+F+I+R2    13858.915    115 27947.829    27974.779    28523.807
884  SYM+I+G4      13858.483    112 27940.966    27966.457    28501.919
894  SYM+I+R2      13861.567    113 27949.134    27975.106    28515.095
906  SYM+I+G4      13858.483    112 27940.966    27966.457    28501.919
916  SYM+I+R2      13861.567    113 27949.134    27975.106    28515.095
928  GTR+I+G4      13858.481    112 27940.962    27966.453    28501.915
938  GTR+I+R2      13861.538    113 27949.076    27975.047    28515.037
950  GTR+F+I+G4    13845.304    115 27920.608    27947.558    28496.586
960  GTR+F+I+R2    13848.539    116 27929.078    27956.524    28510.065
Akaike Information Criterion:           TIM2+F+I+G4
Corrected Akaike Information Criterion: TIM2+F+I+G4
Bayesian Information Criterion:         TN+F+I+G4
Best-fit model: TN+F+I+G4 chosen according to BIC

All model information printed to results_moss_new/07_phylogeny/All/G6035.model.gz
CPU time for ModelFinder: 48.186 seconds (0h:0m:48s)
Wall-clock time for ModelFinder: 45.547 seconds (0h:0m:45s)
Generating 1000 samples for ultrafast bootstrap (seed: 468110)...

NOTE: 8 MB RAM (0 GB) is required!
Estimate model parameters (epsilon = 0.100)
Thoroughly optimizing +I+G parameters from 10 start values...
Init pinv, alpha: 0.000, 1.952 / Estimate: 0.000, 0.743 / LogL: -13870.948
Init pinv, alpha: 0.033, 1.952 / Estimate: 0.223, 1.909 / LogL: -13847.835
Init pinv, alpha: 0.066, 1.952 / Estimate: 0.222, 1.894 / LogL: -13847.856
Init pinv, alpha: 0.099, 1.952 / Estimate: 0.224, 1.913 / LogL: -13847.831
Init pinv, alpha: 0.132, 1.952 / Estimate: 0.224, 1.915 / LogL: -13847.830
Init pinv, alpha: 0.165, 1.952 / Estimate: 0.223, 1.905 / LogL: -13847.841
Init pinv, alpha: 0.198, 1.952 / Estimate: 0.222, 1.896 / LogL: -13847.854
Init pinv, alpha: 0.231, 1.952 / Estimate: 0.229, 1.981 / LogL: -13847.805
Init pinv, alpha: 0.264, 1.952 / Estimate: 0.231, 2.014 / LogL: -13847.824
Init pinv, alpha: 0.297, 1.952 / Estimate: 0.230, 2.008 / LogL: -13847.820
Optimal pinv,alpha: 0.229, 1.981 / LogL: -13847.805

Parameters optimization took 2.732 sec
Wrote distance file to... 
Computing ML distances based on estimated model parameters...
Calculating distance matrix: done in 0.0108842 secs using 99.69% CPU
Computing ML distances took 0.011016 sec (of wall-clock time) 0.010983 sec (of CPU time)
Setting up auxiliary I and S matrices: done in 7.2967e-05 secs using 100% CPU
Constructing RapidNJ tree: done in 0.000170362 secs using 118% CPU
Computing RapidNJ tree took 0.000267 sec (of wall-clock time) 0.000297 sec (of CPU time)
Log-likelihood of RapidNJ tree: -13913.703
--------------------------------------------------------------------
|             INITIALIZING CANDIDATE TREE SET                      |
--------------------------------------------------------------------
Generating 98 parsimony trees... 0.397 second
Computing log-likelihood of 98 initial trees ... 0.699 seconds
Current best score: -13847.805

Do NNI search on 20 best initial trees
Optimizing NNI: done in 0.0366379 secs using 99.57% CPU
Estimate model parameters (epsilon = 0.100)
BETTER TREE FOUND at iteration 1: -13847.803
Optimizing NNI: done in 0.100315 secs using 98.59% CPU
Estimate model parameters (epsilon = 0.100)
BETTER TREE FOUND at iteration 2: -13834.228
Optimizing NNI: done in 0.10592 secs using 99.61% CPU
Optimizing NNI: done in 0.104088 secs using 99.58% CPU
Optimizing NNI: done in 0.107608 secs using 98.65% CPU
Optimizing NNI: done in 0.12201 secs using 99.45% CPU
UPDATE BEST LOG-LIKELIHOOD: -13834.227
Optimizing NNI: done in 0.107768 secs using 99.43% CPU
Optimizing NNI: done in 0.102396 secs using 99.38% CPU
Optimizing NNI: done in 0.0886113 secs using 98.51% CPU
Optimizing NNI: done in 0.107389 secs using 97.63% CPU
Iteration 10 / LogL: -13836.361 / Time: 0h:0m:50s
Optimizing NNI: done in 0.118721 secs using 99.55% CPU
Optimizing NNI: done in 0.11077 secs using 98.71% CPU
Optimizing NNI: done in 0.111697 secs using 98.67% CPU
Optimizing NNI: done in 0.122295 secs using 99.58% CPU
Optimizing NNI: done in 0.111901 secs using 99.57% CPU
Optimizing NNI: done in 0.1207 secs using 99.55% CPU
Optimizing NNI: done in 0.12011 secs using 99.53% CPU
Optimizing NNI: done in 0.150862 secs using 99.53% CPU
Optimizing NNI: done in 0.116194 secs using 97.86% CPU
Optimizing NNI: done in 0.132403 secs using 99.58% CPU
Iteration 20 / LogL: -13834.228 / Time: 0h:0m:51s
Finish initializing candidate tree set (6)
Current best tree score: -13834.227 / CPU time: 3.372
Number of iterations: 20
--------------------------------------------------------------------
|               OPTIMIZING CANDIDATE TREE SET                      |
--------------------------------------------------------------------
Optimizing NNI: done in 0.210514 secs using 98.12% CPU
Optimizing NNI: done in 0.180361 secs using 97.93% CPU
Optimizing NNI: done in 0.141383 secs using 98.89% CPU
Optimizing NNI: done in 0.154295 secs using 98.93% CPU
Optimizing NNI: done in 0.0866194 secs using 98.44% CPU
Optimizing NNI: done in 0.167614 secs using 99.57% CPU
Optimizing NNI: done in 0.185412 secs using 97.96% CPU
Optimizing NNI: done in 0.242214 secs using 99.57% CPU
Optimizing NNI: done in 0.138674 secs using 98.83% CPU
Optimizing NNI: done in 0.188418 secs using 98.94% CPU
Iteration 30 / LogL: -13834.231 / Time: 0h:0m:53s (0h:0m:19s left)
Optimizing NNI: done in 0.209327 secs using 99.57% CPU
Optimizing NNI: done in 0.237684 secs using 98.73% CPU
Optimizing NNI: done in 0.185413 secs using 99.03% CPU
Optimizing NNI: done in 0.194554 secs using 98.51% CPU
Optimizing NNI: done in 0.170238 secs using 99.55% CPU
Optimizing NNI: done in 0.151475 secs using 98.9% CPU
Optimizing NNI: done in 0.142386 secs using 98.86% CPU
Optimizing NNI: done in 0.169345 secs using 98.94% CPU
Optimizing NNI: done in 0.13066 secs using 97.87% CPU
Optimizing NNI: done in 0.162403 secs using 98.31% CPU
Iteration 40 / LogL: -13891.120 / Time: 0h:0m:55s (0h:0m:15s left)
Optimizing NNI: done in 0.146683 secs using 98.81% CPU
Optimizing NNI: done in 0.140509 secs using 99.55% CPU
Optimizing NNI: done in 0.151015 secs using 99.49% CPU
Optimizing NNI: done in 0.1478 secs using 99.34% CPU
Optimizing NNI: done in 0.16833 secs using 97.78% CPU
Optimizing NNI: done in 0.155573 secs using 96.87% CPU
Optimizing NNI: done in 0.172259 secs using 99.56% CPU
Optimizing NNI: done in 0.161414 secs using 98.97% CPU
Optimizing NNI: done in 0.138602 secs using 99.61% CPU
Optimizing NNI: done in 0.186691 secs using 99.55% CPU
Iteration 50 / LogL: -13836.353 / Time: 0h:0m:56s (0h:0m:11s left)
Log-likelihood cutoff on original alignment: -13876.602
Optimizing NNI: done in 0.178031 secs using 99.58% CPU
Optimizing NNI: done in 0.138888 secs using 97.35% CPU
Optimizing NNI: done in 0.165767 secs using 98.96% CPU
Optimizing NNI: done in 0.203566 secs using 99.57% CPU
Optimizing NNI: done in 0.174611 secs using 97.78% CPU
UPDATE BEST LOG-LIKELIHOOD: -13834.227
Optimizing NNI: done in 0.151571 secs using 98.21% CPU
Optimizing NNI: done in 0.182842 secs using 97.94% CPU
Optimizing NNI: done in 0.129514 secs using 98.79% CPU
Optimizing NNI: done in 0.190544 secs using 99.58% CPU
Optimizing NNI: done in 0.146189 secs using 97.52% CPU
Iteration 60 / LogL: -13894.535 / Time: 0h:0m:58s (0h:0m:9s left)
Optimizing NNI: done in 0.164162 secs using 99.59% CPU
Optimizing NNI: done in 0.190589 secs using 99.07% CPU
Optimizing NNI: done in 0.189852 secs using 99.49% CPU
Optimizing NNI: done in 0.181792 secs using 98.94% CPU
Optimizing NNI: done in 0.180266 secs using 98.37% CPU
Optimizing NNI: done in 0.127081 secs using 99.54% CPU
Optimizing NNI: done in 0.175123 secs using 98.44% CPU
Optimizing NNI: done in 0.0826888 secs using 99.28% CPU
Optimizing NNI: done in 0.141904 secs using 98.89% CPU
Optimizing NNI: done in 0.122011 secs using 98.77% CPU
Iteration 70 / LogL: -13834.228 / Time: 0h:1m:0s (0h:0m:6s left)
Optimizing NNI: done in 0.142883 secs using 99.55% CPU
Optimizing NNI: done in 0.16292 secs using 99.51% CPU
Optimizing NNI: done in 0.186902 secs using 98.45% CPU
Optimizing NNI: done in 0.131797 secs using 97.27% CPU
Optimizing NNI: done in 0.11401 secs using 98.69% CPU
Optimizing NNI: done in 0.227313 secs using 99.55% CPU
Optimizing NNI: done in 0.15716 secs using 99.41% CPU
Optimizing NNI: done in 0.181985 secs using 99.48% CPU
Optimizing NNI: done in 0.143922 secs using 99.57% CPU
Optimizing NNI: done in 0.192612 secs using 96.8% CPU
Iteration 80 / LogL: -13836.485 / Time: 0h:1m:1s (0h:0m:4s left)
Optimizing NNI: done in 0.240088 secs using 98.91% CPU
Optimizing NNI: done in 0.143399 secs using 99.3% CPU
Optimizing NNI: done in 0.193111 secs using 98.45% CPU
Optimizing NNI: done in 0.124662 secs using 97.15% CPU
Optimizing NNI: done in 0.204813 secs using 99.04% CPU
Optimizing NNI: done in 0.168087 secs using 99.51% CPU
Optimizing NNI: done in 0.200557 secs using 99.03% CPU
Optimizing NNI: done in 0.146508 secs using 98.15% CPU
Optimizing NNI: done in 0.183582 secs using 98.43% CPU
Optimizing NNI: done in 0.12011 secs using 98.71% CPU
Iteration 90 / LogL: -13919.694 / Time: 0h:1m:3s (0h:0m:2s left)
Optimizing NNI: done in 0.119884 secs using 99.51% CPU
Optimizing NNI: done in 0.140133 secs using 99.5% CPU
Optimizing NNI: done in 0.171439 secs using 98.97% CPU
Optimizing NNI: done in 0.131516 secs using 97.28% CPU
Optimizing NNI: done in 0.148994 secs using 99.58% CPU
Optimizing NNI: done in 0.152336 secs using 98.87% CPU
Optimizing NNI: done in 0.143229 secs using 98.74% CPU
Optimizing NNI: done in 0.172604 secs using 98.98% CPU
Optimizing NNI: done in 0.151768 secs using 98.25% CPU
Optimizing NNI: done in 0.186984 secs using 99.02% CPU
Iteration 100 / LogL: -13835.268 / Time: 0h:1m:5s (0h:0m:0s left)
Log-likelihood cutoff on original alignment: -13876.602
NOTE: Bootstrap correlation coefficient of split occurrence frequencies: 0.999
Optimizing NNI: done in 0.141925 secs using 99.61% CPU
Optimizing NNI: done in 0.179 secs using 99.59% CPU
Optimizing NNI: done in 0.211598 secs using 99.08% CPU
TREE SEARCH COMPLETED AFTER 103 ITERATIONS / Time: 0h:1m:5s

--------------------------------------------------------------------
|                    FINALIZING TREE SEARCH                        |
--------------------------------------------------------------------
Performs final model parameters optimization
Estimate model parameters (epsilon = 0.010)
1. Initial log-likelihood: -13834.227
Optimal log-likelihood: -13834.226
Rate parameters:  A-C: 1.00000  A-G: 2.67581  A-T: 1.00000  C-G: 1.00000  C-T: 3.69670  G-T: 1.00000
Base frequencies:  A: 0.275  C: 0.204  G: 0.250  T: 0.270
Proportion of invariable sites: 0.228
Gamma shape alpha: 1.992
Parameters optimization took 1 rounds (0.022 sec)
BEST SCORE FOUND : -13834.226
Creating bootstrap support values...
Split supports printed to NEXUS file results_moss_new/07_phylogeny/All/G6035.splits.nex
Total tree length: 3.522

Total number of iterations: 103
CPU time used for tree search: 17.294 sec (0h:0m:17s)
Wall-clock time used for tree search: 17.489 sec (0h:0m:17s)
Total CPU time used: 68.362 sec (0h:1m:8s)
Total wall-clock time used: 65.941 sec (0h:1m:5s)

Computing bootstrap consensus tree...
Reading input file results_moss_new/07_phylogeny/All/G6035.splits.nex...
54 taxa and 285 splits.
Consensus tree written to results_moss_new/07_phylogeny/All/G6035.contree
Reading input trees file results_moss_new/07_phylogeny/All/G6035.contree
Log-likelihood of consensus tree: -13834.273

Analysis results written to: 
  IQ-TREE report:                results_moss_new/07_phylogeny/All/G6035.iqtree
  Maximum-likelihood tree:       results_moss_new/07_phylogeny/All/G6035.treefile
  Likelihood distances:          results_moss_new/07_phylogeny/All/G6035.mldist

Ultrafast bootstrap approximation results written to:
  Split support values:          results_moss_new/07_phylogeny/All/G6035.splits.nex
  Consensus tree:                results_moss_new/07_phylogeny/All/G6035.contree
  Screen log file:               results_moss_new/07_phylogeny/All/G6035.log

Date and Time: Fri Jun 12 04:42:05 2026
