IQ-TREE version 3.0.1 for Linux x86 64-bit built Jul  9 2025
Developed by Bui Quang Minh, Thomas Wong, Nhan Ly-Trong, Huaiyan Ren
Contributed by Lam-Tung Nguyen, Dominik Schrempf, Chris Bielow,
Olga Chernomor, Michael Woodhams, Diep Thi Hoang, Heiko Schmidt

Host:    c0711a-s19.ufhpc (AVX2, FMA3, 503 GB RAM)
Command: iqtree -s results_moss_new/06_alignment/All/trimmed/G6098.trimmed.aln --prefix results_moss_new/07_phylogeny/All/G6098 -m MFP -B 1000 -T AUTO
Seed:    466607 (Using SPRNG - Scalable Parallel Random Number Generator)
Time:    Fri Jun 12 05:49:33 2026
Kernel:  AVX+FMA - auto-detect threads (8 CPU cores detected)

Reading alignment file results_moss_new/06_alignment/All/trimmed/G6098.trimmed.aln ... Fasta format detected
Reading fasta file: done in 0.00103122 secs using 84.66% CPU
Alignment most likely contains DNA/RNA sequences
Constructing alignment: done in 0.00081663 secs using 99.43% CPU
Alignment has 59 sequences with 1515 columns, 793 distinct patterns
686 parsimony-informative, 133 singleton sites, 696 constant sites
                  Gap/Ambiguity  Composition  p-value
Analyzing sequences: done in 7.5753e-05 secs using 100.3% CPU
   1  S0038_G6098_R2_A   14.85%    passed     98.86%
   2  S0047_G6098_R5_N    0.00%    passed     75.74%
   3  S0047_G6098_R6_N    0.00%    passed     74.26%
   4  S0047_G6098_R1_N    0.00%    passed     79.81%
   5  S0047_G6098_R2_N    0.00%    passed     72.51%
   6  S0047_G6098_R3_N    0.00%    passed     74.39%
   7  S0047_G6098_R4_N    0.13%    passed     79.35%
   8  S0045_G6098_R1_A    0.00%    passed     82.15%
   9  S0038_G6098_R1_A    0.00%    passed     83.97%
  10  S0043_G6098_R1_N    0.00%    passed     79.74%
  11  S0044_G6098_R1_N    0.00%    passed     78.62%
  12  S0042_G6098_R1_N    0.00%    passed     75.14%
  13  S0041_G6098_R1_N    0.00%    passed     72.02%
  14  S0045_G6098_R2_A    0.00%    passed     80.18%
  15  S0040_G6098_R1_N    0.00%    passed     83.15%
  16  S0035_G6098_R1_A   15.45%    passed     87.43%
  17  S0006_G6098_R1_A   15.71%    passed     53.88%
  18  S0027_G6098_R1_A   15.45%    passed     73.91%
  19  S0014_G6098_R1_A   15.45%    passed     88.04%
  20  S0015_G6098_R1_A   15.12%    passed     74.24%
  21  S0008_G6098_R1_A   15.12%    passed     93.57%
  22  S0039_G6098_R1_A   16.04%    failed      0.07%
  23  S0051_G6098_R1_A   16.04%    failed      0.10%
  24  S0004_G6098_R1_A    0.00%    passed     98.55%
  25  S0017_G6098_R1_A    0.00%    passed     95.61%
  26  S0016_G6098_R1_A    0.00%    passed     93.73%
  27  S0031_G6098_R1_A    0.00%    passed     99.69%
  28  S0019_G6098_R1_A    0.00%    passed     96.95%
  29  S0028_G6098_R1_A    0.00%    passed     99.49%
  30  S0023_G6098_R1_A    0.00%    passed     98.95%
  31  S0022_G6098_R1_A    0.00%    passed     97.84%
  32  S0030_G6098_R1_A    0.00%    passed     98.32%
  33  S0046_G6098_R1_A    0.00%    passed     96.87%
  34  S0020_G6098_R1_A    0.00%    passed     94.44%
  35  S0026_G6098_R1_A    0.00%    passed     98.49%
  36  S0021_G6098_R1_A    0.00%    passed     99.97%
  37  S0013_G6098_R1_A    0.00%    passed     96.59%
  38  S0002_G6098_R1_A    0.40%    passed     99.95%
  39  S0036_G6098_R1_A    0.40%    passed     99.85%
  40  S0048_G6098_R1_A    0.00%    passed     94.07%
  41  S0050_G6098_R1_A    0.00%    passed     98.96%
  42  S0011_G6098_R1_A    0.00%    passed     99.90%
  43  S0037_G6098_R1_A    0.00%    passed     91.55%
  44  S0012_G6098_R1_A    0.00%    passed     99.21%
  45  S0018_G6098_R1_A    0.00%    passed     99.98%
  46  S0005_G6098_R1_A    0.00%    passed     99.16%
  47  S0033_G6098_R1_A    0.00%    passed     92.66%
  48  S0034_G6098_R1_A    0.00%    passed     83.45%
  49  S0009_G6098_R1_A    0.00%    passed     86.45%
  50  S0010_G6098_R1_A    0.00%    passed     86.45%
  51  S0001_G6098_R1_A   13.27%    passed     83.24%
  52  S0024_G6098_R1_A   12.81%    passed     78.17%
  53  S0032_G6098_R2_N   13.86%    passed     82.89%
  54  S0032_G6098_R1_N   14.06%    passed     79.53%
  55  S0025_G6098_R1_U   14.46%    passed     96.27%
  56  S0029_G6098_R1_U   14.32%    passed     93.32%
  57  S0049_G6098_R1_A   20.73%    passed     35.80%
  58  S0049_G6098_R2_A    0.86%    passed     56.09%
  59  S0003_G6098_R1_N    1.06%    passed     50.58%
****  TOTAL               4.16%  2 sequences failed composition chi2 test (p-value<5%; df=3)
NOTE: S0010_G6098_R1_A is identical to S0009_G6098_R1_A but kept for subsequent analysis
Checking for duplicate sequences: done in 0.000115548 secs using 99.53% CPU


Create initial parsimony tree by phylogenetic likelihood library (PLL)... 0.017 seconds
Measuring multi-threading efficiency up to 8 CPU cores
Increase to 10 rounds for branch lengths
134 trees examined
Threads: 1 / Time: 8.051 sec / Speedup: 1.000 / Efficiency: 100% / LogL: -30313
Threads: 2 / Time: 11.268 sec / Speedup: 0.714 / Efficiency: 36% / LogL: -30313
Determining AUTO threadcount: done in 19.3188 secs using 154.8% CPU
BEST NUMBER OF THREADS: 1

Perform fast likelihood tree search using GTR+I+G model...
Estimate model parameters (epsilon = 5.000)
Perform nearest neighbor interchange...
Optimizing NNI: done in 0.0849969 secs using 99.42% CPU
Estimate model parameters (epsilon = 1.000)
1. Initial log-likelihood: -13830.644
Optimal log-likelihood: -13830.531
Rate parameters:  A-C: 0.90301  A-G: 3.87153  A-T: 1.29986  C-G: 0.98875  C-T: 5.57676  G-T: 1.00000
Base frequencies:  A: 0.246  C: 0.228  G: 0.272  T: 0.254
Proportion of invariable sites: 0.227
Gamma shape alpha: 0.797
Parameters optimization took 1 rounds (0.036 sec)
Time for fast ML tree search: 0.329 seconds

NOTE: ModelFinder requires 18 MB RAM!
ModelFinder will test up to 968 DNA models (sample size: 1515 epsilon: 0.100) ...
 No. Model         -LnL         df  AIC          AICc         BIC
  1  JC            15134.008    115 30498.016    30517.087    31110.181
  2  JC+I          14499.785    116 29231.570    29250.986    29849.057
  3  JC+G4         14383.103    116 28998.206    29017.622    29615.694
  4  JC+I+G4       14379.574    117 28993.149    29012.914    29615.960
  5  JC+R2         14393.988    117 29021.977    29041.742    29644.788
  6  JC+R3         14377.352    119 28992.705    29013.178    29626.162
  7  JC+R4         14376.430    121 28994.860    29016.055    29638.964
 14  JC+I+R2       14381.355    118 28998.710    29018.828    29626.845
 15  JC+I+R3       14377.359    120 28994.717    29015.550    29633.498
 25  JC+G4         14383.103    116 28998.206    29017.622    29615.694
 26  JC+I+G4       14379.575    117 28993.149    29012.914    29615.960
 47  F81+G4        14383.103    116 28998.207    29017.623    29615.695
 48  F81+I+G4      14379.524    117 28993.049    29012.814    29615.860
 69  F81+F+G4      14384.097    119 29006.194    29026.667    29639.651
 70  F81+F+I+G4    14380.415    120 29000.830    29021.662    29639.611
 91  K2P+G4        13856.734    117 27947.468    27967.233    28570.279
 92  K2P+I+G4      13852.287    118 27940.574    27960.692    28568.709
113  K2P+G4        13856.734    117 27947.468    27967.233    28570.279
114  K2P+I+G4      13852.287    118 27940.574    27960.692    28568.709
135  HKY+G4        13856.736    117 27947.471    27967.236    28570.282
136  HKY+I+G4      13852.280    118 27940.561    27960.678    28568.695
157  HKY+F+G4      13852.945    120 27945.891    27966.723    28584.671
158  HKY+F+I+G4    13848.965    121 27939.930    27961.124    28584.033
179  TNe+G4        13851.014    118 27938.028    27958.146    28566.162
180  TNe+I+G4      13845.190    119 27928.380    27948.853    28561.837
201  TNe+G4        13851.014    118 27938.028    27958.146    28566.162
202  TNe+I+G4      13845.190    119 27928.380    27948.853    28561.837
223  TN+G4         13851.018    118 27938.037    27958.154    28566.171
224  TN+I+G4       13845.171    119 27928.341    27948.814    28561.798
245  TN+F+G4       13840.954    121 27923.908    27945.103    28568.012
246  TN+F+I+G4     13835.235    122 27914.470    27936.030    28563.896
267  K3P+G4        13855.001    118 27946.002    27966.120    28574.136
268  K3P+I+G4      13850.475    119 27938.951    27959.424    28572.408
289  K3P+G4        13855.001    118 27946.002    27966.120    28574.136
290  K3P+I+G4      13850.475    119 27938.951    27959.424    28572.408
311  K3Pu+G4       13855.005    118 27946.010    27966.127    28574.144
312  K3Pu+I+G4     13850.469    119 27938.938    27959.411    28572.395
333  K3Pu+F+G4     13851.031    121 27944.062    27965.257    28588.166
334  K3Pu+F+I+G4   13846.973    122 27937.947    27959.507    28587.374
355  TPM2+G4       13856.697    118 27949.393    27969.510    28577.527
356  TPM2+I+G4     13852.193    119 27942.385    27962.858    28575.843
377  TPM2+G4       13856.697    118 27949.393    27969.510    28577.527
378  TPM2+I+G4     13852.193    119 27942.385    27962.858    28575.843
399  TPM2u+G4      13856.701    118 27949.403    27969.520    28577.537
400  TPM2u+I+G4    13852.186    119 27942.372    27962.845    28575.830
421  TPM2u+F+G4    13852.125    121 27946.249    27967.444    28590.353
422  TPM2u+F+I+G4  13848.015    122 27940.030    27961.591    28589.457
443  TPM3+G4       13852.312    118 27940.624    27960.741    28568.758
444  TPM3+I+G4     13847.138    119 27932.277    27952.750    28565.734
465  TPM3+G4       13852.312    118 27940.624    27960.741    28568.758
466  TPM3+I+G4     13847.138    119 27932.277    27952.750    28565.734
487  TPM3u+G4      13852.305    118 27940.610    27960.728    28568.744
488  TPM3u+I+G4    13847.095    119 27932.190    27952.663    28565.647
509  TPM3u+F+G4    13851.159    121 27944.319    27965.514    28588.423
510  TPM3u+F+I+G4  13846.699    122 27937.397    27958.958    28586.824
531  TIMe+G4       13849.294    119 27936.588    27957.061    28570.045
532  TIMe+I+G4     13843.287    120 27926.575    27947.407    28565.355
553  TIMe+G4       13849.294    119 27936.588    27957.061    28570.045
554  TIMe+I+G4     13843.287    120 27926.575    27947.407    28565.355
575  TIM+G4        13849.299    119 27936.597    27957.070    28570.055
576  TIM+I+G4      13843.273    120 27926.546    27947.378    28565.326
597  TIM+F+G4      13839.023    122 27922.045    27943.606    28571.472
598  TIM+F+I+G4    13833.210    123 27912.420    27934.350    28567.170
619  TIM2e+G4      13850.960    119 27939.919    27960.393    28573.377
620  TIM2e+I+G4    13845.017    120 27930.035    27950.867    28568.815
641  TIM2e+G4      13850.960    119 27939.919    27960.393    28573.377
642  TIM2e+I+G4    13845.017    120 27930.035    27950.867    28568.815
663  TIM2+G4       13850.961    119 27939.922    27960.395    28573.379
664  TIM2+I+G4     13845.000    120 27930.000    27950.832    28568.781
685  TIM2+F+G4     13840.067    122 27924.134    27945.694    28573.561
686  TIM2+F+I+G4   13834.200    123 27914.400    27936.329    28569.150
707  TIM3e+G4      13846.717    119 27931.434    27951.908    28564.892
708  TIM3e+I+G4    13840.038    120 27920.077    27940.909    28558.857
729  TIM3e+G4      13846.717    119 27931.434    27951.908    28564.892
730  TIM3e+I+G4    13840.038    120 27920.077    27940.909    28558.857
751  TIM3+G4       13846.711    119 27931.421    27951.894    28564.878
752  TIM3+I+G4     13839.937    120 27919.874    27940.706    28558.654
773  TIM3+F+G4     13839.394    122 27922.788    27944.348    28572.214
774  TIM3+F+I+G4   13833.175    123 27912.350    27934.280    28567.100
795  TVMe+G4       13850.409    120 27940.819    27961.651    28579.599
796  TVMe+I+G4     13845.080    121 27932.160    27953.355    28576.264
817  TVMe+G4       13850.409    120 27940.819    27961.651    28579.599
818  TVMe+I+G4     13845.080    121 27932.160    27953.355    28576.264
839  TVM+G4        13850.411    120 27940.821    27961.654    28579.602
840  TVM+I+G4      13845.067    121 27932.133    27953.328    28576.237
861  TVM+F+G4      13848.452    123 27942.904    27964.833    28597.654
862  TVM+F+I+G4    13843.802    124 27935.604    27957.906    28595.677
883  SYM+G4        13844.801    121 27931.601    27952.796    28575.705
884  SYM+I+G4      13837.840    122 27919.680    27941.241    28569.107
905  SYM+G4        13844.801    121 27931.601    27952.796    28575.705
906  SYM+I+G4      13837.840    122 27919.680    27941.241    28569.107
927  GTR+G4        13844.801    121 27931.601    27952.796    28575.705
928  GTR+I+G4      13837.757    122 27919.513    27941.074    28568.940
949  GTR+F+G4      13836.635    124 27921.271    27943.573    28581.344
950  GTR+F+I+G4    13830.189    125 27910.378    27933.056    28575.774
Akaike Information Criterion:           GTR+F+I+G4
Corrected Akaike Information Criterion: GTR+F+I+G4
Bayesian Information Criterion:         TIM3+I+G4
Best-fit model: TIM3+I+G4 chosen according to BIC

All model information printed to results_moss_new/07_phylogeny/All/G6098.model.gz
CPU time for ModelFinder: 37.272 seconds (0h:0m:37s)
Wall-clock time for ModelFinder: 26.770 seconds (0h:0m:26s)
Generating 1000 samples for ultrafast bootstrap (seed: 466607)...

NOTE: 9 MB RAM (0 GB) is required!
Estimate model parameters (epsilon = 0.100)
Thoroughly optimizing +I+G parameters from 10 start values...
Init pinv, alpha: 0.000, 0.841 / Estimate: 0.000, 0.438 / LogL: -13839.397
Init pinv, alpha: 0.051, 0.841 / Estimate: 0.055, 0.492 / LogL: -13837.988
Init pinv, alpha: 0.102, 0.841 / Estimate: 0.110, 0.562 / LogL: -13836.510
Init pinv, alpha: 0.153, 0.841 / Estimate: 0.163, 0.648 / LogL: -13835.042
Init pinv, alpha: 0.204, 0.841 / Estimate: 0.213, 0.758 / LogL: -13833.734
Init pinv, alpha: 0.255, 0.841 / Estimate: 0.257, 0.890 / LogL: -13832.865
Init pinv, alpha: 0.306, 0.841 / Estimate: 0.298, 1.055 / LogL: -13832.672
Init pinv, alpha: 0.357, 0.841 / Estimate: 0.316, 1.153 / LogL: -13832.965
Init pinv, alpha: 0.408, 0.841 / Estimate: 0.317, 1.155 / LogL: -13832.974
Init pinv, alpha: 0.459, 0.841 / Estimate: 0.317, 1.155 / LogL: -13832.978
Optimal pinv,alpha: 0.298, 1.055 / LogL: -13832.672

Parameters optimization took 1.610 sec
Wrote distance file to... 
Computing ML distances based on estimated model parameters...
Calculating distance matrix: done in 0.0145857 secs using 99.44% CPU
Computing ML distances took 0.014722 sec (of wall-clock time) 0.014642 sec (of CPU time)
Setting up auxiliary I and S matrices: done in 0.000129013 secs using 125.6% CPU
Constructing RapidNJ tree: done in 0.000247437 secs using 118% CPU
Computing RapidNJ tree took 0.000436 sec (of wall-clock time) 0.000532 sec (of CPU time)
Log-likelihood of RapidNJ tree: -13955.923
--------------------------------------------------------------------
|             INITIALIZING CANDIDATE TREE SET                      |
--------------------------------------------------------------------
Generating 98 parsimony trees... 0.410 second
Computing log-likelihood of 98 initial trees ... 0.687 seconds
Current best score: -13832.672

Do NNI search on 20 best initial trees
Optimizing NNI: done in 0.0490864 secs using 97.19% CPU
Estimate model parameters (epsilon = 0.100)
BETTER TREE FOUND at iteration 1: -13832.665
Optimizing NNI: done in 0.114771 secs using 99.47% CPU
Optimizing NNI: done in 0.10475 secs using 99.24% CPU
Estimate model parameters (epsilon = 0.100)
BETTER TREE FOUND at iteration 3: -13831.537
Optimizing NNI: done in 0.119771 secs using 98.28% CPU
Optimizing NNI: done in 0.106507 secs using 99.18% CPU
Optimizing NNI: done in 0.108588 secs using 98.58% CPU
Optimizing NNI: done in 0.106706 secs using 99.13% CPU
Optimizing NNI: done in 0.104003 secs using 97.43% CPU
Optimizing NNI: done in 0.123279 secs using 99.43% CPU
Optimizing NNI: done in 0.107615 secs using 99.48% CPU
Iteration 10 / LogL: -13833.006 / Time: 0h:0m:30s
Optimizing NNI: done in 0.109103 secs using 99.33% CPU
Optimizing NNI: done in 0.107169 secs using 99.43% CPU
Estimate model parameters (epsilon = 0.100)
BETTER TREE FOUND at iteration 12: -13831.365
Optimizing NNI: done in 0.112805 secs using 99.33% CPU
Optimizing NNI: done in 0.108341 secs using 98.47% CPU
Optimizing NNI: done in 0.111293 secs using 99.43% CPU
Optimizing NNI: done in 0.119518 secs using 99.13% CPU
Optimizing NNI: done in 0.125054 secs using 98.61% CPU
Optimizing NNI: done in 0.114562 secs using 99.25% CPU
Optimizing NNI: done in 0.109382 secs using 99.41% CPU
Optimizing NNI: done in 0.107759 secs using 99.42% CPU
Iteration 20 / LogL: -13833.782 / Time: 0h:0m:31s
Finish initializing candidate tree set (10)
Current best tree score: -13831.365 / CPU time: 3.377
Number of iterations: 20
--------------------------------------------------------------------
|               OPTIMIZING CANDIDATE TREE SET                      |
--------------------------------------------------------------------
Optimizing NNI: done in 0.188668 secs using 98.88% CPU
Optimizing NNI: done in 0.158428 secs using 98.76% CPU
Optimizing NNI: done in 0.132039 secs using 99.37% CPU
Optimizing NNI: done in 0.159901 secs using 98.58% CPU
Optimizing NNI: done in 0.174346 secs using 98.89% CPU
Optimizing NNI: done in 0.28005 secs using 98.65% CPU
Optimizing NNI: done in 0.18215 secs using 98.78% CPU
Optimizing NNI: done in 0.179554 secs using 98.29% CPU
Optimizing NNI: done in 0.158793 secs using 99.41% CPU
Optimizing NNI: done in 0.170883 secs using 98.79% CPU
Iteration 30 / LogL: -13831.373 / Time: 0h:0m:33s (0h:0m:19s left)
Optimizing NNI: done in 0.189036 secs using 99.46% CPU
Optimizing NNI: done in 0.182929 secs using 98.33% CPU
Optimizing NNI: done in 0.130033 secs using 99.42% CPU
Optimizing NNI: done in 0.147457 secs using 98.79% CPU
Optimizing NNI: done in 0.131016 secs using 99.43% CPU
Optimizing NNI: done in 0.163162 secs using 98.85% CPU
Optimizing NNI: done in 0.177901 secs using 98.31% CPU
Optimizing NNI: done in 0.154538 secs using 98.79% CPU
Optimizing NNI: done in 0.147387 secs using 98.09% CPU
Optimizing NNI: done in 0.143274 secs using 98.03% CPU
Iteration 40 / LogL: -13831.557 / Time: 0h:0m:35s (0h:0m:15s left)
Optimizing NNI: done in 0.196393 secs using 98.95% CPU
Optimizing NNI: done in 0.148607 secs using 96.74% CPU
Optimizing NNI: done in 0.163938 secs using 99.43% CPU
Optimizing NNI: done in 0.201384 secs using 98.44% CPU
Optimizing NNI: done in 0.169951 secs using 97.63% CPU
Optimizing NNI: done in 0.159913 secs using 98.8% CPU
Optimizing NNI: done in 0.16631 secs using 99.46% CPU
Optimizing NNI: done in 0.153815 secs using 99.45% CPU
Optimizing NNI: done in 0.154864 secs using 98.83% CPU
Optimizing NNI: done in 0.174502 secs using 98.92% CPU
Iteration 50 / LogL: -13834.539 / Time: 0h:0m:36s (0h:0m:12s left)
Log-likelihood cutoff on original alignment: -13862.663
Optimizing NNI: done in 0.142449 secs using 98.04% CPU
Optimizing NNI: done in 0.177808 secs using 98.38% CPU
Optimizing NNI: done in 0.191374 secs using 99.48% CPU
Optimizing NNI: done in 0.202617 secs using 98.03% CPU
Optimizing NNI: done in 0.14863 secs using 98.16% CPU
Optimizing NNI: done in 0.13098 secs using 99.54% CPU
Optimizing NNI: done in 0.137734 secs using 98.02% CPU
Optimizing NNI: done in 0.158396 secs using 97.57% CPU
Optimizing NNI: done in 0.136855 secs using 99.49% CPU
Optimizing NNI: done in 0.16802 secs using 98.93% CPU
Iteration 60 / LogL: -13834.436 / Time: 0h:0m:38s (0h:0m:10s left)
Optimizing NNI: done in 0.16797 secs using 98.9% CPU
Optimizing NNI: done in 0.177669 secs using 97.84% CPU
Optimizing NNI: done in 0.139413 secs using 99.57% CPU
Optimizing NNI: done in 0.181283 secs using 98.43% CPU
Optimizing NNI: done in 0.126281 secs using 99.51% CPU
Optimizing NNI: done in 0.153493 secs using 99.58% CPU
Optimizing NNI: done in 0.171155 secs using 99.58% CPU
Optimizing NNI: done in 0.147439 secs using 98.94% CPU
Optimizing NNI: done in 0.193324 secs using 97.51% CPU
Optimizing NNI: done in 0.160414 secs using 98.34% CPU
Iteration 70 / LogL: -13831.479 / Time: 0h:0m:40s (0h:0m:8s left)
Optimizing NNI: done in 0.177952 secs using 99.54% CPU
Optimizing NNI: done in 0.13642 secs using 99.57% CPU
Optimizing NNI: done in 0.175546 secs using 99.03% CPU
Optimizing NNI: done in 0.148419 secs using 96.88% CPU
Optimizing NNI: done in 0.197965 secs using 98.96% CPU
Optimizing NNI: done in 0.184582 secs using 98.97% CPU
Optimizing NNI: done in 0.11027 secs using 99.52% CPU
Optimizing NNI: done in 0.211606 secs using 98.15% CPU
Optimizing NNI: done in 0.182064 secs using 98.5% CPU
Optimizing NNI: done in 0.155788 secs using 98.27% CPU
Iteration 80 / LogL: -13832.377 / Time: 0h:0m:42s (0h:0m:6s left)
Optimizing NNI: done in 0.16901 secs using 98.41% CPU
Optimizing NNI: done in 0.154648 secs using 98.3% CPU
Optimizing NNI: done in 0.201311 secs using 98% CPU
Optimizing NNI: done in 0.147159 secs using 98.14% CPU
Optimizing NNI: done in 0.162958 secs using 98.92% CPU
Optimizing NNI: done in 0.202275 secs using 98.05% CPU
Optimizing NNI: done in 0.147635 secs using 98.82% CPU
Optimizing NNI: done in 0.139773 secs using 98.78% CPU
Optimizing NNI: done in 0.163455 secs using 98.89% CPU
Optimizing NNI: done in 0.161634 secs using 98.91% CPU
Iteration 90 / LogL: -13831.678 / Time: 0h:0m:43s (0h:0m:4s left)
Optimizing NNI: done in 0.169479 secs using 97.16% CPU
Optimizing NNI: done in 0.164704 secs using 99.52% CPU
Optimizing NNI: done in 0.131484 secs using 97.99% CPU
Optimizing NNI: done in 0.191854 secs using 99.04% CPU
Optimizing NNI: done in 0.198876 secs using 98.53% CPU
Optimizing NNI: done in 0.144802 secs using 98.13% CPU
Optimizing NNI: done in 0.143439 secs using 98.17% CPU
Optimizing NNI: done in 0.214908 secs using 98.64% CPU
Optimizing NNI: done in 0.149431 secs using 98.87% CPU
Optimizing NNI: done in 0.15661 secs using 99.56% CPU
Iteration 100 / LogL: -13831.677 / Time: 0h:0m:45s (0h:0m:2s left)
Log-likelihood cutoff on original alignment: -13862.663
NOTE: Bootstrap correlation coefficient of split occurrence frequencies: 0.999
Optimizing NNI: done in 0.165376 secs using 99.51% CPU
Optimizing NNI: done in 0.177711 secs using 99.54% CPU
Optimizing NNI: done in 0.194958 secs using 99.04% CPU
Optimizing NNI: done in 0.170617 secs using 99.51% CPU
Optimizing NNI: done in 0.183851 secs using 98.96% CPU
Optimizing NNI: done in 0.187379 secs using 99.48% CPU
Optimizing NNI: done in 0.176138 secs using 99.48% CPU
Optimizing NNI: done in 0.150644 secs using 99.51% CPU
Optimizing NNI: done in 0.141688 secs using 97.41% CPU
Optimizing NNI: done in 0.189183 secs using 98.96% CPU
Iteration 110 / LogL: -13833.581 / Time: 0h:0m:47s (0h:0m:16s left)
Optimizing NNI: done in 0.14921 secs using 96.83% CPU
Optimizing NNI: done in 0.225184 secs using 99.51% CPU
Optimizing NNI: done in 0.155046 secs using 98.91% CPU
TREE SEARCH COMPLETED AFTER 113 ITERATIONS / Time: 0h:0m:47s

--------------------------------------------------------------------
|                    FINALIZING TREE SEARCH                        |
--------------------------------------------------------------------
Performs final model parameters optimization
Estimate model parameters (epsilon = 0.010)
1. Initial log-likelihood: -13831.365
Optimal log-likelihood: -13831.362
Rate parameters:  A-C: 0.81986  A-G: 3.35587  A-T: 1.00000  C-G: 0.81986  C-T: 4.88447  G-T: 1.00000
Base frequencies:  A: 0.246  C: 0.228  G: 0.272  T: 0.254
Proportion of invariable sites: 0.294
Gamma shape alpha: 1.037
Parameters optimization took 1 rounds (0.027 sec)
BEST SCORE FOUND : -13831.362
Creating bootstrap support values...
Split supports printed to NEXUS file results_moss_new/07_phylogeny/All/G6098.splits.nex
Total tree length: 2.277

Total number of iterations: 113
CPU time used for tree search: 19.160 sec (0h:0m:19s)
Wall-clock time used for tree search: 19.403 sec (0h:0m:19s)
Total CPU time used: 58.206 sec (0h:0m:58s)
Total wall-clock time used: 47.961 sec (0h:0m:47s)

Computing bootstrap consensus tree...
Reading input file results_moss_new/07_phylogeny/All/G6098.splits.nex...
59 taxa and 294 splits.
Consensus tree written to results_moss_new/07_phylogeny/All/G6098.contree
Reading input trees file results_moss_new/07_phylogeny/All/G6098.contree
Log-likelihood of consensus tree: -13833.721

Analysis results written to: 
  IQ-TREE report:                results_moss_new/07_phylogeny/All/G6098.iqtree
  Maximum-likelihood tree:       results_moss_new/07_phylogeny/All/G6098.treefile
  Likelihood distances:          results_moss_new/07_phylogeny/All/G6098.mldist

Ultrafast bootstrap approximation results written to:
  Split support values:          results_moss_new/07_phylogeny/All/G6098.splits.nex
  Consensus tree:                results_moss_new/07_phylogeny/All/G6098.contree
  Screen log file:               results_moss_new/07_phylogeny/All/G6098.log

Date and Time: Fri Jun 12 05:50:21 2026
