IQ-TREE version 3.0.1 for Linux x86 64-bit built Jul  9 2025
Developed by Bui Quang Minh, Thomas Wong, Nhan Ly-Trong, Huaiyan Ren
Contributed by Lam-Tung Nguyen, Dominik Schrempf, Chris Bielow,
Olga Chernomor, Michael Woodhams, Diep Thi Hoang, Heiko Schmidt

Host:    c0711a-s19.ufhpc (AVX2, FMA3, 503 GB RAM)
Command: iqtree -s results_moss_new/06_alignment/All/trimmed/G6238.trimmed.aln --prefix results_moss_new/07_phylogeny/All/G6238 -m MFP -B 1000 -T AUTO
Seed:    992614 (Using SPRNG - Scalable Parallel Random Number Generator)
Time:    Fri Jun 12 06:43:39 2026
Kernel:  AVX+FMA - auto-detect threads (8 CPU cores detected)

Reading alignment file results_moss_new/06_alignment/All/trimmed/G6238.trimmed.aln ... Fasta format detected
Reading fasta file: done in 0.000914005 secs using 97.59% CPU
Alignment most likely contains DNA/RNA sequences
Constructing alignment: done in 0.000997092 secs using 54.66% CPU
Alignment has 51 sequences with 1463 columns, 1225 distinct patterns
976 parsimony-informative, 212 singleton sites, 275 constant sites
                  Gap/Ambiguity  Composition  p-value
Analyzing sequences: done in 9.33961e-05 secs using 99.58% CPU
   1  S0039_G6238_R1_A   28.71%    passed     12.44%
   2  S0051_G6238_R1_A   32.33%    passed     23.87%
   3  S0027_G6238_R1_A   21.94%    passed     91.30%
   4  S0027_G6238_R2_A   21.94%    passed     92.59%
   5  S0014_G6238_R1_A   46.21%    passed     78.85%
   6  S0010_G6238_R1_A   30.35%    passed     43.73%
   7  S0009_G6238_R1_A   31.31%    passed     29.50%
   8  S0015_G6238_R1_A   40.40%    passed     99.89%
   9  S0034_G6238_R1_A   41.76%    passed     24.64%
  10  S0008_G6238_R1_A   23.65%    passed     17.82%
  11  S0033_G6238_R1_A   34.65%    failed      0.56%
  12  S0005_G6238_R1_A   14.08%    passed     69.86%
  13  S0006_G6238_R1_A   29.12%    passed     47.10%
  14  S0031_G6238_R1_A    5.19%    passed     71.74%
  15  S0018_G6238_R1_A    5.54%    passed     70.99%
  16  S0004_G6238_R1_A    4.92%    passed     92.46%
  17  S0016_G6238_R1_A    5.13%    passed     98.81%
  18  S0030_G6238_R1_A    4.85%    passed     87.66%
  19  S0028_G6238_R1_A    4.92%    passed     39.90%
  20  S0021_G6238_R1_A    6.70%    passed     19.36%
  21  S0046_G6238_R1_A    5.26%    passed     50.43%
  22  S0023_G6238_R1_A    4.10%    passed     58.62%
  23  S0026_G6238_R1_A    8.00%    passed     61.25%
  24  S0013_G6238_R1_A    6.49%    passed     35.05%
  25  S0050_G6238_R1_A    5.19%    passed     53.86%
  26  S0048_G6238_R1_A   11.83%    passed     26.70%
  27  S0002_G6238_R1_A    7.93%    passed     27.70%
  28  S0011_G6238_R1_A    5.88%    passed     77.50%
  29  S0036_G6238_R1_U    8.54%    passed     28.31%
  30  S0019_G6238_R1_A    7.18%    passed     91.58%
  31  S0022_G6238_R1_A    5.13%    passed     95.21%
  32  S0021_G6238_R2_A    6.49%    passed     57.40%
  33  S0020_G6238_R1_A    6.56%    passed     82.18%
  34  S0017_G6238_R1_A    5.13%    passed     94.56%
  35  S0025_G6238_R1_A   32.13%    passed     83.99%
  36  S0029_G6238_R1_A   31.17%    passed     93.16%
  37  S0032_G6238_R1_N   31.24%    passed     66.51%
  38  S0024_G6238_R1_A   31.31%    passed     27.32%
  39  S0032_G6238_R2_N   31.44%    passed     35.36%
  40  S0001_G6238_R1_A   36.43%    passed     91.10%
  41  S0049_G6238_R1_A   29.19%    passed      9.42%
  42  S0003_G6238_R1_N   24.81%    failed      0.03%
  43  S0047_G6238_R1_N   26.66%    passed      5.63%
  44  S0042_G6238_R1_N   24.74%    failed      4.86%
  45  S0041_G6238_R1_N   22.42%    failed      4.37%
  46  S0045_G6238_R1_A   22.62%    failed      2.91%
  47  S0044_G6238_R1_N   27.41%    passed      7.92%
  48  S0045_G6238_R2_A   27.07%    passed      5.80%
  49  S0038_G6238_R1_A   26.04%    failed      1.93%
  50  S0043_G6238_R1_N   28.43%    failed      2.58%
  51  S0040_G6238_R1_N   23.86%    failed      3.57%
****  TOTAL              19.69%  8 sequences failed composition chi2 test (p-value<5%; df=3)
Checking for duplicate sequences: done in 0.000137369 secs using 99.73% CPU


Create initial parsimony tree by phylogenetic likelihood library (PLL)... 0.004 seconds
Measuring multi-threading efficiency up to 8 CPU cores
Increase to 10 rounds for branch lengths
99 trees examined
Threads: 1 / Time: 8.021 sec / Speedup: 1.000 / Efficiency: 100% / LogL: -33783
Threads: 2 / Time: 22.460 sec / Speedup: 0.357 / Efficiency: 18% / LogL: -33783
Determining AUTO threadcount: done in 30.4819 secs using 110.4% CPU
BEST NUMBER OF THREADS: 1

Perform fast likelihood tree search using GTR+I+G model...
Estimate model parameters (epsilon = 5.000)
Perform nearest neighbor interchange...
Optimizing NNI: done in 0.0727768 secs using 98.17% CPU
Estimate model parameters (epsilon = 1.000)
1. Initial log-likelihood: -22180.912
Optimal log-likelihood: -22180.398
Rate parameters:  A-C: 1.07781  A-G: 3.17169  A-T: 1.41439  C-G: 0.91859  C-T: 3.29544  G-T: 1.00000
Base frequencies:  A: 0.243  C: 0.240  G: 0.247  T: 0.270
Proportion of invariable sites: 0.067
Gamma shape alpha: 0.933
Parameters optimization took 1 rounds (0.075 sec)
Time for fast ML tree search: 0.441 seconds

NOTE: ModelFinder requires 25 MB RAM!
ModelFinder will test up to 968 DNA models (sample size: 1463 epsilon: 0.100) ...
 No. Model         -LnL         df  AIC          AICc         BIC
  1  JC            23624.806    99  47447.613    47462.139    47971.149
  2  JC+I          23207.691    100 46615.383    46630.214    47144.207
  3  JC+G4         22647.901    100 45495.802    45510.633    46024.627
  4  JC+I+G4       22646.531    101 45495.061    45510.200    46029.174
  5  JC+R2         22801.274    101 45804.547    45819.686    46338.660
  6  JC+R3         22517.909    103 45241.817    45257.582    45786.507
  7  JC+R4         22497.673    105 45205.345    45221.749    45760.611
  8  JC+R5         22496.217    107 45206.433    45223.490    45772.275
 14  JC+I+R2       22635.494    102 45474.989    45490.439    46014.390
 15  JC+I+R3       22499.906    104 45207.812    45223.894    45757.789
 16  JC+I+R4       22492.943    106 45197.887    45214.615    45758.441
 29  JC+R4         22497.673    105 45205.345    45221.749    45760.611
 37  JC+I+R3       22499.906    104 45207.812    45223.894    45757.789
 38  JC+I+R4       22492.943    106 45197.887    45214.615    45758.441
 51  F81+R4        22497.501    105 45205.003    45221.407    45760.269
 59  F81+I+R3      22499.833    104 45207.665    45223.748    45757.643
 60  F81+I+R4      22492.788    106 45197.575    45214.304    45758.129
 73  F81+F+R4      22482.224    108 45180.448    45197.837    45751.579
 81  F81+F+I+R3    22485.047    107 45184.093    45201.150    45749.935
 82  F81+F+I+R4    22477.625    109 45173.251    45190.975    45749.670
 95  K2P+R4        22055.105    106 44322.209    44338.938    44882.763
103  K2P+I+R3      22059.953    105 44329.906    44346.309    44885.171
104  K2P+I+R4      22048.602    107 44311.204    44328.261    44877.046
117  K2P+R4        22055.105    106 44322.209    44338.938    44882.763
125  K2P+I+R3      22059.953    105 44329.906    44346.309    44885.171
126  K2P+I+R4      22048.602    107 44311.204    44328.261    44877.046
139  HKY+R4        22054.954    106 44321.908    44338.637    44882.462
147  HKY+I+R3      22059.937    105 44329.875    44346.279    44885.140
148  HKY+I+R4      22048.470    107 44310.940    44327.997    44876.783
161  HKY+F+R4      22037.228    109 44292.455    44310.179    44868.874
169  HKY+F+I+R3    22043.380    108 44302.761    44320.149    44873.891
170  HKY+F+I+R4    22031.041    110 44282.082    44300.145    44863.789
183  TNe+R4        22052.644    107 44319.288    44336.345    44885.130
191  TNe+I+R3      22058.965    106 44329.930    44346.658    44890.484
192  TNe+I+R4      22046.409    108 44308.818    44326.207    44879.949
205  TNe+R4        22052.644    107 44319.288    44336.345    44885.130
213  TNe+I+R3      22058.965    106 44329.930    44346.658    44890.484
214  TNe+I+R4      22046.409    108 44308.818    44326.207    44879.949
227  TN+R4         22052.505    107 44319.011    44336.067    44884.853
235  TN+I+R3       22058.964    106 44329.927    44346.656    44890.481
236  TN+I+R4       22046.366    108 44308.731    44326.119    44879.861
249  TN+F+R4       22036.215    110 44292.429    44310.492    44874.136
257  TN+F+I+R3     22043.234    109 44304.469    44322.192    44880.887
258  TN+F+I+R4     22030.440    111 44282.880    44301.284    44869.875
271  K3P+R4        22053.431    107 44320.861    44337.918    44886.703
279  K3P+I+R3      22058.576    106 44329.152    44345.881    44889.706
280  K3P+I+R4      22046.860    108 44309.721    44327.109    44880.851
293  K3P+R4        22053.431    107 44320.861    44337.918    44886.703
301  K3P+I+R3      22058.576    106 44329.152    44345.881    44889.706
302  K3P+I+R4      22046.860    108 44309.721    44327.109    44880.851
315  K3Pu+R4       22053.334    107 44320.669    44337.725    44886.511
323  K3Pu+I+R3     22058.574    106 44329.149    44345.878    44889.703
324  K3Pu+I+R4     22046.824    108 44309.648    44327.036    44880.778
337  K3Pu+F+R4     22035.498    110 44290.996    44309.058    44872.703
345  K3Pu+F+I+R3   22042.098    109 44302.195    44319.919    44878.614
346  K3Pu+F+I+R4   22029.676    111 44281.353    44299.757    44868.348
359  TPM2+R4       22052.070    107 44318.140    44335.197    44883.982
367  TPM2+I+R3     22056.309    106 44324.618    44341.347    44885.172
368  TPM2+I+R4     22045.396    108 44306.792    44324.181    44877.923
381  TPM2+R4       22052.070    107 44318.140    44335.197    44883.982
389  TPM2+I+R3     22056.309    106 44324.618    44341.347    44885.172
390  TPM2+I+R4     22045.396    108 44306.792    44324.181    44877.923
403  TPM2u+R4      22051.992    107 44317.984    44335.041    44883.826
411  TPM2u+I+R3    22056.306    106 44324.613    44341.341    44885.166
412  TPM2u+I+R4    22045.373    108 44306.747    44324.135    44877.877
425  TPM2u+F+R4    22033.605    110 44287.211    44305.273    44868.918
433  TPM2u+F+I+R3  22039.216    109 44296.432    44314.156    44872.851
434  TPM2u+F+I+R4  22027.670    111 44277.340    44295.744    44864.335
447  TPM3+R4       22049.034    107 44312.068    44329.125    44877.910
455  TPM3+I+R3     22052.497    106 44316.994    44333.722    44877.548
456  TPM3+I+R4     22041.248    108 44298.495    44315.884    44869.626
469  TPM3+R4       22049.034    107 44312.068    44329.125    44877.910
477  TPM3+I+R3     22052.497    106 44316.994    44333.722    44877.548
478  TPM3+I+R4     22041.248    108 44298.495    44315.884    44869.626
491  TPM3u+R4      22048.953    107 44311.905    44328.962    44877.747
499  TPM3u+I+R3    22052.493    106 44316.986    44333.715    44877.540
500  TPM3u+I+R4    22041.191    108 44298.382    44315.771    44869.513
513  TPM3u+F+R4    22035.333    110 44290.665    44308.727    44872.372
521  TPM3u+F+I+R3  22040.916    109 44299.831    44317.555    44876.250
522  TPM3u+F+I+R4  22028.897    111 44279.795    44298.199    44866.790
535  TIMe+R4       22050.966    108 44317.932    44335.321    44889.063
543  TIMe+I+R3     22057.607    107 44329.215    44346.272    44895.057
544  TIMe+I+R4     22044.915    109 44307.829    44325.553    44884.248
557  TIMe+R4       22050.966    108 44317.932    44335.321    44889.063
565  TIMe+I+R3     22057.607    107 44329.215    44346.272    44895.057
566  TIMe+I+R4     22044.915    109 44307.829    44325.553    44884.248
579  TIM+R4        22050.893    108 44317.787    44335.175    44888.917
587  TIM+I+R3      22057.607    107 44329.215    44346.271    44895.057
588  TIM+I+R4      22044.907    109 44307.815    44325.538    44884.234
601  TIM+F+R4      22034.626    111 44291.252    44309.656    44878.247
609  TIM+F+I+R3    22041.976    110 44303.952    44322.014    44885.658
610  TIM+F+I+R4    22029.177    112 44282.354    44301.104    44874.637
623  TIM2e+R4      22049.552    108 44315.105    44332.493    44886.235
631  TIM2e+I+R3    22055.362    107 44324.724    44341.781    44890.566
632  TIM2e+I+R4    22043.537    109 44305.075    44322.798    44881.493
645  TIM2e+R4      22049.552    108 44315.105    44332.493    44886.235
653  TIM2e+I+R3    22055.362    107 44324.724    44341.781    44890.566
654  TIM2e+I+R4    22043.537    109 44305.075    44322.798    44881.493
667  TIM2+R4       22049.522    108 44315.043    44332.432    44886.174
675  TIM2+I+R3     22055.361    107 44324.722    44341.779    44890.564
676  TIM2+I+R4     22043.541    109 44305.081    44322.805    44881.500
689  TIM2+F+R4     22032.753    111 44287.505    44305.910    44874.501
697  TIM2+F+I+R3   22039.103    110 44298.205    44316.267    44879.912
698  TIM2+F+I+R4   22027.191    112 44278.382    44297.131    44870.665
711  TIM3e+R4      22046.455    108 44308.909    44326.298    44880.040
719  TIM3e+I+R3    22051.458    107 44316.916    44333.973    44882.759
720  TIM3e+I+R4    22039.208    109 44296.415    44314.139    44872.834
733  TIM3e+R4      22046.455    108 44308.909    44326.298    44880.040
741  TIM3e+I+R3    22051.458    107 44316.916    44333.973    44882.759
742  TIM3e+I+R4    22039.208    109 44296.415    44314.139    44872.834
755  TIM3+R4       22046.388    108 44308.776    44326.164    44879.906
763  TIM3+I+R3     22051.448    107 44316.896    44333.953    44882.738
764  TIM3+I+R4     22039.169    109 44296.338    44314.062    44872.757
777  TIM3+F+R4     22034.465    111 44290.930    44309.334    44877.925
785  TIM3+F+I+R3   22040.791    110 44301.581    44319.644    44883.288
786  TIM3+F+I+R4   22028.384    112 44280.768    44299.518    44873.051
799  TVMe+R4       22044.954    109 44307.908    44325.632    44884.327
807  TVMe+I+R3     22047.871    108 44311.742    44329.131    44882.873
808  TVMe+I+R4     22037.303    110 44294.606    44312.668    44876.313
821  TVMe+R4       22044.954    109 44307.908    44325.632    44884.327
829  TVMe+I+R3     22047.871    108 44311.742    44329.131    44882.873
830  TVMe+I+R4     22037.303    110 44294.606    44312.668    44876.313
843  TVM+R4        22044.925    109 44307.850    44325.573    44884.268
851  TVM+I+R3      22047.867    108 44311.734    44329.123    44882.865
852  TVM+I+R4      22037.268    110 44294.536    44312.598    44876.243
865  TVM+F+R4      22031.157    112 44286.314    44305.063    44878.597
873  TVM+F+I+R3    22035.920    111 44293.841    44312.245    44880.836
874  TVM+F+I+R4    22024.688    113 44275.376    44294.475    44872.948
887  SYM+R4        22042.562    110 44305.125    44323.187    44886.831
895  SYM+I+R3      22046.847    109 44311.694    44329.418    44888.113
896  SYM+I+R4      22035.305    111 44292.610    44311.014    44879.605
909  SYM+R4        22042.562    110 44305.125    44323.187    44886.831
917  SYM+I+R3      22046.847    109 44311.694    44329.418    44888.113
918  SYM+I+R4      22035.305    111 44292.610    44311.014    44879.605
931  GTR+R4        22042.531    110 44305.062    44323.124    44886.769
939  GTR+I+R3      22046.840    109 44311.681    44329.404    44888.099
940  GTR+I+R4      22035.295    111 44292.591    44310.995    44879.586
953  GTR+F+R4      22030.325    113 44286.650    44305.749    44884.222
961  GTR+F+I+R3    22035.804    112 44295.607    44314.357    44887.891
962  GTR+F+I+R4    22024.213    114 44276.426    44295.877    44879.286
Akaike Information Criterion:           TVM+F+I+R4
Corrected Akaike Information Criterion: TVM+F+I+R4
Bayesian Information Criterion:         HKY+F+I+R4
Best-fit model: HKY+F+I+R4 chosen according to BIC

All model information printed to results_moss_new/07_phylogeny/All/G6238.model.gz
CPU time for ModelFinder: 58.207 seconds (0h:0m:58s)
Wall-clock time for ModelFinder: 55.207 seconds (0h:0m:55s)
Generating 1000 samples for ultrafast bootstrap (seed: 992614)...

NOTE: 12 MB RAM (0 GB) is required!
Estimate model parameters (epsilon = 0.100)
1. Initial log-likelihood: -22031.119
2. Current log-likelihood: -22031.001
Optimal log-likelihood: -22030.975
Rate parameters:  A-C: 1.00000  A-G: 2.99994  A-T: 1.00000  C-G: 1.00000  C-T: 2.99994  G-T: 1.00000
Base frequencies:  A: 0.243  C: 0.240  G: 0.247  T: 0.270
Proportion of invariable sites: 0.088
Site proportion and rates:  (0.371,0.229) (0.435,0.867) (0.067,2.598) (0.039,9.359)
Parameters optimization took 2 rounds (0.140 sec)
Wrote distance file to... 
Computing ML distances based on estimated model parameters...
Calculating distance matrix: done in 0.00928808 secs using 99.58% CPU
Computing ML distances took 0.009477 sec (of wall-clock time) 0.009440 sec (of CPU time)
Setting up auxiliary I and S matrices: done in 7.1535e-05 secs using 100.7% CPU
Constructing RapidNJ tree: done in 0.000174329 secs using 92.93% CPU
Computing RapidNJ tree took 0.000264 sec (of wall-clock time) 0.000248 sec (of CPU time)
Log-likelihood of RapidNJ tree: -22099.707
--------------------------------------------------------------------
|             INITIALIZING CANDIDATE TREE SET                      |
--------------------------------------------------------------------
Generating 98 parsimony trees... 0.503 second
Computing log-likelihood of 98 initial trees ... 1.060 seconds
Current best score: -22030.975

Do NNI search on 20 best initial trees
Optimizing NNI: done in 0.144997 secs using 98.94% CPU
Estimate model parameters (epsilon = 0.100)
BETTER TREE FOUND at iteration 1: -22019.279
Optimizing NNI: done in 0.206699 secs using 99.6% CPU
Estimate model parameters (epsilon = 0.100)
BETTER TREE FOUND at iteration 2: -22015.294
Optimizing NNI: done in 0.18886 secs using 99.55% CPU
Optimizing NNI: done in 0.193296 secs using 99.57% CPU
Optimizing NNI: done in 0.263515 secs using 99.57% CPU
Estimate model parameters (epsilon = 0.100)
BETTER TREE FOUND at iteration 5: -22012.086
Optimizing NNI: done in 0.183417 secs using 99.62% CPU
Optimizing NNI: done in 0.267999 secs using 98.44% CPU
Estimate model parameters (epsilon = 0.100)
BETTER TREE FOUND at iteration 7: -22010.717
Optimizing NNI: done in 0.259543 secs using 99.63% CPU
Optimizing NNI: done in 0.252128 secs using 99.23% CPU
Optimizing NNI: done in 0.243993 secs using 99.59% CPU
Iteration 10 / LogL: -22015.340 / Time: 0h:0m:59s
Optimizing NNI: done in 0.275032 secs using 99.58% CPU
Optimizing NNI: done in 0.297806 secs using 99.6% CPU
Optimizing NNI: done in 0.259498 secs using 99.61% CPU
Optimizing NNI: done in 0.266572 secs using 99.6% CPU
Optimizing NNI: done in 0.223925 secs using 99.15% CPU
Optimizing NNI: done in 0.297046 secs using 99.26% CPU
Optimizing NNI: done in 0.304708 secs using 98.29% CPU
Optimizing NNI: done in 0.276474 secs using 98.5% CPU
Optimizing NNI: done in 0.257433 secs using 98.84% CPU
Optimizing NNI: done in 0.232061 secs using 99.18% CPU
Iteration 20 / LogL: -22019.230 / Time: 0h:1m:2s
Finish initializing candidate tree set (5)
Current best tree score: -22010.717 / CPU time: 7.002
Number of iterations: 20
--------------------------------------------------------------------
|               OPTIMIZING CANDIDATE TREE SET                      |
--------------------------------------------------------------------
Optimizing NNI: done in 0.218401 secs using 99.13% CPU
Estimate model parameters (epsilon = 0.100)
BETTER TREE FOUND at iteration 21: -22010.577
Optimizing NNI: done in 0.180769 secs using 99.58% CPU
Optimizing NNI: done in 0.226543 secs using 99.59% CPU
Optimizing NNI: done in 0.187442 secs using 98.54% CPU
Estimate model parameters (epsilon = 0.100)
BETTER TREE FOUND at iteration 24: -22007.967
Optimizing NNI: done in 0.329715 secs using 98.56% CPU
Optimizing NNI: done in 0.235464 secs using 99.1% CPU
Estimate model parameters (epsilon = 0.100)
BETTER TREE FOUND at iteration 26: -21999.529
Optimizing NNI: done in 0.213546 secs using 99.61% CPU
Optimizing NNI: done in 0.24825 secs using 99.57% CPU
Optimizing NNI: done in 0.227197 secs using 98.72% CPU
Optimizing NNI: done in 0.136 secs using 99.59% CPU
Iteration 30 / LogL: -22010.771 / Time: 0h:1m:5s (0h:0m:32s left)
Optimizing NNI: done in 0.239171 secs using 99.19% CPU
Optimizing NNI: done in 0.260416 secs using 99.62% CPU
Optimizing NNI: done in 0.375844 secs using 99.03% CPU
Optimizing NNI: done in 0.230593 secs using 99.57% CPU
Optimizing NNI: done in 0.218164 secs using 98.67% CPU
Optimizing NNI: done in 0.224607 secs using 99.62% CPU
Optimizing NNI: done in 0.219854 secs using 98.72% CPU
Optimizing NNI: done in 0.239189 secs using 99.2% CPU
Optimizing NNI: done in 0.244688 secs using 98.41% CPU
Optimizing NNI: done in 0.222547 secs using 99.61% CPU
Iteration 40 / LogL: -22010.599 / Time: 0h:1m:7s (0h:0m:27s left)
Optimizing NNI: done in 0.195075 secs using 99.63% CPU
Optimizing NNI: done in 0.217478 secs using 98.69% CPU
Optimizing NNI: done in 0.178052 secs using 99.61% CPU
Optimizing NNI: done in 0.251534 secs using 99.23% CPU
Optimizing NNI: done in 0.217113 secs using 98.71% CPU
Optimizing NNI: done in 0.2143 secs using 98.22% CPU
Optimizing NNI: done in 0.246437 secs using 99.25% CPU
Optimizing NNI: done in 0.258497 secs using 98.89% CPU
Optimizing NNI: done in 0.210554 secs using 98.69% CPU
Optimizing NNI: done in 0.272848 secs using 99.61% CPU
Iteration 50 / LogL: -22093.779 / Time: 0h:1m:9s (0h:0m:22s left)
Log-likelihood cutoff on original alignment: -22055.430
Optimizing NNI: done in 0.243349 secs using 99.16% CPU
Optimizing NNI: done in 0.247906 secs using 98.76% CPU
Optimizing NNI: done in 0.243555 secs using 99.61% CPU
Optimizing NNI: done in 0.301034 secs using 99.26% CPU
Optimizing NNI: done in 0.187178 secs using 99.6% CPU
Optimizing NNI: done in 0.239663 secs using 98.78% CPU
Optimizing NNI: done in 0.226832 secs using 98.6% CPU
Optimizing NNI: done in 0.227022 secs using 99.59% CPU
Optimizing NNI: done in 0.17675 secs using 99.62% CPU
Optimizing NNI: done in 0.229456 secs using 99.11% CPU
Iteration 60 / LogL: -22000.609 / Time: 0h:1m:12s (0h:0m:19s left)
Optimizing NNI: done in 0.232918 secs using 99.15% CPU
Optimizing NNI: done in 0.218175 secs using 99.56% CPU
Optimizing NNI: done in 0.23598 secs using 99.56% CPU
Optimizing NNI: done in 0.223565 secs using 99.54% CPU
Optimizing NNI: done in 0.287196 secs using 98.86% CPU
Optimizing NNI: done in 0.234001 secs using 99.12% CPU
Optimizing NNI: done in 0.219957 secs using 98.6% CPU
Optimizing NNI: done in 0.204524 secs using 99.06% CPU
UPDATE BEST LOG-LIKELIHOOD: -21999.527
Optimizing NNI: done in 0.202921 secs using 92.63% CPU
Optimizing NNI: done in 0.214884 secs using 99.57% CPU
Iteration 70 / LogL: -22000.557 / Time: 0h:1m:14s (0h:0m:15s left)
Optimizing NNI: done in 0.216108 secs using 99.05% CPU
Optimizing NNI: done in 0.187271 secs using 99.52% CPU
Optimizing NNI: done in 0.244948 secs using 98.72% CPU
Optimizing NNI: done in 0.235318 secs using 99.52% CPU
Optimizing NNI: done in 0.208222 secs using 99.05% CPU
Optimizing NNI: done in 0.193855 secs using 98.96% CPU
Optimizing NNI: done in 0.201915 secs using 98.5% CPU
Optimizing NNI: done in 0.252334 secs using 99.17% CPU
Optimizing NNI: done in 0.184547 secs using 99.03% CPU
Optimizing NNI: done in 0.224782 secs using 99.09% CPU
Iteration 80 / LogL: -22003.803 / Time: 0h:1m:16s (0h:0m:12s left)
Optimizing NNI: done in 0.194749 secs using 99.52% CPU
Optimizing NNI: done in 0.191846 secs using 99.53% CPU
Optimizing NNI: done in 0.253969 secs using 98.37% CPU
Optimizing NNI: done in 0.188342 secs using 98.5% CPU
Optimizing NNI: done in 0.218314 secs using 98.57% CPU
Optimizing NNI: done in 0.184252 secs using 98.95% CPU
Optimizing NNI: done in 0.218872 secs using 99.06% CPU
Optimizing NNI: done in 0.379073 secs using 90.24% CPU
Optimizing NNI: done in 0.241781 secs using 99.33% CPU
Optimizing NNI: done in 0.247355 secs using 99.6% CPU
Iteration 90 / LogL: -21999.581 / Time: 0h:1m:19s (0h:0m:9s left)
Optimizing NNI: done in 0.205797 secs using 99.57% CPU
Optimizing NNI: done in 0.270225 secs using 98.83% CPU
Optimizing NNI: done in 0.230992 secs using 98.7% CPU
Optimizing NNI: done in 0.195188 secs using 99.56% CPU
Optimizing NNI: done in 0.264792 secs using 99.56% CPU
Optimizing NNI: done in 0.29941 secs using 98.56% CPU
Optimizing NNI: done in 0.236245 secs using 99.53% CPU
Optimizing NNI: done in 0.232726 secs using 99.07% CPU
Optimizing NNI: done in 0.298351 secs using 98.57% CPU
Optimizing NNI: done in 0.187154 secs using 99.03% CPU
Iteration 100 / LogL: -21999.551 / Time: 0h:1m:21s (0h:0m:6s left)
Log-likelihood cutoff on original alignment: -22055.430
NOTE: Bootstrap correlation coefficient of split occurrence frequencies: 0.997
Optimizing NNI: done in 0.18748 secs using 98.92% CPU
Optimizing NNI: done in 0.293089 secs using 98.89% CPU
Optimizing NNI: done in 0.194682 secs using 98.01% CPU
Optimizing NNI: done in 0.263948 secs using 99.16% CPU
Optimizing NNI: done in 0.244032 secs using 99.5% CPU
Optimizing NNI: done in 0.245599 secs using 98.32% CPU
Optimizing NNI: done in 0.191187 secs using 99.55% CPU
Optimizing NNI: done in 0.230804 secs using 99.53% CPU
Optimizing NNI: done in 0.238327 secs using 99.51% CPU
Optimizing NNI: done in 0.240785 secs using 97.87% CPU
Iteration 110 / LogL: -21999.535 / Time: 0h:1m:24s (0h:0m:23s left)
Optimizing NNI: done in 0.181089 secs using 98.4% CPU
Optimizing NNI: done in 0.214988 secs using 99.08% CPU
Optimizing NNI: done in 0.210358 secs using 98.14% CPU
Optimizing NNI: done in 0.155882 secs using 98.9% CPU
Optimizing NNI: done in 0.222622 secs using 99.06% CPU
Optimizing NNI: done in 0.26935 secs using 99.18% CPU
Optimizing NNI: done in 0.24156 secs using 99.17% CPU
Optimizing NNI: done in 0.239231 secs using 99.59% CPU
Optimizing NNI: done in 0.253678 secs using 99.17% CPU
Optimizing NNI: done in 0.226021 secs using 99.09% CPU
Iteration 120 / LogL: -21999.619 / Time: 0h:1m:26s (0h:0m:20s left)
Optimizing NNI: done in 0.210823 secs using 98.6% CPU
Optimizing NNI: done in 0.171636 secs using 99.59% CPU
Optimizing NNI: done in 0.254354 secs using 99.24% CPU
Optimizing NNI: done in 0.262388 secs using 98.87% CPU
Optimizing NNI: done in 0.226703 secs using 99.63% CPU
Optimizing NNI: done in 0.237039 secs using 98.75% CPU
Optimizing NNI: done in 0.269982 secs using 99.62% CPU
TREE SEARCH COMPLETED AFTER 127 ITERATIONS / Time: 0h:1m:28s

--------------------------------------------------------------------
|                    FINALIZING TREE SEARCH                        |
--------------------------------------------------------------------
Performs final model parameters optimization
Estimate model parameters (epsilon = 0.010)
1. Initial log-likelihood: -21999.527
Optimal log-likelihood: -21999.517
Rate parameters:  A-C: 1.00000  A-G: 2.97748  A-T: 1.00000  C-G: 1.00000  C-T: 2.97748  G-T: 1.00000
Base frequencies:  A: 0.243  C: 0.240  G: 0.247  T: 0.270
Proportion of invariable sites: 0.087
Site proportion and rates:  (0.353,0.215) (0.439,0.788) (0.078,2.295) (0.042,9.426)
Parameters optimization took 1 rounds (0.058 sec)
BEST SCORE FOUND : -21999.517
Creating bootstrap support values...
Split supports printed to NEXUS file results_moss_new/07_phylogeny/All/G6238.splits.nex
Total tree length: 9.410

Total number of iterations: 127
CPU time used for tree search: 32.211 sec (0h:0m:32s)
Wall-clock time used for tree search: 32.555 sec (0h:0m:32s)
Total CPU time used: 90.805 sec (0h:1m:30s)
Total wall-clock time used: 88.154 sec (0h:1m:28s)

Computing bootstrap consensus tree...
Reading input file results_moss_new/07_phylogeny/All/G6238.splits.nex...
51 taxa and 262 splits.
Consensus tree written to results_moss_new/07_phylogeny/All/G6238.contree
Reading input trees file results_moss_new/07_phylogeny/All/G6238.contree
Log-likelihood of consensus tree: -21999.520

Analysis results written to: 
  IQ-TREE report:                results_moss_new/07_phylogeny/All/G6238.iqtree
  Maximum-likelihood tree:       results_moss_new/07_phylogeny/All/G6238.treefile
  Likelihood distances:          results_moss_new/07_phylogeny/All/G6238.mldist

Ultrafast bootstrap approximation results written to:
  Split support values:          results_moss_new/07_phylogeny/All/G6238.splits.nex
  Consensus tree:                results_moss_new/07_phylogeny/All/G6238.contree
  Screen log file:               results_moss_new/07_phylogeny/All/G6238.log

Date and Time: Fri Jun 12 06:45:08 2026
