IQ-TREE version 3.0.1 for Linux x86 64-bit built Jul  9 2025
Developed by Bui Quang Minh, Thomas Wong, Nhan Ly-Trong, Huaiyan Ren
Contributed by Lam-Tung Nguyen, Dominik Schrempf, Chris Bielow,
Olga Chernomor, Michael Woodhams, Diep Thi Hoang, Heiko Schmidt

Host:    c0711a-s19.ufhpc (AVX2, FMA3, 503 GB RAM)
Command: iqtree -s results_moss_new/06_alignment/All/trimmed/G6393.trimmed.aln --prefix results_moss_new/07_phylogeny/All/G6393 -m MFP -B 1000 -T AUTO
Seed:    542880 (Using SPRNG - Scalable Parallel Random Number Generator)
Time:    Fri Jun 12 07:41:17 2026
Kernel:  AVX+FMA - auto-detect threads (8 CPU cores detected)

Reading alignment file results_moss_new/06_alignment/All/trimmed/G6393.trimmed.aln ... Fasta format detected
Reading fasta file: done in 0.000535976 secs using 33.58% CPU
Alignment most likely contains DNA/RNA sequences
Constructing alignment: done in 0.000221396 secs using 99.82% CPU
Alignment has 53 sequences with 379 columns, 291 distinct patterns
232 parsimony-informative, 54 singleton sites, 93 constant sites
                  Gap/Ambiguity  Composition  p-value
Analyzing sequences: done in 3.2781e-05 secs using 100.7% CPU
   1  S0028_G6393_R1_A    0.00%    passed     94.27%
   2  S0011_G6393_R1_A    0.00%    passed     76.85%
   3  S0019_G6393_R1_A    0.00%    passed     70.71%
   4  S0019_G6393_R2_A    0.00%    passed     72.25%
   5  S0020_G6393_R1_A    0.00%    passed     91.45%
   6  S0026_G6393_R1_A    0.00%    passed     70.94%
   7  S0023_G6393_R1_A    0.00%    passed     71.03%
   8  S0030_G6393_R1_A    0.00%    passed     69.39%
   9  S0017_G6393_R1_A    0.00%    passed     76.47%
  10  S0048_G6393_R1_A    0.00%    passed     90.17%
  11  S0036_G6393_R1_A    0.00%    passed     86.51%
  12  S0031_G6393_R1_A    0.00%    passed     91.31%
  13  S0018_G6393_R1_A    0.00%    passed     88.58%
  14  S0016_G6393_R1_A    0.00%    passed     83.98%
  15  S0050_G6393_R1_A    0.00%    passed     92.73%
  16  S0013_G6393_R1_A    0.00%    passed     73.51%
  17  S0022_G6393_R1_A    0.00%    passed     74.97%
  18  S0021_G6393_R1_A    1.32%    passed     50.31%
  19  S0002_G6393_R1_A    0.00%    passed     59.41%
  20  S0046_G6393_R1_A    0.00%    passed     92.41%
  21  S0004_G6393_R1_A    0.00%    passed     52.41%
  22  S0012_G6393_R1_A    0.00%    passed     58.98%
  23  S0037_G6393_R1_A    0.00%    passed     28.81%
  24  S0033_G6393_R1_A    0.00%    passed     62.58%
  25  S0035_G6393_R1_A    0.00%    passed     97.45%
  26  S0005_G6393_R1_A    3.17%    passed     59.47%
  27  S0009_G6393_R1_U    0.26%    passed     68.95%
  28  S0010_G6393_R1_V    0.26%    passed     81.02%
  29  S0008_G6393_R1_A    0.00%    passed     67.73%
  30  S0034_G6393_R1_A    0.00%    passed     67.22%
  31  S0015_G6393_R1_A    0.00%    passed     37.45%
  32  S0027_G6393_R1_A    0.00%    passed     76.35%
  33  S0014_G6393_R1_A    0.00%    passed     38.82%
  34  S0006_G6393_R1_A    1.32%    passed     79.85%
  35  S0039_G6393_R1_A   21.37%    passed      6.06%
  36  S0051_G6393_R1_A    5.54%    failed      0.00%
  37  S0001_G6393_R1_A    2.64%    passed     69.40%
  38  S0025_G6393_R1_A   17.41%    passed     63.31%
  39  S0029_G6393_R1_A    9.76%    passed     90.93%
  40  S0024_G6393_R1_A    0.00%    passed     13.90%
  41  S0032_G6393_R1_N    0.00%    passed     23.48%
  42  S0032_G6393_R2_N    0.00%    passed     22.62%
  43  S0049_G6393_R1_A    0.00%    failed      3.96%
  44  S0040_G6393_R1_N    0.26%    passed      8.17%
  45  S0038_G6393_R1_A    0.26%    passed      7.19%
  46  S0042_G6393_R1_N    0.26%    failed      4.76%
  47  S0045_G6393_R2_A    0.26%    failed      4.99%
  48  S0044_G6393_R1_N    0.26%    failed      4.47%
  49  S0045_G6393_R1_A    0.26%    passed      5.26%
  50  S0041_G6393_R1_N    0.26%    passed      6.11%
  51  S0043_G6393_R1_N    0.26%    passed      5.55%
  52  S0047_G6393_R1_N    0.26%    passed      6.11%
  53  S0003_G6393_R1_N    0.00%    passed     45.96%
****  TOTAL               1.23%  5 sequences failed composition chi2 test (p-value<5%; df=3)
Checking for duplicate sequences: done in 6.5372e-05 secs using 99.43% CPU


Create initial parsimony tree by phylogenetic likelihood library (PLL)... 0.003 seconds
Measuring multi-threading efficiency up to 8 CPU cores
Increase to 10 rounds for branch lengths
373 trees examined
Threads: 1 / Time: 8.010 sec / Speedup: 1.000 / Efficiency: 100% / LogL: -8126
Threads: 2 / Time: 40.579 sec / Speedup: 0.197 / Efficiency: 10% / LogL: -8126
Determining AUTO threadcount: done in 48.5893 secs using 110.7% CPU
BEST NUMBER OF THREADS: 1

Perform fast likelihood tree search using GTR+I+G model...
Estimate model parameters (epsilon = 5.000)
Perform nearest neighbor interchange...
Optimizing NNI: done in 0.0387873 secs using 99.47% CPU
Estimate model parameters (epsilon = 1.000)
1. Initial log-likelihood: -4765.903
Optimal log-likelihood: -4765.711
Rate parameters:  A-C: 1.25539  A-G: 3.51660  A-T: 1.17318  C-G: 1.13215  C-T: 3.82572  G-T: 1.00000
Base frequencies:  A: 0.249  C: 0.243  G: 0.249  T: 0.259
Proportion of invariable sites: 0.094
Gamma shape alpha: 1.220
Parameters optimization took 1 rounds (0.022 sec)
Time for fast ML tree search: 0.178 seconds

NOTE: ModelFinder requires 6 MB RAM!
ModelFinder will test up to 968 DNA models (sample size: 379 epsilon: 0.100) ...
 No. Model         -LnL         df  AIC          AICc         BIC
  1  JC            5036.713     103 10279.427    10357.332    10684.993
  2  JC+I          4946.870     104 10101.740    10181.448    10511.244
  3  JC+G4         4889.710     104 9987.419     10067.127    10396.923
  4  JC+I+G4       4890.061     105 9990.121     10071.660    10403.562
  5  JC+R2         4894.065     105 9998.131     10079.669    10411.572
  6  JC+R3         4890.461     107 9994.923     10080.207    10416.239
 14  JC+I+R2       4891.510     106 9995.021     10078.418    10412.400
 15  JC+I+R3       4890.031     108 9996.062     10083.262    10421.315
 25  JC+G4         4889.710     104 9987.419     10067.127    10396.923
 26  JC+I+G4       4890.061     105 9990.121     10071.660    10403.562
 47  F81+G4        4889.710     104 9987.419     10067.127    10396.923
 48  F81+I+G4      4890.018     105 9990.036     10071.574    10403.477
 69  F81+F+G4      4889.898     107 9993.796     10079.080    10415.112
 70  F81+F+I+G4    4890.197     108 9996.394     10083.594    10421.648
 91  K2P+G4        4765.861     105 9741.722     9823.260     10155.163
 92  K2P+I+G4      4766.121     106 9744.243     9827.640     10161.621
113  K2P+G4        4765.861     105 9741.722     9823.260     10155.163
114  K2P+I+G4      4766.121     106 9744.243     9827.640     10161.621
135  HKY+G4        4765.860     105 9741.721     9823.259     10155.162
136  HKY+I+G4      4766.100     106 9744.200     9827.597     10161.578
157  HKY+F+G4      4766.043     108 9748.086     9835.286     10173.340
158  HKY+F+I+G4    4766.317     109 9750.635     9839.780     10179.826
179  TNe+G4        4765.533     106 9743.065     9826.462     10160.444
180  TNe+I+G4      4765.771     107 9745.543     9830.827     10166.859
201  TNe+G4        4765.533     106 9743.065     9826.462     10160.444
202  TNe+I+G4      4765.771     107 9745.543     9830.827     10166.859
223  TN+G4         4765.533     106 9743.065     9826.462     10160.444
224  TN+I+G4       4765.754     107 9745.507     9830.792     10166.824
245  TN+F+G4       4765.790     109 9749.580     9838.725     10178.772
246  TN+F+I+G4     4766.047     110 9752.095     9843.214     10185.224
267  K3P+G4        4765.846     106 9743.692     9827.089     10161.071
268  K3P+I+G4      4766.063     107 9746.127     9831.411     10167.443
289  K3P+G4        4765.846     106 9743.692     9827.089     10161.071
290  K3P+I+G4      4766.063     107 9746.127     9831.411     10167.443
311  K3Pu+G4       4765.846     106 9743.692     9827.089     10161.071
312  K3Pu+I+G4     4766.046     107 9746.093     9831.377     10167.409
333  K3Pu+F+G4     4766.026     109 9750.052     9839.197     10179.243
334  K3Pu+F+I+G4   4766.247     110 9752.494     9843.614     10185.623
355  TPM2+G4       4765.405     106 9742.811     9826.208     10160.190
356  TPM2+I+G4     4765.606     107 9745.211     9830.496     10166.528
377  TPM2+G4       4765.405     106 9742.811     9826.208     10160.190
378  TPM2+I+G4     4765.606     107 9745.211     9830.496     10166.528
399  TPM2u+G4      4765.405     106 9742.810     9826.207     10160.189
400  TPM2u+I+G4    4765.591     107 9745.181     9830.465     10166.497
421  TPM2u+F+G4    4765.572     109 9749.144     9838.289     10178.336
422  TPM2u+F+I+G4  4765.779     110 9751.559     9842.678     10184.688
443  TPM3+G4       4765.800     106 9743.599     9826.997     10160.978
444  TPM3+I+G4     4766.033     107 9746.066     9831.350     10167.382
465  TPM3+G4       4765.800     106 9743.599     9826.997     10160.978
466  TPM3+I+G4     4766.033     107 9746.066     9831.350     10167.382
487  TPM3u+G4      4765.798     106 9743.596     9826.994     10160.975
488  TPM3u+I+G4    4766.015     107 9746.030     9831.314     10167.346
509  TPM3u+F+G4    4765.747     109 9749.495     9838.640     10178.686
510  TPM3u+F+I+G4  4766.000     110 9752.000     9843.120     10185.129
531  TIMe+G4       4765.520     107 9745.039     9830.323     10166.355
532  TIMe+I+G4     4765.711     108 9747.421     9834.621     10172.675
553  TIMe+G4       4765.520     107 9745.039     9830.323     10166.355
554  TIMe+I+G4     4765.711     108 9747.421     9834.621     10172.675
575  TIM+G4        4765.519     107 9745.039     9830.323     10166.355
576  TIM+I+G4      4765.698     108 9747.395     9834.595     10172.649
597  TIM+F+G4      4765.775     110 9751.550     9842.669     10184.679
598  TIM+F+I+G4    4766.012     111 9754.023     9847.147     10191.090
619  TIM2e+G4      4765.053     107 9744.106     9829.390     10165.422
620  TIM2e+I+G4    4765.242     108 9746.484     9833.684     10171.738
641  TIM2e+G4      4765.053     107 9744.106     9829.390     10165.422
642  TIM2e+I+G4    4765.242     108 9746.484     9833.684     10171.738
663  TIM2+G4       4765.053     107 9744.106     9829.390     10165.422
664  TIM2+I+G4     4765.229     108 9746.459     9833.659     10171.713
685  TIM2+F+G4     4765.299     110 9750.597     9841.717     10183.726
686  TIM2+F+I+G4   4765.502     111 9753.003     9846.127     10190.070
707  TIM3e+G4      4765.468     107 9744.935     9830.219     10166.252
708  TIM3e+I+G4    4765.640     108 9747.280     9834.480     10172.534
729  TIM3e+G4      4765.468     107 9744.935     9830.219     10166.252
730  TIM3e+I+G4    4765.640     108 9747.280     9834.480     10172.534
751  TIM3+G4       4765.467     107 9744.935     9830.219     10166.251
752  TIM3+I+G4     4765.629     108 9747.259     9834.459     10172.513
773  TIM3+F+G4     4765.484     110 9750.969     9842.088     10184.098
774  TIM3+F+I+G4   4765.727     111 9753.453     9846.577     10190.520
795  TVMe+G4       4765.327     108 9746.654     9833.854     10171.908
796  TVMe+I+G4     4765.481     109 9748.962     9838.107     10178.153
817  TVMe+G4       4765.327     108 9746.654     9833.854     10171.908
818  TVMe+I+G4     4765.481     109 9748.962     9838.107     10178.153
839  TVM+G4        4765.327     108 9746.654     9833.854     10171.908
840  TVM+I+G4      4765.471     109 9748.941     9838.086     10178.133
861  TVM+F+G4      4765.262     111 9752.524     9845.648     10189.591
862  TVM+F+I+G4    4765.469     112 9754.937     9850.095     10195.941
883  SYM+G4        4764.976     109 9747.951     9837.096     10177.143
884  SYM+I+G4      4765.154     110 9750.308     9841.427     10183.437
905  SYM+G4        4764.976     109 9747.951     9837.096     10177.143
906  SYM+I+G4      4765.154     110 9750.308     9841.427     10183.437
927  GTR+G4        4764.975     109 9747.950     9837.095     10177.142
928  GTR+I+G4      4765.141     110 9750.282     9841.401     10183.411
949  GTR+F+G4      4764.977     112 9753.955     9849.113     10194.959
950  GTR+F+I+G4    4765.182     113 9756.364     9853.586     10201.305
Akaike Information Criterion:           HKY+G4
Corrected Akaike Information Criterion: HKY+G4
Bayesian Information Criterion:         HKY+G4
Best-fit model: HKY+G4 chosen according to BIC

All model information printed to results_moss_new/07_phylogeny/All/G6393.model.gz
CPU time for ModelFinder: 55.350 seconds (0h:0m:55s)
Wall-clock time for ModelFinder: 50.177 seconds (0h:0m:50s)
Generating 1000 samples for ultrafast bootstrap (seed: 542880)...

NOTE: 3 MB RAM (0 GB) is required!
Estimate model parameters (epsilon = 0.100)
1. Initial log-likelihood: -4766.051
Optimal log-likelihood: -4766.043
Rate parameters:  A-C: 1.00000  A-G: 3.24154  A-T: 1.00000  C-G: 1.00000  C-T: 3.24154  G-T: 1.00000
Base frequencies:  A: 0.249  C: 0.243  G: 0.249  T: 0.259
Gamma shape alpha: 0.892
Parameters optimization took 1 rounds (0.009 sec)
Wrote distance file to... 
Computing ML distances based on estimated model parameters...
Calculating distance matrix: done in 0.00655861 secs using 99.35% CPU
Computing ML distances took 0.006606 sec (of wall-clock time) 0.006567 sec (of CPU time)
Setting up auxiliary I and S matrices: done in 9.018e-05 secs using 132% CPU
Constructing RapidNJ tree: done in 0.000171092 secs using 98.78% CPU
Computing RapidNJ tree took 0.000309 sec (of wall-clock time) 0.000358 sec (of CPU time)
Log-likelihood of RapidNJ tree: -4788.963
--------------------------------------------------------------------
|             INITIALIZING CANDIDATE TREE SET                      |
--------------------------------------------------------------------
Generating 98 parsimony trees... 0.215 second
Computing log-likelihood of 98 initial trees ... 0.266 seconds
Current best score: -4766.043

Do NNI search on 20 best initial trees
Optimizing NNI: done in 0.0176249 secs using 99.35% CPU
Estimate model parameters (epsilon = 0.100)
BETTER TREE FOUND at iteration 1: -4766.041
Optimizing NNI: done in 0.045138 secs using 99.43% CPU
Optimizing NNI: done in 0.0550936 secs using 97.55% CPU
Estimate model parameters (epsilon = 0.100)
BETTER TREE FOUND at iteration 3: -4764.278
Optimizing NNI: done in 0.0757019 secs using 99.33% CPU
Optimizing NNI: done in 0.0551497 secs using 99.21% CPU
Optimizing NNI: done in 0.0478215 secs using 99.39% CPU
Optimizing NNI: done in 0.0606846 secs using 99.42% CPU
Optimizing NNI: done in 0.0643272 secs using 99.39% CPU
Optimizing NNI: done in 0.0565402 secs using 99.5% CPU
Optimizing NNI: done in 0.0467004 secs using 99.48% CPU
Iteration 10 / LogL: -4766.475 / Time: 0h:0m:51s
Optimizing NNI: done in 0.0461455 secs using 99.48% CPU
Optimizing NNI: done in 0.0537792 secs using 97.68% CPU
Optimizing NNI: done in 0.0505411 secs using 97.53% CPU
Optimizing NNI: done in 0.0685394 secs using 98.06% CPU
Optimizing NNI: done in 0.0437101 secs using 99.43% CPU
Optimizing NNI: done in 0.0578297 secs using 99.52% CPU
Optimizing NNI: done in 0.0448184 secs using 99.52% CPU
Optimizing NNI: done in 0.0481329 secs using 99.45% CPU
Optimizing NNI: done in 0.0531065 secs using 99.43% CPU
Optimizing NNI: done in 0.0694282 secs using 99.14% CPU
Iteration 20 / LogL: -4765.797 / Time: 0h:0m:51s
Finish initializing candidate tree set (20)
Current best tree score: -4764.278 / CPU time: 1.574
Number of iterations: 20
--------------------------------------------------------------------
|               OPTIMIZING CANDIDATE TREE SET                      |
--------------------------------------------------------------------
Optimizing NNI: done in 0.0588089 secs using 96.01% CPU
Optimizing NNI: done in 0.0788086 secs using 99.41% CPU
Optimizing NNI: done in 0.0541899 secs using 99.41% CPU
Optimizing NNI: done in 0.0867804 secs using 98.2% CPU
Optimizing NNI: done in 0.0546494 secs using 99.5% CPU
Optimizing NNI: done in 0.0810962 secs using 98.14% CPU
BETTER TREE FOUND at iteration 26: -4764.273
Optimizing NNI: done in 0.0615652 secs using 99.43% CPU
Estimate model parameters (epsilon = 0.100)
BETTER TREE FOUND at iteration 27: -4764.068
Optimizing NNI: done in 0.0823075 secs using 99.46% CPU
Optimizing NNI: done in 0.0601986 secs using 99.41% CPU
Optimizing NNI: done in 0.0730499 secs using 96.72% CPU
Iteration 30 / LogL: -4764.069 / Time: 0h:0m:52s (0h:0m:7s left)
Optimizing NNI: done in 0.0663028 secs using 96.47% CPU
Optimizing NNI: done in 0.0650907 secs using 96.44% CPU
Optimizing NNI: done in 0.066157 secs using 97.95% CPU
Optimizing NNI: done in 0.0635002 secs using 97.93% CPU
Optimizing NNI: done in 0.0596683 secs using 97.68% CPU
Optimizing NNI: done in 0.0802558 secs using 99.36% CPU
Optimizing NNI: done in 0.0605221 secs using 99.34% CPU
Optimizing NNI: done in 0.0451201 secs using 97.23% CPU
Optimizing NNI: done in 0.0873121 secs using 97.12% CPU
Optimizing NNI: done in 0.0622674 secs using 97.8% CPU
Iteration 40 / LogL: -4768.870 / Time: 0h:0m:53s (0h:0m:6s left)
Optimizing NNI: done in 0.0752499 secs using 98.09% CPU
Optimizing NNI: done in 0.0578396 secs using 95.99% CPU
Optimizing NNI: done in 0.0632738 secs using 97.9% CPU
Optimizing NNI: done in 0.0548745 secs using 99.13% CPU
Optimizing NNI: done in 0.096665 secs using 99.45% CPU
Optimizing NNI: done in 0.076226 secs using 98.13% CPU
Optimizing NNI: done in 0.065981 secs using 99.42% CPU
Optimizing NNI: done in 0.0755681 secs using 98.09% CPU
Optimizing NNI: done in 0.0613709 secs using 97.81% CPU
Optimizing NNI: done in 0.0706373 secs using 98.06% CPU
Iteration 50 / LogL: -4764.070 / Time: 0h:0m:53s (0h:0m:5s left)
Log-likelihood cutoff on original alignment: -4789.629
Optimizing NNI: done in 0.0502558 secs using 95.44% CPU
Optimizing NNI: done in 0.0562135 secs using 97.65% CPU
Optimizing NNI: done in 0.0908265 secs using 93.99% CPU
Optimizing NNI: done in 0.0656801 secs using 98.96% CPU
Optimizing NNI: done in 0.0806073 secs using 97% CPU
Optimizing NNI: done in 0.0658433 secs using 98.01% CPU
Optimizing NNI: done in 0.0781177 secs using 96.85% CPU
Optimizing NNI: done in 0.0684991 secs using 99.49% CPU
Optimizing NNI: done in 0.0613688 secs using 99.38% CPU
Optimizing NNI: done in 0.0716492 secs using 99.52% CPU
UPDATE BEST LOG-LIKELIHOOD: -4764.066
Iteration 60 / LogL: -4764.066 / Time: 0h:0m:54s (0h:0m:5s left)
Optimizing NNI: done in 0.0790649 secs using 98.24% CPU
Optimizing NNI: done in 0.0683388 secs using 98.06% CPU
Optimizing NNI: done in 0.0849488 secs using 97.17% CPU
Optimizing NNI: done in 0.0965923 secs using 96.38% CPU
Optimizing NNI: done in 0.0653816 secs using 97.83% CPU
Optimizing NNI: done in 0.0539487 secs using 97.64% CPU
Optimizing NNI: done in 0.0671545 secs using 97.99% CPU
Optimizing NNI: done in 0.0606287 secs using 97.79% CPU
Optimizing NNI: done in 0.0587599 secs using 97.78% CPU
Optimizing NNI: done in 0.0677189 secs using 98% CPU
Iteration 70 / LogL: -4764.159 / Time: 0h:0m:55s (0h:0m:4s left)
Optimizing NNI: done in 0.0866837 secs using 98.3% CPU
Optimizing NNI: done in 0.0352639 secs using 93.77% CPU
Optimizing NNI: done in 0.0601154 secs using 99.4% CPU
Optimizing NNI: done in 0.0686091 secs using 96.65% CPU
Optimizing NNI: done in 0.075083 secs using 94.14% CPU
Optimizing NNI: done in 0.0637313 secs using 97.81% CPU
Optimizing NNI: done in 0.0601645 secs using 99.44% CPU
Optimizing NNI: done in 0.0768104 secs using 99.14% CPU
Optimizing NNI: done in 0.0715809 secs using 99.52% CPU
Optimizing NNI: done in 0.0860286 secs using 99.03% CPU
Iteration 80 / LogL: -4784.052 / Time: 0h:0m:56s (0h:0m:3s left)
Optimizing NNI: done in 0.0774638 secs using 98.21% CPU
Optimizing NNI: done in 0.0824402 secs using 97.07% CPU
Optimizing NNI: done in 0.0666355 secs using 99.41% CPU
Optimizing NNI: done in 0.0928996 secs using 99.44% CPU
Optimizing NNI: done in 0.0650883 secs using 97.87% CPU
Optimizing NNI: done in 0.0838924 secs using 97.95% CPU
Optimizing NNI: done in 0.0775119 secs using 99.47% CPU
Optimizing NNI: done in 0.0652047 secs using 97.53% CPU
Optimizing NNI: done in 0.0525451 secs using 99.33% CPU
Optimizing NNI: done in 0.0638423 secs using 98% CPU
Iteration 90 / LogL: -4764.068 / Time: 0h:0m:56s (0h:0m:2s left)
Optimizing NNI: done in 0.0579995 secs using 94.16% CPU
Optimizing NNI: done in 0.072403 secs using 96.77% CPU
Optimizing NNI: done in 0.0697453 secs using 99.04% CPU
Optimizing NNI: done in 0.0742046 secs using 96.64% CPU
Optimizing NNI: done in 0.0743343 secs using 98.13% CPU
Optimizing NNI: done in 0.0899298 secs using 98.16% CPU
Optimizing NNI: done in 0.0617207 secs using 99.14% CPU
Optimizing NNI: done in 0.0770332 secs using 98.1% CPU
Optimizing NNI: done in 0.0653011 secs using 99.37% CPU
Optimizing NNI: done in 0.0637239 secs using 97.98% CPU
Iteration 100 / LogL: -4764.070 / Time: 0h:0m:57s (0h:0m:2s left)
Log-likelihood cutoff on original alignment: -4791.397
NOTE: Bootstrap correlation coefficient of split occurrence frequencies: 0.997
Optimizing NNI: done in 0.0695758 secs using 98% CPU
Optimizing NNI: done in 0.0832482 secs using 96.93% CPU
Optimizing NNI: done in 0.0486236 secs using 99.57% CPU
Optimizing NNI: done in 0.0748936 secs using 96.81% CPU
Optimizing NNI: done in 0.0559202 secs using 95.55% CPU
Optimizing NNI: done in 0.0660081 secs using 94.96% CPU
Optimizing NNI: done in 0.0710738 secs using 97.96% CPU
Optimizing NNI: done in 0.0653236 secs using 97.92% CPU
Optimizing NNI: done in 0.0630783 secs using 99.45% CPU
Optimizing NNI: done in 0.0689138 secs using 99.45% CPU
Iteration 110 / LogL: -4764.071 / Time: 0h:0m:58s (0h:0m:6s left)
Optimizing NNI: done in 0.0510155 secs using 99.46% CPU
Optimizing NNI: done in 0.0610205 secs using 97.41% CPU
Optimizing NNI: done in 0.0569128 secs using 97.57% CPU
Optimizing NNI: done in 0.0882272 secs using 97.03% CPU
Optimizing NNI: done in 0.0728044 secs using 97.87% CPU
Optimizing NNI: done in 0.0996831 secs using 98.42% CPU
Estimate model parameters (epsilon = 0.100)
BETTER TREE FOUND at iteration 116: -4762.671
Optimizing NNI: done in 0.0698841 secs using 99.37% CPU
Optimizing NNI: done in 0.0646333 secs using 99.4% CPU
Optimizing NNI: done in 0.0708362 secs using 97.98% CPU
Optimizing NNI: done in 0.0735878 secs using 98.09% CPU
Iteration 120 / LogL: -4765.660 / Time: 0h:0m:59s (0h:0m:7s left)
Optimizing NNI: done in 0.067836 secs using 97.93% CPU
Optimizing NNI: done in 0.0637215 secs using 99.4% CPU
Optimizing NNI: done in 0.0679226 secs using 98.03% CPU
Optimizing NNI: done in 0.0751108 secs using 97.82% CPU
Optimizing NNI: done in 0.0534853 secs using 97.1% CPU
Optimizing NNI: done in 0.0625525 secs using 96.12% CPU
Optimizing NNI: done in 0.0527241 secs using 99.42% CPU
Estimate model parameters (epsilon = 0.100)
BETTER TREE FOUND at iteration 127: -4762.490
Optimizing NNI: done in 0.0724773 secs using 99.44% CPU
Optimizing NNI: done in 0.0662585 secs using 97.61% CPU
Optimizing NNI: done in 0.0455888 secs using 99.15% CPU
Iteration 130 / LogL: -4787.955 / Time: 0h:0m:59s (0h:0m:7s left)
Optimizing NNI: done in 0.0706937 secs using 99.11% CPU
Optimizing NNI: done in 0.0750621 secs using 97.97% CPU
Optimizing NNI: done in 0.0651478 secs using 99.52% CPU
Optimizing NNI: done in 0.0661584 secs using 99.37% CPU
Optimizing NNI: done in 0.0630943 secs using 97.63% CPU
Optimizing NNI: done in 0.0719466 secs using 99.37% CPU
Optimizing NNI: done in 0.0568002 secs using 99.27% CPU
Optimizing NNI: done in 0.0714346 secs using 98.08% CPU
Optimizing NNI: done in 0.0653118 secs using 98.01% CPU
Optimizing NNI: done in 0.0575734 secs using 99.38% CPU
Iteration 140 / LogL: -4764.964 / Time: 0h:1m:0s (0h:0m:6s left)
Optimizing NNI: done in 0.0587791 secs using 97.72% CPU
Optimizing NNI: done in 0.0418232 secs using 97.08% CPU
Optimizing NNI: done in 0.0656215 secs using 97.92% CPU
Optimizing NNI: done in 0.0576403 secs using 99.45% CPU
Optimizing NNI: done in 0.0658659 secs using 99.44% CPU
Optimizing NNI: done in 0.094789 secs using 99.45% CPU
Optimizing NNI: done in 0.0655293 secs using 96.41% CPU
Optimizing NNI: done in 0.058961 secs using 97.71% CPU
Optimizing NNI: done in 0.0588782 secs using 95.94% CPU
Optimizing NNI: done in 0.0634387 secs using 98.96% CPU
Iteration 150 / LogL: -4784.944 / Time: 0h:1m:1s (0h:0m:5s left)
Log-likelihood cutoff on original alignment: -4791.630
Optimizing NNI: done in 0.054954 secs using 99.02% CPU
Optimizing NNI: done in 0.0554981 secs using 99.09% CPU
Optimizing NNI: done in 0.0516524 secs using 97.53% CPU
Optimizing NNI: done in 0.0669942 secs using 97.8% CPU
Optimizing NNI: done in 0.0515249 secs using 95.38% CPU
Optimizing NNI: done in 0.0692664 secs using 99.41% CPU
Optimizing NNI: done in 0.0750053 secs using 97.96% CPU
Optimizing NNI: done in 0.0650227 secs using 97.87% CPU
Optimizing NNI: done in 0.0700672 secs using 97.88% CPU
Optimizing NNI: done in 0.0629711 secs using 99.31% CPU
Iteration 160 / LogL: -4764.637 / Time: 0h:1m:1s (0h:0m:4s left)
Optimizing NNI: done in 0.0733328 secs using 97.44% CPU
Optimizing NNI: done in 0.075153 secs using 97.38% CPU
Optimizing NNI: done in 0.0512869 secs using 99.33% CPU
Optimizing NNI: done in 0.0698834 secs using 96.56% CPU
Optimizing NNI: done in 0.0765389 secs using 96.7% CPU
Optimizing NNI: done in 0.0636826 secs using 97.75% CPU
Optimizing NNI: done in 0.065554 secs using 96.28% CPU
Optimizing NNI: done in 0.0693269 secs using 97.91% CPU
Optimizing NNI: done in 0.071201 secs using 99.32% CPU
Optimizing NNI: done in 0.0831307 secs using 99.31% CPU
Iteration 170 / LogL: -4762.527 / Time: 0h:1m:2s (0h:0m:4s left)
Optimizing NNI: done in 0.058872 secs using 99.44% CPU
Optimizing NNI: done in 0.0693124 secs using 97.5% CPU
Optimizing NNI: done in 0.0559687 secs using 96.78% CPU
Optimizing NNI: done in 0.0584927 secs using 96.85% CPU
Optimizing NNI: done in 0.0588986 secs using 99.04% CPU
Optimizing NNI: done in 0.0732417 secs using 97.98% CPU
Optimizing NNI: done in 0.0621543 secs using 99.45% CPU
Optimizing NNI: done in 0.0622526 secs using 97.69% CPU
Optimizing NNI: done in 0.0722124 secs using 97.97% CPU
Optimizing NNI: done in 0.0610202 secs using 97.86% CPU
Iteration 180 / LogL: -4763.144 / Time: 0h:1m:3s (0h:0m:3s left)
Optimizing NNI: done in 0.050658 secs using 97.49% CPU
Optimizing NNI: done in 0.059894 secs using 97.76% CPU
Optimizing NNI: done in 0.0655107 secs using 99.44% CPU
Optimizing NNI: done in 0.0614914 secs using 99.51% CPU
Optimizing NNI: done in 0.0554459 secs using 99.46% CPU
Optimizing NNI: done in 0.0547722 secs using 95.9% CPU
Optimizing NNI: done in 0.0552238 secs using 97.66% CPU
Optimizing NNI: done in 0.0762144 secs using 98.12% CPU
Optimizing NNI: done in 0.0500225 secs using 99.43% CPU
Optimizing NNI: done in 0.0680135 secs using 98% CPU
Iteration 190 / LogL: -4764.515 / Time: 0h:1m:4s (0h:0m:2s left)
Optimizing NNI: done in 0.070384 secs using 99.46% CPU
Optimizing NNI: done in 0.08104 secs using 99.44% CPU
Optimizing NNI: done in 0.0646521 secs using 99.37% CPU
Optimizing NNI: done in 0.0543231 secs using 99.47% CPU
Optimizing NNI: done in 0.0656976 secs using 99.47% CPU
Optimizing NNI: done in 0.0656611 secs using 96.4% CPU
Optimizing NNI: done in 0.0605306 secs using 96.11% CPU
Optimizing NNI: done in 0.0628158 secs using 99.38% CPU
Optimizing NNI: done in 0.0610416 secs using 99.4% CPU
Optimizing NNI: done in 0.0504259 secs using 97.42% CPU
Iteration 200 / LogL: -4768.325 / Time: 0h:1m:4s (0h:0m:1s left)
Log-likelihood cutoff on original alignment: -4791.630
NOTE: Bootstrap correlation coefficient of split occurrence frequencies: 0.976
NOTE: UFBoot does not converge, continue at least 100 more iterations
Optimizing NNI: done in 0.0698839 secs using 96.51% CPU
Optimizing NNI: done in 0.0690471 secs using 95.1% CPU
Optimizing NNI: done in 0.0580513 secs using 97.62% CPU
Optimizing NNI: done in 0.0693262 secs using 99.23% CPU
Optimizing NNI: done in 0.0741547 secs using 96.7% CPU
Optimizing NNI: done in 0.049281 secs using 97.39% CPU
Optimizing NNI: done in 0.0602686 secs using 94.47% CPU
Optimizing NNI: done in 0.0744394 secs using 99.39% CPU
Optimizing NNI: done in 0.0555472 secs using 97.59% CPU
Optimizing NNI: done in 0.0671445 secs using 99.41% CPU
Iteration 210 / LogL: -4762.578 / Time: 0h:1m:5s (0h:0m:6s left)
Optimizing NNI: done in 0.0420605 secs using 99.46% CPU
Optimizing NNI: done in 0.0686884 secs using 97.92% CPU
Optimizing NNI: done in 0.0565002 secs using 97.64% CPU
Optimizing NNI: done in 0.0635704 secs using 99.3% CPU
Optimizing NNI: done in 0.0668376 secs using 97.89% CPU
Optimizing NNI: done in 0.064653 secs using 97.4% CPU
Optimizing NNI: done in 0.0718176 secs using 96.43% CPU
Estimate model parameters (epsilon = 0.100)
BETTER TREE FOUND at iteration 217: -4761.874
Optimizing NNI: done in 0.0523606 secs using 99.28% CPU
UPDATE BEST LOG-LIKELIHOOD: -4761.874
Optimizing NNI: done in 0.0774436 secs using 98.1% CPU
Optimizing NNI: done in 0.0588559 secs using 97.58% CPU
Iteration 220 / LogL: -4761.876 / Time: 0h:1m:6s (0h:0m:7s left)
Optimizing NNI: done in 0.0634696 secs using 99.35% CPU
Optimizing NNI: done in 0.0496698 secs using 97.38% CPU
Optimizing NNI: done in 0.0613917 secs using 99.24% CPU
Optimizing NNI: done in 0.0592828 secs using 97.69% CPU
Optimizing NNI: done in 0.0674517 secs using 96% CPU
Optimizing NNI: done in 0.0793496 secs using 99.33% CPU
Optimizing NNI: done in 0.0696897 secs using 96.42% CPU
Optimizing NNI: done in 0.0676834 secs using 97.82% CPU
Optimizing NNI: done in 0.0631736 secs using 96.25% CPU
Optimizing NNI: done in 0.0760859 secs using 96.55% CPU
Iteration 230 / LogL: -4761.958 / Time: 0h:1m:6s (0h:0m:6s left)
Optimizing NNI: done in 0.0680938 secs using 96.4% CPU
Optimizing NNI: done in 0.0603071 secs using 99.4% CPU
Optimizing NNI: done in 0.0699913 secs using 97.88% CPU
Optimizing NNI: done in 0.0750455 secs using 99.33% CPU
Optimizing NNI: done in 0.0695208 secs using 97.89% CPU
Optimizing NNI: done in 0.0521424 secs using 95.43% CPU
BETTER TREE FOUND at iteration 236: -4761.874
Optimizing NNI: done in 0.0837211 secs using 98.05% CPU
Optimizing NNI: done in 0.0531424 secs using 97.47% CPU
Optimizing NNI: done in 0.0608043 secs using 99.38% CPU
Optimizing NNI: done in 0.0739817 secs using 99.4% CPU
Iteration 240 / LogL: -4761.875 / Time: 0h:1m:7s (0h:0m:6s left)
Optimizing NNI: done in 0.0585146 secs using 99.35% CPU
Optimizing NNI: done in 0.0560225 secs using 95.86% CPU
Optimizing NNI: done in 0.0548594 secs using 97.53% CPU
Optimizing NNI: done in 0.0684045 secs using 96.46% CPU
Optimizing NNI: done in 0.0639387 secs using 97.8% CPU
Optimizing NNI: done in 0.0727377 secs using 96.61% CPU
Optimizing NNI: done in 0.0571371 secs using 99.36% CPU
Optimizing NNI: done in 0.0794731 secs using 99.31% CPU
Optimizing NNI: done in 0.0594799 secs using 97.67% CPU
Optimizing NNI: done in 0.0526492 secs using 99.37% CPU
Iteration 250 / LogL: -4761.875 / Time: 0h:1m:8s (0h:0m:6s left)
Log-likelihood cutoff on original alignment: -4791.207
Optimizing NNI: done in 0.0591687 secs using 95.99% CPU
Optimizing NNI: done in 0.0651356 secs using 99.4% CPU
Optimizing NNI: done in 0.0731909 secs using 99.36% CPU
Optimizing NNI: done in 0.0657312 secs using 97.83% CPU
Optimizing NNI: done in 0.0715895 secs using 96.61% CPU
Optimizing NNI: done in 0.0621106 secs using 97.79% CPU
Optimizing NNI: done in 0.0627352 secs using 99.38% CPU
Optimizing NNI: done in 0.0670476 secs using 97.9% CPU
Optimizing NNI: done in 0.0609457 secs using 94.47% CPU
Optimizing NNI: done in 0.0801127 secs using 96.9% CPU
Iteration 260 / LogL: -4762.123 / Time: 0h:1m:9s (0h:0m:5s left)
Optimizing NNI: done in 0.0602197 secs using 99.34% CPU
Optimizing NNI: done in 0.0509878 secs using 97.45% CPU
Optimizing NNI: done in 0.0597383 secs using 97.7% CPU
Optimizing NNI: done in 0.0628997 secs using 97.81% CPU
Optimizing NNI: done in 0.067926 secs using 99.34% CPU
Optimizing NNI: done in 0.052106 secs using 99.41% CPU
Optimizing NNI: done in 0.0463793 secs using 99.35% CPU
Optimizing NNI: done in 0.0685425 secs using 97.92% CPU
Optimizing NNI: done in 0.0530398 secs using 93.71% CPU
Optimizing NNI: done in 0.0671326 secs using 97.84% CPU
Iteration 270 / LogL: -4761.874 / Time: 0h:1m:9s (0h:0m:4s left)
Optimizing NNI: done in 0.0587498 secs using 99.38% CPU
Optimizing NNI: done in 0.0641375 secs using 99.34% CPU
Optimizing NNI: done in 0.0779911 secs using 98.05% CPU
Optimizing NNI: done in 0.0620631 secs using 99.36% CPU
Optimizing NNI: done in 0.0673294 secs using 99.37% CPU
Optimizing NNI: done in 0.0526423 secs using 99.41% CPU
Optimizing NNI: done in 0.0692805 secs using 99.36% CPU
Optimizing NNI: done in 0.0585414 secs using 99.41% CPU
Optimizing NNI: done in 0.0626012 secs using 96.22% CPU
Optimizing NNI: done in 0.0632794 secs using 96.2% CPU
Iteration 280 / LogL: -4761.874 / Time: 0h:1m:10s (0h:0m:4s left)
Optimizing NNI: done in 0.0743263 secs using 96.65% CPU
Optimizing NNI: done in 0.0555801 secs using 97.44% CPU
Optimizing NNI: done in 0.0667885 secs using 97.84% CPU
Optimizing NNI: done in 0.0492519 secs using 97.32% CPU
Optimizing NNI: done in 0.0644528 secs using 99.31% CPU
Optimizing NNI: done in 0.0538263 secs using 97.44% CPU
Optimizing NNI: done in 0.0559966 secs using 99.35% CPU
Optimizing NNI: done in 0.0565927 secs using 99.35% CPU
Optimizing NNI: done in 0.0622727 secs using 97.77% CPU
Optimizing NNI: done in 0.082372 secs using 95.74% CPU
Iteration 290 / LogL: -4761.958 / Time: 0h:1m:11s (0h:0m:3s left)
Optimizing NNI: done in 0.0611838 secs using 99.34% CPU
Optimizing NNI: done in 0.0625203 secs using 99.36% CPU
Optimizing NNI: done in 0.0731766 secs using 98% CPU
Optimizing NNI: done in 0.0545906 secs using 97.51% CPU
Optimizing NNI: done in 0.0488882 secs using 99.38% CPU
Optimizing NNI: done in 0.0600862 secs using 99.37% CPU
Optimizing NNI: done in 0.0532212 secs using 97.53% CPU
Optimizing NNI: done in 0.0486859 secs using 95.28% CPU
Optimizing NNI: done in 0.0568017 secs using 97.6% CPU
Optimizing NNI: done in 0.0475454 secs using 93.14% CPU
Iteration 300 / LogL: -4784.616 / Time: 0h:1m:11s (0h:0m:2s left)
Log-likelihood cutoff on original alignment: -4791.458
NOTE: Bootstrap correlation coefficient of split occurrence frequencies: 0.984
NOTE: UFBoot does not converge, continue at least 100 more iterations
Optimizing NNI: done in 0.0700986 secs using 96.53% CPU
Optimizing NNI: done in 0.0621058 secs using 96.19% CPU
Optimizing NNI: done in 0.0848148 secs using 98.2% CPU
Optimizing NNI: done in 0.0838748 secs using 99.4% CPU
Optimizing NNI: done in 0.0690904 secs using 97.92% CPU
Optimizing NNI: done in 0.059347 secs using 99.4% CPU
Optimizing NNI: done in 0.0775936 secs using 99.4% CPU
Optimizing NNI: done in 0.0487145 secs using 97.27% CPU
Optimizing NNI: done in 0.0512998 secs using 95.53% CPU
Optimizing NNI: done in 0.0683309 secs using 99.41% CPU
Iteration 310 / LogL: -4761.963 / Time: 0h:1m:12s (0h:0m:6s left)
Optimizing NNI: done in 0.0668788 secs using 94.88% CPU
Optimizing NNI: done in 0.0610772 secs using 96.11% CPU
Optimizing NNI: done in 0.0592198 secs using 97.7% CPU
Optimizing NNI: done in 0.0578752 secs using 99.33% CPU
Optimizing NNI: done in 0.0782448 secs using 99.38% CPU
Optimizing NNI: done in 0.069578 secs using 97.92% CPU
Optimizing NNI: done in 0.0743738 secs using 96.69% CPU
Optimizing NNI: done in 0.0610717 secs using 96.11% CPU
Optimizing NNI: done in 0.0563487 secs using 99.4% CPU
Optimizing NNI: done in 0.0644123 secs using 99.38% CPU
Iteration 320 / LogL: -4761.958 / Time: 0h:1m:13s (0h:0m:5s left)
Optimizing NNI: done in 0.0751794 secs using 99.4% CPU
Optimizing NNI: done in 0.0532795 secs using 97.53% CPU
Optimizing NNI: done in 0.0422543 secs using 97.08% CPU
Optimizing NNI: done in 0.0544543 secs using 99.42% CPU
Optimizing NNI: done in 0.0612395 secs using 97.8% CPU
Optimizing NNI: done in 0.0624193 secs using 97.82% CPU
Optimizing NNI: done in 0.0538173 secs using 97.52% CPU
Optimizing NNI: done in 0.0619492 secs using 99.37% CPU
Optimizing NNI: done in 0.0622799 secs using 94.61% CPU
Optimizing NNI: done in 0.064358 secs using 96.3% CPU
Iteration 330 / LogL: -4763.897 / Time: 0h:1m:13s (0h:0m:5s left)
Optimizing NNI: done in 0.0587502 secs using 97.66% CPU
Optimizing NNI: done in 0.0762213 secs using 99.38% CPU
Optimizing NNI: done in 0.0724201 secs using 95.24% CPU
Optimizing NNI: done in 0.0587122 secs using 94.28% CPU
Optimizing NNI: done in 0.0563815 secs using 97.61% CPU
Optimizing NNI: done in 0.056513 secs using 97.63% CPU
BETTER TREE FOUND at iteration 336: -4761.874
Optimizing NNI: done in 0.065526 secs using 99.33% CPU
Optimizing NNI: done in 0.0614999 secs using 99.34% CPU
Optimizing NNI: done in 0.0781939 secs using 95.53% CPU
Optimizing NNI: done in 0.0547643 secs using 97.53% CPU
Iteration 340 / LogL: -4763.810 / Time: 0h:1m:14s (0h:0m:6s left)
Optimizing NNI: done in 0.056815 secs using 97.58% CPU
Optimizing NNI: done in 0.0743649 secs using 99.32% CPU
Optimizing NNI: done in 0.0548223 secs using 97.53% CPU
Optimizing NNI: done in 0.0544874 secs using 99.38% CPU
Optimizing NNI: done in 0.0506392 secs using 97.46% CPU
Optimizing NNI: done in 0.0684788 secs using 95.02% CPU
Optimizing NNI: done in 0.0643818 secs using 99.38% CPU
Optimizing NNI: done in 0.0739556 secs using 98.02% CPU
Optimizing NNI: done in 0.101017 secs using 98.37% CPU
Optimizing NNI: done in 0.0773188 secs using 98.07% CPU
Iteration 350 / LogL: -4762.105 / Time: 0h:1m:15s (0h:0m:6s left)
Log-likelihood cutoff on original alignment: -4791.135
Optimizing NNI: done in 0.0484512 secs using 95.2% CPU
Optimizing NNI: done in 0.0675209 secs using 97.83% CPU
Optimizing NNI: done in 0.0433915 secs using 97.04% CPU
Optimizing NNI: done in 0.0576022 secs using 99.35% CPU
Optimizing NNI: done in 0.0516659 secs using 91.65% CPU
Optimizing NNI: done in 0.0711955 secs using 99.37% CPU
Optimizing NNI: done in 0.07398 secs using 99.33% CPU
Optimizing NNI: done in 0.0587189 secs using 97.63% CPU
Optimizing NNI: done in 0.0503431 secs using 97.41% CPU
Optimizing NNI: done in 0.0653336 secs using 97.87% CPU
Iteration 360 / LogL: -4761.875 / Time: 0h:1m:15s (0h:0m:5s left)
Optimizing NNI: done in 0.0768659 secs using 95.48% CPU
Optimizing NNI: done in 0.0582958 secs using 99.35% CPU
Optimizing NNI: done in 0.0630713 secs using 96.17% CPU
Optimizing NNI: done in 0.0541829 secs using 99.35% CPU
Optimizing NNI: done in 0.0698219 secs using 97.95% CPU
Optimizing NNI: done in 0.0544388 secs using 97.48% CPU
Optimizing NNI: done in 0.051635 secs using 97.44% CPU
Optimizing NNI: done in 0.0649885 secs using 97.8% CPU
Optimizing NNI: done in 0.0631014 secs using 97.76% CPU
Optimizing NNI: done in 0.06526 secs using 97.86% CPU
Iteration 370 / LogL: -4763.686 / Time: 0h:1m:16s (0h:0m:4s left)
Optimizing NNI: done in 0.059874 secs using 97.69% CPU
Optimizing NNI: done in 0.0543101 secs using 97.55% CPU
Optimizing NNI: done in 0.0716058 secs using 96.56% CPU
Optimizing NNI: done in 0.0731673 secs using 96.63% CPU
Optimizing NNI: done in 0.0721231 secs using 97.94% CPU
Optimizing NNI: done in 0.0752104 secs using 98.05% CPU
Optimizing NNI: done in 0.0617417 secs using 97.82% CPU
Optimizing NNI: done in 0.0681926 secs using 92.17% CPU
Optimizing NNI: done in 0.0546878 secs using 99.47% CPU
Optimizing NNI: done in 0.055529 secs using 97.64% CPU
Iteration 380 / LogL: -4761.874 / Time: 0h:1m:17s (0h:0m:4s left)
Optimizing NNI: done in 0.0614413 secs using 99.44% CPU
Optimizing NNI: done in 0.0614725 secs using 97.85% CPU
Optimizing NNI: done in 0.0743167 secs using 98.09% CPU
Optimizing NNI: done in 0.0692821 secs using 96.56% CPU
Optimizing NNI: done in 0.0652891 secs using 99.42% CPU
Optimizing NNI: done in 0.0678121 secs using 98% CPU
UPDATE BEST LOG-LIKELIHOOD: -4761.874
Optimizing NNI: done in 0.0559571 secs using 97.63% CPU
Optimizing NNI: done in 0.0554243 secs using 97.64% CPU
Optimizing NNI: done in 0.0557676 secs using 97.68% CPU
Optimizing NNI: done in 0.0738735 secs using 99.47% CPU
Iteration 390 / LogL: -4761.875 / Time: 0h:1m:18s (0h:0m:3s left)
Optimizing NNI: done in 0.0562631 secs using 97.72% CPU
Optimizing NNI: done in 0.0588447 secs using 97.76% CPU
Optimizing NNI: done in 0.0740734 secs using 98.07% CPU
Optimizing NNI: done in 0.0602307 secs using 99.5% CPU
Optimizing NNI: done in 0.0786834 secs using 98.17% CPU
Optimizing NNI: done in 0.0692593 secs using 98.05% CPU
Optimizing NNI: done in 0.0794703 secs using 98.25% CPU
Optimizing NNI: done in 0.063632 secs using 99.41% CPU
Optimizing NNI: done in 0.0587161 secs using 99.39% CPU
Optimizing NNI: done in 0.0628026 secs using 97.86% CPU
Iteration 400 / LogL: -4764.173 / Time: 0h:1m:18s (0h:0m:2s left)
Log-likelihood cutoff on original alignment: -4792.268
NOTE: Bootstrap correlation coefficient of split occurrence frequencies: 0.989
NOTE: UFBoot does not converge, continue at least 100 more iterations
Optimizing NNI: done in 0.0563199 secs using 97.62% CPU
Optimizing NNI: done in 0.0642417 secs using 97.92% CPU
Optimizing NNI: done in 0.0630202 secs using 97.83% CPU
Optimizing NNI: done in 0.0567451 secs using 99.4% CPU
Optimizing NNI: done in 0.0669115 secs using 96.41% CPU
Optimizing NNI: done in 0.0696556 secs using 96.63% CPU
Optimizing NNI: done in 0.0553311 secs using 99.46% CPU
Optimizing NNI: done in 0.0666724 secs using 97.99% CPU
Optimizing NNI: done in 0.0573744 secs using 96% CPU
Optimizing NNI: done in 0.0639899 secs using 99.45% CPU
Iteration 410 / LogL: -4761.958 / Time: 0h:1m:19s (0h:0m:6s left)
Optimizing NNI: done in 0.0727617 secs using 98.09% CPU
Optimizing NNI: done in 0.0466057 secs using 95.09% CPU
Optimizing NNI: done in 0.0729212 secs using 98.12% CPU
Optimizing NNI: done in 0.0624115 secs using 94.58% CPU
Optimizing NNI: done in 0.0509012 secs using 99.44% CPU
Optimizing NNI: done in 0.069334 secs using 98.01% CPU
Optimizing NNI: done in 0.062756 secs using 96.24% CPU
Optimizing NNI: done in 0.0799519 secs using 99.39% CPU
Optimizing NNI: done in 0.0682539 secs using 97.97% CPU
Optimizing NNI: done in 0.0603123 secs using 97.77% CPU
Iteration 420 / LogL: -4762.112 / Time: 0h:1m:20s (0h:0m:5s left)
Optimizing NNI: done in 0.0563506 secs using 95.9% CPU
Optimizing NNI: done in 0.0620447 secs using 99.46% CPU
Optimizing NNI: done in 0.0659626 secs using 97.98% CPU
Optimizing NNI: done in 0.0608919 secs using 97.86% CPU
Optimizing NNI: done in 0.0660439 secs using 97.96% CPU
Optimizing NNI: done in 0.0765554 secs using 99.49% CPU
Optimizing NNI: done in 0.0546743 secs using 93.97% CPU
Optimizing NNI: done in 0.0668899 secs using 97.96% CPU
Optimizing NNI: done in 0.0747628 secs using 99.46% CPU
Optimizing NNI: done in 0.0536191 secs using 97.53% CPU
Iteration 430 / LogL: -4761.876 / Time: 0h:1m:20s (0h:0m:5s left)
Optimizing NNI: done in 0.0693646 secs using 99.36% CPU
Optimizing NNI: done in 0.0696259 secs using 97.95% CPU
Optimizing NNI: done in 0.0714029 secs using 99.34% CPU
Optimizing NNI: done in 0.0501944 secs using 99.38% CPU
Optimizing NNI: done in 0.0565724 secs using 99.38% CPU
Optimizing NNI: done in 0.0637289 secs using 97.53% CPU
Optimizing NNI: done in 0.0660029 secs using 99.46% CPU
Optimizing NNI: done in 0.0413717 secs using 99.45% CPU
Optimizing NNI: done in 0.0593642 secs using 99.34% CPU
Optimizing NNI: done in 0.0589852 secs using 99.48% CPU
Iteration 440 / LogL: -4763.939 / Time: 0h:1m:21s (0h:0m:4s left)
Optimizing NNI: done in 0.0558533 secs using 99.44% CPU
Optimizing NNI: done in 0.0683666 secs using 98% CPU
Optimizing NNI: done in 0.077887 secs using 99.43% CPU
Optimizing NNI: done in 0.0627721 secs using 97.83% CPU
Optimizing NNI: done in 0.0552072 secs using 97.58% CPU
UPDATE BEST LOG-LIKELIHOOD: -4761.874
Optimizing NNI: done in 0.0525046 secs using 99.4% CPU
Optimizing NNI: done in 0.0596514 secs using 96.08% CPU
Optimizing NNI: done in 0.0750015 secs using 95.54% CPU
Optimizing NNI: done in 0.0650749 secs using 97.99% CPU
Optimizing NNI: done in 0.0574962 secs using 95.8% CPU
Iteration 450 / LogL: -4762.621 / Time: 0h:1m:22s (0h:0m:3s left)
Log-likelihood cutoff on original alignment: -4792.940
Optimizing NNI: done in 0.06894 secs using 99.18% CPU
Optimizing NNI: done in 0.0647423 secs using 97.99% CPU
Optimizing NNI: done in 0.0526258 secs using 99.44% CPU
Optimizing NNI: done in 0.0719699 secs using 99.4% CPU
Optimizing NNI: done in 0.0588645 secs using 99.39% CPU
Optimizing NNI: done in 0.0618461 secs using 99.38% CPU
Optimizing NNI: done in 0.0656897 secs using 97.91% CPU
Optimizing NNI: done in 0.0697822 secs using 96.51% CPU
Optimizing NNI: done in 0.0639328 secs using 97.82% CPU
Optimizing NNI: done in 0.0600966 secs using 97.7% CPU
Iteration 460 / LogL: -4761.885 / Time: 0h:1m:23s (0h:0m:2s left)
Optimizing NNI: done in 0.0782523 secs using 99.37% CPU
Optimizing NNI: done in 0.0726199 secs using 97.97% CPU
Optimizing NNI: done in 0.0495425 secs using 99.36% CPU
Optimizing NNI: done in 0.0552604 secs using 99.39% CPU
Optimizing NNI: done in 0.0692356 secs using 97.93% CPU
Optimizing NNI: done in 0.0578998 secs using 99.42% CPU
Optimizing NNI: done in 0.053688 secs using 99.41% CPU
Optimizing NNI: done in 0.0796497 secs using 99.37% CPU
Optimizing NNI: done in 0.0700088 secs using 96.53% CPU
Optimizing NNI: done in 0.0817912 secs using 98.2% CPU
Iteration 470 / LogL: -4763.044 / Time: 0h:1m:23s (0h:0m:2s left)
Optimizing NNI: done in 0.0741619 secs using 96.41% CPU
Optimizing NNI: done in 0.0642553 secs using 97.36% CPU
Optimizing NNI: done in 0.0638183 secs using 97.41% CPU
Optimizing NNI: done in 0.0610732 secs using 99.13% CPU
Optimizing NNI: done in 0.065196 secs using 99.36% CPU
Optimizing NNI: done in 0.0681995 secs using 99.35% CPU
Optimizing NNI: done in 0.071897 secs using 99.35% CPU
Optimizing NNI: done in 0.0682017 secs using 99.38% CPU
Optimizing NNI: done in 0.0713402 secs using 98% CPU
Optimizing NNI: done in 0.0709063 secs using 95.16% CPU
Iteration 480 / LogL: -4761.987 / Time: 0h:1m:24s (0h:0m:1s left)
Optimizing NNI: done in 0.0565577 secs using 99.4% CPU
Optimizing NNI: done in 0.0564415 secs using 97.62% CPU
Optimizing NNI: done in 0.0652866 secs using 96.35% CPU
Optimizing NNI: done in 0.0504615 secs using 97.4% CPU
Optimizing NNI: done in 0.0681854 secs using 99.36% CPU
Optimizing NNI: done in 0.0744379 secs using 95.35% CPU
Optimizing NNI: done in 0.0765174 secs using 98.07% CPU
Optimizing NNI: done in 0.0651619 secs using 99.37% CPU
Optimizing NNI: done in 0.0556068 secs using 99.39% CPU
Optimizing NNI: done in 0.0619006 secs using 99.31% CPU
Iteration 490 / LogL: -4761.874 / Time: 0h:1m:25s (0h:0m:0s left)
Optimizing NNI: done in 0.0592052 secs using 99.33% CPU
Optimizing NNI: done in 0.0586365 secs using 99.36% CPU
Optimizing NNI: done in 0.0694629 secs using 99.34% CPU
Optimizing NNI: done in 0.0604508 secs using 99.39% CPU
Optimizing NNI: done in 0.0565135 secs using 99.35% CPU
Optimizing NNI: done in 0.0651827 secs using 97.88% CPU
Optimizing NNI: done in 0.0467695 secs using 97.25% CPU
Optimizing NNI: done in 0.0609247 secs using 96.1% CPU
Optimizing NNI: done in 0.0588981 secs using 99.35% CPU
Optimizing NNI: done in 0.074888 secs using 98.07% CPU
Iteration 500 / LogL: -4762.709 / Time: 0h:1m:25s (0h:0m:0s left)
Log-likelihood cutoff on original alignment: -4792.940
NOTE: Bootstrap correlation coefficient of split occurrence frequencies: 0.997
TREE SEARCH COMPLETED AFTER 500 ITERATIONS / Time: 0h:1m:26s

--------------------------------------------------------------------
|                    FINALIZING TREE SEARCH                        |
--------------------------------------------------------------------
Performs final model parameters optimization
Estimate model parameters (epsilon = 0.010)
1. Initial log-likelihood: -4761.874
Optimal log-likelihood: -4761.874
Rate parameters:  A-C: 1.00000  A-G: 3.22705  A-T: 1.00000  C-G: 1.00000  C-T: 3.22705  G-T: 1.00000
Base frequencies:  A: 0.249  C: 0.243  G: 0.249  T: 0.259
Gamma shape alpha: 0.878
Parameters optimization took 1 rounds (0.007 sec)
BEST SCORE FOUND : -4761.874
Creating bootstrap support values...
Split supports printed to NEXUS file results_moss_new/07_phylogeny/All/G6393.splits.nex
Total tree length: 3.307

Total number of iterations: 500
CPU time used for tree search: 35.160 sec (0h:0m:35s)
Wall-clock time used for tree search: 35.853 sec (0h:0m:35s)
Total CPU time used: 90.629 sec (0h:1m:30s)
Total wall-clock time used: 86.160 sec (0h:1m:26s)

Computing bootstrap consensus tree...
Reading input file results_moss_new/07_phylogeny/All/G6393.splits.nex...
53 taxa and 619 splits.
Consensus tree written to results_moss_new/07_phylogeny/All/G6393.contree
Reading input trees file results_moss_new/07_phylogeny/All/G6393.contree
Log-likelihood of consensus tree: -4763.309

Analysis results written to: 
  IQ-TREE report:                results_moss_new/07_phylogeny/All/G6393.iqtree
  Maximum-likelihood tree:       results_moss_new/07_phylogeny/All/G6393.treefile
  Likelihood distances:          results_moss_new/07_phylogeny/All/G6393.mldist

Ultrafast bootstrap approximation results written to:
  Split support values:          results_moss_new/07_phylogeny/All/G6393.splits.nex
  Consensus tree:                results_moss_new/07_phylogeny/All/G6393.contree
  Screen log file:               results_moss_new/07_phylogeny/All/G6393.log

Date and Time: Fri Jun 12 07:42:43 2026
