IQ-TREE version 3.0.1 for Linux x86 64-bit built Jul  9 2025
Developed by Bui Quang Minh, Thomas Wong, Nhan Ly-Trong, Huaiyan Ren
Contributed by Lam-Tung Nguyen, Dominik Schrempf, Chris Bielow,
Olga Chernomor, Michael Woodhams, Diep Thi Hoang, Heiko Schmidt

Host:    c0711a-s19.ufhpc (AVX2, FMA3, 503 GB RAM)
Command: iqtree -s results_moss_new/06_alignment/All/trimmed/G6405.trimmed.aln --prefix results_moss_new/07_phylogeny/All/G6405 -m MFP -B 1000 -T AUTO
Seed:    333850 (Using SPRNG - Scalable Parallel Random Number Generator)
Time:    Fri Jun 12 02:44:18 2026
Kernel:  AVX+FMA - auto-detect threads (8 CPU cores detected)

Reading alignment file results_moss_new/06_alignment/All/trimmed/G6405.trimmed.aln ... Fasta format detected
Reading fasta file: done in 0.0177358 secs using 4.279% CPU
Alignment most likely contains DNA/RNA sequences
Constructing alignment: done in 0.000706528 secs using 72.18% CPU
Alignment has 52 sequences with 1080 columns, 912 distinct patterns
793 parsimony-informative, 95 singleton sites, 192 constant sites
                  Gap/Ambiguity  Composition  p-value
Analyzing sequences: done in 9.1843e-05 secs
   1  S0037_G6405_R1_A    9.63%    passed     97.40%
   2  S0035_G6405_R1_A   10.19%    passed     43.06%
   3  S0006_G6405_R1_A   12.22%    passed     24.63%
   4  S0033_G6405_R1_A    1.48%    passed     92.85%
   5  S0028_G6405_R1_A    0.56%    passed     68.51%
   6  S0023_G6405_R1_A    0.65%    passed     76.83%
   7  S0026_G6405_R1_A    1.02%    passed     77.60%
   8  S0021_G6405_R1_U    1.30%    passed     71.33%
   9  S0030_G6405_R1_A    1.85%    passed     99.24%
  10  S0030_G6405_R2_A    1.67%    passed     98.60%
  11  S0022_G6405_R1_A    0.74%    passed     98.36%
  12  S0018_G6405_R1_A    0.93%    passed     91.26%
  13  S0031_G6405_R1_A    1.11%    passed     88.43%
  14  S0016_G6405_R1_A    0.83%    passed     88.26%
  15  S0046_G6405_R1_A    2.78%    passed     77.61%
  16  S0004_G6405_R1_A    0.93%    passed     68.93%
  17  S0017_G6405_R1_A    1.02%    passed     73.61%
  18  S0034_G6405_R1_A    4.91%    passed     29.47%
  19  S0015_G6405_R1_A    5.09%    passed     16.57%
  20  S0014_G6405_R1_U    5.93%    passed     44.81%
  21  S0008_G6405_R1_A   12.78%    passed     48.11%
  22  S0039_G6405_R1_A   27.78%    passed     89.59%
  23  S0051_G6405_R1_A   28.15%    passed     79.87%
  24  S0003_G6405_R1_N   18.98%    passed      5.94%
  25  S0049_G6405_R1_A    7.13%    passed     74.43%
  26  S0032_G6405_R2_N   11.39%    passed     20.67%
  27  S0001_G6405_R1_A   10.28%    passed     17.79%
  28  S0024_G6405_R1_A   11.67%    passed     33.09%
  29  S0032_G6405_R1_N   10.19%    passed     12.25%
  30  S0025_G6405_R1_A   15.09%    passed     53.84%
  31  S0029_G6405_R1_A   11.76%    passed     45.37%
  32  S0005_G6405_R1_A    9.44%    passed     85.44%
  33  S0012_G6405_R1_A    8.52%    passed     44.72%
  34  S0048_G6405_R1_A    8.06%    passed     49.23%
  35  S0050_G6405_R1_A    8.43%    passed     81.39%
  36  S0043_G6405_R1_N   22.13%    passed     62.20%
  37  S0041_G6405_R1_N   22.13%    passed     67.89%
  38  S0047_G6405_R1_N   22.13%    passed     62.65%
  39  S0038_G6405_R1_A   22.13%    passed     62.99%
  40  S0040_G6405_R1_N   22.13%    passed     82.00%
  41  S0045_G6405_R1_A   22.13%    passed     68.92%
  42  S0044_G6405_R1_N   22.13%    passed     76.27%
  43  S0042_G6405_R1_N   22.13%    passed     71.66%
  44  S0002_G6405_R1_A   13.15%    failed      2.75%
  45  S0020_G6405_R1_A   15.28%    passed     18.76%
  46  S0011_G6405_R1_A   13.43%    passed     14.39%
  47  S0036_G6405_R1_U   15.74%    failed      4.62%
  48  S0019_G6405_R1_A   15.37%    passed     10.50%
  49  S0014_G6405_R2_U    8.70%    passed     89.86%
  50  S0027_G6405_R1_A    8.70%    passed     86.47%
  51  S0009_G6405_R1_A    9.72%    passed     18.38%
  52  S0010_G6405_R1_A   11.57%    passed     72.99%
****  TOTAL              10.64%  2 sequences failed composition chi2 test (p-value<5%; df=3)
Checking for duplicate sequences: done in 0.000116409 secs


Create initial parsimony tree by phylogenetic likelihood library (PLL)... 0.013 seconds
Measuring multi-threading efficiency up to 8 CPU cores
Increase to 10 rounds for branch lengths
128 trees examined
Threads: 1 / Time: 8.034 sec / Speedup: 1.000 / Efficiency: 100% / LogL: -26803
Threads: 2 / Time: 18.540 sec / Speedup: 0.433 / Efficiency: 22% / LogL: -26803
Determining AUTO threadcount: done in 26.5739 secs using 114.7% CPU
BEST NUMBER OF THREADS: 1

Perform fast likelihood tree search using GTR+I+G model...
Estimate model parameters (epsilon = 5.000)
Perform nearest neighbor interchange...
Optimizing NNI: done in 0.0770968 secs using 98.15% CPU
Estimate model parameters (epsilon = 1.000)
1. Initial log-likelihood: -15874.464
Optimal log-likelihood: -15873.954
Rate parameters:  A-C: 0.96250  A-G: 2.84188  A-T: 1.09234  C-G: 1.00859  C-T: 3.24795  G-T: 1.00000
Base frequencies:  A: 0.260  C: 0.206  G: 0.226  T: 0.309
Proportion of invariable sites: 0.142
Gamma shape alpha: 3.857
Parameters optimization took 1 rounds (0.050 sec)
Time for fast ML tree search: 0.371 seconds

NOTE: ModelFinder requires 18 MB RAM!
ModelFinder will test up to 968 DNA models (sample size: 1080 epsilon: 0.100) ...
 No. Model         -LnL         df  AIC          AICc         BIC
  1  JC            16610.242    101 33422.485    33443.552    33925.941
  2  JC+I          16333.020    102 32870.041    32891.547    33378.482
  3  JC+G4         16336.943    102 32877.886    32899.392    33386.327
  4  JC+I+G4       16290.055    103 32786.110    32808.061    33299.536
  5  JC+R2         16300.843    103 32807.686    32829.636    33321.111
  6  JC+R3         16291.623    105 32793.246    32816.100    33316.641
  7  JC+R4         16290.507    107 32795.014    32818.792    33328.379
 14  JC+I+R2       16290.378    104 32788.755    32811.155    33307.166
 15  JC+I+R3       16289.326    106 32790.653    32813.966    33319.032
 26  JC+I+G4       16290.055    103 32786.110    32808.061    33299.536
 36  JC+I+R2       16290.378    104 32788.755    32811.155    33307.166
 48  F81+I+G4      16290.053    103 32786.107    32808.058    33299.533
 58  F81+I+R2      16290.364    104 32788.728    32811.128    33307.139
 70  F81+F+I+G4    16247.732    106 32707.465    32730.778    33235.844
 80  F81+F+I+R2    16247.785    107 32709.570    32733.348    33242.934
 92  K2P+I+G4      15944.599    104 32097.199    32119.599    32615.609
102  K2P+I+R2      15945.535    105 32101.071    32123.925    32624.466
114  K2P+I+G4      15944.599    104 32097.199    32119.599    32615.609
124  K2P+I+R2      15945.535    105 32101.071    32123.925    32624.466
136  HKY+I+G4      15944.571    104 32097.142    32119.542    32615.553
146  HKY+I+R2      15945.505    105 32101.011    32123.865    32624.406
158  HKY+F+I+G4    15877.112    107 31968.223    31992.001    32501.588
168  HKY+F+I+R2    15877.646    108 31971.292    31995.539    32509.642
180  TNe+I+G4      15941.588    105 32093.176    32116.030    32616.571
190  TNe+I+R2      15942.358    106 32096.716    32120.029    32625.096
202  TNe+I+G4      15941.588    105 32093.176    32116.030    32616.571
212  TNe+I+R2      15942.358    106 32096.716    32120.029    32625.096
224  TN+I+G4       15941.582    105 32093.164    32116.019    32616.560
234  TN+I+R2       15942.347    106 32096.693    32120.007    32625.073
246  TN+F+I+G4     15874.836    108 31965.673    31989.920    32504.022
256  TN+F+I+R2     15875.265    109 31968.529    31993.251    32511.863
268  K3P+I+G4      15942.638    105 32095.277    32118.131    32618.672
278  K3P+I+R2      15943.549    106 32099.098    32122.412    32627.478
290  K3P+I+G4      15942.638    105 32095.277    32118.131    32618.672
300  K3P+I+R2      15943.549    106 32099.098    32122.412    32627.478
312  K3Pu+I+G4     15942.619    105 32095.237    32118.091    32618.632
322  K3Pu+I+R2     15943.533    106 32099.065    32122.379    32627.445
334  K3Pu+F+I+G4   15876.541    108 31969.082    31993.329    32507.431
344  K3Pu+F+I+R2   15877.095    109 31972.189    31996.911    32515.523
356  TPM2+I+G4     15942.026    105 32094.053    32116.907    32617.448
366  TPM2+I+R2     15943.203    106 32098.407    32121.720    32626.787
378  TPM2+I+G4     15942.026    105 32094.053    32116.907    32617.448
388  TPM2+I+R2     15943.203    106 32098.407    32121.720    32626.787
400  TPM2u+I+G4    15942.016    105 32094.031    32116.885    32617.426
410  TPM2u+I+R2    15943.187    106 32098.375    32121.688    32626.755
422  TPM2u+F+I+G4  15876.967    108 31969.934    31994.181    32508.283
432  TPM2u+F+I+R2  15877.567    109 31973.134    31997.856    32516.468
444  TPM3+I+G4     15930.564    105 32071.129    32093.983    32594.524
454  TPM3+I+R2     15931.627    106 32075.254    32098.568    32603.634
466  TPM3+I+G4     15930.564    105 32071.129    32093.983    32594.524
476  TPM3+I+R2     15931.627    106 32075.254    32098.568    32603.634
488  TPM3u+I+G4    15930.557    105 32071.115    32093.969    32594.510
498  TPM3u+I+R2    15931.606    106 32075.212    32098.526    32603.592
510  TPM3u+F+I+G4  15876.648    108 31969.295    31993.542    32507.645
520  TPM3u+F+I+R2  15877.200    109 31972.401    31997.123    32515.735
532  TIMe+I+G4     15939.654    106 32091.307    32114.621    32619.687
542  TIMe+I+R2     15940.366    107 32094.732    32118.510    32628.097
554  TIMe+I+G4     15939.654    106 32091.307    32114.621    32619.687
564  TIMe+I+R2     15940.366    107 32094.732    32118.510    32628.097
576  TIM+I+G4      15939.642    106 32091.283    32114.597    32619.663
586  TIM+I+R2      15940.354    107 32094.708    32118.486    32628.073
598  TIM+F+I+G4    15874.259    109 31966.517    31991.239    32509.851
608  TIM+F+I+R2    15874.715    110 31969.429    31994.630    32517.748
620  TIM2e+I+G4    15939.067    106 32090.133    32113.447    32618.513
630  TIM2e+I+R2    15940.116    107 32094.231    32118.009    32627.596
642  TIM2e+I+G4    15939.067    106 32090.133    32113.447    32618.513
652  TIM2e+I+R2    15940.116    107 32094.231    32118.009    32627.596
664  TIM2+I+G4     15939.060    106 32090.121    32113.434    32618.501
674  TIM2+I+R2     15940.100    107 32094.200    32117.977    32627.564
686  TIM2+F+I+G4   15874.705    109 31967.410    31992.132    32510.744
696  TIM2+F+I+R2   15875.184    110 31970.368    31995.569    32518.687
708  TIM3e+I+G4    15927.210    106 32066.420    32089.733    32594.800
718  TIM3e+I+R2    15928.079    107 32070.159    32093.936    32603.523
730  TIM3e+I+G4    15927.210    106 32066.420    32089.733    32594.800
740  TIM3e+I+R2    15928.079    107 32070.159    32093.936    32603.523
752  TIM3+I+G4     15927.204    106 32066.408    32089.722    32594.788
762  TIM3+I+R2     15928.055    107 32070.110    32093.888    32603.474
774  TIM3+F+I+G4   15874.394    109 31966.788    31991.510    32510.122
784  TIM3+F+I+R2   15874.822    110 31969.644    31994.845    32517.963
796  TVMe+I+G4     15927.317    107 32068.635    32092.413    32602.000
806  TVMe+I+R2     15928.719    108 32073.438    32097.685    32611.787
818  TVMe+I+G4     15927.317    107 32068.635    32092.413    32602.000
828  TVMe+I+R2     15928.719    108 32073.438    32097.685    32611.787
840  TVM+I+G4      15927.309    107 32068.618    32092.395    32601.982
850  TVM+I+R2      15928.683    108 32073.365    32097.612    32611.715
862  TVM+F+I+G4    15876.134    110 31972.268    31997.470    32520.587
872  TVM+F+I+R2    15876.720    111 31975.440    32001.126    32528.744
884  SYM+I+G4      15923.998    108 32063.997    32088.244    32602.346
894  SYM+I+R2      15925.065    109 32068.131    32092.852    32611.465
906  SYM+I+G4      15923.998    108 32063.997    32088.244    32602.346
916  SYM+I+R2      15925.065    109 32068.131    32092.852    32611.465
928  GTR+I+G4      15923.988    108 32063.976    32088.223    32602.325
938  GTR+I+R2      15925.044    109 32068.087    32092.809    32611.421
950  GTR+F+I+G4    15873.877    111 31969.754    31995.440    32523.058
960  GTR+F+I+R2    15874.349    112 31972.699    31998.874    32530.987
Akaike Information Criterion:           TN+F+I+G4
Corrected Akaike Information Criterion: TN+F+I+G4
Bayesian Information Criterion:         HKY+F+I+G4
Best-fit model: HKY+F+I+G4 chosen according to BIC

All model information printed to results_moss_new/07_phylogeny/All/G6405.model.gz
CPU time for ModelFinder: 36.743 seconds (0h:0m:36s)
Wall-clock time for ModelFinder: 33.383 seconds (0h:0m:33s)
Generating 1000 samples for ultrafast bootstrap (seed: 333850)...

NOTE: 9 MB RAM (0 GB) is required!
Estimate model parameters (epsilon = 0.100)
Thoroughly optimizing +I+G parameters from 10 start values...
Init pinv, alpha: 0.000, 4.034 / Estimate: 0.000, 1.399 / LogL: -15925.214
Init pinv, alpha: 0.020, 4.034 / Estimate: 0.145, 4.046 / LogL: -15877.098
Init pinv, alpha: 0.040, 4.034 / Estimate: 0.146, 4.060 / LogL: -15877.095
Init pinv, alpha: 0.059, 4.034 / Estimate: 0.146, 4.068 / LogL: -15877.094
Init pinv, alpha: 0.079, 4.034 / Estimate: 0.146, 4.063 / LogL: -15877.094
Init pinv, alpha: 0.099, 4.034 / Estimate: 0.146, 4.052 / LogL: -15877.097
Init pinv, alpha: 0.119, 4.034 / Estimate: 0.145, 4.041 / LogL: -15877.099
Init pinv, alpha: 0.138, 4.034 / Estimate: 0.146, 4.054 / LogL: -15877.096
Init pinv, alpha: 0.158, 4.034 / Estimate: 0.147, 4.134 / LogL: -15877.097
Init pinv, alpha: 0.178, 4.034 / Estimate: 0.147, 4.123 / LogL: -15877.095
Optimal pinv,alpha: 0.146, 4.068 / LogL: -15877.094

Parameters optimization took 1.673 sec
Wrote distance file to... 
Computing ML distances based on estimated model parameters...
Calculating distance matrix: done in 0.00863802 secs using 99.43% CPU
Computing ML distances took 0.008816 sec (of wall-clock time) 0.008769 sec (of CPU time)
Setting up auxiliary I and S matrices: done in 0.000113534 secs using 155% CPU
Constructing RapidNJ tree: done in 0.000223761 secs using 99.66% CPU
Computing RapidNJ tree took 0.000390 sec (of wall-clock time) 0.000451 sec (of CPU time)
Log-likelihood of RapidNJ tree: -15984.506
--------------------------------------------------------------------
|             INITIALIZING CANDIDATE TREE SET                      |
--------------------------------------------------------------------
Generating 98 parsimony trees... 0.424 second
Computing log-likelihood of 98 initial trees ... 0.789 seconds
Current best score: -15877.094

Do NNI search on 20 best initial trees
Optimizing NNI: done in 0.0397507 secs using 99.57% CPU
Estimate model parameters (epsilon = 0.100)
BETTER TREE FOUND at iteration 1: -15877.092
Optimizing NNI: done in 0.10562 secs using 99.56% CPU
Optimizing NNI: done in 0.0974557 secs using 99.53% CPU
Optimizing NNI: done in 0.101225 secs using 99.55% CPU
Optimizing NNI: done in 0.0996764 secs using 98.49% CPU
Optimizing NNI: done in 0.111204 secs using 99.55% CPU
Optimizing NNI: done in 0.102989 secs using 99.56% CPU
Optimizing NNI: done in 0.0968337 secs using 99.51% CPU
Estimate model parameters (epsilon = 0.100)
BETTER TREE FOUND at iteration 8: -15876.688
Optimizing NNI: done in 0.105924 secs using 99.5% CPU
Optimizing NNI: done in 0.108525 secs using 99.48% CPU
Iteration 10 / LogL: -15877.105 / Time: 0h:0m:37s
Optimizing NNI: done in 0.098109 secs using 98.43% CPU
Optimizing NNI: done in 0.108714 secs using 98.62% CPU
Optimizing NNI: done in 0.0976769 secs using 98.49% CPU
Optimizing NNI: done in 0.115412 secs using 99.51% CPU
Optimizing NNI: done in 0.106615 secs using 99.49% CPU
Optimizing NNI: done in 0.091545 secs using 99.55% CPU
Optimizing NNI: done in 0.0999551 secs using 98.59% CPU
Optimizing NNI: done in 0.125779 secs using 98.78% CPU
Optimizing NNI: done in 0.092185 secs using 98.49% CPU
Optimizing NNI: done in 0.102097 secs using 99.5% CPU
Iteration 20 / LogL: -15877.106 / Time: 0h:0m:38s
Finish initializing candidate tree set (4)
Current best tree score: -15876.688 / CPU time: 3.302
Number of iterations: 20
--------------------------------------------------------------------
|               OPTIMIZING CANDIDATE TREE SET                      |
--------------------------------------------------------------------
Optimizing NNI: done in 0.163101 secs using 98.31% CPU
Optimizing NNI: done in 0.175636 secs using 98.94% CPU
Optimizing NNI: done in 0.176689 secs using 98.37% CPU
Optimizing NNI: done in 0.185981 secs using 98.46% CPU
Optimizing NNI: done in 0.184349 secs using 97.32% CPU
Optimizing NNI: done in 0.151909 secs using 99.45% CPU
Optimizing NNI: done in 0.173343 secs using 98.94% CPU
Optimizing NNI: done in 0.105804 secs using 99.54% CPU
Optimizing NNI: done in 0.138124 secs using 99.54% CPU
Optimizing NNI: done in 0.178687 secs using 98.94% CPU
Iteration 30 / LogL: -16063.429 / Time: 0h:0m:40s (0h:0m:18s left)
Optimizing NNI: done in 0.210639 secs using 98.96% CPU
Optimizing NNI: done in 0.18702 secs using 99.52% CPU
Optimizing NNI: done in 0.22073 secs using 99.09% CPU
Optimizing NNI: done in 0.172942 secs using 96.65% CPU
Optimizing NNI: done in 0.181061 secs using 99.5% CPU
Optimizing NNI: done in 0.144982 secs using 98.83% CPU
Optimizing NNI: done in 0.170662 secs using 98.29% CPU
Optimizing NNI: done in 0.170521 secs using 98.91% CPU
Optimizing NNI: done in 0.152458 secs using 99.51% CPU
Optimizing NNI: done in 0.128595 secs using 98.73% CPU
Iteration 40 / LogL: -15893.494 / Time: 0h:0m:41s (0h:0m:14s left)
Optimizing NNI: done in 0.183292 secs using 98.97% CPU
Optimizing NNI: done in 0.187448 secs using 98.44% CPU
Optimizing NNI: done in 0.156203 secs using 99.49% CPU
Optimizing NNI: done in 0.206368 secs using 99.54% CPU
Optimizing NNI: done in 0.159296 secs using 98.32% CPU
Optimizing NNI: done in 0.173473 secs using 99.52% CPU
Optimizing NNI: done in 0.172315 secs using 98.96% CPU
Optimizing NNI: done in 0.152103 secs using 98.9% CPU
Optimizing NNI: done in 0.143589 secs using 98.78% CPU
Optimizing NNI: done in 0.205012 secs using 98.54% CPU
Iteration 50 / LogL: -15878.083 / Time: 0h:0m:43s (0h:0m:12s left)
Log-likelihood cutoff on original alignment: -15911.842
Optimizing NNI: done in 0.173659 secs using 99.5% CPU
Optimizing NNI: done in 0.172185 secs using 99.5% CPU
Optimizing NNI: done in 0.145706 secs using 98.17% CPU
Optimizing NNI: done in 0.178155 secs using 99.51% CPU
Optimizing NNI: done in 0.128617 secs using 99.47% CPU
Optimizing NNI: done in 0.208825 secs using 98.98% CPU
Optimizing NNI: done in 0.209079 secs using 98.09% CPU
Optimizing NNI: done in 0.166761 secs using 99.43% CPU
Optimizing NNI: done in 0.156216 secs using 99.54% CPU
Optimizing NNI: done in 0.139996 secs using 98.81% CPU
Iteration 60 / LogL: -15879.143 / Time: 0h:0m:45s (0h:0m:9s left)
Optimizing NNI: done in 0.197607 secs using 98% CPU
Optimizing NNI: done in 0.166936 secs using 98.36% CPU
Optimizing NNI: done in 0.172833 secs using 98.98% CPU
Optimizing NNI: done in 0.138249 secs using 98.8% CPU
Optimizing NNI: done in 0.131945 secs using 98.82% CPU
Optimizing NNI: done in 0.13526 secs using 99.55% CPU
Optimizing NNI: done in 0.144313 secs using 97.46% CPU
Optimizing NNI: done in 0.182753 secs using 98.97% CPU
Optimizing NNI: done in 0.166898 secs using 98.36% CPU
Optimizing NNI: done in 0.184386 secs using 99.57% CPU
Iteration 70 / LogL: -15877.594 / Time: 0h:0m:47s (0h:0m:7s left)
Optimizing NNI: done in 0.155888 secs using 98.83% CPU
Optimizing NNI: done in 0.156799 secs using 98.94% CPU
Optimizing NNI: done in 0.160849 secs using 99.53% CPU
Optimizing NNI: done in 0.156841 secs using 99.49% CPU
Optimizing NNI: done in 0.174346 secs using 98.97% CPU
Optimizing NNI: done in 0.160532 secs using 97.69% CPU
Optimizing NNI: done in 0.148553 secs using 99.56% CPU
Optimizing NNI: done in 0.203542 secs using 99.48% CPU
Optimizing NNI: done in 0.136861 secs using 98.78% CPU
Optimizing NNI: done in 0.250289 secs using 93.93% CPU
Iteration 80 / LogL: -15877.594 / Time: 0h:0m:48s (0h:0m:5s left)
Optimizing NNI: done in 0.141719 secs using 81.17% CPU
Optimizing NNI: done in 0.206173 secs using 87.86% CPU
Optimizing NNI: done in 0.143755 secs using 98.8% CPU
Optimizing NNI: done in 0.126897 secs using 99.49% CPU
Optimizing NNI: done in 0.158796 secs using 98.88% CPU
Optimizing NNI: done in 0.189252 secs using 98.96% CPU
Optimizing NNI: done in 0.193967 secs using 99.44% CPU
Optimizing NNI: done in 0.19091 secs using 99.47% CPU
Optimizing NNI: done in 0.177484 secs using 98.31% CPU
Optimizing NNI: done in 0.154566 secs using 98.15% CPU
Iteration 90 / LogL: -15877.902 / Time: 0h:0m:50s (0h:0m:3s left)
Optimizing NNI: done in 0.162458 secs using 98.81% CPU
Optimizing NNI: done in 0.175648 secs using 98.89% CPU
Optimizing NNI: done in 0.118665 secs using 99.45% CPU
Optimizing NNI: done in 0.142384 secs using 98.05% CPU
Optimizing NNI: done in 0.195142 secs using 98.96% CPU
Optimizing NNI: done in 0.174995 secs using 98.38% CPU
Optimizing NNI: done in 0.180252 secs using 97.83% CPU
Optimizing NNI: done in 0.15699 secs using 98.9% CPU
Optimizing NNI: done in 0.161911 secs using 98.87% CPU
Optimizing NNI: done in 0.153763 secs using 99.51% CPU
Iteration 100 / LogL: -15902.415 / Time: 0h:0m:52s (0h:0m:1s left)
Log-likelihood cutoff on original alignment: -15911.629
NOTE: Bootstrap correlation coefficient of split occurrence frequencies: 0.995
Optimizing NNI: done in 0.171187 secs using 99.43% CPU
Optimizing NNI: done in 0.179267 secs using 99.45% CPU
Optimizing NNI: done in 0.155736 secs using 98.81% CPU
Optimizing NNI: done in 0.177695 secs using 98.35% CPU
Optimizing NNI: done in 0.204228 secs using 99.41% CPU
Optimizing NNI: done in 0.203516 secs using 98.49% CPU
Optimizing NNI: done in 0.150221 secs using 97.5% CPU
Optimizing NNI: done in 0.183365 secs using 98.42% CPU
Optimizing NNI: done in 0.157544 secs using 98.83% CPU
TREE SEARCH COMPLETED AFTER 109 ITERATIONS / Time: 0h:0m:53s

--------------------------------------------------------------------
|                    FINALIZING TREE SEARCH                        |
--------------------------------------------------------------------
Performs final model parameters optimization
Estimate model parameters (epsilon = 0.010)
1. Initial log-likelihood: -15876.688
Optimal log-likelihood: -15876.688
Rate parameters:  A-C: 1.00000  A-G: 2.98542  A-T: 1.00000  C-G: 1.00000  C-T: 2.98542  G-T: 1.00000
Base frequencies:  A: 0.260  C: 0.206  G: 0.226  T: 0.309
Proportion of invariable sites: 0.146
Gamma shape alpha: 4.046
Parameters optimization took 1 rounds (0.021 sec)
BEST SCORE FOUND : -15876.688
Creating bootstrap support values...
Split supports printed to NEXUS file results_moss_new/07_phylogeny/All/G6405.splits.nex
Total tree length: 4.317

Total number of iterations: 109
CPU time used for tree search: 18.420 sec (0h:0m:18s)
Wall-clock time used for tree search: 18.823 sec (0h:0m:18s)
Total CPU time used: 56.749 sec (0h:0m:56s)
Total wall-clock time used: 54.083 sec (0h:0m:54s)

Computing bootstrap consensus tree...
Reading input file results_moss_new/07_phylogeny/All/G6405.splits.nex...
52 taxa and 244 splits.
Consensus tree written to results_moss_new/07_phylogeny/All/G6405.contree
Reading input trees file results_moss_new/07_phylogeny/All/G6405.contree
Log-likelihood of consensus tree: -15877.902

Analysis results written to: 
  IQ-TREE report:                results_moss_new/07_phylogeny/All/G6405.iqtree
  Maximum-likelihood tree:       results_moss_new/07_phylogeny/All/G6405.treefile
  Likelihood distances:          results_moss_new/07_phylogeny/All/G6405.mldist

Ultrafast bootstrap approximation results written to:
  Split support values:          results_moss_new/07_phylogeny/All/G6405.splits.nex
  Consensus tree:                results_moss_new/07_phylogeny/All/G6405.contree
  Screen log file:               results_moss_new/07_phylogeny/All/G6405.log

Date and Time: Fri Jun 12 02:45:12 2026
