IQ-TREE version 3.0.1 for Linux x86 64-bit built Jul  9 2025
Developed by Bui Quang Minh, Thomas Wong, Nhan Ly-Trong, Huaiyan Ren
Contributed by Lam-Tung Nguyen, Dominik Schrempf, Chris Bielow,
Olga Chernomor, Michael Woodhams, Diep Thi Hoang, Heiko Schmidt

Host:    c0711a-s19.ufhpc (AVX2, FMA3, 503 GB RAM)
Command: iqtree -s results_moss_new/06_alignment/All/trimmed/G6487.trimmed.aln --prefix results_moss_new/07_phylogeny/All/G6487 -m MFP -B 1000 -T AUTO
Seed:    852971 (Using SPRNG - Scalable Parallel Random Number Generator)
Time:    Fri Jun 12 02:16:26 2026
Kernel:  AVX+FMA - auto-detect threads (8 CPU cores detected)

Reading alignment file results_moss_new/06_alignment/All/trimmed/G6487.trimmed.aln ... Fasta format detected
Reading fasta file: done in 0.00104539 secs using 99.2% CPU
Alignment most likely contains DNA/RNA sequences
Constructing alignment: done in 0.000775038 secs using 100% CPU
Alignment has 62 sequences with 1393 columns, 723 distinct patterns
633 parsimony-informative, 104 singleton sites, 656 constant sites
                  Gap/Ambiguity  Composition  p-value
Analyzing sequences: done in 8.0872e-05 secs using 100.2% CPU
   1  S0004_G6487_R1_A    0.07%    passed     95.49%
   2  S0023_G6487_R1_A    0.07%    passed     80.67%
   3  S0026_G6487_R1_A    0.29%    passed     92.01%
   4  S0011_G6487_R1_A    0.07%    passed     90.99%
   5  S0030_G6487_R1_A    0.57%    passed     61.30%
   6  S0036_G6487_R1_U    0.29%    passed     81.29%
   7  S0016_G6487_R1_A    0.07%    passed     96.10%
   8  S0019_G6487_R1_A    0.14%    passed     83.53%
   9  S0046_G6487_R1_A    0.07%    passed     86.12%
  10  S0050_G6487_R1_A    0.07%    passed     96.27%
  11  S0048_G6487_R1_A    0.07%    passed     99.34%
  12  S0028_G6487_R1_A    0.07%    passed     85.99%
  13  S0018_G6487_R1_U    0.22%    passed     87.22%
  14  S0031_G6487_R1_A    0.07%    passed     90.35%
  15  S0021_G6487_R1_A    0.07%    passed     86.56%
  16  S0020_G6487_R1_U    0.36%    passed     80.99%
  17  S0013_G6487_R1_A    0.14%    passed     94.41%
  18  S0037_G6487_R1_A    0.14%    passed     72.10%
  19  S0012_G6487_R1_A    0.07%    passed     80.24%
  20  S0021_G6487_R2_A    0.07%    passed     75.66%
  21  S0022_G6487_R1_A    0.07%    passed     79.53%
  22  S0002_G6487_R1_A    0.07%    passed     86.80%
  23  S0017_G6487_R1_U    0.14%    passed     84.20%
  24  S0005_G6487_R1_A    0.07%    passed     93.54%
  25  S0033_G6487_R1_A    0.07%    passed     98.44%
  26  S0035_G6487_R1_A    0.57%    passed     34.19%
  27  S0006_G6487_R1_A    1.36%    passed     54.78%
  28  S0034_G6487_R1_A    0.43%    passed     98.89%
  29  S0008_G6487_R1_A    0.07%    passed     94.28%
  30  S0027_G6487_R1_A    0.07%    passed     67.97%
  31  S0010_G6487_R1_A    0.07%    passed     85.92%
  32  S0009_G6487_R1_A    0.07%    passed     88.51%
  33  S0015_G6487_R1_U    0.43%    passed     99.72%
  34  S0014_G6487_R1_A    0.14%    passed     76.62%
  35  S0051_G6487_R1_A    1.72%    failed      0.93%
  36  S0039_G6487_R1_A    1.72%    failed      1.99%
  37  S0032_G6487_R1_N   13.14%    passed     25.90%
  38  S0024_G6487_R1_A   13.14%    passed     21.02%
  39  S0032_G6487_R2_N   13.14%    passed     23.05%
  40  S0001_G6487_R1_A   13.57%    passed     30.99%
  41  S0025_G6487_R1_A   13.71%    passed     12.14%
  42  S0029_G6487_R1_A   13.42%    passed     11.84%
  43  S0049_G6487_R1_A    2.44%    passed     94.08%
  44  S0003_G6487_R1_N    1.29%    passed     74.66%
  45  S0042_G6487_R3_N   24.69%    passed     43.45%
  46  S0038_G6487_R1_A    0.07%    passed      8.05%
  47  S0041_G6487_R1_N    0.07%    passed      8.74%
  48  S0045_G6487_R2_A    0.07%    passed      8.76%
  49  S0043_G6487_R1_N    0.07%    passed     15.81%
  50  S0045_G6487_R1_A    0.07%    failed      4.99%
  51  S0047_G6487_R1_N    0.07%    passed     16.65%
  52  S0044_G6487_R1_N    0.36%    passed     12.11%
  53  S0040_G6487_R1_N    0.29%    passed      8.40%
  54  S0042_G6487_R1_N    0.22%    passed     10.15%
  55  S0038_G6487_R2_A    0.93%    passed     24.33%
  56  S0041_G6487_R2_N    0.57%    passed     35.81%
  57  S0042_G6487_R2_N    0.07%    passed     26.75%
  58  S0044_G6487_R2_N    0.65%    passed     13.79%
  59  S0045_G6487_R3_A    0.65%    passed     17.44%
  60  S0045_G6487_R4_A    0.22%    passed     24.01%
  61  S0043_G6487_R2_N    3.45%    passed     61.40%
  62  S0047_G6487_R2_N    3.45%    passed     47.30%
****  TOTAL               2.10%  3 sequences failed composition chi2 test (p-value<5%; df=3)
Checking for duplicate sequences: done in 0.000134623 secs using 99.54% CPU


Create initial parsimony tree by phylogenetic likelihood library (PLL)... 0.003 seconds
Measuring multi-threading efficiency up to 8 CPU cores
Increase to 10 rounds for branch lengths
139 trees examined
Threads: 1 / Time: 8.036 sec / Speedup: 1.000 / Efficiency: 100% / LogL: -29320
Threads: 2 / Time: 22.900 sec / Speedup: 0.351 / Efficiency: 18% / LogL: -29320
Determining AUTO threadcount: done in 30.9366 secs using 114.9% CPU
BEST NUMBER OF THREADS: 1

Perform fast likelihood tree search using GTR+I+G model...
Estimate model parameters (epsilon = 5.000)
Perform nearest neighbor interchange...
Optimizing NNI: done in 0.0895912 secs using 65.26% CPU
Estimate model parameters (epsilon = 1.000)
1. Initial log-likelihood: -13856.663
Optimal log-likelihood: -13855.598
Rate parameters:  A-C: 1.26366  A-G: 3.89983  A-T: 1.60737  C-G: 1.01606  C-T: 6.33180  G-T: 1.00000
Base frequencies:  A: 0.259  C: 0.207  G: 0.280  T: 0.254
Proportion of invariable sites: 0.272
Gamma shape alpha: 0.888
Parameters optimization took 1 rounds (0.109 sec)
Time for fast ML tree search: 0.463 seconds

NOTE: ModelFinder requires 17 MB RAM!
ModelFinder will test up to 968 DNA models (sample size: 1393 epsilon: 0.100) ...
 No. Model         -LnL         df  AIC          AICc         BIC
  1  JC            15234.810    121 30711.621    30734.850    31345.566
  2  JC+I          14445.610    122 29135.220    29158.851    29774.404
  3  JC+G4         14376.746    122 28997.491    29021.123    29636.676
  4  JC+I+G4       14357.227    123 28960.455    28984.493    29604.878
  5  JC+R2         14366.843    123 28979.686    29003.724    29624.110
  6  JC+R3         14352.935    125 28955.870    28980.731    29610.771
  7  JC+R4         14352.311    127 28958.621    28984.322    29624.001
 14  JC+I+R2       14358.201    124 28964.403    28988.851    29614.065
 15  JC+I+R3       14353.863    126 28959.725    28985.005    29619.866
 26  JC+I+G4       14357.227    123 28960.455    28984.493    29604.878
 28  JC+R3         14352.935    125 28955.870    28980.731    29610.771
 36  JC+I+R2       14358.201    124 28964.403    28988.851    29614.065
 48  F81+I+G4      14357.185    123 28960.371    28984.408    29604.794
 50  F81+R3        14352.740    125 28955.481    28980.343    29610.383
 58  F81+I+R2      14358.029    124 28964.059    28988.507    29613.721
 70  F81+F+I+G4    14363.119    126 28978.237    29003.517    29638.378
 72  F81+F+R3      14358.516    128 28973.032    28999.159    29643.652
 80  F81+F+I+R2    14364.234    127 28982.469    29008.170    29647.849
 92  K2P+I+G4      13882.921    124 28013.842    28038.290    28663.504
 94  K2P+R3        13878.991    126 28009.983    28035.263    28670.124
102  K2P+I+R2      13885.787    125 28021.574    28046.436    28676.476
114  K2P+I+G4      13882.921    124 28013.842    28038.290    28663.504
116  K2P+R3        13878.991    126 28009.983    28035.263    28670.124
124  K2P+I+R2      13885.787    125 28021.574    28046.436    28676.476
136  HKY+I+G4      13882.919    124 28013.838    28038.286    28663.500
138  HKY+R3        13878.810    126 28009.619    28034.899    28669.760
146  HKY+I+R2      13885.650    125 28021.300    28046.162    28676.202
158  HKY+F+I+G4    13883.125    127 28020.250    28045.951    28685.630
160  HKY+F+R3      13878.091    129 28014.182    28040.738    28690.041
168  HKY+F+I+R2    13885.311    128 28026.621    28052.748    28697.241
180  TNe+I+G4      13876.833    125 28003.665    28028.527    28658.567
182  TNe+R3        13873.442    127 28000.883    28026.584    28666.263
190  TNe+I+R2      13880.892    126 28013.784    28039.063    28673.925
202  TNe+I+G4      13876.833    125 28003.665    28028.527    28658.567
204  TNe+R3        13873.442    127 28000.883    28026.584    28666.263
212  TNe+I+R2      13880.892    126 28013.784    28039.063    28673.925
224  TN+I+G4       13876.827    125 28003.654    28028.515    28658.555
226  TN+R3         13873.268    127 28000.535    28026.236    28665.915
234  TN+I+R2       13880.739    126 28013.478    28038.757    28673.619
246  TN+F+I+G4     13858.683    128 27973.366    27999.492    28643.985
248  TN+F+R3       13854.713    130 27969.427    27996.416    28650.525
256  TN+F+I+R2     13864.025    129 27986.049    28012.605    28661.908
268  K3P+I+G4      13880.637    125 28011.273    28036.135    28666.175
270  K3P+R3        13876.255    127 28006.510    28032.211    28671.890
278  K3P+I+R2      13883.144    126 28018.287    28043.567    28678.428
290  K3P+I+G4      13880.637    125 28011.273    28036.135    28666.175
292  K3P+R3        13876.255    127 28006.510    28032.211    28671.890
300  K3P+I+R2      13883.144    126 28018.287    28043.567    28678.428
312  K3Pu+I+G4     13880.637    125 28011.274    28036.136    28666.176
314  K3Pu+R3       13876.128    127 28006.256    28031.957    28671.636
322  K3Pu+I+R2     13883.090    126 28018.181    28043.460    28678.322
334  K3Pu+F+I+G4   13880.649    128 28017.297    28043.424    28687.917
336  K3Pu+F+R3     13875.010    130 28010.021    28037.009    28691.118
344  K3Pu+F+I+R2   13882.516    129 28023.031    28049.587    28698.890
356  TPM2+I+G4     13876.175    125 28002.349    28027.211    28657.251
358  TPM2+R3       13871.982    127 27997.965    28023.666    28663.345
366  TPM2+I+R2     13878.322    126 28008.643    28033.923    28668.784
378  TPM2+I+G4     13876.175    125 28002.349    28027.211    28657.251
380  TPM2+R3       13871.982    127 27997.965    28023.666    28663.345
388  TPM2+I+R2     13878.322    126 28008.643    28033.923    28668.784
400  TPM2u+I+G4    13876.172    125 28002.344    28027.206    28657.246
402  TPM2u+R3      13871.920    127 27997.840    28023.542    28663.221
410  TPM2u+I+R2    13878.280    126 28008.559    28033.839    28668.700
422  TPM2u+F+I+G4  13873.048    128 28002.095    28028.222    28672.715
424  TPM2u+F+R3    13867.766    130 27995.532    28022.521    28676.630
432  TPM2u+F+I+R2  13874.543    129 28007.085    28033.641    28682.944
444  TPM3+I+G4     13876.305    125 28002.611    28027.473    28657.513
446  TPM3+R3       13872.617    127 27999.234    28024.935    28664.614
454  TPM3+I+R2     13878.962    126 28009.925    28035.205    28670.066
466  TPM3+I+G4     13876.305    125 28002.611    28027.473    28657.513
468  TPM3+R3       13872.617    127 27999.234    28024.935    28664.614
476  TPM3+I+R2     13878.962    126 28009.925    28035.205    28670.066
488  TPM3u+I+G4    13876.305    125 28002.610    28027.471    28657.511
490  TPM3u+R3      13872.500    127 27999.000    28024.701    28664.380
498  TPM3u+I+R2    13878.881    126 28009.761    28035.041    28669.902
510  TPM3u+F+I+G4  13881.947    128 28019.894    28046.020    28690.513
512  TPM3u+F+R3    13876.632    130 28013.264    28040.253    28694.362
520  TPM3u+F+I+R2  13883.883    129 28025.765    28052.321    28701.624
532  TIMe+I+G4     13874.524    126 28001.047    28026.327    28661.189
534  TIMe+R3       13870.687    128 27997.374    28023.501    28667.994
542  TIMe+I+R2     13878.186    127 28010.372    28036.073    28675.752
554  TIMe+I+G4     13874.524    126 28001.047    28026.327    28661.189
556  TIMe+R3       13870.687    128 27997.375    28023.501    28667.994
564  TIMe+I+R2     13878.186    127 28010.372    28036.073    28675.752
576  TIM+I+G4      13874.519    126 28001.038    28026.318    28661.179
578  TIM+R3        13870.623    128 27997.247    28023.373    28667.866
586  TIM+I+R2      13878.132    127 28010.265    28035.966    28675.645
598  TIM+F+I+G4    13856.110    129 27970.221    27996.777    28646.080
600  TIM+F+R3      13851.841    131 27965.681    27993.107    28652.018
608  TIM+F+I+R2    13861.162    130 27982.323    28009.312    28663.421
620  TIM2e+I+G4    13869.906    126 27991.812    28017.092    28651.953
622  TIM2e+R3      13866.110    128 27988.219    28014.346    28658.839
630  TIM2e+I+R2    13873.227    127 28000.455    28026.156    28665.835
642  TIM2e+I+G4    13869.906    126 27991.812    28017.092    28651.953
644  TIM2e+R3      13866.110    128 27988.219    28014.346    28658.839
652  TIM2e+I+R2    13873.227    127 28000.455    28026.156    28665.835
664  TIM2+I+G4     13869.905    126 27991.810    28017.090    28651.951
666  TIM2+R3       13866.077    128 27988.155    28014.281    28658.774
674  TIM2+I+R2     13873.184    127 28000.367    28026.068    28665.747
686  TIM2+F+I+G4   13848.466    129 27954.931    27981.487    28630.790
688  TIM2+F+R3     13844.489    131 27950.978    27978.404    28637.315
696  TIM2+F+I+R2   13853.050    130 27966.099    27993.088    28647.197
708  TIM3e+I+G4    13870.060    126 27992.120    28017.399    28652.261
710  TIM3e+R3      13866.777    128 27989.555    28015.682    28660.174
718  TIM3e+I+R2    13873.752    127 28001.504    28027.205    28666.884
730  TIM3e+I+G4    13870.060    126 27992.120    28017.399    28652.261
732  TIM3e+R3      13866.777    128 27989.555    28015.682    28660.174
740  TIM3e+I+R2    13873.752    127 28001.504    28027.205    28666.884
752  TIM3+I+G4     13870.057    126 27992.115    28017.394    28652.256
754  TIM3+R3       13866.745    128 27989.491    28015.617    28660.110
762  TIM3+I+R2     13873.679    127 28001.357    28027.059    28666.738
774  TIM3+F+I+G4   13857.604    129 27973.209    27999.765    28649.068
776  TIM3+F+R3     13853.677    131 27969.355    27996.781    28655.692
784  TIM3+F+I+R2   13862.621    130 27985.243    28012.232    28666.341
796  TVMe+I+G4     13868.324    127 27990.649    28016.350    28656.029
798  TVMe+R3       13864.204    129 27986.408    28012.964    28662.267
806  TVMe+I+R2     13870.388    128 27996.775    28022.902    28667.395
818  TVMe+I+G4     13868.324    127 27990.649    28016.350    28656.029
820  TVMe+R3       13864.204    129 27986.408    28012.964    28662.267
828  TVMe+I+R2     13870.388    128 27996.775    28022.902    28667.395
840  TVM+I+G4      13868.324    127 27990.649    28016.350    28656.029
842  TVM+R3        13864.183    129 27986.366    28012.922    28662.225
850  TVM+I+R2      13870.371    128 27996.741    28022.868    28667.361
862  TVM+F+I+G4    13870.677    130 28001.354    28028.342    28682.452
864  TVM+F+R3      13865.413    132 27994.826    28022.693    28686.403
872  TVM+F+I+R2    13872.069    131 28006.137    28033.563    28692.475
884  SYM+I+G4      13861.900    128 27979.801    28005.928    28650.420
886  SYM+R3        13858.658    130 27977.316    28004.305    28658.414
894  SYM+I+R2      13865.106    129 27988.211    28014.767    28664.070
906  SYM+I+G4      13861.900    128 27979.801    28005.928    28650.420
908  SYM+R3        13858.658    130 27977.316    28004.305    28658.414
916  SYM+I+R2      13865.106    129 27988.211    28014.767    28664.070
928  GTR+I+G4      13861.897    128 27979.795    28005.921    28650.414
930  GTR+R3        13858.631    130 27977.262    28004.251    28658.360
938  GTR+I+R2      13865.067    129 27988.135    28014.691    28663.994
950  GTR+F+I+G4    13846.173    131 27954.345    27981.771    28640.683
952  GTR+F+R3      13842.187    133 27950.373    27978.684    28647.189
960  GTR+F+I+R2    13850.502    132 27965.003    27992.870    28656.580
Akaike Information Criterion:           GTR+F+R3
Corrected Akaike Information Criterion: TIM2+F+R3
Bayesian Information Criterion:         TIM2+F+I+G4
Best-fit model: TIM2+F+I+G4 chosen according to BIC

All model information printed to results_moss_new/07_phylogeny/All/G6487.model.gz
CPU time for ModelFinder: 46.489 seconds (0h:0m:46s)
Wall-clock time for ModelFinder: 43.174 seconds (0h:0m:43s)
Generating 1000 samples for ultrafast bootstrap (seed: 852971)...

NOTE: 8 MB RAM (0 GB) is required!
Estimate model parameters (epsilon = 0.100)
Thoroughly optimizing +I+G parameters from 10 start values...
Init pinv, alpha: 0.000, 1.732 / Estimate: 0.000, 0.400 / LogL: -13871.225
Init pinv, alpha: 0.052, 1.732 / Estimate: 0.061, 0.462 / LogL: -13870.187
Init pinv, alpha: 0.105, 1.732 / Estimate: 0.385, 1.625 / LogL: -13848.544
Init pinv, alpha: 0.157, 1.732 / Estimate: 0.386, 1.632 / LogL: -13848.532
Init pinv, alpha: 0.209, 1.732 / Estimate: 0.386, 1.637 / LogL: -13848.524
Init pinv, alpha: 0.262, 1.732 / Estimate: 0.387, 1.641 / LogL: -13848.519
Init pinv, alpha: 0.314, 1.732 / Estimate: 0.385, 1.619 / LogL: -13848.558
Init pinv, alpha: 0.366, 1.732 / Estimate: 0.385, 1.623 / LogL: -13848.553
Init pinv, alpha: 0.419, 1.732 / Estimate: 0.398, 1.777 / LogL: -13848.512
Init pinv, alpha: 0.471, 1.732 / Estimate: 0.397, 1.774 / LogL: -13848.509
Optimal pinv,alpha: 0.397, 1.774 / LogL: -13848.509

Parameters optimization took 4.238 sec
Wrote distance file to... 
Computing ML distances based on estimated model parameters...
Calculating distance matrix: done in 0.0150509 secs using 99.56% CPU
Computing ML distances took 0.015225 sec (of wall-clock time) 0.015160 sec (of CPU time)
Setting up auxiliary I and S matrices: done in 0.000107372 secs using 129.5% CPU
Constructing RapidNJ tree: done in 0.000212579 secs using 99.26% CPU
Computing RapidNJ tree took 0.000352 sec (of wall-clock time) 0.000403 sec (of CPU time)
Log-likelihood of RapidNJ tree: -13949.242
--------------------------------------------------------------------
|             INITIALIZING CANDIDATE TREE SET                      |
--------------------------------------------------------------------
Generating 98 parsimony trees... 0.389 second
Computing log-likelihood of 98 initial trees ... 0.679 seconds
Current best score: -13848.509

Do NNI search on 20 best initial trees
Optimizing NNI: done in 0.0391011 secs using 99.58% CPU
Estimate model parameters (epsilon = 0.100)
BETTER TREE FOUND at iteration 1: -13848.485
Optimizing NNI: done in 0.116007 secs using 99.57% CPU
Estimate model parameters (epsilon = 0.100)
BETTER TREE FOUND at iteration 2: -13836.963
Optimizing NNI: done in 0.110604 secs using 99.19% CPU
Estimate model parameters (epsilon = 0.100)
BETTER TREE FOUND at iteration 3: -13836.438
Optimizing NNI: done in 0.122925 secs using 98.78% CPU
Optimizing NNI: done in 0.120552 secs using 98.73% CPU
Optimizing NNI: done in 0.10177 secs using 99.56% CPU
Estimate model parameters (epsilon = 0.100)
BETTER TREE FOUND at iteration 6: -13835.872
Optimizing NNI: done in 0.121308 secs using 98.74% CPU
Optimizing NNI: done in 0.10597 secs using 97.67% CPU
Optimizing NNI: done in 0.105567 secs using 98.61% CPU
Optimizing NNI: done in 0.103702 secs using 98.59% CPU
Iteration 10 / LogL: -13836.283 / Time: 0h:0m:49s
Optimizing NNI: done in 0.0818546 secs using 99.51% CPU
Optimizing NNI: done in 0.109199 secs using 98.47% CPU
Optimizing NNI: done in 0.104632 secs using 98.36% CPU
Optimizing NNI: done in 0.130199 secs using 98.5% CPU
Optimizing NNI: done in 0.102297 secs using 99.38% CPU
Optimizing NNI: done in 0.102175 secs using 97.32% CPU
Optimizing NNI: done in 0.112593 secs using 98.17% CPU
Optimizing NNI: done in 0.0982248 secs using 98.52% CPU
Optimizing NNI: done in 0.101211 secs using 99.33% CPU
Optimizing NNI: done in 0.124239 secs using 97.75% CPU
Iteration 20 / LogL: -13837.387 / Time: 0h:0m:50s
Finish initializing candidate tree set (19)
Current best tree score: -13835.872 / CPU time: 3.325
Number of iterations: 20
--------------------------------------------------------------------
|               OPTIMIZING CANDIDATE TREE SET                      |
--------------------------------------------------------------------
Optimizing NNI: done in 0.140001 secs using 98.74% CPU
Optimizing NNI: done in 0.170563 secs using 98.36% CPU
Optimizing NNI: done in 0.145621 secs using 99.49% CPU
Optimizing NNI: done in 0.128724 secs using 99.55% CPU
Optimizing NNI: done in 0.124892 secs using 97.94% CPU
Optimizing NNI: done in 0.138232 secs using 97.4% CPU
Optimizing NNI: done in 0.154894 secs using 99.54% CPU
Optimizing NNI: done in 0.149292 secs using 99.5% CPU
Optimizing NNI: done in 0.176466 secs using 98.95% CPU
Optimizing NNI: done in 0.138034 secs using 97.35% CPU
Iteration 30 / LogL: -13920.029 / Time: 0h:0m:52s (0h:0m:23s left)
Optimizing NNI: done in 0.186944 secs using 97.9% CPU
Optimizing NNI: done in 0.160479 secs using 98.87% CPU
Optimizing NNI: done in 0.192527 secs using 98.99% CPU
Optimizing NNI: done in 0.134555 secs using 99.5% CPU
Optimizing NNI: done in 0.158042 secs using 98.29% CPU
Optimizing NNI: done in 0.147332 secs using 98.86% CPU
Optimizing NNI: done in 0.120807 secs using 98.74% CPU
Optimizing NNI: done in 0.127288 secs using 99.52% CPU
Optimizing NNI: done in 0.201048 secs using 98.99% CPU
Optimizing NNI: done in 0.176224 secs using 98.87% CPU
Iteration 40 / LogL: -13835.904 / Time: 0h:0m:53s (0h:0m:18s left)
Optimizing NNI: done in 0.172332 secs using 97.77% CPU
Optimizing NNI: done in 0.204431 secs using 98.02% CPU
Optimizing NNI: done in 0.204754 secs using 99.47% CPU
Optimizing NNI: done in 0.152605 secs using 98.85% CPU
Optimizing NNI: done in 0.155454 secs using 99.51% CPU
Optimizing NNI: done in 0.12624 secs using 99.43% CPU
Optimizing NNI: done in 0.114101 secs using 98.6% CPU
Optimizing NNI: done in 0.115707 secs using 99.48% CPU
Optimizing NNI: done in 0.169846 secs using 98.33% CPU
Optimizing NNI: done in 0.131646 secs using 99.47% CPU
Iteration 50 / LogL: -13843.739 / Time: 0h:0m:55s (0h:0m:14s left)
Log-likelihood cutoff on original alignment: -13871.640
Optimizing NNI: done in 0.110418 secs using 99.48% CPU
Optimizing NNI: done in 0.135122 secs using 98.05% CPU
Optimizing NNI: done in 0.143785 secs using 98.74% CPU
Optimizing NNI: done in 0.154064 secs using 98.83% CPU
Optimizing NNI: done in 0.181033 secs using 98.39% CPU
Optimizing NNI: done in 0.129025 secs using 99.51% CPU
Optimizing NNI: done in 0.143487 secs using 98.81% CPU
Optimizing NNI: done in 0.139312 secs using 98.09% CPU
Optimizing NNI: done in 0.208079 secs using 98.52% CPU
Optimizing NNI: done in 0.134165 secs using 99.48% CPU
Iteration 60 / LogL: -13980.682 / Time: 0h:0m:57s (0h:0m:10s left)
Optimizing NNI: done in 0.190774 secs using 98.49% CPU
Optimizing NNI: done in 0.200257 secs using 96.03% CPU
Optimizing NNI: done in 0.141197 secs using 99.44% CPU
Optimizing NNI: done in 0.132478 secs using 99.34% CPU
Optimizing NNI: done in 0.165905 secs using 97.82% CPU
Optimizing NNI: done in 0.135664 secs using 99.44% CPU
Optimizing NNI: done in 0.167416 secs using 98.92% CPU
Optimizing NNI: done in 0.149307 secs using 98.17% CPU
Optimizing NNI: done in 0.159744 secs using 98.26% CPU
Optimizing NNI: done in 0.164071 secs using 99.37% CPU
Iteration 70 / LogL: -13835.880 / Time: 0h:0m:58s (0h:0m:8s left)
Optimizing NNI: done in 0.21308 secs using 98.51% CPU
Optimizing NNI: done in 0.112973 secs using 99.31% CPU
Optimizing NNI: done in 0.14781 secs using 98.83% CPU
Optimizing NNI: done in 0.153619 secs using 98.87% CPU
Optimizing NNI: done in 0.1303 secs using 98.75% CPU
Optimizing NNI: done in 0.115507 secs using 99.51% CPU
Optimizing NNI: done in 0.145087 secs using 98.81% CPU
Optimizing NNI: done in 0.139838 secs using 99.51% CPU
Optimizing NNI: done in 0.179272 secs using 99.52% CPU
Optimizing NNI: done in 0.135222 secs using 99.51% CPU
Iteration 80 / LogL: -13835.877 / Time: 0h:1m:0s (0h:0m:5s left)
Optimizing NNI: done in 0.129258 secs using 97.97% CPU
Optimizing NNI: done in 0.123684 secs using 98.72% CPU
Optimizing NNI: done in 0.176818 secs using 99.53% CPU
Optimizing NNI: done in 0.148644 secs using 98.17% CPU
Optimizing NNI: done in 0.140193 secs using 98.08% CPU
Optimizing NNI: done in 0.184256 secs using 98.95% CPU
Optimizing NNI: done in 0.207359 secs using 99.53% CPU
Optimizing NNI: done in 0.146547 secs using 99.53% CPU
Optimizing NNI: done in 0.220452 secs using 99.54% CPU
Optimizing NNI: done in 0.123679 secs using 98.7% CPU
Iteration 90 / LogL: -13835.966 / Time: 0h:1m:1s (0h:0m:3s left)
Optimizing NNI: done in 0.133705 secs using 98.8% CPU
Optimizing NNI: done in 0.164949 secs using 99.5% CPU
Optimizing NNI: done in 0.155367 secs using 98.88% CPU
Optimizing NNI: done in 0.170964 secs using 98.86% CPU
Optimizing NNI: done in 0.111021 secs using 98.65% CPU
Optimizing NNI: done in 0.206315 secs using 98.94% CPU
Optimizing NNI: done in 0.131559 secs using 98.74% CPU
Optimizing NNI: done in 0.144582 secs using 99.33% CPU
Optimizing NNI: done in 0.187184 secs using 97.03% CPU
Optimizing NNI: done in 0.144587 secs using 98.76% CPU
Iteration 100 / LogL: -13865.643 / Time: 0h:1m:3s (0h:0m:1s left)
Log-likelihood cutoff on original alignment: -13871.640
NOTE: Bootstrap correlation coefficient of split occurrence frequencies: 0.999
Optimizing NNI: done in 0.113289 secs using 99.55% CPU
Optimizing NNI: done in 0.171564 secs using 98.39% CPU
Optimizing NNI: done in 0.13237 secs using 98.82% CPU
Optimizing NNI: done in 0.127626 secs using 99.49% CPU
Optimizing NNI: done in 0.171734 secs using 98.87% CPU
Optimizing NNI: done in 0.140122 secs using 98.75% CPU
Optimizing NNI: done in 0.170576 secs using 97.19% CPU
TREE SEARCH COMPLETED AFTER 107 ITERATIONS / Time: 0h:1m:4s

--------------------------------------------------------------------
|                    FINALIZING TREE SEARCH                        |
--------------------------------------------------------------------
Performs final model parameters optimization
Estimate model parameters (epsilon = 0.010)
1. Initial log-likelihood: -13835.872
Optimal log-likelihood: -13835.871
Rate parameters:  A-C: 1.46604  A-G: 3.89710  A-T: 1.46604  C-G: 1.00000  C-T: 6.35248  G-T: 1.00000
Base frequencies:  A: 0.259  C: 0.207  G: 0.280  T: 0.254
Proportion of invariable sites: 0.393
Gamma shape alpha: 1.716
Parameters optimization took 1 rounds (0.024 sec)
BEST SCORE FOUND : -13835.871
Creating bootstrap support values...
Split supports printed to NEXUS file results_moss_new/07_phylogeny/All/G6487.splits.nex
Total tree length: 2.369

Total number of iterations: 107
CPU time used for tree search: 16.980 sec (0h:0m:16s)
Wall-clock time used for tree search: 17.199 sec (0h:0m:17s)
Total CPU time used: 67.857 sec (0h:1m:7s)
Total wall-clock time used: 64.790 sec (0h:1m:4s)

Computing bootstrap consensus tree...
Reading input file results_moss_new/07_phylogeny/All/G6487.splits.nex...
62 taxa and 390 splits.
Consensus tree written to results_moss_new/07_phylogeny/All/G6487.contree
Reading input trees file results_moss_new/07_phylogeny/All/G6487.contree
Log-likelihood of consensus tree: -13836.117

Analysis results written to: 
  IQ-TREE report:                results_moss_new/07_phylogeny/All/G6487.iqtree
  Maximum-likelihood tree:       results_moss_new/07_phylogeny/All/G6487.treefile
  Likelihood distances:          results_moss_new/07_phylogeny/All/G6487.mldist

Ultrafast bootstrap approximation results written to:
  Split support values:          results_moss_new/07_phylogeny/All/G6487.splits.nex
  Consensus tree:                results_moss_new/07_phylogeny/All/G6487.contree
  Screen log file:               results_moss_new/07_phylogeny/All/G6487.log

Date and Time: Fri Jun 12 02:17:31 2026
