IQ-TREE version 3.0.1 for Linux x86 64-bit built Jul  9 2025
Developed by Bui Quang Minh, Thomas Wong, Nhan Ly-Trong, Huaiyan Ren
Contributed by Lam-Tung Nguyen, Dominik Schrempf, Chris Bielow,
Olga Chernomor, Michael Woodhams, Diep Thi Hoang, Heiko Schmidt

Host:    c0711a-s19.ufhpc (AVX2, FMA3, 503 GB RAM)
Command: iqtree -s results_moss_new/06_alignment/All/trimmed/G6538.trimmed.aln --prefix results_moss_new/07_phylogeny/All/G6538 -m MFP -B 1000 -T AUTO
Seed:    895732 (Using SPRNG - Scalable Parallel Random Number Generator)
Time:    Fri Jun 12 01:11:19 2026
Kernel:  AVX+FMA - auto-detect threads (8 CPU cores detected)

Reading alignment file results_moss_new/06_alignment/All/trimmed/G6538.trimmed.aln ... Fasta format detected
Reading fasta file: done in 0.00112177 secs using 90.84% CPU
Alignment most likely contains DNA/RNA sequences
Constructing alignment: done in 0.00119833 secs using 96.8% CPU
Alignment has 52 sequences with 1821 columns, 1649 distinct patterns
1541 parsimony-informative, 72 singleton sites, 208 constant sites
                  Gap/Ambiguity  Composition  p-value
Analyzing sequences: done in 0.000163698 secs using 99.57% CPU
   1  S0003_G6538_R1_N   31.80%    passed     31.96%
   2  S0025_G6538_R1_A   21.64%    passed     13.95%
   3  S0029_G6538_R1_A   23.06%    passed      9.78%
   4  S0032_G6538_R1_N   19.00%    passed     42.63%
   5  S0024_G6538_R1_A   25.26%    passed      7.81%
   6  S0001_G6538_R1_A   28.72%    failed      0.59%
   7  S0049_G6538_R1_A   32.84%    passed     18.61%
   8  S0004_G6538_R1_A    5.00%    passed     70.09%
   9  S0030_G6538_R1_A    5.49%    passed     36.23%
  10  S0022_G6538_R1_A    1.48%    passed     26.96%
  11  S0011_G6538_R1_A    3.73%    passed     69.31%
  12  S0023_G6538_R1_A    1.81%    passed     84.31%
  13  S0031_G6538_R1_A   11.92%    passed     86.18%
  14  S0021_G6538_R1_A    1.70%    passed     52.35%
  15  S0046_G6538_R1_A    2.25%    passed     72.44%
  16  S0021_G6538_R2_A    5.66%    passed     58.82%
  17  S0036_G6538_R1_A    2.09%    passed     66.94%
  18  S0019_G6538_R1_A   10.87%    passed     50.49%
  19  S0013_G6538_R1_A    1.65%    passed     77.30%
  20  S0018_G6538_R1_A   17.19%    passed     85.75%
  21  S0037_G6538_R1_U   18.95%    passed     25.44%
  22  S0002_G6538_R1_A   21.69%    passed     23.23%
  23  S0020_G6538_R1_A    3.08%    passed     33.15%
  24  S0017_G6538_R1_A    6.26%    passed     62.24%
  25  S0005_G6538_R1_A    5.60%    passed     86.91%
  26  S0028_G6538_R1_A    2.58%    passed     37.75%
  27  S0016_G6538_R1_A    3.24%    passed     63.08%
  28  S0050_G6538_R1_A    8.07%    passed     85.61%
  29  S0048_G6538_R1_A    8.46%    passed     78.44%
  30  S0012_G6538_R1_A   23.12%    passed      9.43%
  31  S0026_G6538_R1_A    1.43%    passed     54.75%
  32  S0033_G6538_R1_A   17.68%    passed     84.51%
  33  S0035_G6538_R1_A    7.25%    passed     14.69%
  34  S0006_G6538_R1_A   26.08%    passed      9.47%
  35  S0034_G6538_R1_A   26.58%    passed     28.14%
  36  S0015_G6538_R1_A   30.20%    failed      3.48%
  37  S0008_G6538_R1_A   28.72%    passed     26.14%
  38  S0010_G6538_R1_A   21.64%    failed      3.23%
  39  S0009_G6538_R1_A   22.08%    failed      1.73%
  40  S0014_G6538_R1_A   33.28%    failed      0.05%
  41  S0027_G6538_R1_A   39.48%    failed      0.00%
  42  S0051_G6538_R1_A   20.98%    failed      2.17%
  43  S0039_G6538_R1_A   20.98%    failed      1.90%
  44  S0042_G6538_R1_N   23.17%    failed      0.90%
  45  S0041_G6538_R1_N   21.91%    failed      1.02%
  46  S0043_G6538_R1_N   21.91%    failed      1.32%
  47  S0047_G6538_R1_N   21.91%    failed      1.26%
  48  S0044_G6538_R1_N   21.97%    failed      0.93%
  49  S0045_G6538_R1_A   21.91%    failed      1.04%
  50  S0045_G6538_R2_A   22.30%    failed      0.77%
  51  S0038_G6538_R1_A   21.91%    failed      1.26%
  52  S0040_G6538_R1_N   21.97%    failed      2.65%
****  TOTAL              16.34%  17 sequences failed composition chi2 test (p-value<5%; df=3)
Checking for duplicate sequences: done in 0.000185028 secs using 96.2% CPU


Create initial parsimony tree by phylogenetic likelihood library (PLL)... 0.008 seconds
Measuring multi-threading efficiency up to 8 CPU cores
Increase to 10 rounds for branch lengths
71 trees examined
Threads: 1 / Time: 8.101 sec / Speedup: 1.000 / Efficiency: 100% / LogL: -45890
Threads: 2 / Time: 31.493 sec / Speedup: 0.257 / Efficiency: 13% / LogL: -45890
Determining AUTO threadcount: done in 39.5955 secs using 97.67% CPU
BEST NUMBER OF THREADS: 1

Perform fast likelihood tree search using GTR+I+G model...
Estimate model parameters (epsilon = 5.000)
Perform nearest neighbor interchange...
Optimizing NNI: done in 0.197462 secs using 92.43% CPU
Estimate model parameters (epsilon = 1.000)
1. Initial log-likelihood: -31045.034
Optimal log-likelihood: -31044.878
Rate parameters:  A-C: 1.01655  A-G: 2.65218  A-T: 0.86175  C-G: 0.84239  C-T: 2.89558  G-T: 1.00000
Base frequencies:  A: 0.265  C: 0.194  G: 0.230  T: 0.311
Proportion of invariable sites: 0.105
Gamma shape alpha: 5.102
Parameters optimization took 1 rounds (0.070 sec)
Time for fast ML tree search: 0.725 seconds

NOTE: ModelFinder requires 34 MB RAM!
ModelFinder will test up to 968 DNA models (sample size: 1821 epsilon: 0.100) ...
 No. Model         -LnL         df  AIC          AICc         BIC
  1  JC            32555.538    101 65313.076    65325.062    65869.297
  2  JC+I          31920.970    102 64045.940    64058.171    64607.669
  3  JC+G4         32013.482    102 64230.964    64243.194    64792.692
  4  JC+I+G4       31831.322    103 63868.643    63881.121    64435.879
  5  JC+R2         31890.017    103 63986.034    63998.511    64553.269
  6  JC+R3         31863.063    105 63936.125    63949.105    64514.375
  7  JC+R4         31845.351    107 63904.703    63918.195    64493.967
  8  JC+R5         31836.646    109 63891.292    63905.307    64491.570
  9  JC+R6         31836.151    111 63894.302    63908.851    64505.595
 14  JC+I+R2       31825.791    104 63859.582    63872.309    64432.324
 15  JC+I+R3       31824.806    106 63861.613    63874.847    64445.370
 26  JC+I+G4       31831.322    103 63868.643    63881.121    64435.879
 36  JC+I+R2       31825.791    104 63859.582    63872.309    64432.324
 48  F81+I+G4      31831.324    103 63868.648    63881.126    64435.884
 58  F81+I+R2      31825.648    104 63859.296    63872.024    64432.039
 70  F81+F+I+G4    31759.703    106 63731.406    63744.641    64315.163
 80  F81+F+I+R2    31749.831    107 63713.662    63727.154    64302.926
 92  K2P+I+G4      31180.526    104 62569.052    62581.779    63141.794
102  K2P+I+R2      31175.045    105 62560.090    62573.070    63138.340
114  K2P+I+G4      31180.526    104 62569.052    62581.779    63141.794
124  K2P+I+R2      31175.045    105 62560.090    62573.070    63138.340
136  HKY+I+G4      31180.523    104 62569.045    62581.773    63141.788
146  HKY+I+R2      31175.019    105 62560.037    62573.017    63138.287
158  HKY+F+I+G4    31051.366    107 62316.732    62330.224    62905.996
168  HKY+F+I+R2    31040.018    108 62296.037    62309.789    62890.808
180  TNe+I+G4      31180.107    105 62570.214    62583.193    63148.463
190  TNe+I+R2      31175.177    106 62562.354    62575.589    63146.111
202  TNe+I+G4      31180.107    105 62570.214    62583.193    63148.463
212  TNe+I+R2      31175.177    106 62562.354    62575.589    63146.111
224  TN+I+G4       31180.104    105 62570.207    62583.187    63148.457
234  TN+I+R2       31174.816    106 62561.633    62574.867    63145.390
246  TN+F+I+G4     31049.379    108 62314.758    62328.510    62909.529
256  TN+F+I+R2     31038.699    109 62295.398    62309.414    62895.677
268  K3P+I+G4      31178.871    105 62567.742    62580.722    63145.992
278  K3P+I+R2      31173.417    106 62558.834    62572.068    63142.591
290  K3P+I+G4      31178.871    105 62567.742    62580.722    63145.992
300  K3P+I+R2      31173.417    106 62558.834    62572.068    63142.591
312  K3Pu+I+G4     31178.871    105 62567.742    62580.722    63145.992
322  K3Pu+I+R2     31173.408    106 62558.816    62572.051    63142.573
334  K3Pu+F+I+G4   31046.925    108 62309.849    62323.601    62904.620
344  K3Pu+F+I+R2   31035.669    109 62289.338    62303.353    62889.616
356  TPM2+I+G4     31178.991    105 62567.983    62580.962    63146.233
366  TPM2+I+R2     31173.615    106 62559.231    62572.465    63142.988
378  TPM2+I+G4     31178.991    105 62567.983    62580.962    63146.233
388  TPM2+I+R2     31173.615    106 62559.231    62572.465    63142.988
400  TPM2u+I+G4    31178.992    105 62567.983    62580.963    63146.233
410  TPM2u+I+R2    31173.610    106 62559.219    62572.454    63142.976
422  TPM2u+F+I+G4  31051.262    108 62318.524    62332.276    62913.295
432  TPM2u+F+I+R2  31039.910    109 62297.820    62311.835    62898.098
444  TPM3+I+G4     31157.752    105 62525.504    62538.484    63103.754
454  TPM3+I+R2     31154.569    106 62521.139    62534.373    63104.896
466  TPM3+I+G4     31157.752    105 62525.504    62538.484    63103.754
476  TPM3+I+R2     31154.569    106 62521.139    62534.373    63104.896
488  TPM3u+I+G4    31157.755    105 62525.510    62538.490    63103.760
498  TPM3u+I+R2    31154.549    106 62521.098    62534.333    63104.855
510  TPM3u+F+I+G4  31051.337    108 62318.675    62332.427    62913.446
520  TPM3u+F+I+R2  31039.945    109 62297.890    62311.905    62898.168
532  TIMe+I+G4     31178.451    106 62568.902    62582.137    63152.659
542  TIMe+I+R2     31173.560    107 62561.120    62574.612    63150.384
554  TIMe+I+G4     31178.451    106 62568.902    62582.137    63152.659
564  TIMe+I+R2     31173.560    107 62561.120    62574.612    63150.384
576  TIM+I+G4      31178.450    106 62568.899    62582.134    63152.656
586  TIM+I+R2      31173.219    107 62560.438    62573.930    63149.702
598  TIM+F+I+G4    31044.943    109 62307.886    62321.901    62908.164
608  TIM+F+I+R2    31034.335    110 62288.671    62302.951    62894.456
620  TIM2e+I+G4    31178.571    106 62569.142    62582.377    63152.899
630  TIM2e+I+R2    31173.831    107 62561.663    62575.155    63150.927
642  TIM2e+I+G4    31178.571    106 62569.142    62582.377    63152.899
652  TIM2e+I+R2    31173.831    107 62561.663    62575.155    63150.927
664  TIM2+I+G4     31178.567    106 62569.133    62582.368    63152.890
674  TIM2+I+R2     31173.419    107 62560.838    62574.330    63150.102
686  TIM2+F+I+G4   31049.280    109 62316.561    62330.576    62916.839
696  TIM2+F+I+R2   31038.481    110 62296.962    62311.243    62902.748
708  TIM3e+I+G4    31157.225    106 62526.449    62539.684    63110.206
718  TIM3e+I+R2    31154.559    107 62523.118    62536.610    63112.382
730  TIM3e+I+G4    31157.225    106 62526.449    62539.684    63110.206
740  TIM3e+I+R2    31154.559    107 62523.118    62536.610    63112.382
752  TIM3+I+G4     31157.224    106 62526.449    62539.683    63110.206
762  TIM3+I+R2     31154.222    107 62522.444    62535.936    63111.708
774  TIM3+F+I+G4   31049.351    109 62316.703    62330.718    62916.981
784  TIM3+F+I+R2   31038.489    110 62296.978    62311.258    62902.763
796  TVMe+I+G4     31152.773    107 62519.545    62533.037    63108.809
806  TVMe+I+R2     31150.242    108 62516.484    62530.237    63111.255
818  TVMe+I+G4     31152.773    107 62519.545    62533.037    63108.809
828  TVMe+I+R2     31150.242    108 62516.484    62530.236    63111.255
840  TVM+I+G4      31152.770    107 62519.541    62533.033    63108.805
850  TVM+I+R2      31150.111    108 62516.221    62529.974    63110.993
862  TVM+F+I+G4    31046.866    110 62313.732    62328.013    62919.518
872  TVM+F+I+R2    31035.475    111 62292.950    62307.499    62904.242
884  SYM+I+G4      31152.224    108 62520.448    62534.201    63115.220
894  SYM+I+R2      31149.710    109 62517.420    62531.435    63117.698
906  SYM+I+G4      31152.224    108 62520.448    62534.201    63115.220
916  SYM+I+R2      31149.710    109 62517.420    62531.435    63117.698
928  GTR+I+G4      31152.224    108 62520.448    62534.200    63115.219
938  GTR+I+R2      31149.638    109 62517.276    62531.291    63117.554
950  GTR+F+I+G4    31044.878    111 62311.755    62326.304    62923.048
960  GTR+F+I+R2    31034.201    112 62292.402    62307.221    62909.201
Akaike Information Criterion:           TIM+F+I+R2
Corrected Akaike Information Criterion: TIM+F+I+R2
Bayesian Information Criterion:         K3Pu+F+I+R2
Best-fit model: K3Pu+F+I+R2 chosen according to BIC

All model information printed to results_moss_new/07_phylogeny/All/G6538.model.gz
CPU time for ModelFinder: 63.891 seconds (0h:1m:3s)
Wall-clock time for ModelFinder: 65.114 seconds (0h:1m:5s)
Generating 1000 samples for ultrafast bootstrap (seed: 895732)...

NOTE: 11 MB RAM (0 GB) is required!
Estimate model parameters (epsilon = 0.100)
1. Initial log-likelihood: -31035.496
Optimal log-likelihood: -31035.441
Rate parameters:  A-C: 1.00000  A-G: 2.74981  A-T: 0.85398  C-G: 0.85398  C-T: 2.74981  G-T: 1.00000
Base frequencies:  A: 0.265  C: 0.194  G: 0.230  T: 0.311
Proportion of invariable sites: 0.101
Site proportion and rates:  (0.230,0.468) (0.668,1.335)
Parameters optimization took 1 rounds (0.043 sec)
Wrote distance file to... 
Computing ML distances based on estimated model parameters...
Calculating distance matrix: done in 0.00766919 secs using 99.57% CPU
Computing ML distances took 0.007883 sec (of wall-clock time) 0.007852 sec (of CPU time)
Setting up auxiliary I and S matrices: done in 9.4428e-05 secs using 131.3% CPU
Constructing RapidNJ tree: done in 0.000174959 secs using 113.7% CPU
Computing RapidNJ tree took 0.000311 sec (of wall-clock time) 0.000364 sec (of CPU time)
Log-likelihood of RapidNJ tree: -31200.528
--------------------------------------------------------------------
|             INITIALIZING CANDIDATE TREE SET                      |
--------------------------------------------------------------------
Generating 98 parsimony trees... 0.723 second
Computing log-likelihood of 98 initial trees ... 0.805 seconds
Current best score: -31035.441

Do NNI search on 20 best initial trees
Optimizing NNI: done in 0.047412 secs using 99.59% CPU
Estimate model parameters (epsilon = 0.100)
BETTER TREE FOUND at iteration 1: -31035.416
Optimizing NNI: done in 0.211065 secs using 99.09% CPU
Estimate model parameters (epsilon = 0.100)
BETTER TREE FOUND at iteration 2: -31026.131
Optimizing NNI: done in 0.20929 secs using 99.11% CPU
Optimizing NNI: done in 0.247571 secs using 99.6% CPU
Optimizing NNI: done in 0.213637 secs using 99.57% CPU
Optimizing NNI: done in 0.225628 secs using 99.02% CPU
Optimizing NNI: done in 0.227705 secs using 99.57% CPU
Optimizing NNI: done in 0.213594 secs using 99.1% CPU
Optimizing NNI: done in 0.213688 secs using 99.11% CPU
Optimizing NNI: done in 0.211805 secs using 98.63% CPU
Iteration 10 / LogL: -31030.017 / Time: 0h:1m:8s
Optimizing NNI: done in 0.221983 secs using 98.19% CPU
Optimizing NNI: done in 0.229965 secs using 98.27% CPU
Optimizing NNI: done in 0.214128 secs using 99.09% CPU
Optimizing NNI: done in 0.221301 secs using 99.58% CPU
Optimizing NNI: done in 0.219474 secs using 99.51% CPU
Optimizing NNI: done in 0.211579 secs using 99.46% CPU
Optimizing NNI: done in 0.215991 secs using 99.57% CPU
Optimizing NNI: done in 0.206535 secs using 98.65% CPU
Optimizing NNI: done in 0.193914 secs using 99.58% CPU
Optimizing NNI: done in 0.218727 secs using 99.14% CPU
Iteration 20 / LogL: -31033.105 / Time: 0h:1m:11s
Finish initializing candidate tree set (8)
Current best tree score: -31026.131 / CPU time: 5.816
Number of iterations: 20
--------------------------------------------------------------------
|               OPTIMIZING CANDIDATE TREE SET                      |
--------------------------------------------------------------------
Optimizing NNI: done in 0.246511 secs using 97.94% CPU
Optimizing NNI: done in 0.179686 secs using 98.96% CPU
Optimizing NNI: done in 0.208101 secs using 98.57% CPU
Estimate model parameters (epsilon = 0.100)
BETTER TREE FOUND at iteration 23: -31024.912
Optimizing NNI: done in 0.229906 secs using 99.11% CPU
Optimizing NNI: done in 0.221796 secs using 98.67% CPU
Optimizing NNI: done in 0.131513 secs using 98.8% CPU
Optimizing NNI: done in 0.168109 secs using 97.79% CPU
Optimizing NNI: done in 0.276342 secs using 98.47% CPU
Optimizing NNI: done in 0.259832 secs using 99.17% CPU
Optimizing NNI: done in 0.18671 secs using 97.44% CPU
Iteration 30 / LogL: -31028.452 / Time: 0h:1m:13s (0h:0m:26s left)
Optimizing NNI: done in 0.199281 secs using 99.04% CPU
Estimate model parameters (epsilon = 0.100)
BETTER TREE FOUND at iteration 31: -31022.194
Optimizing NNI: done in 0.222963 secs using 99.54% CPU
Optimizing NNI: done in 0.18218 secs using 99.53% CPU
Estimate model parameters (epsilon = 0.100)
BETTER TREE FOUND at iteration 33: -31020.868
Optimizing NNI: done in 0.170575 secs using 98.38% CPU
Optimizing NNI: done in 0.245844 secs using 99.15% CPU
Optimizing NNI: done in 0.177662 secs using 99.54% CPU
Optimizing NNI: done in 0.1202 secs using 97.05% CPU
Optimizing NNI: done in 0.255893 secs using 99.55% CPU
Optimizing NNI: done in 0.256844 secs using 99.17% CPU
Optimizing NNI: done in 0.202034 secs using 99.56% CPU
Iteration 40 / LogL: -31037.951 / Time: 0h:1m:15s (0h:0m:24s left)
Optimizing NNI: done in 0.232021 secs using 98.71% CPU
Optimizing NNI: done in 0.268131 secs using 98.07% CPU
Optimizing NNI: done in 0.177822 secs using 99% CPU
Optimizing NNI: done in 0.161553 secs using 98.96% CPU
Optimizing NNI: done in 0.197856 secs using 99.47% CPU
Optimizing NNI: done in 0.20678 secs using 97.67% CPU
Optimizing NNI: done in 0.199808 secs using 99.58% CPU
Optimizing NNI: done in 0.187329 secs using 99.08% CPU
Optimizing NNI: done in 0.185608 secs using 97.98% CPU
Optimizing NNI: done in 0.256832 secs using 99.22% CPU
Iteration 50 / LogL: -31027.642 / Time: 0h:1m:17s (0h:0m:21s left)
Log-likelihood cutoff on original alignment: -31064.245
Optimizing NNI: done in 0.235333 secs using 99.21% CPU
Optimizing NNI: done in 0.14791 secs using 98.91% CPU
Optimizing NNI: done in 0.188876 secs using 99.1% CPU
Optimizing NNI: done in 0.171568 secs using 99.03% CPU
Optimizing NNI: done in 0.202517 secs using 99.61% CPU
Optimizing NNI: done in 0.150335 secs using 96.93% CPU
Optimizing NNI: done in 0.189493 secs using 99.08% CPU
Optimizing NNI: done in 0.142916 secs using 99.6% CPU
Optimizing NNI: done in 0.163056 secs using 98.41% CPU
Optimizing NNI: done in 0.205562 secs using 99.12% CPU
Iteration 60 / LogL: -31021.267 / Time: 0h:1m:19s (0h:0m:17s left)
Optimizing NNI: done in 0.204847 secs using 99.1% CPU
Optimizing NNI: done in 0.173272 secs using 99.63% CPU
Optimizing NNI: done in 0.170751 secs using 97.83% CPU
Optimizing NNI: done in 0.227041 secs using 99.59% CPU
Optimizing NNI: done in 0.173257 secs using 97.31% CPU
Optimizing NNI: done in 0.146509 secs using 99.59% CPU
Optimizing NNI: done in 0.137679 secs using 98.87% CPU
Optimizing NNI: done in 0.157178 secs using 99.5% CPU
Optimizing NNI: done in 0.186613 secs using 99.58% CPU
Optimizing NNI: done in 0.188414 secs using 99.61% CPU
Iteration 70 / LogL: -31027.558 / Time: 0h:1m:21s (0h:0m:14s left)
Optimizing NNI: done in 0.169483 secs using 99.62% CPU
Optimizing NNI: done in 0.234122 secs using 99.18% CPU
Optimizing NNI: done in 0.156568 secs using 99.5% CPU
Optimizing NNI: done in 0.20466 secs using 99.1% CPU
Optimizing NNI: done in 0.204669 secs using 99.6% CPU
Optimizing NNI: done in 0.181997 secs using 99.55% CPU
Optimizing NNI: done in 0.176983 secs using 99.03% CPU
Optimizing NNI: done in 0.253806 secs using 98.79% CPU
Optimizing NNI: done in 0.209629 secs using 99.58% CPU
Optimizing NNI: done in 0.141027 secs using 99.62% CPU
Iteration 80 / LogL: -31021.776 / Time: 0h:1m:23s (0h:0m:12s left)
Optimizing NNI: done in 0.245394 secs using 99.6% CPU
Optimizing NNI: done in 0.168098 secs using 99.59% CPU
Optimizing NNI: done in 0.193063 secs using 99.58% CPU
Optimizing NNI: done in 0.14376 secs using 99.61% CPU
Optimizing NNI: done in 0.13755 secs using 98.89% CPU
Optimizing NNI: done in 0.130871 secs using 99.61% CPU
Optimizing NNI: done in 0.170184 secs using 97.84% CPU
Optimizing NNI: done in 0.204536 secs using 99.11% CPU
Optimizing NNI: done in 0.130249 secs using 98.82% CPU
Optimizing NNI: done in 0.173793 secs using 99.04% CPU
Iteration 90 / LogL: -31020.889 / Time: 0h:1m:24s (0h:0m:9s left)
Optimizing NNI: done in 0.204067 secs using 99.59% CPU
Optimizing NNI: done in 0.170876 secs using 99.62% CPU
Optimizing NNI: done in 0.177287 secs using 99.59% CPU
Optimizing NNI: done in 0.170694 secs using 98.47% CPU
Optimizing NNI: done in 0.213322 secs using 99.59% CPU
Optimizing NNI: done in 0.187507 secs using 99.6% CPU
Optimizing NNI: done in 0.161559 secs using 98.98% CPU
Optimizing NNI: done in 0.187611 secs using 99.59% CPU
Optimizing NNI: done in 0.292285 secs using 98.91% CPU
Optimizing NNI: done in 0.12763 secs using 98% CPU
Iteration 100 / LogL: -31022.869 / Time: 0h:1m:26s (0h:0m:7s left)
Log-likelihood cutoff on original alignment: -31064.245
NOTE: Bootstrap correlation coefficient of split occurrence frequencies: 0.997
Optimizing NNI: done in 0.193856 secs using 99.05% CPU
Optimizing NNI: done in 0.202902 secs using 99.54% CPU
Optimizing NNI: done in 0.171909 secs using 98.34% CPU
Optimizing NNI: done in 0.142354 secs using 99.53% CPU
Optimizing NNI: done in 0.185654 secs using 99.01% CPU
Optimizing NNI: done in 0.135377 secs using 99.56% CPU
Optimizing NNI: done in 0.187664 secs using 99.53% CPU
Optimizing NNI: done in 0.179517 secs using 99.54% CPU
Optimizing NNI: done in 0.162181 secs using 98.95% CPU
Optimizing NNI: done in 0.188682 secs using 99.55% CPU
Iteration 110 / LogL: -31020.896 / Time: 0h:1m:28s (0h:0m:19s left)
Optimizing NNI: done in 0.156666 secs using 98.94% CPU
Optimizing NNI: done in 0.174107 secs using 99.54% CPU
Optimizing NNI: done in 0.132641 secs using 99.54% CPU
Optimizing NNI: done in 0.212042 secs using 99.06% CPU
Optimizing NNI: done in 0.160919 secs using 98.81% CPU
UPDATE BEST LOG-LIKELIHOOD: -31020.868
Optimizing NNI: done in 0.219764 secs using 98.18% CPU
Optimizing NNI: done in 0.178637 secs using 99.52% CPU
Optimizing NNI: done in 0.166545 secs using 98.95% CPU
Optimizing NNI: done in 0.174971 secs using 99% CPU
Optimizing NNI: done in 0.244041 secs using 99.14% CPU
Iteration 120 / LogL: -31020.868 / Time: 0h:1m:30s (0h:0m:17s left)
Optimizing NNI: done in 0.168308 secs using 99.56% CPU
Optimizing NNI: done in 0.160452 secs using 98.89% CPU
Optimizing NNI: done in 0.148277 secs using 98.86% CPU
Optimizing NNI: done in 0.154755 secs using 99.55% CPU
Optimizing NNI: done in 0.174135 secs using 99.54% CPU
Optimizing NNI: done in 0.147935 secs using 98.86% CPU
Optimizing NNI: done in 0.218326 secs using 98.63% CPU
Optimizing NNI: done in 0.196133 secs using 99.56% CPU
Optimizing NNI: done in 0.211531 secs using 99.08% CPU
Optimizing NNI: done in 0.170186 secs using 99.52% CPU
Iteration 130 / LogL: -31037.672 / Time: 0h:1m:32s (0h:0m:14s left)
Optimizing NNI: done in 0.213992 secs using 99.51% CPU
Optimizing NNI: done in 0.204346 secs using 99.53% CPU
Optimizing NNI: done in 0.213392 secs using 97.71% CPU
Optimizing NNI: done in 0.145006 secs using 99.52% CPU
TREE SEARCH COMPLETED AFTER 134 ITERATIONS / Time: 0h:1m:33s

--------------------------------------------------------------------
|                    FINALIZING TREE SEARCH                        |
--------------------------------------------------------------------
Performs final model parameters optimization
Estimate model parameters (epsilon = 0.010)
1. Initial log-likelihood: -31020.868
2. Current log-likelihood: -31020.853
3. Current log-likelihood: -31020.841
Optimal log-likelihood: -31020.831
Rate parameters:  A-C: 1.00000  A-G: 2.77427  A-T: 0.85657  C-G: 0.85657  C-T: 2.77427  G-T: 1.00000
Base frequencies:  A: 0.265  C: 0.194  G: 0.230  T: 0.311
Proportion of invariable sites: 0.101
Site proportion and rates:  (0.216,0.449) (0.683,1.322)
Parameters optimization took 3 rounds (0.100 sec)
BEST SCORE FOUND : -31020.831
Creating bootstrap support values...
Split supports printed to NEXUS file results_moss_new/07_phylogeny/All/G6538.splits.nex
Total tree length: 7.603

Total number of iterations: 134
CPU time used for tree search: 27.696 sec (0h:0m:27s)
Wall-clock time used for tree search: 27.961 sec (0h:0m:27s)
Total CPU time used: 91.893 sec (0h:1m:31s)
Total wall-clock time used: 93.383 sec (0h:1m:33s)

Computing bootstrap consensus tree...
Reading input file results_moss_new/07_phylogeny/All/G6538.splits.nex...
52 taxa and 329 splits.
Consensus tree written to results_moss_new/07_phylogeny/All/G6538.contree
Reading input trees file results_moss_new/07_phylogeny/All/G6538.contree
Log-likelihood of consensus tree: -31020.832

Analysis results written to: 
  IQ-TREE report:                results_moss_new/07_phylogeny/All/G6538.iqtree
  Maximum-likelihood tree:       results_moss_new/07_phylogeny/All/G6538.treefile
  Likelihood distances:          results_moss_new/07_phylogeny/All/G6538.mldist

Ultrafast bootstrap approximation results written to:
  Split support values:          results_moss_new/07_phylogeny/All/G6538.splits.nex
  Consensus tree:                results_moss_new/07_phylogeny/All/G6538.contree
  Screen log file:               results_moss_new/07_phylogeny/All/G6538.log

Date and Time: Fri Jun 12 01:12:53 2026
