IQ-TREE version 3.0.1 for Linux x86 64-bit built Jul  9 2025
Developed by Bui Quang Minh, Thomas Wong, Nhan Ly-Trong, Huaiyan Ren
Contributed by Lam-Tung Nguyen, Dominik Schrempf, Chris Bielow,
Olga Chernomor, Michael Woodhams, Diep Thi Hoang, Heiko Schmidt

Host:    c0711a-s19.ufhpc (AVX2, FMA3, 503 GB RAM)
Command: iqtree -s results_moss_new/06_alignment/All/trimmed/G6639.trimmed.aln --prefix results_moss_new/07_phylogeny/All/G6639 -m MFP -B 1000 -T AUTO
Seed:    954145 (Using SPRNG - Scalable Parallel Random Number Generator)
Time:    Fri Jun 12 02:37:30 2026
Kernel:  AVX+FMA - auto-detect threads (8 CPU cores detected)

Reading alignment file results_moss_new/06_alignment/All/trimmed/G6639.trimmed.aln ... Fasta format detected
Reading fasta file: done in 0.00102594 secs using 54.58% CPU
Alignment most likely contains DNA/RNA sequences
Constructing alignment: done in 0.000998398 secs using 22.74% CPU
Alignment has 45 sequences with 1706 columns, 1466 distinct patterns
1188 parsimony-informative, 207 singleton sites, 311 constant sites
                  Gap/Ambiguity  Composition  p-value
Analyzing sequences: done in 0.000116118 secs using 37.89% CPU
   1  S0001_G6639_R1_A   60.14%    passed     14.91%
   2  S0024_G6639_R1_A   60.08%    passed     14.13%
   3  S0032_G6639_R2_N   60.02%    passed      8.25%
   4  S0032_G6639_R1_N   60.26%    passed     14.40%
   5  S0025_G6639_R1_A   60.67%    failed      2.98%
   6  S0029_G6639_R1_A   60.73%    passed      7.49%
   7  S0003_G6639_R1_N   47.30%    failed      4.01%
   8  S0006_G6639_R1_A   28.25%    passed     76.12%
   9  S0033_G6639_R1_A   21.98%    passed     67.76%
  10  S0005_G6639_R1_A   15.18%    passed     85.11%
  11  S0035_G6639_R1_A   18.35%    passed     41.05%
  12  S0046_G6639_R1_A    1.99%    passed     72.60%
  13  S0028_G6639_R1_A    1.70%    passed     81.87%
  14  S0030_G6639_R1_A    2.52%    passed     52.78%
  15  S0011_G6639_R1_A    2.46%    passed     81.85%
  16  S0002_G6639_R1_A    1.70%    passed     82.11%
  17  S0020_G6639_R1_U    2.70%    passed     80.31%
  18  S0019_G6639_R1_A    3.63%    passed     65.38%
  19  S0022_G6639_R1_A    2.58%    passed     84.26%
  20  S0031_G6639_R1_A    2.34%    passed     83.27%
  21  S0018_G6639_R1_U    1.82%    passed     82.67%
  22  S0004_G6639_R1_A    1.52%    passed     90.97%
  23  S0013_G6639_R1_A    2.58%    passed     66.16%
  24  S0023_G6639_R1_A    2.75%    passed     74.77%
  25  S0021_G6639_R1_A    2.52%    passed     70.88%
  26  S0048_G6639_R1_A    3.28%    passed     94.23%
  27  S0036_G6639_R1_A    3.28%    passed     88.55%
  28  S0050_G6639_R1_A    4.28%    passed     75.56%
  29  S0026_G6639_R1_A    1.88%    passed     83.39%
  30  S0021_G6639_R2_A    2.70%    passed     75.37%
  31  S0012_G6639_R1_A    4.87%    passed     88.69%
  32  S0037_G6639_R1_A    2.58%    passed     95.53%
  33  S0016_G6639_R1_A    2.58%    passed     69.48%
  34  S0017_G6639_R1_U    2.81%    passed     89.90%
  35  S0009_G6639_R1_A   13.83%    passed     13.72%
  36  S0010_G6639_R1_A   13.83%    passed     13.72%
  37  S0034_G6639_R1_A   15.36%    passed     19.98%
  38  S0027_G6639_R1_A   19.05%    failed      0.82%
  39  S0051_G6639_R1_A   20.05%    passed     36.68%
  40  S0039_G6639_R1_A   20.28%    passed     42.10%
  41  S0015_G6639_R1_A   17.17%    passed     42.94%
  42  S0014_G6639_R1_A   15.59%    passed      5.39%
  43  S0008_G6639_R1_A   23.39%    passed     66.13%
  44  S0043_G6639_R2_N   56.27%    passed     11.98%
  45  S0045_G6639_R1_A   55.74%    passed     27.51%
WARNING: 8 sequences contain more than 50% gaps/ambiguity
****  TOTAL              18.32%  3 sequences failed composition chi2 test (p-value<5%; df=3)
NOTE: S0010_G6639_R1_A is identical to S0009_G6639_R1_A but kept for subsequent analysis
Checking for duplicate sequences: done in 0.000141235 secs


Create initial parsimony tree by phylogenetic likelihood library (PLL)... 0.005 seconds
Measuring multi-threading efficiency up to 8 CPU cores
Increase to 10 rounds for branch lengths
97 trees examined
Threads: 1 / Time: 8.019 sec / Speedup: 1.000 / Efficiency: 100% / LogL: -28710
Threads: 2 / Time: 23.525 sec / Speedup: 0.341 / Efficiency: 17% / LogL: -28710
Determining AUTO threadcount: done in 31.5451 secs using 105% CPU
BEST NUMBER OF THREADS: 1

Perform fast likelihood tree search using GTR+I+G model...
Estimate model parameters (epsilon = 5.000)
Perform nearest neighbor interchange...
Optimizing NNI: done in 0.144635 secs using 90.53% CPU
Estimate model parameters (epsilon = 1.000)
1. Initial log-likelihood: -20860.643
Optimal log-likelihood: -20860.180
Rate parameters:  A-C: 0.86069  A-G: 2.77519  A-T: 0.90706  C-G: 1.06979  C-T: 3.36919  G-T: 1.00000
Base frequencies:  A: 0.254  C: 0.175  G: 0.247  T: 0.324
Proportion of invariable sites: 0.113
Gamma shape alpha: 3.288
Parameters optimization took 1 rounds (0.072 sec)
Time for fast ML tree search: 0.654 seconds

NOTE: ModelFinder requires 27 MB RAM!
ModelFinder will test up to 968 DNA models (sample size: 1706 epsilon: 0.100) ...
 No. Model         -LnL         df  AIC          AICc         BIC
  1  JC            21825.645    87  43825.291    43834.754    44298.737
  2  JC+I          21546.191    88  43268.383    43278.070    43747.271
  3  JC+G4         21518.625    88  43213.249    43222.936    43692.137
  4  JC+I+G4       21481.199    89  43140.398    43150.311    43624.727
  5  JC+R2         21504.303    89  43186.607    43196.520    43670.936
  6  JC+R3         21487.804    91  43157.609    43167.983    43652.822
  7  JC+R4         21486.213    93  43158.425    43169.272    43664.523
 14  JC+I+R2       21482.020    90  43144.039    43154.182    43633.811
 15  JC+I+R3       21481.142    92  43146.285    43156.893    43646.940
 26  JC+I+G4       21481.199    89  43140.398    43150.311    43624.727
 36  JC+I+R2       21482.020    90  43144.039    43154.182    43633.811
 48  F81+I+G4      21481.192    89  43140.383    43150.296    43624.713
 58  F81+I+R2      21481.992    90  43143.983    43154.126    43633.755
 70  F81+F+I+G4    21412.690    92  43009.380    43019.989    43510.036
 80  F81+F+I+R2    21413.141    93  43012.283    43023.129    43518.380
 92  K2P+I+G4      20990.514    90  42161.027    42171.170    42650.799
102  K2P+I+R2      20991.627    91  42165.253    42175.627    42660.467
114  K2P+I+G4      20990.514    90  42161.027    42171.170    42650.799
124  K2P+I+R2      20991.627    91  42165.253    42175.627    42660.467
136  HKY+I+G4      20990.512    90  42161.025    42171.167    42650.796
146  HKY+I+R2      20991.599    91  42165.199    42175.573    42660.412
158  HKY+F+I+G4    20870.314    93  41926.628    41937.474    42432.726
168  HKY+F+I+R2    20870.825    94  41929.650    41940.736    42441.189
180  TNe+I+G4      20989.602    91  42161.204    42171.579    42656.418
190  TNe+I+R2      20990.676    92  42165.353    42175.961    42666.008
202  TNe+I+G4      20989.602    91  42161.204    42171.579    42656.418
212  TNe+I+R2      20990.676    92  42165.353    42175.961    42666.008
224  TN+I+G4       20989.601    91  42161.202    42171.576    42656.416
234  TN+I+R2       20990.654    92  42165.309    42175.918    42665.964
246  TN+F+I+G4     20863.230    94  41914.461    41925.547    42426.000
256  TN+F+I+R2     20863.871    95  41917.741    41929.070    42434.722
268  K3P+I+G4      20990.454    91  42162.908    42173.282    42658.122
278  K3P+I+R2      20991.525    92  42167.050    42177.659    42667.705
290  K3P+I+G4      20990.454    91  42162.908    42173.282    42658.122
300  K3P+I+R2      20991.525    92  42167.050    42177.659    42667.705
312  K3Pu+I+G4     20990.453    91  42162.906    42173.280    42658.120
322  K3Pu+I+R2     20991.504    92  42167.008    42177.617    42667.663
334  K3Pu+F+I+G4   20870.314    94  41928.628    41939.714    42440.167
344  K3Pu+F+I+R2   20870.851    95  41931.701    41943.030    42448.682
356  TPM2+I+G4     20988.499    91  42158.997    42169.371    42654.211
366  TPM2+I+R2     20989.377    92  42162.753    42173.362    42663.409
378  TPM2+I+G4     20988.499    91  42158.997    42169.371    42654.211
388  TPM2+I+R2     20989.377    92  42162.753    42173.362    42663.409
400  TPM2u+I+G4    20988.500    91  42159.001    42169.375    42654.214
410  TPM2u+I+R2    20989.366    92  42162.732    42173.341    42663.387
422  TPM2u+F+I+G4  20867.376    94  41922.752    41933.838    42434.291
432  TPM2u+F+I+R2  20867.759    95  41925.519    41936.848    42442.500
444  TPM3+I+G4     20959.590    91  42101.181    42111.555    42596.394
454  TPM3+I+R2     20961.253    92  42106.505    42117.114    42607.161
466  TPM3+I+G4     20959.590    91  42101.181    42111.555    42596.394
476  TPM3+I+R2     20961.253    92  42106.505    42117.114    42607.161
488  TPM3u+I+G4    20959.590    91  42101.180    42111.554    42596.394
498  TPM3u+I+R2    20961.206    92  42106.412    42117.021    42607.068
510  TPM3u+F+I+G4  20870.317    94  41928.635    41939.721    42440.174
520  TPM3u+F+I+R2  20870.889    95  41931.778    41943.108    42448.760
532  TIMe+I+G4     20989.543    92  42163.086    42173.695    42663.742
542  TIMe+I+R2     20990.515    93  42167.030    42177.876    42673.128
554  TIMe+I+G4     20989.543    92  42163.086    42173.695    42663.742
564  TIMe+I+R2     20990.515    93  42167.030    42177.876    42673.128
576  TIM+I+G4      20989.542    92  42163.084    42173.692    42663.739
586  TIM+I+R2      20990.506    93  42167.013    42177.859    42673.110
598  TIM+F+I+G4    20863.228    95  41916.455    41927.784    42433.436
608  TIM+F+I+R2    20863.867    96  41919.734    41931.309    42442.157
620  TIM2e+I+G4    20987.614    92  42159.227    42169.836    42659.883
630  TIM2e+I+R2    20988.521    93  42163.041    42173.887    42669.138
642  TIM2e+I+G4    20987.614    92  42159.227    42169.836    42659.883
652  TIM2e+I+R2    20988.521    93  42163.041    42173.887    42669.138
664  TIM2+I+G4     20987.609    92  42159.219    42169.828    42659.874
674  TIM2+I+R2     20988.501    93  42163.002    42173.849    42669.100
686  TIM2+F+I+G4   20860.390    95  41910.780    41922.109    42427.761
696  TIM2+F+I+R2   20860.826    96  41913.652    41925.227    42436.075
708  TIM3e+I+G4    20958.360    92  42100.720    42111.329    42601.376
718  TIM3e+I+R2    20960.089    93  42106.179    42117.025    42612.276
730  TIM3e+I+G4    20958.360    92  42100.720    42111.329    42601.376
740  TIM3e+I+R2    20960.089    93  42106.179    42117.025    42612.276
752  TIM3+I+G4     20958.358    92  42100.715    42111.324    42601.371
762  TIM3+I+R2     20960.032    93  42106.063    42116.909    42612.160
774  TIM3+F+I+G4   20863.226    95  41916.453    41927.782    42433.434
784  TIM3+F+I+R2   20863.866    96  41919.733    41931.308    42442.156
796  TVMe+I+G4     20957.179    93  42100.358    42111.204    42606.455
806  TVMe+I+R2     20958.790    94  42105.580    42116.666    42617.119
818  TVMe+I+G4     20957.179    93  42100.358    42111.204    42606.455
828  TVMe+I+R2     20958.790    94  42105.580    42116.666    42617.119
840  TVM+I+G4      20957.177    93  42100.354    42111.200    42606.452
850  TVM+I+R2      20958.739    94  42105.478    42116.564    42617.017
862  TVM+F+I+G4    20866.979    96  41925.957    41937.532    42448.380
872  TVM+F+I+R2    20867.348    97  41928.697    41940.520    42456.562
884  SYM+I+G4      20955.975    94  42099.950    42111.036    42611.489
894  SYM+I+R2      20957.373    95  42104.747    42116.076    42621.728
906  SYM+I+G4      20955.975    94  42099.950    42111.036    42611.489
916  SYM+I+R2      20957.373    95  42104.747    42116.076    42621.728
928  GTR+I+G4      20955.972    94  42099.944    42111.030    42611.483
938  GTR+I+R2      20957.348    95  42104.695    42116.025    42621.677
950  GTR+F+I+G4    20859.996    97  41913.991    41925.815    42441.856
960  GTR+F+I+R2    20860.420    98  41916.840    41928.914    42450.146
Akaike Information Criterion:           TIM2+F+I+G4
Corrected Akaike Information Criterion: TIM2+F+I+G4
Bayesian Information Criterion:         TN+F+I+G4
Best-fit model: TN+F+I+G4 chosen according to BIC

All model information printed to results_moss_new/07_phylogeny/All/G6639.model.gz
CPU time for ModelFinder: 42.543 seconds (0h:0m:42s)
Wall-clock time for ModelFinder: 41.729 seconds (0h:0m:41s)
Generating 1000 samples for ultrafast bootstrap (seed: 954145)...

NOTE: 14 MB RAM (0 GB) is required!
Estimate model parameters (epsilon = 0.100)
Thoroughly optimizing +I+G parameters from 10 start values...
Init pinv, alpha: 0.000, 3.471 / Estimate: 0.000, 1.514 / LogL: -20904.528
Init pinv, alpha: 0.020, 3.471 / Estimate: 0.117, 3.428 / LogL: -20863.235
Init pinv, alpha: 0.041, 3.471 / Estimate: 0.117, 3.425 / LogL: -20863.236
Init pinv, alpha: 0.061, 3.471 / Estimate: 0.117, 3.418 / LogL: -20863.240
Init pinv, alpha: 0.081, 3.471 / Estimate: 0.116, 3.395 / LogL: -20863.256
Init pinv, alpha: 0.101, 3.471 / Estimate: 0.117, 3.423 / LogL: -20863.239
Init pinv, alpha: 0.122, 3.471 / Estimate: 0.120, 3.513 / LogL: -20863.236
Init pinv, alpha: 0.142, 3.471 / Estimate: 0.120, 3.513 / LogL: -20863.235
Init pinv, alpha: 0.162, 3.471 / Estimate: 0.121, 3.535 / LogL: -20863.246
Init pinv, alpha: 0.182, 3.471 / Estimate: 0.120, 3.511 / LogL: -20863.235
Optimal pinv,alpha: 0.120, 3.513 / LogL: -20863.235

Parameters optimization took 2.394 sec
Wrote distance file to... 
Computing ML distances based on estimated model parameters...
Calculating distance matrix: done in 0.00718754 secs using 99.69% CPU
Computing ML distances took 0.007392 sec (of wall-clock time) 0.007367 sec (of CPU time)
Setting up auxiliary I and S matrices: done in 5.0504e-05 secs using 99% CPU
Constructing RapidNJ tree: done in 0.000144723 secs using 99.5% CPU
Computing RapidNJ tree took 0.000210 sec (of wall-clock time) 0.000210 sec (of CPU time)
Log-likelihood of RapidNJ tree: -20939.189
--------------------------------------------------------------------
|             INITIALIZING CANDIDATE TREE SET                      |
--------------------------------------------------------------------
Generating 98 parsimony trees... 0.449 second
Computing log-likelihood of 98 initial trees ... 1.057 seconds
Current best score: -20863.235

Do NNI search on 20 best initial trees
Optimizing NNI: done in 0.0535117 secs using 97.72% CPU
Estimate model parameters (epsilon = 0.100)
BETTER TREE FOUND at iteration 1: -20863.229
Optimizing NNI: done in 0.253677 secs using 99.2% CPU
Estimate model parameters (epsilon = 0.100)
BETTER TREE FOUND at iteration 2: -20851.053
Optimizing NNI: done in 0.252723 secs using 98.8% CPU
Optimizing NNI: done in 0.248712 secs using 98.81% CPU
Optimizing NNI: done in 0.245349 secs using 99.18% CPU
Optimizing NNI: done in 0.220261 secs using 99.15% CPU
Optimizing NNI: done in 0.274399 secs using 99.24% CPU
Optimizing NNI: done in 0.206172 secs using 99.6% CPU
Optimizing NNI: done in 0.249896 secs using 99.58% CPU
Optimizing NNI: done in 0.210819 secs using 99.61% CPU
Iteration 10 / LogL: -20852.300 / Time: 0h:0m:48s
Optimizing NNI: done in 0.222609 secs using 99.12% CPU
Optimizing NNI: done in 0.264293 secs using 99.58% CPU
Optimizing NNI: done in 0.236771 secs using 97.86% CPU
Optimizing NNI: done in 0.278078 secs using 98.85% CPU
Optimizing NNI: done in 0.221615 secs using 99.59% CPU
Optimizing NNI: done in 0.220103 secs using 99.64% CPU
Optimizing NNI: done in 0.223181 secs using 99.17% CPU
Optimizing NNI: done in 0.19242 secs using 99.09% CPU
Optimizing NNI: done in 0.231174 secs using 99.62% CPU
Optimizing NNI: done in 0.191218 secs using 99.08% CPU
Iteration 20 / LogL: -20853.382 / Time: 0h:0m:50s
Finish initializing candidate tree set (11)
Current best tree score: -20851.053 / CPU time: 6.110
Number of iterations: 20
--------------------------------------------------------------------
|               OPTIMIZING CANDIDATE TREE SET                      |
--------------------------------------------------------------------
Optimizing NNI: done in 0.23873 secs using 99.22% CPU
Optimizing NNI: done in 0.237729 secs using 99.18% CPU
Estimate model parameters (epsilon = 0.100)
BETTER TREE FOUND at iteration 22: -20850.357
Optimizing NNI: done in 0.193888 secs using 99.6% CPU
Optimizing NNI: done in 0.287057 secs using 98.58% CPU
Optimizing NNI: done in 0.231002 secs using 99.2% CPU
Optimizing NNI: done in 0.232493 secs using 99.19% CPU
Optimizing NNI: done in 0.23311 secs using 98.8% CPU
Optimizing NNI: done in 0.2748 secs using 98.91% CPU
Optimizing NNI: done in 0.233573 secs using 99.61% CPU
Optimizing NNI: done in 0.203954 secs using 99.6% CPU
Iteration 30 / LogL: -20850.616 / Time: 0h:0m:52s (0h:0m:35s left)
Optimizing NNI: done in 0.263623 secs using 99.63% CPU
Optimizing NNI: done in 0.216369 secs using 99.63% CPU
Optimizing NNI: done in 0.286846 secs using 98.6% CPU
Optimizing NNI: done in 0.21628 secs using 99.2% CPU
Optimizing NNI: done in 0.355676 secs using 96.26% CPU
Optimizing NNI: done in 0.232575 secs using 99.17% CPU
Optimizing NNI: done in 0.272557 secs using 98.85% CPU
Optimizing NNI: done in 0.282414 secs using 99.55% CPU
Optimizing NNI: done in 0.263816 secs using 99.23% CPU
Optimizing NNI: done in 0.182531 secs using 99.61% CPU
Iteration 40 / LogL: -20850.399 / Time: 0h:0m:55s (0h:0m:28s left)
Optimizing NNI: done in 0.290813 secs using 99.27% CPU
Optimizing NNI: done in 0.225576 secs using 99.17% CPU
Optimizing NNI: done in 0.245515 secs using 99.15% CPU
Optimizing NNI: done in 0.272656 secs using 83.44% CPU
Optimizing NNI: done in 0.153304 secs using 99.51% CPU
Optimizing NNI: done in 0.209152 secs using 98.54% CPU
Optimizing NNI: done in 0.276747 secs using 99.14% CPU
Optimizing NNI: done in 0.196123 secs using 99.38% CPU
Optimizing NNI: done in 0.282843 secs using 99.15% CPU
Optimizing NNI: done in 0.205911 secs using 98.54% CPU
Iteration 50 / LogL: -20850.402 / Time: 0h:0m:57s (0h:0m:23s left)
Log-likelihood cutoff on original alignment: -20883.827
Optimizing NNI: done in 0.308381 secs using 99.47% CPU
Optimizing NNI: done in 0.246883 secs using 99.48% CPU
Optimizing NNI: done in 0.36991 secs using 98.99% CPU
Optimizing NNI: done in 0.21021 secs using 99.04% CPU
Optimizing NNI: done in 0.246 secs using 99.52% CPU
Optimizing NNI: done in 0.248619 secs using 99.13% CPU
Optimizing NNI: done in 0.407964 secs using 99.29% CPU
Optimizing NNI: done in 0.251192 secs using 99.54% CPU
Optimizing NNI: done in 0.222786 secs using 99.08% CPU
Optimizing NNI: done in 0.251336 secs using 99.14% CPU
Iteration 60 / LogL: -20856.256 / Time: 0h:1m:0s (0h:0m:19s left)
Optimizing NNI: done in 0.257973 secs using 99.51% CPU
Optimizing NNI: done in 0.266688 secs using 99.53% CPU
Optimizing NNI: done in 0.265733 secs using 98.43% CPU
Optimizing NNI: done in 0.369167 secs using 98.98% CPU
Optimizing NNI: done in 0.228575 secs using 99.57% CPU
Optimizing NNI: done in 0.220197 secs using 99.54% CPU
Optimizing NNI: done in 0.300786 secs using 99.2% CPU
Optimizing NNI: done in 0.249518 secs using 99.57% CPU
Optimizing NNI: done in 0.242983 secs using 99.57% CPU
Optimizing NNI: done in 0.255781 secs using 99.16% CPU
Iteration 70 / LogL: -20851.316 / Time: 0h:1m:3s (0h:0m:16s left)
Optimizing NNI: done in 0.415742 secs using 99.32% CPU
Optimizing NNI: done in 0.290609 secs using 99.54% CPU
Optimizing NNI: done in 0.254712 secs using 99.54% CPU
Optimizing NNI: done in 0.250176 secs using 99.54% CPU
Optimizing NNI: done in 0.178424 secs using 99.39% CPU
Optimizing NNI: done in 0.353267 secs using 99.53% CPU
Optimizing NNI: done in 0.289942 secs using 98.5% CPU
Optimizing NNI: done in 0.207963 secs using 99.04% CPU
Optimizing NNI: done in 0.269854 secs using 99.51% CPU
Optimizing NNI: done in 0.201248 secs using 98.97% CPU
Iteration 80 / LogL: -20850.399 / Time: 0h:1m:6s (0h:0m:12s left)
Optimizing NNI: done in 0.28259 secs using 99.51% CPU
Optimizing NNI: done in 0.255367 secs using 99.13% CPU
Optimizing NNI: done in 0.297779 secs using 98.85% CPU
Optimizing NNI: done in 0.24548 secs using 99.14% CPU
Optimizing NNI: done in 0.184566 secs using 99.01% CPU
Optimizing NNI: done in 0.258378 secs using 99.52% CPU
Optimizing NNI: done in 0.315392 secs using 98.85% CPU
Optimizing NNI: done in 0.282855 secs using 98.84% CPU
Optimizing NNI: done in 0.272525 secs using 99.5% CPU
Optimizing NNI: done in 0.225053 secs using 99.06% CPU
Iteration 90 / LogL: -20851.311 / Time: 0h:1m:8s (0h:0m:9s left)
Optimizing NNI: done in 0.234345 secs using 98.65% CPU
Optimizing NNI: done in 0.322856 secs using 99.51% CPU
Optimizing NNI: done in 0.265511 secs using 99.51% CPU
Optimizing NNI: done in 0.223919 secs using 99.07% CPU
Optimizing NNI: done in 0.307709 secs using 99.2% CPU
Optimizing NNI: done in 0.302376 secs using 99.53% CPU
Optimizing NNI: done in 0.226977 secs using 99.52% CPU
Optimizing NNI: done in 0.231004 secs using 99.07% CPU
Optimizing NNI: done in 0.32333 secs using 99.51% CPU
Optimizing NNI: done in 0.257532 secs using 99.51% CPU
Iteration 100 / LogL: -20851.063 / Time: 0h:1m:11s (0h:0m:6s left)
Log-likelihood cutoff on original alignment: -20883.593
NOTE: Bootstrap correlation coefficient of split occurrence frequencies: 0.997
Optimizing NNI: done in 0.233895 secs using 99.49% CPU
Optimizing NNI: done in 0.250531 secs using 99.49% CPU
Optimizing NNI: done in 0.301833 secs using 99.51% CPU
Optimizing NNI: done in 0.293606 secs using 99.49% CPU
Optimizing NNI: done in 0.251535 secs using 99.51% CPU
Optimizing NNI: done in 0.241196 secs using 99.42% CPU
Optimizing NNI: done in 0.283226 secs using 99.17% CPU
Optimizing NNI: done in 0.244051 secs using 99.12% CPU
Optimizing NNI: done in 0.240581 secs using 99.54% CPU
Optimizing NNI: done in 0.16522 secs using 98.89% CPU
Iteration 110 / LogL: -20863.453 / Time: 0h:1m:14s (0h:0m:26s left)
Optimizing NNI: done in 0.326755 secs using 99.51% CPU
Optimizing NNI: done in 0.254312 secs using 98.69% CPU
Optimizing NNI: done in 0.285006 secs using 99.16% CPU
Optimizing NNI: done in 0.175301 secs using 98.39% CPU
Optimizing NNI: done in 0.275382 secs using 99.48% CPU
Optimizing NNI: done in 0.321932 secs using 99.51% CPU
Optimizing NNI: done in 0.228361 secs using 99.06% CPU
Optimizing NNI: done in 0.179791 secs using 98.95% CPU
Optimizing NNI: done in 0.286294 secs using 99.15% CPU
Optimizing NNI: done in 0.285437 secs using 99.18% CPU
Iteration 120 / LogL: -20850.360 / Time: 0h:1m:16s (0h:0m:23s left)
Optimizing NNI: done in 0.286166 secs using 98.14% CPU
Optimizing NNI: done in 0.218594 secs using 99.05% CPU
Optimizing NNI: done in 0.229895 secs using 99.52% CPU
TREE SEARCH COMPLETED AFTER 123 ITERATIONS / Time: 0h:1m:17s

--------------------------------------------------------------------
|                    FINALIZING TREE SEARCH                        |
--------------------------------------------------------------------
Performs final model parameters optimization
Estimate model parameters (epsilon = 0.010)
1. Initial log-likelihood: -20850.357
Optimal log-likelihood: -20850.356
Rate parameters:  A-C: 1.00000  A-G: 2.88485  A-T: 1.00000  C-G: 1.00000  C-T: 3.50066  G-T: 1.00000
Base frequencies:  A: 0.254  C: 0.175  G: 0.247  T: 0.324
Proportion of invariable sites: 0.119
Gamma shape alpha: 3.495
Parameters optimization took 1 rounds (0.036 sec)
BEST SCORE FOUND : -20850.356
Creating bootstrap support values...
Split supports printed to NEXUS file results_moss_new/07_phylogeny/All/G6639.splits.nex
Total tree length: 4.610

Total number of iterations: 123
CPU time used for tree search: 33.031 sec (0h:0m:33s)
Wall-clock time used for tree search: 33.348 sec (0h:0m:33s)
Total CPU time used: 78.160 sec (0h:1m:18s)
Total wall-clock time used: 77.690 sec (0h:1m:17s)

Computing bootstrap consensus tree...
Reading input file results_moss_new/07_phylogeny/All/G6639.splits.nex...
45 taxa and 325 splits.
Consensus tree written to results_moss_new/07_phylogeny/All/G6639.contree
Reading input trees file results_moss_new/07_phylogeny/All/G6639.contree
Log-likelihood of consensus tree: -20851.061

Analysis results written to: 
  IQ-TREE report:                results_moss_new/07_phylogeny/All/G6639.iqtree
  Maximum-likelihood tree:       results_moss_new/07_phylogeny/All/G6639.treefile
  Likelihood distances:          results_moss_new/07_phylogeny/All/G6639.mldist

Ultrafast bootstrap approximation results written to:
  Split support values:          results_moss_new/07_phylogeny/All/G6639.splits.nex
  Consensus tree:                results_moss_new/07_phylogeny/All/G6639.contree
  Screen log file:               results_moss_new/07_phylogeny/All/G6639.log

Date and Time: Fri Jun 12 02:38:48 2026
