IQ-TREE version 3.0.1 for Linux x86 64-bit built Jul  9 2025
Developed by Bui Quang Minh, Thomas Wong, Nhan Ly-Trong, Huaiyan Ren
Contributed by Lam-Tung Nguyen, Dominik Schrempf, Chris Bielow,
Olga Chernomor, Michael Woodhams, Diep Thi Hoang, Heiko Schmidt

Host:    c0711a-s19.ufhpc (AVX2, FMA3, 503 GB RAM)
Command: iqtree -s results_moss_new/06_alignment/All/trimmed/G6717.trimmed.aln --prefix results_moss_new/07_phylogeny/All/G6717 -m MFP -B 1000 -T AUTO
Seed:    730655 (Using SPRNG - Scalable Parallel Random Number Generator)
Time:    Fri Jun 12 03:52:41 2026
Kernel:  AVX+FMA - auto-detect threads (8 CPU cores detected)

Reading alignment file results_moss_new/06_alignment/All/trimmed/G6717.trimmed.aln ... Fasta format detected
Reading fasta file: done in 0.00217228 secs using 58.79% CPU
Alignment most likely contains DNA/RNA sequences
Constructing alignment: done in 0.0017953 secs using 44.06% CPU
Alignment has 54 sequences with 2721 columns, 2196 distinct patterns
1598 parsimony-informative, 379 singleton sites, 744 constant sites
                  Gap/Ambiguity  Composition  p-value
Analyzing sequences: done in 0.000204344 secs using 99.83% CPU
   1  S0013_G6717_R1_A   35.72%    passed     23.59%
   2  S0021_G6717_R2_A   34.84%    passed     25.27%
   3  S0002_G6717_R1_A   31.17%    passed     72.70%
   4  S0011_G6717_R1_A   31.72%    passed     56.41%
   5  S0036_G6717_R1_A   36.49%    failed      0.43%
   6  S0019_G6717_R1_A   36.53%    failed      1.76%
   7  S0028_G6717_R1_A   31.86%    passed     27.38%
   8  S0004_G6717_R1_A   28.67%    passed     12.36%
   9  S0012_G6717_R1_A   40.24%    passed     37.74%
  10  S0050_G6717_R1_A   33.37%    passed     12.82%
  11  S0048_G6717_R1_A   33.44%    passed     13.85%
  12  S0030_G6717_R1_A   35.87%    passed      7.29%
  13  S0016_G6717_R1_A   33.37%    passed     97.59%
  14  S0021_G6717_R1_A   26.79%    passed     30.92%
  15  S0017_G6717_R1_A   30.14%    passed     84.86%
  16  S0031_G6717_R2_A   33.22%    failed      0.00%
  17  S0046_G6717_R1_A   38.48%    failed      1.47%
  18  S0026_G6717_R1_A   36.20%    failed      2.34%
  19  S0022_G6717_R1_A   35.06%    passed     29.18%
  20  S0020_G6717_R1_A   31.28%    passed     37.89%
  21  S0023_G6717_R1_A   36.46%    passed      5.59%
  22  S0033_G6717_R1_A   29.99%    passed     49.55%
  23  S0015_G6717_R1_A   33.52%    passed     54.28%
  24  S0034_G6717_R1_A   33.55%    passed     13.31%
  25  S0009_G6717_R1_A   33.85%    passed     36.28%
  26  S0010_G6717_R1_A   33.85%    passed     34.75%
  27  S0008_G6717_R1_U   32.71%    passed     67.59%
  28  S0027_G6717_R1_A   39.03%    passed      7.38%
  29  S0014_G6717_R1_A   33.19%    passed     58.02%
  30  S0039_G6717_R1_A   34.11%    failed      0.00%
  31  S0051_G6717_R1_A   33.81%    failed      0.00%
  32  S0018_G6717_R2_A   34.11%    failed      0.01%
  33  S0006_G6717_R1_A   39.36%    failed      0.00%
  34  S0049_G6717_R1_A   38.88%    passed     25.51%
  35  S0005_G6717_R1_A   44.47%    passed     31.77%
  36  S0035_G6717_R1_A   45.64%    failed      0.49%
  37  S0018_G6717_R1_A   37.93%    failed      3.86%
  38  S0031_G6717_R1_A   37.85%    failed      1.56%
  39  S0037_G6717_R1_A   38.37%    passed     64.65%
  40  S0042_G6717_R1_N   36.79%    passed     97.82%
  41  S0044_G6717_R1_N   36.86%    passed     98.56%
  42  S0045_G6717_R1_A   36.82%    passed     98.76%
  43  S0045_G6717_R2_A   37.60%    passed     94.34%
  44  S0040_G6717_R1_N   36.79%    passed     99.30%
  45  S0041_G6717_R1_N   36.86%    passed     99.57%
  46  S0047_G6717_R1_N   36.82%    passed     99.52%
  47  S0043_G6717_R1_N   37.08%    passed     99.81%
  48  S0038_G6717_R1_A   36.79%    passed     95.33%
  49  S0003_G6717_R1_N   44.73%    passed     38.34%
  50  S0001_G6717_R1_A   48.99%    passed     49.92%
  51  S0024_G6717_R1_A   54.80%    failed      2.97%
  52  S0032_G6717_R1_N   41.12%    passed     48.98%
  53  S0025_G6717_R1_A   48.77%    passed     51.88%
  54  S0029_G6717_R1_A   48.73%    passed     56.32%
WARNING: 1 sequences contain more than 50% gaps/ambiguity
****  TOTAL              36.75%  13 sequences failed composition chi2 test (p-value<5%; df=3)
Checking for duplicate sequences: done in 0.000251553 secs using 73.54% CPU


Create initial parsimony tree by phylogenetic likelihood library (PLL)... 0.008 seconds
Measuring multi-threading efficiency up to 8 CPU cores
Increase to 10 rounds for branch lengths
50 trees examined
Threads: 1 / Time: 8.152 sec / Speedup: 1.000 / Efficiency: 100% / LogL: -48025
Threads: 2 / Time: 27.065 sec / Speedup: 0.301 / Efficiency: 15% / LogL: -48025
Determining AUTO threadcount: done in 35.2184 secs using 97.19% CPU
BEST NUMBER OF THREADS: 1

Perform fast likelihood tree search using GTR+I+G model...
Estimate model parameters (epsilon = 5.000)
Perform nearest neighbor interchange...
Optimizing NNI: done in 0.181484 secs using 99.02% CPU
Estimate model parameters (epsilon = 1.000)
1. Initial log-likelihood: -28978.510
Optimal log-likelihood: -28978.038
Rate parameters:  A-C: 1.45299  A-G: 2.82824  A-T: 1.20737  C-G: 0.99925  C-T: 4.79441  G-T: 1.00000
Base frequencies:  A: 0.260  C: 0.183  G: 0.281  T: 0.275
Proportion of invariable sites: 0.144
Gamma shape alpha: 1.990
Parameters optimization took 1 rounds (0.075 sec)
Time for fast ML tree search: 0.869 seconds

NOTE: ModelFinder requires 46 MB RAM!
ModelFinder will test up to 968 DNA models (sample size: 2721 epsilon: 0.100) ...
 No. Model         -LnL         df  AIC          AICc         BIC
  1  JC            30546.538    105 61303.075    61311.587    61923.494
  2  JC+I          29917.877    106 60047.755    60056.432    60674.083
  3  JC+G4         29809.032    106 59830.063    59838.741    60456.391
  4  JC+I+G4       29764.987    107 59743.974    59752.819    60376.211
  5  JC+R2         29798.529    107 59811.058    59819.903    60443.294
  6  JC+R3         29770.269    109 59758.537    59767.722    60402.592
  7  JC+R4         29759.766    111 59741.532    59751.063    60397.404
  8  JC+R5         29759.800    113 59745.600    59755.482    60413.289
 14  JC+I+R2       29757.995    108 59731.990    59741.004    60370.136
 15  JC+I+R3       29756.585    110 59733.171    59742.527    60383.134
 26  JC+I+G4       29764.987    107 59743.974    59752.819    60376.211
 36  JC+I+R2       29757.995    108 59731.990    59741.004    60370.136
 48  F81+I+G4      29764.934    107 59743.867    59752.712    60376.104
 58  F81+I+R2      29757.948    108 59731.895    59740.909    60370.041
 70  F81+F+I+G4    29763.675    110 59747.351    59756.707    60397.314
 80  F81+F+I+R2    29755.480    111 59732.960    59742.490    60388.832
 92  K2P+I+G4      29078.832    108 58373.663    58382.677    59011.809
102  K2P+I+R2      29073.397    109 58364.795    58373.979    59008.849
114  K2P+I+G4      29078.832    108 58373.663    58382.677    59011.809
124  K2P+I+R2      29073.397    109 58364.795    58373.979    59008.849
136  HKY+I+G4      29078.830    108 58373.659    58382.673    59011.805
146  HKY+I+R2      29073.391    109 58364.783    58373.967    59008.837
158  HKY+F+I+G4    29055.130    111 58332.260    58341.790    58988.132
168  HKY+F+I+R2    29047.389    112 58318.778    58328.484    58980.559
180  TNe+I+G4      29066.708    109 58351.416    58360.601    58995.471
190  TNe+I+R2      29062.312    110 58344.625    58353.981    58994.588
202  TNe+I+G4      29066.708    109 58351.416    58360.601    58995.471
212  TNe+I+R2      29062.312    110 58344.625    58353.981    58994.588
224  TN+I+G4       29066.706    109 58351.413    58360.597    58995.467
234  TN+I+R2       29062.276    110 58344.552    58353.909    58994.515
246  TN+F+I+G4     28992.921    112 58209.842    58219.547    58871.622
256  TN+F+I+R2     28988.459    113 58202.917    58212.800    58870.607
268  K3P+I+G4      29078.566    109 58375.132    58384.316    59019.186
278  K3P+I+R2      29073.137    110 58366.275    58375.631    59016.238
290  K3P+I+G4      29078.566    109 58375.132    58384.316    59019.186
300  K3P+I+R2      29073.137    110 58366.275    58375.631    59016.238
312  K3Pu+I+G4     29078.566    109 58375.133    58384.317    59019.187
322  K3Pu+I+R2     29073.138    110 58366.275    58375.632    59016.238
334  K3Pu+F+I+G4   29055.023    112 58334.046    58343.751    58995.826
344  K3Pu+F+I+R2   29047.321    113 58320.642    58330.524    58988.331
356  TPM2+I+G4     29071.983    109 58361.965    58371.150    59006.020
366  TPM2+I+R2     29067.102    110 58354.204    58363.561    59004.167
378  TPM2+I+G4     29071.983    109 58361.965    58371.150    59006.020
388  TPM2+I+R2     29067.102    110 58354.204    58363.561    59004.167
400  TPM2u+I+G4    29071.982    109 58361.964    58371.148    59006.018
410  TPM2u+I+R2    29067.098    110 58354.197    58363.553    59004.160
422  TPM2u+F+I+G4  29042.565    112 58309.130    58318.835    58970.910
432  TPM2u+F+I+R2  29035.821    113 58297.643    58307.525    58965.332
444  TPM3+I+G4     29067.579    109 58353.157    58362.342    58997.212
454  TPM3+I+R2     29063.562    110 58347.124    58356.480    58997.087
466  TPM3+I+G4     29067.579    109 58353.157    58362.342    58997.212
476  TPM3+I+R2     29063.562    110 58347.124    58356.480    58997.087
488  TPM3u+I+G4    29067.577    109 58353.155    58362.339    58997.209
498  TPM3u+I+R2    29063.552    110 58347.104    58356.461    58997.067
510  TPM3u+F+I+G4  29053.764    112 58331.528    58341.234    58993.309
520  TPM3u+F+I+R2  29045.904    113 58317.807    58327.690    58985.496
532  TIMe+I+G4     29066.444    110 58352.889    58362.245    59002.852
542  TIMe+I+R2     29062.006    111 58346.011    58355.542    59001.883
554  TIMe+I+G4     29066.444    110 58352.889    58362.245    59002.852
564  TIMe+I+R2     29062.006    111 58346.011    58355.542    59001.883
576  TIM+I+G4      29066.442    110 58352.885    58362.241    59002.848
586  TIM+I+R2      29061.994    111 58345.987    58355.517    59001.859
598  TIM+F+I+G4    28992.834    113 58211.669    58221.551    58879.358
608  TIM+F+I+R2    28988.368    114 58204.736    58214.797    58878.334
620  TIM2e+I+G4    29059.695    110 58339.390    58348.746    58989.353
630  TIM2e+I+R2    29055.838    111 58333.676    58343.206    58989.548
642  TIM2e+I+G4    29059.695    110 58339.390    58348.746    58989.353
652  TIM2e+I+R2    29055.838    111 58333.676    58343.206    58989.548
664  TIM2+I+G4     29059.693    110 58339.387    58348.743    58989.350
674  TIM2+I+R2     29055.799    111 58333.599    58343.129    58989.470
686  TIM2+F+I+G4   28980.281    113 58186.563    58196.445    58854.252
696  TIM2+F+I+R2   28976.731    114 58181.463    58191.524    58855.061
708  TIM3e+I+G4    29054.807    110 58329.614    58338.971    58979.577
718  TIM3e+I+R2    29051.783    111 58325.565    58335.095    58981.437
730  TIM3e+I+G4    29054.807    110 58329.614    58338.971    58979.577
740  TIM3e+I+R2    29051.783    111 58325.565    58335.095    58981.437
752  TIM3+I+G4     29054.806    110 58329.611    58338.968    58979.574
762  TIM3+I+R2     29051.730    111 58325.459    58334.989    58981.331
774  TIM3+F+I+G4   28991.314    113 58208.628    58218.511    58876.318
784  TIM3+F+I+R2   28986.694    114 58201.387    58211.449    58874.985
796  TVMe+I+G4     29059.625    111 58341.251    58350.781    58997.122
806  TVMe+I+R2     29056.290    112 58336.581    58346.286    58998.361
818  TVMe+I+G4     29059.625    111 58341.251    58350.781    58997.122
828  TVMe+I+R2     29056.290    112 58336.581    58346.286    58998.361
840  TVM+I+G4      29059.624    111 58341.248    58350.778    58997.119
850  TVM+I+R2      29056.241    112 58336.482    58346.187    58998.262
862  TVM+F+I+G4    29040.058    114 58308.115    58318.176    58981.713
872  TVM+F+I+R2    29033.119    115 58296.238    58306.480    58975.745
884  SYM+I+G4      29046.675    112 58317.350    58327.056    58979.131
894  SYM+I+R2      29044.180    113 58314.359    58324.242    58982.049
906  SYM+I+G4      29046.675    112 58317.350    58327.056    58979.131
916  SYM+I+R2      29044.180    113 58314.359    58324.242    58982.049
928  GTR+I+G4      29046.674    112 58317.348    58327.053    58979.128
938  GTR+I+R2      29044.142    113 58314.284    58324.166    58981.973
950  GTR+F+I+G4    28977.540    115 58185.080    58195.322    58864.587
960  GTR+F+I+R2    28973.890    116 58179.780    58190.204    58865.196
Akaike Information Criterion:           GTR+F+I+R2
Corrected Akaike Information Criterion: GTR+F+I+R2
Bayesian Information Criterion:         TIM2+F+I+G4
Best-fit model: TIM2+F+I+G4 chosen according to BIC

All model information printed to results_moss_new/07_phylogeny/All/G6717.model.gz
CPU time for ModelFinder: 54.571 seconds (0h:0m:54s)
Wall-clock time for ModelFinder: 55.877 seconds (0h:0m:55s)
Generating 1000 samples for ultrafast bootstrap (seed: 730655)...

NOTE: 23 MB RAM (0 GB) is required!
Estimate model parameters (epsilon = 0.100)
Thoroughly optimizing +I+G parameters from 10 start values...
Init pinv, alpha: 0.000, 2.151 / Estimate: 0.000, 0.985 / LogL: -29019.570
Init pinv, alpha: 0.030, 2.151 / Estimate: 0.152, 2.091 / LogL: -28980.347
Init pinv, alpha: 0.061, 2.151 / Estimate: 0.152, 2.092 / LogL: -28980.343
Init pinv, alpha: 0.091, 2.151 / Estimate: 0.152, 2.092 / LogL: -28980.346
Init pinv, alpha: 0.122, 2.151 / Estimate: 0.153, 2.100 / LogL: -28980.325
Init pinv, alpha: 0.152, 2.151 / Estimate: 0.154, 2.123 / LogL: -28980.289
Init pinv, alpha: 0.182, 2.151 / Estimate: 0.160, 2.205 / LogL: -28980.336
Init pinv, alpha: 0.213, 2.151 / Estimate: 0.159, 2.193 / LogL: -28980.313
Init pinv, alpha: 0.243, 2.151 / Estimate: 0.160, 2.202 / LogL: -28980.332
Init pinv, alpha: 0.273, 2.151 / Estimate: 0.159, 2.189 / LogL: -28980.310
Optimal pinv,alpha: 0.154, 2.123 / LogL: -28980.289

Parameters optimization took 7.193 sec
Wrote distance file to... 
Computing ML distances based on estimated model parameters...
Calculating distance matrix: done in 0.012552 secs using 99.64% CPU
Computing ML distances took 0.012896 sec (of wall-clock time) 0.012850 sec (of CPU time)
Setting up auxiliary I and S matrices: done in 9.8335e-05 secs using 134.2% CPU
Constructing RapidNJ tree: done in 0.000172094 secs using 99.36% CPU
Computing RapidNJ tree took 0.000321 sec (of wall-clock time) 0.000379 sec (of CPU time)
Log-likelihood of RapidNJ tree: -29250.381
--------------------------------------------------------------------
|             INITIALIZING CANDIDATE TREE SET                      |
--------------------------------------------------------------------
Generating 98 parsimony trees... 0.884 second
Computing log-likelihood of 98 initial trees ... 1.904 seconds
Current best score: -28980.289

Do NNI search on 20 best initial trees
Optimizing NNI: done in 0.0986585 secs using 99.52% CPU
Estimate model parameters (epsilon = 0.100)
BETTER TREE FOUND at iteration 1: -28980.280
Optimizing NNI: done in 0.271093 secs using 98.82% CPU
Estimate model parameters (epsilon = 0.100)
BETTER TREE FOUND at iteration 2: -28974.197
Optimizing NNI: done in 0.275922 secs using 99.5% CPU
Optimizing NNI: done in 0.277721 secs using 98.78% CPU
Optimizing NNI: done in 0.262155 secs using 99.58% CPU
Optimizing NNI: done in 0.217564 secs using 99.03% CPU
Optimizing NNI: done in 0.285437 secs using 99.12% CPU
Optimizing NNI: done in 0.358333 secs using 99.2% CPU
Optimizing NNI: done in 0.335116 secs using 99.24% CPU
Optimizing NNI: done in 0.288393 secs using 99.47% CPU
Iteration 10 / LogL: -28977.457 / Time: 0h:1m:8s
Optimizing NNI: done in 0.299305 secs using 99.46% CPU
Optimizing NNI: done in 0.308978 secs using 98.56% CPU
Optimizing NNI: done in 0.258037 secs using 99.59% CPU
Optimizing NNI: done in 0.336345 secs using 99.57% CPU
Optimizing NNI: done in 0.259813 secs using 99.16% CPU
Optimizing NNI: done in 0.292626 secs using 99.53% CPU
Optimizing NNI: done in 0.285466 secs using 99.44% CPU
Optimizing NNI: done in 0.294889 secs using 98.82% CPU
Optimizing NNI: done in 0.27979 secs using 99.49% CPU
Optimizing NNI: done in 0.311054 secs using 99.1% CPU
Iteration 20 / LogL: -28974.303 / Time: 0h:1m:11s
Finish initializing candidate tree set (10)
Current best tree score: -28974.197 / CPU time: 8.583
Number of iterations: 20
--------------------------------------------------------------------
|               OPTIMIZING CANDIDATE TREE SET                      |
--------------------------------------------------------------------
Optimizing NNI: done in 0.317352 secs using 99.2% CPU
Optimizing NNI: done in 0.28092 secs using 99.5% CPU
Optimizing NNI: done in 0.503648 secs using 99.46% CPU
UPDATE BEST LOG-LIKELIHOOD: -28974.194
Optimizing NNI: done in 0.295198 secs using 99.41% CPU
Optimizing NNI: done in 0.435632 secs using 98.73% CPU
Optimizing NNI: done in 0.32766 secs using 99.17% CPU
Optimizing NNI: done in 0.450115 secs using 99.02% CPU
Optimizing NNI: done in 0.432961 secs using 99.2% CPU
Optimizing NNI: done in 0.374165 secs using 98.7% CPU
Optimizing NNI: done in 0.359653 secs using 99.51% CPU
Iteration 30 / LogL: -28974.375 / Time: 0h:1m:15s (0h:0m:49s left)
Optimizing NNI: done in 0.367857 secs using 99.48% CPU
Optimizing NNI: done in 0.406512 secs using 99.24% CPU
Optimizing NNI: done in 0.382123 secs using 99.01% CPU
Optimizing NNI: done in 0.31407 secs using 99.44% CPU
Optimizing NNI: done in 0.410273 secs using 98.66% CPU
Optimizing NNI: done in 0.399009 secs using 98.97% CPU
Optimizing NNI: done in 0.340732 secs using 99.22% CPU
Optimizing NNI: done in 0.264187 secs using 99.2% CPU
Optimizing NNI: done in 0.395987 secs using 99.3% CPU
Optimizing NNI: done in 0.426069 secs using 99.55% CPU
Iteration 40 / LogL: -28974.390 / Time: 0h:1m:19s (0h:0m:37s left)
Optimizing NNI: done in 0.411499 secs using 98.85% CPU
Optimizing NNI: done in 0.283093 secs using 99.25% CPU
Optimizing NNI: done in 0.380295 secs using 99.3% CPU
Optimizing NNI: done in 0.551971 secs using 98.82% CPU
Estimate model parameters (epsilon = 0.100)
BETTER TREE FOUND at iteration 44: -28973.541
Optimizing NNI: done in 0.361786 secs using 99.27% CPU
Optimizing NNI: done in 0.304144 secs using 98.89% CPU
Optimizing NNI: done in 0.44257 secs using 99.31% CPU
Optimizing NNI: done in 0.494201 secs using 99.5% CPU
Optimizing NNI: done in 0.273828 secs using 99.14% CPU
Optimizing NNI: done in 0.432882 secs using 99.47% CPU
Iteration 50 / LogL: -28973.616 / Time: 0h:1m:23s (0h:0m:52s left)
Log-likelihood cutoff on original alignment: -29009.040
Optimizing NNI: done in 0.367142 secs using 99.2% CPU
Optimizing NNI: done in 0.391886 secs using 98.93% CPU
Optimizing NNI: done in 0.362155 secs using 98.4% CPU
Optimizing NNI: done in 0.5211 secs using 99.07% CPU
UPDATE BEST LOG-LIKELIHOOD: -28973.540
Optimizing NNI: done in 0.372406 secs using 98.39% CPU
Optimizing NNI: done in 0.297451 secs using 98.8% CPU
Optimizing NNI: done in 0.330688 secs using 99.46% CPU
Optimizing NNI: done in 0.314 secs using 99.47% CPU
Optimizing NNI: done in 0.451132 secs using 99.26% CPU
Optimizing NNI: done in 0.316605 secs using 99.45% CPU
Iteration 60 / LogL: -28974.400 / Time: 0h:1m:27s (0h:0m:44s left)
Optimizing NNI: done in 0.292123 secs using 99.03% CPU
Optimizing NNI: done in 0.28873 secs using 98.79% CPU
Optimizing NNI: done in 0.462184 secs using 99.22% CPU
Optimizing NNI: done in 0.423217 secs using 99.24% CPU
Optimizing NNI: done in 0.308343 secs using 99.39% CPU
Optimizing NNI: done in 0.353216 secs using 98.36% CPU
Optimizing NNI: done in 0.359708 secs using 99.18% CPU
Optimizing NNI: done in 0.349751 secs using 99.48% CPU
Optimizing NNI: done in 0.342754 secs using 99.47% CPU
Optimizing NNI: done in 0.285992 secs using 99.52% CPU
Iteration 70 / LogL: -29116.802 / Time: 0h:1m:30s (0h:0m:37s left)
Optimizing NNI: done in 0.320531 secs using 99.51% CPU
Optimizing NNI: done in 0.360873 secs using 99.17% CPU
Optimizing NNI: done in 0.298576 secs using 99.1% CPU
Optimizing NNI: done in 0.462332 secs using 99.48% CPU
Optimizing NNI: done in 0.493288 secs using 99.36% CPU
Optimizing NNI: done in 0.425888 secs using 99.14% CPU
Optimizing NNI: done in 0.369441 secs using 99.11% CPU
Optimizing NNI: done in 0.288507 secs using 99.02% CPU
Optimizing NNI: done in 0.344899 secs using 99.19% CPU
Optimizing NNI: done in 0.307232 secs using 99.22% CPU
Iteration 80 / LogL: -28975.923 / Time: 0h:1m:34s (0h:0m:31s left)
Optimizing NNI: done in 0.355701 secs using 99.17% CPU
Optimizing NNI: done in 0.47388 secs using 99.54% CPU
Optimizing NNI: done in 0.364355 secs using 99.47% CPU
Optimizing NNI: done in 0.549149 secs using 99.47% CPU
Optimizing NNI: done in 0.489534 secs using 99.15% CPU
Optimizing NNI: done in 0.35538 secs using 99.24% CPU
Optimizing NNI: done in 0.339669 secs using 98.97% CPU
Optimizing NNI: done in 0.383384 secs using 98.93% CPU
Optimizing NNI: done in 0.336243 secs using 98.52% CPU
Optimizing NNI: done in 0.28366 secs using 99.14% CPU
Iteration 90 / LogL: -28974.518 / Time: 0h:1m:38s (0h:0m:25s left)
Optimizing NNI: done in 0.506355 secs using 99.21% CPU
Optimizing NNI: done in 0.363145 secs using 99.29% CPU
Optimizing NNI: done in 0.391444 secs using 99.56% CPU
Optimizing NNI: done in 0.50387 secs using 99.28% CPU
Optimizing NNI: done in 0.296948 secs using 99.53% CPU
Optimizing NNI: done in 0.332389 secs using 99.23% CPU
Optimizing NNI: done in 0.436149 secs using 99.29% CPU
Optimizing NNI: done in 0.348058 secs using 98.87% CPU
Optimizing NNI: done in 0.41819 secs using 99.47% CPU
Optimizing NNI: done in 0.336704 secs using 98.89% CPU
Iteration 100 / LogL: -28973.618 / Time: 0h:1m:42s (0h:0m:20s left)
Log-likelihood cutoff on original alignment: -29009.633
NOTE: Bootstrap correlation coefficient of split occurrence frequencies: 0.999
Optimizing NNI: done in 0.289229 secs using 98.85% CPU
Optimizing NNI: done in 0.420521 secs using 99.32% CPU
Optimizing NNI: done in 0.454686 secs using 99.14% CPU
Optimizing NNI: done in 0.31772 secs using 99.27% CPU
Optimizing NNI: done in 0.455093 secs using 99.24% CPU
Optimizing NNI: done in 0.434517 secs using 99.21% CPU
Optimizing NNI: done in 0.35329 secs using 99.54% CPU
Optimizing NNI: done in 0.424849 secs using 99.29% CPU
Optimizing NNI: done in 0.446004 secs using 98.89% CPU
Optimizing NNI: done in 0.264077 secs using 99.45% CPU
Iteration 110 / LogL: -28975.282 / Time: 0h:1m:46s (0h:0m:41s left)
Optimizing NNI: done in 0.403333 secs using 99.26% CPU
Optimizing NNI: done in 0.354244 secs using 98.66% CPU
Optimizing NNI: done in 0.320528 secs using 98.91% CPU
Optimizing NNI: done in 0.336423 secs using 99.39% CPU
Optimizing NNI: done in 0.423086 secs using 98.75% CPU
Optimizing NNI: done in 0.381513 secs using 99.2% CPU
Optimizing NNI: done in 0.418198 secs using 99.22% CPU
Optimizing NNI: done in 0.438523 secs using 99.43% CPU
Optimizing NNI: done in 0.399251 secs using 99.08% CPU
Optimizing NNI: done in 0.41723 secs using 99.03% CPU
Iteration 120 / LogL: -29073.692 / Time: 0h:1m:50s (0h:0m:36s left)
Optimizing NNI: done in 0.424139 secs using 99.09% CPU
Optimizing NNI: done in 0.357888 secs using 99.57% CPU
Optimizing NNI: done in 0.396201 secs using 99.32% CPU
Optimizing NNI: done in 0.448111 secs using 99.08% CPU
Optimizing NNI: done in 0.253943 secs using 98.99% CPU
Optimizing NNI: done in 0.277918 secs using 99.03% CPU
Optimizing NNI: done in 0.376731 secs using 99.01% CPU
Optimizing NNI: done in 0.342038 secs using 99.51% CPU
Optimizing NNI: done in 0.434642 secs using 99.12% CPU
Optimizing NNI: done in 0.29186 secs using 99.55% CPU
Iteration 130 / LogL: -28974.273 / Time: 0h:1m:54s (0h:0m:31s left)
Optimizing NNI: done in 0.370531 secs using 99.3% CPU
Optimizing NNI: done in 0.322016 secs using 99.27% CPU
Optimizing NNI: done in 0.2658 secs using 99.12% CPU
Optimizing NNI: done in 0.362994 secs using 99.31% CPU
Optimizing NNI: done in 0.40505 secs using 99.55% CPU
Optimizing NNI: done in 0.357827 secs using 99.01% CPU
Optimizing NNI: done in 0.353274 secs using 99.55% CPU
Optimizing NNI: done in 0.356287 secs using 98.33% CPU
Optimizing NNI: done in 0.307988 secs using 99.57% CPU
Optimizing NNI: done in 0.275906 secs using 99.58% CPU
Iteration 140 / LogL: -28994.801 / Time: 0h:1m:57s (0h:0m:26s left)
Optimizing NNI: done in 0.356378 secs using 99.29% CPU
Optimizing NNI: done in 0.428856 secs using 99.1% CPU
Optimizing NNI: done in 0.369476 secs using 98.88% CPU
Optimizing NNI: done in 0.318159 secs using 99.17% CPU
Optimizing NNI: done in 0.331928 secs using 98.89% CPU
TREE SEARCH COMPLETED AFTER 145 ITERATIONS / Time: 0h:1m:59s

--------------------------------------------------------------------
|                    FINALIZING TREE SEARCH                        |
--------------------------------------------------------------------
Performs final model parameters optimization
Estimate model parameters (epsilon = 0.010)
1. Initial log-likelihood: -28973.540
Optimal log-likelihood: -28973.537
Rate parameters:  A-C: 1.29803  A-G: 2.81006  A-T: 1.29803  C-G: 1.00000  C-T: 4.75684  G-T: 1.00000
Base frequencies:  A: 0.260  C: 0.183  G: 0.281  T: 0.275
Proportion of invariable sites: 0.155
Gamma shape alpha: 2.114
Parameters optimization took 1 rounds (0.066 sec)
BEST SCORE FOUND : -28973.537
Creating bootstrap support values...
Split supports printed to NEXUS file results_moss_new/07_phylogeny/All/G6717.splits.nex
Total tree length: 4.691

Total number of iterations: 145
CPU time used for tree search: 55.715 sec (0h:0m:55s)
Wall-clock time used for tree search: 56.181 sec (0h:0m:56s)
Total CPU time used: 117.733 sec (0h:1m:57s)
Total wall-clock time used: 119.547 sec (0h:1m:59s)

Computing bootstrap consensus tree...
Reading input file results_moss_new/07_phylogeny/All/G6717.splits.nex...
54 taxa and 339 splits.
Consensus tree written to results_moss_new/07_phylogeny/All/G6717.contree
Reading input trees file results_moss_new/07_phylogeny/All/G6717.contree
Log-likelihood of consensus tree: -28976.331

Analysis results written to: 
  IQ-TREE report:                results_moss_new/07_phylogeny/All/G6717.iqtree
  Maximum-likelihood tree:       results_moss_new/07_phylogeny/All/G6717.treefile
  Likelihood distances:          results_moss_new/07_phylogeny/All/G6717.mldist

Ultrafast bootstrap approximation results written to:
  Split support values:          results_moss_new/07_phylogeny/All/G6717.splits.nex
  Consensus tree:                results_moss_new/07_phylogeny/All/G6717.contree
  Screen log file:               results_moss_new/07_phylogeny/All/G6717.log

Date and Time: Fri Jun 12 03:54:41 2026
