IQ-TREE version 3.0.1 for Linux x86 64-bit built Jul  9 2025
Developed by Bui Quang Minh, Thomas Wong, Nhan Ly-Trong, Huaiyan Ren
Contributed by Lam-Tung Nguyen, Dominik Schrempf, Chris Bielow,
Olga Chernomor, Michael Woodhams, Diep Thi Hoang, Heiko Schmidt

Host:    c0711a-s19.ufhpc (AVX2, FMA3, 503 GB RAM)
Command: iqtree -s results_moss_new/06_alignment/All/trimmed/G6779.trimmed.aln --prefix results_moss_new/07_phylogeny/All/G6779 -m MFP -B 1000 -T AUTO
Seed:    717649 (Using SPRNG - Scalable Parallel Random Number Generator)
Time:    Fri Jun 12 04:12:01 2026
Kernel:  AVX+FMA - auto-detect threads (8 CPU cores detected)

Reading alignment file results_moss_new/06_alignment/All/trimmed/G6779.trimmed.aln ... Fasta format detected
Reading fasta file: done in 0.00110345 secs using 91.08% CPU
Alignment most likely contains DNA/RNA sequences
Constructing alignment: done in 0.00109497 secs using 99.27% CPU
Alignment has 51 sequences with 1794 columns, 1543 distinct patterns
1163 parsimony-informative, 308 singleton sites, 323 constant sites
                  Gap/Ambiguity  Composition  p-value
Analyzing sequences: done in 0.000150132 secs using 99.91% CPU
   1  S0050_G6779_R1_A    3.07%    passed     94.03%
   2  S0002_G6779_R1_A    3.62%    passed     95.04%
   3  S0020_G6779_R1_A    8.08%    passed     96.16%
   4  S0019_G6779_R1_A    6.52%    passed     95.44%
   5  S0028_G6779_R1_A   14.10%    passed     80.59%
   6  S0021_G6779_R2_A    3.29%    passed     84.82%
   7  S0026_G6779_R1_A    2.84%    passed     81.61%
   8  S0004_G6779_R1_A    2.79%    passed     59.36%
   9  S0037_G6779_R1_A    5.24%    passed     76.02%
  10  S0016_G6779_R1_A    2.45%    passed     94.08%
  11  S0022_G6779_R1_A    2.84%    passed     67.88%
  12  S0017_G6779_R1_A   23.91%    passed     96.41%
  13  S0046_G6779_R1_A    2.29%    passed     90.22%
  14  S0021_G6779_R1_A    3.18%    passed     89.88%
  15  S0013_G6779_R1_A    4.29%    passed     84.29%
  16  S0048_G6779_R1_A    5.63%    passed     93.59%
  17  S0036_G6779_R1_A    4.35%    passed     72.38%
  18  S0035_G6779_R1_A   12.54%    passed     94.11%
  19  S0018_G6779_R1_A    2.62%    passed     81.33%
  20  S0031_G6779_R1_A    2.84%    passed     87.43%
  21  S0023_G6779_R1_A    3.68%    passed     83.53%
  22  S0010_G6779_R1_A   25.36%    passed     46.89%
  23  S0009_G6779_R1_A   25.59%    passed     50.69%
  24  S0008_G6779_R1_A   21.07%    passed     43.43%
  25  S0015_G6779_R1_A   26.03%    passed     47.13%
  26  S0034_G6779_R1_A   24.41%    passed     99.76%
  27  S0014_G6779_R1_A   23.97%    passed     41.34%
  28  S0027_G6779_R1_A   27.54%    passed     24.37%
  29  S0051_G6779_R1_A   27.93%    failed      0.07%
  30  S0039_G6779_R1_A   35.34%    failed      0.07%
  31  S0012_G6779_R1_A    4.07%    passed     49.82%
  32  S0033_G6779_R1_U   36.79%    failed      1.23%
  33  S0011_G6779_R1_A   23.75%    passed     14.67%
  34  S0030_G6779_R1_A   32.00%    passed     36.25%
  35  S0003_G6779_R1_N   27.31%    passed     58.56%
  36  S0024_G6779_R1_A   47.27%    passed     46.45%
  37  S0032_G6779_R2_N   47.32%    passed     53.99%
  38  S0032_G6779_R1_N   47.16%    passed     38.47%
  39  S0025_G6779_R1_A   47.44%    passed     15.76%
  40  S0029_G6779_R1_A   46.99%    passed     34.06%
  41  S0001_G6779_R1_A   49.44%    passed     49.15%
  42  S0049_G6779_R1_A   45.32%    passed     60.21%
  43  S0038_G6779_R1_A   33.56%    passed     88.53%
  44  S0040_G6779_R1_N   33.50%    passed     83.35%
  45  S0044_G6779_R1_N   33.44%    passed     91.13%
  46  S0045_G6779_R2_A   33.44%    passed     89.51%
  47  S0045_G6779_R1_A   33.67%    passed     84.37%
  48  S0041_G6779_R1_N   33.72%    passed     90.49%
  49  S0043_G6779_R1_N   33.17%    passed     75.68%
  50  S0047_G6779_R1_N   33.72%    passed     77.55%
  51  S0042_G6779_R1_N   34.39%    passed     77.57%
****  TOTAL              21.86%  3 sequences failed composition chi2 test (p-value<5%; df=3)
Checking for duplicate sequences: done in 0.000172434 secs using 99.75% CPU


Create initial parsimony tree by phylogenetic likelihood library (PLL)... 0.006 seconds
Measuring multi-threading efficiency up to 8 CPU cores
Increase to 10 rounds for branch lengths
81 trees examined
Threads: 1 / Time: 8.088 sec / Speedup: 1.000 / Efficiency: 100% / LogL: -36633
Threads: 2 / Time: 19.364 sec / Speedup: 0.418 / Efficiency: 21% / LogL: -36633
Determining AUTO threadcount: done in 27.4533 secs using 109.9% CPU
BEST NUMBER OF THREADS: 1

Perform fast likelihood tree search using GTR+I+G model...
Estimate model parameters (epsilon = 5.000)
Perform nearest neighbor interchange...
Optimizing NNI: done in 0.149267 secs using 98.06% CPU
Estimate model parameters (epsilon = 1.000)
1. Initial log-likelihood: -23007.937
Optimal log-likelihood: -23007.746
Rate parameters:  A-C: 1.06496  A-G: 3.01496  A-T: 1.04854  C-G: 0.99694  C-T: 3.50362  G-T: 1.00000
Base frequencies:  A: 0.274  C: 0.191  G: 0.225  T: 0.310
Proportion of invariable sites: 0.105
Gamma shape alpha: 2.243
Parameters optimization took 1 rounds (0.049 sec)
Time for fast ML tree search: 0.764 seconds

NOTE: ModelFinder requires 31 MB RAM!
ModelFinder will test up to 968 DNA models (sample size: 1794 epsilon: 0.100) ...
 No. Model         -LnL         df  AIC          AICc         BIC
  1  JC            24203.961    99  48605.922    48617.610    49149.650
  2  JC+I          23832.457    100 47864.914    47876.846    48414.134
  3  JC+G4         23707.260    100 47614.520    47626.451    48163.740
  4  JC+I+G4       23676.569    101 47555.138    47567.315    48109.851
  5  JC+R2         23739.962    101 47681.925    47694.102    48236.637
  6  JC+R3         23675.346    103 47556.693    47569.370    48122.390
  7  JC+R4         23661.603    105 47533.207    47546.394    48109.888
  8  JC+R5         23660.676    107 47535.352    47549.061    48123.018
 14  JC+I+R2       23676.781    102 47557.562    47569.988    48117.767
 15  JC+I+R3       23658.915    104 47525.830    47538.761    48097.019
 16  JC+I+R4       23658.475    106 47528.950    47542.396    48111.124
 37  JC+I+R3       23658.915    104 47525.830    47538.761    48097.019
 59  F81+I+R3      23658.856    104 47525.713    47538.643    48096.902
 81  F81+F+I+R3    23575.022    107 47364.043    47377.751    47951.709
103  K2P+I+R3      23121.641    105 46453.282    46466.470    47029.964
125  K2P+I+R3      23121.641    105 46453.282    46466.470    47029.964
147  HKY+I+R3      23121.615    105 46453.230    46466.417    47029.911
169  HKY+F+I+R3    22994.518    108 46205.037    46219.009    46798.195
191  TNe+I+R3      23119.900    106 46451.800    46465.246    47033.973
213  TNe+I+R3      23119.900    106 46451.800    46465.246    47033.973
235  TN+I+R3       23119.884    106 46451.768    46465.215    47033.942
257  TN+F+I+R3     22990.852    109 46199.705    46213.945    46798.355
279  K3P+I+R3      23120.525    106 46453.051    46466.497    47035.224
301  K3P+I+R3      23120.525    106 46453.051    46466.497    47035.224
323  K3Pu+I+R3     23120.507    106 46453.015    46466.461    47035.188
345  K3Pu+F+I+R3   22994.513    109 46207.026    46221.266    46805.676
367  TPM2+I+R3     23115.118    106 46442.236    46455.683    47024.410
389  TPM2+I+R3     23115.118    106 46442.236    46455.683    47024.410
411  TPM2u+I+R3    23115.110    106 46442.220    46455.667    47024.394
433  TPM2u+F+I+R3  22994.252    109 46206.505    46220.745    46805.155
455  TPM3+I+R3     23096.750    106 46405.500    46418.946    46987.673
477  TPM3+I+R3     23096.750    106 46405.500    46418.946    46987.673
499  TPM3u+I+R3    23096.722    106 46405.444    46418.891    46987.618
521  TPM3u+F+I+R3  22994.484    109 46206.968    46221.208    46805.618
543  TIMe+I+R3     23118.802    107 46451.604    46465.312    47039.270
565  TIMe+I+R3     23118.802    107 46451.604    46465.312    47039.270
587  TIM+I+R3      23118.795    107 46451.589    46465.297    47039.255
609  TIM+F+I+R3    22990.850    110 46201.700    46216.210    46805.842
631  TIM2e+I+R3    23113.478    107 46440.957    46454.665    47028.622
653  TIM2e+I+R3    23113.478    107 46440.957    46454.665    47028.622
675  TIM2+I+R3     23113.472    107 46440.943    46454.652    47028.609
697  TIM2+F+I+R3   22990.567    110 46201.133    46215.643    46805.275
719  TIM3e+I+R3    23094.748    107 46403.495    46417.203    46991.161
741  TIM3e+I+R3    23094.748    107 46403.495    46417.203    46991.161
763  TIM3+I+R3     23094.724    107 46403.447    46417.155    46991.113
785  TIM3+F+I+R3   22990.835    110 46201.669    46216.179    46805.812
807  TVMe+I+R3     23090.086    108 46396.172    46410.144    46989.329
829  TVMe+I+R3     23090.086    108 46396.172    46410.144    46989.329
851  TVM+I+R3      23090.073    108 46396.145    46410.118    46989.303
873  TVM+F+I+R3    22994.207    111 46210.413    46225.196    46820.048
895  SYM+I+R3      23088.133    109 46394.266    46408.506    46992.916
917  SYM+I+R3      23088.133    109 46394.266    46408.506    46992.916
939  GTR+I+R3      23088.124    109 46394.248    46408.488    46992.898
961  GTR+F+I+R3    22990.532    112 46205.065    46220.122    46820.191
Akaike Information Criterion:           TN+F+I+R3
Corrected Akaike Information Criterion: TN+F+I+R3
Bayesian Information Criterion:         HKY+F+I+R3
Best-fit model: HKY+F+I+R3 chosen according to BIC

All model information printed to results_moss_new/07_phylogeny/All/G6779.model.gz
CPU time for ModelFinder: 49.207 seconds (0h:0m:49s)
Wall-clock time for ModelFinder: 47.022 seconds (0h:0m:47s)
Generating 1000 samples for ultrafast bootstrap (seed: 717649)...

NOTE: 13 MB RAM (0 GB) is required!
Estimate model parameters (epsilon = 0.100)
1. Initial log-likelihood: -22994.554
Optimal log-likelihood: -22994.514
Rate parameters:  A-C: 1.00000  A-G: 3.16457  A-T: 1.00000  C-G: 1.00000  C-T: 3.16457  G-T: 1.00000
Base frequencies:  A: 0.274  C: 0.191  G: 0.225  T: 0.310
Proportion of invariable sites: 0.122
Site proportion and rates:  (0.431,0.544) (0.416,1.474) (0.031,4.942)
Parameters optimization took 1 rounds (0.056 sec)
Wrote distance file to... 
Computing ML distances based on estimated model parameters...
Calculating distance matrix: done in 0.00791518 secs using 99.54% CPU
Computing ML distances took 0.008185 sec (of wall-clock time) 0.008151 sec (of CPU time)
Setting up auxiliary I and S matrices: done in 8.97191e-05 secs using 134.9% CPU
Constructing RapidNJ tree: done in 0.000177653 secs using 99.63% CPU
Computing RapidNJ tree took 0.000324 sec (of wall-clock time) 0.000379 sec (of CPU time)
Log-likelihood of RapidNJ tree: -23118.269
--------------------------------------------------------------------
|             INITIALIZING CANDIDATE TREE SET                      |
--------------------------------------------------------------------
Generating 98 parsimony trees... 0.602 second
Computing log-likelihood of 98 initial trees ... 1.019 seconds
Current best score: -22994.514

Do NNI search on 20 best initial trees
Optimizing NNI: done in 0.0810127 secs using 99.52% CPU
Estimate model parameters (epsilon = 0.100)
BETTER TREE FOUND at iteration 1: -22993.990
Optimizing NNI: done in 0.158862 secs using 99.47% CPU
Estimate model parameters (epsilon = 0.100)
BETTER TREE FOUND at iteration 2: -22986.030
Optimizing NNI: done in 0.164612 secs using 99.47% CPU
Estimate model parameters (epsilon = 0.100)
BETTER TREE FOUND at iteration 3: -22984.583
Optimizing NNI: done in 0.179754 secs using 99.48% CPU
Optimizing NNI: done in 0.119592 secs using 98.67% CPU
Optimizing NNI: done in 0.126273 secs using 97.93% CPU
Optimizing NNI: done in 0.178216 secs using 98.96% CPU
Optimizing NNI: done in 0.120588 secs using 99.44% CPU
Optimizing NNI: done in 0.183525 secs using 99.47% CPU
Optimizing NNI: done in 0.129201 secs using 99.51% CPU
Iteration 10 / LogL: -22994.044 / Time: 0h:0m:50s
Optimizing NNI: done in 0.127045 secs using 98.72% CPU
Optimizing NNI: done in 0.141649 secs using 99.51% CPU
Optimizing NNI: done in 0.121823 secs using 99.51% CPU
Optimizing NNI: done in 0.128888 secs using 99.44% CPU
Optimizing NNI: done in 0.250007 secs using 99.06% CPU
UPDATE BEST LOG-LIKELIHOOD: -22984.583
Optimizing NNI: done in 0.24848 secs using 99.45% CPU
Optimizing NNI: done in 0.191843 secs using 99.46% CPU
Optimizing NNI: done in 0.137478 secs using 98.77% CPU
Optimizing NNI: done in 0.197601 secs using 98.97% CPU
Optimizing NNI: done in 0.168919 secs using 98.92% CPU
Iteration 20 / LogL: -23001.325 / Time: 0h:0m:52s
Finish initializing candidate tree set (6)
Current best tree score: -22984.583 / CPU time: 4.983
Number of iterations: 20
--------------------------------------------------------------------
|               OPTIMIZING CANDIDATE TREE SET                      |
--------------------------------------------------------------------
Optimizing NNI: done in 0.24838 secs using 98.62% CPU
Optimizing NNI: done in 0.179916 secs using 98.58% CPU
Optimizing NNI: done in 0.226583 secs using 96.17% CPU
Optimizing NNI: done in 0.208316 secs using 98.25% CPU
Optimizing NNI: done in 0.233039 secs using 98.43% CPU
UPDATE BEST LOG-LIKELIHOOD: -22984.582
Optimizing NNI: done in 0.225812 secs using 98.46% CPU
Optimizing NNI: done in 0.180691 secs using 98.77% CPU
Optimizing NNI: done in 0.18997 secs using 99.01% CPU
Optimizing NNI: done in 0.230801 secs using 99.5% CPU
Optimizing NNI: done in 0.244195 secs using 98.29% CPU
Iteration 30 / LogL: -22995.515 / Time: 0h:0m:54s (0h:0m:18s left)
Optimizing NNI: done in 0.283262 secs using 99.39% CPU
Optimizing NNI: done in 0.228324 secs using 98.35% CPU
Optimizing NNI: done in 0.196006 secs using 99.39% CPU
Optimizing NNI: done in 0.210937 secs using 99.31% CPU
Optimizing NNI: done in 0.172393 secs using 98.14% CPU
Optimizing NNI: done in 0.215351 secs using 98.9% CPU
Optimizing NNI: done in 0.199399 secs using 99.44% CPU
Optimizing NNI: done in 0.216144 secs using 98.87% CPU
Optimizing NNI: done in 0.21603 secs using 99.37% CPU
Optimizing NNI: done in 0.225103 secs using 98.94% CPU
Iteration 40 / LogL: -22985.528 / Time: 0h:0m:56s (0h:0m:15s left)
Optimizing NNI: done in 0.227387 secs using 99.46% CPU
Optimizing NNI: done in 0.183788 secs using 98.92% CPU
Optimizing NNI: done in 0.221271 secs using 98.85% CPU
Optimizing NNI: done in 0.177907 secs using 99.39% CPU
Optimizing NNI: done in 0.216582 secs using 98.04% CPU
Optimizing NNI: done in 0.167147 secs using 98.72% CPU
Optimizing NNI: done in 0.218443 secs using 99.05% CPU
Optimizing NNI: done in 0.17376 secs using 99.55% CPU
Optimizing NNI: done in 0.166837 secs using 99.53% CPU
Optimizing NNI: done in 0.17697 secs using 98.95% CPU
Iteration 50 / LogL: -22985.434 / Time: 0h:0m:58s (0h:0m:12s left)
Log-likelihood cutoff on original alignment: -23029.348
Optimizing NNI: done in 0.205671 secs using 99.48% CPU
Optimizing NNI: done in 0.23609 secs using 99.08% CPU
Optimizing NNI: done in 0.187023 secs using 98.45% CPU
Optimizing NNI: done in 0.177096 secs using 98.36% CPU
Optimizing NNI: done in 0.183773 secs using 99.49% CPU
Optimizing NNI: done in 0.3152 secs using 99.2% CPU
Optimizing NNI: done in 0.191167 secs using 98.47% CPU
Optimizing NNI: done in 0.213189 secs using 98.57% CPU
Optimizing NNI: done in 0.169828 secs using 98.88% CPU
Optimizing NNI: done in 0.197992 secs using 99.51% CPU
Iteration 60 / LogL: -22985.838 / Time: 0h:1m:0s (0h:0m:9s left)
Optimizing NNI: done in 0.21591 secs using 97.16% CPU
Optimizing NNI: done in 0.179052 secs using 99.49% CPU
Optimizing NNI: done in 0.30101 secs using 98.84% CPU
Optimizing NNI: done in 0.195259 secs using 97.46% CPU
Optimizing NNI: done in 0.191629 secs using 98.93% CPU
Optimizing NNI: done in 0.188864 secs using 99.47% CPU
Optimizing NNI: done in 0.287217 secs using 99.14% CPU
Optimizing NNI: done in 0.15717 secs using 99.49% CPU
Optimizing NNI: done in 0.155921 secs using 99.52% CPU
Optimizing NNI: done in 0.165539 secs using 98.89% CPU
Iteration 70 / LogL: -22984.659 / Time: 0h:1m:2s (0h:0m:7s left)
Optimizing NNI: done in 0.175493 secs using 98.93% CPU
Optimizing NNI: done in 0.205142 secs using 98.54% CPU
Optimizing NNI: done in 0.176612 secs using 98.39% CPU
Optimizing NNI: done in 0.186831 secs using 99.5% CPU
Optimizing NNI: done in 0.223978 secs using 98.63% CPU
Optimizing NNI: done in 0.199408 secs using 98.98% CPU
Optimizing NNI: done in 0.255878 secs using 98.74% CPU
Optimizing NNI: done in 0.203232 secs using 98.54% CPU
Optimizing NNI: done in 0.243179 secs using 99.53% CPU
Optimizing NNI: done in 0.212724 secs using 99.5% CPU
Iteration 80 / LogL: -22984.617 / Time: 0h:1m:4s (0h:0m:5s left)
Optimizing NNI: done in 0.176178 secs using 98.93% CPU
Optimizing NNI: done in 0.177662 secs using 99.54% CPU
Optimizing NNI: done in 0.162431 secs using 99.52% CPU
Optimizing NNI: done in 0.180983 secs using 98.4% CPU
Optimizing NNI: done in 0.260205 secs using 99.53% CPU
Optimizing NNI: done in 0.141936 secs using 99.54% CPU
Optimizing NNI: done in 0.19172 secs using 99.04% CPU
Optimizing NNI: done in 0.192915 secs using 99.04% CPU
Optimizing NNI: done in 0.179422 secs using 98.43% CPU
Optimizing NNI: done in 0.197979 secs using 99.51% CPU
Iteration 90 / LogL: -22984.587 / Time: 0h:1m:6s (0h:0m:2s left)
Optimizing NNI: done in 0.212457 secs using 99.01% CPU
Optimizing NNI: done in 0.176878 secs using 99.51% CPU
Optimizing NNI: done in 0.165057 secs using 98.92% CPU
Optimizing NNI: done in 0.230513 secs using 98.6% CPU
Optimizing NNI: done in 0.240094 secs using 99.08% CPU
Optimizing NNI: done in 0.182677 secs using 99.49% CPU
Optimizing NNI: done in 0.211317 secs using 99.04% CPU
Optimizing NNI: done in 0.178379 secs using 98.97% CPU
Optimizing NNI: done in 0.194998 secs using 99.04% CPU
Optimizing NNI: done in 0.176456 secs using 99.5% CPU
Iteration 100 / LogL: -22985.426 / Time: 0h:1m:8s (0h:0m:0s left)
Log-likelihood cutoff on original alignment: -23018.582
NOTE: Bootstrap correlation coefficient of split occurrence frequencies: 0.999
Optimizing NNI: done in 0.181258 secs using 99.49% CPU
Optimizing NNI: done in 0.139388 secs using 98.1% CPU
Optimizing NNI: done in 0.26655 secs using 98.02% CPU
Optimizing NNI: done in 0.185778 secs using 99.52% CPU
TREE SEARCH COMPLETED AFTER 104 ITERATIONS / Time: 0h:1m:9s

--------------------------------------------------------------------
|                    FINALIZING TREE SEARCH                        |
--------------------------------------------------------------------
Performs final model parameters optimization
Estimate model parameters (epsilon = 0.010)
1. Initial log-likelihood: -22984.582
Optimal log-likelihood: -22984.578
Rate parameters:  A-C: 1.00000  A-G: 3.17011  A-T: 1.00000  C-G: 1.00000  C-T: 3.17011  G-T: 1.00000
Base frequencies:  A: 0.274  C: 0.191  G: 0.225  T: 0.310
Proportion of invariable sites: 0.122
Site proportion and rates:  (0.434,0.547) (0.413,1.476) (0.031,4.914)
Parameters optimization took 1 rounds (0.054 sec)
BEST SCORE FOUND : -22984.578
Creating bootstrap support values...
Split supports printed to NEXUS file results_moss_new/07_phylogeny/All/G6779.splits.nex
Total tree length: 5.265

Total number of iterations: 104
CPU time used for tree search: 22.313 sec (0h:0m:22s)
Wall-clock time used for tree search: 22.557 sec (0h:0m:22s)
Total CPU time used: 71.791 sec (0h:1m:11s)
Total wall-clock time used: 69.855 sec (0h:1m:9s)

Computing bootstrap consensus tree...
Reading input file results_moss_new/07_phylogeny/All/G6779.splits.nex...
51 taxa and 258 splits.
Consensus tree written to results_moss_new/07_phylogeny/All/G6779.contree
Reading input trees file results_moss_new/07_phylogeny/All/G6779.contree
Log-likelihood of consensus tree: -22984.581

Analysis results written to: 
  IQ-TREE report:                results_moss_new/07_phylogeny/All/G6779.iqtree
  Maximum-likelihood tree:       results_moss_new/07_phylogeny/All/G6779.treefile
  Likelihood distances:          results_moss_new/07_phylogeny/All/G6779.mldist

Ultrafast bootstrap approximation results written to:
  Split support values:          results_moss_new/07_phylogeny/All/G6779.splits.nex
  Consensus tree:                results_moss_new/07_phylogeny/All/G6779.contree
  Screen log file:               results_moss_new/07_phylogeny/All/G6779.log

Date and Time: Fri Jun 12 04:13:11 2026
