IQ-TREE version 3.0.1 for Linux x86 64-bit built Jul  9 2025
Developed by Bui Quang Minh, Thomas Wong, Nhan Ly-Trong, Huaiyan Ren
Contributed by Lam-Tung Nguyen, Dominik Schrempf, Chris Bielow,
Olga Chernomor, Michael Woodhams, Diep Thi Hoang, Heiko Schmidt

Host:    c0711a-s19.ufhpc (AVX2, FMA3, 503 GB RAM)
Command: iqtree -s results_moss_new/06_alignment/All/trimmed/G6854.trimmed.aln --prefix results_moss_new/07_phylogeny/All/G6854 -m MFP -B 1000 -T AUTO
Seed:    453644 (Using SPRNG - Scalable Parallel Random Number Generator)
Time:    Fri Jun 12 04:40:59 2026
Kernel:  AVX+FMA - auto-detect threads (8 CPU cores detected)

Reading alignment file results_moss_new/06_alignment/All/trimmed/G6854.trimmed.aln ... Fasta format detected
Reading fasta file: done in 0.00112491 secs using 64.27% CPU
Alignment most likely contains DNA/RNA sequences
Constructing alignment: done in 0.00108001 secs using 49.35% CPU
Alignment has 58 sequences with 1624 columns, 1458 distinct patterns
1259 parsimony-informative, 147 singleton sites, 218 constant sites
                  Gap/Ambiguity  Composition  p-value
Analyzing sequences: done in 0.000152258 secs using 66.99% CPU
   1  S0039_G6854_R1_A   27.46%    passed     73.80%
   2  S0051_G6854_R1_A   27.46%    passed     84.57%
   3  S0008_G6854_R1_A    9.79%    passed     45.47%
   4  S0010_G6854_R1_A    9.30%    passed     74.45%
   5  S0009_G6854_R1_A    9.54%    passed     80.27%
   6  S0014_G6854_R1_A   10.78%    passed     11.06%
   7  S0034_G6854_R1_A    8.37%    passed     34.38%
   8  S0015_G6854_R1_A    8.93%    passed     20.37%
   9  S0027_G6854_R1_A   31.59%    failed      0.37%
  10  S0018_G6854_R1_A    2.65%    passed     65.15%
  11  S0048_G6854_R1_A    2.65%    passed     55.76%
  12  S0004_G6854_R1_A    2.46%    passed     43.70%
  13  S0031_G6854_R1_A    2.22%    passed     37.57%
  14  S0046_G6854_R1_A    2.03%    passed     60.60%
  15  S0036_G6854_R1_U    2.03%    passed     38.21%
  16  S0021_G6854_R1_A    2.22%    passed     50.95%
  17  S0021_G6854_R2_A    2.09%    passed     31.65%
  18  S0002_G6854_R1_A    2.22%    passed     86.35%
  19  S0013_G6854_R1_A    2.40%    passed     58.12%
  20  S0022_G6854_R1_A    2.40%    passed     54.67%
  21  S0011_G6854_R1_A    2.22%    passed     61.47%
  22  S0026_G6854_R1_A    3.45%    passed     52.98%
  23  S0030_G6854_R1_A    2.22%    passed     40.01%
  24  S0037_G6854_R1_A    3.69%    passed     61.53%
  25  S0020_G6854_R1_A    2.40%    passed     58.31%
  26  S0019_G6854_R1_A    2.71%    passed     39.03%
  27  S0050_G6854_R1_A    2.46%    passed     27.22%
  28  S0017_G6854_R1_A    2.71%    passed     42.07%
  29  S0012_G6854_R1_A    3.20%    passed     46.32%
  30  S0016_G6854_R1_A    3.20%    passed     34.39%
  31  S0023_G6854_R1_A    2.16%    passed     32.49%
  32  S0028_G6854_R1_A    2.52%    passed     33.62%
  33  S0005_G6854_R1_A    5.17%    passed     56.99%
  34  S0033_G6854_R1_A   10.78%    passed     98.69%
  35  S0033_G6854_R2_A   10.78%    passed     99.27%
  36  S0006_G6854_R1_A   31.83%    failed      1.90%
  37  S0035_G6854_R1_A    8.00%    passed     84.53%
  38  S0049_G6854_R1_A   31.28%    passed     24.01%
  39  S0003_G6854_R1_N   30.60%    passed     15.49%
  40  S0025_G6854_R1_A   26.42%    passed     39.90%
  41  S0029_G6854_R1_A   26.72%    passed     66.60%
  42  S0032_G6854_R1_N   24.57%    passed     25.75%
  43  S0024_G6854_R1_A   24.94%    passed     43.04%
  44  S0032_G6854_R2_N   47.48%    passed     13.55%
  45  S0001_G6854_R1_A   34.24%    passed     41.25%
  46  S0042_G6854_R1_N   25.86%    passed     14.26%
  47  S0047_G6854_R1_N   26.35%    failed      4.73%
  48  S0041_G6854_R1_N   26.11%    passed     12.53%
  49  S0044_G6854_R1_N   25.62%    passed      9.40%
  50  S0045_G6854_R2_A   25.68%    passed      8.55%
  51  S0045_G6854_R1_A   25.55%    passed     11.69%
  52  S0038_G6854_R2_A   25.74%    passed      9.07%
  53  S0040_G6854_R1_N   26.17%    passed     13.17%
  54  S0043_G6854_R1_N   26.11%    passed      6.64%
  55  S0038_G6854_R1_A   26.11%    passed      9.38%
  56  S0041_G6854_R2_N   25.92%    passed     10.67%
  57  S0043_G6854_R2_N   25.92%    passed     12.02%
  58  S0042_G6854_R2_N   46.06%    passed     48.94%
****  TOTAL              15.03%  3 sequences failed composition chi2 test (p-value<5%; df=3)
Checking for duplicate sequences: done in 0.000187434 secs using 74.16% CPU


Create initial parsimony tree by phylogenetic likelihood library (PLL)... 0.006 seconds
Measuring multi-threading efficiency up to 8 CPU cores
Increase to 10 rounds for branch lengths
74 trees examined
Threads: 1 / Time: 8.027 sec / Speedup: 1.000 / Efficiency: 100% / LogL: -42856
Threads: 2 / Time: 28.254 sec / Speedup: 0.284 / Efficiency: 14% / LogL: -42856
Determining AUTO threadcount: done in 36.2821 secs using 105.9% CPU
BEST NUMBER OF THREADS: 1

Perform fast likelihood tree search using GTR+I+G model...
Estimate model parameters (epsilon = 5.000)
Perform nearest neighbor interchange...
Optimizing NNI: done in 0.179709 secs using 99.6% CPU
Estimate model parameters (epsilon = 1.000)
1. Initial log-likelihood: -24840.776
Optimal log-likelihood: -24840.394
Rate parameters:  A-C: 1.11904  A-G: 3.06400  A-T: 1.02073  C-G: 0.98750  C-T: 3.35027  G-T: 1.00000
Base frequencies:  A: 0.265  C: 0.182  G: 0.233  T: 0.320
Proportion of invariable sites: 0.089
Gamma shape alpha: 3.166
Parameters optimization took 1 rounds (0.088 sec)
Time for fast ML tree search: 0.669 seconds

NOTE: ModelFinder requires 33 MB RAM!
ModelFinder will test up to 968 DNA models (sample size: 1624 epsilon: 0.100) ...
 No. Model         -LnL         df  AIC          AICc         BIC
  1  JC            25934.428    113 52094.856    52111.918    52704.225
  2  JC+I          25638.110    114 51504.220    51521.596    52118.982
  3  JC+G4         25573.706    114 51375.413    51392.789    51990.175
  4  JC+I+G4       25533.609    115 51297.218    51314.910    51917.372
  5  JC+R2         25543.037    115 51316.073    51333.765    51936.228
  6  JC+R3         25529.731    117 51293.462    51311.797    51924.402
  7  JC+R4         25529.048    119 51296.096    51315.085    51937.821
 14  JC+I+R2       25532.318    116 51296.636    51314.648    51922.184
 15  JC+I+R3       25530.087    118 51296.175    51314.835    51932.507
 26  JC+I+G4       25533.609    115 51297.218    51314.910    51917.372
 28  JC+R3         25529.731    117 51293.462    51311.797    51924.402
 36  JC+I+R2       25532.318    116 51296.636    51314.648    51922.184
 48  F81+I+G4      25533.604    115 51297.208    51314.900    51917.363
 50  F81+R3        25529.535    117 51293.071    51311.405    51924.011
 58  F81+I+R2      25532.274    116 51296.548    51314.560    51922.095
 70  F81+F+I+G4    25478.494    118 51192.987    51211.648    51829.320
 72  F81+F+R3      25470.272    120 51180.544    51199.865    51827.661
 80  F81+F+I+R2    25474.854    119 51187.709    51206.698    51829.434
 92  K2P+I+G4      24961.828    116 50155.655    50173.667    50781.202
 94  K2P+R3        24958.087    118 50152.175    50170.835    50788.507
102  K2P+I+R2      24960.610    117 50155.220    50173.555    50786.160
114  K2P+I+G4      24961.828    116 50155.655    50173.667    50781.202
116  K2P+R3        24958.087    118 50152.175    50170.835    50788.507
124  K2P+I+R2      24960.610    117 50155.220    50173.555    50786.160
136  HKY+I+G4      24961.828    116 50155.655    50173.667    50781.202
138  HKY+R3        24957.897    118 50151.793    50170.454    50788.126
146  HKY+I+R2      24960.601    117 50155.202    50173.537    50786.142
158  HKY+F+I+G4    24843.248    119 49924.495    49943.485    50566.220
160  HKY+F+R3      24832.575    121 49907.150    49926.806    50559.660
168  HKY+F+I+R2    24837.833    120 49915.666    49934.987    50562.784
180  TNe+I+G4      24961.823    117 50157.645    50175.980    50788.585
182  TNe+R3        24957.440    119 50152.881    50171.870    50794.606
190  TNe+I+R2      24960.810    118 50157.620    50176.281    50793.952
202  TNe+I+G4      24961.823    117 50157.645    50175.980    50788.585
204  TNe+R3        24957.440    119 50152.881    50171.870    50794.606
212  TNe+I+R2      24960.810    118 50157.620    50176.281    50793.952
224  TN+I+G4       24961.822    117 50157.643    50175.978    50788.583
226  TN+R3         24957.290    119 50152.580    50171.570    50794.305
234  TN+I+R2       24960.591    118 50157.183    50175.843    50793.515
246  TN+F+I+G4     24841.600    120 49923.201    49942.522    50570.319
248  TN+F+R3       24830.541    122 49905.081    49925.076    50562.984
256  TN+F+I+R2     24835.955    121 49913.910    49933.566    50566.420
268  K3P+I+G4      24961.577    117 50157.155    50175.489    50788.094
270  K3P+R3        24957.463    119 50152.925    50171.915    50794.651
278  K3P+I+R2      24960.321    118 50156.643    50175.303    50792.975
290  K3P+I+G4      24961.577    117 50157.155    50175.489    50788.094
292  K3P+R3        24957.463    119 50152.925    50171.915    50794.651
300  K3P+I+R2      24960.321    118 50156.643    50175.303    50792.975
312  K3Pu+I+G4     24961.578    117 50157.156    50175.491    50788.096
314  K3Pu+R3       24957.295    119 50152.590    50171.579    50794.315
322  K3Pu+I+R2     24960.316    118 50156.633    50175.293    50792.965
334  K3Pu+F+I+G4   24843.095    120 49926.190    49945.511    50573.308
336  K3Pu+F+R3     24831.986    122 49907.972    49927.967    50565.875
344  K3Pu+F+I+R2   24837.634    121 49917.268    49936.925    50569.778
356  TPM2+I+G4     24957.282    117 50148.563    50166.898    50779.503
358  TPM2+R3       24953.594    119 50145.188    50164.177    50786.913
366  TPM2+I+R2     24956.300    118 50148.599    50167.260    50784.932
378  TPM2+I+G4     24957.282    117 50148.563    50166.898    50779.503
380  TPM2+R3       24953.594    119 50145.188    50164.177    50786.913
388  TPM2+I+R2     24956.300    118 50148.599    50167.260    50784.932
400  TPM2u+I+G4    24957.282    117 50148.564    50166.899    50779.504
402  TPM2u+R3      24953.428    119 50144.856    50163.845    50786.581
410  TPM2u+I+R2    24956.298    118 50148.595    50167.256    50784.928
422  TPM2u+F+I+G4  24842.649    120 49925.298    49944.619    50572.415
424  TPM2u+F+R3    24831.743    122 49907.485    49927.480    50565.388
432  TPM2u+F+I+R2  24837.359    121 49916.717    49936.374    50569.227
444  TPM3+I+G4     24937.618    117 50109.236    50127.571    50740.176
446  TPM3+R3       24936.137    119 50110.273    50129.262    50751.998
454  TPM3+I+R2     24938.189    118 50112.379    50131.039    50748.711
466  TPM3+I+G4     24937.618    117 50109.236    50127.571    50740.176
468  TPM3+R3       24936.137    119 50110.273    50129.262    50751.998
476  TPM3+I+R2     24938.189    118 50112.379    50131.039    50748.711
488  TPM3u+I+G4    24937.618    117 50109.236    50127.571    50740.176
490  TPM3u+R3      24935.947    119 50109.893    50128.882    50751.618
498  TPM3u+I+R2    24938.179    118 50112.359    50131.019    50748.691
510  TPM3u+F+I+G4  24842.949    120 49925.897    49945.219    50573.015
512  TPM3u+F+R3    24831.356    122 49906.712    49926.707    50564.615
520  TPM3u+F+I+R2  24837.293    121 49916.585    49936.242    50569.096
532  TIMe+I+G4     24961.575    118 50159.149    50177.810    50795.482
534  TIMe+R3       24956.729    120 50153.459    50172.780    50800.577
542  TIMe+I+R2     24960.579    119 50159.158    50178.147    50800.883
554  TIMe+I+G4     24961.575    118 50159.149    50177.810    50795.482
556  TIMe+R3       24956.729    120 50153.459    50172.780    50800.577
564  TIMe+I+R2     24960.579    119 50159.158    50178.147    50800.883
576  TIM+I+G4      24961.573    118 50159.146    50177.806    50795.478
578  TIM+R3        24956.607    120 50153.214    50172.536    50800.332
586  TIM+I+R2      24960.311    119 50158.622    50177.611    50800.347
598  TIM+F+I+G4    24841.448    121 49924.897    49944.553    50577.407
600  TIM+F+R3      24830.205    123 49906.410    49926.746    50569.706
608  TIM+F+I+R2    24835.676    122 49915.352    49935.347    50573.255
620  TIM2e+I+G4    24957.275    118 50150.550    50169.211    50786.883
622  TIM2e+R3      24953.029    120 50146.058    50165.379    50793.175
630  TIM2e+I+R2    24956.763    119 50151.526    50170.515    50793.251
642  TIM2e+I+G4    24957.275    118 50150.550    50169.211    50786.883
644  TIM2e+R3      24953.029    120 50146.058    50165.379    50793.175
652  TIM2e+I+R2    24956.763    119 50151.526    50170.515    50793.251
664  TIM2+I+G4     24957.273    118 50150.547    50169.207    50786.879
666  TIM2+R3       24952.894    120 50145.788    50165.109    50792.905
674  TIM2+I+R2     24956.291    119 50150.582    50169.571    50792.307
686  TIM2+F+I+G4   24840.998    121 49923.997    49943.653    50576.507
688  TIM2+F+R3     24829.930    123 49905.860    49926.196    50569.156
696  TIM2+F+I+R2   24835.381    122 49914.762    49934.757    50572.665
708  TIM3e+I+G4    24937.612    118 50111.224    50129.884    50747.556
710  TIM3e+R3      24935.530    120 50111.059    50130.381    50758.177
718  TIM3e+I+R2    24938.525    119 50115.050    50134.039    50756.775
730  TIM3e+I+G4    24937.612    118 50111.224    50129.884    50747.556
732  TIM3e+R3      24935.530    120 50111.059    50130.381    50758.177
740  TIM3e+I+R2    24938.525    119 50115.050    50134.039    50756.775
752  TIM3+I+G4     24937.610    118 50111.220    50129.881    50747.553
754  TIM3+R3       24935.381    120 50110.761    50130.083    50757.879
762  TIM3+I+R2     24938.152    119 50114.304    50133.294    50756.029
774  TIM3+F+I+G4   24841.278    121 49924.557    49944.213    50577.067
776  TIM3+F+R3     24829.647    123 49905.294    49925.630    50568.590
784  TIM3+F+I+R2   24835.306    122 49914.612    49934.607    50572.515
796  TVMe+I+G4     24932.671    119 50103.342    50122.331    50745.067
798  TVMe+R3       24930.954    121 50103.909    50123.565    50756.419
806  TVMe+I+R2     24933.798    120 50107.596    50126.917    50754.714
818  TVMe+I+G4     24932.671    119 50103.342    50122.331    50745.067
820  TVMe+R3       24930.954    121 50103.909    50123.565    50756.419
828  TVMe+I+R2     24933.798    120 50107.596    50126.917    50754.714
840  TVM+I+G4      24932.669    119 50103.338    50122.327    50745.063
842  TVM+R3        24930.808    121 50103.616    50123.273    50756.126
850  TVM+I+R2      24933.666    120 50107.332    50126.654    50754.450
862  TVM+F+I+G4    24841.981    122 49927.963    49947.957    50585.866
864  TVM+F+R3      24830.434    124 49908.867    49929.548    50577.556
872  TVM+F+I+R2    24836.332    123 49918.664    49939.000    50581.960
884  SYM+I+G4      24932.662    120 50105.325    50124.646    50752.443
886  SYM+R3        24930.736    122 50105.471    50125.466    50763.374
894  SYM+I+R2      24933.606    121 50109.213    50128.869    50761.723
906  SYM+I+G4      24932.662    120 50105.325    50124.646    50752.443
908  SYM+R3        24930.736    122 50105.471    50125.466    50763.374
916  SYM+I+R2      24933.606    121 50109.213    50128.869    50761.723
928  GTR+I+G4      24932.663    120 50105.325    50124.647    50752.443
930  GTR+R3        24930.664    122 50105.328    50125.322    50763.231
938  GTR+I+R2      24933.565    121 50109.130    50128.787    50761.641
950  GTR+F+I+G4    24840.316    123 49926.632    49946.968    50589.928
952  GTR+F+R3      24828.712    125 49907.424    49928.452    50581.505
960  GTR+F+I+R2    24834.419    124 49916.838    49937.519    50585.527
Akaike Information Criterion:           TN+F+R3
Corrected Akaike Information Criterion: TN+F+R3
Bayesian Information Criterion:         HKY+F+R3
Best-fit model: HKY+F+R3 chosen according to BIC

All model information printed to results_moss_new/07_phylogeny/All/G6854.model.gz
CPU time for ModelFinder: 57.304 seconds (0h:0m:57s)
Wall-clock time for ModelFinder: 55.870 seconds (0h:0m:55s)
Generating 1000 samples for ultrafast bootstrap (seed: 453644)...

NOTE: 13 MB RAM (0 GB) is required!
Estimate model parameters (epsilon = 0.100)
1. Initial log-likelihood: -24832.159
2. Current log-likelihood: -24832.019
Optimal log-likelihood: -24831.924
Rate parameters:  A-C: 1.00000  A-G: 3.11470  A-T: 1.00000  C-G: 1.00000  C-T: 3.11470  G-T: 1.00000
Base frequencies:  A: 0.265  C: 0.182  G: 0.233  T: 0.320
Site proportion and rates:  (0.236,0.151) (0.440,0.948) (0.324,1.690)
Parameters optimization took 2 rounds (0.116 sec)
Wrote distance file to... 
Computing ML distances based on estimated model parameters...
Calculating distance matrix: done in 0.0100103 secs using 99.66% CPU
Computing ML distances took 0.010254 sec (of wall-clock time) 0.010218 sec (of CPU time)
Setting up auxiliary I and S matrices: done in 8.8747e-05 secs using 135.2% CPU
Constructing RapidNJ tree: done in 0.000193675 secs using 112% CPU
Computing RapidNJ tree took 0.000308 sec (of wall-clock time) 0.000361 sec (of CPU time)
Log-likelihood of RapidNJ tree: -24940.130
--------------------------------------------------------------------
|             INITIALIZING CANDIDATE TREE SET                      |
--------------------------------------------------------------------
Generating 98 parsimony trees... 0.667 second
Computing log-likelihood of 98 initial trees ... 1.093 seconds
Current best score: -24831.924

Do NNI search on 20 best initial trees
Optimizing NNI: done in 0.127646 secs using 99.54% CPU
Estimate model parameters (epsilon = 0.100)
BETTER TREE FOUND at iteration 1: -24817.930
Optimizing NNI: done in 0.180768 secs using 98.97% CPU
Optimizing NNI: done in 0.134841 secs using 98.8% CPU
Optimizing NNI: done in 0.152697 secs using 98.9% CPU
Optimizing NNI: done in 0.205331 secs using 99.08% CPU
Estimate model parameters (epsilon = 0.100)
BETTER TREE FOUND at iteration 5: -24815.614
Optimizing NNI: done in 0.19971 secs using 99.07% CPU
Optimizing NNI: done in 0.207369 secs using 98.55% CPU
Estimate model parameters (epsilon = 0.100)
BETTER TREE FOUND at iteration 7: -24814.656
Optimizing NNI: done in 0.188301 secs using 98.98% CPU
Optimizing NNI: done in 0.190437 secs using 98.41% CPU
Optimizing NNI: done in 0.203482 secs using 99.05% CPU
Iteration 10 / LogL: -24814.656 / Time: 0h:0m:59s
Optimizing NNI: done in 0.166813 secs using 99.43% CPU
Optimizing NNI: done in 0.178291 secs using 99.56% CPU
Optimizing NNI: done in 0.175734 secs using 99.53% CPU
Optimizing NNI: done in 0.18286 secs using 98.98% CPU
Optimizing NNI: done in 0.186376 secs using 98.43% CPU
Optimizing NNI: done in 0.193483 secs using 99.51% CPU
Optimizing NNI: done in 0.160115 secs using 99.56% CPU
Optimizing NNI: done in 0.17694 secs using 98.98% CPU
Optimizing NNI: done in 0.179931 secs using 98.82% CPU
Optimizing NNI: done in 0.171835 secs using 99.5% CPU
Iteration 20 / LogL: -24817.974 / Time: 0h:1m:1s
Finish initializing candidate tree set (3)
Current best tree score: -24814.656 / CPU time: 5.553
Number of iterations: 20
--------------------------------------------------------------------
|               OPTIMIZING CANDIDATE TREE SET                      |
--------------------------------------------------------------------
Optimizing NNI: done in 0.244526 secs using 99.48% CPU
UPDATE BEST LOG-LIKELIHOOD: -24814.653
Optimizing NNI: done in 0.208487 secs using 98.9% CPU
Optimizing NNI: done in 0.244964 secs using 98.96% CPU
Optimizing NNI: done in 0.2091 secs using 98.97% CPU
Optimizing NNI: done in 0.223373 secs using 98.67% CPU
Optimizing NNI: done in 0.280424 secs using 99.21% CPU
Optimizing NNI: done in 0.21639 secs using 98.61% CPU
Optimizing NNI: done in 0.219969 secs using 98.62% CPU
Optimizing NNI: done in 0.251553 secs using 99.16% CPU
Optimizing NNI: done in 0.217303 secs using 98.16% CPU
Iteration 30 / LogL: -24815.557 / Time: 0h:1m:4s (0h:0m:21s left)
Optimizing NNI: done in 0.259397 secs using 98.42% CPU
Optimizing NNI: done in 0.216488 secs using 98.64% CPU
Optimizing NNI: done in 0.206339 secs using 99.07% CPU
Optimizing NNI: done in 0.249607 secs using 99.62% CPU
Optimizing NNI: done in 0.225649 secs using 99.61% CPU
Optimizing NNI: done in 0.222874 secs using 99.12% CPU
Optimizing NNI: done in 0.197554 secs using 99.55% CPU
Optimizing NNI: done in 0.308433 secs using 99.26% CPU
Optimizing NNI: done in 0.233585 secs using 94.11% CPU
Optimizing NNI: done in 0.22153 secs using 99.07% CPU
Iteration 40 / LogL: -24818.578 / Time: 0h:1m:6s (0h:0m:18s left)
Optimizing NNI: done in 0.244765 secs using 99.17% CPU
Optimizing NNI: done in 0.218629 secs using 98.2% CPU
Optimizing NNI: done in 0.272631 secs using 98.86% CPU
Optimizing NNI: done in 0.218991 secs using 98.22% CPU
Optimizing NNI: done in 0.209892 secs using 99.03% CPU
Optimizing NNI: done in 0.223785 secs using 99.56% CPU
Optimizing NNI: done in 0.246738 secs using 99.18% CPU
Optimizing NNI: done in 0.243688 secs using 99.14% CPU
Optimizing NNI: done in 0.252296 secs using 99.22% CPU
Optimizing NNI: done in 0.254849 secs using 98.86% CPU
Iteration 50 / LogL: -24819.695 / Time: 0h:1m:8s (0h:0m:15s left)
Log-likelihood cutoff on original alignment: -24868.085
Optimizing NNI: done in 0.232784 secs using 98.75% CPU
Optimizing NNI: done in 0.19086 secs using 98.53% CPU
Optimizing NNI: done in 0.198827 secs using 99.59% CPU
Optimizing NNI: done in 0.267309 secs using 99.6% CPU
Optimizing NNI: done in 0.281651 secs using 99.52% CPU
Optimizing NNI: done in 0.273016 secs using 98.42% CPU
Optimizing NNI: done in 0.263278 secs using 99.2% CPU
Optimizing NNI: done in 0.258589 secs using 99.57% CPU
Optimizing NNI: done in 0.189114 secs using 99.09% CPU
Optimizing NNI: done in 0.255257 secs using 99.58% CPU
Iteration 60 / LogL: -24824.156 / Time: 0h:1m:11s (0h:0m:12s left)
Optimizing NNI: done in 0.253829 secs using 99.58% CPU
Optimizing NNI: done in 0.395566 secs using 98.79% CPU
Optimizing NNI: done in 0.231363 secs using 98.29% CPU
Optimizing NNI: done in 0.250354 secs using 99.57% CPU
Optimizing NNI: done in 0.221772 secs using 99.56% CPU
Optimizing NNI: done in 0.20096 secs using 98.6% CPU
Optimizing NNI: done in 0.273346 secs using 99.13% CPU
Optimizing NNI: done in 0.217759 secs using 99.47% CPU
Optimizing NNI: done in 0.254308 secs using 99.18% CPU
Optimizing NNI: done in 0.288147 secs using 99.25% CPU
Iteration 70 / LogL: -24833.600 / Time: 0h:1m:14s (0h:0m:9s left)
Optimizing NNI: done in 0.219863 secs using 99.6% CPU
Optimizing NNI: done in 0.264424 secs using 99.22% CPU
Optimizing NNI: done in 0.238208 secs using 98.34% CPU
Optimizing NNI: done in 0.214305 secs using 98.67% CPU
Optimizing NNI: done in 0.216386 secs using 99.56% CPU
Optimizing NNI: done in 0.258627 secs using 99.05% CPU
Optimizing NNI: done in 0.202955 secs using 98.61% CPU
Optimizing NNI: done in 0.333728 secs using 99.25% CPU
Optimizing NNI: done in 0.257992 secs using 99.23% CPU
Optimizing NNI: done in 0.2063 secs using 99.54% CPU
Iteration 80 / LogL: -24816.338 / Time: 0h:1m:16s (0h:0m:7s left)
Optimizing NNI: done in 0.31583 secs using 98.05% CPU
Optimizing NNI: done in 0.181054 secs using 99.52% CPU
Optimizing NNI: done in 0.173781 secs using 98.98% CPU
Optimizing NNI: done in 0.201048 secs using 98.95% CPU
Optimizing NNI: done in 0.252515 secs using 99.5% CPU
Optimizing NNI: done in 0.240547 secs using 98.2% CPU
Optimizing NNI: done in 0.172818 secs using 98.27% CPU
Optimizing NNI: done in 0.337841 secs using 99.52% CPU
Optimizing NNI: done in 0.240187 secs using 99.5% CPU
Optimizing NNI: done in 0.25081 secs using 99.09% CPU
Iteration 90 / LogL: -24816.727 / Time: 0h:1m:18s (0h:0m:4s left)
Optimizing NNI: done in 0.366159 secs using 98.92% CPU
Optimizing NNI: done in 0.218658 secs using 98.61% CPU
Optimizing NNI: done in 0.20233 secs using 99.59% CPU
Optimizing NNI: done in 0.234055 secs using 99.15% CPU
Optimizing NNI: done in 0.292532 secs using 99.25% CPU
Optimizing NNI: done in 0.323584 secs using 99.53% CPU
Optimizing NNI: done in 0.251203 secs using 97.52% CPU
Optimizing NNI: done in 0.232188 secs using 97.83% CPU
Optimizing NNI: done in 0.231543 secs using 99.14% CPU
Optimizing NNI: done in 0.214117 secs using 98.14% CPU
Iteration 100 / LogL: -24815.553 / Time: 0h:1m:21s (0h:0m:1s left)
Log-likelihood cutoff on original alignment: -24868.085
NOTE: Bootstrap correlation coefficient of split occurrence frequencies: 0.997
Optimizing NNI: done in 0.208384 secs using 99.1% CPU
Optimizing NNI: done in 0.230786 secs using 98.09% CPU
Optimizing NNI: done in 0.248021 secs using 97.92% CPU
Optimizing NNI: done in 0.240875 secs using 98.27% CPU
Optimizing NNI: done in 0.153648 secs using 98.9% CPU
Optimizing NNI: done in 0.198407 secs using 98.45% CPU
Optimizing NNI: done in 0.243246 secs using 99.13% CPU
Optimizing NNI: done in 0.239861 secs using 97.68% CPU
TREE SEARCH COMPLETED AFTER 108 ITERATIONS / Time: 0h:1m:23s

--------------------------------------------------------------------
|                    FINALIZING TREE SEARCH                        |
--------------------------------------------------------------------
Performs final model parameters optimization
Estimate model parameters (epsilon = 0.010)
1. Initial log-likelihood: -24814.653
2. Current log-likelihood: -24814.618
3. Current log-likelihood: -24814.564
4. Current log-likelihood: -24814.515
5. Current log-likelihood: -24814.461
6. Current log-likelihood: -24814.409
7. Current log-likelihood: -24814.359
8. Current log-likelihood: -24814.311
9. Current log-likelihood: -24814.265
10. Current log-likelihood: -24814.220
11. Current log-likelihood: -24814.177
12. Current log-likelihood: -24814.135
13. Current log-likelihood: -24814.096
14. Current log-likelihood: -24814.061
15. Current log-likelihood: -24814.024
16. Current log-likelihood: -24813.988
17. Current log-likelihood: -24813.957
18. Current log-likelihood: -24813.924
19. Current log-likelihood: -24813.892
20. Current log-likelihood: -24813.869
21. Current log-likelihood: -24813.846
22. Current log-likelihood: -24813.821
23. Current log-likelihood: -24813.803
24. Current log-likelihood: -24813.785
25. Current log-likelihood: -24813.768
26. Current log-likelihood: -24813.751
27. Current log-likelihood: -24813.735
28. Current log-likelihood: -24813.719
29. Current log-likelihood: -24813.703
30. Current log-likelihood: -24813.688
31. Current log-likelihood: -24813.673
32. Current log-likelihood: -24813.658
33. Current log-likelihood: -24813.644
34. Current log-likelihood: -24813.630
35. Current log-likelihood: -24813.617
36. Current log-likelihood: -24813.604
37. Current log-likelihood: -24813.591
38. Current log-likelihood: -24813.578
39. Current log-likelihood: -24813.566
40. Current log-likelihood: -24813.554
41. Current log-likelihood: -24813.542
42. Current log-likelihood: -24813.531
43. Current log-likelihood: -24813.519
44. Current log-likelihood: -24813.508
45. Current log-likelihood: -24813.497
46. Current log-likelihood: -24813.487
47. Current log-likelihood: -24813.477
Optimal log-likelihood: -24813.463
Rate parameters:  A-C: 1.00000  A-G: 3.11455  A-T: 1.00000  C-G: 1.00000  C-T: 3.11455  G-T: 1.00000
Base frequencies:  A: 0.265  C: 0.182  G: 0.233  T: 0.320
Site proportion and rates:  (0.224,0.132) (0.473,0.945) (0.303,1.726)
Parameters optimization took 47 rounds (2.711 sec)
BEST SCORE FOUND : -24813.463
Creating bootstrap support values...
Split supports printed to NEXUS file results_moss_new/07_phylogeny/All/G6854.splits.nex
Total tree length: 5.261

Total number of iterations: 108
CPU time used for tree search: 26.984 sec (0h:0m:26s)
Wall-clock time used for tree search: 27.266 sec (0h:0m:27s)
Total CPU time used: 87.270 sec (0h:1m:27s)
Total wall-clock time used: 86.147 sec (0h:1m:26s)

Computing bootstrap consensus tree...
Reading input file results_moss_new/07_phylogeny/All/G6854.splits.nex...
58 taxa and 278 splits.
Consensus tree written to results_moss_new/07_phylogeny/All/G6854.contree
Reading input trees file results_moss_new/07_phylogeny/All/G6854.contree
Log-likelihood of consensus tree: -24814.386

Analysis results written to: 
  IQ-TREE report:                results_moss_new/07_phylogeny/All/G6854.iqtree
  Maximum-likelihood tree:       results_moss_new/07_phylogeny/All/G6854.treefile
  Likelihood distances:          results_moss_new/07_phylogeny/All/G6854.mldist

Ultrafast bootstrap approximation results written to:
  Split support values:          results_moss_new/07_phylogeny/All/G6854.splits.nex
  Consensus tree:                results_moss_new/07_phylogeny/All/G6854.contree
  Screen log file:               results_moss_new/07_phylogeny/All/G6854.log

Date and Time: Fri Jun 12 04:42:25 2026
