IQ-TREE version 3.0.1 for Linux x86 64-bit built Jul  9 2025
Developed by Bui Quang Minh, Thomas Wong, Nhan Ly-Trong, Huaiyan Ren
Contributed by Lam-Tung Nguyen, Dominik Schrempf, Chris Bielow,
Olga Chernomor, Michael Woodhams, Diep Thi Hoang, Heiko Schmidt

Host:    c0711a-s19.ufhpc (AVX2, FMA3, 503 GB RAM)
Command: iqtree -s results_moss_new/06_alignment/All/trimmed/G7128.trimmed.aln --prefix results_moss_new/07_phylogeny/All/G7128 -m MFP -B 1000 -T AUTO
Seed:    47292 (Using SPRNG - Scalable Parallel Random Number Generator)
Time:    Thu Jun 11 23:24:41 2026
Kernel:  AVX+FMA - auto-detect threads (8 CPU cores detected)

Reading alignment file results_moss_new/06_alignment/All/trimmed/G7128.trimmed.aln ... Fasta format detected
Reading fasta file: done in 0.00085567 secs using 24.54% CPU
Alignment most likely contains DNA/RNA sequences
Constructing alignment: done in 0.000596492 secs using 90.53% CPU
Alignment has 52 sequences with 969 columns, 778 distinct patterns
614 parsimony-informative, 144 singleton sites, 211 constant sites
                  Gap/Ambiguity  Composition  p-value
Analyzing sequences: done in 7.06729e-05 secs using 99.05% CPU
   1  S0039_G7128_R1_A    6.50%    passed     17.04%
   2  S0051_G7128_R1_A    6.60%    passed      9.11%
   3  S0009_G7128_R1_A    6.50%    passed     60.88%
   4  S0014_G7128_R1_A    6.60%    passed     40.25%
   5  S0015_G7128_R1_A    7.33%    passed     36.83%
   6  S0034_G7128_R1_A    7.84%    passed     91.51%
   7  S0027_G7128_R1_A   11.15%    failed      2.70%
   8  S0008_G7128_R1_A    6.60%    passed     54.35%
   9  S0010_G7128_R1_V   13.93%    passed      8.14%
  10  S0035_G7128_R1_A   26.21%    passed     79.75%
  11  S0005_G7128_R1_A   24.77%    passed     99.73%
  12  S0033_G7128_R1_A   23.43%    passed     41.65%
  13  S0018_G7128_R1_A    0.83%    passed     59.70%
  14  S0031_G7128_R1_A    0.31%    passed     62.52%
  15  S0016_G7128_R1_A    0.31%    passed     51.32%
  16  S0037_G7128_R1_A    0.52%    passed     58.26%
  17  S0048_G7128_R1_A    0.72%    passed     53.97%
  18  S0050_G7128_R1_A    0.31%    passed     62.79%
  19  S0028_G7128_R1_A   17.75%    passed     49.99%
  20  S0030_G7128_R1_A    0.93%    passed     81.04%
  21  S0017_G7128_R1_A    0.62%    passed     37.54%
  22  S0046_G7128_R1_A   18.89%    passed     53.76%
  23  S0036_G7128_R1_A    0.83%    passed     67.78%
  24  S0026_G7128_R1_A   17.75%    passed     47.03%
  25  S0022_G7128_R1_A    0.72%    passed     81.19%
  26  S0019_G7128_R1_A   17.75%    passed     44.93%
  27  S0023_G7128_R1_A   17.65%    passed     69.35%
  28  S0002_G7128_R1_A    1.24%    passed     60.26%
  29  S0004_G7128_R1_A    0.31%    passed     62.75%
  30  S0011_G7128_R1_A    0.52%    passed     59.90%
  31  S0020_G7128_R1_A   18.47%    passed     65.87%
  32  S0021_G7128_R1_A   17.75%    passed     29.94%
  33  S0012_G7128_R1_A    0.52%    passed     46.35%
  34  S0013_G7128_R1_A    0.41%    passed     70.70%
  35  S0006_G7128_R1_A    2.58%    passed      5.55%
  36  S0025_G7128_R1_A    7.43%    passed     11.13%
  37  S0029_G7128_R1_A    7.64%    passed     11.24%
  38  S0032_G7128_R1_N    3.20%    passed      7.30%
  39  S0032_G7128_R2_N    3.20%    passed      7.18%
  40  S0024_G7128_R1_A    3.20%    passed      5.87%
  41  S0001_G7128_R1_A    4.33%    passed     15.46%
  42  S0049_G7128_R1_A   21.88%    failed      1.94%
  43  S0003_G7128_R1_N   10.32%    passed     62.05%
  44  S0044_G7128_R1_N    6.91%    failed      1.87%
  45  S0045_G7128_R1_A    6.91%    failed      1.87%
  46  S0042_G7128_R1_N    6.91%    failed      2.26%
  47  S0047_G7128_R1_N    6.91%    failed      1.34%
  48  S0045_G7128_R2_A    6.91%    failed      1.11%
  49  S0040_G7128_R1_N    6.91%    failed      1.12%
  50  S0038_G7128_R1_A    6.91%    failed      1.36%
  51  S0041_G7128_R1_N    6.91%    failed      1.46%
  52  S0043_G7128_R1_N    7.53%    failed      0.57%
****  TOTAL               7.87%  11 sequences failed composition chi2 test (p-value<5%; df=3)
NOTE: S0045_G7128_R1_A is identical to S0044_G7128_R1_N but kept for subsequent analysis
Checking for duplicate sequences: done in 0.000144221 secs using 99.15% CPU


Create initial parsimony tree by phylogenetic likelihood library (PLL)... 0.007 seconds
Measuring multi-threading efficiency up to 8 CPU cores
Increase to 10 rounds for branch lengths
155 trees examined
Threads: 1 / Time: 8.026 sec / Speedup: 1.000 / Efficiency: 100% / LogL: -22519
Threads: 2 / Time: 29.182 sec / Speedup: 0.275 / Efficiency: 14% / LogL: -22519
Determining AUTO threadcount: done in 37.2094 secs using 113.2% CPU
BEST NUMBER OF THREADS: 1

Perform fast likelihood tree search using GTR+I+G model...
Estimate model parameters (epsilon = 5.000)
Perform nearest neighbor interchange...
Optimizing NNI: done in 0.0470812 secs using 99.53% CPU
Estimate model parameters (epsilon = 1.000)
1. Initial log-likelihood: -12792.959
Optimal log-likelihood: -12792.954
Rate parameters:  A-C: 0.76338  A-G: 2.71709  A-T: 0.82958  C-G: 0.72309  C-T: 3.18433  G-T: 1.00000
Base frequencies:  A: 0.256  C: 0.228  G: 0.259  T: 0.258
Proportion of invariable sites: 0.097
Gamma shape alpha: 1.330
Parameters optimization took 1 rounds (0.026 sec)
Time for fast ML tree search: 0.290 seconds

NOTE: ModelFinder requires 16 MB RAM!
ModelFinder will test up to 968 DNA models (sample size: 969 epsilon: 0.100) ...
 No. Model         -LnL         df  AIC          AICc         BIC
  1  JC            13580.130    101 27362.259    27386.024    27854.762
  2  JC+I          13316.183    102 26836.367    26860.630    27333.746
  3  JC+G4         13191.003    102 26586.006    26610.269    27083.385
  4  JC+I+G4       13186.255    103 26578.510    26603.278    27080.766
  5  JC+R2         13204.067    103 26614.134    26638.901    27116.389
  6  JC+R3         13188.839    105 26587.679    26613.473    27099.687
  7  JC+R4         13188.399    107 26590.799    26617.642    27112.559
 14  JC+I+R2       13188.187    104 26584.375    26609.652    27091.506
 15  JC+I+R3       13186.254    106 26584.509    26610.824    27101.393
 25  JC+G4         13191.003    102 26586.006    26610.269    27083.385
 26  JC+I+G4       13186.255    103 26578.510    26603.278    27080.766
 47  F81+G4        13191.002    102 26586.005    26610.268    27083.384
 48  F81+I+G4      13186.229    103 26578.457    26603.225    27080.712
 69  F81+F+G4      13186.706    105 26583.413    26609.207    27095.421
 70  F81+F+I+G4    13182.064    106 26576.128    26602.443    27093.012
 91  K2P+G4        12808.767    103 25823.535    25848.302    26325.790
 92  K2P+I+G4      12805.107    104 25818.213    25843.491    26325.345
113  K2P+G4        12808.767    103 25823.535    25848.302    26325.790
114  K2P+I+G4      12805.107    104 25818.213    25843.491    26325.345
135  HKY+G4        12808.768    103 25823.536    25848.304    26325.791
136  HKY+I+G4      12805.107    104 25818.214    25843.491    26325.345
157  HKY+F+G4      12803.641    106 25819.282    25845.597    26336.166
158  HKY+F+I+G4    12800.258    107 25814.515    25841.359    26336.276
179  TNe+G4        12808.208    104 25824.416    25849.694    26331.548
180  TNe+I+G4      12804.509    105 25819.019    25844.813    26331.027
201  TNe+G4        12808.208    104 25824.416    25849.694    26331.548
202  TNe+I+G4      12804.509    105 25819.019    25844.813    26331.027
223  TN+G4         12808.209    104 25824.418    25849.696    26331.549
224  TN+I+G4       12804.508    105 25819.016    25844.810    26331.024
245  TN+F+G4       12800.982    107 25815.963    25842.806    26337.723
246  TN+F+I+G4     12797.538    108 25811.077    25838.453    26337.713
267  K3P+G4        12807.421    104 25822.841    25848.119    26329.973
268  K3P+I+G4      12803.835    105 25817.670    25843.464    26329.678
289  K3P+G4        12807.421    104 25822.841    25848.119    26329.973
290  K3P+I+G4      12803.835    105 25817.670    25843.464    26329.678
311  K3Pu+G4       12807.421    104 25822.842    25848.120    26329.973
312  K3Pu+I+G4     12803.836    105 25817.671    25843.465    26329.679
333  K3Pu+F+G4     12802.360    107 25818.720    25845.564    26340.481
334  K3Pu+F+I+G4   12799.048    108 25814.097    25841.474    26340.733
355  TPM2+G4       12808.095    104 25824.190    25849.468    26331.322
356  TPM2+I+G4     12804.458    105 25818.916    25844.710    26330.924
377  TPM2+G4       12808.095    104 25824.190    25849.468    26331.322
378  TPM2+I+G4     12804.458    105 25818.916    25844.710    26330.924
399  TPM2u+G4      12808.097    104 25824.194    25849.472    26331.326
400  TPM2u+I+G4    12804.458    105 25818.917    25844.710    26330.924
421  TPM2u+F+G4    12803.067    107 25820.133    25846.976    26341.893
422  TPM2u+F+I+G4  12799.707    108 25815.415    25842.792    26342.052
443  TPM3+G4       12801.671    104 25811.343    25836.621    26318.474
444  TPM3+I+G4     12797.617    105 25805.235    25831.029    26317.243
465  TPM3+G4       12801.671    104 25811.343    25836.621    26318.474
466  TPM3+I+G4     12797.617    105 25805.235    25831.029    26317.243
487  TPM3u+G4      12801.671    104 25811.342    25836.620    26318.473
488  TPM3u+I+G4    12797.616    105 25805.232    25831.026    26317.240
509  TPM3u+F+G4    12800.605    107 25815.210    25842.053    26336.970
510  TPM3u+F+I+G4  12796.966    108 25809.932    25837.309    26336.569
531  TIMe+G4       12806.870    105 25823.740    25849.534    26335.748
532  TIMe+I+G4     12803.244    106 25818.488    25844.804    26335.372
553  TIMe+G4       12806.870    105 25823.740    25849.534    26335.748
554  TIMe+I+G4     12803.244    106 25818.488    25844.804    26335.372
575  TIM+G4        12806.871    105 25823.742    25849.535    26335.749
576  TIM+I+G4      12803.242    106 25818.483    25844.799    26335.367
597  TIM+F+G4      12799.717    108 25815.434    25842.810    26342.070
598  TIM+F+I+G4    12796.345    109 25810.690    25838.606    26342.203
619  TIM2e+G4      12807.565    105 25825.130    25850.924    26337.138
620  TIM2e+I+G4    12803.893    106 25819.787    25846.102    26336.671
641  TIM2e+G4      12807.565    105 25825.130    25850.924    26337.138
642  TIM2e+I+G4    12803.893    106 25819.787    25846.102    26336.671
663  TIM2+G4       12807.565    105 25825.131    25850.925    26337.139
664  TIM2+I+G4     12803.892    106 25819.784    25846.099    26336.668
685  TIM2+F+G4     12800.460    108 25816.920    25844.297    26343.557
686  TIM2+F+I+G4   12797.037    109 25812.073    25839.989    26343.586
707  TIM3e+G4      12801.135    105 25812.270    25838.064    26324.278
708  TIM3e+I+G4    12797.049    106 25806.099    25832.414    26322.983
729  TIM3e+G4      12801.135    105 25812.270    25838.064    26324.278
730  TIM3e+I+G4    12797.049    106 25806.099    25832.414    26322.983
751  TIM3+G4       12801.135    105 25812.270    25838.063    26324.278
752  TIM3+I+G4     12797.044    106 25806.088    25832.404    26322.973
773  TIM3+F+G4     12798.064    108 25812.128    25839.505    26338.765
774  TIM3+F+I+G4   12794.354    109 25806.709    25834.625    26338.221
795  TVMe+G4       12800.033    106 25812.066    25838.382    26328.950
796  TVMe+I+G4     12796.079    107 25806.158    25833.002    26327.919
817  TVMe+G4       12800.033    106 25812.066    25838.382    26328.950
818  TVMe+I+G4     12796.079    107 25806.158    25833.002    26327.919
839  TVM+G4        12800.033    106 25812.066    25838.382    26328.950
840  TVM+I+G4      12796.075    107 25806.149    25832.993    26327.910
861  TVM+F+G4      12799.048    109 25816.096    25844.013    26347.609
862  TVM+F+I+G4    12795.503    110 25811.005    25839.467    26347.394
883  SYM+G4        12799.529    107 25813.058    25839.901    26334.818
884  SYM+I+G4      12795.518    108 25807.037    25834.414    26333.674
905  SYM+G4        12799.529    107 25813.058    25839.901    26334.818
906  SYM+I+G4      12795.519    108 25807.037    25834.414    26333.674
927  GTR+G4        12799.529    107 25813.059    25839.902    26334.819
928  GTR+I+G4      12795.518    108 25807.036    25834.413    26333.673
949  GTR+F+G4      12796.573    110 25813.145    25841.607    26349.534
950  GTR+F+I+G4    12792.955    111 25807.910    25836.923    26349.175
Akaike Information Criterion:           TPM3u+I+G4
Corrected Akaike Information Criterion: TPM3u+I+G4
Bayesian Information Criterion:         TPM3u+I+G4
Best-fit model: TPM3u+I+G4 chosen according to BIC

All model information printed to results_moss_new/07_phylogeny/All/G7128.model.gz
CPU time for ModelFinder: 47.243 seconds (0h:0m:47s)
Wall-clock time for ModelFinder: 42.422 seconds (0h:0m:42s)
Generating 1000 samples for ultrafast bootstrap (seed: 47292)...

NOTE: 8 MB RAM (0 GB) is required!
Estimate model parameters (epsilon = 0.100)
Thoroughly optimizing +I+G parameters from 10 start values...
Init pinv, alpha: 0.000, 1.345 / Estimate: 0.000, 0.919 / LogL: -12800.607
Init pinv, alpha: 0.024, 1.345 / Estimate: 0.028, 1.009 / LogL: -12799.190
Init pinv, alpha: 0.048, 1.345 / Estimate: 0.055, 1.113 / LogL: -12798.013
Init pinv, alpha: 0.073, 1.345 / Estimate: 0.077, 1.217 / LogL: -12797.286
Init pinv, alpha: 0.097, 1.345 / Estimate: 0.097, 1.331 / LogL: -12796.968
Init pinv, alpha: 0.121, 1.345 / Estimate: 0.115, 1.444 / LogL: -12797.117
Init pinv, alpha: 0.145, 1.345 / Estimate: 0.116, 1.457 / LogL: -12797.159
Init pinv, alpha: 0.169, 1.345 / Estimate: 0.115, 1.447 / LogL: -12797.124
Init pinv, alpha: 0.194, 1.345 / Estimate: 0.116, 1.458 / LogL: -12797.160
Init pinv, alpha: 0.218, 1.345 / Estimate: 0.115, 1.447 / LogL: -12797.124
Optimal pinv,alpha: 0.097, 1.331 / LogL: -12796.968

Parameters optimization took 1.118 sec
Wrote distance file to... 
Computing ML distances based on estimated model parameters...
Calculating distance matrix: done in 0.00721697 secs using 99.35% CPU
Computing ML distances took 0.007375 sec (of wall-clock time) 0.007329 sec (of CPU time)
Setting up auxiliary I and S matrices: done in 6.9381e-05 secs using 99.45% CPU
Constructing RapidNJ tree: done in 0.000170201 secs using 99.88% CPU
Computing RapidNJ tree took 0.000259 sec (of wall-clock time) 0.000259 sec (of CPU time)
Log-likelihood of RapidNJ tree: -12897.991
--------------------------------------------------------------------
|             INITIALIZING CANDIDATE TREE SET                      |
--------------------------------------------------------------------
Generating 98 parsimony trees... 0.332 second
Computing log-likelihood of 98 initial trees ... 0.633 seconds
Current best score: -12796.968

Do NNI search on 20 best initial trees
Optimizing NNI: done in 0.0336667 secs using 99.52% CPU
Estimate model parameters (epsilon = 0.100)
BETTER TREE FOUND at iteration 1: -12796.967
Optimizing NNI: done in 0.0821709 secs using 98.27% CPU
Optimizing NNI: done in 0.100185 secs using 98.5% CPU
Estimate model parameters (epsilon = 0.100)
BETTER TREE FOUND at iteration 3: -12796.466
Optimizing NNI: done in 0.085754 secs using 96.09% CPU
Optimizing NNI: done in 0.106383 secs using 98.61% CPU
Optimizing NNI: done in 0.0717354 secs using 99.56% CPU
Optimizing NNI: done in 0.0919315 secs using 99.58% CPU
Optimizing NNI: done in 0.105485 secs using 99.5% CPU
Optimizing NNI: done in 0.106981 secs using 98.6% CPU
Optimizing NNI: done in 0.0971222 secs using 99.49% CPU
Iteration 10 / LogL: -12799.440 / Time: 0h:0m:45s
Optimizing NNI: done in 0.0925031 secs using 99.52% CPU
Optimizing NNI: done in 0.0827762 secs using 99.42% CPU
Optimizing NNI: done in 0.0895706 secs using 98.4% CPU
Optimizing NNI: done in 0.118423 secs using 99.54% CPU
Estimate model parameters (epsilon = 0.100)
BETTER TREE FOUND at iteration 14: -12794.099
Optimizing NNI: done in 0.0890046 secs using 98.47% CPU
Optimizing NNI: done in 0.0974883 secs using 97.49% CPU
Optimizing NNI: done in 0.101594 secs using 99.52% CPU
Optimizing NNI: done in 0.110979 secs using 98.65% CPU
Estimate model parameters (epsilon = 0.100)
BETTER TREE FOUND at iteration 18: -12793.835
Optimizing NNI: done in 0.0928016 secs using 98.46% CPU
Optimizing NNI: done in 0.0965456 secs using 99.54% CPU
Iteration 20 / LogL: -12800.661 / Time: 0h:0m:46s
Finish initializing candidate tree set (18)
Current best tree score: -12793.835 / CPU time: 2.939
Number of iterations: 20
--------------------------------------------------------------------
|               OPTIMIZING CANDIDATE TREE SET                      |
--------------------------------------------------------------------
Optimizing NNI: done in 0.174513 secs using 99.5% CPU
Optimizing NNI: done in 0.138335 secs using 98.84% CPU
Estimate model parameters (epsilon = 0.100)
BETTER TREE FOUND at iteration 22: -12791.435
Optimizing NNI: done in 0.152299 secs using 99.55% CPU
Optimizing NNI: done in 0.125775 secs using 99.56% CPU
Optimizing NNI: done in 0.149737 secs using 98.89% CPU
Optimizing NNI: done in 0.103803 secs using 98.57% CPU
Optimizing NNI: done in 0.0882257 secs using 99.53% CPU
Optimizing NNI: done in 0.102748 secs using 99.57% CPU
Optimizing NNI: done in 0.13385 secs using 99.49% CPU
Optimizing NNI: done in 0.150678 secs using 98.87% CPU
Estimate model parameters (epsilon = 0.100)
BETTER TREE FOUND at iteration 30: -12788.718
Iteration 30 / LogL: -12788.718 / Time: 0h:0m:47s (0h:0m:19s left)
Optimizing NNI: done in 0.148986 secs using 98.81% CPU
Optimizing NNI: done in 0.125398 secs using 97.97% CPU
Optimizing NNI: done in 0.16058 secs using 99.52% CPU
Optimizing NNI: done in 0.110078 secs using 98.6% CPU
Optimizing NNI: done in 0.145293 secs using 98.86% CPU
Optimizing NNI: done in 0.192849 secs using 99.5% CPU
Optimizing NNI: done in 0.162774 secs using 98.93% CPU
UPDATE BEST LOG-LIKELIHOOD: -12788.718
Optimizing NNI: done in 0.112446 secs using 99.5% CPU
Optimizing NNI: done in 0.164326 secs using 99.51% CPU
Optimizing NNI: done in 0.102891 secs using 99.57% CPU
Iteration 40 / LogL: -12796.685 / Time: 0h:0m:49s (0h:0m:16s left)
Optimizing NNI: done in 0.113135 secs using 98.64% CPU
Optimizing NNI: done in 0.15228 secs using 99.5% CPU
Optimizing NNI: done in 0.167908 secs using 98.33% CPU
Optimizing NNI: done in 0.105284 secs using 97.59% CPU
Optimizing NNI: done in 0.163465 secs using 98.91% CPU
Optimizing NNI: done in 0.191951 secs using 99.53% CPU
Optimizing NNI: done in 0.13564 secs using 99.53% CPU
Optimizing NNI: done in 0.125114 secs using 98.7% CPU
Optimizing NNI: done in 0.101961 secs using 99.48% CPU
Optimizing NNI: done in 0.240916 secs using 99.54% CPU
Iteration 50 / LogL: -12788.718 / Time: 0h:0m:50s (0h:0m:13s left)
Log-likelihood cutoff on original alignment: -12823.452
Optimizing NNI: done in 0.12128 secs using 98.74% CPU
Optimizing NNI: done in 0.165021 secs using 98.96% CPU
Optimizing NNI: done in 0.10529 secs using 99.52% CPU
Optimizing NNI: done in 0.126174 secs using 99.55% CPU
Optimizing NNI: done in 0.0847057 secs using 99.48% CPU
Optimizing NNI: done in 0.155304 secs using 97.64% CPU
Optimizing NNI: done in 0.094942 secs using 99.45% CPU
Optimizing NNI: done in 0.141986 secs using 98.84% CPU
Optimizing NNI: done in 0.190928 secs using 99.02% CPU
Optimizing NNI: done in 0.129266 secs using 99.52% CPU
Iteration 60 / LogL: -12791.465 / Time: 0h:0m:52s (0h:0m:11s left)
Optimizing NNI: done in 0.177296 secs using 97.81% CPU
Optimizing NNI: done in 0.117233 secs using 99.55% CPU
Optimizing NNI: done in 0.151527 secs using 98.24% CPU
Optimizing NNI: done in 0.15775 secs using 98.29% CPU
Optimizing NNI: done in 0.159606 secs using 98.27% CPU
Optimizing NNI: done in 0.12375 secs using 98.72% CPU
Optimizing NNI: done in 0.116067 secs using 98.68% CPU
Optimizing NNI: done in 0.197132 secs using 98.53% CPU
Optimizing NNI: done in 0.113862 secs using 98.66% CPU
Optimizing NNI: done in 0.142138 secs using 99.54% CPU
Iteration 70 / LogL: -12788.900 / Time: 0h:0m:53s (0h:0m:9s left)
Optimizing NNI: done in 0.11023 secs using 97.75% CPU
Optimizing NNI: done in 0.111456 secs using 99.54% CPU
Optimizing NNI: done in 0.140036 secs using 99.54% CPU
Optimizing NNI: done in 0.165465 secs using 98.95% CPU
Optimizing NNI: done in 0.116022 secs using 97.82% CPU
Optimizing NNI: done in 0.109794 secs using 99.53% CPU
Optimizing NNI: done in 0.155622 secs using 98.27% CPU
Optimizing NNI: done in 0.138085 secs using 98.8% CPU
Optimizing NNI: done in 0.146585 secs using 99.54% CPU
UPDATE BEST LOG-LIKELIHOOD: -12788.718
Optimizing NNI: done in 0.0987919 secs using 99.56% CPU
Iteration 80 / LogL: -12795.739 / Time: 0h:0m:55s (0h:0m:8s left)
Optimizing NNI: done in 0.137815 secs using 99.52% CPU
Optimizing NNI: done in 0.14055 secs using 99.53% CPU
Optimizing NNI: done in 0.168752 secs using 98.98% CPU
Optimizing NNI: done in 0.144805 secs using 98.75% CPU
Optimizing NNI: done in 0.160638 secs using 99.45% CPU
Optimizing NNI: done in 0.144465 secs using 99.51% CPU
Optimizing NNI: done in 0.139009 secs using 96.68% CPU
Optimizing NNI: done in 0.146959 secs using 99.54% CPU
Optimizing NNI: done in 0.184904 secs using 99.54% CPU
Optimizing NNI: done in 0.131633 secs using 99.54% CPU
Iteration 90 / LogL: -12788.722 / Time: 0h:0m:56s (0h:0m:6s left)
Optimizing NNI: done in 0.139251 secs using 98.82% CPU
Optimizing NNI: done in 0.189957 secs using 99.02% CPU
Optimizing NNI: done in 0.134168 secs using 98.07% CPU
Optimizing NNI: done in 0.172205 secs using 98.95% CPU
Optimizing NNI: done in 0.108287 secs using 98.61% CPU
Optimizing NNI: done in 0.15432 secs using 98.89% CPU
Optimizing NNI: done in 0.167859 secs using 99.54% CPU
Optimizing NNI: done in 0.0951186 secs using 99.54% CPU
Optimizing NNI: done in 0.120345 secs using 97.88% CPU
Optimizing NNI: done in 0.130688 secs using 98.79% CPU
Iteration 100 / LogL: -12788.878 / Time: 0h:0m:58s (0h:0m:4s left)
Log-likelihood cutoff on original alignment: -12822.882
NOTE: Bootstrap correlation coefficient of split occurrence frequencies: 0.998
Optimizing NNI: done in 0.119073 secs using 98.68% CPU
Optimizing NNI: done in 0.183795 secs using 98.44% CPU
Optimizing NNI: done in 0.139316 secs using 98.12% CPU
Optimizing NNI: done in 0.138464 secs using 97.39% CPU
Optimizing NNI: done in 0.135453 secs using 98.04% CPU
Optimizing NNI: done in 0.130108 secs using 97.25% CPU
Optimizing NNI: done in 0.129383 secs using 96.44% CPU
Optimizing NNI: done in 0.131892 secs using 99.52% CPU
Optimizing NNI: done in 0.0750457 secs using 99.51% CPU
Optimizing NNI: done in 0.101372 secs using 99.53% CPU
Iteration 110 / LogL: -12792.260 / Time: 0h:0m:59s (0h:0m:14s left)
Optimizing NNI: done in 0.144085 secs using 98.15% CPU
Optimizing NNI: done in 0.154062 secs using 98.88% CPU
Optimizing NNI: done in 0.119988 secs using 98.7% CPU
Optimizing NNI: done in 0.129265 secs using 99.5% CPU
Optimizing NNI: done in 0.170327 secs using 98.38% CPU
Optimizing NNI: done in 0.141252 secs using 98.78% CPU
Optimizing NNI: done in 0.107812 secs using 98.6% CPU
Optimizing NNI: done in 0.114191 secs using 97.78% CPU
Optimizing NNI: done in 0.116769 secs using 97.84% CPU
Optimizing NNI: done in 0.156722 secs using 98.31% CPU
Iteration 120 / LogL: -12788.719 / Time: 0h:1m:0s (0h:0m:12s left)
Optimizing NNI: done in 0.144928 secs using 98.89% CPU
Optimizing NNI: done in 0.14433 secs using 97.49% CPU
UPDATE BEST LOG-LIKELIHOOD: -12788.717
Optimizing NNI: done in 0.145854 secs using 98.19% CPU
Optimizing NNI: done in 0.127357 secs using 98.75% CPU
Optimizing NNI: done in 0.155642 secs using 97.63% CPU
Optimizing NNI: done in 0.156323 secs using 99.53% CPU
Optimizing NNI: done in 0.110538 secs using 98.48% CPU
Optimizing NNI: done in 0.128809 secs using 98.77% CPU
Optimizing NNI: done in 0.130877 secs using 98.79% CPU
Optimizing NNI: done in 0.117996 secs using 99.57% CPU
Iteration 130 / LogL: -12901.658 / Time: 0h:1m:2s (0h:0m:10s left)
Optimizing NNI: done in 0.141812 secs using 99.56% CPU
TREE SEARCH COMPLETED AFTER 131 ITERATIONS / Time: 0h:1m:2s

--------------------------------------------------------------------
|                    FINALIZING TREE SEARCH                        |
--------------------------------------------------------------------
Performs final model parameters optimization
Estimate model parameters (epsilon = 0.010)
1. Initial log-likelihood: -12788.717
Optimal log-likelihood: -12788.717
Rate parameters:  A-C: 0.79707  A-G: 3.22323  A-T: 1.00000  C-G: 0.79707  C-T: 3.22323  G-T: 1.00000
Base frequencies:  A: 0.256  C: 0.228  G: 0.259  T: 0.258
Proportion of invariable sites: 0.099
Gamma shape alpha: 1.315
Parameters optimization took 1 rounds (0.021 sec)
BEST SCORE FOUND : -12788.717
Creating bootstrap support values...
Split supports printed to NEXUS file results_moss_new/07_phylogeny/All/G7128.splits.nex
Total tree length: 4.209

Total number of iterations: 131
CPU time used for tree search: 18.697 sec (0h:0m:18s)
Wall-clock time used for tree search: 18.935 sec (0h:0m:18s)
Total CPU time used: 67.211 sec (0h:1m:7s)
Total wall-clock time used: 62.640 sec (0h:1m:2s)

Computing bootstrap consensus tree...
Reading input file results_moss_new/07_phylogeny/All/G7128.splits.nex...
52 taxa and 355 splits.
Consensus tree written to results_moss_new/07_phylogeny/All/G7128.contree
Reading input trees file results_moss_new/07_phylogeny/All/G7128.contree
Log-likelihood of consensus tree: -12788.719

Analysis results written to: 
  IQ-TREE report:                results_moss_new/07_phylogeny/All/G7128.iqtree
  Maximum-likelihood tree:       results_moss_new/07_phylogeny/All/G7128.treefile
  Likelihood distances:          results_moss_new/07_phylogeny/All/G7128.mldist

Ultrafast bootstrap approximation results written to:
  Split support values:          results_moss_new/07_phylogeny/All/G7128.splits.nex
  Consensus tree:                results_moss_new/07_phylogeny/All/G7128.contree
  Screen log file:               results_moss_new/07_phylogeny/All/G7128.log

Date and Time: Thu Jun 11 23:25:43 2026
