IQ-TREE version 3.0.1 for Linux x86 64-bit built Jul  9 2025
Developed by Bui Quang Minh, Thomas Wong, Nhan Ly-Trong, Huaiyan Ren
Contributed by Lam-Tung Nguyen, Dominik Schrempf, Chris Bielow,
Olga Chernomor, Michael Woodhams, Diep Thi Hoang, Heiko Schmidt

Host:    c0711a-s19.ufhpc (AVX2, FMA3, 503 GB RAM)
Command: iqtree -s results_moss_new/06_alignment/All/trimmed/G7279.trimmed.aln --prefix results_moss_new/07_phylogeny/All/G7279 -m MFP -B 1000 -T AUTO
Seed:    767301 (Using SPRNG - Scalable Parallel Random Number Generator)
Time:    Fri Jun 12 06:34:23 2026
Kernel:  AVX+FMA - auto-detect threads (8 CPU cores detected)

Reading alignment file results_moss_new/06_alignment/All/trimmed/G7279.trimmed.aln ... Fasta format detected
Reading fasta file: done in 0.000619388 secs using 33.26% CPU
Alignment most likely contains DNA/RNA sequences
Constructing alignment: done in 0.000513288 secs using 90.01% CPU
Alignment has 66 sequences with 781 columns, 532 distinct patterns
486 parsimony-informative, 41 singleton sites, 254 constant sites
                  Gap/Ambiguity  Composition  p-value
Analyzing sequences: done in 5.0355e-05 secs using 99.3% CPU
   1  S0012_G7279_R1_A    0.77%    passed     95.10%
   2  S0046_G7279_R1_A    1.66%    passed     99.50%
   3  S0021_G7279_R1_U    0.13%    passed     99.63%
   4  S0020_G7279_R1_A    0.51%    passed     98.43%
   5  S0026_G7279_R1_A    0.13%    passed     94.23%
   6  S0023_G7279_R1_A    4.35%    passed     94.55%
   7  S0028_G7279_R1_A    0.90%    passed     98.04%
   8  S0036_G7279_R1_U    0.51%    passed     94.45%
   9  S0002_G7279_R1_A    0.77%    passed     96.28%
  10  S0019_G7279_R1_A    0.64%    passed     97.24%
  11  S0013_G7279_R1_A    0.13%    passed     99.07%
  12  S0004_G7279_R1_A    0.13%    passed     96.60%
  13  S0021_G7279_R4_U    0.13%    passed     99.63%
  14  S0021_G7279_R3_A    0.26%    passed     99.83%
  15  S0016_G7279_R1_A    0.26%    passed     98.24%
  16  S0050_G7279_R1_A    0.13%    passed     91.94%
  17  S0048_G7279_R1_A    2.30%    passed     88.13%
  18  S0037_G7279_R1_A    0.26%    passed     91.92%
  19  S0018_G7279_R1_A    0.13%    passed     98.27%
  20  S0031_G7279_R1_A    0.38%    passed     97.63%
  21  S0030_G7279_R1_A    0.13%    passed     94.36%
  22  S0017_G7279_R1_A    0.26%    passed     87.22%
  23  S0021_G7279_R2_A    0.38%    passed     99.93%
  24  S0022_G7279_R1_A    0.13%    passed     89.29%
  25  S0011_G7279_R1_A    0.13%    passed     90.75%
  26  S0035_G7279_R1_A    0.26%    passed     92.29%
  27  S0005_G7279_R1_A    0.13%    passed     96.96%
  28  S0005_G7279_R2_A    0.13%    passed     96.96%
  29  S0033_G7279_R1_A    0.13%    passed     86.87%
  30  S0033_G7279_R2_A    0.13%    passed     86.87%
  31  S0006_G7279_R1_A    7.04%    passed     40.84%
  32  S0015_G7279_R1_A    2.82%    passed     98.87%
  33  S0008_G7279_R1_A    3.59%    passed     49.43%
  34  S0027_G7279_R1_U    2.43%    passed     68.91%
  35  S0014_G7279_R1_U    2.56%    passed     93.31%
  36  S0014_G7279_R2_U    2.56%    passed     93.31%
  37  S0009_G7279_R1_A    0.38%    passed     78.21%
  38  S0010_G7279_R1_A    0.38%    passed     78.21%
  39  S0034_G7279_R1_A    3.20%    passed     99.56%
  40  S0051_G7279_R1_A    1.92%    passed     98.25%
  41  S0039_G7279_R1_A    1.92%    passed     99.13%
  42  S0049_G7279_R1_A    4.10%    passed     31.22%
  43  S0049_G7279_R2_A   20.10%    passed     50.76%
  44  S0025_G7279_R1_A    2.05%    passed     26.89%
  45  S0029_G7279_R1_A    2.05%    passed     27.92%
  46  S0025_G7279_R2_A    2.05%    passed     26.89%
  47  S0029_G7279_R2_A    2.05%    passed     27.92%
  48  S0032_G7279_R1_N    1.66%    passed     15.86%
  49  S0024_G7279_R1_A    3.59%    passed     20.67%
  50  S0032_G7279_R2_N    3.46%    passed     27.40%
  51  S0001_G7279_R1_A    3.97%    passed      7.72%
  52  S0001_G7279_R2_A    2.69%    passed      6.18%
  53  S0003_G7279_R1_N    8.07%    passed     94.28%
  54  S0038_G7279_R4_A    7.17%    passed     33.90%
  55  S0038_G7279_R1_A   19.59%    passed     11.55%
  56  S0042_G7279_R1_N   19.59%    passed     11.18%
  57  S0038_G7279_R3_A    5.12%    passed     34.28%
  58  S0043_G7279_R3_N   19.59%    passed      6.93%
  59  S0047_G7279_R1_N   19.59%    passed     19.04%
  60  S0040_G7279_R1_N   20.10%    passed      5.75%
  61  S0045_G7279_R1_A   20.10%    passed     17.16%
  62  S0038_G7279_R2_A   20.10%    passed     10.02%
  63  S0043_G7279_R1_N   20.10%    passed     12.77%
  64  S0041_G7279_R1_N   20.10%    passed     19.79%
  65  S0043_G7279_R4_N    6.02%    passed     35.43%
  66  S0044_G7279_R1_N    5.12%    passed     56.68%
****  TOTAL               4.59%  0 sequences failed composition chi2 test (p-value<5%; df=3)
NOTE: S0021_G7279_R4_U is identical to S0021_G7279_R1_U but kept for subsequent analysis
NOTE: S0005_G7279_R2_A is identical to S0005_G7279_R1_A but kept for subsequent analysis
NOTE: S0033_G7279_R2_A is identical to S0033_G7279_R1_A but kept for subsequent analysis
NOTE: S0014_G7279_R2_U is identical to S0014_G7279_R1_U but kept for subsequent analysis
NOTE: S0010_G7279_R1_A is identical to S0009_G7279_R1_A but kept for subsequent analysis
NOTE: S0025_G7279_R2_A is identical to S0025_G7279_R1_A but kept for subsequent analysis
NOTE: S0029_G7279_R2_A is identical to S0029_G7279_R1_A but kept for subsequent analysis
Checking for duplicate sequences: done in 0.000120277 secs using 99.77% CPU


Create initial parsimony tree by phylogenetic likelihood library (PLL)... 0.003 seconds
Measuring multi-threading efficiency up to 8 CPU cores
Increase to 10 rounds for branch lengths
174 trees examined
Threads: 1 / Time: 8.013 sec / Speedup: 1.000 / Efficiency: 100% / LogL: -20971
Threads: 2 / Time: 30.798 sec / Speedup: 0.260 / Efficiency: 13% / LogL: -20971
Determining AUTO threadcount: done in 38.811 secs using 112% CPU
BEST NUMBER OF THREADS: 1

Perform fast likelihood tree search using GTR+I+G model...
Estimate model parameters (epsilon = 5.000)
Perform nearest neighbor interchange...
Optimizing NNI: done in 0.0536367 secs using 95.7% CPU
Estimate model parameters (epsilon = 1.000)
1. Initial log-likelihood: -9268.040
2. Current log-likelihood: -9266.906
3. Current log-likelihood: -9265.887
Optimal log-likelihood: -9264.815
Rate parameters:  A-C: 1.60141  A-G: 3.95591  A-T: 1.38477  C-G: 1.31807  C-T: 5.46326  G-T: 1.00000
Base frequencies:  A: 0.257  C: 0.176  G: 0.273  T: 0.294
Proportion of invariable sites: 0.218
Gamma shape alpha: 1.747
Parameters optimization took 3 rounds (0.110 sec)
Time for fast ML tree search: 0.322 seconds

NOTE: ModelFinder requires 13 MB RAM!
ModelFinder will test up to 968 DNA models (sample size: 781 epsilon: 0.100) ...
 No. Model         -LnL         df  AIC          AICc         BIC
  1  JC            9904.318     129 20066.635    20118.156    20667.849
  2  JC+I          9598.080     130 19456.160    19508.560    20062.035
  3  JC+G4         9580.407     130 19420.814    19473.214    20026.688
  4  JC+I+G4       9558.585     131 19379.171    19432.459    19989.706
  5  JC+R2         9578.101     131 19418.202    19471.490    20028.737
  6  JC+R3         9566.690     133 19399.380    19454.472    20019.237
  7  JC+R4         9561.125     135 19392.249    19449.180    20021.427
 14  JC+I+R2       9559.386     132 19382.772    19436.957    19997.968
 15  JC+I+R3       9558.538     134 19385.076    19441.083    20009.594
 26  JC+I+G4       9558.585     131 19379.171    19432.459    19989.706
 36  JC+I+R2       9559.386     132 19382.772    19436.957    19997.968
 48  F81+I+G4      9558.596     131 19379.192    19432.480    19989.727
 58  F81+I+R2      9559.308     132 19382.616    19436.801    19997.812
 70  F81+F+I+G4    9549.610     134 19367.220    19423.227    19991.737
 80  F81+F+I+R2    9549.992     135 19369.985    19426.915    19999.162
 92  K2P+I+G4      9301.740     132 18867.480    18921.665    19482.676
102  K2P+I+R2      9302.316     133 18870.631    18925.723    19490.488
114  K2P+I+G4      9301.740     132 18867.480    18921.665    19482.676
124  K2P+I+R2      9302.316     133 18870.631    18925.723    19490.488
136  HKY+I+G4      9301.739     132 18867.478    18921.663    19482.674
146  HKY+I+R2      9302.285     133 18870.571    18925.662    19490.427
158  HKY+F+I+G4    9275.801     135 18821.601    18878.531    19450.779
168  HKY+F+I+R2    9276.065     136 18824.130    18881.993    19457.968
180  TNe+I+G4      9301.621     133 18869.241    18924.333    19489.098
190  TNe+I+R2      9302.317     134 18872.634    18928.640    19497.151
202  TNe+I+G4      9301.621     133 18869.241    18924.333    19489.098
212  TNe+I+R2      9302.317     134 18872.634    18928.640    19497.151
224  TN+I+G4       9301.620     133 18869.239    18924.330    19489.096
234  TN+I+R2       9302.135     134 18872.271    18928.277    19496.788
246  TN+F+I+G4     9269.330     136 18810.659    18868.522    19444.497
256  TN+F+I+R2     9269.702     137 18813.404    18872.209    19451.902
268  K3P+I+G4      9301.144     133 18868.287    18923.378    19488.144
278  K3P+I+R2      9301.677     134 18871.353    18927.359    19495.870
290  K3P+I+G4      9301.144     133 18868.287    18923.378    19488.144
300  K3P+I+R2      9301.677     134 18871.353    18927.359    19495.870
312  K3Pu+I+G4     9301.146     133 18868.291    18923.383    19488.148
322  K3Pu+I+R2     9301.658     134 18871.317    18927.323    19495.834
334  K3Pu+F+I+G4   9275.110     136 18822.221    18880.084    19456.059
344  K3Pu+F+I+R2   9275.442     137 18824.884    18883.690    19463.383
356  TPM2+I+G4     9299.180     133 18864.359    18919.451    19484.216
366  TPM2+I+R2     9299.929     134 18867.857    18923.864    19492.375
378  TPM2+I+G4     9299.180     133 18864.359    18919.451    19484.216
388  TPM2+I+R2     9299.929     134 18867.857    18923.864    19492.375
400  TPM2u+I+G4    9299.181     133 18864.362    18919.453    19484.219
410  TPM2u+I+R2    9299.910     134 18867.819    18923.826    19492.336
422  TPM2u+F+I+G4  9271.934     136 18815.867    18873.730    19449.705
432  TPM2u+F+I+R2  9272.550     137 18819.099    18877.905    19457.598
444  TPM3+I+G4     9298.745     133 18863.490    18918.582    19483.347
454  TPM3+I+R2     9299.358     134 18866.716    18922.723    19491.233
466  TPM3+I+G4     9298.745     133 18863.490    18918.582    19483.347
476  TPM3+I+R2     9299.358     134 18866.716    18922.723    19491.233
488  TPM3u+I+G4    9298.745     133 18863.491    18918.582    19483.347
498  TPM3u+I+R2    9299.332     134 18866.663    18922.669    19491.180
510  TPM3u+F+I+G4  9274.167     136 18820.335    18878.198    19454.173
520  TPM3u+F+I+R2  9274.392     137 18822.785    18881.591    19461.284
532  TIMe+I+G4     9301.027     134 18870.054    18926.061    19494.571
542  TIMe+I+R2     9301.542     135 18873.083    18930.013    19502.261
554  TIMe+I+G4     9301.027     134 18870.054    18926.061    19494.571
564  TIMe+I+R2     9301.542     135 18873.083    18930.013    19502.261
576  TIM+I+G4      9301.027     134 18870.053    18926.059    19494.570
586  TIM+I+R2      9301.525     135 18873.050    18929.980    19502.227
598  TIM+F+I+G4    9268.618     137 18811.236    18870.042    19449.735
608  TIM+F+I+R2    9269.052     138 18814.105    18873.862    19457.264
620  TIM2e+I+G4    9299.045     134 18866.090    18922.096    19490.607
630  TIM2e+I+R2    9299.896     135 18869.791    18926.721    19498.969
642  TIM2e+I+G4    9299.045     134 18866.090    18922.096    19490.607
652  TIM2e+I+R2    9299.896     135 18869.791    18926.721    19498.969
664  TIM2+I+G4     9299.045     134 18866.089    18922.095    19490.606
674  TIM2+I+R2     9299.857     135 18869.713    18926.644    19498.891
686  TIM2+F+I+G4   9265.377     137 18804.755    18863.560    19443.253
696  TIM2+F+I+R2   9266.071     138 18808.142    18867.899    19451.301
708  TIM3e+I+G4    9298.597     134 18865.194    18921.200    19489.711
718  TIM3e+I+R2    9299.331     135 18868.661    18925.592    19497.839
730  TIM3e+I+G4    9298.597     134 18865.194    18921.200    19489.711
740  TIM3e+I+R2    9299.331     135 18868.661    18925.592    19497.839
752  TIM3+I+G4     9298.596     134 18865.192    18921.199    19489.709
762  TIM3+I+R2     9299.280     135 18868.559    18925.489    19497.737
774  TIM3+F+I+G4   9267.487     137 18808.974    18867.780    19447.473
784  TIM3+F+I+R2   9267.763     138 18811.525    18871.282    19454.684
796  TVMe+I+G4     9295.914     135 18861.828    18918.758    19491.005
806  TVMe+I+R2     9296.872     136 18865.743    18923.607    19499.582
818  TVMe+I+G4     9295.914     135 18861.828    18918.758    19491.005
828  TVMe+I+R2     9296.872     136 18865.743    18923.607    19499.582
840  TVM+I+G4      9295.911     135 18861.822    18918.752    19490.999
850  TVM+I+R2      9296.824     136 18865.649    18923.512    19499.487
862  TVM+F+I+G4    9270.161     138 18816.322    18876.079    19459.482
872  TVM+F+I+R2    9270.722     139 18819.444    18880.162    19467.264
884  SYM+I+G4      9295.745     136 18863.491    18921.354    19497.329
894  SYM+I+R2      9296.604     137 18867.208    18926.014    19505.707
906  SYM+I+G4      9295.745     136 18863.491    18921.354    19497.329
916  SYM+I+R2      9296.604     137 18867.208    18926.014    19505.707
928  GTR+I+G4      9295.746     136 18863.491    18921.354    19497.329
938  GTR+I+R2      9296.574     137 18867.148    18925.954    19505.647
950  GTR+F+I+G4    9263.414     139 18804.828    18865.545    19452.647
960  GTR+F+I+R2    9264.040     140 18808.079    18869.767    19460.560
Akaike Information Criterion:           TIM2+F+I+G4
Corrected Akaike Information Criterion: TIM2+F+I+G4
Bayesian Information Criterion:         TIM2+F+I+G4
Best-fit model: TIM2+F+I+G4 chosen according to BIC

All model information printed to results_moss_new/07_phylogeny/All/G7279.model.gz
CPU time for ModelFinder: 48.936 seconds (0h:0m:48s)
Wall-clock time for ModelFinder: 44.343 seconds (0h:0m:44s)
Generating 1000 samples for ultrafast bootstrap (seed: 767301)...

NOTE: 6 MB RAM (0 GB) is required!
Estimate model parameters (epsilon = 0.100)
Thoroughly optimizing +I+G parameters from 10 start values...
Init pinv, alpha: 0.000, 2.266 / Estimate: 0.000, 0.724 / LogL: -9283.516
Init pinv, alpha: 0.036, 2.266 / Estimate: 0.251, 2.199 / LogL: -9265.409
Init pinv, alpha: 0.072, 2.266 / Estimate: 0.253, 2.224 / LogL: -9265.390
Init pinv, alpha: 0.108, 2.266 / Estimate: 0.253, 2.227 / LogL: -9265.390
Init pinv, alpha: 0.145, 2.266 / Estimate: 0.251, 2.200 / LogL: -9265.413
Init pinv, alpha: 0.181, 2.266 / Estimate: 0.252, 2.218 / LogL: -9265.399
Init pinv, alpha: 0.217, 2.266 / Estimate: 0.251, 2.196 / LogL: -9265.421
Init pinv, alpha: 0.253, 2.266 / Estimate: 0.255, 2.274 / LogL: -9265.376
Init pinv, alpha: 0.289, 2.266 / Estimate: 0.261, 2.368 / LogL: -9265.398
Init pinv, alpha: 0.325, 2.266 / Estimate: 0.261, 2.368 / LogL: -9265.400
Optimal pinv,alpha: 0.255, 2.274 / LogL: -9265.376

Parameters optimization took 2.605 sec
Wrote distance file to... 
Computing ML distances based on estimated model parameters...
Calculating distance matrix: done in 0.0133302 secs using 99.43% CPU
Computing ML distances took 0.013421 sec (of wall-clock time) 0.013349 sec (of CPU time)
Setting up auxiliary I and S matrices: done in 0.000135114 secs using 135.4% CPU
Constructing RapidNJ tree: done in 0.000233868 secs using 10.69% CPU
Computing RapidNJ tree took 0.000420 sec (of wall-clock time) 0.000250 sec (of CPU time)
Log-likelihood of RapidNJ tree: -9465.147
--------------------------------------------------------------------
|             INITIALIZING CANDIDATE TREE SET                      |
--------------------------------------------------------------------
Generating 98 parsimony trees... 0.357 second
Computing log-likelihood of 98 initial trees ... 0.519 seconds
Current best score: -9261.243

Do NNI search on 20 best initial trees
Optimizing NNI: done in 0.0766111 secs using 99.54% CPU
Estimate model parameters (epsilon = 0.100)
BETTER TREE FOUND at iteration 1: -9254.436
Optimizing NNI: done in 0.0831164 secs using 99.59% CPU
Optimizing NNI: done in 0.0960055 secs using 99.6% CPU
Optimizing NNI: done in 0.0865057 secs using 99.6% CPU
Optimizing NNI: done in 0.0833982 secs using 99.6% CPU
Optimizing NNI: done in 0.0905248 secs using 98.46% CPU
Optimizing NNI: done in 0.0925593 secs using 98.51% CPU
Optimizing NNI: done in 0.0880244 secs using 98.46% CPU
Optimizing NNI: done in 0.0926687 secs using 99.62% CPU
Optimizing NNI: done in 0.0817454 secs using 99.62% CPU
Iteration 10 / LogL: -9254.441 / Time: 0h:0m:48s
Optimizing NNI: done in 0.0788857 secs using 98.34% CPU
Optimizing NNI: done in 0.0793 secs using 99.6% CPU
Optimizing NNI: done in 0.0861503 secs using 99.53% CPU
Optimizing NNI: done in 0.0959078 secs using 99.58% CPU
Optimizing NNI: done in 0.0788397 secs using 99.6% CPU
Optimizing NNI: done in 0.0904961 secs using 98.53% CPU
Optimizing NNI: done in 0.0928447 secs using 99.58% CPU
Optimizing NNI: done in 0.0997297 secs using 97.58% CPU
Optimizing NNI: done in 0.0776269 secs using 96.99% CPU
Optimizing NNI: done in 0.0743194 secs using 99.55% CPU
Iteration 20 / LogL: -9255.998 / Time: 0h:0m:49s
Finish initializing candidate tree set (10)
Current best tree score: -9254.436 / CPU time: 2.650
Number of iterations: 20
--------------------------------------------------------------------
|               OPTIMIZING CANDIDATE TREE SET                      |
--------------------------------------------------------------------
Optimizing NNI: done in 0.129114 secs using 97.29% CPU
Optimizing NNI: done in 0.142625 secs using 97.47% CPU
Optimizing NNI: done in 0.133717 secs using 98.81% CPU
Optimizing NNI: done in 0.123349 secs using 97.94% CPU
Optimizing NNI: done in 0.119375 secs using 97.9% CPU
Optimizing NNI: done in 0.122623 secs using 97.06% CPU
Optimizing NNI: done in 0.153733 secs using 99.56% CPU
Optimizing NNI: done in 0.181054 secs using 99.53% CPU
Optimizing NNI: done in 0.132208 secs using 97.86% CPU
Optimizing NNI: done in 0.130089 secs using 97.59% CPU
Iteration 30 / LogL: -9269.541 / Time: 0h:0m:51s (0h:0m:16s left)
Optimizing NNI: done in 0.12385 secs using 99.47% CPU
Optimizing NNI: done in 0.136907 secs using 98.82% CPU
Optimizing NNI: done in 0.11179 secs using 99.54% CPU
Optimizing NNI: done in 0.137954 secs using 99.56% CPU
Optimizing NNI: done in 0.122101 secs using 99.55% CPU
Optimizing NNI: done in 0.126677 secs using 99.6% CPU
Optimizing NNI: done in 0.149219 secs using 98.22% CPU
Optimizing NNI: done in 0.119881 secs using 98.74% CPU
Optimizing NNI: done in 0.0941832 secs using 97.44% CPU
Optimizing NNI: done in 0.133446 secs using 98.85% CPU
Iteration 40 / LogL: -9254.465 / Time: 0h:0m:52s (0h:0m:12s left)
Optimizing NNI: done in 0.135351 secs using 98.15% CPU
Optimizing NNI: done in 0.156143 secs using 98.28% CPU
Optimizing NNI: done in 0.14326 secs using 98.19% CPU
Optimizing NNI: done in 0.125225 secs using 97.99% CPU
Optimizing NNI: done in 0.146863 secs using 98.85% CPU
Optimizing NNI: done in 0.160553 secs using 97.69% CPU
Optimizing NNI: done in 0.160565 secs using 99.6% CPU
Optimizing NNI: done in 0.129378 secs using 96.51% CPU
Optimizing NNI: done in 0.171644 secs using 98.41% CPU
Optimizing NNI: done in 0.14294 secs using 98.91% CPU
Iteration 50 / LogL: -9256.056 / Time: 0h:0m:53s (0h:0m:9s left)
Log-likelihood cutoff on original alignment: -9281.696
Optimizing NNI: done in 0.0973969 secs using 98.45% CPU
Optimizing NNI: done in 0.129399 secs using 97.99% CPU
Optimizing NNI: done in 0.125972 secs using 98.76% CPU
Optimizing NNI: done in 0.139678 secs using 98.84% CPU
Optimizing NNI: done in 0.149551 secs using 98.16% CPU
Optimizing NNI: done in 0.158709 secs using 99.53% CPU
Optimizing NNI: done in 0.119502 secs using 98.71% CPU
Optimizing NNI: done in 0.122809 secs using 99.59% CPU
Optimizing NNI: done in 0.189999 secs using 99.1% CPU
Optimizing NNI: done in 0.145867 secs using 98.95% CPU
Iteration 60 / LogL: -9254.603 / Time: 0h:0m:55s (0h:0m:7s left)
Optimizing NNI: done in 0.131456 secs using 98.88% CPU
Optimizing NNI: done in 0.140171 secs using 98.2% CPU
Optimizing NNI: done in 0.135509 secs using 98.88% CPU
Optimizing NNI: done in 0.148982 secs using 85.73% CPU
Optimizing NNI: done in 0.143176 secs using 98.13% CPU
Optimizing NNI: done in 0.128234 secs using 99.58% CPU
Optimizing NNI: done in 0.126385 secs using 99.51% CPU
Optimizing NNI: done in 0.134439 secs using 99.52% CPU
Optimizing NNI: done in 0.0932775 secs using 98.56% CPU
Optimizing NNI: done in 0.122652 secs using 99.62% CPU
Iteration 70 / LogL: -9254.617 / Time: 0h:0m:56s (0h:0m:5s left)
Optimizing NNI: done in 0.131838 secs using 98.83% CPU
Optimizing NNI: done in 0.104849 secs using 98.6% CPU
Optimizing NNI: done in 0.113822 secs using 97.56% CPU
Optimizing NNI: done in 0.187565 secs using 98.29% CPU
Optimizing NNI: done in 0.114019 secs using 99.5% CPU
Optimizing NNI: done in 0.177745 secs using 99% CPU
Optimizing NNI: done in 0.130651 secs using 98.82% CPU
Optimizing NNI: done in 0.116926 secs using 98.73% CPU
Optimizing NNI: done in 0.127469 secs using 99.49% CPU
Optimizing NNI: done in 0.173044 secs using 98.36% CPU
Iteration 80 / LogL: -9254.439 / Time: 0h:0m:58s (0h:0m:3s left)
Optimizing NNI: done in 0.135229 secs using 98.82% CPU
Optimizing NNI: done in 0.139709 secs using 99.52% CPU
Optimizing NNI: done in 0.145909 secs using 98.14% CPU
Optimizing NNI: done in 0.112199 secs using 98.55% CPU
Optimizing NNI: done in 0.140803 secs using 98.76% CPU
Optimizing NNI: done in 0.138743 secs using 98.74% CPU
Optimizing NNI: done in 0.12214 secs using 98.65% CPU
Optimizing NNI: done in 0.166962 secs using 98.9% CPU
Optimizing NNI: done in 0.186177 secs using 99.44% CPU
Optimizing NNI: done in 0.179179 secs using 97.77% CPU
Iteration 90 / LogL: -9254.441 / Time: 0h:0m:59s (0h:0m:1s left)
Optimizing NNI: done in 0.160474 secs using 98.19% CPU
Optimizing NNI: done in 0.134328 secs using 99.45% CPU
Optimizing NNI: done in 0.145529 secs using 99.42% CPU
Optimizing NNI: done in 0.146106 secs using 98.81% CPU
Optimizing NNI: done in 0.129146 secs using 97.95% CPU
Optimizing NNI: done in 0.177266 secs using 97.82% CPU
Optimizing NNI: done in 0.152768 secs using 99.43% CPU
Optimizing NNI: done in 0.122741 secs using 97.86% CPU
Optimizing NNI: done in 0.149483 secs using 98.77% CPU
Optimizing NNI: done in 0.116735 secs using 97.74% CPU
Iteration 100 / LogL: -9265.356 / Time: 0h:1m:1s (0h:0m:0s left)
Log-likelihood cutoff on original alignment: -9284.349
NOTE: Bootstrap correlation coefficient of split occurrence frequencies: 0.998
Optimizing NNI: done in 0.152355 secs using 99.45% CPU
Optimizing NNI: done in 0.140656 secs using 99.43% CPU
TREE SEARCH COMPLETED AFTER 102 ITERATIONS / Time: 0h:1m:1s

--------------------------------------------------------------------
|                    FINALIZING TREE SEARCH                        |
--------------------------------------------------------------------
Performs final model parameters optimization
Estimate model parameters (epsilon = 0.010)
1. Initial log-likelihood: -9254.436
Optimal log-likelihood: -9254.434
Rate parameters:  A-C: 1.29510  A-G: 3.53418  A-T: 1.29510  C-G: 1.00000  C-T: 4.77580  G-T: 1.00000
Base frequencies:  A: 0.257  C: 0.176  G: 0.273  T: 0.294
Proportion of invariable sites: 0.257
Gamma shape alpha: 2.282
Parameters optimization took 1 rounds (0.020 sec)
BEST SCORE FOUND : -9254.434
Creating bootstrap support values...
Split supports printed to NEXUS file results_moss_new/07_phylogeny/All/G7279.splits.nex
Total tree length: 3.067

Total number of iterations: 102
CPU time used for tree search: 14.286 sec (0h:0m:14s)
Wall-clock time used for tree search: 14.497 sec (0h:0m:14s)
Total CPU time used: 65.981 sec (0h:1m:5s)
Total wall-clock time used: 61.628 sec (0h:1m:1s)

Computing bootstrap consensus tree...
Reading input file results_moss_new/07_phylogeny/All/G7279.splits.nex...
66 taxa and 340 splits.
Consensus tree written to results_moss_new/07_phylogeny/All/G7279.contree
Reading input trees file results_moss_new/07_phylogeny/All/G7279.contree
Log-likelihood of consensus tree: -9254.463

Analysis results written to: 
  IQ-TREE report:                results_moss_new/07_phylogeny/All/G7279.iqtree
  Maximum-likelihood tree:       results_moss_new/07_phylogeny/All/G7279.treefile
  Likelihood distances:          results_moss_new/07_phylogeny/All/G7279.mldist

Ultrafast bootstrap approximation results written to:
  Split support values:          results_moss_new/07_phylogeny/All/G7279.splits.nex
  Consensus tree:                results_moss_new/07_phylogeny/All/G7279.contree
  Screen log file:               results_moss_new/07_phylogeny/All/G7279.log

Date and Time: Fri Jun 12 06:35:25 2026
