IQ-TREE version 3.0.1 for Linux x86 64-bit built Jul  9 2025
Developed by Bui Quang Minh, Thomas Wong, Nhan Ly-Trong, Huaiyan Ren
Contributed by Lam-Tung Nguyen, Dominik Schrempf, Chris Bielow,
Olga Chernomor, Michael Woodhams, Diep Thi Hoang, Heiko Schmidt

Host:    c0711a-s19.ufhpc (AVX2, FMA3, 503 GB RAM)
Command: iqtree -s results_moss_new/06_alignment/All/trimmed/G7577.trimmed.aln --prefix results_moss_new/07_phylogeny/All/G7577 -m MFP -B 1000 -T AUTO
Seed:    798381 (Using SPRNG - Scalable Parallel Random Number Generator)
Time:    Fri Jun 12 07:50:28 2026
Kernel:  AVX+FMA - auto-detect threads (8 CPU cores detected)

Reading alignment file results_moss_new/06_alignment/All/trimmed/G7577.trimmed.aln ... Fasta format detected
Reading fasta file: done in 0.000837544 secs using 71.28% CPU
Alignment most likely contains DNA/RNA sequences
Constructing alignment: done in 0.000953 secs using 99.48% CPU
Alignment has 44 sequences with 1595 columns, 1349 distinct patterns
1105 parsimony-informative, 205 singleton sites, 285 constant sites
                  Gap/Ambiguity  Composition  p-value
Analyzing sequences: done in 0.000102704 secs using 99.31% CPU
   1  S0039_G7577_R1_A   24.01%    passed      5.73%
   2  S0051_G7577_R1_A   24.01%    failed      2.97%
   3  S0027_G7577_R1_A   41.00%    failed      0.00%
   4  S0008_G7577_R1_A   24.08%    passed     33.01%
   5  S0009_G7577_R1_A   22.82%    passed     31.06%
   6  S0010_G7577_R1_A   22.70%    passed     47.22%
   7  S0014_G7577_R1_A   24.76%    passed     42.46%
   8  S0034_G7577_R1_A   23.39%    passed     53.69%
   9  S0015_G7577_R1_A   39.69%    failed      0.15%
  10  S0018_G7577_R1_A    1.25%    passed     98.55%
  11  S0031_G7577_R1_A    3.76%    passed     99.46%
  12  S0037_G7577_R1_U    1.57%    passed     97.88%
  13  S0004_G7577_R1_A    1.44%    passed     98.29%
  14  S0023_G7577_R1_A    0.88%    passed     83.03%
  15  S0026_G7577_R1_A    6.52%    passed     20.66%
  16  S0013_G7577_R1_A    1.76%    passed     91.04%
  17  S0046_G7577_R1_A    1.94%    passed     98.08%
  18  S0019_G7577_R1_A   18.12%    passed     73.01%
  19  S0020_G7577_R1_A    6.65%    passed     91.26%
  20  S0002_G7577_R1_A    2.32%    passed     91.88%
  21  S0030_G7577_R1_A    1.44%    passed     90.30%
  22  S0011_G7577_R1_A    5.77%    passed     97.27%
  23  S0022_G7577_R1_A    1.44%    passed     70.70%
  24  S0021_G7577_R2_A    1.44%    passed     64.01%
  25  S0016_G7577_R1_A    1.13%    passed     98.13%
  26  S0050_G7577_R1_A    3.32%    passed     76.18%
  27  S0048_G7577_R1_A    1.13%    passed     85.54%
  28  S0021_G7577_R1_A    1.19%    passed     83.89%
  29  S0012_G7577_R1_A    1.82%    passed     99.06%
  30  S0017_G7577_R1_A    1.19%    passed     88.60%
  31  S0036_G7577_R1_A    6.71%    passed     76.37%
  32  S0028_G7577_R1_A    3.20%    passed     96.69%
  33  S0005_G7577_R1_A   17.30%    passed     43.78%
  34  S0033_G7577_R1_A   27.71%    passed     99.65%
  35  S0035_G7577_R1_A    5.77%    passed     91.41%
  36  S0006_G7577_R1_A   32.41%    passed      5.13%
  37  S0025_G7577_R1_A   29.72%    passed     16.56%
  38  S0029_G7577_R1_A   30.09%    passed      6.27%
  39  S0032_G7577_R2_N   18.93%    failed      1.55%
  40  S0024_G7577_R1_A   19.25%    failed      0.96%
  41  S0032_G7577_R1_N   19.25%    failed      2.39%
  42  S0001_G7577_R1_A   21.88%    failed      3.17%
  43  S0049_G7577_R1_A   30.78%    passed     37.19%
  44  S0003_G7577_R1_N   27.71%    passed     29.76%
****  TOTAL              13.71%  7 sequences failed composition chi2 test (p-value<5%; df=3)
Checking for duplicate sequences: done in 0.000128241 secs using 99.81% CPU


Create initial parsimony tree by phylogenetic likelihood library (PLL)... 0.003 seconds
Measuring multi-threading efficiency up to 8 CPU cores
Increase to 10 rounds for branch lengths
109 trees examined
Threads: 1 / Time: 8.066 sec / Speedup: 1.000 / Efficiency: 100% / LogL: -28698
Threads: 2 / Time: 21.850 sec / Speedup: 0.369 / Efficiency: 18% / LogL: -28698
Determining AUTO threadcount: done in 29.9171 secs using 105.8% CPU
BEST NUMBER OF THREADS: 1

Perform fast likelihood tree search using GTR+I+G model...
Estimate model parameters (epsilon = 5.000)
Perform nearest neighbor interchange...
Optimizing NNI: done in 0.0856919 secs using 98.39% CPU
Estimate model parameters (epsilon = 1.000)
1. Initial log-likelihood: -20671.057
Optimal log-likelihood: -20670.865
Rate parameters:  A-C: 0.85423  A-G: 2.79788  A-T: 0.88066  C-G: 0.93752  C-T: 2.97376  G-T: 1.00000
Base frequencies:  A: 0.260  C: 0.214  G: 0.228  T: 0.298
Proportion of invariable sites: 0.145
Gamma shape alpha: 3.580
Parameters optimization took 1 rounds (0.067 sec)
Time for fast ML tree search: 0.497 seconds

NOTE: ModelFinder requires 24 MB RAM!
ModelFinder will test up to 968 DNA models (sample size: 1595 epsilon: 0.100) ...
 No. Model         -LnL         df  AIC          AICc         BIC
  1  JC            21713.761    85  43597.523    43607.211    44054.366
  2  JC+I          21284.412    86  42740.824    42750.747    43203.042
  3  JC+G4         21289.717    86  42751.434    42761.357    43213.652
  4  JC+I+G4       21221.418    87  42616.835    42626.996    43084.428
  5  JC+R2         21222.825    87  42619.651    42629.811    43087.244
  6  JC+R3         21215.458    89  42608.916    42619.561    43087.258
 14  JC+I+R2       21210.624    88  42597.247    42607.648    43070.215
 15  JC+I+R3       21210.154    90  42600.307    42611.198    43084.024
 36  JC+I+R2       21210.624    88  42597.247    42607.648    43070.215
 58  F81+I+R2      21210.554    88  42597.108    42607.509    43070.076
 80  F81+F+I+R2    21181.180    91  42544.360    42555.500    43033.451
102  K2P+I+R2      20711.866    89  41601.733    41612.377    42080.075
124  K2P+I+R2      20711.866    89  41601.733    41612.377    42080.075
146  HKY+I+R2      20711.852    89  41601.703    41612.348    42080.045
168  HKY+F+I+R2    20663.021    92  41510.043    41521.436    42004.509
190  TNe+I+R2      20710.745    90  41601.489    41612.380    42085.206
212  TNe+I+R2      20710.745    90  41601.489    41612.380    42085.206
234  TN+I+R2       20710.730    90  41601.460    41612.351    42085.176
256  TN+F+I+R2     20662.329    93  41510.657    41522.306    42010.498
278  K3P+I+R2      20711.826    90  41603.652    41614.543    42087.369
300  K3P+I+R2      20711.826    90  41603.652    41614.543    42087.369
322  K3Pu+I+R2     20711.819    90  41603.638    41614.529    42087.354
344  K3Pu+F+I+R2   20662.657    93  41511.314    41522.962    42011.154
366  TPM2+I+R2     20711.827    90  41603.654    41614.545    42087.371
388  TPM2+I+R2     20711.827    90  41603.654    41614.545    42087.371
410  TPM2u+I+R2    20711.820    90  41603.640    41614.531    42087.357
432  TPM2u+F+I+R2  20661.149    93  41508.298    41519.947    42008.139
454  TPM3+I+R2     20701.038    90  41582.077    41592.968    42065.794
476  TPM3+I+R2     20701.038    90  41582.077    41592.968    42065.794
498  TPM3u+I+R2    20701.035    90  41582.070    41592.961    42065.787
520  TPM3u+F+I+R2  20662.629    93  41511.258    41522.906    42011.098
542  TIMe+I+R2     20710.674    91  41603.348    41614.488    42092.439
564  TIMe+I+R2     20710.674    91  41603.348    41614.488    42092.439
586  TIM+I+R2      20710.671    91  41603.343    41614.483    42092.434
608  TIM+F+I+R2    20662.065    94  41512.130    41524.037    42017.346
630  TIM2e+I+R2    20710.694    91  41603.388    41614.528    42092.479
652  TIM2e+I+R2    20710.694    91  41603.388    41614.528    42092.479
674  TIM2+I+R2     20710.687    91  41603.374    41614.515    42092.465
696  TIM2+F+I+R2   20660.532    94  41509.065    41520.971    42014.280
718  TIM3e+I+R2    20699.739    91  41581.478    41592.618    42070.569
740  TIM3e+I+R2    20699.739    91  41581.478    41592.618    42070.569
762  TIM3+I+R2     20699.732    91  41581.463    41592.604    42070.554
784  TIM3+F+I+R2   20662.031    94  41512.062    41523.969    42017.277
806  TVMe+I+R2     20701.010    92  41586.020    41597.412    42080.486
828  TVMe+I+R2     20701.010    92  41586.020    41597.412    42080.486
850  TVM+I+R2      20701.004    92  41586.008    41597.401    42080.474
872  TVM+F+I+R2    20660.811    95  41511.621    41523.789    42022.211
894  SYM+I+R2      20699.704    93  41585.408    41597.056    42085.248
916  SYM+I+R2      20699.704    93  41585.408    41597.056    42085.248
938  GTR+I+R2      20699.699    93  41585.399    41597.047    42085.239
960  GTR+F+I+R2    20660.203    96  41512.406    41524.838    42028.370
Akaike Information Criterion:           TPM2u+F+I+R2
Corrected Akaike Information Criterion: TPM2u+F+I+R2
Bayesian Information Criterion:         HKY+F+I+R2
Best-fit model: HKY+F+I+R2 chosen according to BIC

All model information printed to results_moss_new/07_phylogeny/All/G7577.model.gz
CPU time for ModelFinder: 36.280 seconds (0h:0m:36s)
Wall-clock time for ModelFinder: 34.575 seconds (0h:0m:34s)
Generating 1000 samples for ultrafast bootstrap (seed: 798381)...

NOTE: 9 MB RAM (0 GB) is required!
Estimate model parameters (epsilon = 0.100)
1. Initial log-likelihood: -20662.905
Optimal log-likelihood: -20662.890
Rate parameters:  A-C: 1.00000  A-G: 3.12691  A-T: 1.00000  C-G: 1.00000  C-T: 3.12691  G-T: 1.00000
Base frequencies:  A: 0.260  C: 0.214  G: 0.228  T: 0.298
Proportion of invariable sites: 0.127
Site proportion and rates:  (0.255,0.376) (0.618,1.462)
Parameters optimization took 1 rounds (0.024 sec)
Wrote distance file to... 
Computing ML distances based on estimated model parameters...
Calculating distance matrix: done in 0.00520853 secs using 99.51% CPU
Computing ML distances took 0.005406 sec (of wall-clock time) 0.005383 sec (of CPU time)
Setting up auxiliary I and S matrices: done in 7.3528e-05 secs
Constructing RapidNJ tree: done in 0.0001597 secs using 91.42% CPU
Computing RapidNJ tree took 0.000304 sec (of wall-clock time) 0.000158 sec (of CPU time)
Log-likelihood of RapidNJ tree: -20719.871
--------------------------------------------------------------------
|             INITIALIZING CANDIDATE TREE SET                      |
--------------------------------------------------------------------
Generating 98 parsimony trees... 0.405 second
Computing log-likelihood of 98 initial trees ... 0.546 seconds
Current best score: -20662.890

Do NNI search on 20 best initial trees
Optimizing NNI: done in 0.0412625 secs using 97.08% CPU
Estimate model parameters (epsilon = 0.100)
BETTER TREE FOUND at iteration 1: -20662.826
Optimizing NNI: done in 0.119565 secs using 99.49% CPU
Estimate model parameters (epsilon = 0.100)
BETTER TREE FOUND at iteration 2: -20658.633
Optimizing NNI: done in 0.117781 secs using 99.44% CPU
Optimizing NNI: done in 0.1214 secs using 98.76% CPU
Optimizing NNI: done in 0.132203 secs using 99.47% CPU
Optimizing NNI: done in 0.136259 secs using 98.7% CPU
Optimizing NNI: done in 0.115885 secs using 98.65% CPU
Optimizing NNI: done in 0.129115 secs using 99.52% CPU
Optimizing NNI: done in 0.138975 secs using 99.56% CPU
Optimizing NNI: done in 0.123629 secs using 99.57% CPU
Iteration 10 / LogL: -20658.957 / Time: 0h:0m:36s
Optimizing NNI: done in 0.138492 secs using 99.53% CPU
Optimizing NNI: done in 0.101973 secs using 97.53% CPU
Optimizing NNI: done in 0.109942 secs using 99.34% CPU
Optimizing NNI: done in 0.107554 secs using 99.48% CPU
Optimizing NNI: done in 0.125956 secs using 97.87% CPU
Optimizing NNI: done in 0.107399 secs using 99.51% CPU
Optimizing NNI: done in 0.131149 secs using 99.57% CPU
Optimizing NNI: done in 0.128284 secs using 99.6% CPU
Optimizing NNI: done in 0.115933 secs using 99.58% CPU
Optimizing NNI: done in 0.127589 secs using 98.74% CPU
Iteration 20 / LogL: -20662.925 / Time: 0h:0m:38s
Finish initializing candidate tree set (15)
Current best tree score: -20658.633 / CPU time: 3.399
Number of iterations: 20
--------------------------------------------------------------------
|               OPTIMIZING CANDIDATE TREE SET                      |
--------------------------------------------------------------------
Optimizing NNI: done in 0.12867 secs using 98.69% CPU
Estimate model parameters (epsilon = 0.100)
BETTER TREE FOUND at iteration 21: -20658.410
Optimizing NNI: done in 0.197296 secs using 99.53% CPU
Optimizing NNI: done in 0.108636 secs using 98.64% CPU
Optimizing NNI: done in 0.162314 secs using 98.37% CPU
Optimizing NNI: done in 0.152294 secs using 99.62% CPU
Optimizing NNI: done in 0.142471 secs using 98.07% CPU
Optimizing NNI: done in 0.102184 secs using 99.58% CPU
Optimizing NNI: done in 0.159826 secs using 98.22% CPU
Optimizing NNI: done in 0.118907 secs using 97.85% CPU
Optimizing NNI: done in 0.174144 secs using 99.51% CPU
Iteration 30 / LogL: -20658.781 / Time: 0h:0m:39s (0h:0m:15s left)
Optimizing NNI: done in 0.12632 secs using 99.51% CPU
Optimizing NNI: done in 0.106885 secs using 99.53% CPU
Optimizing NNI: done in 0.13611 secs using 98.09% CPU
Optimizing NNI: done in 0.105827 secs using 97.6% CPU
Optimizing NNI: done in 0.111306 secs using 99.47% CPU
Optimizing NNI: done in 0.144453 secs using 99.36% CPU
Optimizing NNI: done in 0.122724 secs using 99.55% CPU
Optimizing NNI: done in 0.132507 secs using 98.76% CPU
Optimizing NNI: done in 0.123423 secs using 98.74% CPU
Optimizing NNI: done in 0.127211 secs using 99.53% CPU
Iteration 40 / LogL: -20658.497 / Time: 0h:0m:40s (0h:0m:13s left)
Optimizing NNI: done in 0.106115 secs using 98.58% CPU
Optimizing NNI: done in 0.126492 secs using 99.4% CPU
Optimizing NNI: done in 0.130423 secs using 98.78% CPU
Optimizing NNI: done in 0.13973 secs using 98.84% CPU
Optimizing NNI: done in 0.0927204 secs using 99.53% CPU
UPDATE BEST LOG-LIKELIHOOD: -20658.410
Optimizing NNI: done in 0.116127 secs using 97.8% CPU
Optimizing NNI: done in 0.109715 secs using 99.48% CPU
Optimizing NNI: done in 0.109653 secs using 99.6% CPU
Optimizing NNI: done in 0.0798749 secs using 99.5% CPU
Optimizing NNI: done in 0.119579 secs using 97.89% CPU
Iteration 50 / LogL: -20658.633 / Time: 0h:0m:42s (0h:0m:10s left)
Log-likelihood cutoff on original alignment: -20703.234
Optimizing NNI: done in 0.130235 secs using 98.77% CPU
Optimizing NNI: done in 0.189339 secs using 99.56% CPU
Optimizing NNI: done in 0.160534 secs using 98.29% CPU
Optimizing NNI: done in 0.0793773 secs using 99.51% CPU
Optimizing NNI: done in 0.137967 secs using 98.03% CPU
Optimizing NNI: done in 0.12764 secs using 97.96% CPU
Optimizing NNI: done in 0.1505 secs using 98.8% CPU
Optimizing NNI: done in 0.12813 secs using 98.67% CPU
Optimizing NNI: done in 0.127793 secs using 99.5% CPU
Optimizing NNI: done in 0.155735 secs using 98.8% CPU
Iteration 60 / LogL: -20659.240 / Time: 0h:0m:43s (0h:0m:9s left)
Optimizing NNI: done in 0.149991 secs using 99.47% CPU
Optimizing NNI: done in 0.120289 secs using 99.44% CPU
Optimizing NNI: done in 0.153134 secs using 99.5% CPU
Optimizing NNI: done in 0.125399 secs using 99.52% CPU
Optimizing NNI: done in 0.150393 secs using 99.58% CPU
Optimizing NNI: done in 0.153848 secs using 98.87% CPU
Optimizing NNI: done in 0.142009 secs using 98.17% CPU
Optimizing NNI: done in 0.115687 secs using 98.7% CPU
Optimizing NNI: done in 0.154716 secs using 98.28% CPU
Optimizing NNI: done in 0.125589 secs using 97.98% CPU
Iteration 70 / LogL: -20658.685 / Time: 0h:0m:44s (0h:0m:7s left)
Optimizing NNI: done in 0.139741 secs using 99.56% CPU
Optimizing NNI: done in 0.151031 secs using 98.87% CPU
Optimizing NNI: done in 0.179307 secs using 99.49% CPU
Optimizing NNI: done in 0.106023 secs using 95.71% CPU
Optimizing NNI: done in 0.0792046 secs using 99.46% CPU
Optimizing NNI: done in 0.127307 secs using 98.69% CPU
Optimizing NNI: done in 0.137238 secs using 98.81% CPU
Optimizing NNI: done in 0.122176 secs using 99.58% CPU
Optimizing NNI: done in 0.128833 secs using 99.6% CPU
Optimizing NNI: done in 0.102389 secs using 99.62% CPU
Iteration 80 / LogL: -20658.483 / Time: 0h:0m:46s (0h:0m:6s left)
Optimizing NNI: done in 0.10929 secs using 99.61% CPU
Optimizing NNI: done in 0.105047 secs using 98.63% CPU
Optimizing NNI: done in 0.121996 secs using 99.61% CPU
Estimate model parameters (epsilon = 0.100)
BETTER TREE FOUND at iteration 83: -20658.099
Optimizing NNI: done in 0.179782 secs using 98.98% CPU
Optimizing NNI: done in 0.166754 secs using 99.5% CPU
Optimizing NNI: done in 0.17176 secs using 97.82% CPU
Optimizing NNI: done in 0.138749 secs using 97.97% CPU
Optimizing NNI: done in 0.141575 secs using 97.34% CPU
Optimizing NNI: done in 0.133369 secs using 98.58% CPU
Estimate model parameters (epsilon = 0.100)
BETTER TREE FOUND at iteration 89: -20656.969
Optimizing NNI: done in 0.160146 secs using 98.7% CPU
Iteration 90 / LogL: -20658.415 / Time: 0h:0m:47s (0h:0m:14s left)
Optimizing NNI: done in 0.105628 secs using 99.6% CPU
Optimizing NNI: done in 0.131722 secs using 99.43% CPU
Optimizing NNI: done in 0.13308 secs using 98.82% CPU
Optimizing NNI: done in 0.116374 secs using 97.78% CPU
Optimizing NNI: done in 0.165426 secs using 98.94% CPU
Optimizing NNI: done in 0.131469 secs using 98.83% CPU
Optimizing NNI: done in 0.129248 secs using 98.78% CPU
UPDATE BEST LOG-LIKELIHOOD: -20656.969
Optimizing NNI: done in 0.130472 secs using 98.04% CPU
Optimizing NNI: done in 0.12931 secs using 98.77% CPU
Optimizing NNI: done in 0.145753 secs using 98.9% CPU
Iteration 100 / LogL: -20657.115 / Time: 0h:0m:49s (0h:0m:13s left)
Log-likelihood cutoff on original alignment: -20703.234
NOTE: Bootstrap correlation coefficient of split occurrence frequencies: 0.989
NOTE: UFBoot does not converge, continue at least 100 more iterations
Optimizing NNI: done in 0.132211 secs using 98.43% CPU
Optimizing NNI: done in 0.171301 secs using 98.97% CPU
Optimizing NNI: done in 0.156461 secs using 98.93% CPU
Optimizing NNI: done in 0.139604 secs using 98.82% CPU
Optimizing NNI: done in 0.0974856 secs using 98.48% CPU
Optimizing NNI: done in 0.15522 secs using 98.28% CPU
Optimizing NNI: done in 0.134973 secs using 98.81% CPU
Optimizing NNI: done in 0.121822 secs using 99.53% CPU
Optimizing NNI: done in 0.123647 secs using 99.52% CPU
Optimizing NNI: done in 0.132537 secs using 97.27% CPU
Iteration 110 / LogL: -20657.663 / Time: 0h:0m:50s (0h:0m:13s left)
Optimizing NNI: done in 0.194097 secs using 99.52% CPU
Optimizing NNI: done in 0.154115 secs using 98.91% CPU
Optimizing NNI: done in 0.104979 secs using 98.59% CPU
Optimizing NNI: done in 0.116878 secs using 97.04% CPU
Optimizing NNI: done in 0.146083 secs using 98.16% CPU
Optimizing NNI: done in 0.144459 secs using 99.44% CPU
Optimizing NNI: done in 0.0923501 secs using 98.52% CPU
Optimizing NNI: done in 0.0780698 secs using 99.54% CPU
Optimizing NNI: done in 0.105972 secs using 99.48% CPU
Optimizing NNI: done in 0.106189 secs using 99.55% CPU
Iteration 120 / LogL: -20657.371 / Time: 0h:0m:51s (0h:0m:11s left)
Optimizing NNI: done in 0.107967 secs using 99.59% CPU
Optimizing NNI: done in 0.134618 secs using 98.84% CPU
Optimizing NNI: done in 0.118574 secs using 99.58% CPU
Optimizing NNI: done in 0.149772 secs using 98.91% CPU
Optimizing NNI: done in 0.107665 secs using 97.74% CPU
Optimizing NNI: done in 0.164868 secs using 99.02% CPU
Optimizing NNI: done in 0.111862 secs using 98.63% CPU
Optimizing NNI: done in 0.140393 secs using 99.55% CPU
Optimizing NNI: done in 0.139652 secs using 99.57% CPU
Optimizing NNI: done in 0.157743 secs using 99.55% CPU
Iteration 130 / LogL: -20656.977 / Time: 0h:0m:53s (0h:0m:10s left)
Optimizing NNI: done in 0.0987498 secs using 97.51% CPU
UPDATE BEST LOG-LIKELIHOOD: -20656.968
Optimizing NNI: done in 0.152751 secs using 98.84% CPU
Optimizing NNI: done in 0.123253 secs using 98.78% CPU
Optimizing NNI: done in 0.107305 secs using 99.5% CPU
Optimizing NNI: done in 0.136013 secs using 99.49% CPU
Optimizing NNI: done in 0.155415 secs using 98.86% CPU
Optimizing NNI: done in 0.119548 secs using 98.63% CPU
Optimizing NNI: done in 0.121817 secs using 99.53% CPU
Optimizing NNI: done in 0.109719 secs using 98.71% CPU
Optimizing NNI: done in 0.136111 secs using 98.85% CPU
Iteration 140 / LogL: -20668.422 / Time: 0h:0m:54s (0h:0m:8s left)
Optimizing NNI: done in 0.15449 secs using 98.95% CPU
Optimizing NNI: done in 0.142411 secs using 98.24% CPU
Optimizing NNI: done in 0.107762 secs using 97.71% CPU
Optimizing NNI: done in 0.130596 secs using 99.52% CPU
Optimizing NNI: done in 0.159062 secs using 98.3% CPU
Optimizing NNI: done in 0.151142 secs using 99.56% CPU
Optimizing NNI: done in 0.152904 secs using 98.19% CPU
Optimizing NNI: done in 0.127054 secs using 96.41% CPU
Optimizing NNI: done in 0.111343 secs using 98.66% CPU
Optimizing NNI: done in 0.112252 secs using 99.59% CPU
Iteration 150 / LogL: -20656.974 / Time: 0h:0m:55s (0h:0m:7s left)
Log-likelihood cutoff on original alignment: -20703.234
Optimizing NNI: done in 0.143327 secs using 98.91% CPU
Optimizing NNI: done in 0.123958 secs using 97.99% CPU
Optimizing NNI: done in 0.109316 secs using 98.67% CPU
Optimizing NNI: done in 0.165097 secs using 97.77% CPU
Optimizing NNI: done in 0.118988 secs using 99.6% CPU
Optimizing NNI: done in 0.110279 secs using 98.71% CPU
Optimizing NNI: done in 0.12232 secs using 98.77% CPU
Optimizing NNI: done in 0.146943 secs using 99.52% CPU
Optimizing NNI: done in 0.090469 secs using 97.34% CPU
Optimizing NNI: done in 0.117383 secs using 97.84% CPU
Iteration 160 / LogL: -20659.760 / Time: 0h:0m:57s (0h:0m:5s left)
Optimizing NNI: done in 0.129337 secs using 98.78% CPU
Optimizing NNI: done in 0.0873639 secs using 98.32% CPU
Optimizing NNI: done in 0.142773 secs using 98.16% CPU
Optimizing NNI: done in 0.108095 secs using 98.62% CPU
Optimizing NNI: done in 0.0763922 secs using 99.54% CPU
Optimizing NNI: done in 0.148098 secs using 99.5% CPU
Optimizing NNI: done in 0.147283 secs using 98.92% CPU
Optimizing NNI: done in 0.162027 secs using 99.55% CPU
Optimizing NNI: done in 0.170384 secs using 99.03% CPU
Optimizing NNI: done in 0.163424 secs using 98.87% CPU
Iteration 170 / LogL: -20682.295 / Time: 0h:0m:58s (0h:0m:4s left)
Optimizing NNI: done in 0.13527 secs using 98.1% CPU
Optimizing NNI: done in 0.129976 secs using 98.08% CPU
Optimizing NNI: done in 0.122588 secs using 97.98% CPU
Optimizing NNI: done in 0.124838 secs using 98.67% CPU
Optimizing NNI: done in 0.097853 secs using 99.37% CPU
Optimizing NNI: done in 0.144232 secs using 98.47% CPU
Optimizing NNI: done in 0.203698 secs using 97.32% CPU
Optimizing NNI: done in 0.12697 secs using 98.94% CPU
Optimizing NNI: done in 0.140889 secs using 97.35% CPU
Optimizing NNI: done in 0.123895 secs using 98.09% CPU
Iteration 180 / LogL: -20657.156 / Time: 0h:1m:0s (0h:0m:2s left)
Optimizing NNI: done in 0.103088 secs using 97.91% CPU
Optimizing NNI: done in 0.14198 secs using 99.54% CPU
Optimizing NNI: done in 0.129132 secs using 97.82% CPU
Optimizing NNI: done in 0.146998 secs using 98.86% CPU
Optimizing NNI: done in 0.165655 secs using 98.84% CPU
Optimizing NNI: done in 0.0975421 secs using 98.55% CPU
Optimizing NNI: done in 0.103038 secs using 99.51% CPU
Optimizing NNI: done in 0.106158 secs using 99.58% CPU
Optimizing NNI: done in 0.200607 secs using 98.56% CPU
Optimizing NNI: done in 0.134259 secs using 99.55% CPU
Iteration 190 / LogL: -20657.119 / Time: 0h:1m:1s (0h:0m:1s left)
Optimizing NNI: done in 0.1433 secs using 98.15% CPU
Optimizing NNI: done in 0.126051 secs using 98.78% CPU
Optimizing NNI: done in 0.117433 secs using 98.7% CPU
Optimizing NNI: done in 0.120604 secs using 98.74% CPU
Optimizing NNI: done in 0.135735 secs using 98.82% CPU
Optimizing NNI: done in 0.119451 secs using 97.83% CPU
Optimizing NNI: done in 0.153922 secs using 98.84% CPU
Optimizing NNI: done in 0.135365 secs using 99.52% CPU
Optimizing NNI: done in 0.111428 secs using 99.44% CPU
Optimizing NNI: done in 0.0811742 secs using 98.29% CPU
Iteration 200 / LogL: -20657.114 / Time: 0h:1m:2s (0h:0m:0s left)
Log-likelihood cutoff on original alignment: -20703.234
NOTE: Bootstrap correlation coefficient of split occurrence frequencies: 0.997
TREE SEARCH COMPLETED AFTER 200 ITERATIONS / Time: 0h:1m:2s

--------------------------------------------------------------------
|                    FINALIZING TREE SEARCH                        |
--------------------------------------------------------------------
Performs final model parameters optimization
Estimate model parameters (epsilon = 0.010)
1. Initial log-likelihood: -20656.968
Optimal log-likelihood: -20656.967
Rate parameters:  A-C: 1.00000  A-G: 3.12911  A-T: 1.00000  C-G: 1.00000  C-T: 3.12911  G-T: 1.00000
Base frequencies:  A: 0.260  C: 0.214  G: 0.228  T: 0.298
Proportion of invariable sites: 0.126
Site proportion and rates:  (0.251,0.372) (0.622,1.456)
Parameters optimization took 1 rounds (0.023 sec)
BEST SCORE FOUND : -20656.967
Creating bootstrap support values...
Split supports printed to NEXUS file results_moss_new/07_phylogeny/All/G7577.splits.nex
Total tree length: 4.895

Total number of iterations: 200
CPU time used for tree search: 27.732 sec (0h:0m:27s)
Wall-clock time used for tree search: 28.063 sec (0h:0m:28s)
Total CPU time used: 64.192 sec (0h:1m:4s)
Total wall-clock time used: 62.818 sec (0h:1m:2s)

Computing bootstrap consensus tree...
Reading input file results_moss_new/07_phylogeny/All/G7577.splits.nex...
44 taxa and 301 splits.
Consensus tree written to results_moss_new/07_phylogeny/All/G7577.contree
Reading input trees file results_moss_new/07_phylogeny/All/G7577.contree
Log-likelihood of consensus tree: -20660.608

Analysis results written to: 
  IQ-TREE report:                results_moss_new/07_phylogeny/All/G7577.iqtree
  Maximum-likelihood tree:       results_moss_new/07_phylogeny/All/G7577.treefile
  Likelihood distances:          results_moss_new/07_phylogeny/All/G7577.mldist

Ultrafast bootstrap approximation results written to:
  Split support values:          results_moss_new/07_phylogeny/All/G7577.splits.nex
  Consensus tree:                results_moss_new/07_phylogeny/All/G7577.contree
  Screen log file:               results_moss_new/07_phylogeny/All/G7577.log

Date and Time: Fri Jun 12 07:51:31 2026
