IQ-TREE version 3.0.1 for Linux x86 64-bit built Jul  9 2025
Developed by Bui Quang Minh, Thomas Wong, Nhan Ly-Trong, Huaiyan Ren
Contributed by Lam-Tung Nguyen, Dominik Schrempf, Chris Bielow,
Olga Chernomor, Michael Woodhams, Diep Thi Hoang, Heiko Schmidt

Host:    c0710a-s29.ufhpc (AVX2, FMA3, 503 GB RAM)
Command: iqtree -s results_moss_new/06_alignment/Not_sex_linked/trimmed/G5206.trimmed.aln --prefix results_moss_new/07_phylogeny/Not_sex_linked/G5206 -m MFP -B 1000 -T AUTO
Seed:    672459 (Using SPRNG - Scalable Parallel Random Number Generator)
Time:    Thu Jun 11 22:40:14 2026
Kernel:  AVX+FMA - auto-detect threads (8 CPU cores detected)

Reading alignment file results_moss_new/06_alignment/Not_sex_linked/trimmed/G5206.trimmed.aln ... Fasta format detected
Reading fasta file: done in 0.000145622 secs
Alignment most likely contains DNA/RNA sequences
Constructing alignment: done in 0.000180176 secs
Alignment has 17 sequences with 560 columns, 242 distinct patterns
203 parsimony-informative, 106 singleton sites, 251 constant sites
                  Gap/Ambiguity  Composition  p-value
Analyzing sequences: done in 7.14418e-06 secs
   1  S0039_G5206_R1_A    0.18%    failed      2.53%
   2  S0039_G5206_R2_A    0.18%    passed      5.24%
   3  S0051_G5206_R2_A    0.18%    failed      2.98%
   4  S0051_G5206_R1_A    0.18%    failed      4.85%
   5  S0034_G5206_R1_A    0.00%    passed     44.26%
   6  S0014_G5206_R1_A    0.18%    passed     97.56%
   7  S0014_G5206_R3_A    0.54%    passed     94.72%
   8  S0009_G5206_R1_A    0.00%    passed     36.07%
   9  S0010_G5206_R1_A    0.00%    passed     36.07%
  10  S0027_G5206_R1_A    0.71%    passed     66.43%
  11  S0015_G5206_R3_A    0.18%    passed     98.98%
  12  S0015_G5206_R2_A    0.00%    passed     74.80%
  13  S0015_G5206_R4_A    0.18%    passed     82.44%
  14  S0008_G5206_R1_A    0.00%    passed     43.83%
  15  S0034_G5206_R2_A    0.00%    passed     48.95%
  16  S0015_G5206_R1_A    0.00%    passed     77.88%
  17  S0003_G5206_R1_N    6.43%    failed      1.22%
****  TOTAL               0.53%  4 sequences failed composition chi2 test (p-value<5%; df=3)
NOTE: S0010_G5206_R1_A is identical to S0009_G5206_R1_A but kept for subsequent analysis
Checking for duplicate sequences: done in 2.0358e-05 secs


Create initial parsimony tree by phylogenetic likelihood library (PLL)... 0.000 seconds
Measuring multi-threading efficiency up to 8 CPU cores
Increase to 10 rounds for branch lengths
1367 trees examined
Threads: 1 / Time: 8.015 sec / Speedup: 1.000 / Efficiency: 100% / LogL: -4934
Threads: 2 / Time: 14.322 sec / Speedup: 0.560 / Efficiency: 28% / LogL: -4934
Determining AUTO threadcount: done in 22.3379 secs using 135.7% CPU
BEST NUMBER OF THREADS: 1

Perform fast likelihood tree search using GTR+I+G model...
Estimate model parameters (epsilon = 5.000)
Perform nearest neighbor interchange...
Optimizing NNI: done in 0.00272505 secs using 98.82% CPU
Estimate model parameters (epsilon = 1.000)
1. Initial log-likelihood: -3550.476
Optimal log-likelihood: -3550.388
Rate parameters:  A-C: 1.00801  A-G: 2.18291  A-T: 0.89365  C-G: 0.71764  C-T: 4.88645  G-T: 1.00000
Base frequencies:  A: 0.256  C: 0.234  G: 0.287  T: 0.222
Proportion of invariable sites: 0.215
Gamma shape alpha: 0.984
Parameters optimization took 1 rounds (0.003 sec)
Time for fast ML tree search: 0.022 seconds

NOTE: ModelFinder requires 2 MB RAM!
ModelFinder will test up to 968 DNA models (sample size: 560 epsilon: 0.100) ...
 No. Model         -LnL         df  AIC          AICc         BIC
  1  JC            3766.277     31  7594.555     7598.312     7728.721
  2  JC+I          3667.436     32  7398.872     7402.880     7537.366
  3  JC+G4         3651.052     32  7366.104     7370.111     7504.598
  4  JC+I+G4       3652.066     33  7370.133     7374.399     7512.955
  5  JC+R2         3650.280     33  7366.560     7370.826     7509.382
+R3 reinitialized from +R2 with factor 0.500
+R3 reinitialized from +R2 with factor 0.250
+R3 reinitialized from +R2 with factor 0.125
+R3 reinitialized from +R2 with factor 0.062
  6  JC+R3         3650.365     35  7370.731     7375.540     7522.209
 14  JC+I+R2       3649.925     34  7367.849     7372.382     7514.999
+I+R3 reinitialized from +I+R2 with factor 0.500
+I+R3 reinitialized from +I+R2 with factor 0.250
+I+R3 reinitialized from +I+R2 with factor 0.125
+I+R3 reinitialized from +I+R2 with factor 0.062
 15  JC+I+R3       3649.954     36  7371.908     7377.001     7527.713
 25  JC+G4         3651.052     32  7366.104     7370.111     7504.598
 26  JC+I+G4       3652.066     33  7370.133     7374.399     7512.955
 27  JC+R2         3650.280     33  7366.560     7370.826     7509.382
 47  F81+G4        3651.060     32  7366.120     7370.127     7504.614
 48  F81+I+G4      3652.041     33  7370.083     7374.349     7512.904
 49  F81+R2        3650.214     33  7366.428     7370.694     7509.250
 69  F81+F+G4      3660.303     35  7390.606     7395.415     7542.083
 70  F81+F+I+G4    3660.959     36  7393.919     7399.012     7549.724
 71  F81+F+R2      3659.879     36  7391.759     7396.853     7547.565
 91  K2P+G4        3558.035     33  7182.070     7186.336     7324.892
 92  K2P+I+G4      3558.597     34  7185.194     7189.727     7332.343
 93  K2P+R2        3559.050     34  7186.101     7190.634     7333.251
113  K2P+G4        3558.035     33  7182.070     7186.336     7324.892
114  K2P+I+G4      3558.597     34  7185.194     7189.727     7332.343
115  K2P+R2        3559.050     34  7186.101     7190.634     7333.251
135  HKY+G4        3558.070     33  7182.140     7186.406     7324.962
136  HKY+I+G4      3558.585     34  7185.171     7189.704     7332.321
137  HKY+R2        3559.033     34  7186.066     7190.600     7333.216
157  HKY+F+G4      3565.296     36  7202.592     7207.686     7358.398
158  HKY+F+I+G4    3565.799     37  7205.597     7210.984     7365.731
159  HKY+F+R2      3566.161     37  7206.322     7211.709     7366.456
179  TNe+G4        3551.865     34  7171.731     7176.264     7318.881
180  TNe+I+G4      3551.732     35  7173.464     7178.273     7324.942
181  TNe+R2        3554.374     35  7178.748     7183.557     7330.226
201  TNe+G4        3551.865     34  7171.731     7176.264     7318.881
202  TNe+I+G4      3551.732     35  7173.464     7178.273     7324.942
203  TNe+R2        3554.374     35  7178.748     7183.557     7330.226
223  TN+G4         3551.875     34  7171.749     7176.283     7318.899
224  TN+I+G4       3551.740     35  7173.481     7178.290     7324.959
225  TN+R2         3554.373     35  7178.745     7183.554     7330.223
245  TN+F+G4       3551.862     37  7177.724     7183.111     7337.858
246  TN+F+I+G4     3551.406     38  7178.811     7184.500     7343.273
247  TN+F+R2       3554.922     38  7185.844     7191.533     7350.305
267  K3P+G4        3557.274     34  7182.549     7187.082     7329.699
268  K3P+I+G4      3557.847     35  7185.693     7190.502     7337.171
269  K3P+R2        3558.176     35  7186.352     7191.161     7337.830
289  K3P+G4        3557.274     34  7182.549     7187.082     7329.699
290  K3P+I+G4      3557.847     35  7185.693     7190.502     7337.171
291  K3P+R2        3558.176     35  7186.352     7191.161     7337.830
311  K3Pu+G4       3557.294     34  7182.588     7187.121     7329.738
312  K3Pu+I+G4     3557.854     35  7185.708     7190.517     7337.186
313  K3Pu+R2       3558.173     35  7186.345     7191.154     7337.823
333  K3Pu+F+G4     3564.524     37  7203.049     7208.436     7363.182
334  K3Pu+F+I+G4   3565.032     38  7206.064     7211.753     7370.526
335  K3Pu+F+R2     3565.268     38  7206.536     7212.225     7370.998
355  TPM2+G4       3558.008     34  7184.016     7188.549     7331.166
356  TPM2+I+G4     3558.557     35  7187.115     7191.924     7338.592
357  TPM2+R2       3559.007     35  7188.014     7192.823     7339.492
377  TPM2+G4       3558.008     34  7184.016     7188.549     7331.166
378  TPM2+I+G4     3558.557     35  7187.115     7191.924     7338.592
379  TPM2+R2       3559.007     35  7188.014     7192.823     7339.492
399  TPM2u+G4      3558.027     34  7184.054     7188.587     7331.204
400  TPM2u+I+G4    3558.560     35  7187.120     7191.929     7338.598
401  TPM2u+R2      3559.005     35  7188.010     7192.819     7339.488
421  TPM2u+F+G4    3564.968     37  7203.936     7209.323     7364.069
422  TPM2u+F+I+G4  3565.483     38  7206.966     7212.655     7371.427
423  TPM2u+F+R2    3565.816     38  7207.632     7213.321     7372.094
443  TPM3+G4       3557.961     34  7183.922     7188.455     7331.072
444  TPM3+I+G4     3558.500     35  7187.000     7191.809     7338.477
445  TPM3+R2       3558.877     35  7187.753     7192.562     7339.231
465  TPM3+G4       3557.961     34  7183.922     7188.455     7331.072
466  TPM3+I+G4     3558.500     35  7187.000     7191.809     7338.477
467  TPM3+R2       3558.877     35  7187.753     7192.562     7339.231
487  TPM3u+G4      3557.980     34  7183.960     7188.494     7331.110
488  TPM3u+I+G4    3558.507     35  7187.015     7191.824     7338.493
489  TPM3u+R2      3558.874     35  7187.748     7192.557     7339.226
509  TPM3u+F+G4    3565.142     37  7204.284     7209.671     7364.417
510  TPM3u+F+I+G4  3565.626     38  7207.253     7212.942     7371.714
511  TPM3u+F+R2    3565.861     38  7207.723     7213.412     7372.184
531  TIMe+G4       3551.134     35  7172.268     7177.077     7323.746
532  TIMe+I+G4     3551.037     36  7174.075     7179.168     7329.880
533  TIMe+R2       3553.578     36  7179.155     7184.249     7334.961
553  TIMe+G4       3551.134     35  7172.268     7177.077     7323.746
554  TIMe+I+G4     3551.037     36  7174.075     7179.168     7329.880
555  TIMe+R2       3553.578     36  7179.155     7184.249     7334.961
575  TIM+G4        3551.156     35  7172.312     7177.121     7323.790
576  TIM+I+G4      3551.051     36  7174.103     7179.196     7329.908
577  TIM+R2        3553.574     36  7179.148     7184.242     7334.954
597  TIM+F+G4      3551.124     38  7178.248     7183.937     7342.709
598  TIM+F+I+G4    3550.707     39  7179.414     7185.414     7348.203
599  TIM+F+R2      3554.118     39  7186.235     7192.235     7355.025
619  TIM2e+G4      3551.839     35  7173.678     7178.487     7325.155
620  TIM2e+I+G4    3551.715     36  7175.430     7180.523     7331.235
621  TIM2e+R2      3554.375     36  7180.750     7185.843     7336.555
641  TIM2e+G4      3551.839     35  7173.678     7178.487     7325.155
642  TIM2e+I+G4    3551.715     36  7175.430     7180.523     7331.235
643  TIM2e+R2      3554.375     36  7180.750     7185.843     7336.555
663  TIM2+G4       3551.841     35  7173.681     7178.490     7325.159
664  TIM2+I+G4     3551.718     36  7175.437     7180.531     7331.243
665  TIM2+R2       3554.359     36  7180.718     7185.812     7336.524
685  TIM2+F+G4     3551.571     38  7179.143     7184.832     7343.605
686  TIM2+F+I+G4   3551.145     39  7180.290     7186.290     7349.080
687  TIM2+F+R2     3554.652     39  7187.304     7193.304     7356.093
707  TIM3e+G4      3551.801     35  7173.603     7178.412     7325.080
708  TIM3e+I+G4    3551.678     36  7175.356     7180.450     7331.162
709  TIM3e+R2      3554.239     36  7180.477     7185.571     7336.283
729  TIM3e+G4      3551.801     35  7173.603     7178.412     7325.080
730  TIM3e+I+G4    3551.678     36  7175.356     7180.450     7331.162
731  TIM3e+R2      3554.239     36  7180.477     7185.571     7336.283
751  TIM3+G4       3551.803     35  7173.606     7178.415     7325.083
752  TIM3+I+G4     3551.681     36  7175.363     7180.457     7331.169
753  TIM3+R2       3554.229     36  7180.459     7185.552     7336.264
773  TIM3+F+G4     3551.701     38  7179.402     7185.091     7343.864
774  TIM3+F+I+G4   3551.252     39  7180.503     7186.503     7349.293
775  TIM3+F+R2     3554.603     39  7187.206     7193.206     7355.996
795  TVMe+G4       3557.206     36  7186.412     7191.506     7342.218
796  TVMe+I+G4     3557.801     37  7189.601     7194.988     7349.735
797  TVMe+R2       3558.137     37  7190.275     7195.662     7350.408
817  TVMe+G4       3557.206     36  7186.412     7191.506     7342.218
818  TVMe+I+G4     3557.801     37  7189.601     7194.988     7349.735
819  TVMe+R2       3558.137     37  7190.275     7195.662     7350.408
839  TVM+G4        3557.218     36  7186.437     7191.530     7342.242
840  TVM+I+G4      3557.803     37  7189.607     7194.994     7349.740
841  TVM+R2        3558.132     37  7190.265     7195.651     7350.398
861  TVM+F+G4      3564.045     39  7206.090     7212.090     7374.879
862  TVM+F+I+G4    3564.592     40  7209.183     7215.503     7382.301
863  TVM+F+R2      3564.669     40  7209.339     7215.658     7382.456
883  SYM+G4        3551.068     37  7176.137     7181.524     7336.270
884  SYM+I+G4      3550.988     38  7177.976     7183.665     7342.437
885  SYM+R2        3553.443     38  7182.885     7188.574     7347.347
905  SYM+G4        3551.068     37  7176.137     7181.524     7336.270
906  SYM+I+G4      3550.988     38  7177.976     7183.665     7342.437
907  SYM+R2        3553.443     38  7182.885     7188.574     7347.347
927  GTR+G4        3551.084     37  7176.168     7181.555     7336.301
928  GTR+I+G4      3550.995     38  7177.991     7183.680     7342.452
929  GTR+R2        3553.441     38  7182.883     7188.572     7347.344
949  GTR+F+G4      3550.696     40  7181.392     7187.712     7354.509
950  GTR+F+I+G4    3550.326     41  7182.652     7189.301     7360.098
951  GTR+F+R2      3553.618     41  7189.235     7195.884     7366.681
Akaike Information Criterion:           TNe+G4
Corrected Akaike Information Criterion: TNe+G4
Bayesian Information Criterion:         TNe+G4
Best-fit model: TNe+G4 chosen according to BIC

All model information printed to results_moss_new/07_phylogeny/Not_sex_linked/G5206.model.gz
CPU time for ModelFinder: 31.058 seconds (0h:0m:31s)
Wall-clock time for ModelFinder: 23.101 seconds (0h:0m:23s)
Generating 1000 samples for ultrafast bootstrap (seed: 672459)...

NOTE: 1 MB RAM (0 GB) is required!
Estimate model parameters (epsilon = 0.100)
1. Initial log-likelihood: -3552.995
2. Current log-likelihood: -3551.892
Optimal log-likelihood: -3551.863
Rate parameters:  A-C: 1.00000  A-G: 2.80036  A-T: 1.00000  C-G: 1.00000  C-T: 4.76766  G-T: 1.00000
Base frequencies:  A: 0.250  C: 0.250  G: 0.250  T: 0.250
Gamma shape alpha: 0.492
Parameters optimization took 2 rounds (0.005 sec)
Wrote distance file to... 
Computing ML distances based on estimated model parameters...
Calculating distance matrix: done in 0.00110031 secs using 98.61% CPU
Computing ML distances took 0.001125 sec (of wall-clock time) 0.001113 sec (of CPU time)
Setting up auxiliary I and S matrices: done in 5.1646e-05 secs using 156.8% CPU
Constructing RapidNJ tree: done in 4.1317e-05 secs using 159.7% CPU
Computing RapidNJ tree took 0.000152 sec (of wall-clock time) 0.000185 sec (of CPU time)
Log-likelihood of RapidNJ tree: -3565.365
--------------------------------------------------------------------
|             INITIALIZING CANDIDATE TREE SET                      |
--------------------------------------------------------------------
Generating 98 parsimony trees... 0.056 second
Computing log-likelihood of 98 initial trees ... 0.074 seconds
Current best score: -3551.863

Do NNI search on 20 best initial trees
Optimizing NNI: done in 0.00372769 secs using 99.07% CPU
Estimate model parameters (epsilon = 0.100)
BETTER TREE FOUND at iteration 1: -3551.861
Optimizing NNI: done in 0.00560542 secs using 99.14% CPU
Optimizing NNI: done in 0.00997257 secs using 99% CPU
Optimizing NNI: done in 0.00940466 secs using 99.17% CPU
Estimate model parameters (epsilon = 0.100)
BETTER TREE FOUND at iteration 4: -3551.077
Optimizing NNI: done in 0.0129934 secs using 99.12% CPU
Estimate model parameters (epsilon = 0.100)
BETTER TREE FOUND at iteration 5: -3548.613
Optimizing NNI: done in 0.00998566 secs using 99.33% CPU
Optimizing NNI: done in 0.0143973 secs using 92.36% CPU
Optimizing NNI: done in 0.0171401 secs using 99.19% CPU
Optimizing NNI: done in 0.0126757 secs using 91.44% CPU
Optimizing NNI: done in 0.0122467 secs using 99.24% CPU
Iteration 10 / LogL: -3554.174 / Time: 0h:0m:23s
Optimizing NNI: done in 0.012881 secs using 99.36% CPU
Optimizing NNI: done in 0.0093062 secs using 91.96% CPU
Optimizing NNI: done in 0.0162725 secs using 99.15% CPU
Optimizing NNI: done in 0.0184072 secs using 99.11% CPU
Optimizing NNI: done in 0.0138748 secs using 92.03% CPU
Optimizing NNI: done in 0.00978833 secs using 99.17% CPU
Optimizing NNI: done in 0.017448 secs using 99.23% CPU
Estimate model parameters (epsilon = 0.100)
UPDATE BEST LOG-LIKELIHOOD: -3548.477
Optimizing NNI: done in 0.00946853 secs using 99.24% CPU
Optimizing NNI: done in 0.0103402 secs using 89.76% CPU
Optimizing NNI: done in 0.016263 secs using 93.03% CPU
Iteration 20 / LogL: -3548.489 / Time: 0h:0m:23s
Finish initializing candidate tree set (11)
Current best tree score: -3548.477 / CPU time: 0.394
Number of iterations: 20
--------------------------------------------------------------------
|               OPTIMIZING CANDIDATE TREE SET                      |
--------------------------------------------------------------------
Optimizing NNI: done in 0.0187881 secs using 99.04% CPU
Optimizing NNI: done in 0.0131584 secs using 91.73% CPU
Optimizing NNI: done in 0.0155879 secs using 92.73% CPU
Optimizing NNI: done in 0.0139333 secs using 99.26% CPU
Optimizing NNI: done in 0.0116765 secs using 90.75% CPU
Optimizing NNI: done in 0.0139961 secs using 99.19% CPU
Optimizing NNI: done in 0.0117502 secs using 99.05% CPU
Optimizing NNI: done in 0.0135274 secs using 99.07% CPU
Optimizing NNI: done in 0.0152424 secs using 99.09% CPU
Optimizing NNI: done in 0.0145565 secs using 92.35% CPU
Iteration 30 / LogL: -3552.264 / Time: 0h:0m:23s (0h:0m:1s left)
Optimizing NNI: done in 0.0124279 secs using 99.12% CPU
Optimizing NNI: done in 0.00999576 secs using 99% CPU
Optimizing NNI: done in 0.015045 secs using 99.11% CPU
Optimizing NNI: done in 0.0131878 secs using 99.16% CPU
Optimizing NNI: done in 0.0159598 secs using 86.77% CPU
Optimizing NNI: done in 0.0174966 secs using 93.42% CPU
Optimizing NNI: done in 0.0160261 secs using 99.07% CPU
Optimizing NNI: done in 0.0208972 secs using 94.34% CPU
Optimizing NNI: done in 0.00949673 secs using 88.7% CPU
Optimizing NNI: done in 0.0090313 secs using 99.18% CPU
Iteration 40 / LogL: -3551.382 / Time: 0h:0m:23s (0h:0m:1s left)
Optimizing NNI: done in 0.00712058 secs using 68.76% CPU
Optimizing NNI: done in 0.0164066 secs using 93.13% CPU
Optimizing NNI: done in 0.0152033 secs using 86.19% CPU
Optimizing NNI: done in 0.0113938 secs using 99.23% CPU
Optimizing NNI: done in 0.0105794 secs using 99.15% CPU
Optimizing NNI: done in 0.0065352 secs using 99.26% CPU
Optimizing NNI: done in 0.00684963 secs using 84.79% CPU
Optimizing NNI: done in 0.0200117 secs using 99.08% CPU
Optimizing NNI: done in 0.0136896 secs using 91.92% CPU
Optimizing NNI: done in 0.00964897 secs using 88.9% CPU
Iteration 50 / LogL: -3548.688 / Time: 0h:0m:23s (0h:0m:0s left)
Log-likelihood cutoff on original alignment: -3577.455
Optimizing NNI: done in 0.0137974 secs using 99.03% CPU
Optimizing NNI: done in 0.0176965 secs using 93.47% CPU
Optimizing NNI: done in 0.0203581 secs using 98.88% CPU
Optimizing NNI: done in 0.0170673 secs using 98.97% CPU
Optimizing NNI: done in 0.0160652 secs using 99.16% CPU
Optimizing NNI: done in 0.0155624 secs using 92.76% CPU
Optimizing NNI: done in 0.0145235 secs using 98.88% CPU
Optimizing NNI: done in 0.0125095 secs using 99.06% CPU
Optimizing NNI: done in 0.00577027 secs using 99.34% CPU
Optimizing NNI: done in 0.0129915 secs using 91.68% CPU
Iteration 60 / LogL: -3551.677 / Time: 0h:0m:24s (0h:0m:0s left)
Optimizing NNI: done in 0.0157631 secs using 99.17% CPU
Optimizing NNI: done in 0.00981246 secs using 88.92% CPU
Optimizing NNI: done in 0.0129567 secs using 99.32% CPU
Optimizing NNI: done in 0.0154456 secs using 99.23% CPU
Optimizing NNI: done in 0.0153167 secs using 99.09% CPU
Optimizing NNI: done in 0.0079279 secs using 86.56% CPU
Optimizing NNI: done in 0.0150917 secs using 98.68% CPU
Optimizing NNI: done in 0.014979 secs using 99.3% CPU
Optimizing NNI: done in 0.0144164 secs using 99.23% CPU
Optimizing NNI: done in 0.0130393 secs using 99.18% CPU
Iteration 70 / LogL: -3556.533 / Time: 0h:0m:24s (0h:0m:0s left)
Optimizing NNI: done in 0.0113891 secs using 99.25% CPU
Optimizing NNI: done in 0.00825314 secs using 99.2% CPU
Optimizing NNI: done in 0.00968586 secs using 99.23% CPU
Optimizing NNI: done in 0.00909953 secs using 99.27% CPU
Optimizing NNI: done in 0.00882469 secs using 99.36% CPU
Optimizing NNI: done in 0.010118 secs using 99.16% CPU
Optimizing NNI: done in 0.0118026 secs using 99.22% CPU
Optimizing NNI: done in 0.0083999 secs using 99.3% CPU
Optimizing NNI: done in 0.0101056 secs using 99.24% CPU
Optimizing NNI: done in 0.0108224 secs using 90.04% CPU
Iteration 80 / LogL: -3551.537 / Time: 0h:0m:24s (0h:0m:0s left)
Optimizing NNI: done in 0.0140983 secs using 99.13% CPU
Optimizing NNI: done in 0.0152922 secs using 99.2% CPU
Optimizing NNI: done in 0.00816124 secs using 99.1% CPU
Optimizing NNI: done in 0.0161053 secs using 99.1% CPU
Optimizing NNI: done in 0.015824 secs using 86.62% CPU
Optimizing NNI: done in 0.018704 secs using 99.11% CPU
Optimizing NNI: done in 0.00884626 secs using 98.89% CPU
Optimizing NNI: done in 0.0113089 secs using 99% CPU
Optimizing NNI: done in 0.00987927 secs using 99.2% CPU
Optimizing NNI: done in 0.0122919 secs using 91.21% CPU
Iteration 90 / LogL: -3548.784 / Time: 0h:0m:24s (0h:0m:0s left)
Optimizing NNI: done in 0.0128598 secs using 99.32% CPU
Optimizing NNI: done in 0.0123926 secs using 83.34% CPU
Optimizing NNI: done in 0.0129637 secs using 99.25% CPU
Optimizing NNI: done in 0.02151 secs using 99.3% CPU
Optimizing NNI: done in 0.0124611 secs using 99.13% CPU
Optimizing NNI: done in 0.0162066 secs using 99.22% CPU
Optimizing NNI: done in 0.0102678 secs using 99.13% CPU
Optimizing NNI: done in 0.0173311 secs using 99.19% CPU
Optimizing NNI: done in 0.0202483 secs using 94.44% CPU
Optimizing NNI: done in 0.0186481 secs using 99.33% CPU
Iteration 100 / LogL: -3551.370 / Time: 0h:0m:24s (0h:0m:0s left)
Log-likelihood cutoff on original alignment: -3577.401
NOTE: Bootstrap correlation coefficient of split occurrence frequencies: 0.999
Optimizing NNI: done in 0.0137062 secs using 92.1% CPU
Optimizing NNI: done in 0.0125222 secs using 99.26% CPU
Optimizing NNI: done in 0.0121672 secs using 99.15% CPU
Optimizing NNI: done in 0.0222404 secs using 99.35% CPU
Optimizing NNI: done in 0.0129753 secs using 99.21% CPU
Optimizing NNI: done in 0.0100816 secs using 99.25% CPU
TREE SEARCH COMPLETED AFTER 106 ITERATIONS / Time: 0h:0m:24s

--------------------------------------------------------------------
|                    FINALIZING TREE SEARCH                        |
--------------------------------------------------------------------
Performs final model parameters optimization
Estimate model parameters (epsilon = 0.010)
1. Initial log-likelihood: -3548.477
Optimal log-likelihood: -3548.475
Rate parameters:  A-C: 1.00000  A-G: 2.76256  A-T: 1.00000  C-G: 1.00000  C-T: 4.86005  G-T: 1.00000
Base frequencies:  A: 0.250  C: 0.250  G: 0.250  T: 0.250
Gamma shape alpha: 0.488
Parameters optimization took 1 rounds (0.002 sec)
BEST SCORE FOUND : -3548.475
Creating bootstrap support values...
Split supports printed to NEXUS file results_moss_new/07_phylogeny/Not_sex_linked/G5206.splits.nex
Total tree length: 2.195

Total number of iterations: 106
CPU time used for tree search: 1.660 sec (0h:0m:1s)
Wall-clock time used for tree search: 1.718 sec (0h:0m:1s)
Total CPU time used: 32.773 sec (0h:0m:32s)
Total wall-clock time used: 24.872 sec (0h:0m:24s)

Computing bootstrap consensus tree...
Reading input file results_moss_new/07_phylogeny/Not_sex_linked/G5206.splits.nex...
17 taxa and 111 splits.
Consensus tree written to results_moss_new/07_phylogeny/Not_sex_linked/G5206.contree
Reading input trees file results_moss_new/07_phylogeny/Not_sex_linked/G5206.contree
Log-likelihood of consensus tree: -3551.250

Analysis results written to: 
  IQ-TREE report:                results_moss_new/07_phylogeny/Not_sex_linked/G5206.iqtree
  Maximum-likelihood tree:       results_moss_new/07_phylogeny/Not_sex_linked/G5206.treefile
  Likelihood distances:          results_moss_new/07_phylogeny/Not_sex_linked/G5206.mldist

Ultrafast bootstrap approximation results written to:
  Split support values:          results_moss_new/07_phylogeny/Not_sex_linked/G5206.splits.nex
  Consensus tree:                results_moss_new/07_phylogeny/Not_sex_linked/G5206.contree
  Screen log file:               results_moss_new/07_phylogeny/Not_sex_linked/G5206.log

Date and Time: Thu Jun 11 22:40:39 2026
