IQ-TREE version 3.0.1 for Linux x86 64-bit built Jul  9 2025
Developed by Bui Quang Minh, Thomas Wong, Nhan Ly-Trong, Huaiyan Ren
Contributed by Lam-Tung Nguyen, Dominik Schrempf, Chris Bielow,
Olga Chernomor, Michael Woodhams, Diep Thi Hoang, Heiko Schmidt

Host:    c0710a-s29.ufhpc (AVX2, FMA3, 503 GB RAM)
Command: iqtree -s results_moss_new/06_alignment/Not_sex_linked/trimmed/G6883.trimmed.aln --prefix results_moss_new/07_phylogeny/Not_sex_linked/G6883 -m MFP -B 1000 -T AUTO
Seed:    157079 (Using SPRNG - Scalable Parallel Random Number Generator)
Time:    Thu Jun 11 22:34:19 2026
Kernel:  AVX+FMA - auto-detect threads (8 CPU cores detected)

Reading alignment file results_moss_new/06_alignment/Not_sex_linked/trimmed/G6883.trimmed.aln ... Fasta format detected
Reading fasta file: done in 0.000622182 secs
Alignment most likely contains DNA/RNA sequences
Constructing alignment: done in 0.000606513 secs using 73.21% CPU
Alignment has 10 sequences with 1871 columns, 947 distinct patterns
654 parsimony-informative, 514 singleton sites, 703 constant sites
                  Gap/Ambiguity  Composition  p-value
Analyzing sequences: done in 1.591e-05 secs using 100.6% CPU
   1  S0010_G6883_R1_A    0.53%    passed     78.15%
   2  S0009_G6883_R1_A    0.86%    passed     82.15%
   3  S0015_G6883_R1_A    6.25%    passed     12.89%
   4  S0008_G6883_R1_A    8.50%    passed      5.00%
   5  S0034_G6883_R1_A    3.85%    passed     38.49%
   6  S0014_G6883_R1_A    5.72%    passed     74.92%
   7  S0027_G6883_R1_A   11.97%    passed     57.47%
   8  S0051_G6883_R1_A   15.18%    failed      0.11%
   9  S0039_G6883_R1_A   31.64%    failed      0.01%
  10  S0003_G6883_R1_N   22.82%    passed     65.27%
****  TOTAL              10.73%  2 sequences failed composition chi2 test (p-value<5%; df=3)
Checking for duplicate sequences: done in 2.40451e-05 secs using 99.81% CPU


Create initial parsimony tree by phylogenetic likelihood library (PLL)... 0.000 seconds
Measuring multi-threading efficiency up to 8 CPU cores
Increase to 10 rounds for branch lengths
711 trees examined
Threads: 1 / Time: 8.009 sec / Speedup: 1.000 / Efficiency: 100% / LogL: -11178
Threads: 2 / Time: 18.866 sec / Speedup: 0.425 / Efficiency: 21% / LogL: -11178
Determining AUTO threadcount: done in 26.8752 secs using 99.77% CPU
BEST NUMBER OF THREADS: 1

Perform fast likelihood tree search using GTR+I+G model...
Estimate model parameters (epsilon = 5.000)
Perform nearest neighbor interchange...
Optimizing NNI: done in 0.00458998 secs using 99.28% CPU
Estimate model parameters (epsilon = 1.000)
1. Initial log-likelihood: -9864.545
Optimal log-likelihood: -9864.493
Rate parameters:  A-C: 0.96836  A-G: 3.15214  A-T: 1.08387  C-G: 0.94638  C-T: 3.48253  G-T: 1.00000
Base frequencies:  A: 0.243  C: 0.199  G: 0.246  T: 0.312
Proportion of invariable sites: 0.189
Gamma shape alpha: 2.917
Parameters optimization took 1 rounds (0.024 sec)
Time for fast ML tree search: 0.097 seconds

NOTE: ModelFinder requires 6 MB RAM!
ModelFinder will test up to 968 DNA models (sample size: 1871 epsilon: 0.100) ...
 No. Model         -LnL         df  AIC          AICc         BIC
  1  JC            10197.197    17  20428.394    20428.724    20522.475
  2  JC+I          10115.188    18  20266.377    20266.746    20365.993
  3  JC+G4         10114.875    18  20265.751    20266.120    20365.367
  4  JC+I+G4       10112.162    19  20262.325    20262.735    20367.475
  5  JC+R2         10111.248    19  20260.496    20260.907    20365.647
  6  JC+R3         10111.325    21  20264.649    20265.149    20380.868
 14  JC+I+R2       10111.453    20  20262.906    20263.361    20373.591
+I+R3 reinitialized from +I+R2 with factor 0.500
 15  JC+I+R3       10111.457    22  20266.915    20267.462    20388.668
 24  JC+I          10115.188    18  20266.377    20266.746    20365.993
 25  JC+G4         10114.875    18  20265.751    20266.120    20365.367
 26  JC+I+G4       10112.162    19  20262.325    20262.735    20367.475
 27  JC+R2         10111.248    19  20260.496    20260.907    20365.647
 36  JC+I+R2       10111.453    20  20262.906    20263.361    20373.591
 46  F81+I         10115.190    18  20266.379    20266.748    20365.995
 47  F81+G4        10114.873    18  20265.745    20266.115    20365.362
 48  F81+I+G4      10112.160    19  20262.320    20262.730    20367.470
 49  F81+R2        10111.139    19  20260.279    20260.689    20365.429
 58  F81+I+R2      10111.442    20  20262.884    20263.338    20373.569
 68  F81+F+I       10074.451    21  20190.901    20191.401    20307.120
 69  F81+F+G4      10074.978    21  20191.956    20192.456    20308.175
 70  F81+F+I+G4    10071.603    22  20187.207    20187.754    20308.960
 71  F81+F+R2      10070.676    22  20185.351    20185.899    20307.104
 80  F81+F+I+R2    10070.945    23  20187.889    20188.487    20315.177
 90  K2P+I         9924.024     19  19886.048    19886.459    19991.199
 91  K2P+G4        9923.130     19  19884.260    19884.671    19989.411
 92  K2P+I+G4      9919.830     20  19879.660    19880.114    19990.344
 93  K2P+R2        9919.253     20  19878.506    19878.960    19989.191
102  K2P+I+R2      9919.357     21  19880.714    19881.214    19996.933
112  K2P+I         9924.024     19  19886.048    19886.459    19991.199
113  K2P+G4        9923.130     19  19884.260    19884.671    19989.411
114  K2P+I+G4      9919.830     20  19879.660    19880.114    19990.344
115  K2P+R2        9919.253     20  19878.506    19878.960    19989.191
124  K2P+I+R2      9919.357     21  19880.714    19881.214    19996.933
134  HKY+I         9924.028     19  19886.055    19886.466    19991.206
135  HKY+G4        9923.127     19  19884.254    19884.665    19989.404
136  HKY+I+G4      9919.821     20  19879.643    19880.097    19990.327
137  HKY+R2        9919.217     20  19878.433    19878.888    19989.118
146  HKY+I+R2      9919.344     21  19880.688    19881.187    19996.906
156  HKY+F+I       9870.098     22  19784.196    19784.744    19905.949
157  HKY+F+G4      9869.875     22  19783.750    19784.298    19905.503
158  HKY+F+I+G4    9865.764     23  19777.528    19778.125    19904.815
159  HKY+F+R2      9865.208     23  19776.416    19777.014    19903.703
168  HKY+F+I+R2    9865.290     24  19778.580    19779.230    19911.401
178  TNe+I         9924.030     20  19888.060    19888.514    19998.744
179  TNe+G4        9922.226     20  19884.452    19884.906    19995.136
180  TNe+I+G4      9919.522     21  19881.045    19881.544    19997.263
181  TNe+R2        9918.680     21  19879.361    19879.860    19995.579
190  TNe+I+R2      9918.960     22  19881.919    19882.467    20003.672
200  TNe+I         9924.030     20  19888.060    19888.514    19998.744
201  TNe+G4        9922.226     20  19884.452    19884.906    19995.136
202  TNe+I+G4      9919.522     21  19881.045    19881.544    19997.263
203  TNe+R2        9918.680     21  19879.361    19879.860    19995.579
212  TNe+I+R2      9918.960     22  19881.919    19882.467    20003.672
222  TN+I          9924.023     20  19888.045    19888.499    19998.730
223  TN+G4         9922.226     20  19884.451    19884.905    19995.136
224  TN+I+G4       9919.521     21  19881.042    19881.542    19997.261
225  TN+R2         9918.676     21  19879.351    19879.851    19995.570
234  TN+I+R2       9918.949     22  19881.899    19882.446    20003.652
244  TN+F+I        9870.003     23  19786.007    19786.604    19913.294
245  TN+F+G4       9868.442     23  19782.884    19783.481    19910.171
246  TN+F+I+G4     9865.090     24  19778.180    19778.831    19911.002
247  TN+F+R2       9864.334     24  19776.667    19777.317    19909.489
256  TN+F+I+R2     9864.504     25  19779.009    19779.713    19917.364
266  K3P+I         9923.927     20  19887.855    19888.309    19998.539
267  K3P+G4        9923.003     20  19886.007    19886.461    19996.692
268  K3P+I+G4      9919.711     21  19881.423    19881.923    19997.642
269  K3P+R2        9919.029     21  19880.059    19880.559    19996.278
278  K3P+I+R2      9919.209     22  19882.418    19882.965    20004.171
288  K3P+I         9923.927     20  19887.855    19888.309    19998.539
289  K3P+G4        9923.003     20  19886.007    19886.461    19996.692
290  K3P+I+G4      9919.711     21  19881.423    19881.923    19997.642
291  K3P+R2        9919.029     21  19880.059    19880.559    19996.278
300  K3P+I+R2      9919.209     22  19882.418    19882.965    20004.171
310  K3Pu+I        9923.929     20  19887.859    19888.313    19998.543
311  K3Pu+G4       9923.004     20  19886.007    19886.461    19996.692
312  K3Pu+I+G4     9919.710     21  19881.420    19881.920    19997.639
313  K3Pu+R2       9919.010     21  19880.019    19880.519    19996.238
322  K3Pu+I+R2     9919.203     22  19882.406    19882.954    20004.159
332  K3Pu+F+I      9869.978     23  19785.955    19786.553    19913.242
333  K3Pu+F+G4     9869.757     23  19785.514    19786.112    19912.801
334  K3Pu+F+I+G4   9865.639     24  19779.278    19779.928    19912.099
335  K3Pu+F+R2     9865.092     24  19778.185    19778.835    19911.006
344  K3Pu+F+I+R2   9865.163     25  19780.326    19781.031    19918.682
354  TPM2+I        9923.823     20  19887.647    19888.101    19998.331
355  TPM2+G4       9922.941     20  19885.883    19886.337    19996.567
356  TPM2+I+G4     9919.640     21  19881.279    19881.779    19997.498
357  TPM2+R2       9919.033     21  19880.066    19880.565    19996.284
366  TPM2+I+R2     9919.179     22  19882.358    19882.906    20004.111
376  TPM2+I        9923.823     20  19887.647    19888.101    19998.331
377  TPM2+G4       9922.941     20  19885.883    19886.337    19996.567
378  TPM2+I+G4     9919.640     21  19881.279    19881.779    19997.498
379  TPM2+R2       9919.033     21  19880.066    19880.565    19996.284
388  TPM2+I+R2     9919.179     22  19882.358    19882.906    20004.111
398  TPM2u+I       9923.826     20  19887.651    19888.105    19998.336
399  TPM2u+G4      9922.941     20  19885.883    19886.337    19996.567
400  TPM2u+I+G4    9919.638     21  19881.276    19881.776    19997.495
401  TPM2u+R2      9919.013     21  19880.026    19880.526    19996.245
410  TPM2u+I+R2    9919.175     22  19882.351    19882.898    20004.104
420  TPM2u+F+I     9869.838     23  19785.675    19786.273    19912.963
421  TPM2u+F+G4    9869.621     23  19785.242    19785.840    19912.529
422  TPM2u+F+I+G4  9865.508     24  19779.016    19779.667    19911.838
423  TPM2u+F+R2    9865.042     24  19778.084    19778.734    19910.906
432  TPM2u+F+I+R2  9865.079     25  19780.157    19780.862    19918.513
442  TPM3+I        9916.462     20  19872.924    19873.378    19983.608
443  TPM3+G4       9914.282     20  19868.563    19869.017    19979.248
444  TPM3+I+G4     9911.524     21  19865.048    19865.548    19981.267
445  TPM3+R2       9910.487     21  19862.974    19863.474    19979.193
454  TPM3+I+R2     9910.874     22  19865.749    19866.296    19987.502
464  TPM3+I        9916.462     20  19872.924    19873.378    19983.608
465  TPM3+G4       9914.282     20  19868.563    19869.017    19979.248
466  TPM3+I+G4     9911.524     21  19865.048    19865.548    19981.267
467  TPM3+R2       9910.487     21  19862.974    19863.474    19979.193
476  TPM3+I+R2     9910.874     22  19865.749    19866.296    19987.502
486  TPM3u+I       9916.464     20  19872.927    19873.382    19983.612
487  TPM3u+G4      9914.284     20  19868.567    19869.021    19979.252
488  TPM3u+I+G4    9911.524     21  19865.047    19865.547    19981.266
489  TPM3u+R2      9910.475     21  19862.949    19863.449    19979.168
498  TPM3u+I+R2    9910.871     22  19865.741    19866.289    19987.494
508  TPM3u+F+I     9869.605     23  19785.210    19785.808    19912.498
509  TPM3u+F+G4    9869.574     23  19785.147    19785.745    19912.435
510  TPM3u+F+I+G4  9865.428     24  19778.855    19779.505    19911.677
511  TPM3u+F+R2    9864.920     24  19777.839    19778.489    19910.661
520  TPM3u+F+I+R2  9864.973     25  19779.945    19780.650    19918.301
530  TIMe+I        9923.932     21  19889.863    19890.363    20006.082
531  TIMe+G4       9922.107     21  19886.214    19886.714    20002.433
532  TIMe+I+G4     9919.415     22  19882.831    19883.378    20004.584
533  TIMe+R2       9918.571     22  19881.142    19881.690    20002.895
542  TIMe+I+R2     9918.835     23  19883.670    19884.267    20010.957
552  TIMe+I        9923.932     21  19889.863    19890.363    20006.082
553  TIMe+G4       9922.107     21  19886.214    19886.714    20002.433
554  TIMe+I+G4     9919.415     22  19882.831    19883.378    20004.584
555  TIMe+R2       9918.571     22  19881.142    19881.690    20002.895
564  TIMe+I+R2     9918.835     23  19883.670    19884.267    20010.957
574  TIM+I         9923.924     21  19889.848    19890.348    20006.067
575  TIM+G4        9922.106     21  19886.212    19886.711    20002.430
576  TIM+I+G4      9919.414     22  19882.828    19883.376    20004.581
577  TIM+R2        9918.561     22  19881.123    19881.670    20002.876
586  TIM+I+R2      9918.829     23  19883.659    19884.256    20010.946
596  TIM+F+I       9869.880     24  19787.761    19788.411    19920.582
597  TIM+F+G4      9868.323     24  19784.646    19785.296    19917.467
598  TIM+F+I+G4    9864.976     25  19779.951    19780.656    19918.307
599  TIM+F+R2      9864.174     25  19778.347    19779.052    19916.703
608  TIM+F+I+R2    9864.374     26  19780.748    19781.509    19924.638
618  TIM2e+I       9923.822     21  19889.645    19890.144    20005.863
619  TIM2e+G4      9922.038     21  19886.076    19886.576    20002.295
620  TIM2e+I+G4    9919.339     22  19882.678    19883.225    20004.431
621  TIM2e+R2      9918.525     22  19881.050    19881.597    20002.803
630  TIM2e+I+R2    9918.790     23  19883.580    19884.178    20010.868
640  TIM2e+I       9923.822     21  19889.645    19890.144    20005.863
641  TIM2e+G4      9922.038     21  19886.076    19886.576    20002.295
642  TIM2e+I+G4    9919.339     22  19882.678    19883.225    20004.431
643  TIM2e+R2      9918.525     22  19881.050    19881.597    20002.803
652  TIM2e+I+R2    9918.790     23  19883.580    19884.178    20010.868
662  TIM2+I        9923.819     21  19889.638    19890.138    20005.857
663  TIM2+G4       9922.037     21  19886.074    19886.574    20002.293
664  TIM2+I+G4     9919.338     22  19882.675    19883.223    20004.428
665  TIM2+R2       9918.517     22  19881.033    19881.581    20002.786
674  TIM2+I+R2     9918.783     23  19883.565    19884.163    20010.853
684  TIM2+F+I      9869.734     24  19787.469    19788.119    19920.290
685  TIM2+F+G4     9868.185     24  19784.370    19785.020    19917.192
686  TIM2+F+I+G4   9864.840     25  19779.680    19780.385    19918.036
687  TIM2+F+R2     9864.114     25  19778.228    19778.933    19916.584
696  TIM2+F+I+R2   9864.282     26  19780.563    19781.325    19924.453
706  TIM3e+I       9916.453     21  19874.906    19875.406    19991.125
707  TIM3e+G4      9913.262     21  19868.523    19869.023    19984.742
708  TIM3e+I+G4    9911.162     22  19866.324    19866.872    19988.077
709  TIM3e+R2      9909.920     22  19863.840    19864.388    19985.593
718  TIM3e+I+R2    9910.420     23  19866.839    19867.437    19994.126
728  TIM3e+I       9916.453     21  19874.906    19875.406    19991.125
729  TIM3e+G4      9913.262     21  19868.523    19869.023    19984.742
730  TIM3e+I+G4    9911.162     22  19866.324    19866.872    19988.077
731  TIM3e+R2      9909.920     22  19863.840    19864.388    19985.593
740  TIM3e+I+R2    9910.420     23  19866.839    19867.437    19994.126
750  TIM3+I        9916.456     21  19874.912    19875.411    19991.130
751  TIM3+G4       9913.261     21  19868.523    19869.022    19984.741
752  TIM3+I+G4     9911.155     22  19866.309    19866.857    19988.062
753  TIM3+R2       9909.919     22  19863.838    19864.385    19985.591
762  TIM3+I+R2     9910.413     23  19866.826    19867.423    19994.113
772  TIM3+F+I      9869.505     24  19787.010    19787.660    19919.832
773  TIM3+F+G4     9868.154     24  19784.307    19784.957    19917.129
774  TIM3+F+I+G4   9864.767     25  19779.535    19780.239    19917.890
775  TIM3+F+R2     9863.975     25  19777.949    19778.654    19916.305
784  TIM3+F+I+R2   9864.179     26  19780.358    19781.120    19924.248
794  TVMe+I        9916.227     22  19876.454    19877.002    19998.207
795  TVMe+G4       9914.060     22  19872.120    19872.667    19993.873
796  TVMe+I+G4     9911.318     23  19868.636    19869.233    19995.923
797  TVMe+R2       9910.214     23  19866.428    19867.026    19993.715
806  TVMe+I+R2     9910.657     24  19869.315    19869.965    20002.136
816  TVMe+I        9916.227     22  19876.454    19877.002    19998.207
817  TVMe+G4       9914.060     22  19872.120    19872.667    19993.873
818  TVMe+I+G4     9911.318     23  19868.636    19869.233    19995.923
819  TVMe+R2       9910.214     23  19866.428    19867.026    19993.715
828  TVMe+I+R2     9910.657     24  19869.315    19869.965    20002.136
838  TVM+I         9916.231     22  19876.461    19877.009    19998.214
839  TVM+G4        9914.060     22  19872.119    19872.667    19993.872
840  TVM+I+G4      9911.316     23  19868.632    19869.230    19995.919
841  TVM+R2        9910.210     23  19866.419    19867.017    19993.706
850  TVM+I+R2      9910.652     24  19869.304    19869.954    20002.125
860  TVM+F+I       9869.304     25  19788.608    19789.312    19926.963
861  TVM+F+G4      9869.277     25  19788.554    19789.258    19926.909
862  TVM+F+I+G4    9865.137     26  19782.273    19783.035    19926.163
863  TVM+F+R2      9864.592     26  19781.183    19781.944    19925.073
872  TVM+F+I+R2    9864.690     27  19783.379    19784.200    19932.803
882  SYM+I         9916.218     23  19878.436    19879.034    20005.723
883  SYM+G4        9913.038     23  19872.076    19872.674    19999.364
884  SYM+I+G4      9910.935     24  19869.870    19870.520    20002.692
885  SYM+R2        9909.717     24  19867.434    19868.084    20000.256
894  SYM+I+R2      9910.202     25  19870.405    19871.110    20008.761
904  SYM+I         9916.218     23  19878.436    19879.034    20005.723
905  SYM+G4        9913.038     23  19872.076    19872.674    19999.364
906  SYM+I+G4      9910.935     24  19869.870    19870.520    20002.692
907  SYM+R2        9909.717     24  19867.434    19868.084    20000.256
916  SYM+I+R2      9910.202     25  19870.405    19871.110    20008.761
926  GTR+I         9916.219     23  19878.438    19879.035    20005.725
927  GTR+G4        9913.038     23  19872.075    19872.673    19999.362
928  GTR+I+G4      9910.929     24  19869.858    19870.508    20002.680
929  GTR+R2        9909.717     24  19867.435    19868.085    20000.256
938  GTR+I+R2      9910.198     25  19870.395    19871.100    20008.751
948  GTR+F+I       9869.197     26  19790.393    19791.155    19934.283
949  GTR+F+G4      9867.861     26  19787.722    19788.483    19931.612
950  GTR+F+I+G4    9864.482     27  19782.963    19783.784    19932.387
951  GTR+F+R2      9863.707     27  19781.415    19782.235    19930.839
960  GTR+F+I+R2    9863.913     28  19783.825    19784.707    19938.784
Akaike Information Criterion:           HKY+F+R2
Corrected Akaike Information Criterion: HKY+F+R2
Bayesian Information Criterion:         HKY+F+R2
Best-fit model: HKY+F+R2 chosen according to BIC

All model information printed to results_moss_new/07_phylogeny/Not_sex_linked/G6883.model.gz
CPU time for ModelFinder: 28.627 seconds (0h:0m:28s)
Wall-clock time for ModelFinder: 29.782 seconds (0h:0m:29s)
Generating 1000 samples for ultrafast bootstrap (seed: 157079)...

NOTE: 4 MB RAM (0 GB) is required!
Estimate model parameters (epsilon = 0.100)
1. Initial log-likelihood: -9865.108
Optimal log-likelihood: -9865.054
Rate parameters:  A-C: 1.00000  A-G: 3.28339  A-T: 1.00000  C-G: 1.00000  C-T: 3.28339  G-T: 1.00000
Base frequencies:  A: 0.243  C: 0.199  G: 0.246  T: 0.312
Site proportion and rates:  (0.455,0.208) (0.545,1.661)
Parameters optimization took 1 rounds (0.004 sec)
Wrote distance file to... 
Computing ML distances based on estimated model parameters...
Calculating distance matrix: done in 0.000263472 secs using 97.54% CPU
Computing ML distances took 0.000304 sec (of wall-clock time) 0.000300 sec (of CPU time)
Setting up auxiliary I and S matrices: done in 2.68898e-05 secs using 96.69% CPU
Constructing RapidNJ tree: done in 2.6559e-05 secs using 101.7% CPU
Computing RapidNJ tree took 0.000218 sec (of wall-clock time) 0.000132 sec (of CPU time)
Log-likelihood of RapidNJ tree: -9921.309
--------------------------------------------------------------------
|             INITIALIZING CANDIDATE TREE SET                      |
--------------------------------------------------------------------
Generating 98 parsimony trees... 0.092 second
Computing log-likelihood of 84 initial trees ... 0.084 seconds
Current best score: -9865.054

Do NNI search on 20 best initial trees
Optimizing NNI: done in 0.00391058 secs using 98.94% CPU
Estimate model parameters (epsilon = 0.100)
BETTER TREE FOUND at iteration 1: -9865.034
Optimizing NNI: done in 0.00777156 secs using 98.69% CPU
Optimizing NNI: done in 0.00775586 secs using 98.38% CPU
Optimizing NNI: done in 0.0199448 secs using 98.96% CPU
Optimizing NNI: done in 0.00772617 secs using 98.88% CPU
Optimizing NNI: done in 0.0077168 secs using 98.97% CPU
Optimizing NNI: done in 0.00818982 secs using 99.34% CPU
Optimizing NNI: done in 0.008194 secs using 99.15% CPU
Optimizing NNI: done in 0.0120199 secs using 99.26% CPU
Optimizing NNI: done in 0.00824974 secs using 99.09% CPU
Iteration 10 / LogL: -9867.457 / Time: 0h:0m:30s
Optimizing NNI: done in 0.0171762 secs using 38.09% CPU
Optimizing NNI: done in 0.00660708 secs using 99.2% CPU
Optimizing NNI: done in 0.0122495 secs using 99.09% CPU
Optimizing NNI: done in 0.0119912 secs using 90.93% CPU
Optimizing NNI: done in 0.00810551 secs using 99.2% CPU
Optimizing NNI: done in 0.00666967 secs using 84.43% CPU
Optimizing NNI: done in 0.0120822 secs using 99.31% CPU
Optimizing NNI: done in 0.0120162 secs using 99.37% CPU
Optimizing NNI: done in 0.0120953 secs using 99.06% CPU
Optimizing NNI: done in 0.00819898 secs using 99.13% CPU
Iteration 20 / LogL: -9867.371 / Time: 0h:0m:30s
Finish initializing candidate tree set (2)
Current best tree score: -9865.034 / CPU time: 0.395
Number of iterations: 20
--------------------------------------------------------------------
|               OPTIMIZING CANDIDATE TREE SET                      |
--------------------------------------------------------------------
Optimizing NNI: done in 0.00868251 secs using 87.35% CPU
Optimizing NNI: done in 0.0134047 secs using 98.91% CPU
Optimizing NNI: done in 0.0128724 secs using 99.19% CPU
Optimizing NNI: done in 0.00691659 secs using 99.1% CPU
Optimizing NNI: done in 0.00677854 secs using 99.17% CPU
UPDATE BEST LOG-LIKELIHOOD: -9865.034
Optimizing NNI: done in 0.00696061 secs using 98.78% CPU
Optimizing NNI: done in 0.0133458 secs using 99.21% CPU
Optimizing NNI: done in 0.0167394 secs using 99.3% CPU
Optimizing NNI: done in 0.00915005 secs using 99.29% CPU
Optimizing NNI: done in 0.00964022 secs using 99.43% CPU
Iteration 30 / LogL: -9873.409 / Time: 0h:0m:30s (0h:0m:1s left)
Optimizing NNI: done in 0.0102435 secs using 98.7% CPU
Optimizing NNI: done in 0.00674398 secs using 99.02% CPU
Optimizing NNI: done in 0.00629378 secs using 98.81% CPU
Optimizing NNI: done in 0.0121945 secs using 98.89% CPU
Optimizing NNI: done in 0.0104541 secs using 98.9% CPU
Optimizing NNI: done in 0.0085069 secs using 99.12% CPU
Optimizing NNI: done in 0.0185558 secs using 99.38% CPU
Optimizing NNI: done in 0.00860427 secs using 99.35% CPU
Optimizing NNI: done in 0.0168843 secs using 99.43% CPU
Optimizing NNI: done in 0.0147473 secs using 99.17% CPU
Iteration 40 / LogL: -9873.860 / Time: 0h:0m:30s (0h:0m:1s left)
Optimizing NNI: done in 0.00679027 secs using 99.22% CPU
Optimizing NNI: done in 0.0107892 secs using 99.23% CPU
Optimizing NNI: done in 0.0286486 secs using 99.3% CPU
Optimizing NNI: done in 0.0184586 secs using 99.28% CPU
Optimizing NNI: done in 0.0134966 secs using 91.85% CPU
Optimizing NNI: done in 0.0108135 secs using 99.33% CPU
Optimizing NNI: done in 0.0147165 secs using 99.34% CPU
Optimizing NNI: done in 0.0171343 secs using 99.25% CPU
Optimizing NNI: done in 0.0215202 secs using 99.14% CPU
Optimizing NNI: done in 0.0121179 secs using 99.23% CPU
Iteration 50 / LogL: -9873.853 / Time: 0h:0m:30s (0h:0m:0s left)
Log-likelihood cutoff on original alignment: -9898.216
Optimizing NNI: done in 0.0105836 secs using 99.37% CPU
Optimizing NNI: done in 0.0104705 secs using 99.37% CPU
Optimizing NNI: done in 0.0173183 secs using 99.35% CPU
Optimizing NNI: done in 0.0100664 secs using 99.14% CPU
Optimizing NNI: done in 0.0074015 secs using 99.3% CPU
Optimizing NNI: done in 0.0116492 secs using 99.3% CPU
Optimizing NNI: done in 0.006624 secs using 99.15% CPU
Optimizing NNI: done in 0.0111979 secs using 95.88% CPU
Optimizing NNI: done in 0.014984 secs using 98.9% CPU
Optimizing NNI: done in 0.0102564 secs using 99.09% CPU
Iteration 60 / LogL: -9869.967 / Time: 0h:0m:30s (0h:0m:0s left)
Optimizing NNI: done in 0.0132032 secs using 99.07% CPU
Optimizing NNI: done in 0.022185 secs using 94.75% CPU
Optimizing NNI: done in 0.00992543 secs using 98.92% CPU
Optimizing NNI: done in 0.0286472 secs using 98.94% CPU
WARNING: NNI search needs unusual large number of steps (10) to converge!
Optimizing NNI: done in 0.00672552 secs using 99.04% CPU
Optimizing NNI: done in 0.0116367 secs using 99.04% CPU
Optimizing NNI: done in 0.0182723 secs using 99.06% CPU
Optimizing NNI: done in 0.0135705 secs using 98.99% CPU
Optimizing NNI: done in 0.016114 secs using 86.96% CPU
Optimizing NNI: done in 0.00695829 secs using 99.19% CPU
Iteration 70 / LogL: -9865.108 / Time: 0h:0m:31s (0h:0m:0s left)
Optimizing NNI: done in 0.0105454 secs using 99.14% CPU
Optimizing NNI: done in 0.0109568 secs using 99.14% CPU
Optimizing NNI: done in 0.0107821 secs using 99.26% CPU
Optimizing NNI: done in 0.0138387 secs using 99.14% CPU
Optimizing NNI: done in 0.0134267 secs using 99.02% CPU
Optimizing NNI: done in 0.00748023 secs using 99.01% CPU
Optimizing NNI: done in 0.0148794 secs using 92.32% CPU
Optimizing NNI: done in 0.01029 secs using 98.97% CPU
Optimizing NNI: done in 0.00682341 secs using 99.25% CPU
Optimizing NNI: done in 0.00963154 secs using 99.29% CPU
Iteration 80 / LogL: -9865.577 / Time: 0h:0m:31s (0h:0m:0s left)
Optimizing NNI: done in 0.0142119 secs using 99.09% CPU
Optimizing NNI: done in 0.0109754 secs using 99.19% CPU
Optimizing NNI: done in 0.0184948 secs using 99.02% CPU
Optimizing NNI: done in 0.0104394 secs using 98.91% CPU
Optimizing NNI: done in 0.00846378 secs using 99.14% CPU
Optimizing NNI: done in 0.0145079 secs using 99.23% CPU
Optimizing NNI: done in 0.0100254 secs using 99.07% CPU
Optimizing NNI: done in 0.0168267 secs using 93.28% CPU
Optimizing NNI: done in 0.0087396 secs using 99.25% CPU
Optimizing NNI: done in 0.00675165 secs using 99.43% CPU
UPDATE BEST LOG-LIKELIHOOD: -9865.034
Iteration 90 / LogL: -9865.034 / Time: 0h:0m:31s (0h:0m:0s left)
Optimizing NNI: done in 0.00793633 secs using 98.91% CPU
Optimizing NNI: done in 0.0127952 secs using 98.79% CPU
Optimizing NNI: done in 0.0123431 secs using 98.82% CPU
Optimizing NNI: done in 0.0179723 secs using 98.95% CPU
Optimizing NNI: done in 0.0170933 secs using 93.15% CPU
Optimizing NNI: done in 0.010963 secs using 98.7% CPU
Optimizing NNI: done in 0.0109478 secs using 98.92% CPU
Optimizing NNI: done in 0.00651593 secs using 98.96% CPU
Optimizing NNI: done in 0.0143969 secs using 92.07% CPU
Optimizing NNI: done in 0.0197029 secs using 99.01% CPU
Iteration 100 / LogL: -9873.840 / Time: 0h:0m:31s (0h:0m:0s left)
Log-likelihood cutoff on original alignment: -9898.216
NOTE: Bootstrap correlation coefficient of split occurrence frequencies: 1.000
Optimizing NNI: done in 0.00997495 secs using 98.98% CPU
Optimizing NNI: done in 0.00696324 secs using 99.11% CPU
TREE SEARCH COMPLETED AFTER 102 ITERATIONS / Time: 0h:0m:31s

--------------------------------------------------------------------
|                    FINALIZING TREE SEARCH                        |
--------------------------------------------------------------------
Performs final model parameters optimization
Estimate model parameters (epsilon = 0.010)
1. Initial log-likelihood: -9865.034
2. Current log-likelihood: -9865.018
3. Current log-likelihood: -9865.002
4. Current log-likelihood: -9864.989
5. Current log-likelihood: -9864.977
6. Current log-likelihood: -9864.966
Optimal log-likelihood: -9864.956
Rate parameters:  A-C: 1.00000  A-G: 3.28325  A-T: 1.00000  C-G: 1.00000  C-T: 3.28325  G-T: 1.00000
Base frequencies:  A: 0.243  C: 0.199  G: 0.246  T: 0.312
Site proportion and rates:  (0.444,0.198) (0.556,1.640)
Parameters optimization took 6 rounds (0.020 sec)
BEST SCORE FOUND : -9864.956
Creating bootstrap support values...
Split supports printed to NEXUS file results_moss_new/07_phylogeny/Not_sex_linked/G6883.splits.nex
Total tree length: 1.915

Total number of iterations: 102
CPU time used for tree search: 1.449 sec (0h:0m:1s)
Wall-clock time used for tree search: 1.593 sec (0h:0m:1s)
Total CPU time used: 30.150 sec (0h:0m:30s)
Total wall-clock time used: 31.496 sec (0h:0m:31s)

Computing bootstrap consensus tree...
Reading input file results_moss_new/07_phylogeny/Not_sex_linked/G6883.splits.nex...
10 taxa and 39 splits.
Consensus tree written to results_moss_new/07_phylogeny/Not_sex_linked/G6883.contree
Reading input trees file results_moss_new/07_phylogeny/Not_sex_linked/G6883.contree
Log-likelihood of consensus tree: -9864.956

Analysis results written to: 
  IQ-TREE report:                results_moss_new/07_phylogeny/Not_sex_linked/G6883.iqtree
  Maximum-likelihood tree:       results_moss_new/07_phylogeny/Not_sex_linked/G6883.treefile
  Likelihood distances:          results_moss_new/07_phylogeny/Not_sex_linked/G6883.mldist

Ultrafast bootstrap approximation results written to:
  Split support values:          results_moss_new/07_phylogeny/Not_sex_linked/G6883.splits.nex
  Consensus tree:                results_moss_new/07_phylogeny/Not_sex_linked/G6883.contree
  Screen log file:               results_moss_new/07_phylogeny/Not_sex_linked/G6883.log

Date and Time: Thu Jun 11 22:34:50 2026
