IQ-TREE version 3.0.1 for Linux x86 64-bit built Jul  9 2025
Developed by Bui Quang Minh, Thomas Wong, Nhan Ly-Trong, Huaiyan Ren
Contributed by Lam-Tung Nguyen, Dominik Schrempf, Chris Bielow,
Olga Chernomor, Michael Woodhams, Diep Thi Hoang, Heiko Schmidt

Host:    c0710a-s29.ufhpc (AVX2, FMA3, 503 GB RAM)
Command: iqtree -s results_moss_new/06_alignment/All/trimmed/G5857.trimmed.aln --prefix results_moss_new/07_phylogeny/All/G5857 -m MFP -B 1000 -T AUTO
Seed:    60529 (Using SPRNG - Scalable Parallel Random Number Generator)
Time:    Thu Jun 11 22:27:27 2026
Kernel:  AVX+FMA - auto-detect threads (8 CPU cores detected)

Reading alignment file results_moss_new/06_alignment/All/trimmed/G5857.trimmed.aln ... Fasta format detected
Reading fasta file: done in 0.000317243 secs using 33.41% CPU
Alignment most likely contains DNA/RNA sequences
Constructing alignment: done in 0.000804241 secs
Alignment has 11 sequences with 1727 columns, 1053 distinct patterns
852 parsimony-informative, 440 singleton sites, 435 constant sites
                  Gap/Ambiguity  Composition  p-value
Analyzing sequences: done in 3.1769e-05 secs using 97.58% CPU
   1  S0039_G5857_R1_U    8.28%    passed     62.29%
   2  S0051_G5857_R1_V   13.43%    passed     27.14%
   3  S0008_G5857_R1_A    3.36%    passed     82.89%
   4  S0015_G5857_R1_A    5.67%    passed     70.43%
   5  S0027_G5857_R1_A   11.41%    passed     40.42%
   6  S0034_G5857_R1_A    3.82%    passed     14.10%
   7  S0014_G5857_R1_A    3.01%    passed     91.85%
   8  S0010_G5857_R1_A    0.98%    passed     62.34%
   9  S0009_G5857_R1_A    0.98%    passed     60.65%
  10  S0015_G5857_R2_A    2.55%    passed     65.31%
  11  S0003_G5857_R1_N   12.97%    failed      0.59%
****  TOTAL               6.04%  1 sequences failed composition chi2 test (p-value<5%; df=3)
Checking for duplicate sequences: done in 3.83521e-05 secs using 99.08% CPU


Create initial parsimony tree by phylogenetic likelihood library (PLL)... 0.001 seconds
Measuring multi-threading efficiency up to 8 CPU cores
Increase to 10 rounds for branch lengths
554 trees examined
Threads: 1 / Time: 8.011 sec / Speedup: 1.000 / Efficiency: 100% / LogL: -13754
Threads: 2 / Time: 21.611 sec / Speedup: 0.371 / Efficiency: 19% / LogL: -13754
Determining AUTO threadcount: done in 29.6222 secs using 96.13% CPU
BEST NUMBER OF THREADS: 1

Perform fast likelihood tree search using GTR+I+G model...
Estimate model parameters (epsilon = 5.000)
Perform nearest neighbor interchange...
Optimizing NNI: done in 0.00572482 secs using 98.54% CPU
Estimate model parameters (epsilon = 1.000)
1. Initial log-likelihood: -12636.809
Optimal log-likelihood: -12636.193
Rate parameters:  A-C: 1.26127  A-G: 2.89346  A-T: 1.25972  C-G: 1.41387  C-T: 4.35377  G-T: 1.00000
Base frequencies:  A: 0.241  C: 0.224  G: 0.269  T: 0.267
Proportion of invariable sites: 0.094
Gamma shape alpha: 1.483
Parameters optimization took 1 rounds (0.007 sec)
Time for fast ML tree search: 0.065 seconds

NOTE: ModelFinder requires 7 MB RAM!
ModelFinder will test up to 968 DNA models (sample size: 1727 epsilon: 0.100) ...
 No. Model         -LnL         df  AIC          AICc         BIC
  1  JC            13072.907    19  26183.814    26184.259    26287.443
  2  JC+I          12940.393    20  25920.786    25921.278    26029.868
  3  JC+G4         12872.088    20  25784.175    25784.668    25893.258
  4  JC+I+G4       12874.135    21  25790.270    25790.812    25904.807
  5  JC+R2         12869.917    21  25781.834    25782.376    25896.371
+R3 reinitialized from +R2 with factor 0.500
  6  JC+R3         12869.862    23  25785.724    25786.372    25911.169
 14  JC+I+R2       12870.119    22  25784.237    25784.831    25904.228
+I+R3 reinitialized from +I+R2 with factor 0.500
+I+R3 reinitialized from +I+R2 with factor 0.250
 15  JC+I+R3       12870.188    24  25788.375    25789.080    25919.274
 25  JC+G4         12872.088    20  25784.175    25784.668    25893.258
 27  JC+R2         12869.917    21  25781.834    25782.376    25896.371
 47  F81+G4        12872.084    20  25784.168    25784.661    25893.251
 49  F81+R2        12869.844    21  25781.688    25782.230    25896.225
 69  F81+F+G4      12871.027    23  25788.054    25788.703    25913.500
 71  F81+F+R2      12868.729    24  25785.459    25786.164    25916.358
 91  K2P+G4        12651.705    21  25345.410    25345.952    25459.947
 93  K2P+R2        12649.928    22  25343.857    25344.450    25463.848
113  K2P+G4        12651.705    21  25345.410    25345.952    25459.947
115  K2P+R2        12649.928    22  25343.857    25344.450    25463.848
135  HKY+G4        12651.699    21  25345.398    25345.940    25459.935
137  HKY+R2        12649.916    22  25343.832    25344.426    25463.823
157  HKY+F+G4      12647.175    24  25342.351    25343.056    25473.250
159  HKY+F+R2      12645.499    25  25340.999    25341.763    25477.352
179  TNe+G4        12642.673    22  25329.345    25329.939    25449.336
181  TNe+R2        12642.151    23  25330.302    25330.950    25455.747
201  TNe+G4        12642.673    22  25329.345    25329.939    25449.336
203  TNe+R2        12642.151    23  25330.302    25330.950    25455.747
223  TN+G4         12642.665    22  25329.331    25329.925    25449.322
225  TN+R2         12642.149    23  25330.297    25330.946    25455.743
245  TN+F+G4       12633.990    25  25317.981    25318.745    25454.334
247  TN+F+R2       12633.867    26  25319.734    25320.560    25461.542
267  K3P+G4        12650.655    22  25345.310    25345.904    25465.302
269  K3P+R2        12649.007    23  25344.014    25344.662    25469.459
289  K3P+G4        12650.655    22  25345.310    25345.904    25465.302
291  K3P+R2        12649.007    23  25344.014    25344.662    25469.459
311  K3Pu+G4       12650.655    22  25345.309    25345.903    25465.300
313  K3Pu+R2       12649.006    23  25344.012    25344.660    25469.457
333  K3Pu+F+G4     12645.787    25  25341.574    25342.338    25477.927
335  K3Pu+F+R2     12644.273    26  25340.545    25341.371    25482.353
355  TPM2+G4       12651.511    22  25347.022    25347.616    25467.014
357  TPM2+R2       12649.716    23  25345.431    25346.080    25470.877
377  TPM2+G4       12651.511    22  25347.022    25347.616    25467.014
379  TPM2+R2       12649.716    23  25345.431    25346.080    25470.877
399  TPM2u+G4      12651.510    22  25347.020    25347.614    25467.011
401  TPM2u+R2      12649.714    23  25345.427    25346.075    25470.872
421  TPM2u+F+G4    12646.977    25  25343.954    25344.718    25480.307
423  TPM2u+F+R2    12645.320    26  25342.641    25343.467    25484.449
443  TPM3+G4       12651.699    22  25347.398    25347.992    25467.389
445  TPM3+R2       12649.909    23  25345.818    25346.467    25471.264
465  TPM3+G4       12651.699    22  25347.398    25347.992    25467.389
467  TPM3+R2       12649.909    23  25345.818    25346.467    25471.264
487  TPM3u+G4      12651.698    22  25347.396    25347.990    25467.387
489  TPM3u+R2      12649.908    23  25345.816    25346.464    25471.261
509  TPM3u+F+G4    12645.579    25  25341.157    25341.922    25477.511
511  TPM3u+F+R2    12643.776    26  25339.552    25340.378    25481.360
531  TIMe+G4       12641.622    23  25329.244    25329.892    25454.689
533  TIMe+R2       12641.232    24  25330.465    25331.170    25461.364
553  TIMe+G4       12641.622    23  25329.244    25329.892    25454.689
555  TIMe+R2       12641.232    24  25330.465    25331.170    25461.364
575  TIM+G4        12641.616    23  25329.232    25329.880    25454.677
577  TIM+R2        12641.228    24  25330.456    25331.161    25461.355
597  TIM+F+G4      12632.615    26  25317.231    25318.057    25459.038
599  TIM+F+R2      12632.624    27  25319.248    25320.138    25466.510
619  TIM2e+G4      12642.492    23  25330.984    25331.633    25456.430
621  TIM2e+R2      12641.971    24  25331.943    25332.648    25462.842
641  TIM2e+G4      12642.492    23  25330.984    25331.633    25456.430
643  TIM2e+R2      12641.971    24  25331.943    25332.648    25462.842
663  TIM2+G4       12642.492    23  25330.984    25331.632    25456.429
665  TIM2+R2       12641.968    24  25331.936    25332.641    25462.836
685  TIM2+F+G4     12633.814    26  25319.628    25320.454    25461.436
687  TIM2+F+R2     12633.698    27  25321.395    25322.285    25468.657
707  TIM3e+G4      12642.659    23  25331.318    25331.966    25456.763
709  TIM3e+R2      12642.150    24  25332.300    25333.005    25463.199
729  TIM3e+G4      12642.659    23  25331.318    25331.966    25456.763
731  TIM3e+R2      12642.150    24  25332.300    25333.005    25463.199
751  TIM3+G4       12642.659    23  25331.318    25331.966    25456.763
753  TIM3+R2       12642.148    24  25332.296    25333.001    25463.195
773  TIM3+F+G4     12632.435    26  25316.869    25317.695    25458.677
775  TIM3+F+R2     12632.160    27  25318.320    25319.210    25465.581
795  TVMe+G4       12650.395    24  25348.790    25349.495    25479.689
797  TVMe+R2       12648.762    25  25347.524    25348.288    25483.877
817  TVMe+G4       12650.395    24  25348.790    25349.495    25479.689
819  TVMe+R2       12648.762    25  25347.524    25348.288    25483.877
839  TVM+G4        12650.395    24  25348.789    25349.494    25479.689
841  TVM+R2        12648.749    25  25347.497    25348.262    25483.851
861  TVM+F+G4      12644.216    27  25342.432    25343.322    25489.693
863  TVM+F+R2      12642.571    28  25341.142    25342.098    25493.858
883  SYM+G4        12641.374    25  25332.747    25333.511    25469.101
885  SYM+R2        12640.986    26  25333.972    25334.798    25475.780
905  SYM+G4        12641.374    25  25332.747    25333.511    25469.101
907  SYM+R2        12640.986    26  25333.972    25334.798    25475.780
927  GTR+G4        12641.370    25  25332.740    25333.504    25469.094
929  GTR+R2        12640.981    26  25333.962    25334.788    25475.770
949  GTR+F+G4      12631.075    28  25318.151    25319.107    25470.867
951  GTR+F+R2      12630.928    29  25319.857    25320.882    25478.027
Akaike Information Criterion:           TIM3+F+G4
Corrected Akaike Information Criterion: TIM3+F+G4
Bayesian Information Criterion:         TN+G4
Best-fit model: TN+G4 chosen according to BIC

All model information printed to results_moss_new/07_phylogeny/All/G5857.model.gz
CPU time for ModelFinder: 29.746 seconds (0h:0m:29s)
Wall-clock time for ModelFinder: 31.386 seconds (0h:0m:31s)
Generating 1000 samples for ultrafast bootstrap (seed: 60529)...

NOTE: 5 MB RAM (0 GB) is required!
Estimate model parameters (epsilon = 0.100)
1. Initial log-likelihood: -12634.244
2. Current log-likelihood: -12633.998
Optimal log-likelihood: -12633.988
Rate parameters:  A-C: 1.00000  A-G: 2.38323  A-T: 1.00000  C-G: 1.00000  C-T: 3.56480  G-T: 1.00000
Base frequencies:  A: 0.241  C: 0.224  G: 0.269  T: 0.267
Gamma shape alpha: 0.993
Parameters optimization took 2 rounds (0.031 sec)
Wrote distance file to... 
Computing ML distances based on estimated model parameters...
Calculating distance matrix: done in 0.000389387 secs using 99.39% CPU
Computing ML distances took 0.000447 sec (of wall-clock time) 0.000447 sec (of CPU time)
Setting up auxiliary I and S matrices: done in 1.66509e-05 secs using 96.09% CPU
Constructing RapidNJ tree: done in 2.9135e-05 secs using 99.54% CPU
Computing RapidNJ tree took 0.000060 sec (of wall-clock time) 0.000059 sec (of CPU time)
Log-likelihood of RapidNJ tree: -12658.691
--------------------------------------------------------------------
|             INITIALIZING CANDIDATE TREE SET                      |
--------------------------------------------------------------------
Generating 98 parsimony trees... 0.129 second
Computing log-likelihood of 98 initial trees ... 0.230 seconds
Current best score: -12633.988

Do NNI search on 20 best initial trees
Optimizing NNI: done in 0.00762878 secs using 98.65% CPU
Estimate model parameters (epsilon = 0.100)
BETTER TREE FOUND at iteration 1: -12633.988
Optimizing NNI: done in 0.0141556 secs using 98.46% CPU
Optimizing NNI: done in 0.0289397 secs using 54.41% CPU
Optimizing NNI: done in 0.0279525 secs using 52.81% CPU
Optimizing NNI: done in 0.069087 secs using 43.47% CPU
Optimizing NNI: done in 0.0442435 secs using 43.03% CPU
Optimizing NNI: done in 0.0287429 secs using 54.27% CPU
Optimizing NNI: done in 0.0227508 secs using 98.85% CPU
Optimizing NNI: done in 0.017343 secs using 98.94% CPU
Optimizing NNI: done in 0.0207318 secs using 98.99% CPU
Iteration 10 / LogL: -12657.193 / Time: 0h:0m:32s
Optimizing NNI: done in 0.0235891 secs using 98.97% CPU
Optimizing NNI: done in 0.0375732 secs using 64.74% CPU
Optimizing NNI: done in 0.0291666 secs using 98.96% CPU
Optimizing NNI: done in 0.0159489 secs using 99.32% CPU
Optimizing NNI: done in 0.0248492 secs using 99.1% CPU
Optimizing NNI: done in 0.0245626 secs using 95.02% CPU
Optimizing NNI: done in 0.0244797 secs using 99.04% CPU
Optimizing NNI: done in 0.0243388 secs using 99.14% CPU
Optimizing NNI: done in 0.0209767 secs using 98.79% CPU
Optimizing NNI: done in 0.0158877 secs using 98.89% CPU
Iteration 20 / LogL: -12637.874 / Time: 0h:0m:32s
Finish initializing candidate tree set (2)
Current best tree score: -12633.988 / CPU time: 0.904
Number of iterations: 20
--------------------------------------------------------------------
|               OPTIMIZING CANDIDATE TREE SET                      |
--------------------------------------------------------------------
Optimizing NNI: done in 0.0533933 secs using 73.98% CPU
Optimizing NNI: done in 0.0215666 secs using 98% CPU
Optimizing NNI: done in 0.0181856 secs using 92.14% CPU
Optimizing NNI: done in 0.0695192 secs using 49.94% CPU
Optimizing NNI: done in 0.0417096 secs using 67.99% CPU
Optimizing NNI: done in 0.0313041 secs using 95.9% CPU
Optimizing NNI: done in 0.0312532 secs using 99.05% CPU
Optimizing NNI: done in 0.0476158 secs using 99.04% CPU
Optimizing NNI: done in 0.0522841 secs using 75.8% CPU
Optimizing NNI: done in 0.0311944 secs using 57.76% CPU
Iteration 30 / LogL: -12634.051 / Time: 0h:0m:32s (0h:0m:3s left)
Optimizing NNI: done in 0.0430487 secs using 82.84% CPU
Optimizing NNI: done in 0.0135908 secs using 98.54% CPU
Optimizing NNI: done in 0.0679438 secs using 46.54% CPU
Optimizing NNI: done in 0.0907459 secs using 37.92% CPU
Optimizing NNI: done in 0.0198899 secs using 99.2% CPU
Optimizing NNI: done in 0.0322651 secs using 99.04% CPU
Optimizing NNI: done in 0.0355492 secs using 98.92% CPU
Optimizing NNI: done in 0.0728364 secs using 57.86% CPU
Optimizing NNI: done in 0.0849604 secs using 56.57% CPU
Optimizing NNI: done in 0.05498 secs using 54.01% CPU
Iteration 40 / LogL: -12634.138 / Time: 0h:0m:33s (0h:0m:3s left)
Optimizing NNI: done in 0.104298 secs using 46.77% CPU
Optimizing NNI: done in 0.0426291 secs using 68.69% CPU
Optimizing NNI: done in 0.0377167 secs using 96.35% CPU
Optimizing NNI: done in 0.0307334 secs using 98.91% CPU
Optimizing NNI: done in 0.0608368 secs using 54.95% CPU
Optimizing NNI: done in 0.0577345 secs using 58.35% CPU
Optimizing NNI: done in 0.0245104 secs using 49.27% CPU
Optimizing NNI: done in 0.0386466 secs using 51.78% CPU
Optimizing NNI: done in 0.0331064 secs using 62.1% CPU
Optimizing NNI: done in 0.104216 secs using 34.2% CPU
Iteration 50 / LogL: -12634.261 / Time: 0h:0m:33s (0h:0m:2s left)
Log-likelihood cutoff on original alignment: -12664.768
Optimizing NNI: done in 0.0336656 secs using 60.74% CPU
Optimizing NNI: done in 0.01992 secs using 98.99% CPU
Optimizing NNI: done in 0.00638576 secs using 98.84% CPU
Optimizing NNI: done in 0.014181 secs using 98.62% CPU
Optimizing NNI: done in 0.037182 secs using 98.82% CPU
Optimizing NNI: done in 0.0124227 secs using 91.13% CPU
Optimizing NNI: done in 0.0320235 secs using 98.98% CPU
Optimizing NNI: done in 0.0622325 secs using 57.71% CPU
Optimizing NNI: done in 0.0198372 secs using 68.83% CPU
Optimizing NNI: done in 0.0597749 secs using 55.04% CPU
Iteration 60 / LogL: -12634.507 / Time: 0h:0m:34s (0h:0m:1s left)
Optimizing NNI: done in 0.04102 secs using 56.21% CPU
Optimizing NNI: done in 0.0421109 secs using 53.44% CPU
Optimizing NNI: done in 0.0485993 secs using 72.53% CPU
Optimizing NNI: done in 0.0252446 secs using 98.92% CPU
Optimizing NNI: done in 0.0134714 secs using 99.04% CPU
Optimizing NNI: done in 0.0270182 secs using 99.07% CPU
Optimizing NNI: done in 0.0202094 secs using 99.03% CPU
Optimizing NNI: done in 0.0194701 secs using 93.99% CPU
Optimizing NNI: done in 0.0249609 secs using 47.37% CPU
Optimizing NNI: done in 0.0370453 secs using 69.64% CPU
Iteration 70 / LogL: -12659.016 / Time: 0h:0m:34s (0h:0m:1s left)
Optimizing NNI: done in 0.0329836 secs using 96.11% CPU
Optimizing NNI: done in 0.0400101 secs using 98.98% CPU
Optimizing NNI: done in 0.0310556 secs using 99.16% CPU
Optimizing NNI: done in 0.0232234 secs using 99.18% CPU
Optimizing NNI: done in 0.051218 secs using 97.12% CPU
Optimizing NNI: done in 0.0260983 secs using 99.11% CPU
Optimizing NNI: done in 0.0359714 secs using 57.63% CPU
Optimizing NNI: done in 0.0108893 secs using 99.02% CPU
Optimizing NNI: done in 0.0205795 secs using 99.16% CPU
Optimizing NNI: done in 0.0464862 secs using 71.23% CPU
Iteration 80 / LogL: -12657.398 / Time: 0h:0m:34s (0h:0m:0s left)
Optimizing NNI: done in 0.0206945 secs using 94.18% CPU
Optimizing NNI: done in 0.0210141 secs using 98.99% CPU
Optimizing NNI: done in 0.0282833 secs using 99.04% CPU
Optimizing NNI: done in 0.0358602 secs using 99.12% CPU
Optimizing NNI: done in 0.0386174 secs using 63.13% CPU
Optimizing NNI: done in 0.0366711 secs using 77.45% CPU
Optimizing NNI: done in 0.0551977 secs using 53.31% CPU
Optimizing NNI: done in 0.0464078 secs using 71.26% CPU
Optimizing NNI: done in 0.0349382 secs using 98.91% CPU
Optimizing NNI: done in 0.0184942 secs using 99.03% CPU
Iteration 90 / LogL: -12634.048 / Time: 0h:0m:35s (0h:0m:0s left)
Optimizing NNI: done in 0.0254728 secs using 99.09% CPU
Optimizing NNI: done in 0.0191792 secs using 99.11% CPU
Optimizing NNI: done in 0.0181158 secs using 99.11% CPU
Optimizing NNI: done in 0.0194397 secs using 99.12% CPU
Optimizing NNI: done in 0.0134364 secs using 99.04% CPU
Optimizing NNI: done in 0.0353033 secs using 99.17% CPU
Optimizing NNI: done in 0.0268549 secs using 95.46% CPU
Optimizing NNI: done in 0.0339333 secs using 99.15% CPU
Optimizing NNI: done in 0.0246628 secs using 99.09% CPU
Optimizing NNI: done in 0.0492603 secs using 50.26% CPU
Iteration 100 / LogL: -12634.752 / Time: 0h:0m:35s (0h:0m:0s left)
Log-likelihood cutoff on original alignment: -12663.824
NOTE: Bootstrap correlation coefficient of split occurrence frequencies: 1.000
Optimizing NNI: done in 0.0321933 secs using 59.04% CPU
Optimizing NNI: done in 0.0412382 secs using 67.67% CPU
TREE SEARCH COMPLETED AFTER 102 ITERATIONS / Time: 0h:0m:35s

--------------------------------------------------------------------
|                    FINALIZING TREE SEARCH                        |
--------------------------------------------------------------------
Performs final model parameters optimization
Estimate model parameters (epsilon = 0.010)
1. Initial log-likelihood: -12633.988
Optimal log-likelihood: -12633.988
Rate parameters:  A-C: 1.00000  A-G: 2.38419  A-T: 1.00000  C-G: 1.00000  C-T: 3.56838  G-T: 1.00000
Base frequencies:  A: 0.241  C: 0.224  G: 0.269  T: 0.267
Gamma shape alpha: 0.992
Parameters optimization took 1 rounds (0.005 sec)
BEST SCORE FOUND : -12633.988
Creating bootstrap support values...
Split supports printed to NEXUS file results_moss_new/07_phylogeny/All/G5857.splits.nex
Total tree length: 3.179

Total number of iterations: 102
CPU time used for tree search: 3.025 sec (0h:0m:3s)
Wall-clock time used for tree search: 4.184 sec (0h:0m:4s)
Total CPU time used: 32.853 sec (0h:0m:32s)
Total wall-clock time used: 35.713 sec (0h:0m:35s)

Computing bootstrap consensus tree...
Reading input file results_moss_new/07_phylogeny/All/G5857.splits.nex...
11 taxa and 35 splits.
Consensus tree written to results_moss_new/07_phylogeny/All/G5857.contree
Reading input trees file results_moss_new/07_phylogeny/All/G5857.contree
Log-likelihood of consensus tree: -12633.988

Analysis results written to: 
  IQ-TREE report:                results_moss_new/07_phylogeny/All/G5857.iqtree
  Maximum-likelihood tree:       results_moss_new/07_phylogeny/All/G5857.treefile
  Likelihood distances:          results_moss_new/07_phylogeny/All/G5857.mldist

Ultrafast bootstrap approximation results written to:
  Split support values:          results_moss_new/07_phylogeny/All/G5857.splits.nex
  Consensus tree:                results_moss_new/07_phylogeny/All/G5857.contree
  Screen log file:               results_moss_new/07_phylogeny/All/G5857.log

Date and Time: Thu Jun 11 22:28:02 2026
