IQ-TREE version 3.0.1 for Linux x86 64-bit built Jul  9 2025
Developed by Bui Quang Minh, Thomas Wong, Nhan Ly-Trong, Huaiyan Ren
Contributed by Lam-Tung Nguyen, Dominik Schrempf, Chris Bielow,
Olga Chernomor, Michael Woodhams, Diep Thi Hoang, Heiko Schmidt

Host:    c0700a-s19.ufhpc (AVX2, FMA3, 1007 GB RAM)
Command: iqtree -s results/06_alignment/All/trimmed/G4848.trimmed.aln --prefix results/07_phylogeny/All/G4848 -m TEST -B 1000 -nt 4 -redo
Seed:    488786 (Using SPRNG - Scalable Parallel Random Number Generator)
Time:    Wed May 27 21:35:00 2026
Kernel:  AVX+FMA - 4 threads (8 CPU cores detected)

Reading alignment file results/06_alignment/All/trimmed/G4848.trimmed.aln ... Fasta format detected
Reading fasta file: done in 0.000728984 secs using 63.79% CPU
Alignment most likely contains DNA/RNA sequences
Constructing alignment: done in 0.00147666 secs using 379% CPU
Alignment has 25 sequences with 1841 columns, 1251 distinct patterns
716 parsimony-informative, 571 singleton sites, 554 constant sites
                  Gap/Ambiguity  Composition  p-value
Analyzing sequences: done in 6.2797e-05 secs using 89.18% CPU
   1  S0016_G4848_R1_A   15.59%    passed     93.62%
   2  S0021_G4848_R1_A    7.71%    passed     89.16%
   3  S0005_G4848_R1_A    6.74%    passed     66.76%
   4  S0022_G4848_R1_A    2.50%    passed     36.44%
   5  S0005_G4848_R2_A   12.17%    passed     54.58%
   6  S0021_G4848_R2_A    0.65%    passed     93.69%
   7  S0026_G4848_R1_A    1.52%    passed     90.02%
   8  S0020_G4848_R2_A    1.63%    passed     97.07%
   9  S0036_G4848_R1_U    3.26%    passed     65.84%
  10  S0028_G4848_R1_A    0.05%    passed     63.93%
  11  S0004_G4848_R1_A    3.75%    passed     69.97%
  12  S0020_G4848_R1_A    1.03%    passed     97.03%
  13  S0019_G4848_R1_A    3.10%    passed     55.68%
  14  S0046_G4848_R1_A    2.61%    passed     57.82%
  15  S0037_G4848_R1_A    0.00%    passed     97.04%
  16  S0011_G4848_R1_A    6.84%    passed     95.36%
  17  S0030_G4848_R1_A    7.44%    passed      8.89%
  18  S0002_G4848_R1_A    6.03%    passed     97.39%
  19  S0017_G4848_R1_A    5.81%    passed     93.94%
  20  S0018_G4848_R1_A    5.32%    passed     16.12%
  21  S0031_G4848_R1_A    2.01%    passed     68.05%
  22  S0013_G4848_R1_A   14.67%    passed     93.17%
  23  S0048_G4848_R1_A   11.30%    passed     49.27%
  24  S0050_G4848_R1_A   11.24%    passed     53.38%
  25  S0012_G4848_R1_A    6.08%    passed     84.92%
****  TOTAL               5.56%  0 sequences failed composition chi2 test (p-value<5%; df=3)
Checking for duplicate sequences: done in 0.000153347 secs using 99.77% CPU


Create initial parsimony tree by phylogenetic likelihood library (PLL)... 0.004 seconds
Perform fast likelihood tree search using GTR+I+G model...
Estimate model parameters (epsilon = 5.000)
Perform nearest neighbor interchange...
Optimizing NNI: done in 0.0846401 secs using 394.1% CPU
Estimate model parameters (epsilon = 1.000)
1. Initial log-likelihood: -17701.780
2. Current log-likelihood: -17700.378
3. Current log-likelihood: -17699.326
Optimal log-likelihood: -17698.452
Rate parameters:  A-C: 1.35731  A-G: 3.23261  A-T: 1.60966  C-G: 0.95628  C-T: 4.15857  G-T: 1.00000
Base frequencies:  A: 0.268  C: 0.184  G: 0.235  T: 0.313
Proportion of invariable sites: 0.084
Gamma shape alpha: 0.753
Parameters optimization took 3 rounds (0.044 sec)
Time for fast ML tree search: 0.236 seconds

NOTE: ModelFinder requires 8 MB RAM!
ModelFinder will test up to 176 DNA models (sample size: 1841 epsilon: 0.100) ...
 No. Model         -LnL         df  AIC          AICc         BIC
  1  JC            18946.116    47  37986.232    37988.748    38245.581
  2  JC+I          18561.431    48  37218.862    37221.487    37483.729
  3  JC+G4         18156.149    48  36408.299    36410.924    36673.166
  4  JC+I+G4       18157.907    49  36413.814    36416.549    36684.199
  7  JC+G4         18156.149    48  36408.299    36410.924    36673.166
 11  F81+G4        18156.152    48  36408.305    36410.930    36673.172
 15  F81+F+G4      18073.491    51  36248.982    36251.947    36530.404
 19  K2P+G4        17841.608    49  35781.217    35783.953    36051.602
 23  K2P+G4        17841.608    49  35781.217    35783.953    36051.602
 27  HKY+G4        17841.607    49  35781.213    35783.949    36051.598
 31  HKY+F+G4      17720.514    52  35545.028    35548.111    35831.967
 35  TNe+G4        17839.815    50  35779.629    35782.478    36055.532
 39  TNe+G4        17839.815    50  35779.629    35782.478    36055.532
 43  TN+G4         17839.812    50  35779.624    35782.473    36055.527
 47  TN+F+G4       17712.945    53  35531.890    35535.094    35824.348
 51  K3P+G4        17832.464    50  35764.928    35767.777    36040.831
 55  K3P+G4        17832.464    50  35764.928    35767.777    36040.831
 59  K3Pu+G4       17832.457    50  35764.914    35767.763    36040.818
 63  K3Pu+F+G4     17715.962    53  35537.924    35541.127    35830.381
 67  TPM2+G4       17808.358    50  35716.716    35719.566    35992.620
 71  TPM2+G4       17808.358    50  35716.716    35719.566    35992.620
 75  TPM2u+G4      17808.355    50  35716.710    35719.560    35992.614
 79  TPM2u+F+G4    17701.575    53  35509.150    35512.353    35801.607
 83  TPM3+G4       17797.580    50  35695.160    35698.009    35971.064
 87  TPM3+G4       17797.580    50  35695.160    35698.009    35971.064
 91  TPM3u+G4      17797.576    50  35695.152    35698.001    35971.056
 95  TPM3u+F+G4    17719.090    53  35544.179    35547.382    35836.637
 99  TIMe+G4       17830.683    51  35763.367    35766.331    36044.788
103  TIMe+G4       17830.683    51  35763.367    35766.332    36044.788
107  TIM+G4        17830.681    51  35763.361    35766.326    36044.782
111  TIM+F+G4      17708.323    54  35524.646    35527.972    35822.621
115  TIM2e+G4      17806.509    51  35715.018    35717.983    35996.439
119  TIM2e+G4      17806.509    51  35715.018    35717.983    35996.439
123  TIM2+G4       17806.504    51  35715.009    35717.973    35996.430
127  TIM2+F+G4     17693.453    54  35494.906    35498.232    35792.881
131  TIM3e+G4      17795.100    51  35692.201    35695.165    35973.622
135  TIM3e+G4      17795.100    51  35692.201    35695.165    35973.622
139  TIM3+G4       17795.096    51  35692.192    35695.157    35973.614
143  TIM3+F+G4     17711.649    54  35531.299    35534.625    35829.274
147  TVMe+G4       17763.581    52  35631.162    35634.245    35918.102
151  TVMe+G4       17763.581    52  35631.162    35634.245    35918.102
155  TVM+G4        17763.575    52  35631.149    35634.232    35918.089
159  TVM+F+G4      17699.816    55  35509.631    35513.082    35813.125
163  SYM+G4        17761.039    53  35628.078    35631.281    35920.535
167  SYM+G4        17761.039    53  35628.078    35631.281    35920.535
171  GTR+G4        17761.033    53  35628.066    35631.269    35920.523
175  GTR+F+G4      17691.831    56  35495.661    35499.240    35804.673
Akaike Information Criterion:           TIM2+F+G4
Corrected Akaike Information Criterion: TIM2+F+G4
Bayesian Information Criterion:         TIM2+F+G4
Best-fit model: TIM2+F+G4 chosen according to BIC

All model information printed to results/07_phylogeny/All/G4848.model.gz
CPU time for ModelFinder: 7.111 seconds (0h:0m:7s)
Wall-clock time for ModelFinder: 1.798 seconds (0h:0m:1s)
Generating 1000 samples for ultrafast bootstrap (seed: 488786)...

NOTE: 8 MB RAM (0 GB) is required!
Estimate model parameters (epsilon = 0.100)
1. Initial log-likelihood: -17693.552
2. Current log-likelihood: -17693.446
Optimal log-likelihood: -17693.442
Rate parameters:  A-C: 1.54582  A-G: 3.27664  A-T: 1.54582  C-G: 1.00000  C-T: 4.27198  G-T: 1.00000
Base frequencies:  A: 0.268  C: 0.184  G: 0.235  T: 0.313
Gamma shape alpha: 0.609
Parameters optimization took 2 rounds (0.030 sec)
Wrote distance file to... 
Computing ML distances based on estimated model parameters...
Calculating distance matrix: done in 0.00093426 secs using 436.3% CPU
Computing ML distances took 0.001104 sec (of wall-clock time) 0.007226 sec (of CPU time)
Setting up auxiliary I and S matrices: done in 0.000480109 secs using 40.62% CPU
Constructing RapidNJ tree: done in 0.0956472 secs using 182.6% CPU
Computing RapidNJ tree took 0.096411 sec (of wall-clock time) 0.175665 sec (of CPU time)
Log-likelihood of RapidNJ tree: -17835.826
--------------------------------------------------------------------
|             INITIALIZING CANDIDATE TREE SET                      |
--------------------------------------------------------------------
Generating 98 parsimony trees... 0.398 second
Computing log-likelihood of 98 initial trees ... 0.647 seconds
Current best score: -17693.442

Do NNI search on 20 best initial trees
Optimizing NNI: done in 0.0270131 secs using 393.6% CPU
Estimate model parameters (epsilon = 0.100)
BETTER TREE FOUND at iteration 1: -17693.441
Optimizing NNI: done in 0.153962 secs using 392.4% CPU
Estimate model parameters (epsilon = 0.100)
BETTER TREE FOUND at iteration 2: -17656.995
Optimizing NNI: done in 0.164711 secs using 396.9% CPU
UPDATE BEST LOG-LIKELIHOOD: -17656.990
Optimizing NNI: done in 0.163741 secs using 395.5% CPU
UPDATE BEST LOG-LIKELIHOOD: -17656.990
Optimizing NNI: done in 0.133628 secs using 396.7% CPU
Optimizing NNI: done in 0.170454 secs using 393.8% CPU
Optimizing NNI: done in 0.151436 secs using 396.1% CPU
Optimizing NNI: done in 0.157236 secs using 394.6% CPU
Optimizing NNI: done in 0.152611 secs using 397.6% CPU
Optimizing NNI: done in 0.15393 secs using 395.6% CPU
Iteration 10 / LogL: -17656.991 / Time: 0h:0m:4s
Optimizing NNI: done in 0.14201 secs using 394.7% CPU
Optimizing NNI: done in 0.163937 secs using 396.5% CPU
Optimizing NNI: done in 0.147811 secs using 394.7% CPU
Optimizing NNI: done in 0.162953 secs using 391.9% CPU
Optimizing NNI: done in 0.194907 secs using 397.1% CPU
Optimizing NNI: done in 0.165175 secs using 394.3% CPU
Optimizing NNI: done in 0.130276 secs using 394.6% CPU
Optimizing NNI: done in 0.17506 secs using 396.2% CPU
Optimizing NNI: done in 0.160327 secs using 396.9% CPU
Optimizing NNI: done in 0.171403 secs using 394% CPU
Iteration 20 / LogL: -17656.990 / Time: 0h:0m:6s
Finish initializing candidate tree set (5)
Current best tree score: -17656.990 / CPU time: 4.158
Number of iterations: 20
--------------------------------------------------------------------
|               OPTIMIZING CANDIDATE TREE SET                      |
--------------------------------------------------------------------
Optimizing NNI: done in 0.132333 secs using 396.8% CPU
Optimizing NNI: done in 0.176921 secs using 393.6% CPU
Optimizing NNI: done in 0.137883 secs using 395% CPU
Optimizing NNI: done in 0.125303 secs using 397.5% CPU
Optimizing NNI: done in 0.124847 secs using 396.3% CPU
Optimizing NNI: done in 0.175248 secs using 394.9% CPU
Optimizing NNI: done in 0.167683 secs using 394% CPU
Optimizing NNI: done in 0.114551 secs using 396.9% CPU
Optimizing NNI: done in 0.152956 secs using 393.2% CPU
Optimizing NNI: done in 0.211417 secs using 395.1% CPU
UPDATE BEST LOG-LIKELIHOOD: -17656.990
Iteration 30 / LogL: -17656.990 / Time: 0h:0m:7s (0h:0m:14s left)
Optimizing NNI: done in 0.165063 secs using 396.1% CPU
Optimizing NNI: done in 0.143538 secs using 394.3% CPU
UPDATE BEST LOG-LIKELIHOOD: -17656.990
Optimizing NNI: done in 0.0807058 secs using 393.6% CPU
Optimizing NNI: done in 0.100975 secs using 397.7% CPU
Optimizing NNI: done in 0.176948 secs using 397% CPU
UPDATE BEST LOG-LIKELIHOOD: -17656.990
Optimizing NNI: done in 0.11161 secs using 398.7% CPU
Optimizing NNI: done in 0.103005 secs using 397.7% CPU
Optimizing NNI: done in 0.114365 secs using 391.4% CPU
Optimizing NNI: done in 0.0958826 secs using 395.9% CPU
Optimizing NNI: done in 0.14832 secs using 394.2% CPU
Iteration 40 / LogL: -17658.604 / Time: 0h:0m:9s (0h:0m:11s left)
Optimizing NNI: done in 0.149368 secs using 396.7% CPU
Optimizing NNI: done in 0.174193 secs using 391.8% CPU
Optimizing NNI: done in 0.157577 secs using 396.2% CPU
Optimizing NNI: done in 0.107656 secs using 392.3% CPU
Optimizing NNI: done in 0.144774 secs using 395.9% CPU
Optimizing NNI: done in 0.100598 secs using 395.7% CPU
Optimizing NNI: done in 0.148269 secs using 396% CPU
Optimizing NNI: done in 0.130008 secs using 396.2% CPU
Optimizing NNI: done in 0.138512 secs using 395.9% CPU
Optimizing NNI: done in 0.120527 secs using 396.5% CPU
Iteration 50 / LogL: -17656.991 / Time: 0h:0m:10s (0h:0m:9s left)
Log-likelihood cutoff on original alignment: -17701.580
Optimizing NNI: done in 0.110885 secs using 396.3% CPU
Optimizing NNI: done in 0.13725 secs using 396.6% CPU
Optimizing NNI: done in 0.147128 secs using 398.8% CPU
Optimizing NNI: done in 0.182076 secs using 394.9% CPU
Optimizing NNI: done in 0.170522 secs using 395.2% CPU
Optimizing NNI: done in 0.14779 secs using 396% CPU
Optimizing NNI: done in 0.0900151 secs using 395.5% CPU
Optimizing NNI: done in 0.149454 secs using 394.8% CPU
Optimizing NNI: done in 0.208139 secs using 395.6% CPU
Optimizing NNI: done in 0.0831353 secs using 398.4% CPU
Iteration 60 / LogL: -17657.189 / Time: 0h:0m:11s (0h:0m:7s left)
Optimizing NNI: done in 0.178568 secs using 394.8% CPU
Optimizing NNI: done in 0.124357 secs using 393.6% CPU
UPDATE BEST LOG-LIKELIHOOD: -17656.990
Optimizing NNI: done in 0.116611 secs using 395% CPU
Optimizing NNI: done in 0.148238 secs using 396% CPU
Optimizing NNI: done in 0.118147 secs using 399% CPU
Optimizing NNI: done in 0.111467 secs using 396.4% CPU
Optimizing NNI: done in 0.157261 secs using 396.5% CPU
Optimizing NNI: done in 0.160066 secs using 398.1% CPU
Optimizing NNI: done in 0.170367 secs using 398.2% CPU
Optimizing NNI: done in 0.150652 secs using 396.3% CPU
Iteration 70 / LogL: -17656.991 / Time: 0h:0m:13s (0h:0m:5s left)
Optimizing NNI: done in 0.094837 secs using 394% CPU
Optimizing NNI: done in 0.147837 secs using 394.9% CPU
Optimizing NNI: done in 0.144617 secs using 396.2% CPU
Optimizing NNI: done in 0.171845 secs using 396.1% CPU
Optimizing NNI: done in 0.14589 secs using 397.9% CPU
Optimizing NNI: done in 0.102443 secs using 393.5% CPU
Optimizing NNI: done in 0.144625 secs using 396.3% CPU
Optimizing NNI: done in 0.108393 secs using 397.5% CPU
Optimizing NNI: done in 0.149034 secs using 395.6% CPU
Optimizing NNI: done in 0.0958131 secs using 396.1% CPU
Iteration 80 / LogL: -17657.008 / Time: 0h:0m:14s (0h:0m:3s left)
Optimizing NNI: done in 0.0986625 secs using 395.6% CPU
Optimizing NNI: done in 0.15399 secs using 395% CPU
Optimizing NNI: done in 0.154365 secs using 395% CPU
Optimizing NNI: done in 0.135027 secs using 397.5% CPU
Optimizing NNI: done in 0.136527 secs using 394.2% CPU
Optimizing NNI: done in 0.142098 secs using 394.6% CPU
Optimizing NNI: done in 0.128855 secs using 397.9% CPU
UPDATE BEST LOG-LIKELIHOOD: -17656.990
Optimizing NNI: done in 0.164189 secs using 394.7% CPU
Optimizing NNI: done in 0.138361 secs using 391.8% CPU
Optimizing NNI: done in 0.126887 secs using 396.3% CPU
Iteration 90 / LogL: -17656.991 / Time: 0h:0m:16s (0h:0m:1s left)
Optimizing NNI: done in 0.171655 secs using 397.4% CPU
Optimizing NNI: done in 0.144213 secs using 395.8% CPU
Optimizing NNI: done in 0.085538 secs using 399.2% CPU
UPDATE BEST LOG-LIKELIHOOD: -17656.990
Optimizing NNI: done in 0.126057 secs using 395.9% CPU
Optimizing NNI: done in 0.141602 secs using 393.2% CPU
Optimizing NNI: done in 0.125997 secs using 394.8% CPU
Optimizing NNI: done in 0.173076 secs using 394.6% CPU
Optimizing NNI: done in 0.15439 secs using 395.5% CPU
Optimizing NNI: done in 0.118292 secs using 395.2% CPU
Optimizing NNI: done in 0.0991102 secs using 396.3% CPU
Iteration 100 / LogL: -17657.443 / Time: 0h:0m:17s (0h:0m:0s left)
Log-likelihood cutoff on original alignment: -17701.580
NOTE: Bootstrap correlation coefficient of split occurrence frequencies: 0.999
Optimizing NNI: done in 0.145662 secs using 396.9% CPU
Optimizing NNI: done in 0.108454 secs using 394.7% CPU
Optimizing NNI: done in 0.120406 secs using 396.6% CPU
TREE SEARCH COMPLETED AFTER 103 ITERATIONS / Time: 0h:0m:17s

--------------------------------------------------------------------
|                    FINALIZING TREE SEARCH                        |
--------------------------------------------------------------------
Performs final model parameters optimization
Estimate model parameters (epsilon = 0.010)
1. Initial log-likelihood: -17656.990
Optimal log-likelihood: -17656.988
Rate parameters:  A-C: 1.51481  A-G: 3.27156  A-T: 1.51481  C-G: 1.00000  C-T: 4.27872  G-T: 1.00000
Base frequencies:  A: 0.268  C: 0.184  G: 0.235  T: 0.313
Gamma shape alpha: 0.591
Parameters optimization took 1 rounds (0.016 sec)
BEST SCORE FOUND : -17656.988
Creating bootstrap support values...
Split supports printed to NEXUS file results/07_phylogeny/All/G4848.splits.nex
Total tree length: 3.964

Total number of iterations: 103
CPU time used for tree search: 61.764 sec (0h:1m:1s)
Wall-clock time used for tree search: 15.968 sec (0h:0m:15s)
Total CPU time used: 69.575 sec (0h:1m:9s)
Total wall-clock time used: 18.057 sec (0h:0m:18s)

Computing bootstrap consensus tree...
Reading input file results/07_phylogeny/All/G4848.splits.nex...
25 taxa and 150 splits.
Consensus tree written to results/07_phylogeny/All/G4848.contree
Reading input trees file results/07_phylogeny/All/G4848.contree
Log-likelihood of consensus tree: -17656.988

Analysis results written to: 
  IQ-TREE report:                results/07_phylogeny/All/G4848.iqtree
  Maximum-likelihood tree:       results/07_phylogeny/All/G4848.treefile
  Likelihood distances:          results/07_phylogeny/All/G4848.mldist

Ultrafast bootstrap approximation results written to:
  Split support values:          results/07_phylogeny/All/G4848.splits.nex
  Consensus tree:                results/07_phylogeny/All/G4848.contree
  Screen log file:               results/07_phylogeny/All/G4848.log

Date and Time: Wed May 27 21:35:18 2026
