IQ-TREE version 3.0.1 for Linux x86 64-bit built Jul  9 2025
Developed by Bui Quang Minh, Thomas Wong, Nhan Ly-Trong, Huaiyan Ren
Contributed by Lam-Tung Nguyen, Dominik Schrempf, Chris Bielow,
Olga Chernomor, Michael Woodhams, Diep Thi Hoang, Heiko Schmidt

Host:    c0700a-s19.ufhpc (AVX2, FMA3, 1007 GB RAM)
Command: iqtree -s results/06_alignment/All/trimmed/G5528.trimmed.aln --prefix results/07_phylogeny/All/G5528 -m TEST -B 1000 -nt 4 -redo
Seed:    170072 (Using SPRNG - Scalable Parallel Random Number Generator)
Time:    Wed May 27 21:14:34 2026
Kernel:  AVX+FMA - 4 threads (8 CPU cores detected)

Reading alignment file results/06_alignment/All/trimmed/G5528.trimmed.aln ... Fasta format detected
Reading fasta file: done in 0.00191213 secs using 78.76% CPU
Alignment most likely contains DNA/RNA sequences
Constructing alignment: done in 0.00251368 secs using 294.7% CPU
Alignment has 34 sequences with 3726 columns, 1210 distinct patterns
560 parsimony-informative, 900 singleton sites, 2266 constant sites
                   Gap/Ambiguity  Composition  p-value
Analyzing sequences: done in 4.97629e-05 secs using 98.47% CPU
   1  S0004_G5528_R2_A    63.02%    passed     63.10%
   2  S0018_G5528_R1_A    62.99%    passed     72.06%
   3  S0036_G5528_R1_A    62.99%    passed     46.64%
   4  S0048_G5528_R1_A    63.18%    passed     79.36%
   5  S0050_G5528_R1_A    63.12%    passed     81.22%
   6  S0028_G5528_R1_A    63.04%    passed     52.06%
   7  S0037_G5528_R1_U    63.45%    passed     38.86%
   8  S0017_G5528_R1_A    62.80%    passed     49.81%
   9  S0046_G5528_R1_A    62.83%    passed     51.26%
  10  S0012_G5528_R1_A    63.18%    passed     88.72%
  11  S0004_G5528_R3_A    62.40%    passed     71.57%
  12  S0011_G5528_R5_A    62.40%    passed     77.62%
  13  S0011_G5528_R4_A    62.37%    passed     25.95%
  14  S0011_G5528_R7_A    62.37%    passed     13.32%
  15  S0011_G5528_R8_A    62.37%    passed     13.15%
  16  S0011_G5528_R11_A   62.64%    passed     16.88%
  17  S0011_G5528_R9_A    63.20%    passed     50.23%
  18  S0011_G5528_R12_A   63.20%    passed     60.23%
  19  S0011_G5528_R10_A   63.18%    passed     55.68%
  20  S0011_G5528_R6_A    62.96%    passed     95.45%
  21  S0011_G5528_R13_A   63.04%    passed     93.23%
  22  S0005_G5528_R2_A    68.63%    passed     90.92%
  23  S0005_G5528_R1_A    63.88%    passed     66.06%
  24  S0002_G5528_R1_A    59.80%    passed     76.69%
  25  S0016_G5528_R1_A    60.41%    passed     87.14%
  26  S0031_G5528_R1_A    59.69%    passed     82.52%
  27  S0019_G5528_R1_A    60.52%    passed     76.00%
  28  S0020_G5528_R1_A    60.63%    passed     83.89%
  29  S0022_G5528_R1_A    59.66%    passed     79.36%
  30  S0026_G5528_R1_A    59.85%    passed     72.93%
  31  S0030_G5528_R1_A    60.01%    passed     94.80%
  32  S0021_G5528_R5_A    59.82%    passed     78.15%
  33  S0021_G5528_R6_A    60.47%    passed     84.28%
  34  S0013_G5528_R1_A    59.63%    passed     66.14%
WARNING: 34 sequences contain more than 50% gaps/ambiguity
****  TOTAL               62.17%  0 sequences failed composition chi2 test (p-value<5%; df=3)
Checking for duplicate sequences: done in 0.000216255 secs using 1434% CPU


Create initial parsimony tree by phylogenetic likelihood library (PLL)... 0.004 seconds
Perform fast likelihood tree search using GTR+I+G model...
Estimate model parameters (epsilon = 5.000)
Perform nearest neighbor interchange...
Optimizing NNI: done in 0.0486655 secs using 390.8% CPU
Estimate model parameters (epsilon = 1.000)
1. Initial log-likelihood: -15525.811
2. Current log-likelihood: -15523.692
3. Current log-likelihood: -15521.980
4. Current log-likelihood: -15520.596
5. Current log-likelihood: -15519.444
Optimal log-likelihood: -15518.432
Rate parameters:  A-C: 1.35613  A-G: 3.46214  A-T: 1.08433  C-G: 1.13918  C-T: 3.09253  G-T: 1.00000
Base frequencies:  A: 0.251  C: 0.180  G: 0.228  T: 0.342
Proportion of invariable sites: 0.209
Gamma shape alpha: 42.968
Parameters optimization took 5 rounds (0.102 sec)
Time for fast ML tree search: 0.322 seconds

NOTE: ModelFinder requires 10 MB RAM!
ModelFinder will test up to 176 DNA models (sample size: 3726 epsilon: 0.100) ...
 No. Model         -LnL         df  AIC          AICc         BIC
  1  JC            15925.155    65  31980.309    31982.654    32384.810
  2  JC+I          15905.130    66  31942.261    31944.678    32352.985
  3  JC+G4         15899.769    66  31931.538    31933.955    32342.262
  4  JC+I+G4       15902.202    67  31938.403    31940.894    32355.350
  7  JC+G4         15899.769    66  31931.538    31933.955    32342.262
 11  F81+G4        15899.771    66  31931.542    31933.959    32342.266
 15  F81+F+G4      15775.825    69  31689.650    31692.292    32119.043
 19  K2P+G4        15665.835    67  31465.669    31468.160    31882.617
 23  K2P+G4        15665.835    67  31465.669    31468.160    31882.617
 27  HKY+G4        15665.828    67  31465.656    31468.147    31882.603
 31  HKY+F+G4      15514.646    70  31169.292    31172.012    31604.908
 35  TNe+G4        15663.502    68  31463.004    31465.571    31886.175
 39  TNe+G4        15663.502    68  31463.004    31465.571    31886.175
 43  TN+G4         15663.501    68  31463.001    31465.567    31886.171
 47  TN+F+G4       15512.907    71  31167.814    31170.612    31609.653
 51  K3P+G4        15665.801    68  31467.602    31470.168    31890.772
 55  K3P+G4        15665.801    68  31467.602    31470.168    31890.772
 59  K3Pu+G4       15665.800    68  31467.601    31470.167    31890.771
 63  K3Pu+F+G4     15514.597    71  31171.195    31173.993    31613.034
 67  TPM2+G4       15662.927    68  31461.853    31464.419    31885.023
 71  TPM2+G4       15662.927    68  31461.853    31464.419    31885.023
 75  TPM2u+G4      15662.926    68  31461.852    31464.418    31885.022
 79  TPM2u+F+G4    15513.400    71  31168.799    31171.597    31610.639
 83  TPM3+G4       15662.602    68  31461.204    31463.770    31884.374
 87  TPM3+G4       15662.602    68  31461.204    31463.770    31884.374
 91  TPM3u+G4      15662.602    68  31461.203    31463.769    31884.374
 95  TPM3u+F+G4    15511.591    71  31165.182    31167.980    31607.021
 99  TIMe+G4       15663.476    69  31464.952    31467.594    31894.345
103  TIMe+G4       15663.476    69  31464.952    31467.594    31894.345
107  TIM+G4        15663.475    69  31464.949    31467.592    31894.343
111  TIM+F+G4      15512.866    72  31169.732    31172.609    31617.794
115  TIM2e+G4      15660.533    69  31459.065    31461.707    31888.458
119  TIM2e+G4      15660.533    69  31459.065    31461.707    31888.458
123  TIM2+G4       15660.532    69  31459.063    31461.706    31888.457
127  TIM2+F+G4     15511.631    72  31167.262    31170.140    31615.324
131  TIM3e+G4      15660.344    69  31458.687    31461.330    31888.081
135  TIM3e+G4      15660.344    69  31458.688    31461.330    31888.081
139  TIM3+G4       15660.342    69  31458.683    31461.326    31888.077
143  TIM3+F+G4     15509.894    72  31163.788    31166.666    31611.851
147  TVMe+G4       15659.559    70  31459.118    31461.838    31894.734
151  TVMe+G4       15659.559    70  31459.118    31461.838    31894.734
155  TVM+G4        15659.556    70  31459.113    31461.832    31894.729
159  TVM+F+G4      15510.182    73  31166.365    31169.323    31620.650
163  SYM+G4        15657.224    71  31456.449    31459.247    31898.288
167  SYM+G4        15657.224    71  31456.449    31459.247    31898.288
171  GTR+G4        15657.223    71  31456.445    31459.243    31898.285
175  GTR+F+G4      15508.451    74  31164.901    31167.942    31625.410
Akaike Information Criterion:           TIM3+F+G4
Corrected Akaike Information Criterion: TIM3+F+G4
Bayesian Information Criterion:         HKY+F+G4
Best-fit model: HKY+F+G4 chosen according to BIC

All model information printed to results/07_phylogeny/All/G5528.model.gz
CPU time for ModelFinder: 8.436 seconds (0h:0m:8s)
Wall-clock time for ModelFinder: 2.139 seconds (0h:0m:2s)
Generating 1000 samples for ultrafast bootstrap (seed: 170072)...

NOTE: 10 MB RAM (0 GB) is required!
Estimate model parameters (epsilon = 0.100)
1. Initial log-likelihood: -15514.781
2. Current log-likelihood: -15514.647
Optimal log-likelihood: -15514.641
Rate parameters:  A-C: 1.00000  A-G: 2.93702  A-T: 1.00000  C-G: 1.00000  C-T: 2.93702  G-T: 1.00000
Base frequencies:  A: 0.251  C: 0.180  G: 0.228  T: 0.342
Gamma shape alpha: 2.799
Parameters optimization took 2 rounds (0.026 sec)
Wrote distance file to... 
Computing ML distances based on estimated model parameters...
Calculating distance matrix: done in 0.0014818 secs using 528.5% CPU
Computing ML distances took 0.001646 sec (of wall-clock time) 0.007999 sec (of CPU time)
Setting up auxiliary I and S matrices: done in 0.0347558 secs using 268% CPU
Constructing RapidNJ tree: done in 1.27102 secs using 219.2% CPU
Computing RapidNJ tree took 1.305886 sec (of wall-clock time) 2.880101 sec (of CPU time)
Log-likelihood of RapidNJ tree: -15870.393
--------------------------------------------------------------------
|             INITIALIZING CANDIDATE TREE SET                      |
--------------------------------------------------------------------
Generating 98 parsimony trees... 0.446 second
Computing log-likelihood of 98 initial trees ... 0.650 seconds
Current best score: -15514.641

Do NNI search on 20 best initial trees
Optimizing NNI: done in 0.0276726 secs using 390.3% CPU
Estimate model parameters (epsilon = 0.100)
BETTER TREE FOUND at iteration 1: -15514.640
Optimizing NNI: done in 0.0910144 secs using 395% CPU
Estimate model parameters (epsilon = 0.100)
BETTER TREE FOUND at iteration 2: -15513.367
Optimizing NNI: done in 0.0949853 secs using 395.4% CPU
Optimizing NNI: done in 0.0895894 secs using 391% CPU
Optimizing NNI: done in 0.0925628 secs using 397.8% CPU
Optimizing NNI: done in 0.139371 secs using 395.2% CPU
Optimizing NNI: done in 0.0943507 secs using 395.3% CPU
Optimizing NNI: done in 0.0851808 secs using 394.5% CPU
Optimizing NNI: done in 0.0936394 secs using 392.4% CPU
Optimizing NNI: done in 0.0890322 secs using 394.2% CPU
Iteration 10 / LogL: -15513.419 / Time: 0h:0m:5s
Optimizing NNI: done in 0.0868514 secs using 394.6% CPU
Optimizing NNI: done in 0.138273 secs using 394.7% CPU
Optimizing NNI: done in 0.0918704 secs using 396.8% CPU
Optimizing NNI: done in 0.0827687 secs using 397.1% CPU
Optimizing NNI: done in 0.0930354 secs using 394.4% CPU
Optimizing NNI: done in 0.0904521 secs using 395.2% CPU
Optimizing NNI: done in 0.0922439 secs using 393.5% CPU
Optimizing NNI: done in 0.108892 secs using 395.1% CPU
Optimizing NNI: done in 0.13533 secs using 394.6% CPU
Optimizing NNI: done in 0.120404 secs using 394.9% CPU
Iteration 20 / LogL: -15513.419 / Time: 0h:0m:6s
Finish initializing candidate tree set (6)
Current best tree score: -15513.367 / CPU time: 3.086
Number of iterations: 20
--------------------------------------------------------------------
|               OPTIMIZING CANDIDATE TREE SET                      |
--------------------------------------------------------------------
Optimizing NNI: done in 0.184038 secs using 395.7% CPU
Estimate model parameters (epsilon = 0.100)
BETTER TREE FOUND at iteration 21: -15512.111
Optimizing NNI: done in 0.149188 secs using 395.9% CPU
Optimizing NNI: done in 0.140549 secs using 397.3% CPU
Estimate model parameters (epsilon = 0.100)
BETTER TREE FOUND at iteration 23: -15511.369
Optimizing NNI: done in 0.10882 secs using 395.7% CPU
Optimizing NNI: done in 0.151355 secs using 397.1% CPU
Optimizing NNI: done in 0.0868759 secs using 393.4% CPU
Optimizing NNI: done in 0.138405 secs using 396.8% CPU
Optimizing NNI: done in 0.120814 secs using 397.1% CPU
Optimizing NNI: done in 0.139453 secs using 393% CPU
Optimizing NNI: done in 0.0912983 secs using 394.5% CPU
Iteration 30 / LogL: -15516.004 / Time: 0h:0m:8s (0h:0m:19s left)
Optimizing NNI: done in 0.0996332 secs using 393.8% CPU
Optimizing NNI: done in 0.112052 secs using 397.1% CPU
Optimizing NNI: done in 0.0872933 secs using 395.7% CPU
Optimizing NNI: done in 0.0843241 secs using 394% CPU
Optimizing NNI: done in 0.0578842 secs using 394.6% CPU
Optimizing NNI: done in 0.110215 secs using 396% CPU
Optimizing NNI: done in 0.132042 secs using 395.2% CPU
UPDATE BEST LOG-LIKELIHOOD: -15511.368
Optimizing NNI: done in 0.100321 secs using 395.6% CPU
Optimizing NNI: done in 0.118959 secs using 393.7% CPU
Optimizing NNI: done in 0.0738515 secs using 393.1% CPU
Iteration 40 / LogL: -15511.536 / Time: 0h:0m:9s (0h:0m:14s left)
Optimizing NNI: done in 0.117417 secs using 394.2% CPU
Optimizing NNI: done in 0.0905875 secs using 396% CPU
Optimizing NNI: done in 0.129108 secs using 395.3% CPU
Optimizing NNI: done in 0.0880434 secs using 394.3% CPU
Optimizing NNI: done in 0.125541 secs using 397.2% CPU
Optimizing NNI: done in 0.120266 secs using 391.8% CPU
Optimizing NNI: done in 0.104878 secs using 396% CPU
Optimizing NNI: done in 0.12782 secs using 396.2% CPU
Optimizing NNI: done in 0.099056 secs using 393.7% CPU
Optimizing NNI: done in 0.139402 secs using 396.9% CPU
Iteration 50 / LogL: -15515.214 / Time: 0h:0m:10s (0h:0m:12s left)
Log-likelihood cutoff on original alignment: -15543.654
Optimizing NNI: done in 0.135539 secs using 395.2% CPU
Optimizing NNI: done in 0.12816 secs using 393.5% CPU
Optimizing NNI: done in 0.0856798 secs using 393.2% CPU
Optimizing NNI: done in 0.121536 secs using 396.5% CPU
Optimizing NNI: done in 0.107173 secs using 395.3% CPU
Optimizing NNI: done in 0.121154 secs using 392.2% CPU
Optimizing NNI: done in 0.153748 secs using 396.2% CPU
Optimizing NNI: done in 0.0850469 secs using 395.2% CPU
Optimizing NNI: done in 0.0986953 secs using 394.6% CPU
Optimizing NNI: done in 0.130048 secs using 395.1% CPU
Iteration 60 / LogL: -15514.259 / Time: 0h:0m:11s (0h:0m:10s left)
Optimizing NNI: done in 0.148986 secs using 394.2% CPU
Optimizing NNI: done in 0.077875 secs using 391.5% CPU
Optimizing NNI: done in 0.13106 secs using 393.6% CPU
Optimizing NNI: done in 0.0951224 secs using 396.2% CPU
Optimizing NNI: done in 0.0913627 secs using 397.6% CPU
Optimizing NNI: done in 0.120803 secs using 392.1% CPU
Optimizing NNI: done in 0.125042 secs using 395% CPU
Optimizing NNI: done in 0.0844066 secs using 397.3% CPU
Optimizing NNI: done in 0.0899429 secs using 397.7% CPU
Optimizing NNI: done in 0.160984 secs using 395.7% CPU
Iteration 70 / LogL: -15514.302 / Time: 0h:0m:12s (0h:0m:8s left)
Optimizing NNI: done in 0.0910919 secs using 393% CPU
Optimizing NNI: done in 0.117116 secs using 392.1% CPU
Optimizing NNI: done in 0.103393 secs using 396.5% CPU
Optimizing NNI: done in 0.127514 secs using 392.7% CPU
Optimizing NNI: done in 0.140287 secs using 396.5% CPU
Optimizing NNI: done in 0.153295 secs using 392.6% CPU
Optimizing NNI: done in 0.0951118 secs using 396.3% CPU
Optimizing NNI: done in 0.0842297 secs using 390.9% CPU
Optimizing NNI: done in 0.15273 secs using 394.4% CPU
Optimizing NNI: done in 0.130499 secs using 395.7% CPU
Iteration 80 / LogL: -15511.379 / Time: 0h:0m:13s (0h:0m:6s left)
Optimizing NNI: done in 0.145125 secs using 396.1% CPU
Optimizing NNI: done in 0.126574 secs using 398.8% CPU
Optimizing NNI: done in 0.131765 secs using 393% CPU
Optimizing NNI: done in 0.0815949 secs using 398.1% CPU
Optimizing NNI: done in 0.116497 secs using 394% CPU
Optimizing NNI: done in 0.0968642 secs using 394.8% CPU
Optimizing NNI: done in 0.123093 secs using 394.9% CPU
Optimizing NNI: done in 0.0979649 secs using 395.6% CPU
UPDATE BEST LOG-LIKELIHOOD: -15511.366
Optimizing NNI: done in 0.112036 secs using 394.1% CPU
Optimizing NNI: done in 0.103214 secs using 395.2% CPU
Iteration 90 / LogL: -15512.262 / Time: 0h:0m:15s (0h:0m:4s left)
Optimizing NNI: done in 0.0930887 secs using 395.1% CPU
Optimizing NNI: done in 0.14906 secs using 396.8% CPU
Optimizing NNI: done in 0.121806 secs using 395.7% CPU
Optimizing NNI: done in 0.109281 secs using 397.1% CPU
Optimizing NNI: done in 0.138915 secs using 394.5% CPU
Optimizing NNI: done in 0.0800907 secs using 396.4% CPU
Optimizing NNI: done in 0.103077 secs using 393.8% CPU
Optimizing NNI: done in 0.0705906 secs using 398.2% CPU
Optimizing NNI: done in 0.124702 secs using 394.7% CPU
Optimizing NNI: done in 0.118343 secs using 394.5% CPU
Iteration 100 / LogL: -15511.565 / Time: 0h:0m:16s (0h:0m:3s left)
Log-likelihood cutoff on original alignment: -15543.654
NOTE: Bootstrap correlation coefficient of split occurrence frequencies: 0.996
Optimizing NNI: done in 0.091532 secs using 396.6% CPU
Optimizing NNI: done in 0.0981146 secs using 397.4% CPU
Optimizing NNI: done in 0.0984556 secs using 395.5% CPU
Optimizing NNI: done in 0.0926109 secs using 394.7% CPU
Optimizing NNI: done in 0.0977882 secs using 393.4% CPU
Optimizing NNI: done in 0.137043 secs using 397.7% CPU
Optimizing NNI: done in 0.113538 secs using 399% CPU
Optimizing NNI: done in 0.081919 secs using 394.3% CPU
Optimizing NNI: done in 0.130496 secs using 394.9% CPU
Optimizing NNI: done in 0.0827046 secs using 393.7% CPU
Iteration 110 / LogL: -15511.386 / Time: 0h:0m:17s (0h:0m:12s left)
Optimizing NNI: done in 0.0923752 secs using 395.3% CPU
Optimizing NNI: done in 0.0924904 secs using 397% CPU
Optimizing NNI: done in 0.0987988 secs using 394% CPU
Optimizing NNI: done in 0.090743 secs using 396.1% CPU
Optimizing NNI: done in 0.11398 secs using 393.2% CPU
Optimizing NNI: done in 0.118723 secs using 395.6% CPU
Optimizing NNI: done in 0.0928008 secs using 393.8% CPU
Optimizing NNI: done in 0.129754 secs using 398.1% CPU
Optimizing NNI: done in 0.138906 secs using 396.3% CPU
Optimizing NNI: done in 0.114444 secs using 396.4% CPU
Iteration 120 / LogL: -15511.599 / Time: 0h:0m:18s (0h:0m:11s left)
Optimizing NNI: done in 0.0987745 secs using 396.4% CPU
Optimizing NNI: done in 0.102695 secs using 395.8% CPU
Optimizing NNI: done in 0.106708 secs using 391% CPU
Optimizing NNI: done in 0.125984 secs using 395.1% CPU
TREE SEARCH COMPLETED AFTER 124 ITERATIONS / Time: 0h:0m:19s

--------------------------------------------------------------------
|                    FINALIZING TREE SEARCH                        |
--------------------------------------------------------------------
Performs final model parameters optimization
Estimate model parameters (epsilon = 0.010)
1. Initial log-likelihood: -15511.366
Optimal log-likelihood: -15511.366
Rate parameters:  A-C: 1.00000  A-G: 2.92596  A-T: 1.00000  C-G: 1.00000  C-T: 2.92596  G-T: 1.00000
Base frequencies:  A: 0.251  C: 0.180  G: 0.228  T: 0.342
Gamma shape alpha: 2.792
Parameters optimization took 1 rounds (0.010 sec)
BEST SCORE FOUND : -15511.366
Creating bootstrap support values...
Split supports printed to NEXUS file results/07_phylogeny/All/G5528.splits.nex
Total tree length: 2.080

Total number of iterations: 124
CPU time used for tree search: 59.162 sec (0h:0m:59s)
Wall-clock time used for tree search: 15.403 sec (0h:0m:15s)
Total CPU time used: 71.005 sec (0h:1m:11s)
Total wall-clock time used: 19.091 sec (0h:0m:19s)

Computing bootstrap consensus tree...
Reading input file results/07_phylogeny/All/G5528.splits.nex...
34 taxa and 218 splits.
Consensus tree written to results/07_phylogeny/All/G5528.contree
Reading input trees file results/07_phylogeny/All/G5528.contree
Log-likelihood of consensus tree: -15511.367

Analysis results written to: 
  IQ-TREE report:                results/07_phylogeny/All/G5528.iqtree
  Maximum-likelihood tree:       results/07_phylogeny/All/G5528.treefile
  Likelihood distances:          results/07_phylogeny/All/G5528.mldist

Ultrafast bootstrap approximation results written to:
  Split support values:          results/07_phylogeny/All/G5528.splits.nex
  Consensus tree:                results/07_phylogeny/All/G5528.contree
  Screen log file:               results/07_phylogeny/All/G5528.log

Date and Time: Wed May 27 21:14:53 2026
