IQ-TREE version 3.0.1 for Linux x86 64-bit built Jul  9 2025
Developed by Bui Quang Minh, Thomas Wong, Nhan Ly-Trong, Huaiyan Ren
Contributed by Lam-Tung Nguyen, Dominik Schrempf, Chris Bielow,
Olga Chernomor, Michael Woodhams, Diep Thi Hoang, Heiko Schmidt

Host:    c0700a-s19.ufhpc (AVX2, FMA3, 1007 GB RAM)
Command: iqtree -s results/06_alignment/All/trimmed/G6226.trimmed.aln --prefix results/07_phylogeny/All/G6226 -m TEST -B 1000 -nt 4 -redo
Seed:    313400 (Using SPRNG - Scalable Parallel Random Number Generator)
Time:    Wed May 27 21:18:32 2026
Kernel:  AVX+FMA - 4 threads (8 CPU cores detected)

Reading alignment file results/06_alignment/All/trimmed/G6226.trimmed.aln ... Fasta format detected
Reading fasta file: done in 0.000858697 secs using 96.43% CPU
Alignment most likely contains DNA/RNA sequences
Constructing alignment: done in 0.00124068 secs using 239.8% CPU
Alignment has 25 sequences with 2174 columns, 855 distinct patterns
353 parsimony-informative, 575 singleton sites, 1246 constant sites
                  Gap/Ambiguity  Composition  p-value
Analyzing sequences: done in 2.91939e-05 secs using 30.83% CPU
   1  S0004_G6226_R1_A    1.24%    passed     95.78%
   2  S0016_G6226_R1_A    0.78%    passed     99.55%
   3  S0022_G6226_R1_A    0.18%    passed     99.79%
   4  S0018_G6226_R1_A    0.09%    passed     99.13%
   5  S0031_G6226_R1_A    0.05%    passed     95.34%
   6  S0002_G6226_R1_A    1.10%    passed     95.15%
   7  S0036_G6226_R1_U    0.60%    passed     99.31%
   8  S0019_G6226_R1_A    0.74%    passed     98.85%
   9  S0020_G6226_R1_A    1.15%    passed     99.87%
  10  S0017_G6226_R1_A    0.09%    passed     99.12%
  11  S0011_G6226_R1_A    0.64%    passed     97.70%
  12  S0028_G6226_R1_A    1.01%    passed     86.83%
  13  S0026_G6226_R1_A    0.87%    passed     98.93%
  14  S0013_G6226_R1_A    0.69%    passed     97.11%
  15  S0021_G6226_R1_A    0.64%    passed     99.87%
  16  S0021_G6226_R2_U    0.74%    passed     92.98%
  17  S0046_G6226_R1_A    1.43%    passed     86.58%
  18  S0037_G6226_R1_A    1.29%    passed     93.15%
  19  S0005_G6226_R1_A   12.60%    passed     44.97%
  20  S0012_G6226_R1_A    1.29%    passed     98.38%
  21  S0048_G6226_R1_A    3.04%    passed     94.50%
  22  S0050_G6226_R1_A    2.99%    passed     90.13%
  23  S0030_G6226_R1_A   17.07%    passed     78.12%
  24  S0021_G6226_R3_A   17.76%    passed     99.78%
  25  S0021_G6226_R4_U   17.71%    passed     99.12%
****  TOTAL               3.43%  0 sequences failed composition chi2 test (p-value<5%; df=3)
Checking for duplicate sequences: done in 0.00011247 secs using 33.79% CPU


Create initial parsimony tree by phylogenetic likelihood library (PLL)... 0.001 seconds
Perform fast likelihood tree search using GTR+I+G model...
Estimate model parameters (epsilon = 5.000)
Perform nearest neighbor interchange...
Optimizing NNI: done in 0.0183627 secs using 407.3% CPU
Estimate model parameters (epsilon = 1.000)
1. Initial log-likelihood: -10694.847
Optimal log-likelihood: -10694.654
Rate parameters:  A-C: 0.78601  A-G: 3.11725  A-T: 0.92601  C-G: 0.73372  C-T: 3.27719  G-T: 1.00000
Base frequencies:  A: 0.240  C: 0.206  G: 0.255  T: 0.299
Proportion of invariable sites: 0.267
Gamma shape alpha: 4.202
Parameters optimization took 1 rounds (0.012 sec)
Time for fast ML tree search: 0.093 seconds

NOTE: ModelFinder requires 6 MB RAM!
ModelFinder will test up to 176 DNA models (sample size: 2174 epsilon: 0.100) ...
 No. Model         -LnL         df  AIC          AICc         BIC
  1  JC            11063.210    47  22220.419    22222.541    22487.582
  2  JC+I          11005.129    48  22106.257    22108.471    22379.105
  3  JC+G4         10995.634    48  22087.268    22089.482    22360.116
  4  JC+I+G4       10998.364    49  22094.729    22097.036    22373.260
  7  JC+G4         10995.634    48  22087.268    22089.482    22360.116
 11  F81+G4        10995.634    48  22087.268    22089.482    22360.116
 15  F81+F+G4      10961.610    51  22025.219    22027.719    22315.120
 19  K2P+G4        10735.246    49  21568.492    21570.799    21847.024
 23  K2P+G4        10735.246    49  21568.492    21570.799    21847.024
 27  HKY+G4        10735.246    49  21568.492    21570.799    21847.024
 31  HKY+F+G4      10694.440    52  21492.881    21495.480    21788.466
 35  TNe+G4        10734.939    50  21569.878    21572.280    21854.094
 39  TNe+G4        10734.939    50  21569.878    21572.280    21854.094
 43  TN+G4         10734.939    50  21569.878    21572.280    21854.094
 47  TN+F+G4       10694.040    53  21494.081    21496.781    21795.350
 51  K3P+G4        10734.831    50  21569.661    21572.063    21853.877
 55  K3P+G4        10734.831    50  21569.661    21572.063    21853.877
 59  K3Pu+G4       10734.831    50  21569.661    21572.063    21853.877
 63  K3Pu+F+G4     10694.094    53  21494.188    21496.888    21795.457
 67  TPM2+G4       10735.003    50  21570.005    21572.408    21854.222
 71  TPM2+G4       10735.003    50  21570.005    21572.408    21854.222
 75  TPM2u+G4      10735.003    50  21570.005    21572.408    21854.222
 79  TPM2u+F+G4    10694.400    53  21494.800    21497.500    21796.069
 83  TPM3+G4       10723.722    50  21547.445    21549.847    21831.661
 87  TPM3+G4       10723.722    50  21547.445    21549.847    21831.661
 91  TPM3u+G4      10723.722    50  21547.445    21549.847    21831.661
 95  TPM3u+F+G4    10691.749    53  21489.499    21492.199    21790.768
 99  TIMe+G4       10734.525    51  21571.049    21573.549    21860.950
103  TIMe+G4       10734.525    51  21571.049    21573.549    21860.950
107  TIM+G4        10734.525    51  21571.049    21573.549    21860.950
111  TIM+F+G4      10693.695    54  21495.390    21498.194    21802.344
115  TIM2e+G4      10734.697    51  21571.394    21573.893    21861.294
119  TIM2e+G4      10734.697    51  21571.394    21573.893    21861.294
123  TIM2+G4       10734.697    51  21571.394    21573.893    21861.294
127  TIM2+F+G4     10693.999    54  21495.998    21498.801    21802.952
131  TIM3e+G4      10723.379    51  21548.758    21551.258    21838.659
135  TIM3e+G4      10723.379    51  21548.758    21551.258    21838.659
139  TIM3+G4       10723.379    51  21548.757    21551.257    21838.658
143  TIM3+F+G4     10691.379    54  21490.759    21493.562    21797.712
147  TVMe+G4       10723.207    52  21550.413    21553.012    21845.998
151  TVMe+G4       10723.207    52  21550.413    21553.012    21845.998
155  TVM+G4        10723.207    52  21550.413    21553.012    21845.998
159  TVM+F+G4      10691.434    55  21492.869    21495.777    21805.507
163  SYM+G4        10722.862    53  21551.724    21554.424    21852.993
167  SYM+G4        10722.862    53  21551.724    21554.424    21852.993
171  GTR+G4        10722.862    53  21551.723    21554.423    21852.992
175  GTR+F+G4      10691.066    56  21494.132    21497.148    21812.455
Akaike Information Criterion:           TPM3u+F+G4
Corrected Akaike Information Criterion: TPM3u+F+G4
Bayesian Information Criterion:         HKY+F+G4
Best-fit model: HKY+F+G4 chosen according to BIC

All model information printed to results/07_phylogeny/All/G6226.model.gz
CPU time for ModelFinder: 2.731 seconds (0h:0m:2s)
Wall-clock time for ModelFinder: 0.694 seconds (0h:0m:0s)
Generating 1000 samples for ultrafast bootstrap (seed: 313400)...

NOTE: 6 MB RAM (0 GB) is required!
Estimate model parameters (epsilon = 0.100)
1. Initial log-likelihood: -10694.498
Optimal log-likelihood: -10694.440
Rate parameters:  A-C: 1.00000  A-G: 3.63104  A-T: 1.00000  C-G: 1.00000  C-T: 3.63104  G-T: 1.00000
Base frequencies:  A: 0.240  C: 0.206  G: 0.255  T: 0.299
Gamma shape alpha: 1.150
Parameters optimization took 1 rounds (0.008 sec)
Wrote distance file to... 
Computing ML distances based on estimated model parameters...
Calculating distance matrix: done in 0.000911526 secs using 429.3% CPU
Computing ML distances took 0.000983 sec (of wall-clock time) 0.003989 sec (of CPU time)
Setting up auxiliary I and S matrices: done in 0.00034218 secs using 284.4% CPU
Constructing RapidNJ tree: done in 0.00924769 secs using 58.76% CPU
Computing RapidNJ tree took 0.011851 sec (of wall-clock time) 0.007893 sec (of CPU time)
Log-likelihood of RapidNJ tree: -10792.129
--------------------------------------------------------------------
|             INITIALIZING CANDIDATE TREE SET                      |
--------------------------------------------------------------------
Generating 98 parsimony trees... 0.240 second
Computing log-likelihood of 98 initial trees ... 0.348 seconds
Current best score: -10694.440

Do NNI search on 20 best initial trees
Optimizing NNI: done in 0.0181779 secs using 388.6% CPU
Estimate model parameters (epsilon = 0.100)
BETTER TREE FOUND at iteration 1: -10694.440
Optimizing NNI: done in 0.0250801 secs using 391.3% CPU
Optimizing NNI: done in 0.0276955 secs using 396.6% CPU
Optimizing NNI: done in 0.0350791 secs using 393.2% CPU
UPDATE BEST LOG-LIKELIHOOD: -10694.440
Optimizing NNI: done in 0.0365831 secs using 394.8% CPU
UPDATE BEST LOG-LIKELIHOOD: -10694.440
Optimizing NNI: done in 0.0506085 secs using 389.8% CPU
Optimizing NNI: done in 0.0437477 secs using 394.2% CPU
Optimizing NNI: done in 0.0422394 secs using 383.1% CPU
Optimizing NNI: done in 0.054838 secs using 387.2% CPU
Optimizing NNI: done in 0.0670691 secs using 392.4% CPU
Iteration 10 / LogL: -10694.441 / Time: 0h:0m:1s
Optimizing NNI: done in 0.0488053 secs using 396% CPU
Optimizing NNI: done in 0.0531388 secs using 396.1% CPU
Optimizing NNI: done in 0.0595747 secs using 394% CPU
UPDATE BEST LOG-LIKELIHOOD: -10694.440
Optimizing NNI: done in 0.0476437 secs using 392.7% CPU
Optimizing NNI: done in 0.0472729 secs using 400.7% CPU
Optimizing NNI: done in 0.0516858 secs using 393.1% CPU
Optimizing NNI: done in 0.0433166 secs using 388.2% CPU
Optimizing NNI: done in 0.0589952 secs using 392.1% CPU
Optimizing NNI: done in 0.0423598 secs using 396.9% CPU
Optimizing NNI: done in 0.0465836 secs using 395.2% CPU
Iteration 20 / LogL: -10694.443 / Time: 0h:0m:2s
Finish initializing candidate tree set (2)
Current best tree score: -10694.440 / CPU time: 1.513
Number of iterations: 20
--------------------------------------------------------------------
|               OPTIMIZING CANDIDATE TREE SET                      |
--------------------------------------------------------------------
Optimizing NNI: done in 0.0548057 secs using 396.3% CPU
Optimizing NNI: done in 0.0328882 secs using 388.8% CPU
Optimizing NNI: done in 0.0535821 secs using 391.7% CPU
Optimizing NNI: done in 0.0714342 secs using 388.1% CPU
Optimizing NNI: done in 0.0614803 secs using 389.9% CPU
Optimizing NNI: done in 0.0622779 secs using 392.3% CPU
Optimizing NNI: done in 0.0487051 secs using 394.5% CPU
Optimizing NNI: done in 0.0638372 secs using 390.1% CPU
Optimizing NNI: done in 0.0653711 secs using 392.2% CPU
Optimizing NNI: done in 0.048599 secs using 384.6% CPU
Iteration 30 / LogL: -10694.468 / Time: 0h:0m:2s (0h:0m:5s left)
Optimizing NNI: done in 0.0444389 secs using 386.7% CPU
Optimizing NNI: done in 0.0724405 secs using 389.5% CPU
Optimizing NNI: done in 0.0649452 secs using 392.3% CPU
Optimizing NNI: done in 0.0905367 secs using 392.9% CPU
UPDATE BEST LOG-LIKELIHOOD: -10694.440
Optimizing NNI: done in 0.0549013 secs using 390.5% CPU
Optimizing NNI: done in 0.0664789 secs using 387.4% CPU
Optimizing NNI: done in 0.0543635 secs using 384.2% CPU
Optimizing NNI: done in 0.0491089 secs using 390.4% CPU
Optimizing NNI: done in 0.0492256 secs using 393.8% CPU
Optimizing NNI: done in 0.0326287 secs using 391.4% CPU
Iteration 40 / LogL: -10694.496 / Time: 0h:0m:3s (0h:0m:4s left)
Optimizing NNI: done in 0.0419529 secs using 394.9% CPU
Optimizing NNI: done in 0.0657438 secs using 395.4% CPU
Optimizing NNI: done in 0.0710269 secs using 395.7% CPU
Optimizing NNI: done in 0.0519081 secs using 391.9% CPU
Optimizing NNI: done in 0.0446717 secs using 395.1% CPU
Optimizing NNI: done in 0.0686968 secs using 391% CPU
Optimizing NNI: done in 0.0505376 secs using 398.1% CPU
Optimizing NNI: done in 0.0548008 secs using 391.2% CPU
Optimizing NNI: done in 0.0780329 secs using 394.7% CPU
Optimizing NNI: done in 0.0529378 secs using 393.6% CPU
Iteration 50 / LogL: -10728.438 / Time: 0h:0m:4s (0h:0m:3s left)
Log-likelihood cutoff on original alignment: -10740.251
Optimizing NNI: done in 0.0704078 secs using 390.7% CPU
Optimizing NNI: done in 0.0638658 secs using 389.8% CPU
Optimizing NNI: done in 0.064644 secs using 395.6% CPU
Optimizing NNI: done in 0.0519514 secs using 391.6% CPU
Optimizing NNI: done in 0.0412649 secs using 389.2% CPU
Optimizing NNI: done in 0.0594412 secs using 390.2% CPU
Optimizing NNI: done in 0.0814458 secs using 391.7% CPU
Optimizing NNI: done in 0.0623925 secs using 390.4% CPU
Optimizing NNI: done in 0.0544048 secs using 387.6% CPU
Optimizing NNI: done in 0.0771971 secs using 391.1% CPU
Iteration 60 / LogL: -10694.443 / Time: 0h:0m:4s (0h:0m:2s left)
Optimizing NNI: done in 0.0633212 secs using 391.8% CPU
Optimizing NNI: done in 0.0446924 secs using 390.3% CPU
Optimizing NNI: done in 0.0452316 secs using 395.6% CPU
Optimizing NNI: done in 0.0647977 secs using 388.7% CPU
Optimizing NNI: done in 0.0660669 secs using 384.8% CPU
Optimizing NNI: done in 0.0474075 secs using 388.3% CPU
Optimizing NNI: done in 0.0667664 secs using 396.7% CPU
Optimizing NNI: done in 0.0425067 secs using 391.1% CPU
Optimizing NNI: done in 0.0641868 secs using 393.3% CPU
Optimizing NNI: done in 0.061221 secs using 394.4% CPU
Iteration 70 / LogL: -10729.801 / Time: 0h:0m:5s (0h:0m:2s left)
Optimizing NNI: done in 0.0388232 secs using 398.4% CPU
Optimizing NNI: done in 0.0549155 secs using 394% CPU
Optimizing NNI: done in 0.0466723 secs using 394.9% CPU
Optimizing NNI: done in 0.0544266 secs using 387.3% CPU
Optimizing NNI: done in 0.0577321 secs using 389.9% CPU
Optimizing NNI: done in 0.0411351 secs using 393.6% CPU
Optimizing NNI: done in 0.0405865 secs using 397.7% CPU
Optimizing NNI: done in 0.0697228 secs using 390.9% CPU
Optimizing NNI: done in 0.0476701 secs using 397.2% CPU
Optimizing NNI: done in 0.0896522 secs using 389.4% CPU
Iteration 80 / LogL: -10694.443 / Time: 0h:0m:6s (0h:0m:1s left)
Optimizing NNI: done in 0.0629754 secs using 390.4% CPU
Optimizing NNI: done in 0.0613096 secs using 395.8% CPU
Optimizing NNI: done in 0.0563425 secs using 389.9% CPU
Optimizing NNI: done in 0.0608118 secs using 393.2% CPU
Optimizing NNI: done in 0.0551846 secs using 392.5% CPU
Optimizing NNI: done in 0.0633406 secs using 394.1% CPU
Optimizing NNI: done in 0.0618162 secs using 391.7% CPU
Optimizing NNI: done in 0.0581278 secs using 393% CPU
Optimizing NNI: done in 0.0571904 secs using 394% CPU
Optimizing NNI: done in 0.0431531 secs using 391.4% CPU
Iteration 90 / LogL: -10694.509 / Time: 0h:0m:6s (0h:0m:0s left)
Optimizing NNI: done in 0.0584584 secs using 391.6% CPU
Optimizing NNI: done in 0.0522823 secs using 385.8% CPU
Optimizing NNI: done in 0.0573203 secs using 395.6% CPU
Optimizing NNI: done in 0.0763012 secs using 388.1% CPU
Optimizing NNI: done in 0.0627761 secs using 390.5% CPU
Optimizing NNI: done in 0.0438963 secs using 388.5% CPU
Optimizing NNI: done in 0.0487481 secs using 392.2% CPU
Optimizing NNI: done in 0.0668413 secs using 395% CPU
Optimizing NNI: done in 0.0664294 secs using 392.2% CPU
Optimizing NNI: done in 0.0719378 secs using 393.2% CPU
Iteration 100 / LogL: -10694.489 / Time: 0h:0m:7s (0h:0m:0s left)
Log-likelihood cutoff on original alignment: -10740.346
NOTE: Bootstrap correlation coefficient of split occurrence frequencies: 0.999
Optimizing NNI: done in 0.0437007 secs using 388.5% CPU
Optimizing NNI: done in 0.0550278 secs using 394.8% CPU
TREE SEARCH COMPLETED AFTER 102 ITERATIONS / Time: 0h:0m:7s

--------------------------------------------------------------------
|                    FINALIZING TREE SEARCH                        |
--------------------------------------------------------------------
Performs final model parameters optimization
Estimate model parameters (epsilon = 0.010)
1. Initial log-likelihood: -10694.440
Optimal log-likelihood: -10694.440
Rate parameters:  A-C: 1.00000  A-G: 3.63142  A-T: 1.00000  C-G: 1.00000  C-T: 3.63142  G-T: 1.00000
Base frequencies:  A: 0.240  C: 0.206  G: 0.255  T: 0.299
Gamma shape alpha: 1.150
Parameters optimization took 1 rounds (0.006 sec)
BEST SCORE FOUND : -10694.440
Creating bootstrap support values...
Split supports printed to NEXUS file results/07_phylogeny/All/G6226.splits.nex
Total tree length: 0.721

Total number of iterations: 102
CPU time used for tree search: 25.195 sec (0h:0m:25s)
Wall-clock time used for tree search: 6.679 sec (0h:0m:6s)
Total CPU time used: 28.339 sec (0h:0m:28s)
Total wall-clock time used: 7.567 sec (0h:0m:7s)

Computing bootstrap consensus tree...
Reading input file results/07_phylogeny/All/G6226.splits.nex...
25 taxa and 114 splits.
Consensus tree written to results/07_phylogeny/All/G6226.contree
Reading input trees file results/07_phylogeny/All/G6226.contree
Log-likelihood of consensus tree: -10694.454

Analysis results written to: 
  IQ-TREE report:                results/07_phylogeny/All/G6226.iqtree
  Maximum-likelihood tree:       results/07_phylogeny/All/G6226.treefile
  Likelihood distances:          results/07_phylogeny/All/G6226.mldist

Ultrafast bootstrap approximation results written to:
  Split support values:          results/07_phylogeny/All/G6226.splits.nex
  Consensus tree:                results/07_phylogeny/All/G6226.contree
  Screen log file:               results/07_phylogeny/All/G6226.log

Date and Time: Wed May 27 21:18:39 2026
