IQ-TREE version 3.0.1 for Linux x86 64-bit built Jul  9 2025
Developed by Bui Quang Minh, Thomas Wong, Nhan Ly-Trong, Huaiyan Ren
Contributed by Lam-Tung Nguyen, Dominik Schrempf, Chris Bielow,
Olga Chernomor, Michael Woodhams, Diep Thi Hoang, Heiko Schmidt

Host:    c0700a-s19.ufhpc (AVX2, FMA3, 1007 GB RAM)
Command: iqtree -s results/06_alignment/All/trimmed/G6274.trimmed.aln --prefix results/07_phylogeny/All/G6274 -m TEST -B 1000 -nt 4 -redo
Seed:    583682 (Using SPRNG - Scalable Parallel Random Number Generator)
Time:    Wed May 27 21:29:30 2026
Kernel:  AVX+FMA - 4 threads (8 CPU cores detected)

Reading alignment file results/06_alignment/All/trimmed/G6274.trimmed.aln ... Fasta format detected
Reading fasta file: done in 0.00246865 secs using 45.45% CPU
Alignment most likely contains DNA/RNA sequences
Constructing alignment: done in 0.00262977 secs using 129% CPU
Alignment has 45 sequences with 2621 columns, 2052 distinct patterns
1462 parsimony-informative, 540 singleton sites, 619 constant sites
                  Gap/Ambiguity  Composition  p-value
Analyzing sequences: done in 0.000104085 secs using 98.96% CPU
   1  S0017_G6274_R2_A   18.96%    passed     71.62%
   2  S0004_G6274_R2_A   19.99%    passed     73.98%
   3  S0016_G6274_R2_A   19.00%    passed     94.29%
   4  S0031_G6274_R2_A   19.08%    passed     53.03%
   5  S0020_G6274_R1_A   19.46%    passed     74.39%
   6  S0036_G6274_R1_U   19.27%    passed     76.83%
   7  S0030_G6274_R2_A   19.53%    passed     84.92%
   8  S0046_G6274_R1_A   18.77%    passed     47.28%
   9  S0022_G6274_R2_A   19.23%    passed     78.47%
  10  S0013_G6274_R1_A   19.53%    passed     59.39%
  11  S0026_G6274_R1_A   19.04%    passed     56.77%
  12  S0028_G6274_R1_A   19.84%    passed     78.39%
  13  S0011_G6274_R1_A   20.22%    passed     69.14%
  14  S0021_G6274_R1_A   20.11%    passed     72.41%
  15  S0021_G6274_R2_U   20.18%    passed     68.81%
  16  S0048_G6274_R1_A   21.63%    passed     89.22%
  17  S0050_G6274_R1_A   20.60%    passed     83.79%
  18  S0012_G6274_R1_A   21.86%    passed     85.11%
  19  S0037_G6274_R2_A   19.95%    passed     93.32%
  20  S0019_G6274_R1_A   29.34%    passed     66.85%
  21  S0011_G6274_R2_A   20.76%    passed     59.42%
  22  S0022_G6274_R1_A   18.81%    passed     76.69%
  23  S0002_G6274_R2_A   18.31%    passed     76.09%
  24  S0004_G6274_R1_A   18.24%    passed     66.57%
  25  S0018_G6274_R1_A   18.47%    passed     27.01%
  26  S0031_G6274_R1_A   18.24%    passed     69.47%
  27  S0016_G6274_R1_A   19.31%    passed     59.60%
  28  S0030_G6274_R1_A   19.99%    passed     89.50%
  29  S0017_G6274_R1_A   18.28%    passed     56.37%
  30  S0028_G6274_R2_A   18.31%    passed     72.44%
  31  S0019_G6274_R2_A   19.73%    passed     86.34%
  32  S0020_G6274_R2_A   19.31%    passed     88.96%
  33  S0037_G6274_R1_A   18.89%    passed     51.57%
  34  S0013_G6274_R2_A   18.39%    passed     79.94%
  35  S0048_G6274_R2_A   18.77%    passed     36.61%
  36  S0050_G6274_R2_A   18.73%    passed     42.34%
  37  S0026_G6274_R2_A   24.38%    passed     56.75%
  38  S0046_G6274_R2_A   20.76%    passed     10.98%
  39  S0018_G6274_R2_A   30.52%    passed     70.87%
  40  S0002_G6274_R1_A   28.42%    passed     78.51%
  41  S0005_G6274_R2_A   23.39%    passed     36.06%
  42  S0005_G6274_R1_A   25.30%    passed     69.66%
  43  S0017_G6274_R3_A   26.36%    passed     16.26%
  44  S0017_G6274_R4_A   26.36%    passed     15.71%
  45  S0017_G6274_R5_A   26.55%    failed      3.92%
****  TOTAL              20.89%  1 sequences failed composition chi2 test (p-value<5%; df=3)
Checking for duplicate sequences: done in 0.000441457 secs using 772.4% CPU


Create initial parsimony tree by phylogenetic likelihood library (PLL)... 0.009 seconds
Perform fast likelihood tree search using GTR+I+G model...
Estimate model parameters (epsilon = 5.000)
Perform nearest neighbor interchange...
Optimizing NNI: done in 0.14382 secs using 395.1% CPU
Estimate model parameters (epsilon = 1.000)
1. Initial log-likelihood: -24998.375
Optimal log-likelihood: -24998.028
Rate parameters:  A-C: 1.09360  A-G: 2.75070  A-T: 1.05506  C-G: 0.94805  C-T: 3.25896  G-T: 1.00000
Base frequencies:  A: 0.257  C: 0.190  G: 0.243  T: 0.310
Proportion of invariable sites: 0.088
Gamma shape alpha: 3.627
Parameters optimization took 1 rounds (0.039 sec)
Time for fast ML tree search: 0.464 seconds

NOTE: ModelFinder requires 19 MB RAM!
ModelFinder will test up to 176 DNA models (sample size: 2621 epsilon: 0.100) ...
 No. Model         -LnL         df  AIC          AICc         BIC
  1  JC            25806.873    87  51787.745    51793.790    52298.549
  2  JC+I          25652.901    88  51481.802    51487.989    51998.478
  3  JC+G4         25609.371    88  51394.742    51400.928    51911.417
  4  JC+I+G4       25604.120    89  51386.240    51392.569    51908.786
  7  JC+G4         25609.371    88  51394.742    51400.928    51911.417
  8  JC+I+G4       25604.120    89  51386.240    51392.569    51908.786
 11  F81+G4        25609.371    88  51394.742    51400.928    51911.417
 12  F81+I+G4      25604.000    89  51385.999    51392.329    51908.546
 15  F81+F+G4      25539.131    91  51260.261    51266.882    51794.551
 16  F81+F+I+G4    25533.168    92  51250.337    51257.106    51790.498
 19  K2P+G4        25114.360    89  50406.719    50413.049    50929.266
 20  K2P+I+G4      25108.405    90  50396.810    50403.284    50925.228
 23  K2P+G4        25114.360    89  50406.719    50413.049    50929.266
 24  K2P+I+G4      25108.405    90  50396.810    50403.284    50925.228
 27  HKY+G4        25114.358    89  50406.716    50413.046    50929.263
 28  HKY+I+G4      25108.394    90  50396.787    50403.262    50925.205
 31  HKY+F+G4      25012.252    92  50208.503    50215.272    50748.664
 32  HKY+F+I+G4    25005.524    93  50197.049    50203.967    50743.080
 35  TNe+G4        25111.648    90  50403.296    50409.771    50931.714
 36  TNe+I+G4      25105.966    91  50393.932    50400.552    50928.221
 39  TNe+G4        25111.648    90  50403.296    50409.771    50931.714
 40  TNe+I+G4      25105.966    91  50393.932    50400.552    50928.221
 43  TN+G4         25111.648    90  50403.296    50409.770    50931.714
 44  TN+I+G4       25105.957    91  50393.915    50400.536    50928.204
 47  TN+F+G4       25005.114    93  50196.228    50203.147    50742.260
 48  TN+F+I+G4     24998.984    94  50185.967    50193.037    50737.870
 51  K3P+G4        25114.358    90  50408.715    50415.190    50937.133
 52  K3P+I+G4      25108.385    91  50398.771    50405.391    50933.060
 55  K3P+G4        25114.358    90  50408.715    50415.190    50937.133
 56  K3P+I+G4      25108.385    91  50398.771    50405.391    50933.060
 59  K3Pu+G4       25114.358    90  50408.716    50415.190    50937.134
 60  K3Pu+I+G4     25108.379    91  50398.757    50405.378    50933.046
 63  K3Pu+F+G4     25012.205    93  50210.410    50217.329    50756.442
 64  K3Pu+F+I+G4   25005.460    94  50198.920    50205.991    50750.824
 67  TPM2+G4       25111.515    90  50403.031    50409.505    50931.449
 68  TPM2+I+G4     25105.525    91  50393.049    50399.670    50927.339
 71  TPM2+G4       25111.515    90  50403.031    50409.505    50931.449
 72  TPM2+I+G4     25105.525    91  50393.049    50399.670    50927.339
 75  TPM2u+G4      25111.514    90  50403.028    50409.502    50931.446
 76  TPM2u+I+G4    25105.518    91  50393.036    50399.656    50927.325
 79  TPM2u+F+G4    25010.917    93  50207.834    50214.753    50753.866
 80  TPM2u+F+I+G4  25004.160    94  50196.320    50203.391    50748.223
 83  TPM3+G4       25094.388    90  50368.776    50375.251    50897.194
 84  TPM3+I+G4     25089.003    91  50360.006    50366.627    50894.296
 87  TPM3+G4       25094.388    90  50368.776    50375.251    50897.194
 88  TPM3+I+G4     25089.003    91  50360.006    50366.627    50894.296
 91  TPM3u+G4      25094.388    90  50368.775    50375.249    50897.193
 92  TPM3u+I+G4    25088.989    91  50359.978    50366.599    50894.268
 95  TPM3u+F+G4    25012.244    93  50210.487    50217.406    50756.519
 96  TPM3u+F+I+G4  25005.496    94  50198.992    50206.063    50750.896
 99  TIMe+G4       25111.648    91  50405.296    50411.917    50939.585
100  TIMe+I+G4     25105.943    92  50395.885    50402.654    50936.046
103  TIMe+G4       25111.648    91  50405.296    50411.917    50939.585
104  TIMe+I+G4     25105.943    92  50395.885    50402.654    50936.046
107  TIM+G4        25111.648    91  50405.295    50411.916    50939.585
108  TIM+I+G4      25105.939    92  50395.878    50402.647    50936.038
111  TIM+F+G4      25005.077    94  50198.154    50205.224    50750.057
112  TIM+F+I+G4    24998.924    95  50187.848    50195.072    50745.622
115  TIM2e+G4      25108.832    91  50399.663    50406.284    50933.953
116  TIM2e+I+G4    25103.114    92  50390.228    50396.997    50930.388
119  TIM2e+G4      25108.832    91  50399.663    50406.284    50933.953
120  TIM2e+I+G4    25103.114    92  50390.228    50396.997    50930.388
123  TIM2+G4       25108.831    91  50399.661    50406.282    50933.950
124  TIM2+I+G4     25103.110    92  50390.219    50396.988    50930.380
127  TIM2+F+G4     25003.788    94  50195.576    50202.647    50747.479
128  TIM2+F+I+G4   24997.627    95  50185.254    50192.477    50743.028
131  TIM3e+G4      25091.427    91  50364.854    50371.475    50899.143
132  TIM3e+I+G4    25086.259    92  50356.519    50363.288    50896.680
135  TIM3e+G4      25091.427    91  50364.854    50371.475    50899.143
136  TIM3e+I+G4    25086.259    92  50356.519    50363.288    50896.680
139  TIM3+G4       25091.424    91  50364.848    50371.469    50899.137
140  TIM3+I+G4     25086.251    92  50356.501    50363.270    50896.662
143  TIM3+F+G4     25005.111    94  50198.223    50205.293    50750.126
144  TIM3+F+I+G4   24998.971    95  50187.942    50195.166    50745.716
147  TVMe+G4       25091.228    92  50366.455    50373.224    50906.616
148  TVMe+I+G4     25085.790    93  50357.580    50364.499    50903.612
151  TVMe+G4       25091.228    92  50366.455    50373.224    50906.616
152  TVMe+I+G4     25085.790    93  50357.580    50364.499    50903.612
155  TVM+G4        25091.224    92  50366.448    50373.217    50906.609
156  TVM+I+G4      25085.784    93  50357.569    50364.487    50903.600
159  TVM+F+G4      25010.623    95  50211.245    50218.469    50769.020
160  TVM+F+I+G4    25003.868    96  50199.736    50207.115    50763.382
163  SYM+G4        25088.283    93  50362.565    50369.484    50908.597
164  SYM+I+G4      25083.095    94  50354.190    50361.260    50906.093
167  SYM+G4        25088.283    93  50362.565    50369.484    50908.597
168  SYM+I+G4      25083.095    94  50354.190    50361.260    50906.093
171  GTR+G4        25088.282    93  50362.565    50369.484    50908.597
172  GTR+I+G4      25083.090    94  50354.180    50361.250    50906.083
175  GTR+F+G4      25003.497    96  50198.993    50206.372    50762.639
176  GTR+F+I+G4    24997.317    97  50188.635    50196.170    50758.152
Akaike Information Criterion:           TIM2+F+I+G4
Corrected Akaike Information Criterion: TIM2+F+I+G4
Bayesian Information Criterion:         TN+F+I+G4
Best-fit model: TN+F+I+G4 chosen according to BIC

All model information printed to results/07_phylogeny/All/G6274.model.gz
CPU time for ModelFinder: 19.387 seconds (0h:0m:19s)
Wall-clock time for ModelFinder: 4.906 seconds (0h:0m:4s)
Generating 1000 samples for ultrafast bootstrap (seed: 583682)...

NOTE: 19 MB RAM (0 GB) is required!
Estimate model parameters (epsilon = 0.100)
Thoroughly optimizing +I+G parameters from 10 start values...
Init pinv, alpha: 0.000, 3.199 / Estimate: 0.000, 2.007 / LogL: -25005.114
Init pinv, alpha: 0.026, 3.199 / Estimate: 0.044, 2.608 / LogL: -24999.982
Init pinv, alpha: 0.052, 3.199 / Estimate: 0.055, 2.814 / LogL: -24999.278
Init pinv, alpha: 0.079, 3.199 / Estimate: 0.077, 3.300 / LogL: -24999.035
Init pinv, alpha: 0.105, 3.199 / Estimate: 0.082, 3.443 / LogL: -24999.246
Init pinv, alpha: 0.131, 3.199 / Estimate: 0.081, 3.418 / LogL: -24999.202
Init pinv, alpha: 0.157, 3.199 / Estimate: 0.081, 3.419 / LogL: -24999.205
Init pinv, alpha: 0.184, 3.199 / Estimate: 0.082, 3.443 / LogL: -24999.248
Init pinv, alpha: 0.210, 3.199 / Estimate: 0.081, 3.416 / LogL: -24999.199
Init pinv, alpha: 0.236, 3.199 / Estimate: 0.081, 3.425 / LogL: -24999.216
Optimal pinv,alpha: 0.077, 3.300 / LogL: -24999.035

Parameters optimization took 3.014 sec
Wrote distance file to... 
Computing ML distances based on estimated model parameters...
Calculating distance matrix: done in 0.00343713 secs using 449.4% CPU
Computing ML distances took 0.003635 sec (of wall-clock time) 0.015649 sec (of CPU time)
Setting up auxiliary I and S matrices: done in 0.0337919 secs using 285.8% CPU
Constructing RapidNJ tree: done in 0.112867 secs using 250.4% CPU
Computing RapidNJ tree took 0.146807 sec (of wall-clock time) 0.379554 sec (of CPU time)
Log-likelihood of RapidNJ tree: -25391.722
--------------------------------------------------------------------
|             INITIALIZING CANDIDATE TREE SET                      |
--------------------------------------------------------------------
Generating 98 parsimony trees... 0.932 second
Computing log-likelihood of 98 initial trees ... 1.162 seconds
Current best score: -24999.035

Do NNI search on 20 best initial trees
Optimizing NNI: done in 0.0588428 secs using 396.6% CPU
Estimate model parameters (epsilon = 0.100)
BETTER TREE FOUND at iteration 1: -24999.013
Optimizing NNI: done in 0.194894 secs using 395% CPU
Estimate model parameters (epsilon = 0.100)
BETTER TREE FOUND at iteration 2: -24981.065
Optimizing NNI: done in 0.329179 secs using 395.1% CPU
Optimizing NNI: done in 0.282936 secs using 394.5% CPU
Optimizing NNI: done in 0.269623 secs using 395.5% CPU
Optimizing NNI: done in 0.187187 secs using 394.7% CPU
Optimizing NNI: done in 0.236225 secs using 396.3% CPU
Optimizing NNI: done in 0.228081 secs using 395.2% CPU
Optimizing NNI: done in 0.202237 secs using 396.2% CPU
Optimizing NNI: done in 0.206584 secs using 393.8% CPU
Iteration 10 / LogL: -24981.313 / Time: 0h:0m:12s
Optimizing NNI: done in 0.213705 secs using 395.1% CPU
Optimizing NNI: done in 0.254158 secs using 394.9% CPU
Optimizing NNI: done in 0.239047 secs using 395.3% CPU
Optimizing NNI: done in 0.301299 secs using 394.2% CPU
Optimizing NNI: done in 0.254293 secs using 396.1% CPU
Optimizing NNI: done in 0.259894 secs using 393.3% CPU
Optimizing NNI: done in 0.348384 secs using 395.1% CPU
Optimizing NNI: done in 0.278159 secs using 395.1% CPU
Optimizing NNI: done in 0.248796 secs using 394.8% CPU
Optimizing NNI: done in 0.265276 secs using 395% CPU
Iteration 20 / LogL: -24981.314 / Time: 0h:0m:15s
Finish initializing candidate tree set (7)
Current best tree score: -24981.065 / CPU time: 7.055
Number of iterations: 20
--------------------------------------------------------------------
|               OPTIMIZING CANDIDATE TREE SET                      |
--------------------------------------------------------------------
Optimizing NNI: done in 0.224023 secs using 394.8% CPU
Optimizing NNI: done in 0.192829 secs using 394.2% CPU
Optimizing NNI: done in 0.226295 secs using 395.2% CPU
Optimizing NNI: done in 0.239239 secs using 391.9% CPU
Optimizing NNI: done in 0.234996 secs using 395.4% CPU
Optimizing NNI: done in 0.241067 secs using 395.4% CPU
Optimizing NNI: done in 0.274342 secs using 395.7% CPU
Optimizing NNI: done in 0.265117 secs using 396.2% CPU
Optimizing NNI: done in 0.245768 secs using 397.7% CPU
Optimizing NNI: done in 0.298858 secs using 393.8% CPU
Iteration 30 / LogL: -24981.448 / Time: 0h:0m:17s (0h:0m:31s left)
Optimizing NNI: done in 0.427287 secs using 354.6% CPU
Optimizing NNI: done in 0.312537 secs using 396.1% CPU
Optimizing NNI: done in 0.314004 secs using 395% CPU
Optimizing NNI: done in 0.238795 secs using 395.6% CPU
Optimizing NNI: done in 0.307026 secs using 395.1% CPU
Optimizing NNI: done in 0.255362 secs using 397.9% CPU
Optimizing NNI: done in 0.218457 secs using 395.6% CPU
Optimizing NNI: done in 0.314253 secs using 394.1% CPU
Optimizing NNI: done in 0.251987 secs using 396.8% CPU
Optimizing NNI: done in 0.227819 secs using 396.5% CPU
Iteration 40 / LogL: -24983.613 / Time: 0h:0m:20s (0h:0m:25s left)
Optimizing NNI: done in 0.229153 secs using 396.5% CPU
Optimizing NNI: done in 0.160977 secs using 397.2% CPU
Optimizing NNI: done in 0.211482 secs using 396.1% CPU
Optimizing NNI: done in 0.255833 secs using 397.1% CPU
Optimizing NNI: done in 0.252674 secs using 396.5% CPU
Optimizing NNI: done in 0.229565 secs using 394.8% CPU
Optimizing NNI: done in 0.220819 secs using 394.9% CPU
Optimizing NNI: done in 0.210828 secs using 396% CPU
Optimizing NNI: done in 0.247127 secs using 395.6% CPU
Optimizing NNI: done in 0.192199 secs using 398.4% CPU
Iteration 50 / LogL: -24986.243 / Time: 0h:0m:22s (0h:0m:19s left)
Log-likelihood cutoff on original alignment: -25009.370
Optimizing NNI: done in 0.200184 secs using 396% CPU
Optimizing NNI: done in 0.251724 secs using 396.9% CPU
Optimizing NNI: done in 0.335141 secs using 396% CPU
Optimizing NNI: done in 0.243569 secs using 397.6% CPU
Optimizing NNI: done in 0.282737 secs using 382.4% CPU
Optimizing NNI: done in 0.211195 secs using 396.1% CPU
Optimizing NNI: done in 0.316669 secs using 392.2% CPU
Optimizing NNI: done in 0.197263 secs using 390.7% CPU
Optimizing NNI: done in 0.170715 secs using 395.6% CPU
Optimizing NNI: done in 0.206697 secs using 396.4% CPU
Iteration 60 / LogL: -24986.207 / Time: 0h:0m:25s (0h:0m:14s left)
Optimizing NNI: done in 0.215551 secs using 396.7% CPU
Optimizing NNI: done in 0.276724 secs using 395.1% CPU
Optimizing NNI: done in 0.202141 secs using 396.4% CPU
Optimizing NNI: done in 0.251249 secs using 396.9% CPU
Optimizing NNI: done in 0.240255 secs using 397.8% CPU
Optimizing NNI: done in 0.2452 secs using 394.8% CPU
Optimizing NNI: done in 0.202097 secs using 393.6% CPU
Optimizing NNI: done in 0.171494 secs using 393.1% CPU
Optimizing NNI: done in 0.182741 secs using 395.2% CPU
Optimizing NNI: done in 0.347897 secs using 396.2% CPU
Iteration 70 / LogL: -24981.552 / Time: 0h:0m:27s (0h:0m:10s left)
Optimizing NNI: done in 0.247702 secs using 394.1% CPU
Optimizing NNI: done in 0.197042 secs using 396.3% CPU
Optimizing NNI: done in 0.188631 secs using 396.2% CPU
Optimizing NNI: done in 0.284676 secs using 393.5% CPU
Optimizing NNI: done in 0.226861 secs using 395.7% CPU
Optimizing NNI: done in 0.2599 secs using 396% CPU
Optimizing NNI: done in 0.334283 secs using 394.7% CPU
Optimizing NNI: done in 0.264829 secs using 395.1% CPU
Optimizing NNI: done in 0.202936 secs using 396.2% CPU
Optimizing NNI: done in 0.210021 secs using 396.1% CPU
Iteration 80 / LogL: -24981.103 / Time: 0h:0m:30s (0h:0m:7s left)
Optimizing NNI: done in 0.223982 secs using 395.9% CPU
Optimizing NNI: done in 0.207042 secs using 395.5% CPU
Optimizing NNI: done in 0.235186 secs using 395% CPU
Optimizing NNI: done in 0.242387 secs using 394.8% CPU
Optimizing NNI: done in 0.338771 secs using 395.9% CPU
Optimizing NNI: done in 0.170445 secs using 395.9% CPU
Optimizing NNI: done in 0.212398 secs using 394.5% CPU
Optimizing NNI: done in 0.2413 secs using 393.7% CPU
Optimizing NNI: done in 0.265719 secs using 394.7% CPU
Optimizing NNI: done in 0.237202 secs using 394.4% CPU
Iteration 90 / LogL: -24988.325 / Time: 0h:0m:32s (0h:0m:3s left)
Optimizing NNI: done in 0.245583 secs using 397% CPU
Optimizing NNI: done in 0.281331 secs using 395.5% CPU
Optimizing NNI: done in 0.297959 secs using 393.5% CPU
Optimizing NNI: done in 0.251187 secs using 395.9% CPU
Optimizing NNI: done in 0.344327 secs using 395.7% CPU
Optimizing NNI: done in 0.31473 secs using 374.3% CPU
Optimizing NNI: done in 0.496327 secs using 365.7% CPU
Optimizing NNI: done in 0.386788 secs using 394.7% CPU
Optimizing NNI: done in 0.290389 secs using 395.8% CPU
Optimizing NNI: done in 0.252333 secs using 395.7% CPU
Iteration 100 / LogL: -24981.081 / Time: 0h:0m:36s (0h:0m:0s left)
Log-likelihood cutoff on original alignment: -25009.370
NOTE: Bootstrap correlation coefficient of split occurrence frequencies: 0.995
Optimizing NNI: done in 0.279433 secs using 394.5% CPU
Optimizing NNI: done in 0.305888 secs using 396.4% CPU
Optimizing NNI: done in 0.276182 secs using 395.4% CPU
TREE SEARCH COMPLETED AFTER 103 ITERATIONS / Time: 0h:0m:37s

--------------------------------------------------------------------
|                    FINALIZING TREE SEARCH                        |
--------------------------------------------------------------------
Performs final model parameters optimization
Estimate model parameters (epsilon = 0.010)
1. Initial log-likelihood: -24981.065
2. Current log-likelihood: -24981.037
3. Current log-likelihood: -24981.014
4. Current log-likelihood: -24980.995
5. Current log-likelihood: -24980.980
6. Current log-likelihood: -24980.968
Optimal log-likelihood: -24980.958
Rate parameters:  A-C: 1.00000  A-G: 2.68313  A-T: 1.00000  C-G: 1.00000  C-T: 3.17281  G-T: 1.00000
Base frequencies:  A: 0.257  C: 0.190  G: 0.243  T: 0.310
Proportion of invariable sites: 0.071
Gamma shape alpha: 3.231
Parameters optimization took 6 rounds (0.163 sec)
BEST SCORE FOUND : -24980.958
Creating bootstrap support values...
Split supports printed to NEXUS file results/07_phylogeny/All/G6274.splits.nex
Total tree length: 2.815

Total number of iterations: 103
CPU time used for tree search: 110.011 sec (0h:1m:50s)
Wall-clock time used for tree search: 28.784 sec (0h:0m:28s)
Total CPU time used: 142.909 sec (0h:2m:22s)
Total wall-clock time used: 37.262 sec (0h:0m:37s)

Computing bootstrap consensus tree...
Reading input file results/07_phylogeny/All/G6274.splits.nex...
45 taxa and 324 splits.
Consensus tree written to results/07_phylogeny/All/G6274.contree
Reading input trees file results/07_phylogeny/All/G6274.contree
Log-likelihood of consensus tree: -24981.191

Analysis results written to: 
  IQ-TREE report:                results/07_phylogeny/All/G6274.iqtree
  Maximum-likelihood tree:       results/07_phylogeny/All/G6274.treefile
  Likelihood distances:          results/07_phylogeny/All/G6274.mldist

Ultrafast bootstrap approximation results written to:
  Split support values:          results/07_phylogeny/All/G6274.splits.nex
  Consensus tree:                results/07_phylogeny/All/G6274.contree
  Screen log file:               results/07_phylogeny/All/G6274.log

Date and Time: Wed May 27 21:30:08 2026
