IQ-TREE version 3.0.1 for Linux x86 64-bit built Jul  9 2025
Developed by Bui Quang Minh, Thomas Wong, Nhan Ly-Trong, Huaiyan Ren
Contributed by Lam-Tung Nguyen, Dominik Schrempf, Chris Bielow,
Olga Chernomor, Michael Woodhams, Diep Thi Hoang, Heiko Schmidt

Host:    c0700a-s19.ufhpc (AVX2, FMA3, 1007 GB RAM)
Command: iqtree -s results/06_alignment/All/trimmed/G6995.trimmed.aln --prefix results/07_phylogeny/All/G6995 -m TEST -B 1000 -nt 4 -redo
Seed:    816670 (Using SPRNG - Scalable Parallel Random Number Generator)
Time:    Wed May 27 21:18:07 2026
Kernel:  AVX+FMA - 4 threads (8 CPU cores detected)

Reading alignment file results/06_alignment/All/trimmed/G6995.trimmed.aln ... Fasta format detected
Reading fasta file: done in 0.000782074 secs using 9.718% CPU
Alignment most likely contains DNA/RNA sequences
Constructing alignment: done in 0.00169302 secs using 256.3% CPU
Alignment has 23 sequences with 2214 columns, 1158 distinct patterns
486 parsimony-informative, 765 singleton sites, 963 constant sites
                  Gap/Ambiguity  Composition  p-value
Analyzing sequences: done in 4.21288e-05 secs using 71.21% CPU
   1  S0050_G6995_R1_A    3.84%    passed     84.08%
   2  S0022_G6995_R1_A    1.04%    passed     94.82%
   3  S0016_G6995_R1_A    1.99%    passed     98.97%
   4  S0026_G6995_R1_A    2.98%    passed     94.46%
   5  S0030_G6995_R1_A    1.67%    passed     93.07%
   6  S0028_G6995_R1_A    2.12%    passed     94.90%
   7  S0036_G6995_R2_A    2.66%    passed     85.29%
   8  S0019_G6995_R1_A    3.25%    passed     93.59%
   9  S0002_G6995_R1_A    2.76%    passed     95.82%
  10  S0011_G6995_R1_A    1.85%    passed     70.30%
  11  S0036_G6995_R1_U    1.45%    passed     98.84%
  12  S0018_G6995_R1_A    1.22%    passed     99.01%
  13  S0013_G6995_R1_A    2.17%    passed     98.63%
  14  S0037_G6995_R1_A    1.58%    passed     77.12%
  15  S0017_G6995_R1_A    2.30%    passed     91.73%
  16  S0021_G6995_R1_A    3.88%    passed     98.29%
  17  S0020_G6995_R1_A    7.09%    passed     99.08%
  18  S0046_G6995_R1_A   12.87%    passed     90.34%
  19  S0048_G6995_R1_A    4.16%    passed     61.15%
  20  S0012_G6995_R1_A    5.51%    passed     99.75%
  21  S0004_G6995_R1_A    3.39%    passed     46.80%
  22  S0031_G6995_R1_A    3.84%    passed     24.87%
  23  S0005_G6995_R1_A    6.64%    passed     95.73%
****  TOTAL               3.49%  0 sequences failed composition chi2 test (p-value<5%; df=3)
Checking for duplicate sequences: done in 0.00014407 secs using 71.49% CPU


Create initial parsimony tree by phylogenetic likelihood library (PLL)... 0.003 seconds
Perform fast likelihood tree search using GTR+I+G model...
Estimate model parameters (epsilon = 5.000)
Perform nearest neighbor interchange...
Optimizing NNI: done in 0.046381 secs using 388.9% CPU
Estimate model parameters (epsilon = 1.000)
1. Initial log-likelihood: -14359.268
Optimal log-likelihood: -14358.860
Rate parameters:  A-C: 0.81106  A-G: 2.82598  A-T: 1.09010  C-G: 1.00565  C-T: 2.83294  G-T: 1.00000
Base frequencies:  A: 0.260  C: 0.209  G: 0.235  T: 0.296
Proportion of invariable sites: 0.195
Gamma shape alpha: 3.675
Parameters optimization took 1 rounds (0.020 sec)
Time for fast ML tree search: 0.145 seconds

NOTE: ModelFinder requires 7 MB RAM!
ModelFinder will test up to 176 DNA models (sample size: 2214 epsilon: 0.100) ...
 No. Model         -LnL         df  AIC          AICc         BIC
  1  JC            14810.114    43  29706.229    29707.973    29951.439
  2  JC+I          14710.152    44  29508.304    29510.130    29759.216
  3  JC+G4         14691.815    44  29471.629    29473.455    29722.542
  4  JC+I+G4       14693.469    45  29476.939    29478.848    29733.554
  7  JC+G4         14691.815    44  29471.629    29473.455    29722.542
 11  F81+G4        14691.815    44  29471.629    29473.455    29722.542
 15  F81+F+G4      14640.454    47  29374.907    29376.990    29642.927
 19  K2P+G4        14417.755    45  28925.510    28927.420    29182.125
 23  K2P+G4        14417.755    45  28925.510    28927.420    29182.125
 27  HKY+G4        14417.755    45  28925.510    28927.420    29182.125
 31  HKY+F+G4      14360.278    48  28816.556    28818.729    29090.279
 35  TNe+G4        14417.749    46  28927.497    28929.493    29189.815
 39  TNe+G4        14417.749    46  28927.497    28929.493    29189.815
 43  TN+G4         14417.749    46  28927.497    28929.493    29189.815
 47  TN+F+G4       14360.276    49  28818.552    28820.816    29097.977
 51  K3P+G4        14415.369    46  28922.739    28924.734    29185.056
 55  K3P+G4        14415.369    46  28922.739    28924.734    29185.056
 59  K3Pu+G4       14415.369    46  28922.739    28924.734    29185.056
 63  K3Pu+F+G4     14358.272    49  28814.544    28816.809    29093.970
 67  TPM2+G4       14417.651    46  28927.301    28929.297    29189.619
 71  TPM2+G4       14417.651    46  28927.301    28929.297    29189.619
 75  TPM2u+G4      14417.651    46  28927.301    28929.297    29189.619
 79  TPM2u+F+G4    14360.160    49  28818.320    28820.584    29097.745
 83  TPM3+G4       14403.968    46  28899.936    28901.931    29162.253
 87  TPM3+G4       14403.968    46  28899.936    28901.931    29162.253
 91  TPM3u+G4      14403.967    46  28899.934    28901.930    29162.252
 95  TPM3u+F+G4    14358.356    49  28814.712    28816.976    29094.137
 99  TIMe+G4       14415.362    47  28924.725    28926.808    29192.745
103  TIMe+G4       14415.362    47  28924.725    28926.808    29192.745
107  TIM+G4        14415.362    47  28924.725    28926.808    29192.745
111  TIM+F+G4      14358.271    50  28816.542    28818.900    29101.670
115  TIM2e+G4      14417.646    47  28929.292    28931.375    29197.312
119  TIM2e+G4      14417.646    47  28929.292    28931.375    29197.312
123  TIM2+G4       14417.646    47  28929.291    28931.374    29197.311
127  TIM2+F+G4     14360.157    50  28820.314    28822.672    29105.442
131  TIM3e+G4      14403.950    47  28901.899    28903.982    29169.919
135  TIM3e+G4      14403.950    47  28901.899    28903.982    29169.919
139  TIM3+G4       14403.949    47  28901.899    28903.982    29169.919
143  TIM3+F+G4     14358.355    50  28816.710    28819.068    29101.838
147  TVMe+G4       14401.702    48  28899.404    28901.576    29173.126
151  TVMe+G4       14401.702    48  28899.404    28901.576    29173.126
155  TVM+G4        14401.702    48  28899.404    28901.576    29173.126
159  TVM+F+G4      14356.085    51  28814.169    28816.622    29104.999
163  SYM+G4        14401.687    49  28901.374    28903.638    29180.799
167  SYM+G4        14401.687    49  28901.374    28903.638    29180.799
171  GTR+G4        14401.685    49  28901.371    28903.635    29180.796
175  GTR+F+G4      14356.084    52  28816.168    28818.719    29112.701
Akaike Information Criterion:           TVM+F+G4
Corrected Akaike Information Criterion: TVM+F+G4
Bayesian Information Criterion:         HKY+F+G4
Best-fit model: HKY+F+G4 chosen according to BIC

All model information printed to results/07_phylogeny/All/G6995.model.gz
CPU time for ModelFinder: 3.932 seconds (0h:0m:3s)
Wall-clock time for ModelFinder: 1.060 seconds (0h:0m:1s)
Generating 1000 samples for ultrafast bootstrap (seed: 816670)...

NOTE: 7 MB RAM (0 GB) is required!
Estimate model parameters (epsilon = 0.100)
1. Initial log-likelihood: -14360.308
Optimal log-likelihood: -14360.278
Rate parameters:  A-C: 1.00000  A-G: 2.87556  A-T: 1.00000  C-G: 1.00000  C-T: 2.87556  G-T: 1.00000
Base frequencies:  A: 0.260  C: 0.209  G: 0.235  T: 0.296
Gamma shape alpha: 1.380
Parameters optimization took 1 rounds (0.009 sec)
Wrote distance file to... 
Computing ML distances based on estimated model parameters...
Calculating distance matrix: done in 0.000924871 secs using 599% CPU
Computing ML distances took 0.001069 sec (of wall-clock time) 0.005690 sec (of CPU time)
Setting up auxiliary I and S matrices: done in 0.0405932 secs using 228.1% CPU
Constructing RapidNJ tree: done in 0.68587 secs using 228.7% CPU
Computing RapidNJ tree took 0.726608 sec (of wall-clock time) 1.661093 sec (of CPU time)
Log-likelihood of RapidNJ tree: -14554.455
--------------------------------------------------------------------
|             INITIALIZING CANDIDATE TREE SET                      |
--------------------------------------------------------------------
Generating 98 parsimony trees... 0.312 second
Computing log-likelihood of 98 initial trees ... 0.439 seconds
Current best score: -14360.059

Do NNI search on 20 best initial trees
Optimizing NNI: done in 0.02062 secs using 402.7% CPU
Estimate model parameters (epsilon = 0.100)
BETTER TREE FOUND at iteration 1: -14359.616
Optimizing NNI: done in 0.0366095 secs using 397.4% CPU
Optimizing NNI: done in 0.0270164 secs using 397.3% CPU
Optimizing NNI: done in 0.0384545 secs using 391.1% CPU
Optimizing NNI: done in 0.053027 secs using 391.1% CPU
Optimizing NNI: done in 0.0331884 secs using 392.3% CPU
Optimizing NNI: done in 0.0324402 secs using 393.1% CPU
Optimizing NNI: done in 0.0372505 secs using 395.1% CPU
Optimizing NNI: done in 0.0473453 secs using 398.7% CPU
Optimizing NNI: done in 0.0564883 secs using 397.7% CPU
Iteration 10 / LogL: -14360.416 / Time: 0h:0m:3s
Optimizing NNI: done in 0.0607099 secs using 388.6% CPU
Optimizing NNI: done in 0.0783328 secs using 398.3% CPU
Optimizing NNI: done in 0.0816063 secs using 390% CPU
Optimizing NNI: done in 0.0497917 secs using 396.8% CPU
Optimizing NNI: done in 0.0479547 secs using 393.4% CPU
Optimizing NNI: done in 0.0500277 secs using 395% CPU
Optimizing NNI: done in 0.0626883 secs using 395.6% CPU
Optimizing NNI: done in 0.0664856 secs using 392% CPU
Optimizing NNI: done in 0.0671407 secs using 388.9% CPU
Optimizing NNI: done in 0.0400526 secs using 396.6% CPU
Iteration 20 / LogL: -14359.657 / Time: 0h:0m:3s
Finish initializing candidate tree set (4)
Current best tree score: -14359.616 / CPU time: 1.777
Number of iterations: 20
--------------------------------------------------------------------
|               OPTIMIZING CANDIDATE TREE SET                      |
--------------------------------------------------------------------
Optimizing NNI: done in 0.0611503 secs using 390% CPU
Optimizing NNI: done in 0.0499241 secs using 393.7% CPU
Optimizing NNI: done in 0.0774158 secs using 396.6% CPU
Optimizing NNI: done in 0.0578449 secs using 394.6% CPU
Optimizing NNI: done in 0.0789907 secs using 392.1% CPU
Optimizing NNI: done in 0.05428 secs using 393% CPU
Optimizing NNI: done in 0.0568684 secs using 396% CPU
Optimizing NNI: done in 0.0673809 secs using 393.8% CPU
Optimizing NNI: done in 0.115254 secs using 393.7% CPU
Optimizing NNI: done in 0.0673218 secs using 397.3% CPU
Iteration 30 / LogL: -14359.622 / Time: 0h:0m:4s (0h:0m:8s left)
Optimizing NNI: done in 0.0870476 secs using 394.4% CPU
Optimizing NNI: done in 0.0884393 secs using 389.9% CPU
Optimizing NNI: done in 0.0833852 secs using 389.6% CPU
Optimizing NNI: done in 0.102698 secs using 395% CPU
Optimizing NNI: done in 0.0641094 secs using 394.9% CPU
Optimizing NNI: done in 0.0569597 secs using 395.5% CPU
Optimizing NNI: done in 0.0889456 secs using 391.8% CPU
Optimizing NNI: done in 0.0712036 secs using 389.3% CPU
Optimizing NNI: done in 0.0678129 secs using 387.8% CPU
Optimizing NNI: done in 0.0732121 secs using 389.6% CPU
Iteration 40 / LogL: -14359.672 / Time: 0h:0m:5s (0h:0m:6s left)
Optimizing NNI: done in 0.0749535 secs using 396% CPU
Optimizing NNI: done in 0.0489557 secs using 397.6% CPU
Optimizing NNI: done in 0.0773749 secs using 391.7% CPU
Optimizing NNI: done in 0.0614387 secs using 396.8% CPU
Optimizing NNI: done in 0.0875392 secs using 397.4% CPU
Optimizing NNI: done in 0.0803152 secs using 392.2% CPU
Optimizing NNI: done in 0.0624984 secs using 389.9% CPU
Optimizing NNI: done in 0.0474902 secs using 390% CPU
Optimizing NNI: done in 0.0633968 secs using 395.3% CPU
Optimizing NNI: done in 0.0576817 secs using 395.3% CPU
Iteration 50 / LogL: -14359.621 / Time: 0h:0m:5s (0h:0m:5s left)
Log-likelihood cutoff on original alignment: -14402.910
Optimizing NNI: done in 0.0765697 secs using 392.5% CPU
Optimizing NNI: done in 0.0623463 secs using 390.3% CPU
Optimizing NNI: done in 0.0651302 secs using 393.5% CPU
Optimizing NNI: done in 0.0649505 secs using 395.8% CPU
Optimizing NNI: done in 0.0546893 secs using 395.5% CPU
Optimizing NNI: done in 0.0689229 secs using 396.2% CPU
Optimizing NNI: done in 0.0567553 secs using 395.2% CPU
Optimizing NNI: done in 0.0717398 secs using 396.4% CPU
Optimizing NNI: done in 0.0576993 secs using 390.1% CPU
Optimizing NNI: done in 0.0795593 secs using 395% CPU
Iteration 60 / LogL: -14359.616 / Time: 0h:0m:6s (0h:0m:3s left)
Optimizing NNI: done in 0.0612407 secs using 394.3% CPU
Optimizing NNI: done in 0.0762998 secs using 388.1% CPU
Optimizing NNI: done in 0.0636559 secs using 398.3% CPU
Optimizing NNI: done in 0.0689496 secs using 392.9% CPU
Optimizing NNI: done in 0.0777756 secs using 394.1% CPU
Optimizing NNI: done in 0.0571286 secs using 392.8% CPU
Optimizing NNI: done in 0.0425603 secs using 390.6% CPU
Optimizing NNI: done in 0.0569506 secs using 393.6% CPU
Optimizing NNI: done in 0.0559005 secs using 397.5% CPU
Optimizing NNI: done in 0.0567665 secs using 387.7% CPU
Iteration 70 / LogL: -14359.630 / Time: 0h:0m:7s (0h:0m:2s left)
Optimizing NNI: done in 0.0478745 secs using 395.7% CPU
Optimizing NNI: done in 0.0495986 secs using 391.5% CPU
Optimizing NNI: done in 0.0881455 secs using 395.3% CPU
Optimizing NNI: done in 0.0777494 secs using 398.1% CPU
Optimizing NNI: done in 0.0583479 secs using 391.9% CPU
Optimizing NNI: done in 0.0541083 secs using 394.5% CPU
Optimizing NNI: done in 0.0967459 secs using 393.7% CPU
Optimizing NNI: done in 0.0496671 secs using 394.9% CPU
Optimizing NNI: done in 0.0883531 secs using 392.6% CPU
Optimizing NNI: done in 0.06628 secs using 395.7% CPU
Iteration 80 / LogL: -14359.636 / Time: 0h:0m:8s (0h:0m:1s left)
Optimizing NNI: done in 0.0509765 secs using 391.5% CPU
Optimizing NNI: done in 0.0658893 secs using 393.3% CPU
Optimizing NNI: done in 0.031076 secs using 386.6% CPU
Optimizing NNI: done in 0.0655422 secs using 391.8% CPU
Optimizing NNI: done in 0.0519582 secs using 391.9% CPU
Optimizing NNI: done in 0.0692873 secs using 397.2% CPU
Optimizing NNI: done in 0.0513365 secs using 395.3% CPU
Optimizing NNI: done in 0.0664304 secs using 395.1% CPU
Optimizing NNI: done in 0.0569002 secs using 395.9% CPU
Optimizing NNI: done in 0.0761633 secs using 391.2% CPU
Iteration 90 / LogL: -14369.995 / Time: 0h:0m:8s (0h:0m:0s left)
Optimizing NNI: done in 0.0845388 secs using 392.8% CPU
Optimizing NNI: done in 0.0752518 secs using 396.1% CPU
Optimizing NNI: done in 0.0514218 secs using 396.4% CPU
Optimizing NNI: done in 0.057733 secs using 394.9% CPU
Optimizing NNI: done in 0.0600718 secs using 389.8% CPU
Optimizing NNI: done in 0.0552694 secs using 387.5% CPU
Optimizing NNI: done in 0.0525362 secs using 393.9% CPU
Optimizing NNI: done in 0.0884787 secs using 394.5% CPU
Optimizing NNI: done in 0.0914504 secs using 393.4% CPU
Optimizing NNI: done in 0.0661834 secs using 393.5% CPU
Iteration 100 / LogL: -14359.623 / Time: 0h:0m:9s (0h:0m:0s left)
Log-likelihood cutoff on original alignment: -14403.245
NOTE: Bootstrap correlation coefficient of split occurrence frequencies: 0.999
Optimizing NNI: done in 0.0615767 secs using 389.3% CPU
Optimizing NNI: done in 0.0584299 secs using 389.8% CPU
TREE SEARCH COMPLETED AFTER 102 ITERATIONS / Time: 0h:0m:9s

--------------------------------------------------------------------
|                    FINALIZING TREE SEARCH                        |
--------------------------------------------------------------------
Performs final model parameters optimization
Estimate model parameters (epsilon = 0.010)
1. Initial log-likelihood: -14359.616
Optimal log-likelihood: -14359.616
Rate parameters:  A-C: 1.00000  A-G: 2.87608  A-T: 1.00000  C-G: 1.00000  C-T: 2.87608  G-T: 1.00000
Base frequencies:  A: 0.260  C: 0.209  G: 0.235  T: 0.296
Gamma shape alpha: 1.381
Parameters optimization took 1 rounds (0.008 sec)
BEST SCORE FOUND : -14359.616
Creating bootstrap support values...
Split supports printed to NEXUS file results/07_phylogeny/All/G6995.splits.nex
Total tree length: 1.152

Total number of iterations: 102
CPU time used for tree search: 29.003 sec (0h:0m:29s)
Wall-clock time used for tree search: 7.663 sec (0h:0m:7s)
Total CPU time used: 34.965 sec (0h:0m:34s)
Total wall-clock time used: 9.623 sec (0h:0m:9s)

Computing bootstrap consensus tree...
Reading input file results/07_phylogeny/All/G6995.splits.nex...
23 taxa and 117 splits.
Consensus tree written to results/07_phylogeny/All/G6995.contree
Reading input trees file results/07_phylogeny/All/G6995.contree
Log-likelihood of consensus tree: -14359.891

Analysis results written to: 
  IQ-TREE report:                results/07_phylogeny/All/G6995.iqtree
  Maximum-likelihood tree:       results/07_phylogeny/All/G6995.treefile
  Likelihood distances:          results/07_phylogeny/All/G6995.mldist

Ultrafast bootstrap approximation results written to:
  Split support values:          results/07_phylogeny/All/G6995.splits.nex
  Consensus tree:                results/07_phylogeny/All/G6995.contree
  Screen log file:               results/07_phylogeny/All/G6995.log

Date and Time: Wed May 27 21:18:17 2026
