IQ-TREE version 3.0.1 for Linux x86 64-bit built Jul  9 2025
Developed by Bui Quang Minh, Thomas Wong, Nhan Ly-Trong, Huaiyan Ren
Contributed by Lam-Tung Nguyen, Dominik Schrempf, Chris Bielow,
Olga Chernomor, Michael Woodhams, Diep Thi Hoang, Heiko Schmidt

Host:    c0700a-s19.ufhpc (AVX2, FMA3, 1007 GB RAM)
Command: iqtree -s results/06_alignment/All/trimmed/G7279.trimmed.aln --prefix results/07_phylogeny/All/G7279 -m TEST -B 1000 -nt 4 -redo
Seed:    148338 (Using SPRNG - Scalable Parallel Random Number Generator)
Time:    Wed May 27 21:24:15 2026
Kernel:  AVX+FMA - 4 threads (8 CPU cores detected)

Reading alignment file results/06_alignment/All/trimmed/G7279.trimmed.aln ... Fasta format detected
Reading fasta file: done in 0.000869658 secs using 70.83% CPU
Alignment most likely contains DNA/RNA sequences
Constructing alignment: done in 0.00170098 secs using 354.1% CPU
Alignment has 26 sequences with 2154 columns, 988 distinct patterns
509 parsimony-informative, 542 singleton sites, 1103 constant sites
                  Gap/Ambiguity  Composition  p-value
Analyzing sequences: done in 6.91791e-05 secs using 99.74% CPU
   1  S0021_G7279_R3_A   22.89%    passed     60.46%
   2  S0021_G7279_R4_U   22.79%    passed     77.78%
   3  S0019_G7279_R1_A    1.44%    passed     88.85%
   4  S0002_G7279_R1_A    0.84%    passed     99.73%
   5  S0020_G7279_R1_A    0.65%    passed     96.99%
   6  S0036_G7279_R1_U    0.70%    passed     96.10%
   7  S0011_G7279_R1_A    1.02%    passed     99.36%
   8  S0004_G7279_R1_A    0.28%    passed     91.79%
   9  S0013_G7279_R1_A    0.09%    passed     95.18%
  10  S0016_G7279_R1_A    0.32%    passed     91.97%
  11  S0018_G7279_R1_A    0.56%    passed     98.81%
  12  S0031_G7279_R1_A    0.37%    passed     94.75%
  13  S0030_G7279_R1_A    0.56%    passed     94.82%
  14  S0022_G7279_R1_A    0.56%    passed     96.87%
  15  S0050_G7279_R1_A    0.60%    passed     96.41%
  16  S0017_G7279_R1_A    1.25%    passed     99.40%
  17  S0046_G7279_R1_A    3.99%    passed     94.29%
  18  S0037_G7279_R1_A    2.04%    passed     81.37%
  19  S0021_G7279_R1_U    5.80%    passed     99.98%
  20  S0026_G7279_R1_A    6.31%    passed     96.21%
  21  S0021_G7279_R2_A    5.94%    passed     97.97%
  22  S0028_G7279_R1_A    6.41%    passed     92.70%
  23  S0012_G7279_R1_A    0.74%    passed     76.63%
  24  S0005_G7279_R1_A    6.73%    passed     98.74%
  25  S0005_G7279_R2_A   26.18%    passed      8.75%
  26  S0048_G7279_R1_A   30.36%    passed     56.40%
****  TOTAL               5.75%  0 sequences failed composition chi2 test (p-value<5%; df=3)
Checking for duplicate sequences: done in 0.000136565 secs using 99.59% CPU


Create initial parsimony tree by phylogenetic likelihood library (PLL)... 0.002 seconds
Perform fast likelihood tree search using GTR+I+G model...
Estimate model parameters (epsilon = 5.000)
Perform nearest neighbor interchange...
Optimizing NNI: done in 0.0377498 secs using 399.4% CPU
Estimate model parameters (epsilon = 1.000)
1. Initial log-likelihood: -12294.297
Optimal log-likelihood: -12294.170
Rate parameters:  A-C: 0.83074  A-G: 2.73259  A-T: 0.99452  C-G: 0.95007  C-T: 3.12372  G-T: 1.00000
Base frequencies:  A: 0.253  C: 0.192  G: 0.243  T: 0.312
Proportion of invariable sites: 0.235
Gamma shape alpha: 4.312
Parameters optimization took 1 rounds (0.017 sec)
Time for fast ML tree search: 0.156 seconds

NOTE: ModelFinder requires 7 MB RAM!
ModelFinder will test up to 176 DNA models (sample size: 2154 epsilon: 0.100) ...
 No. Model         -LnL         df  AIC          AICc         BIC
  1  JC            12678.379    49  25454.759    25457.088    25732.838
  2  JC+I          12604.684    50  25309.368    25311.793    25593.122
  3  JC+G4         12594.021    50  25288.043    25290.468    25571.797
  4  JC+I+G4       12595.591    51  25293.181    25295.705    25582.611
  7  JC+G4         12594.021    50  25288.043    25290.468    25571.797
 11  F81+G4        12594.021    50  25288.043    25290.468    25571.797
 15  F81+F+G4      12545.255    53  25196.510    25199.236    25497.290
 19  K2P+G4        12357.051    51  24816.102    24818.626    25105.532
 23  K2P+G4        12357.051    51  24816.102    24818.626    25105.532
 27  HKY+G4        12357.051    51  24816.102    24818.626    25105.532
 31  HKY+F+G4      12295.924    54  24699.848    24702.678    25006.302
 35  TNe+G4        12356.104    52  24816.209    24818.832    25111.313
 39  TNe+G4        12356.104    52  24816.209    24818.832    25111.313
 43  TN+G4         12356.104    52  24816.209    24818.832    25111.313
 47  TN+F+G4       12293.949    55  24697.899    24700.835    25010.028
 51  K3P+G4        12356.783    52  24817.566    24820.190    25112.670
 55  K3P+G4        12356.783    52  24817.566    24820.190    25112.670
 59  K3Pu+G4       12356.783    52  24817.566    24820.190    25112.670
 63  K3Pu+F+G4     12295.704    55  24701.407    24704.343    25013.537
 67  TPM2+G4       12357.047    52  24818.093    24820.717    25113.197
 71  TPM2+G4       12357.047    52  24818.093    24820.717    25113.197
 75  TPM2u+G4      12357.045    52  24818.089    24820.713    25113.194
 79  TPM2u+F+G4    12295.820    55  24701.640    24704.576    25013.769
 83  TPM3+G4       12343.278    52  24790.555    24793.179    25085.659
 87  TPM3+G4       12343.278    52  24790.555    24793.179    25085.659
 91  TPM3u+G4      12343.277    52  24790.555    24793.178    25085.659
 95  TPM3u+F+G4    12294.933    55  24699.865    24702.802    25011.995
 99  TIMe+G4       12355.837    53  24817.674    24820.400    25118.454
103  TIMe+G4       12355.837    53  24817.674    24820.400    25118.454
107  TIM+G4        12355.837    53  24817.674    24820.400    25118.454
111  TIM+F+G4      12293.731    56  24699.462    24702.506    25017.267
115  TIM2e+G4      12356.097    53  24818.193    24820.919    25118.973
119  TIM2e+G4      12356.097    53  24818.193    24820.919    25118.973
123  TIM2+G4       12356.097    53  24818.193    24820.919    25118.972
127  TIM2+F+G4     12293.848    56  24699.697    24702.741    25017.501
131  TIM3e+G4      12342.174    53  24790.348    24793.073    25091.127
135  TIM3e+G4      12342.174    53  24790.348    24793.073    25091.127
139  TIM3+G4       12342.174    53  24790.348    24793.073    25091.127
143  TIM3+F+G4     12293.004    56  24698.009    24701.053    25015.813
147  TVMe+G4       12342.949    54  24793.898    24796.728    25100.352
151  TVMe+G4       12342.949    54  24793.898    24796.728    25100.352
155  TVM+G4        12342.949    54  24793.897    24796.727    25100.352
159  TVM+F+G4      12294.501    57  24703.002    24706.156    25026.481
163  SYM+G4        12341.848    55  24793.695    24796.631    25105.825
167  SYM+G4        12341.848    55  24793.695    24796.631    25105.825
171  GTR+G4        12341.847    55  24793.693    24796.629    25105.823
175  GTR+F+G4      12292.576    58  24701.151    24704.418    25030.306
Akaike Information Criterion:           TN+F+G4
Corrected Akaike Information Criterion: TN+F+G4
Bayesian Information Criterion:         HKY+F+G4
Best-fit model: HKY+F+G4 chosen according to BIC

All model information printed to results/07_phylogeny/All/G7279.model.gz
CPU time for ModelFinder: 4.037 seconds (0h:0m:4s)
Wall-clock time for ModelFinder: 1.024 seconds (0h:0m:1s)
Generating 1000 samples for ultrafast bootstrap (seed: 148338)...

NOTE: 7 MB RAM (0 GB) is required!
Estimate model parameters (epsilon = 0.100)
1. Initial log-likelihood: -12295.981
Optimal log-likelihood: -12295.924
Rate parameters:  A-C: 1.00000  A-G: 3.05939  A-T: 1.00000  C-G: 1.00000  C-T: 3.05939  G-T: 1.00000
Base frequencies:  A: 0.253  C: 0.192  G: 0.243  T: 0.312
Gamma shape alpha: 1.293
Parameters optimization took 1 rounds (0.012 sec)
Wrote distance file to... 
Computing ML distances based on estimated model parameters...
Calculating distance matrix: done in 0.000846053 secs using 640.4% CPU
Computing ML distances took 0.000971 sec (of wall-clock time) 0.005547 sec (of CPU time)
Setting up auxiliary I and S matrices: done in 0.0359742 secs using 293.2% CPU
Constructing RapidNJ tree: done in 0.918524 secs using 258.4% CPU
Computing RapidNJ tree took 0.954744 sec (of wall-clock time) 2.479787 sec (of CPU time)
Log-likelihood of RapidNJ tree: -12378.489
--------------------------------------------------------------------
|             INITIALIZING CANDIDATE TREE SET                      |
--------------------------------------------------------------------
Generating 98 parsimony trees... 0.278 second
Computing log-likelihood of 98 initial trees ... 0.496 seconds
Current best score: -12295.924

Do NNI search on 20 best initial trees
Optimizing NNI: done in 0.0217449 secs using 396.2% CPU
Estimate model parameters (epsilon = 0.100)
BETTER TREE FOUND at iteration 1: -12295.924
Optimizing NNI: done in 0.046156 secs using 394.1% CPU
Optimizing NNI: done in 0.0490014 secs using 395.3% CPU
Optimizing NNI: done in 0.0508104 secs using 394.5% CPU
Optimizing NNI: done in 0.0540994 secs using 396.9% CPU
Optimizing NNI: done in 0.05299 secs using 397.1% CPU
Optimizing NNI: done in 0.0541787 secs using 392.7% CPU
Optimizing NNI: done in 0.0548454 secs using 396.6% CPU
Optimizing NNI: done in 0.0616029 secs using 396.1% CPU
Optimizing NNI: done in 0.0553881 secs using 393.7% CPU
Iteration 10 / LogL: -12297.923 / Time: 0h:0m:3s
Optimizing NNI: done in 0.0523372 secs using 387.9% CPU
Optimizing NNI: done in 0.0566741 secs using 390.6% CPU
Optimizing NNI: done in 0.0570666 secs using 395.3% CPU
Optimizing NNI: done in 0.0612379 secs using 394.7% CPU
Optimizing NNI: done in 0.0601113 secs using 396.8% CPU
Optimizing NNI: done in 0.0553993 secs using 398.8% CPU
Optimizing NNI: done in 0.0582712 secs using 384.4% CPU
Optimizing NNI: done in 0.0554817 secs using 394.7% CPU
Optimizing NNI: done in 0.0589682 secs using 394.2% CPU
Optimizing NNI: done in 0.0572648 secs using 396.2% CPU
Iteration 20 / LogL: -12295.924 / Time: 0h:0m:3s
Finish initializing candidate tree set (2)
Current best tree score: -12295.924 / CPU time: 1.882
Number of iterations: 20
--------------------------------------------------------------------
|               OPTIMIZING CANDIDATE TREE SET                      |
--------------------------------------------------------------------
Optimizing NNI: done in 0.0895123 secs using 394.6% CPU
Optimizing NNI: done in 0.0750213 secs using 392.1% CPU
Optimizing NNI: done in 0.0584059 secs using 391.9% CPU
Optimizing NNI: done in 0.0602133 secs using 391.3% CPU
Optimizing NNI: done in 0.0761986 secs using 395.4% CPU
Optimizing NNI: done in 0.0951777 secs using 391.6% CPU
Optimizing NNI: done in 0.077658 secs using 393.7% CPU
Optimizing NNI: done in 0.0685365 secs using 397.9% CPU
Optimizing NNI: done in 0.0881128 secs using 396% CPU
Optimizing NNI: done in 0.0625726 secs using 391.6% CPU
Iteration 30 / LogL: -12297.925 / Time: 0h:0m:4s (0h:0m:9s left)
Optimizing NNI: done in 0.0653612 secs using 394.4% CPU
Optimizing NNI: done in 0.109832 secs using 394.4% CPU
Optimizing NNI: done in 0.086203 secs using 396.9% CPU
Optimizing NNI: done in 0.0845846 secs using 390.6% CPU
Optimizing NNI: done in 0.111162 secs using 395.2% CPU
Optimizing NNI: done in 0.0587596 secs using 396.8% CPU
Optimizing NNI: done in 0.0881734 secs using 392.4% CPU
Optimizing NNI: done in 0.0731435 secs using 392.8% CPU
Optimizing NNI: done in 0.0973052 secs using 392.5% CPU
Optimizing NNI: done in 0.0579118 secs using 391% CPU
Iteration 40 / LogL: -12297.973 / Time: 0h:0m:5s (0h:0m:7s left)
Optimizing NNI: done in 0.0784581 secs using 390.4% CPU
Optimizing NNI: done in 0.0735703 secs using 395% CPU
Optimizing NNI: done in 0.093987 secs using 394.4% CPU
Optimizing NNI: done in 0.0712362 secs using 394.9% CPU
Optimizing NNI: done in 0.0561308 secs using 394.9% CPU
Optimizing NNI: done in 0.10518 secs using 392.3% CPU
Optimizing NNI: done in 0.0624672 secs using 398.2% CPU
Optimizing NNI: done in 0.0777073 secs using 394.5% CPU
Optimizing NNI: done in 0.093023 secs using 393.2% CPU
Optimizing NNI: done in 0.0555449 secs using 400.3% CPU
Iteration 50 / LogL: -12343.791 / Time: 0h:0m:6s (0h:0m:5s left)
Log-likelihood cutoff on original alignment: -12327.412
Optimizing NNI: done in 0.082428 secs using 390.6% CPU
Optimizing NNI: done in 0.0611726 secs using 399.8% CPU
Optimizing NNI: done in 0.0939663 secs using 394.5% CPU
Optimizing NNI: done in 0.107079 secs using 392.9% CPU
Optimizing NNI: done in 0.0926772 secs using 395.3% CPU
Optimizing NNI: done in 0.0830356 secs using 393.8% CPU
Optimizing NNI: done in 0.0553303 secs using 388.3% CPU
Optimizing NNI: done in 0.0728003 secs using 391.3% CPU
Optimizing NNI: done in 0.0929102 secs using 393.5% CPU
Optimizing NNI: done in 0.091904 secs using 389% CPU
Iteration 60 / LogL: -12295.928 / Time: 0h:0m:7s (0h:0m:4s left)
Optimizing NNI: done in 0.0669297 secs using 396.4% CPU
Optimizing NNI: done in 0.116952 secs using 395.1% CPU
Optimizing NNI: done in 0.110692 secs using 393% CPU
Optimizing NNI: done in 0.0887148 secs using 396.1% CPU
Optimizing NNI: done in 0.0868322 secs using 394.8% CPU
Optimizing NNI: done in 0.0857965 secs using 393.4% CPU
Optimizing NNI: done in 0.0705413 secs using 398.1% CPU
Optimizing NNI: done in 0.0710884 secs using 394.3% CPU
Optimizing NNI: done in 0.0811098 secs using 394.7% CPU
Optimizing NNI: done in 0.0903481 secs using 397.4% CPU
Iteration 70 / LogL: -12295.929 / Time: 0h:0m:8s (0h:0m:3s left)
Optimizing NNI: done in 0.0876509 secs using 396.4% CPU
Optimizing NNI: done in 0.116542 secs using 394.4% CPU
Optimizing NNI: done in 0.0658406 secs using 395.2% CPU
Optimizing NNI: done in 0.0539416 secs using 390.5% CPU
Optimizing NNI: done in 0.0657017 secs using 395.7% CPU
Optimizing NNI: done in 0.0968891 secs using 393.8% CPU
Optimizing NNI: done in 0.074455 secs using 395.8% CPU
Optimizing NNI: done in 0.09331 secs using 396.8% CPU
Optimizing NNI: done in 0.0640556 secs using 395.6% CPU
Optimizing NNI: done in 0.104472 secs using 397.9% CPU
Iteration 80 / LogL: -12297.923 / Time: 0h:0m:9s (0h:0m:2s left)
Optimizing NNI: done in 0.0893155 secs using 394.6% CPU
Optimizing NNI: done in 0.0711958 secs using 398.9% CPU
Optimizing NNI: done in 0.0575614 secs using 398.7% CPU
Optimizing NNI: done in 0.0740195 secs using 392.8% CPU
Optimizing NNI: done in 0.0761671 secs using 396.4% CPU
Optimizing NNI: done in 0.0660032 secs using 394.4% CPU
Optimizing NNI: done in 0.1016 secs using 396.5% CPU
Optimizing NNI: done in 0.0793151 secs using 393.8% CPU
Optimizing NNI: done in 0.0825575 secs using 395.6% CPU
Optimizing NNI: done in 0.0717786 secs using 387.2% CPU
Iteration 90 / LogL: -12295.925 / Time: 0h:0m:9s (0h:0m:1s left)
Optimizing NNI: done in 0.084415 secs using 388% CPU
Optimizing NNI: done in 0.0896742 secs using 392.1% CPU
Optimizing NNI: done in 0.0788441 secs using 389.5% CPU
Optimizing NNI: done in 0.107879 secs using 395.2% CPU
Optimizing NNI: done in 0.085821 secs using 398.3% CPU
Optimizing NNI: done in 0.0853346 secs using 392.9% CPU
Optimizing NNI: done in 0.102302 secs using 395.7% CPU
Optimizing NNI: done in 0.0827885 secs using 396.1% CPU
Optimizing NNI: done in 0.0911451 secs using 392.8% CPU
Optimizing NNI: done in 0.0778444 secs using 391.4% CPU
Iteration 100 / LogL: -12297.923 / Time: 0h:0m:10s (0h:0m:0s left)
Log-likelihood cutoff on original alignment: -12327.412
NOTE: Bootstrap correlation coefficient of split occurrence frequencies: 0.998
Optimizing NNI: done in 0.0797991 secs using 398.1% CPU
Optimizing NNI: done in 0.0852412 secs using 394.3% CPU
TREE SEARCH COMPLETED AFTER 102 ITERATIONS / Time: 0h:0m:11s

--------------------------------------------------------------------
|                    FINALIZING TREE SEARCH                        |
--------------------------------------------------------------------
Performs final model parameters optimization
Estimate model parameters (epsilon = 0.010)
1. Initial log-likelihood: -12295.924
Optimal log-likelihood: -12295.924
Rate parameters:  A-C: 1.00000  A-G: 3.06226  A-T: 1.00000  C-G: 1.00000  C-T: 3.06226  G-T: 1.00000
Base frequencies:  A: 0.253  C: 0.192  G: 0.243  T: 0.312
Gamma shape alpha: 1.293
Parameters optimization took 1 rounds (0.014 sec)
BEST SCORE FOUND : -12295.924
Creating bootstrap support values...
Split supports printed to NEXUS file results/07_phylogeny/All/G7279.splits.nex
Total tree length: 0.897

Total number of iterations: 102
CPU time used for tree search: 34.390 sec (0h:0m:34s)
Wall-clock time used for tree search: 9.011 sec (0h:0m:9s)
Total CPU time used: 41.380 sec (0h:0m:41s)
Total wall-clock time used: 11.189 sec (0h:0m:11s)

Computing bootstrap consensus tree...
Reading input file results/07_phylogeny/All/G7279.splits.nex...
26 taxa and 124 splits.
Consensus tree written to results/07_phylogeny/All/G7279.contree
Reading input trees file results/07_phylogeny/All/G7279.contree
Log-likelihood of consensus tree: -12295.924

Analysis results written to: 
  IQ-TREE report:                results/07_phylogeny/All/G7279.iqtree
  Maximum-likelihood tree:       results/07_phylogeny/All/G7279.treefile
  Likelihood distances:          results/07_phylogeny/All/G7279.mldist

Ultrafast bootstrap approximation results written to:
  Split support values:          results/07_phylogeny/All/G7279.splits.nex
  Consensus tree:                results/07_phylogeny/All/G7279.contree
  Screen log file:               results/07_phylogeny/All/G7279.log

Date and Time: Wed May 27 21:24:26 2026
